=== FitHiC Pipeline Started ===
Resolution: 5000
Output Directory: /share/org/YZWL/yzwl_lixg/project/22.Est1_hic/03.hic/fithic2/result_5kb
Step 1: Creating chromosome lengths file...
Chromosome lengths file created at: /share/org/YZWL/yzwl_lixg/project/22.Est1_hic/03.hic/fithic2/result_5kb/chr_lengths.txt
Step 2: Creating fragments file...
ChrSizeFile: /share/org/YZWL/yzwl_lixg/project/22.Est1_hic/03.hic/fithic2/result_5kb/chr_lengths.txt
OutFile: /share/org/YZWL/yzwl_lixg/project/22.Est1_hic/03.hic/fithic2/result_5kb/fragments.txt
BinSize: 5000
Fragments file created: /share/org/YZWL/yzwl_lixg/project/22.Est1_hic/03.hic/fithic2/result_5kb/fragments.txt.gz
Step 3: Extracting contacts from .hic file...
  Extracting Chr1 - Chr1...
WARNING: sun.reflect.Reflection.getCallerClass is not supported. This will impact performance.
WARN [2025-12-02T08:52:43,215]  [Globals.java:138] [main]  Development mode is enabled
  Extracting Chr1 - Chr2...
WARNING: sun.reflect.Reflection.getCallerClass is not supported. This will impact performance.
WARN [2025-12-02T08:52:50,702]  [Globals.java:138] [main]  Development mode is enabled
  Extracting Chr1 - Chr3...
WARNING: sun.reflect.Reflection.getCallerClass is not supported. This will impact performance.
WARN [2025-12-02T08:52:55,114]  [Globals.java:138] [main]  Development mode is enabled
  Extracting Chr1 - Chr4...
WARNING: sun.reflect.Reflection.getCallerClass is not supported. This will impact performance.
WARN [2025-12-02T08:53:00,534]  [Globals.java:138] [main]  Development mode is enabled
  Extracting Chr1 - Chr5...
WARNING: sun.reflect.Reflection.getCallerClass is not supported. This will impact performance.
WARN [2025-12-02T08:53:04,701]  [Globals.java:138] [main]  Development mode is enabled
  Extracting Chr2 - Chr2...
WARNING: sun.reflect.Reflection.getCallerClass is not supported. This will impact performance.
WARN [2025-12-02T08:53:10,830]  [Globals.java:138] [main]  Development mode is enabled
  Extracting Chr2 - Chr3...
WARNING: sun.reflect.Reflection.getCallerClass is not supported. This will impact performance.
WARN [2025-12-02T08:53:14,567]  [Globals.java:138] [main]  Development mode is enabled
  Extracting Chr2 - Chr4...
WARNING: sun.reflect.Reflection.getCallerClass is not supported. This will impact performance.
WARN [2025-12-02T08:53:18,170]  [Globals.java:138] [main]  Development mode is enabled
  Extracting Chr2 - Chr5...
WARNING: sun.reflect.Reflection.getCallerClass is not supported. This will impact performance.
WARN [2025-12-02T08:53:21,188]  [Globals.java:138] [main]  Development mode is enabled
  Extracting Chr3 - Chr3...
WARNING: sun.reflect.Reflection.getCallerClass is not supported. This will impact performance.
WARN [2025-12-02T08:53:25,207]  [Globals.java:138] [main]  Development mode is enabled
  Extracting Chr3 - Chr4...
WARNING: sun.reflect.Reflection.getCallerClass is not supported. This will impact performance.
WARN [2025-12-02T08:53:30,104]  [Globals.java:138] [main]  Development mode is enabled
  Extracting Chr3 - Chr5...
WARNING: sun.reflect.Reflection.getCallerClass is not supported. This will impact performance.
WARN [2025-12-02T08:53:33,736]  [Globals.java:138] [main]  Development mode is enabled
  Extracting Chr4 - Chr4...
WARNING: sun.reflect.Reflection.getCallerClass is not supported. This will impact performance.
WARN [2025-12-02T08:53:38,638]  [Globals.java:138] [main]  Development mode is enabled
  Extracting Chr4 - Chr5...
WARNING: sun.reflect.Reflection.getCallerClass is not supported. This will impact performance.
WARN [2025-12-02T08:53:42,193]  [Globals.java:138] [main]  Development mode is enabled
  Extracting Chr5 - Chr5...
WARNING: sun.reflect.Reflection.getCallerClass is not supported. This will impact performance.
WARN [2025-12-02T08:53:46,054]  [Globals.java:138] [main]  Development mode is enabled
Contacts file created: /share/org/YZWL/yzwl_lixg/project/22.Est1_hic/03.hic/fithic2/result_5kb/contacts/all_contacts.txt.gz
Step 4: Running FitHiC...


GIVEN FIT-HI-C ARGUMENTS
=========================
Reading fragments file from: /share/org/YZWL/yzwl_lixg/project/22.Est1_hic/03.hic/fithic2/result_5kb/fragments.txt.gz
Reading interactions file from: /share/org/YZWL/yzwl_lixg/project/22.Est1_hic/03.hic/fithic2/result_5kb/contacts/all_contacts.txt.gz
Output path being used from /share/org/YZWL/yzwl_lixg/project/22.Est1_hic/03.hic/fithic2/result_5kb
Fixed size option detected... Fast version of FitHiC will be used
Resolution is 5.0 kb
No bias file
The number of spline passes is 2
The number of bins is 100
The number of reads required to consider an interaction is 1
The name of the library for outputted files will be inter_30_5000bp
Upper Distance threshold is 3000000
Lower Distance threshold is 2000
Graphs will be outputted
Only intra-chromosomal regions will be analyzed
Lower bound of bias values is 0.5
Upper bound of bias values is 2
All arguments processed. Running FitHiC now...
=========================


Reading the contact counts file to generate bins...
Interactions file read. Time took 95.92487382888794
FitHiC analysis completed!
Step 5: Filtering significant interactions...
Warning: FitHiC output file not found!
Step 6: Creating UCSC visualization file...
Step 7: Cleaning up temporary files...
=== FitHiC Pipeline Completed Successfully ===
Results are in: /share/org/YZWL/yzwl_lixg/project/22.Est1_hic/03.hic/fithic2/result_5kb
