Writing to ./MY0Xyq
Merging 4 temporary files
Done
Cleaning
Writing to ./etLqi0
Merging 4 temporary files
Done
Cleaning
Writing to ./sP9uuw
Merging 4 temporary files
Done
Cleaning
Writing to ./1aB8xi
Merging 4 temporary files
Done
Cleaning
Writing to ./u3JZMv
Merging 4 temporary files
Done
Cleaning
Writing to ./dVXAkV
Merging 4 temporary files
Done
Cleaning
Writing to ./jGIhst
Merging 4 temporary files
Done
Cleaning
Writing to ./jW4XwJ
Merging 4 temporary files
Done
Cleaning
Writing to ./eZnJXA
Merging 4 temporary files
Done
Cleaning
Writing to ./xnphiB
Merging 4 temporary files
Done
Cleaning
Writing to ./gAtbbp
Merging 4 temporary files
Done
Cleaning
Writing to ./uWuxO0
Merging 4 temporary files
Done
Cleaning
Writing to ./zZSOmk
Merging 4 temporary files
Done
Cleaning
Writing to ./KH5HeA
Merging 4 temporary files
Done
Cleaning
Writing to ./TUN6OX
Merging 4 temporary files
Done
Cleaning
Writing to ./xYpsIX
Merging 4 temporary files
Done
Cleaning
Writing to ./lYN3qE
Merging 4 temporary files
Done
Cleaning
Writing to ./2HwiGB
Merging 4 temporary files
Done
Cleaning
Writing to ./mGmFuN
Merging 4 temporary files
Done
Cleaning
Writing to ./5UmXaJ
Merging 4 temporary files
Done
Cleaning
Writing to ./WYmZPj
Merging 4 temporary files
Done
Cleaning
Writing to ./Sg5m2F
Merging 4 temporary files
Done
Cleaning
Writing to ./jpkars
Merging 4 temporary files
Done
Cleaning
Writing to ./K8N6XH
Merging 4 temporary files
Done
Cleaning
Writing to ./w9pINS
Merging 4 temporary files
Done
Cleaning
Writing to ./LDDXvT
Merging 4 temporary files
Done
Cleaning
Writing to ./qDuMum
Merging 4 temporary files
Done
Cleaning
Writing to ./1Hgf28
Merging 4 temporary files
Done
Cleaning
Writing to ./BG3J9h
Merging 4 temporary files
Done
Cleaning
Writing to ./pXym7z
Merging 4 temporary files
Done
Cleaning
Writing to ./E6OAro
Merging 4 temporary files
Done
Cleaning
Writing to ./rhMxF1
Merging 4 temporary files
Done
Cleaning
Writing to ./iriOV6
Merging 4 temporary files
Done
Cleaning
Writing to ./iLN0CJ
Merging 4 temporary files
Done
Cleaning
Writing to ./QB6m3a
Merging 4 temporary files
Done
Cleaning
Writing to ./gldFlz
Merging 4 temporary files
Done
Cleaning
Writing to ./tvQlM7
Merging 4 temporary files
Done
Cleaning
Writing to ./DQp7sq
Merging 4 temporary files
Done
Cleaning
Writing to ./CscKAa
Merging 4 temporary files
Done
Cleaning
Writing to ./O4AxG3
Merging 4 temporary files
Done
Cleaning
Writing to ./yJbhJO
Merging 4 temporary files
Done
Cleaning
Writing to ./bS5ZmR
Merging 4 temporary files
Done
Cleaning
Writing to ./92qNxA
Merging 4 temporary files
Done
Cleaning
Writing to ./QsoOh8
Merging 4 temporary files
Done
Cleaning
Writing to ./ljCX1l
Merging 4 temporary files
Done
Cleaning
Writing to ./0cwoGX
Merging 4 temporary files
Done
Cleaning
Writing to ./TJQYlO
Merging 4 temporary files
Done
Cleaning
Writing to ./ENvIhc
Merging 4 temporary files
Done
Cleaning
Writing to ./y6ku9w
Merging 4 temporary files
Done
Cleaning
Writing to ./TD6EL1
Merging 4 temporary files
Done
Cleaning
Writing to ./XDiqhh
Merging 4 temporary files
Done
Cleaning
Writing to ./uQQXsC
Merging 4 temporary files
Done
Cleaning
Writing to ./bak3iD
Merging 4 temporary files
Done
Cleaning
Writing to ./x5Dl8X
Merging 4 temporary files
Done
Cleaning
Writing to ./qcsm7j
Merging 4 temporary files
Done
Cleaning
Writing to ./2VJxPj
Merging 4 temporary files
Done
Cleaning
Writing to ./Ovu7Gz
Merging 4 temporary files
Done
Cleaning
Writing to ./pWZlRP
Merging 4 temporary files
Done
Cleaning
Writing to ./l4cvE6
Merging 4 temporary files
Done
Cleaning
Writing to ./ukuH3Q
Merging 4 temporary files
Done
Cleaning
Writing to ./aMYpxy
Merging 4 temporary files
Done
Cleaning
Writing to ./SSJep8
Merging 4 temporary files
Done
Cleaning
Writing to ./RuObfq
Merging 4 temporary files
Done
Cleaning
Writing to ./Ox2t5a
Merging 4 temporary files
Done
Cleaning
Writing to ./O1zTUI
Merging 4 temporary files
Done
Cleaning
Writing to ./omPi10
Merging 4 temporary files
Done
Cleaning
Writing to ./hJ8vMR
Merging 4 temporary files
Done
Cleaning
Writing to ./VApkhJ
Merging 4 temporary files
Done
Cleaning
Writing to ./7djeTv
Merging 4 temporary files
Done
Cleaning
Writing to ./6RMwdM
Merging 4 temporary files
Done
Cleaning
Writing to ./6hNXTP
Merging 4 temporary files
Done
Cleaning
Writing to ./6DqxeO
Merging 4 temporary files
Done
Cleaning
Writing to ./z6iOJK
Merging 4 temporary files
Done
Cleaning
Writing to ./QyqI8c
Merging 4 temporary files
Done
Cleaning
Writing to ./LSa1KC
Merging 4 temporary files
Done
Cleaning
Writing to ./PkxMTX
Merging 4 temporary files
Done
Cleaning
Writing to ./f2R0Yy
Merging 4 temporary files
Done
Cleaning
Writing to ./ZkBfSa
Merging 4 temporary files
Done
Cleaning
Writing to ./u674J3
Merging 4 temporary files
Done
Cleaning
Writing to ./fC9lzO
Merging 4 temporary files
Done
Cleaning
Writing to ./ZOUeTo
Merging 4 temporary files
Done
Cleaning
Writing to ./Fc3pUP
Merging 4 temporary files
Done
Cleaning
Writing to ./NuTmsG
Merging 4 temporary files
Done
Cleaning
Writing to ./v8Gkwz
Merging 4 temporary files
Done
Cleaning
Writing to ./O2Zfya
Merging 4 temporary files
Done
Cleaning
Writing to ./7BkY8S
Merging 4 temporary files
Done
Cleaning
Writing to ./MOlaAt
Merging 4 temporary files
Done
Cleaning
Writing to ./Z6Pfu9
Merging 4 temporary files
Done
Cleaning
Writing to ./kcpvaZ
Merging 4 temporary files
Done
Cleaning
Writing to ./Svutnv
Merging 4 temporary files
Done
Cleaning
Writing to ./dJ9DXR
Merging 4 temporary files
Done
Cleaning
Writing to ./5CvNJC
Merging 4 temporary files
Done
Cleaning
Writing to ./cpcSFr
Merging 4 temporary files
Done
Cleaning
Writing to ./ecEFgx
Merging 4 temporary files
Done
Cleaning
Writing to ./s5NkEZ
Merging 4 temporary files
Done
Cleaning
Writing to ./8i94he
Merging 4 temporary files
Done
Cleaning
Writing to ./bhiRjF
Merging 4 temporary files
Done
Cleaning
Writing to ./xm9SSc
Merging 4 temporary files
Done
Cleaning
Writing to ./AnXoiV
Merging 4 temporary files
Done
Cleaning
Writing to ./DgdcrY
Merging 4 temporary files
Done
Cleaning
Writing to ./kj5zDF
Merging 4 temporary files
Done
Cleaning
Writing to ./Eca4vQ
Merging 4 temporary files
Done
Cleaning
Writing to ./EP7Okm
Merging 4 temporary files
Done
Cleaning
Writing to ./R0kcb7
Merging 4 temporary files
Done
Cleaning
Writing to ./VH2mTH
Merging 4 temporary files
Done
Cleaning
Writing to ./xStu0y
Merging 4 temporary files
Done
Cleaning
Writing to ./X321vE
Merging 4 temporary files
Done
Cleaning
Writing to ./vWbeUZ
Merging 4 temporary files
Done
Cleaning
Writing to ./lhVKz0
Merging 4 temporary files
Done
Cleaning
Writing to ./hW7IKf
Merging 4 temporary files
Done
Cleaning
Writing to ./lMBdEx
Merging 4 temporary files
Done
Cleaning
Writing to ./KMTxwr
Merging 4 temporary files
Done
Cleaning
Writing to ./9ulaRv
Merging 4 temporary files
Done
Cleaning
Writing to ./muv8Za
Merging 4 temporary files
Done
Cleaning
Writing to ./0ZpdOs
Merging 4 temporary files
Done
Cleaning
Writing to ./d6abfX
Merging 4 temporary files
Done
Cleaning
Writing to ./LwZwBZ
Merging 4 temporary files
Done
Cleaning
Writing to ./JQb5VI
Merging 4 temporary files
Done
Cleaning
Writing to ./uz0854
Merging 4 temporary files
Done
Cleaning
Writing to ./0dKzZ0
Merging 4 temporary files
Done
Cleaning
Writing to ./4cIt6h
Merging 4 temporary files
Done
Cleaning
Writing to ./uUbCzF
Merging 4 temporary files
Done
Cleaning
Writing to ./xSk68p
Merging 4 temporary files
Done
Cleaning
Writing to ./WXtBMf
Merging 4 temporary files
Done
Cleaning
Writing to ./RrIRrI
Merging 4 temporary files
Done
Cleaning
Writing to ./HbwkL2
Merging 4 temporary files
Done
Cleaning
Writing to ./tkZk1h
Merging 4 temporary files
Done
Cleaning
Writing to ./BuOJXa
Merging 4 temporary files
Done
Cleaning
Writing to ./m0FAEl
Merging 4 temporary files
Done
Cleaning
Writing to ./EIUsKn
Merging 4 temporary files
Done
Cleaning
Writing to ./RDHNeA
Merging 4 temporary files
Done
Cleaning
Writing to ./3n7cuX
Merging 4 temporary files
Done
Cleaning
Writing to ./lMtpVm
Merging 4 temporary files
Done
Cleaning
Writing to ./oi9y38
Merging 4 temporary files
Done
Cleaning
Writing to ./wnQZc1
Merging 4 temporary files
Done
Cleaning
Writing to ./IzKf9b
Merging 4 temporary files
Done
Cleaning
Writing to ./F07ZZh
Merging 4 temporary files
Done
Cleaning
Writing to ./UD4KG8
Merging 4 temporary files
Done
Cleaning
Writing to ./WHBGDo
Merging 4 temporary files
Done
Cleaning
Writing to ./NQZHeR
Merging 4 temporary files
Done
Cleaning
Writing to ./0MSYEH
Merging 4 temporary files
Done
Cleaning
Writing to ./z9U9xf
Merging 4 temporary files
Done
Cleaning
Writing to ./Xfr1DU
Merging 4 temporary files
Done
Cleaning
Writing to ./B3MaH9
Merging 4 temporary files
Done
Cleaning
Writing to ./rX9l8c
Merging 4 temporary files
Done
Cleaning
Writing to ./0EzbL9
Merging 4 temporary files
Done
Cleaning
Writing to ./AhBjoP
Merging 4 temporary files
Done
Cleaning
Writing to ./NMwpXP
Merging 4 temporary files
Done
Cleaning
Writing to ./VZeYkp
Merging 4 temporary files
Done
Cleaning
Writing to ./VEPOKI
Merging 4 temporary files
Done
Cleaning
Writing to ./Z25D9h
Merging 4 temporary files
Done
Cleaning
Writing to ./bQQVL9
Merging 4 temporary files
Done
Cleaning
Writing to ./IAN7nA
Merging 4 temporary files
Done
Cleaning
Writing to ./P71oFc
Merging 4 temporary files
Done
Cleaning
Writing to ./WzYCPA
Merging 4 temporary files
Done
Cleaning
Writing to ./2IyBXQ
Merging 4 temporary files
Done
Cleaning
Writing to ./viLC6q
Merging 4 temporary files
Done
Cleaning
Writing to ./ux9UGk
Merging 4 temporary files
Done
Cleaning
Writing to ./MFEFNQ
Merging 4 temporary files
Done
Cleaning
Writing to ./40pbPz
Merging 4 temporary files
Done
Cleaning
Writing to ./lV8RG3
Merging 4 temporary files
Done
Cleaning
Writing to ./m9phkq
Merging 4 temporary files
Done
Cleaning
Writing to ./mjE7Fv
Merging 4 temporary files
Done
Cleaning
Writing to ./X025i9
Merging 4 temporary files
Done
Cleaning
Writing to ./HfbsUN
Merging 4 temporary files
Done
Cleaning
Writing to ./DKt3PY
Merging 4 temporary files
Done
Cleaning
Writing to ./puc9zO
Merging 4 temporary files
Done
Cleaning
Writing to ./qNY4l9
Merging 4 temporary files
Done
Cleaning
Writing to ./EpjJNK
Merging 4 temporary files
Done
Cleaning
Writing to ./JA4dMS
Merging 4 temporary files
Done
Cleaning
Writing to ./Nw3WEP
Merging 4 temporary files
Done
Cleaning
Writing to ./jfOEvY
Merging 4 temporary files
Done
Cleaning
Writing to ./52eE80
Merging 4 temporary files
Done
Cleaning
Writing to ./hj5Sto
Merging 4 temporary files
Done
Cleaning
Writing to ./RsQD98
Merging 4 temporary files
Done
Cleaning
Writing to ./UdKpyK
Merging 4 temporary files
Done
Cleaning
Writing to ./PSLYce
Merging 4 temporary files
Done
Cleaning
Writing to ./MnNwxi
Merging 4 temporary files
Done
Cleaning
Writing to ./Gfpx43
Merging 4 temporary files
Done
Cleaning
Writing to ./I71zzW
Merging 4 temporary files
Done
Cleaning
Writing to ./cfxRhM
Merging 4 temporary files
Done
Cleaning
Writing to ./IDv8ST
Merging 4 temporary files
Done
Cleaning
Writing to ./3EXlK2
Merging 4 temporary files
Done
Cleaning
Writing to ./8xGWGn
Merging 4 temporary files
Done
Cleaning
Writing to ./MScnqL
Merging 4 temporary files
Done
Cleaning
Writing to ./RGZkOE
Merging 4 temporary files
Done
Cleaning
Writing to ./vOcO4I
Merging 4 temporary files
Done
Cleaning
Writing to ./5BjMYZ
Merging 4 temporary files
Done
Cleaning
Writing to ./LEaicP
Merging 4 temporary files
Done
Cleaning
Writing to ./sRTK1a
Merging 4 temporary files
Done
Cleaning
Writing to ./Mup6bs
Merging 4 temporary files
Done
Cleaning
Writing to ./YI3nTr
Merging 4 temporary files
Done
Cleaning
Writing to ./awG2mz
Merging 4 temporary files
Done
Cleaning
Writing to ./IeKEue
Merging 4 temporary files
Done
Cleaning
Writing to ./AyVgUq
Merging 4 temporary files
Done
Cleaning
Writing to ./UNeVsJ
Merging 4 temporary files
Done
Cleaning
Writing to ./sBuna2
Merging 4 temporary files
Done
Cleaning
Writing to ./Cdlx8e
Merging 4 temporary files
Done
Cleaning
Writing to ./hSAddA
Merging 4 temporary files
Done
Cleaning
Writing to ./A2fvfJ
Merging 4 temporary files
Done
Cleaning
Writing to ./TNd6Vr
Merging 4 temporary files
Done
Cleaning
Writing to ./MWLLYK
Merging 4 temporary files
Done
Cleaning
Writing to ./J5C7vq
Merging 4 temporary files
Done
Cleaning
Writing to ./LgeJ6g
Merging 4 temporary files
Done
Cleaning
Writing to ./uQk5ra
Merging 4 temporary files
Done
Cleaning
Writing to ./QzHLQ2
Merging 4 temporary files
Done
Cleaning
Writing to ./CrQ5Kc
Merging 4 temporary files
Done
Cleaning
Writing to ./GXGkKw
Merging 4 temporary files
Done
Cleaning
Writing to ./kdkpbv
Merging 4 temporary files
Done
Cleaning
Writing to ./jamcGb
Merging 4 temporary files
Done
Cleaning
Writing to ./Eye5CJ
Merging 4 temporary files
Done
Cleaning
Writing to ./FbpvOU
Merging 4 temporary files
Done
Cleaning
Writing to ./bI6OuQ
Merging 4 temporary files
Done
Cleaning
Writing to ./JiVq7C
Merging 4 temporary files
Done
Cleaning
Writing to ./pJQkIT
Merging 4 temporary files
Done
Cleaning
Writing to ./ERREYe
Merging 4 temporary files
Done
Cleaning
Writing to ./LSvL5D
Merging 4 temporary files
Done
Cleaning
Writing to ./Ym1Iq2
Merging 4 temporary files
Done
Cleaning
Writing to ./xRzbj4
Merging 4 temporary files
Done
Cleaning
Writing to ./qODBgX
Merging 4 temporary files
Done
Cleaning
Writing to ./1pyjQ7
Merging 4 temporary files
Done
Cleaning
Writing to ./RJm8au
Merging 4 temporary files
Done
Cleaning
Writing to ./ZGJgiv
Merging 4 temporary files
Done
Cleaning
Writing to ./Rn1g7O
Merging 4 temporary files
Done
Cleaning
Writing to ./yLr7Pz
Merging 4 temporary files
Done
Cleaning
Writing to ./JiNhHW
Merging 4 temporary files
Done
Cleaning
Writing to ./OPtgw6
Merging 4 temporary files
Done
Cleaning
Writing to ./43MkG1
Merging 4 temporary files
Done
Cleaning
Writing to ./8CdNHj
Merging 4 temporary files
Done
Cleaning
Writing to ./ophqiJ
Merging 4 temporary files
Done
Cleaning
Writing to ./oEkC69
Merging 4 temporary files
Done
Cleaning
Writing to ./MgQRLb
Merging 4 temporary files
Done
Cleaning
Writing to ./yd0U9c
Merging 4 temporary files
Done
Cleaning
Writing to ./PgfCw8
Merging 4 temporary files
Done
Cleaning
Writing to ./4tpr14
Merging 4 temporary files
Done
Cleaning
Writing to ./YCDIWC
Merging 4 temporary files
Done
Cleaning
Writing to ./LijwcP
Merging 4 temporary files
Done
Cleaning
Writing to ./hgourx
Merging 4 temporary files
Done
Cleaning
Writing to ./GRPZOf
Merging 4 temporary files
Done
Cleaning
Writing to ./8ugt8o
Merging 4 temporary files
Done
Cleaning
Writing to ./KkGDZA
Merging 4 temporary files
Done
Cleaning
Writing to ./PQOviG
Merging 4 temporary files
Done
Cleaning
Writing to ./3uUtAF
Merging 4 temporary files
Done
Cleaning
Writing to ./xew8s5
Merging 4 temporary files
Done
Cleaning
Writing to ./TfBR8q
Merging 4 temporary files
Done
Cleaning
Writing to ./Ec5UoQ
Merging 4 temporary files
Done
Cleaning
Writing to ./xipTIP
Merging 4 temporary files
Done
Cleaning
Writing to ./XkahXo
Merging 4 temporary files
Done
Cleaning
Writing to ./gXC7gc
Merging 4 temporary files
Done
Cleaning
Writing to ./Z6Yc2r
Merging 4 temporary files
Done
Cleaning
Writing to ./uJSLrw
Merging 4 temporary files
Done
Cleaning
Writing to ./7WeHcG
Merging 4 temporary files
Done
Cleaning
Writing to ./wfk0na
Merging 4 temporary files
Done
Cleaning
Writing to ./fyk4Uv
Merging 4 temporary files
Done
Cleaning
Writing to ./buJLIn
Merging 4 temporary files
Done
Cleaning
Writing to ./aQEx16
Merging 4 temporary files
Done
Cleaning
Writing to ./ZbE4SY
Merging 4 temporary files
Done
Cleaning
Writing to ./WckoUA
Merging 4 temporary files
Done
Cleaning
Writing to ./C9ge2Y
Merging 4 temporary files
Done
Cleaning
Writing to ./vgu62I
Merging 4 temporary files
Done
Cleaning
Writing to ./qiQgm6
Merging 4 temporary files
Done
Cleaning
Writing to ./nrXXE8
Merging 4 temporary files
Done
Cleaning
Writing to ./aCi0xi
Merging 4 temporary files
Done
Cleaning
Writing to ./bzbShL
Merging 4 temporary files
Done
Cleaning
Writing to ./zxzpjY
Merging 4 temporary files
Done
Cleaning
Writing to ./AHO1Bp
Merging 4 temporary files
Done
Cleaning
Writing to ./Stzjr8
Merging 4 temporary files
Done
Cleaning
Writing to ./M7qTyY
Merging 4 temporary files
Done
Cleaning
Writing to ./MteQCj
Merging 4 temporary files
Done
Cleaning
Writing to ./nZw05X
Merging 4 temporary files
Done
Cleaning
Writing to ./xq0wBT
Merging 4 temporary files
Done
Cleaning
Writing to ./nAlpiy
Merging 4 temporary files
Done
Cleaning
Writing to ./9JK1j7
Merging 4 temporary files
Done
Cleaning
Writing to ./wLAQGF
Merging 4 temporary files
Done
Cleaning
Writing to ./dRuUNN
Merging 4 temporary files
Done
Cleaning
Writing to ./p9hBoX
Merging 4 temporary files
Done
Cleaning
Writing to ./vZdooC
Merging 4 temporary files
Done
Cleaning
Writing to ./zjVsui
Merging 4 temporary files
Done
Cleaning
Writing to ./dlHRSR
Merging 4 temporary files
Done
Cleaning
Writing to ./fkuc1m
Merging 4 temporary files
Done
Cleaning
Writing to ./vevK98
Merging 4 temporary files
Done
Cleaning
Writing to ./7RzCSR
Merging 4 temporary files
Done
Cleaning
Writing to ./N4upTT
Merging 4 temporary files
Done
Cleaning
Writing to ./8u12Jv
Merging 4 temporary files
Done
Cleaning
Writing to ./mvY01d
Merging 4 temporary files
Done
Cleaning
Writing to ./kEf42B
Merging 4 temporary files
Done
Cleaning
Writing to ./S9x0GO
Merging 4 temporary files
Done
Cleaning
Writing to ./PXeyyR
Merging 4 temporary files
Done
Cleaning
Writing to ./h5LJiR
Merging 4 temporary files
Done
Cleaning
Writing to ./9wkGN8
Merging 4 temporary files
Done
Cleaning
Writing to ./r9Q00V
Merging 4 temporary files
Done
Cleaning
Writing to ./Hqt81L
Merging 4 temporary files
Done
Cleaning
Writing to ./bu9kBC
Merging 4 temporary files
Done
Cleaning
Writing to ./7aCSWm
Merging 4 temporary files
Done
Cleaning
Writing to ./gqsPRV
Merging 4 temporary files
Done
Cleaning
Writing to ./QUkp2C
Merging 4 temporary files
Done
Cleaning
Writing to ./mIsi1c
Merging 4 temporary files
Done
Cleaning
Writing to ./fuwbrD
Merging 4 temporary files
Done
Cleaning
Writing to ./AhaWOD
Merging 4 temporary files
Done
Cleaning
Writing to ./lv7RZz
Merging 4 temporary files
Done
Cleaning
Writing to ./jLrTyU
Merging 4 temporary files
Done
Cleaning
Writing to ./Y1sY94
Merging 4 temporary files
Done
Cleaning
Writing to ./1bcq0f
Merging 4 temporary files
Done
Cleaning
Writing to ./ZjO2rG
Merging 4 temporary files
Done
Cleaning
Writing to ./gKHJhz
Merging 4 temporary files
Done
Cleaning
Writing to ./Qot5HT
Merging 4 temporary files
Done
Cleaning
Writing to ./o7Chwm
Merging 4 temporary files
Done
Cleaning
Writing to ./7Mxb46
Merging 4 temporary files
Done
Cleaning
Writing to ./tCkHeB
Merging 4 temporary files
Done
Cleaning
Writing to ./HpmtyC
Merging 4 temporary files
Done
Cleaning
Writing to ./L9gKvS
Merging 4 temporary files
Done
Cleaning
Writing to ./z0I74g
Merging 4 temporary files
Done
Cleaning
Writing to ./3dn9Sp
Merging 4 temporary files
Done
Cleaning
Writing to ./cYMv6F
Merging 4 temporary files
Done
Cleaning
Writing to ./VNS3TP
Merging 4 temporary files
Done
Cleaning
Writing to ./bUcMqG
Merging 4 temporary files
Done
Cleaning
Writing to ./hrON8U
Merging 4 temporary files
Done
Cleaning
Writing to ./S0nqG4
Merging 4 temporary files
Done
Cleaning
Writing to ./MvBhzj
Merging 4 temporary files
Done
Cleaning
Writing to ./bge328
Merging 4 temporary files
Done
Cleaning
Writing to ./72tRfl
Merging 4 temporary files
Done
Cleaning
Writing to ./ZDEFyZ
Merging 4 temporary files
Done
Cleaning
Writing to ./2q9PBk
Merging 4 temporary files
Done
Cleaning
Writing to ./Za0L8K
Merging 4 temporary files
Done
Cleaning
Writing to ./Zr2ToY
Merging 4 temporary files
Done
Cleaning
Writing to ./nWRvvI
Merging 4 temporary files
Done
Cleaning
Writing to ./3zrr3U
Merging 4 temporary files
Done
Cleaning
Writing to ./MZCCQG
Merging 4 temporary files
Done
Cleaning
Writing to ./m6kUIf
Merging 4 temporary files
Done
Cleaning
Writing to ./xeLgge
Merging 4 temporary files
Done
Cleaning
Writing to ./Anfgac
Merging 4 temporary files
Done
Cleaning
Writing to ./KY6fT8
Merging 4 temporary files
Done
Cleaning
Writing to ./RSNymW
Merging 4 temporary files
Done
Cleaning
Writing to ./XJUMhR
Merging 4 temporary files
Done
Cleaning
Writing to ./Ep4igI
Merging 4 temporary files
Done
Cleaning
Writing to ./a6i2f6
Merging 4 temporary files
Done
Cleaning
Writing to ./WYOVKO
Merging 4 temporary files
Done
Cleaning
Writing to ./U1eXDY
Merging 4 temporary files
Done
Cleaning
Writing to ./dghbo6
Merging 4 temporary files
Done
Cleaning
Writing to ./z4Pfx9
Merging 4 temporary files
Done
Cleaning
Writing to ./dsRpdT
Merging 4 temporary files
Done
Cleaning
Writing to ./vdiJKF
Merging 4 temporary files
Done
Cleaning
Writing to ./XwLtLn
Merging 4 temporary files
Done
Cleaning
Writing to ./N4JuZH
Merging 4 temporary files
Done
Cleaning
Writing to ./NlERx7
Merging 4 temporary files
Done
Cleaning
Writing to ./2LAKuU
Merging 4 temporary files
Done
Cleaning
Writing to ./UjJwlG
Merging 4 temporary files
Done
Cleaning
Writing to ./pNSkyp
Merging 4 temporary files
Done
Cleaning
Writing to ./TXS4qf
Merging 4 temporary files
Done
Cleaning
Writing to ./X8qf2J
Merging 4 temporary files
Done
Cleaning
Writing to ./U9Axxj
Merging 4 temporary files
Done
Cleaning
Writing to ./vltM6q
Merging 4 temporary files
Done
Cleaning
Writing to ./dVIeCr
Merging 4 temporary files
Done
Cleaning
Writing to ./dUbfcj
Merging 4 temporary files
Done
Cleaning
Writing to ./daSvbv
Merging 4 temporary files
Done
Cleaning
Writing to ./JrBuaM
Merging 4 temporary files
Done
Cleaning
Writing to ./6LgHYd
Merging 4 temporary files
Done
Cleaning
Writing to ./JLge2q
Merging 4 temporary files
Done
Cleaning
Writing to ./Ip4dQ1
Merging 4 temporary files
Done
Cleaning
Writing to ./hzDXZe
Merging 4 temporary files
Done
Cleaning
Writing to ./NXUJdx
Merging 4 temporary files
Done
Cleaning
Writing to ./osWoAh
Merging 4 temporary files
Done
Cleaning
Writing to ./M4X6uP
Merging 4 temporary files
Done
Cleaning
Writing to ./35bMeU
Merging 4 temporary files
Done
Cleaning
Writing to ./DAbUA6
Merging 4 temporary files
Done
Cleaning
Writing to ./4x5yf8
Merging 4 temporary files
Done
Cleaning
Writing to ./oPHjhP
Merging 4 temporary files
Done
Cleaning
Writing to ./aQ5zoA
Merging 4 temporary files
Done
Cleaning
Writing to ./2Lad00
Merging 4 temporary files
Done
Cleaning
Writing to ./R3R1BO
Merging 4 temporary files
Done
Cleaning
Writing to ./5Oqyja
Merging 4 temporary files
Done
Cleaning
Writing to ./RmHkux
Merging 4 temporary files
Done
Cleaning
Writing to ./FBKoIb
Merging 4 temporary files
Done
Cleaning
Writing to ./KXZNCM
Merging 4 temporary files
Done
Cleaning
Writing to ./rnmqXO
Merging 4 temporary files
Done
Cleaning
Writing to ./GngEAB
Merging 4 temporary files
Done
Cleaning
Writing to ./1HSMkj
Merging 4 temporary files
Done
Cleaning
Writing to ./6q3RTV
Merging 4 temporary files
Done
Cleaning
Writing to ./cOluuk
Merging 4 temporary files
Done
Cleaning
Writing to ./GhBSHs
Merging 4 temporary files
Done
Cleaning
Writing to ./ht0biY
Merging 4 temporary files
Done
Cleaning
Writing to ./VNR7q9
Merging 4 temporary files
Done
Cleaning
Writing to ./CTGGhs
Merging 4 temporary files
Done
Cleaning
Writing to ./R012AJ
Merging 4 temporary files
Done
Cleaning
Writing to ./x3XDzJ
Merging 4 temporary files
Done
Cleaning
Writing to ./PgSe2j
Merging 4 temporary files
Done
Cleaning
Writing to ./rSHCWt
Merging 4 temporary files
Done
Cleaning
Writing to ./PifDg0
Merging 4 temporary files
Done
Cleaning
Writing to ./S6J6sw
Merging 4 temporary files
Done
Cleaning
Writing to ./ESLp7z
Merging 4 temporary files
Done
Cleaning
Writing to ./8Bohi2
Merging 4 temporary files
Done
Cleaning
Writing to ./AsmbDM
Merging 4 temporary files
Done
Cleaning
Writing to ./FGcNcI
Merging 4 temporary files
Done
Cleaning
Writing to ./rkAb5h
Merging 4 temporary files
Done
Cleaning
Writing to ./6vIgLY
Merging 4 temporary files
Done
Cleaning
Writing to ./Zn5b4p
Merging 4 temporary files
Done
Cleaning
Writing to ./sBSMWA
Merging 4 temporary files
Done
Cleaning
Writing to ./4MAlua
Merging 4 temporary files
Done
Cleaning
Writing to ./AfZS1q
Merging 4 temporary files
Done
Cleaning
Writing to ./LiBwTg
Merging 4 temporary files
Done
Cleaning
Writing to ./WwRj6l
Merging 4 temporary files
Done
Cleaning
Writing to ./XWgu4c
Merging 4 temporary files
Done
Cleaning
Job 68260751 stderr output:

