Fatal Python error: init_import_site: Failed to import the site module
Python runtime state: initialized
Traceback (most recent call last):
  File "<frozen importlib._bootstrap>", line 1360, in _find_and_load
  File "<frozen importlib._bootstrap>", line 1331, in _find_and_load_unlocked
  File "<frozen importlib._bootstrap>", line 935, in _load_unlocked
  File "<frozen importlib._bootstrap>", line 1176, in exec_module
  File "<frozen site>", line 636, in <module>
  File "<frozen site>", line 623, in main
  File "<frozen site>", line 405, in addsitepackages
  File "<frozen site>", line 247, in addsitedir
  File "<frozen site>", line 206, in addpackage
  File "<string>", line 1, in <module>
  File "/share/org/YZWL/yzwl_lixg/miniforge3/lib/python3.12/site-packages/__editable___biopytools_1_29_0_finder.py", line 7, in <module>
    from pathlib import Path
  File "/share/org/YZWL/yzwl_lixg/miniforge3/lib/python3.12/pathlib.py", line 8, in <module>
    import fnmatch
  File "/share/org/YZWL/yzwl_lixg/miniforge3/lib/python3.12/fnmatch.py", line 14, in <module>
    import re
  File "/share/org/YZWL/yzwl_lixg/miniforge3/lib/python3.12/re/__init__.py", line 125, in <module>
    from . import _compiler, _parser
  File "<frozen importlib._bootstrap>", line 1360, in _find_and_load
  File "<frozen importlib._bootstrap>", line 1331, in _find_and_load_unlocked
  File "<frozen importlib._bootstrap>", line 935, in _load_unlocked
  File "<frozen importlib._bootstrap_external>", line 995, in exec_module
  File "<frozen importlib._bootstrap_external>", line 1128, in get_code
  File "<frozen importlib._bootstrap_external>", line 757, in _compile_bytecode
KeyboardInterrupt
Job 67200807 stderr output:

