==========================================
开始批量分析...
输入目录: /share/org/YZWL/yzwl_lixg/project/19.大豆疫霉菌/01.data/clean
输出目录: /share/org/YZWL/yzwl_lixg/project/19.大豆疫霉菌/17.基因组大小估计
汇总文件: /share/org/YZWL/yzwl_lixg/project/19.大豆疫霉菌/17.基因组大小估计/All_Samples_GenomeScope_Summary.csv
==========================================
>>> 正在处理样品: 41
    [K=21] 1. Histo 文件已存在，跳过 Jellyfish 步骤。
    [K=21] 2. 运行 GenomeScope R...
    [K=25] 1. Histo 文件已存在，跳过 Jellyfish 步骤。
    [K=25] 2. 运行 GenomeScope R...
    [K=31] 1. 运行 Jellyfish Count & Histo...
    [K=31] 2. 运行 GenomeScope R...
    --------------------------------
>>> 正在处理样品: 6497
    [K=21] 1. 运行 Jellyfish Count & Histo...
    [K=21] 2. 运行 GenomeScope R...
    [K=25] 1. 运行 Jellyfish Count & Histo...
    [K=25] 2. 运行 GenomeScope R...
    [K=31] 1. 运行 Jellyfish Count & Histo...
    [K=31] 2. 运行 GenomeScope R...
    --------------------------------
>>> 正在处理样品: 7076
    [K=21] 1. 运行 Jellyfish Count & Histo...
    [K=21] 2. 运行 GenomeScope R...
    [K=25] 1. 运行 Jellyfish Count & Histo...
    [K=25] 2. 运行 GenomeScope R...
    [K=31] 1. 运行 Jellyfish Count & Histo...
    [K=31] 2. 运行 GenomeScope R...
    --------------------------------
>>> 正在处理样品: A1-10
    [K=21] 1. 运行 Jellyfish Count & Histo...
    [K=21] 2. 运行 GenomeScope R...
    [K=25] 1. 运行 Jellyfish Count & Histo...
    [K=25] 2. 运行 GenomeScope R...
    [K=31] 1. 运行 Jellyfish Count & Histo...
    [K=31] 2. 运行 GenomeScope R...
    --------------------------------
>>> 正在处理样品: A1-11
    [K=21] 1. 运行 Jellyfish Count & Histo...
    [K=21] 2. 运行 GenomeScope R...
    [K=25] 1. 运行 Jellyfish Count & Histo...
    [K=25] 2. 运行 GenomeScope R...
    [K=31] 1. 运行 Jellyfish Count & Histo...
    [K=31] 2. 运行 GenomeScope R...
    --------------------------------
>>> 正在处理样品: A1-1
    [K=21] 1. 运行 Jellyfish Count & Histo...
    [K=21] 2. 运行 GenomeScope R...
    [K=25] 1. 运行 Jellyfish Count & Histo...
    [K=25] 2. 运行 GenomeScope R...
    [K=31] 1. 运行 Jellyfish Count & Histo...
    [K=31] 2. 运行 GenomeScope R...
    --------------------------------
>>> 正在处理样品: A1-12
    [K=21] 1. 运行 Jellyfish Count & Histo...
