2025-12-25 08:15:30,999 - INFO - 开始VCF PCA分析流程 | Starting VCF PCA analysis pipeline
2025-12-25 08:15:30,999 - INFO - VCF文件 | VCF file: /share/org/YZWL/yzwl_lixg/project/21.野生大豆群体/03.第一批720个样品/08.过滤VCF文件/pca/variation.filtered.snp.biallelic.vcf.gz
2025-12-25 08:15:30,999 - INFO - 输出目录 | Output directory: /share/org/YZWL/yzwl_lixg/project/21.野生大豆群体/03.第一批720个样品/08.过滤VCF文件/pca/pca_output
2025-12-25 08:15:30,999 - INFO - 检查依赖软件 | Checking dependencies
2025-12-25 08:15:31,663 - INFO - ✓ PLINK 可用 | available
2025-12-25 08:15:31,968 - INFO - ✓ BCFtools 可用 | available
2025-12-25 08:15:31,968 - INFO - ============================================================
2025-12-25 08:15:31,968 - INFO - 步骤1: VCF转PLINK格式 | Step 1: VCF to PLINK conversion
2025-12-25 08:15:31,968 - INFO - ============================================================
2025-12-25 08:15:31,969 - INFO - 获取VCF文件统计信息 | Getting VCF file statistics
2025-12-25 09:13:09,674 - INFO - VCF统计 | VCF statistics: 2162 样本 | samples, 7374188 变异 | variants
2025-12-25 09:13:09,674 - INFO - 开始处理包含 2162 个样本和 7374188 个变异的VCF文件
2025-12-25 09:13:09,676 - INFO - 输出目录可写 | Output directory is writable: pca_output
2025-12-25 09:13:09,676 - INFO - 执行步骤 | Executing step: VCF转换为PLINK格式 | Convert VCF to PLINK format
2025-12-25 09:13:09,676 - INFO - 命令 | Command: plink --vcf /share/org/YZWL/yzwl_lixg/project/21.野生大豆群体/03.第一批720个样品/08.过滤VCF文件/pca/variation.filtered.snp.biallelic.vcf.gz --make-bed --out /share/org/YZWL/yzwl_lixg/project/21.野生大豆群体/03.第一批720个样品/08.过滤VCF文件/pca/pca_output/vcf_pca --allow-extra-chr --double-id
2025-12-25 09:13:09,676 - INFO - 工作目录 | Working directory: /share/org/YZWL/yzwl_lixg/project/21.野生大豆群体/03.第一批720个样品/08.过滤VCF文件/pca/pca_output
2025-12-25 09:34:42,950 - INFO - 命令执行成功 | Command executed successfully: VCF转换为PLINK格式 | Convert VCF to PLINK format
2025-12-25 09:34:42,951 - INFO - PLINK文件已生成 | PLINK files generated: /share/org/YZWL/yzwl_lixg/project/21.野生大豆群体/03.第一批720个样品/08.过滤VCF文件/pca/pca_output/vcf_pca
2025-12-25 09:34:42,951 - INFO - ============================================================
2025-12-25 09:34:42,951 - INFO - 步骤2: 质量控制 | Step 2: Quality control
2025-12-25 09:34:42,951 - INFO - ============================================================
2025-12-25 09:34:42,951 - INFO - 跳过质量控制过滤 (用户指定) | Skipping quality control filtering (user specified)
2025-12-25 09:34:42,951 - INFO - 输入样本数 | Input samples: 2162
2025-12-25 09:34:43,311 - INFO - 输入SNP数 | Input SNPs: 7374188
2025-12-25 09:34:43,311 - INFO - ============================================================
2025-12-25 09:34:43,311 - INFO - 步骤3: PCA分析 | Step 3: PCA analysis
2025-12-25 09:34:43,311 - INFO - ============================================================
2025-12-25 09:34:43,311 - INFO - 开始PCA分析 | Starting PCA analysis
2025-12-25 09:34:43,311 - INFO - 主成分数量 | Number of components: 10
2025-12-25 09:34:43,311 - INFO - 执行步骤 | Executing step: PCA分析 | PCA analysis (10 components)
2025-12-25 09:34:43,311 - INFO - 命令 | Command: plink --bfile /share/org/YZWL/yzwl_lixg/project/21.野生大豆群体/03.第一批720个样品/08.过滤VCF文件/pca/pca_output/vcf_pca --pca 10 --out /share/org/YZWL/yzwl_lixg/project/21.野生大豆群体/03.第一批720个样品/08.过滤VCF文件/pca/pca_output/pca_results --allow-extra-chr
2025-12-25 09:34:43,311 - INFO - 工作目录 | Working directory: /share/org/YZWL/yzwl_lixg/project/21.野生大豆群体/03.第一批720个样品/08.过滤VCF文件/pca/pca_output
2025-12-25 09:37:14,704 - INFO - 命令执行成功 | Command executed successfully: PCA分析 | PCA analysis (10 components)
2025-12-25 09:37:14,709 - INFO - 分析PCA结果 | Analyzing PCA results
2025-12-25 09:37:14,767 - INFO - PCA分析结果 | PCA Analysis Results:
2025-12-25 09:37:14,767 - INFO - 总方差 | Total variance: 946.1734
2025-12-25 09:37:14,767 - INFO - 主成分解释方差 | Principal component explained variance:
2025-12-25 09:37:14,767 - INFO -   PC1: 特征值 | Eigenvalue = 250.4980, 解释方差比 | Explained variance ratio = 0.2647 (26.47%), 累积 | Cumulative = 0.2647 (26.47%)
2025-12-25 09:37:14,767 - INFO -   PC2: 特征值 | Eigenvalue = 154.0910, 解释方差比 | Explained variance ratio = 0.1629 (16.29%), 累积 | Cumulative = 0.4276 (42.76%)
2025-12-25 09:37:14,767 - INFO -   PC3: 特征值 | Eigenvalue = 111.5870, 解释方差比 | Explained variance ratio = 0.1179 (11.79%), 累积 | Cumulative = 0.5455 (54.55%)
2025-12-25 09:37:14,767 - INFO -   PC4: 特征值 | Eigenvalue = 94.7333, 解释方差比 | Explained variance ratio = 0.1001 (10.01%), 累积 | Cumulative = 0.6457 (64.57%)
2025-12-25 09:37:14,767 - INFO -   PC5: 特征值 | Eigenvalue = 72.9327, 解释方差比 | Explained variance ratio = 0.0771 (7.71%), 累积 | Cumulative = 0.7227 (72.27%)
2025-12-25 09:37:14,767 - INFO -   PC6: 特征值 | Eigenvalue = 65.4302, 解释方差比 | Explained variance ratio = 0.0692 (6.92%), 累积 | Cumulative = 0.7919 (79.19%)
2025-12-25 09:37:14,767 - INFO -   PC7: 特征值 | Eigenvalue = 57.6655, 解释方差比 | Explained variance ratio = 0.0609 (6.09%), 累积 | Cumulative = 0.8528 (85.28%)
2025-12-25 09:37:14,767 - INFO -   PC8: 特征值 | Eigenvalue = 52.4110, 解释方差比 | Explained variance ratio = 0.0554 (5.54%), 累积 | Cumulative = 0.9082 (90.82%)
2025-12-25 09:37:14,767 - INFO -   PC9: 特征值 | Eigenvalue = 44.6032, 解释方差比 | Explained variance ratio = 0.0471 (4.71%), 累积 | Cumulative = 0.9554 (95.54%)
2025-12-25 09:37:14,767 - INFO -   PC10: 特征值 | Eigenvalue = 42.2215, 解释方差比 | Explained variance ratio = 0.0446 (4.46%), 累积 | Cumulative = 1.0000 (100.00%)
2025-12-25 09:37:14,956 - INFO - 解释方差表已保存 | Explained variance table saved: pca_output/pca_explained_variance.txt
2025-12-25 09:37:14,957 - INFO - 特征值说明文件已保存 | Eigenvalues explanation saved: pca_output/eigenvalues_explanation.txt
2025-12-25 09:37:14,996 - INFO - 格式化特征向量已保存 | Formatted eigenvectors saved: pca_output/pca_eigenvectors_formatted.txt
2025-12-25 09:37:14,996 - INFO - 总结报告已生成 | Summary report generated: pca_output/pca_analysis_summary.txt
2025-12-25 09:37:14,996 - INFO - ============================================================
2025-12-25 09:37:14,996 - INFO - PCA分析完成！| PCA analysis completed!
2025-12-25 09:37:14,996 - INFO - ============================================================
2025-12-25 09:37:14,996 - INFO - 结果保存在 | Results saved in: /share/org/YZWL/yzwl_lixg/project/21.野生大豆群体/03.第一批720个样品/08.过滤VCF文件/pca/pca_output
