[W::hts_idx_load3] [W::hts_idx_load3] The index file is older than the data file: 02.mapping/vcf/SRR12190941.g.vcf.gz.tbi[W::hts_idx_load3] The index file is older than the data file: 02.mapping/vcf/SRR12190941.g.vcf.gz.tbi
[W::hts_idx_load3] The index file is older than the data file: 02.mapping/vcf/SRR12190941.g.vcf.gz.tbi
[W::hts_idx_load3] The index file is older than the data file: 02.mapping/vcf/SRR12190941.g.vcf.gz.tbi

[W::hts_idx_load3] The index file is older than the data file: 02.mapping/vcf/SRR12190941.g.vcf.gz.tbi
[W::hts_idx_load3] The index file is older than the data file: 02.mapping/vcf/SRR12190941.g.vcf.gz.tbi
[W::hts_idx_load3] The index file is older than the data file: 02.mapping/vcf/SRR12190941.g.vcf.gz.tbi
[W::hts_idx_load3] The index file is older than the data file: 02.mapping/vcf/SRR12190941.g.vcf.gz.tbi
[W::hts_idx_load3] The index file is older than the data file: 02.mapping/vcf/SRR12190941.g.vcf.gz.tbi
The index file is older than the data file: 02.mapping/vcf/SRR12190941.g.vcf.gz.tbi
[W::hts_idx_load3] The index file is older than the data file: 02.mapping/vcf/W209A.g.vcf.gz.tbi[W::hts_idx_load3] The index file is older than the data file: 02.mapping/vcf/W209A.g.vcf.gz.tbi
[W::hts_idx_load3] The index file is older than the data file: 02.mapping/vcf/W209A.g.vcf.gz.tbi
[W::hts_idx_load3] The index file is older than the data file: 02.mapping/vcf/W209A.g.vcf.gz.tbi
[W::hts_idx_load3] The index file is older than the data file: 02.mapping/vcf/W209A.g.vcf.gz.tbi
[W::hts_idx_load3] The index file is older than the data file: 02.mapping/vcf/W209A.g.vcf.gz.tbi
[W::hts_idx_load3] The index file is older than the data file: 02.mapping/vcf/W209A.g.vcf.gz.tbi
[W::hts_idx_load3] The index file is older than the data file: 02.mapping/vcf/W209A.g.vcf.gz.tbi
[W::hts_idx_load3] The index file is older than the data file: 02.mapping/vcf/W209A.g.vcf.gz.tbi
[W::hts_idx_load3] The index file is older than the data file: 02.mapping/vcf/W209A.g.vcf.gz.tbi

[W::hts_idx_load3] The index file is older than the data file: 02.mapping/vcf/W211A.g.vcf.gz.tbi[W::hts_idx_load3] The index file is older than the data file: 02.mapping/vcf/W211A.g.vcf.gz.tbi
[W::hts_idx_load3] The index file is older than the data file: 02.mapping/vcf/W211A.g.vcf.gz.tbi
[W::hts_idx_load3] The index file is older than the data file: 02.mapping/vcf/W211A.g.vcf.gz.tbi
[W::hts_idx_load3] The index file is older than the data file: 02.mapping/vcf/W211A.g.vcf.gz.tbi
[W::hts_idx_load3] The index file is older than the data file: 02.mapping/vcf/W211A.g.vcf.gz.tbi
[W::hts_idx_load3] The index file is older than the data file: 02.mapping/vcf/W211A.g.vcf.gz.tbi
[W::hts_idx_load3] The index file is older than the data file: 02.mapping/vcf/W211A.g.vcf.gz.tbi

[W::hts_idx_load3] The index file is older than the data file: 02.mapping/vcf/W211A.g.vcf.gz.tbi
[W::hts_idx_load3] The index file is older than the data file: 02.mapping/vcf/W211A.g.vcf.gz.tbi
[W::hts_idx_load3] The index file is older than the data file: 02.mapping/vcf/W398A.g.vcf.gz.tbi[W::hts_idx_load3] The index file is older than the data file: 02.mapping/vcf/W398A.g.vcf.gz.tbi

[W::hts_idx_load3] The index file is older than the data file: 02.mapping/vcf/W398A.g.vcf.gz.tbi
[W::hts_idx_load3] The index file is older than the data file: 02.mapping/vcf/W398A.g.vcf.gz.tbi
[W::hts_idx_load3] The index file is older than the data file: 02.mapping/vcf/W398A.g.vcf.gz.tbi[W::hts_idx_load3] The index file is older than the data file: 02.mapping/vcf/W398A.g.vcf.gz.tbi
[W::hts_idx_load3] The index file is older than the data file: 02.mapping/vcf/W398A.g.vcf.gz.tbi
[W::hts_idx_load3] The index file is older than the data file: 02.mapping/vcf/W398A.g.vcf.gz.tbi

[W::hts_idx_load3] The index file is older than the data file: 02.mapping/vcf/W398A.g.vcf.gz.tbi
[W::hts_idx_load3] The index file is older than the data file: 02.mapping/vcf/W398A.g.vcf.gz.tbi
00:03:38.266 info  NativeGenomicsDB - pid=2168604 tid=2168603 No valid combination operation found for INFO field InbreedingCoeff  - the field will NOT be part of INFO fields in the generated VCF records
00:03:38.266 info  NativeGenomicsDB - pid=2168604 tid=2169326 No valid combination operation found for INFO field MLEAC  - the field will NOT be part of INFO fields in the generated VCF records
00:03:38.267 info  NativeGenomicsDB - pid=2168604 tid=2169346 No valid combination operation found for INFO field MLEAF  - the field will NOT be part of INFO fields in the generated VCF records
Job 68683296 stderr output:

