00:01:15.010 info  NativeGenomicsDB - pid=3223135 tid=3223375 No valid combination operation found for INFO field InbreedingCoeff  - the field will NOT be part of INFO fields in the generated VCF records
00:01:15.010 info  NativeGenomicsDB - pid=3223135 tid=3223383 No valid combination operation found for INFO field MLEAC  - the field will NOT be part of INFO fields in the generated VCF records
00:01:15.010 info  NativeGenomicsDB - pid=3223135 tid=3223399 No valid combination operation found for INFO field MLEAF  - the field will NOT be part of INFO fields in the generated VCF records
Chromosome Chr14 position 52002879 (TileDB column 713867962) has too many alleles in the combined VCF record : 148 : current limit : 50. Fields, such as  PL, with length equal to the number of genotypes will NOT be added for this location.
Chromosome Chr14 position 54002840 (TileDB column 715867923) has too many alleles in the combined VCF record : 101 : current limit : 50. Fields, such as  PL, with length equal to the number of genotypes will NOT be added for this location.
Chromosome Chr14 position 54003236 (TileDB column 715868319) has too many alleles in the combined VCF record : 59 : current limit : 50. Fields, such as  PL, with length equal to the number of genotypes will NOT be added for this location.
Chromosome Chr14 position 54004255 (TileDB column 715869338) has too many alleles in the combined VCF record : 119 : current limit : 50. Fields, such as  PL, with length equal to the number of genotypes will NOT be added for this location.
Chromosome Chr14 position 52015843 (TileDB column 713880926) has too many alleles in the combined VCF record : 67 : current limit : 50. Fields, such as  PL, with length equal to the number of genotypes will NOT be added for this location.
Chromosome Chr14 position 52030661 (TileDB column 713895744) has too many alleles in the combined VCF record : 84 : current limit : 50. Fields, such as  PL, with length equal to the number of genotypes will NOT be added for this location.
Chromosome Chr14 position 52030731 (TileDB column 713895814) has too many alleles in the combined VCF record : 57 : current limit : 50. Fields, such as  PL, with length equal to the number of genotypes will NOT be added for this location.
Chromosome Chr14 position 46071856 (TileDB column 707936939) has too many alleles in the combined VCF record : 52 : current limit : 50. Fields, such as  PL, with length equal to the number of genotypes will NOT be added for this location.
Chromosome Chr14 position 50059976 (TileDB column 711925059) has too many alleles in the combined VCF record : 52 : current limit : 50. Fields, such as  PL, with length equal to the number of genotypes will NOT be added for this location.
Chromosome Chr14 position 48081125 (TileDB column 709946208) has too many alleles in the combined VCF record : 119 : current limit : 50. Fields, such as  PL, with length equal to the number of genotypes will NOT be added for this location.
Chromosome Chr14 position 52100754 (TileDB column 713965837) has too many alleles in the combined VCF record : 71 : current limit : 50. Fields, such as  PL, with length equal to the number of genotypes will NOT be added for this location.
Chromosome Chr14 position 52104895 (TileDB column 713969978) has too many alleles in the combined VCF record : 68 : current limit : 50. Fields, such as  PL, with length equal to the number of genotypes will NOT be added for this location.
Chromosome Chr14 position 48132422 (TileDB column 709997505) has too many alleles in the combined VCF record : 53 : current limit : 50. Fields, such as  PL, with length equal to the number of genotypes will NOT be added for this location.
Chromosome Chr14 position 44181369 (TileDB column 706046452) has too many alleles in the combined VCF record : 72 : current limit : 50. Fields, such as  PL, with length equal to the number of genotypes will NOT be added for this location.
Chromosome Chr14 position 50148916 (TileDB column 712013999) has too many alleles in the combined VCF record : 54 : current limit : 50. Fields, such as  PL, with length equal to the number of genotypes will NOT be added for this location.
Chromosome Chr14 position 54158840 (TileDB column 716023923) has too many alleles in the combined VCF record : 57 : current limit : 50. Fields, such as  PL, with length equal to the number of genotypes will NOT be added for this location.
Chromosome Chr14 position 54158852 (TileDB column 716023935) has too many alleles in the combined VCF record : 57 : current limit : 50. Fields, such as  PL, with length equal to the number of genotypes will NOT be added for this location.
Chromosome Chr14 position 50155555 (TileDB column 712020638) has too many alleles in the combined VCF record : 51 : current limit : 50. Fields, such as  PL, with length equal to the number of genotypes will NOT be added for this location.
Chromosome Chr14 position 50168232 (TileDB column 712033315) has too many alleles in the combined VCF record : 63 : current limit : 50. Fields, such as  PL, with length equal to the number of genotypes will NOT be added for this location.
Chromosome Chr14 position 46213209 (TileDB column 708078292) has too many alleles in the combined VCF record : 66 : current limit : 50. Fields, such as  PL, with length equal to the number of genotypes will NOT be added for this location.
Chromosome Chr14 position 50191620 (TileDB column 712056703) has too many alleles in the combined VCF record : 63 : current limit : 50. Fields, such as  PL, with length equal to the number of genotypes will NOT be added for this location.
Chromosome Chr14 position 52186770 (TileDB column 714051853) has too many alleles in the combined VCF record : 89 : current limit : 50. Fields, such as  PL, with length equal to the number of genotypes will NOT be added for this location.
Chromosome Chr14 position 52186783 (TileDB column 714051866) has too many alleles in the combined VCF record : 69 : current limit : 50. Fields, such as  PL, with length equal to the number of genotypes will NOT be added for this location.
Chromosome Chr14 position 42258664 (TileDB column 704123747) has too many alleles in the combined VCF record : 55 : current limit : 50. Fields, such as  PL, with length equal to the number of genotypes will NOT be added for this location.
Chromosome Chr14 position 50215526 (TileDB column 712080609) has too many alleles in the combined VCF record : 72 : current limit : 50. Fields, such as  PL, with length equal to the number of genotypes will NOT be added for this location.
Chromosome Chr14 position 44267033 (TileDB column 706132116) has too many alleles in the combined VCF record : 66 : current limit : 50. Fields, such as  PL, with length equal to the number of genotypes will NOT be added for this location.
Chromosome Chr14 position 52212302 (TileDB column 714077385) has too many alleles in the combined VCF record : 62 : current limit : 50. Fields, such as  PL, with length equal to the number of genotypes will NOT be added for this location.
Chromosome Chr14 position 52212675 (TileDB column 714077758) has too many alleles in the combined VCF record : 67 : current limit : 50. Fields, such as  PL, with length equal to the number of genotypes will NOT be added for this location.
Chromosome Chr14 position 52215599 (TileDB column 714080682) has too many alleles in the combined VCF record : 80 : current limit : 50. Fields, such as  PL, with length equal to the number of genotypes will NOT be added for this location.
Chromosome Chr14 position 50251002 (TileDB column 712116085) has too many alleles in the combined VCF record : 64 : current limit : 50. Fields, such as  PL, with length equal to the number of genotypes will NOT be added for this location.
Chromosome Chr14 position 46352856 (TileDB column 708217939) has too many alleles in the combined VCF record : 67 : current limit : 50. Fields, such as  PL, with length equal to the number of genotypes will NOT be added for this location.
Chromosome Chr14 position 50345021 (TileDB column 712210104) has too many alleles in the combined VCF record : 57 : current limit : 50. Fields, such as  PL, with length equal to the number of genotypes will NOT be added for this location.
Chromosome Chr14 position 52278846 (TileDB column 714143929) has too many alleles in the combined VCF record : 71 : current limit : 50. Fields, such as  PL, with length equal to the number of genotypes will NOT be added for this location.
Chromosome Chr14 position 48372861 (TileDB column 710237944) has too many alleles in the combined VCF record : 53 : current limit : 50. Fields, such as  PL, with length equal to the number of genotypes will NOT be added for this location.
Chromosome Chr14 position 50367650 (TileDB column 712232733) has too many alleles in the combined VCF record : 58 : current limit : 50. Fields, such as  PL, with length equal to the number of genotypes will NOT be added for this location.
Chromosome Chr14 position 48463923 (TileDB column 710329006) has too many alleles in the combined VCF record : 105 : current limit : 50. Fields, such as  PL, with length equal to the number of genotypes will NOT be added for this location.
Chromosome Chr14 position 48464525 (TileDB column 710329608) has too many alleles in the combined VCF record : 75 : current limit : 50. Fields, such as  PL, with length equal to the number of genotypes will NOT be added for this location.
Chromosome Chr14 position 46549621 (TileDB column 708414704) has too many alleles in the combined VCF record : 71 : current limit : 50. Fields, such as  PL, with length equal to the number of genotypes will NOT be added for this location.
Chromosome Chr14 position 50519833 (TileDB column 712384916) has too many alleles in the combined VCF record : 51 : current limit : 50. Fields, such as  PL, with length equal to the number of genotypes will NOT be added for this location.
Chromosome Chr14 position 50545811 (TileDB column 712410894) has too many alleles in the combined VCF record : 52 : current limit : 50. Fields, such as  PL, with length equal to the number of genotypes will NOT be added for this location.
Chromosome Chr14 position 40708355 (TileDB column 702573438) has too many alleles in the combined VCF record : 60 : current limit : 50. Fields, such as  PL, with length equal to the number of genotypes will NOT be added for this location.
Chromosome Chr14 position 44728430 (TileDB column 706593513) has too many alleles in the combined VCF record : 61 : current limit : 50. Fields, such as  PL, with length equal to the number of genotypes will NOT be added for this location.
Chromosome Chr14 position 42722922 (TileDB column 704588005) has too many alleles in the combined VCF record : 51 : current limit : 50. Fields, such as  PL, with length equal to the number of genotypes will NOT be added for this location.
Chromosome Chr14 position 52495807 (TileDB column 714360890) has too many alleles in the combined VCF record : 80 : current limit : 50. Fields, such as  PL, with length equal to the number of genotypes will NOT be added for this location.
Chromosome Chr14 position 48611479 (TileDB column 710476562) has too many alleles in the combined VCF record : 52 : current limit : 50. Fields, such as  PL, with length equal to the number of genotypes will NOT be added for this location.
Chromosome Chr14 position 50597997 (TileDB column 712463080) has too many alleles in the combined VCF record : 113 : current limit : 50. Fields, such as  PL, with length equal to the number of genotypes will NOT be added for this location.
Chromosome Chr14 position 52532102 (TileDB column 714397185) has too many alleles in the combined VCF record : 106 : current limit : 50. Fields, such as  PL, with length equal to the number of genotypes will NOT be added for this location.
Chromosome Chr14 position 46662149 (TileDB column 708527232) has too many alleles in the combined VCF record : 66 : current limit : 50. Fields, such as  PL, with length equal to the number of genotypes will NOT be added for this location.
Chromosome Chr14 position 50628121 (TileDB column 712493204) has too many alleles in the combined VCF record : 52 : current limit : 50. Fields, such as  PL, with length equal to the number of genotypes will NOT be added for this location.
Chromosome Chr14 position 50628123 (TileDB column 712493206) has too many alleles in the combined VCF record : 128 : current limit : 50. Fields, such as  PL, with length equal to the number of genotypes will NOT be added for this location.
Chromosome Chr14 position 44827165 (TileDB column 706692248) has too many alleles in the combined VCF record : 99 : current limit : 50. Fields, such as  PL, with length equal to the number of genotypes will NOT be added for this location.
Chromosome Chr14 position 50645689 (TileDB column 712510772) has too many alleles in the combined VCF record : 53 : current limit : 50. Fields, such as  PL, with length equal to the number of genotypes will NOT be added for this location.
Chromosome Chr14 position 48724058 (TileDB column 710589141) has too many alleles in the combined VCF record : 59 : current limit : 50. Fields, such as  PL, with length equal to the number of genotypes will NOT be added for this location.
Chromosome Chr14 position 52614544 (TileDB column 714479627) has too many alleles in the combined VCF record : 54 : current limit : 50. Fields, such as  PL, with length equal to the number of genotypes will NOT be added for this location.
Chromosome Chr14 position 48742078 (TileDB column 710607161) has too many alleles in the combined VCF record : 121 : current limit : 50. Fields, such as  PL, with length equal to the number of genotypes will NOT be added for this location.
Chromosome Chr14 position 40892096 (TileDB column 702757179) has too many alleles in the combined VCF record : 80 : current limit : 50. Fields, such as  PL, with length equal to the number of genotypes will NOT be added for this location.
Chromosome Chr14 position 52641758 (TileDB column 714506841) has too many alleles in the combined VCF record : 51 : current limit : 50. Fields, such as  PL, with length equal to the number of genotypes will NOT be added for this location.
Chromosome Chr14 position 48771932 (TileDB column 710637015) has too many alleles in the combined VCF record : 88 : current limit : 50. Fields, such as  PL, with length equal to the number of genotypes will NOT be added for this location.
Chromosome Chr14 position 50734641 (TileDB column 712599724) has too many alleles in the combined VCF record : 51 : current limit : 50. Fields, such as  PL, with length equal to the number of genotypes will NOT be added for this location.
Chromosome Chr14 position 52666596 (TileDB column 714531679) has too many alleles in the combined VCF record : 99 : current limit : 50. Fields, such as  PL, with length equal to the number of genotypes will NOT be added for this location.
Chromosome Chr14 position 52681463 (TileDB column 714546546) has too many alleles in the combined VCF record : 53 : current limit : 50. Fields, such as  PL, with length equal to the number of genotypes will NOT be added for this location.
Chromosome Chr14 position 48800081 (TileDB column 710665164) has too many alleles in the combined VCF record : 78 : current limit : 50. Fields, such as  PL, with length equal to the number of genotypes will NOT be added for this location.
Chromosome Chr14 position 48801107 (TileDB column 710666190) has too many alleles in the combined VCF record : 100 : current limit : 50. Fields, such as  PL, with length equal to the number of genotypes will NOT be added for this location.
Chromosome Chr14 position 50765985 (TileDB column 712631068) has too many alleles in the combined VCF record : 72 : current limit : 50. Fields, such as  PL, with length equal to the number of genotypes will NOT be added for this location.
Chromosome Chr14 position 50766011 (TileDB column 712631094) has too many alleles in the combined VCF record : 58 : current limit : 50. Fields, such as  PL, with length equal to the number of genotypes will NOT be added for this location.
Chromosome Chr14 position 45042803 (TileDB column 706907886) has too many alleles in the combined VCF record : 110 : current limit : 50. Fields, such as  PL, with length equal to the number of genotypes will NOT be added for this location.
Chromosome Chr14 position 46876353 (TileDB column 708741436) has too many alleles in the combined VCF record : 58 : current limit : 50. Fields, such as  PL, with length equal to the number of genotypes will NOT be added for this location.
Chromosome Chr14 position 46917454 (TileDB column 708782537) has too many alleles in the combined VCF record : 52 : current limit : 50. Fields, such as  PL, with length equal to the number of genotypes will NOT be added for this location.
Chromosome Chr14 position 50852387 (TileDB column 712717470) has too many alleles in the combined VCF record : 115 : current limit : 50. Fields, such as  PL, with length equal to the number of genotypes will NOT be added for this location.
Chromosome Chr14 position 46942596 (TileDB column 708807679) has too many alleles in the combined VCF record : 53 : current limit : 50. Fields, such as  PL, with length equal to the number of genotypes will NOT be added for this location.
Chromosome Chr14 position 46975987 (TileDB column 708841070) has too many alleles in the combined VCF record : 56 : current limit : 50. Fields, such as  PL, with length equal to the number of genotypes will NOT be added for this location.
Chromosome Chr14 position 46991384 (TileDB column 708856467) has too many alleles in the combined VCF record : 81 : current limit : 50. Fields, such as  PL, with length equal to the number of genotypes will NOT be added for this location.
Chromosome Chr14 position 48953827 (TileDB column 710818910) has too many alleles in the combined VCF record : 83 : current limit : 50. Fields, such as  PL, with length equal to the number of genotypes will NOT be added for this location.
Chromosome Chr14 position 47017053 (TileDB column 708882136) has too many alleles in the combined VCF record : 55 : current limit : 50. Fields, such as  PL, with length equal to the number of genotypes will NOT be added for this location.
Chromosome Chr14 position 52862310 (TileDB column 714727393) has too many alleles in the combined VCF record : 92 : current limit : 50. Fields, such as  PL, with length equal to the number of genotypes will NOT be added for this location.
Chromosome Chr14 position 52862330 (TileDB column 714727413) has too many alleles in the combined VCF record : 69 : current limit : 50. Fields, such as  PL, with length equal to the number of genotypes will NOT be added for this location.
Chromosome Chr14 position 43213898 (TileDB column 705078981) has too many alleles in the combined VCF record : 67 : current limit : 50. Fields, such as  PL, with length equal to the number of genotypes will NOT be added for this location.
Chromosome Chr14 position 48996189 (TileDB column 710861272) has too many alleles in the combined VCF record : 62 : current limit : 50. Fields, such as  PL, with length equal to the number of genotypes will NOT be added for this location.
Chromosome Chr14 position 49009524 (TileDB column 710874607) has too many alleles in the combined VCF record : 53 : current limit : 50. Fields, such as  PL, with length equal to the number of genotypes will NOT be added for this location.
Chromosome Chr14 position 49014620 (TileDB column 710879703) has too many alleles in the combined VCF record : 62 : current limit : 50. Fields, such as  PL, with length equal to the number of genotypes will NOT be added for this location.
Chromosome Chr14 position 49017914 (TileDB column 710882997) has too many alleles in the combined VCF record : 58 : current limit : 50. Fields, such as  PL, with length equal to the number of genotypes will NOT be added for this location.
Chromosome Chr14 position 49024859 (TileDB column 710889942) has too many alleles in the combined VCF record : 64 : current limit : 50. Fields, such as  PL, with length equal to the number of genotypes will NOT be added for this location.
Chromosome Chr14 position 47100098 (TileDB column 708965181) has too many alleles in the combined VCF record : 56 : current limit : 50. Fields, such as  PL, with length equal to the number of genotypes will NOT be added for this location.
Chromosome Chr14 position 51001217 (TileDB column 712866300) has too many alleles in the combined VCF record : 53 : current limit : 50. Fields, such as  PL, with length equal to the number of genotypes will NOT be added for this location.
Chromosome Chr14 position 51003489 (TileDB column 712868572) has too many alleles in the combined VCF record : 79 : current limit : 50. Fields, such as  PL, with length equal to the number of genotypes will NOT be added for this location.
Chromosome Chr14 position 43304388 (TileDB column 705169471) has too many alleles in the combined VCF record : 57 : current limit : 50. Fields, such as  PL, with length equal to the number of genotypes will NOT be added for this location.
Chromosome Chr14 position 45310532 (TileDB column 707175615) has too many alleles in the combined VCF record : 89 : current limit : 50. Fields, such as  PL, with length equal to the number of genotypes will NOT be added for this location.
Chromosome Chr14 position 51020184 (TileDB column 712885267) has too many alleles in the combined VCF record : 60 : current limit : 50. Fields, such as  PL, with length equal to the number of genotypes will NOT be added for this location.
Chromosome Chr14 position 52947015 (TileDB column 714812098) has too many alleles in the combined VCF record : 102 : current limit : 50. Fields, such as  PL, with length equal to the number of genotypes will NOT be added for this location.
Chromosome Chr14 position 52965133 (TileDB column 714830216) has too many alleles in the combined VCF record : 51 : current limit : 50. Fields, such as  PL, with length equal to the number of genotypes will NOT be added for this location.
Chromosome Chr14 position 45376062 (TileDB column 707241145) has too many alleles in the combined VCF record : 66 : current limit : 50. Fields, such as  PL, with length equal to the number of genotypes will NOT be added for this location.
Chromosome Chr14 position 52987693 (TileDB column 714852776) has too many alleles in the combined VCF record : 89 : current limit : 50. Fields, such as  PL, with length equal to the number of genotypes will NOT be added for this location.
Chromosome Chr14 position 45376276 (TileDB column 707241359) has too many alleles in the combined VCF record : 73 : current limit : 50. Fields, such as  PL, with length equal to the number of genotypes will NOT be added for this location.
Chromosome Chr14 position 45389240 (TileDB column 707254323) has too many alleles in the combined VCF record : 65 : current limit : 50. Fields, such as  PL, with length equal to the number of genotypes will NOT be added for this location.
Chromosome Chr14 position 53010372 (TileDB column 714875455) has too many alleles in the combined VCF record : 108 : current limit : 50. Fields, such as  PL, with length equal to the number of genotypes will NOT be added for this location.
Chromosome Chr14 position 53010373 (TileDB column 714875456) has too many alleles in the combined VCF record : 70 : current limit : 50. Fields, such as  PL, with length equal to the number of genotypes will NOT be added for this location.
Chromosome Chr14 position 47225140 (TileDB column 709090223) has too many alleles in the combined VCF record : 157 : current limit : 50. Fields, such as  PL, with length equal to the number of genotypes will NOT be added for this location.
Chromosome Chr14 position 53036192 (TileDB column 714901275) has too many alleles in the combined VCF record : 53 : current limit : 50. Fields, such as  PL, with length equal to the number of genotypes will NOT be added for this location.
Chromosome Chr14 position 53049744 (TileDB column 714914827) has too many alleles in the combined VCF record : 74 : current limit : 50. Fields, such as  PL, with length equal to the number of genotypes will NOT be added for this location.
Chromosome Chr14 position 47244482 (TileDB column 709109565) has too many alleles in the combined VCF record : 59 : current limit : 50. Fields, such as  PL, with length equal to the number of genotypes will NOT be added for this location.
Chromosome Chr14 position 45484228 (TileDB column 707349311) has too many alleles in the combined VCF record : 58 : current limit : 50. Fields, such as  PL, with length equal to the number of genotypes will NOT be added for this location.
Chromosome Chr14 position 51147355 (TileDB column 713012438) has too many alleles in the combined VCF record : 59 : current limit : 50. Fields, such as  PL, with length equal to the number of genotypes will NOT be added for this location.
Chromosome Chr14 position 53077421 (TileDB column 714942504) has too many alleles in the combined VCF record : 160 : current limit : 50. Fields, such as  PL, with length equal to the number of genotypes will NOT be added for this location.
Chromosome Chr14 position 53090443 (TileDB column 714955526) has too many alleles in the combined VCF record : 55 : current limit : 50. Fields, such as  PL, with length equal to the number of genotypes will NOT be added for this location.
Chromosome Chr14 position 49250102 (TileDB column 711115185) has too many alleles in the combined VCF record : 80 : current limit : 50. Fields, such as  PL, with length equal to the number of genotypes will NOT be added for this location.
Chromosome Chr14 position 51214893 (TileDB column 713079976) has too many alleles in the combined VCF record : 65 : current limit : 50. Fields, such as  PL, with length equal to the number of genotypes will NOT be added for this location.
Chromosome Chr14 position 53162071 (TileDB column 715027154) has too many alleles in the combined VCF record : 99 : current limit : 50. Fields, such as  PL, with length equal to the number of genotypes will NOT be added for this location.
Chromosome Chr14 position 47384779 (TileDB column 709249862) has too many alleles in the combined VCF record : 150 : current limit : 50. Fields, such as  PL, with length equal to the number of genotypes will NOT be added for this location.
Chromosome Chr14 position 53186425 (TileDB column 715051508) has too many alleles in the combined VCF record : 167 : current limit : 50. Fields, such as  PL, with length equal to the number of genotypes will NOT be added for this location.
Chromosome Chr14 position 47397082 (TileDB column 709262165) has too many alleles in the combined VCF record : 84 : current limit : 50. Fields, such as  PL, with length equal to the number of genotypes will NOT be added for this location.
Chromosome Chr14 position 51266759 (TileDB column 713131842) has too many alleles in the combined VCF record : 71 : current limit : 50. Fields, such as  PL, with length equal to the number of genotypes will NOT be added for this location.
Chromosome Chr14 position 53209058 (TileDB column 715074141) has too many alleles in the combined VCF record : 58 : current limit : 50. Fields, such as  PL, with length equal to the number of genotypes will NOT be added for this location.
Chromosome Chr14 position 49347019 (TileDB column 711212102) has too many alleles in the combined VCF record : 110 : current limit : 50. Fields, such as  PL, with length equal to the number of genotypes will NOT be added for this location.
Chromosome Chr14 position 49374835 (TileDB column 711239918) has too many alleles in the combined VCF record : 62 : current limit : 50. Fields, such as  PL, with length equal to the number of genotypes will NOT be added for this location.
Chromosome Chr14 position 45701599 (TileDB column 707566682) has too many alleles in the combined VCF record : 60 : current limit : 50. Fields, such as  PL, with length equal to the number of genotypes will NOT be added for this location.
Chromosome Chr14 position 45701628 (TileDB column 707566711) has too many alleles in the combined VCF record : 97 : current limit : 50. Fields, such as  PL, with length equal to the number of genotypes will NOT be added for this location.
Chromosome Chr14 position 49389542 (TileDB column 711254625) has too many alleles in the combined VCF record : 72 : current limit : 50. Fields, such as  PL, with length equal to the number of genotypes will NOT be added for this location.
Chromosome Chr14 position 51339111 (TileDB column 713204194) has too many alleles in the combined VCF record : 52 : current limit : 50. Fields, such as  PL, with length equal to the number of genotypes will NOT be added for this location.
Chromosome Chr14 position 49409991 (TileDB column 711275074) has too many alleles in the combined VCF record : 56 : current limit : 50. Fields, such as  PL, with length equal to the number of genotypes will NOT be added for this location.
Chromosome Chr14 position 53288659 (TileDB column 715153742) has too many alleles in the combined VCF record : 82 : current limit : 50. Fields, such as  PL, with length equal to the number of genotypes will NOT be added for this location.
Chromosome Chr14 position 47510551 (TileDB column 709375634) has too many alleles in the combined VCF record : 68 : current limit : 50. Fields, such as  PL, with length equal to the number of genotypes will NOT be added for this location.
Chromosome Chr14 position 47511651 (TileDB column 709376734) has too many alleles in the combined VCF record : 61 : current limit : 50. Fields, such as  PL, with length equal to the number of genotypes will NOT be added for this location.
Chromosome Chr14 position 49427451 (TileDB column 711292534) has too many alleles in the combined VCF record : 92 : current limit : 50. Fields, such as  PL, with length equal to the number of genotypes will NOT be added for this location.
Chromosome Chr14 position 53303475 (TileDB column 715168558) has too many alleles in the combined VCF record : 103 : current limit : 50. Fields, such as  PL, with length equal to the number of genotypes will NOT be added for this location.
Chromosome Chr14 position 51384855 (TileDB column 713249938) has too many alleles in the combined VCF record : 58 : current limit : 50. Fields, such as  PL, with length equal to the number of genotypes will NOT be added for this location.
Chromosome Chr14 position 47537106 (TileDB column 709402189) has too many alleles in the combined VCF record : 53 : current limit : 50. Fields, such as  PL, with length equal to the number of genotypes will NOT be added for this location.
Chromosome Chr14 position 51401563 (TileDB column 713266646) has too many alleles in the combined VCF record : 54 : current limit : 50. Fields, such as  PL, with length equal to the number of genotypes will NOT be added for this location.
Chromosome Chr14 position 49458032 (TileDB column 711323115) has too many alleles in the combined VCF record : 53 : current limit : 50. Fields, such as  PL, with length equal to the number of genotypes will NOT be added for this location.
Chromosome Chr14 position 45797025 (TileDB column 707662108) has too many alleles in the combined VCF record : 64 : current limit : 50. Fields, such as  PL, with length equal to the number of genotypes will NOT be added for this location.
Chromosome Chr14 position 47578599 (TileDB column 709443682) has too many alleles in the combined VCF record : 61 : current limit : 50. Fields, such as  PL, with length equal to the number of genotypes will NOT be added for this location.
Chromosome Chr14 position 45847340 (TileDB column 707712423) has too many alleles in the combined VCF record : 113 : current limit : 50. Fields, such as  PL, with length equal to the number of genotypes will NOT be added for this location.
Chromosome Chr14 position 53387656 (TileDB column 715252739) has too many alleles in the combined VCF record : 63 : current limit : 50. Fields, such as  PL, with length equal to the number of genotypes will NOT be added for this location.
Chromosome Chr14 position 51474828 (TileDB column 713339911) has too many alleles in the combined VCF record : 86 : current limit : 50. Fields, such as  PL, with length equal to the number of genotypes will NOT be added for this location.
Chromosome Chr14 position 51478684 (TileDB column 713343767) has too many alleles in the combined VCF record : 54 : current limit : 50. Fields, such as  PL, with length equal to the number of genotypes will NOT be added for this location.
Chromosome Chr14 position 51497739 (TileDB column 713362822) has too many alleles in the combined VCF record : 55 : current limit : 50. Fields, such as  PL, with length equal to the number of genotypes will NOT be added for this location.
Chromosome Chr14 position 45883821 (TileDB column 707748904) has too many alleles in the combined VCF record : 56 : current limit : 50. Fields, such as  PL, with length equal to the number of genotypes will NOT be added for this location.
Chromosome Chr14 position 51503826 (TileDB column 713368909) has too many alleles in the combined VCF record : 61 : current limit : 50. Fields, such as  PL, with length equal to the number of genotypes will NOT be added for this location.
Chromosome Chr14 position 51508891 (TileDB column 713373974) has too many alleles in the combined VCF record : 147 : current limit : 50. Fields, such as  PL, with length equal to the number of genotypes will NOT be added for this location.
Chromosome Chr14 position 45891736 (TileDB column 707756819) has too many alleles in the combined VCF record : 84 : current limit : 50. Fields, such as  PL, with length equal to the number of genotypes will NOT be added for this location.
Chromosome Chr14 position 45892749 (TileDB column 707757832) has too many alleles in the combined VCF record : 53 : current limit : 50. Fields, such as  PL, with length equal to the number of genotypes will NOT be added for this location.
Chromosome Chr14 position 51529657 (TileDB column 713394740) has too many alleles in the combined VCF record : 58 : current limit : 50. Fields, such as  PL, with length equal to the number of genotypes will NOT be added for this location.
Chromosome Chr14 position 43824668 (TileDB column 705689751) has too many alleles in the combined VCF record : 59 : current limit : 50. Fields, such as  PL, with length equal to the number of genotypes will NOT be added for this location.
Chromosome Chr14 position 45926188 (TileDB column 707791271) has too many alleles in the combined VCF record : 68 : current limit : 50. Fields, such as  PL, with length equal to the number of genotypes will NOT be added for this location.
Chromosome Chr14 position 49629794 (TileDB column 711494877) has too many alleles in the combined VCF record : 91 : current limit : 50. Fields, such as  PL, with length equal to the number of genotypes will NOT be added for this location.
Chromosome Chr14 position 45970743 (TileDB column 707835826) has too many alleles in the combined VCF record : 53 : current limit : 50. Fields, such as  PL, with length equal to the number of genotypes will NOT be added for this location.
Chromosome Chr14 position 51593476 (TileDB column 713458559) has too many alleles in the combined VCF record : 95 : current limit : 50. Fields, such as  PL, with length equal to the number of genotypes will NOT be added for this location.
Chromosome Chr14 position 49653271 (TileDB column 711518354) has too many alleles in the combined VCF record : 86 : current limit : 50. Fields, such as  PL, with length equal to the number of genotypes will NOT be added for this location.
Chromosome Chr14 position 51601984 (TileDB column 713467067) has too many alleles in the combined VCF record : 75 : current limit : 50. Fields, such as  PL, with length equal to the number of genotypes will NOT be added for this location.
Chromosome Chr14 position 53533404 (TileDB column 715398487) has too many alleles in the combined VCF record : 53 : current limit : 50. Fields, such as  PL, with length equal to the number of genotypes will NOT be added for this location.
Chromosome Chr14 position 53557551 (TileDB column 715422634) has too many alleles in the combined VCF record : 69 : current limit : 50. Fields, such as  PL, with length equal to the number of genotypes will NOT be added for this location.
Chromosome Chr14 position 53567534 (TileDB column 715432617) has too many alleles in the combined VCF record : 86 : current limit : 50. Fields, such as  PL, with length equal to the number of genotypes will NOT be added for this location.
Chromosome Chr14 position 49700407 (TileDB column 711565490) has too many alleles in the combined VCF record : 68 : current limit : 50. Fields, such as  PL, with length equal to the number of genotypes will NOT be added for this location.
Chromosome Chr14 position 47826498 (TileDB column 709691581) has too many alleles in the combined VCF record : 75 : current limit : 50. Fields, such as  PL, with length equal to the number of genotypes will NOT be added for this location.
Chromosome Chr14 position 47864041 (TileDB column 709729124) has too many alleles in the combined VCF record : 63 : current limit : 50. Fields, such as  PL, with length equal to the number of genotypes will NOT be added for this location.
Chromosome Chr14 position 53645174 (TileDB column 715510257) has too many alleles in the combined VCF record : 70 : current limit : 50. Fields, such as  PL, with length equal to the number of genotypes will NOT be added for this location.
Chromosome Chr14 position 51724652 (TileDB column 713589735) has too many alleles in the combined VCF record : 60 : current limit : 50. Fields, such as  PL, with length equal to the number of genotypes will NOT be added for this location.
Chromosome Chr14 position 53667284 (TileDB column 715532367) has too many alleles in the combined VCF record : 87 : current limit : 50. Fields, such as  PL, with length equal to the number of genotypes will NOT be added for this location.
Chromosome Chr14 position 49803262 (TileDB column 711668345) has too many alleles in the combined VCF record : 55 : current limit : 50. Fields, such as  PL, with length equal to the number of genotypes will NOT be added for this location.
Chromosome Chr14 position 51748348 (TileDB column 713613431) has too many alleles in the combined VCF record : 52 : current limit : 50. Fields, such as  PL, with length equal to the number of genotypes will NOT be added for this location.
Chromosome Chr14 position 49822166 (TileDB column 711687249) has too many alleles in the combined VCF record : 76 : current limit : 50. Fields, such as  PL, with length equal to the number of genotypes will NOT be added for this location.
Chromosome Chr14 position 47904565 (TileDB column 709769648) has too many alleles in the combined VCF record : 115 : current limit : 50. Fields, such as  PL, with length equal to the number of genotypes will NOT be added for this location.
Chromosome Chr14 position 47906744 (TileDB column 709771827) has too many alleles in the combined VCF record : 61 : current limit : 50. Fields, such as  PL, with length equal to the number of genotypes will NOT be added for this location.
Chromosome Chr14 position 49852382 (TileDB column 711717465) has too many alleles in the combined VCF record : 185 : current limit : 50. Fields, such as  PL, with length equal to the number of genotypes will NOT be added for this location.
Chromosome Chr14 position 53766549 (TileDB column 715631632) has too many alleles in the combined VCF record : 106 : current limit : 50. Fields, such as  PL, with length equal to the number of genotypes will NOT be added for this location.
Chromosome Chr14 position 49892689 (TileDB column 711757772) has too many alleles in the combined VCF record : 81 : current limit : 50. Fields, such as  PL, with length equal to the number of genotypes will NOT be added for this location.
Chromosome Chr14 position 53791980 (TileDB column 715657063) has too many alleles in the combined VCF record : 69 : current limit : 50. Fields, such as  PL, with length equal to the number of genotypes will NOT be added for this location.
Chromosome Chr14 position 47987483 (TileDB column 709852566) has too many alleles in the combined VCF record : 52 : current limit : 50. Fields, such as  PL, with length equal to the number of genotypes will NOT be added for this location.
Chromosome Chr14 position 51881063 (TileDB column 713746146) has too many alleles in the combined VCF record : 52 : current limit : 50. Fields, such as  PL, with length equal to the number of genotypes will NOT be added for this location.
Chromosome Chr14 position 53886502 (TileDB column 715751585) has too many alleles in the combined VCF record : 91 : current limit : 50. Fields, such as  PL, with length equal to the number of genotypes will NOT be added for this location.
Chromosome Chr14 position 53890025 (TileDB column 715755108) has too many alleles in the combined VCF record : 76 : current limit : 50. Fields, such as  PL, with length equal to the number of genotypes will NOT be added for this location.
Chromosome Chr14 position 51989660 (TileDB column 713854743) has too many alleles in the combined VCF record : 51 : current limit : 50. Fields, such as  PL, with length equal to the number of genotypes will NOT be added for this location.
Chromosome Chr14 position 51997701 (TileDB column 713862784) has too many alleles in the combined VCF record : 111 : current limit : 50. Fields, such as  PL, with length equal to the number of genotypes will NOT be added for this location.
Chromosome Chr14 position 53928824 (TileDB column 715793907) has too many alleles in the combined VCF record : 51 : current limit : 50. Fields, such as  PL, with length equal to the number of genotypes will NOT be added for this location.
Chromosome Chr14 position 53944525 (TileDB column 715809608) has too many alleles in the combined VCF record : 53 : current limit : 50. Fields, such as  PL, with length equal to the number of genotypes will NOT be added for this location.
Job 68686606 stderr output:

