00:02:03.512 info  NativeGenomicsDB - pid=457339 tid=457563 No valid combination operation found for INFO field InbreedingCoeff  - the field will NOT be part of INFO fields in the generated VCF records
00:02:03.512 info  NativeGenomicsDB - pid=457339 tid=457338 No valid combination operation found for INFO field MLEAC  - the field will NOT be part of INFO fields in the generated VCF records
00:02:03.512 info  NativeGenomicsDB - pid=457339 tid=457606 No valid combination operation found for INFO field MLEAF  - the field will NOT be part of INFO fields in the generated VCF records
Chromosome Chr19 position 30041841 (TileDB column 949480024) has too many alleles in the combined VCF record : 57 : current limit : 50. Fields, such as  PL, with length equal to the number of genotypes will NOT be added for this location.
Chromosome Chr19 position 38061663 (TileDB column 957499846) has too many alleles in the combined VCF record : 56 : current limit : 50. Fields, such as  PL, with length equal to the number of genotypes will NOT be added for this location.
Chromosome Chr19 position 20090664 (TileDB column 939528847) has too many alleles in the combined VCF record : 58 : current limit : 50. Fields, such as  PL, with length equal to the number of genotypes will NOT be added for this location.
Chromosome Chr19 position 20097425 (TileDB column 939535608) has too many alleles in the combined VCF record : 61 : current limit : 50. Fields, such as  PL, with length equal to the number of genotypes will NOT be added for this location.
Chromosome Chr19 position 36100657 (TileDB column 955538840) has too many alleles in the combined VCF record : 55 : current limit : 50. Fields, such as  PL, with length equal to the number of genotypes will NOT be added for this location.
Chromosome Chr19 position 24155730 (TileDB column 943593913) has too many alleles in the combined VCF record : 58 : current limit : 50. Fields, such as  PL, with length equal to the number of genotypes will NOT be added for this location.
Chromosome Chr19 position 32150453 (TileDB column 951588636) has too many alleles in the combined VCF record : 75 : current limit : 50. Fields, such as  PL, with length equal to the number of genotypes will NOT be added for this location.
Chromosome Chr19 position 30156506 (TileDB column 949594689) has too many alleles in the combined VCF record : 83 : current limit : 50. Fields, such as  PL, with length equal to the number of genotypes will NOT be added for this location.
Chromosome Chr19 position 30173434 (TileDB column 949611617) has too many alleles in the combined VCF record : 92 : current limit : 50. Fields, such as  PL, with length equal to the number of genotypes will NOT be added for this location.
Chromosome Chr19 position 34181449 (TileDB column 953619632) has too many alleles in the combined VCF record : 70 : current limit : 50. Fields, such as  PL, with length equal to the number of genotypes will NOT be added for this location.
Chromosome Chr19 position 38182162 (TileDB column 957620345) has too many alleles in the combined VCF record : 68 : current limit : 50. Fields, such as  PL, with length equal to the number of genotypes will NOT be added for this location.
Chromosome Chr19 position 38201582 (TileDB column 957639765) has too many alleles in the combined VCF record : 51 : current limit : 50. Fields, such as  PL, with length equal to the number of genotypes will NOT be added for this location.
Chromosome Chr19 position 30220812 (TileDB column 949658995) has too many alleles in the combined VCF record : 52 : current limit : 50. Fields, such as  PL, with length equal to the number of genotypes will NOT be added for this location.
Chromosome Chr19 position 34237781 (TileDB column 953675964) has too many alleles in the combined VCF record : 66 : current limit : 50. Fields, such as  PL, with length equal to the number of genotypes will NOT be added for this location.
Chromosome Chr19 position 38258235 (TileDB column 957696418) has too many alleles in the combined VCF record : 84 : current limit : 50. Fields, such as  PL, with length equal to the number of genotypes will NOT be added for this location.
Chromosome Chr19 position 26290521 (TileDB column 945728704) has too many alleles in the combined VCF record : 78 : current limit : 50. Fields, such as  PL, with length equal to the number of genotypes will NOT be added for this location.
Chromosome Chr19 position 38259738 (TileDB column 957697921) has too many alleles in the combined VCF record : 58 : current limit : 50. Fields, such as  PL, with length equal to the number of genotypes will NOT be added for this location.
Chromosome Chr19 position 30287304 (TileDB column 949725487) has too many alleles in the combined VCF record : 98 : current limit : 50. Fields, such as  PL, with length equal to the number of genotypes will NOT be added for this location.
Chromosome Chr19 position 36277000 (TileDB column 955715183) has too many alleles in the combined VCF record : 58 : current limit : 50. Fields, such as  PL, with length equal to the number of genotypes will NOT be added for this location.
Chromosome Chr19 position 32319168 (TileDB column 951757351) has too many alleles in the combined VCF record : 52 : current limit : 50. Fields, such as  PL, with length equal to the number of genotypes will NOT be added for this location.
Chromosome Chr19 position 36291261 (TileDB column 955729444) has too many alleles in the combined VCF record : 58 : current limit : 50. Fields, such as  PL, with length equal to the number of genotypes will NOT be added for this location.
Chromosome Chr19 position 26324626 (TileDB column 945762809) has too many alleles in the combined VCF record : 58 : current limit : 50. Fields, such as  PL, with length equal to the number of genotypes will NOT be added for this location.
Chromosome Chr19 position 28306406 (TileDB column 947744589) has too many alleles in the combined VCF record : 57 : current limit : 50. Fields, such as  PL, with length equal to the number of genotypes will NOT be added for this location.
Chromosome Chr19 position 36317601 (TileDB column 955755784) has too many alleles in the combined VCF record : 57 : current limit : 50. Fields, such as  PL, with length equal to the number of genotypes will NOT be added for this location.
Chromosome Chr19 position 32358338 (TileDB column 951796521) has too many alleles in the combined VCF record : 51 : current limit : 50. Fields, such as  PL, with length equal to the number of genotypes will NOT be added for this location.
Chromosome Chr19 position 36321252 (TileDB column 955759435) has too many alleles in the combined VCF record : 87 : current limit : 50. Fields, such as  PL, with length equal to the number of genotypes will NOT be added for this location.
Chromosome Chr19 position 38328219 (TileDB column 957766402) has too many alleles in the combined VCF record : 95 : current limit : 50. Fields, such as  PL, with length equal to the number of genotypes will NOT be added for this location.
Chromosome Chr19 position 32390659 (TileDB column 951828842) has too many alleles in the combined VCF record : 53 : current limit : 50. Fields, such as  PL, with length equal to the number of genotypes will NOT be added for this location.
Chromosome Chr19 position 32460753 (TileDB column 951898936) has too many alleles in the combined VCF record : 92 : current limit : 50. Fields, such as  PL, with length equal to the number of genotypes will NOT be added for this location.
Chromosome Chr19 position 32460754 (TileDB column 951898937) has too many alleles in the combined VCF record : 140 : current limit : 50. Fields, such as  PL, with length equal to the number of genotypes will NOT be added for this location.
Chromosome Chr19 position 34437975 (TileDB column 953876158) has too many alleles in the combined VCF record : 53 : current limit : 50. Fields, such as  PL, with length equal to the number of genotypes will NOT be added for this location.
Chromosome Chr19 position 34438010 (TileDB column 953876193) has too many alleles in the combined VCF record : 58 : current limit : 50. Fields, such as  PL, with length equal to the number of genotypes will NOT be added for this location.
Chromosome Chr19 position 28465972 (TileDB column 947904155) has too many alleles in the combined VCF record : 67 : current limit : 50. Fields, such as  PL, with length equal to the number of genotypes will NOT be added for this location.
Chromosome Chr19 position 36438859 (TileDB column 955877042) has too many alleles in the combined VCF record : 62 : current limit : 50. Fields, such as  PL, with length equal to the number of genotypes will NOT be added for this location.
Chromosome Chr19 position 26532711 (TileDB column 945970894) has too many alleles in the combined VCF record : 53 : current limit : 50. Fields, such as  PL, with length equal to the number of genotypes will NOT be added for this location.
Chromosome Chr19 position 32498427 (TileDB column 951936610) has too many alleles in the combined VCF record : 88 : current limit : 50. Fields, such as  PL, with length equal to the number of genotypes will NOT be added for this location.
Chromosome Chr19 position 38420973 (TileDB column 957859156) has too many alleles in the combined VCF record : 53 : current limit : 50. Fields, such as  PL, with length equal to the number of genotypes will NOT be added for this location.
Chromosome Chr19 position 22499119 (TileDB column 941937302) has too many alleles in the combined VCF record : 53 : current limit : 50. Fields, such as  PL, with length equal to the number of genotypes will NOT be added for this location.
Chromosome Chr19 position 34495189 (TileDB column 953933372) has too many alleles in the combined VCF record : 61 : current limit : 50. Fields, such as  PL, with length equal to the number of genotypes will NOT be added for this location.
Chromosome Chr19 position 30521581 (TileDB column 949959764) has too many alleles in the combined VCF record : 52 : current limit : 50. Fields, such as  PL, with length equal to the number of genotypes will NOT be added for this location.
Chromosome Chr19 position 32544179 (TileDB column 951982362) has too many alleles in the combined VCF record : 53 : current limit : 50. Fields, such as  PL, with length equal to the number of genotypes will NOT be added for this location.
Chromosome Chr19 position 30558050 (TileDB column 949996233) has too many alleles in the combined VCF record : 52 : current limit : 50. Fields, such as  PL, with length equal to the number of genotypes will NOT be added for this location.
Chromosome Chr19 position 28659815 (TileDB column 948097998) has too many alleles in the combined VCF record : 56 : current limit : 50. Fields, such as  PL, with length equal to the number of genotypes will NOT be added for this location.
Chromosome Chr19 position 30635671 (TileDB column 950073854) has too many alleles in the combined VCF record : 71 : current limit : 50. Fields, such as  PL, with length equal to the number of genotypes will NOT be added for this location.
Chromosome Chr19 position 36642624 (TileDB column 956080807) has too many alleles in the combined VCF record : 61 : current limit : 50. Fields, such as  PL, with length equal to the number of genotypes will NOT be added for this location.
Chromosome Chr19 position 36642638 (TileDB column 956080821) has too many alleles in the combined VCF record : 96 : current limit : 50. Fields, such as  PL, with length equal to the number of genotypes will NOT be added for this location.
Chromosome Chr19 position 36664506 (TileDB column 956102689) has too many alleles in the combined VCF record : 82 : current limit : 50. Fields, such as  PL, with length equal to the number of genotypes will NOT be added for this location.
Chromosome Chr19 position 34696235 (TileDB column 954134418) has too many alleles in the combined VCF record : 51 : current limit : 50. Fields, such as  PL, with length equal to the number of genotypes will NOT be added for this location.
Chromosome Chr19 position 38660021 (TileDB column 958098204) has too many alleles in the combined VCF record : 56 : current limit : 50. Fields, such as  PL, with length equal to the number of genotypes will NOT be added for this location.
Chromosome Chr19 position 36715004 (TileDB column 956153187) has too many alleles in the combined VCF record : 73 : current limit : 50. Fields, such as  PL, with length equal to the number of genotypes will NOT be added for this location.
Chromosome Chr19 position 36739772 (TileDB column 956177955) has too many alleles in the combined VCF record : 67 : current limit : 50. Fields, such as  PL, with length equal to the number of genotypes will NOT be added for this location.
Chromosome Chr19 position 34808272 (TileDB column 954246455) has too many alleles in the combined VCF record : 57 : current limit : 50. Fields, such as  PL, with length equal to the number of genotypes will NOT be added for this location.
Chromosome Chr19 position 34822232 (TileDB column 954260415) has too many alleles in the combined VCF record : 61 : current limit : 50. Fields, such as  PL, with length equal to the number of genotypes will NOT be added for this location.
Chromosome Chr19 position 32878375 (TileDB column 952316558) has too many alleles in the combined VCF record : 54 : current limit : 50. Fields, such as  PL, with length equal to the number of genotypes will NOT be added for this location.
Chromosome Chr19 position 38814289 (TileDB column 958252472) has too many alleles in the combined VCF record : 88 : current limit : 50. Fields, such as  PL, with length equal to the number of genotypes will NOT be added for this location.
Chromosome Chr19 position 32930223 (TileDB column 952368406) has too many alleles in the combined VCF record : 53 : current limit : 50. Fields, such as  PL, with length equal to the number of genotypes will NOT be added for this location.
Chromosome Chr19 position 38826745 (TileDB column 958264928) has too many alleles in the combined VCF record : 63 : current limit : 50. Fields, such as  PL, with length equal to the number of genotypes will NOT be added for this location.
Chromosome Chr19 position 32941463 (TileDB column 952379646) has too many alleles in the combined VCF record : 52 : current limit : 50. Fields, such as  PL, with length equal to the number of genotypes will NOT be added for this location.
Chromosome Chr19 position 30945088 (TileDB column 950383271) has too many alleles in the combined VCF record : 99 : current limit : 50. Fields, such as  PL, with length equal to the number of genotypes will NOT be added for this location.
Chromosome Chr19 position 31061814 (TileDB column 950499997) has too many alleles in the combined VCF record : 58 : current limit : 50. Fields, such as  PL, with length equal to the number of genotypes will NOT be added for this location.
Chromosome Chr19 position 36961051 (TileDB column 956399234) has too many alleles in the combined VCF record : 75 : current limit : 50. Fields, such as  PL, with length equal to the number of genotypes will NOT be added for this location.
Chromosome Chr19 position 36972715 (TileDB column 956410898) has too many alleles in the combined VCF record : 64 : current limit : 50. Fields, such as  PL, with length equal to the number of genotypes will NOT be added for this location.
Chromosome Chr19 position 33097580 (TileDB column 952535763) has too many alleles in the combined VCF record : 82 : current limit : 50. Fields, such as  PL, with length equal to the number of genotypes will NOT be added for this location.
Chromosome Chr19 position 24690546 (TileDB column 944128729) has too many alleles in the combined VCF record : 64 : current limit : 50. Fields, such as  PL, with length equal to the number of genotypes will NOT be added for this location.
Chromosome Chr19 position 37051700 (TileDB column 956489883) has too many alleles in the combined VCF record : 96 : current limit : 50. Fields, such as  PL, with length equal to the number of genotypes will NOT be added for this location.
Chromosome Chr19 position 24697340 (TileDB column 944135523) has too many alleles in the combined VCF record : 51 : current limit : 50. Fields, such as  PL, with length equal to the number of genotypes will NOT be added for this location.
Chromosome Chr19 position 24705899 (TileDB column 944144082) has too many alleles in the combined VCF record : 64 : current limit : 50. Fields, such as  PL, with length equal to the number of genotypes will NOT be added for this location.
Chromosome Chr19 position 24707981 (TileDB column 944146164) has too many alleles in the combined VCF record : 62 : current limit : 50. Fields, such as  PL, with length equal to the number of genotypes will NOT be added for this location.
Chromosome Chr19 position 24708056 (TileDB column 944146239) has too many alleles in the combined VCF record : 60 : current limit : 50. Fields, such as  PL, with length equal to the number of genotypes will NOT be added for this location.
Chromosome Chr19 position 39157492 (TileDB column 958595675) has too many alleles in the combined VCF record : 83 : current limit : 50. Fields, such as  PL, with length equal to the number of genotypes will NOT be added for this location.
Chromosome Chr19 position 21350336 (TileDB column 940788519) has too many alleles in the combined VCF record : 52 : current limit : 50. Fields, such as  PL, with length equal to the number of genotypes will NOT be added for this location.
Chromosome Chr19 position 39198621 (TileDB column 958636804) has too many alleles in the combined VCF record : 66 : current limit : 50. Fields, such as  PL, with length equal to the number of genotypes will NOT be added for this location.
Chromosome Chr19 position 37233962 (TileDB column 956672145) has too many alleles in the combined VCF record : 83 : current limit : 50. Fields, such as  PL, with length equal to the number of genotypes will NOT be added for this location.
Chromosome Chr19 position 39209765 (TileDB column 958647948) has too many alleles in the combined VCF record : 138 : current limit : 50. Fields, such as  PL, with length equal to the number of genotypes will NOT be added for this location.
Chromosome Chr19 position 27484631 (TileDB column 946922814) has too many alleles in the combined VCF record : 51 : current limit : 50. Fields, such as  PL, with length equal to the number of genotypes will NOT be added for this location.
Chromosome Chr19 position 33385065 (TileDB column 952823248) has too many alleles in the combined VCF record : 53 : current limit : 50. Fields, such as  PL, with length equal to the number of genotypes will NOT be added for this location.
Chromosome Chr19 position 37273752 (TileDB column 956711935) has too many alleles in the combined VCF record : 63 : current limit : 50. Fields, such as  PL, with length equal to the number of genotypes will NOT be added for this location.
Chromosome Chr19 position 37280681 (TileDB column 956718864) has too many alleles in the combined VCF record : 67 : current limit : 50. Fields, such as  PL, with length equal to the number of genotypes will NOT be added for this location.
Chromosome Chr19 position 29587130 (TileDB column 949025313) has too many alleles in the combined VCF record : 81 : current limit : 50. Fields, such as  PL, with length equal to the number of genotypes will NOT be added for this location.
Chromosome Chr19 position 29594166 (TileDB column 949032349) has too many alleles in the combined VCF record : 61 : current limit : 50. Fields, such as  PL, with length equal to the number of genotypes will NOT be added for this location.
Chromosome Chr19 position 37305339 (TileDB column 956743522) has too many alleles in the combined VCF record : 77 : current limit : 50. Fields, such as  PL, with length equal to the number of genotypes will NOT be added for this location.
Chromosome Chr19 position 29612322 (TileDB column 949050505) has too many alleles in the combined VCF record : 60 : current limit : 50. Fields, such as  PL, with length equal to the number of genotypes will NOT be added for this location.
Chromosome Chr19 position 37313656 (TileDB column 956751839) has too many alleles in the combined VCF record : 120 : current limit : 50. Fields, such as  PL, with length equal to the number of genotypes will NOT be added for this location.
Chromosome Chr19 position 31480088 (TileDB column 950918271) has too many alleles in the combined VCF record : 91 : current limit : 50. Fields, such as  PL, with length equal to the number of genotypes will NOT be added for this location.
Chromosome Chr19 position 31484841 (TileDB column 950923024) has too many alleles in the combined VCF record : 66 : current limit : 50. Fields, such as  PL, with length equal to the number of genotypes will NOT be added for this location.
Chromosome Chr19 position 29638445 (TileDB column 949076628) has too many alleles in the combined VCF record : 68 : current limit : 50. Fields, such as  PL, with length equal to the number of genotypes will NOT be added for this location.
Chromosome Chr19 position 21484875 (TileDB column 940923058) has too many alleles in the combined VCF record : 51 : current limit : 50. Fields, such as  PL, with length equal to the number of genotypes will NOT be added for this location.
Chromosome Chr19 position 35422587 (TileDB column 954860770) has too many alleles in the combined VCF record : 51 : current limit : 50. Fields, such as  PL, with length equal to the number of genotypes will NOT be added for this location.
Chromosome Chr19 position 39326992 (TileDB column 958765175) has too many alleles in the combined VCF record : 67 : current limit : 50. Fields, such as  PL, with length equal to the number of genotypes will NOT be added for this location.
Chromosome Chr19 position 37380327 (TileDB column 956818510) has too many alleles in the combined VCF record : 55 : current limit : 50. Fields, such as  PL, with length equal to the number of genotypes will NOT be added for this location.
Chromosome Chr19 position 37409955 (TileDB column 956848138) has too many alleles in the combined VCF record : 179 : current limit : 50. Fields, such as  PL, with length equal to the number of genotypes will NOT be added for this location.
Chromosome Chr19 position 39389619 (TileDB column 958827802) has too many alleles in the combined VCF record : 53 : current limit : 50. Fields, such as  PL, with length equal to the number of genotypes will NOT be added for this location.
Chromosome Chr19 position 39398335 (TileDB column 958836518) has too many alleles in the combined VCF record : 59 : current limit : 50. Fields, such as  PL, with length equal to the number of genotypes will NOT be added for this location.
Chromosome Chr19 position 35521337 (TileDB column 954959520) has too many alleles in the combined VCF record : 80 : current limit : 50. Fields, such as  PL, with length equal to the number of genotypes will NOT be added for this location.
Chromosome Chr19 position 39398348 (TileDB column 958836531) has too many alleles in the combined VCF record : 79 : current limit : 50. Fields, such as  PL, with length equal to the number of genotypes will NOT be added for this location.
Chromosome Chr19 position 39400717 (TileDB column 958838900) has too many alleles in the combined VCF record : 69 : current limit : 50. Fields, such as  PL, with length equal to the number of genotypes will NOT be added for this location.
Chromosome Chr19 position 33602930 (TileDB column 953041113) has too many alleles in the combined VCF record : 52 : current limit : 50. Fields, such as  PL, with length equal to the number of genotypes will NOT be added for this location.
Chromosome Chr19 position 23689336 (TileDB column 943127519) has too many alleles in the combined VCF record : 53 : current limit : 50. Fields, such as  PL, with length equal to the number of genotypes will NOT be added for this location.
Chromosome Chr19 position 33605711 (TileDB column 953043894) has too many alleles in the combined VCF record : 91 : current limit : 50. Fields, such as  PL, with length equal to the number of genotypes will NOT be added for this location.
Chromosome Chr19 position 33636838 (TileDB column 953075021) has too many alleles in the combined VCF record : 93 : current limit : 50. Fields, such as  PL, with length equal to the number of genotypes will NOT be added for this location.
Chromosome Chr19 position 27831241 (TileDB column 947269424) has too many alleles in the combined VCF record : 76 : current limit : 50. Fields, such as  PL, with length equal to the number of genotypes will NOT be added for this location.
Chromosome Chr19 position 29875379 (TileDB column 949313562) has too many alleles in the combined VCF record : 92 : current limit : 50. Fields, such as  PL, with length equal to the number of genotypes will NOT be added for this location.
Chromosome Chr19 position 27891702 (TileDB column 947329885) has too many alleles in the combined VCF record : 51 : current limit : 50. Fields, such as  PL, with length equal to the number of genotypes will NOT be added for this location.
Chromosome Chr19 position 39543595 (TileDB column 958981778) has too many alleles in the combined VCF record : 80 : current limit : 50. Fields, such as  PL, with length equal to the number of genotypes will NOT be added for this location.
Chromosome Chr19 position 39555681 (TileDB column 958993864) has too many alleles in the combined VCF record : 53 : current limit : 50. Fields, such as  PL, with length equal to the number of genotypes will NOT be added for this location.
Chromosome Chr19 position 29947255 (TileDB column 949385438) has too many alleles in the combined VCF record : 104 : current limit : 50. Fields, such as  PL, with length equal to the number of genotypes will NOT be added for this location.
Chromosome Chr19 position 31836418 (TileDB column 951274601) has too many alleles in the combined VCF record : 54 : current limit : 50. Fields, such as  PL, with length equal to the number of genotypes will NOT be added for this location.
Chromosome Chr19 position 37648073 (TileDB column 957086256) has too many alleles in the combined VCF record : 57 : current limit : 50. Fields, such as  PL, with length equal to the number of genotypes will NOT be added for this location.
Chromosome Chr19 position 31841363 (TileDB column 951279546) has too many alleles in the combined VCF record : 57 : current limit : 50. Fields, such as  PL, with length equal to the number of genotypes will NOT be added for this location.
Chromosome Chr19 position 35802383 (TileDB column 955240566) has too many alleles in the combined VCF record : 51 : current limit : 50. Fields, such as  PL, with length equal to the number of genotypes will NOT be added for this location.
Chromosome Chr19 position 37724977 (TileDB column 957163160) has too many alleles in the combined VCF record : 71 : current limit : 50. Fields, such as  PL, with length equal to the number of genotypes will NOT be added for this location.
Chromosome Chr19 position 35829261 (TileDB column 955267444) has too many alleles in the combined VCF record : 75 : current limit : 50. Fields, such as  PL, with length equal to the number of genotypes will NOT be added for this location.
Chromosome Chr19 position 35830189 (TileDB column 955268372) has too many alleles in the combined VCF record : 79 : current limit : 50. Fields, such as  PL, with length equal to the number of genotypes will NOT be added for this location.
Chromosome Chr19 position 37732325 (TileDB column 957170508) has too many alleles in the combined VCF record : 56 : current limit : 50. Fields, such as  PL, with length equal to the number of genotypes will NOT be added for this location.
Chromosome Chr19 position 37734353 (TileDB column 957172536) has too many alleles in the combined VCF record : 56 : current limit : 50. Fields, such as  PL, with length equal to the number of genotypes will NOT be added for this location.
Chromosome Chr19 position 37762213 (TileDB column 957200396) has too many alleles in the combined VCF record : 83 : current limit : 50. Fields, such as  PL, with length equal to the number of genotypes will NOT be added for this location.
Chromosome Chr19 position 37762215 (TileDB column 957200398) has too many alleles in the combined VCF record : 70 : current limit : 50. Fields, such as  PL, with length equal to the number of genotypes will NOT be added for this location.
Chromosome Chr19 position 39700886 (TileDB column 959139069) has too many alleles in the combined VCF record : 278 : current limit : 50. Fields, such as  PL, with length equal to the number of genotypes will NOT be added for this location.
Chromosome Chr19 position 35902512 (TileDB column 955340695) has too many alleles in the combined VCF record : 53 : current limit : 50. Fields, such as  PL, with length equal to the number of genotypes will NOT be added for this location.
Chromosome Chr19 position 35902531 (TileDB column 955340714) has too many alleles in the combined VCF record : 59 : current limit : 50. Fields, such as  PL, with length equal to the number of genotypes will NOT be added for this location.
Chromosome Chr19 position 37814080 (TileDB column 957252263) has too many alleles in the combined VCF record : 56 : current limit : 50. Fields, such as  PL, with length equal to the number of genotypes will NOT be added for this location.
Chromosome Chr19 position 37831202 (TileDB column 957269385) has too many alleles in the combined VCF record : 60 : current limit : 50. Fields, such as  PL, with length equal to the number of genotypes will NOT be added for this location.
Chromosome Chr19 position 37842892 (TileDB column 957281075) has too many alleles in the combined VCF record : 69 : current limit : 50. Fields, such as  PL, with length equal to the number of genotypes will NOT be added for this location.
Chromosome Chr19 position 35969801 (TileDB column 955407984) has too many alleles in the combined VCF record : 51 : current limit : 50. Fields, such as  PL, with length equal to the number of genotypes will NOT be added for this location.
Chromosome Chr19 position 37888988 (TileDB column 957327171) has too many alleles in the combined VCF record : 181 : current limit : 50. Fields, such as  PL, with length equal to the number of genotypes will NOT be added for this location.
Chromosome Chr19 position 37920919 (TileDB column 957359102) has too many alleles in the combined VCF record : 51 : current limit : 50. Fields, such as  PL, with length equal to the number of genotypes will NOT be added for this location.
Chromosome Chr19 position 39896774 (TileDB column 959334957) has too many alleles in the combined VCF record : 110 : current limit : 50. Fields, such as  PL, with length equal to the number of genotypes will NOT be added for this location.
Chromosome Chr19 position 39931537 (TileDB column 959369720) has too many alleles in the combined VCF record : 56 : current limit : 50. Fields, such as  PL, with length equal to the number of genotypes will NOT be added for this location.
Chromosome Chr19 position 39945956 (TileDB column 959384139) has too many alleles in the combined VCF record : 100 : current limit : 50. Fields, such as  PL, with length equal to the number of genotypes will NOT be added for this location.
Chromosome Chr19 position 25600579 (TileDB column 945038762) has too many alleles in the combined VCF record : 58 : current limit : 50. Fields, such as  PL, with length equal to the number of genotypes will NOT be added for this location.
Chromosome Chr19 position 25776289 (TileDB column 945214472) has too many alleles in the combined VCF record : 148 : current limit : 50. Fields, such as  PL, with length equal to the number of genotypes will NOT be added for this location.
Chromosome Chr19 position 25776383 (TileDB column 945214566) has too many alleles in the combined VCF record : 92 : current limit : 50. Fields, such as  PL, with length equal to the number of genotypes will NOT be added for this location.
Chromosome Chr19 position 25776565 (TileDB column 945214748) has too many alleles in the combined VCF record : 69 : current limit : 50. Fields, such as  PL, with length equal to the number of genotypes will NOT be added for this location.
Job 68686625 stderr output:

