Cannot find /share/org/YZWL/yzwl_lixg/project/95.gdl_metagenome/02.assembly/megahit/opts.txt
Please check whether the output directory is correctly set by "-o"
Now switching to normal mode.
MEGAHIT v1.1.3
--- [Tue Sep 30 08:32:30 2025] Start assembly. Number of CPU threads 80 ---
--- [Tue Sep 30 08:32:30 2025] Available memory: 1081356886016, used: 300000000000
--- [Tue Sep 30 08:32:30 2025] Converting reads to binaries ---
    [read_lib_functions-inl.h  : 209]     Lib 0 (/share/org/YZWL/yzwl_lixg/project/95.gdl_metagenome/01.data/all_1.fq,/share/org/YZWL/yzwl_lixg/project/95.gdl_metagenome/01.data/all_2.fq): pe, 678488160 reads, 151 max length
    [utils.h                   : 126]     Real: 479.4719	user: 383.5654	sys: 69.3355	maxrss: 164480
--- [Tue Sep 30 08:40:29 2025] k list: 21,29,39,59,79,99,119,141 ---
--- [Tue Sep 30 08:40:29 2025] Extracting solid (k+1)-mers for k = 21 ---
--- [Tue Sep 30 08:51:46 2025] Building graph for k = 21 ---
--- [Tue Sep 30 09:08:37 2025] Assembling contigs from SdBG for k = 21 ---
--- [Tue Sep 30 13:20:39 2025] Local assembling k = 21 ---
--- [Tue Sep 30 13:30:10 2025] Extracting iterative edges from k = 21 to 29 ---
--- [Tue Sep 30 13:56:03 2025] Building graph for k = 29 ---
--- [Tue Sep 30 14:06:48 2025] Assembling contigs from SdBG for k = 29 ---
--- [Tue Sep 30 14:59:41 2025] Local assembling k = 29 ---
--- [Tue Sep 30 15:12:11 2025] Extracting iterative edges from k = 29 to 39 ---
--- [Tue Sep 30 15:23:56 2025] Building graph for k = 39 ---
--- [Tue Sep 30 15:33:46 2025] Assembling contigs from SdBG for k = 39 ---
--- [Tue Sep 30 16:09:53 2025] Local assembling k = 39 ---
--- [Tue Sep 30 16:31:54 2025] Extracting iterative edges from k = 39 to 59 ---
--- [Tue Sep 30 16:43:54 2025] Building graph for k = 59 ---
--- [Tue Sep 30 16:53:53 2025] Assembling contigs from SdBG for k = 59 ---
--- [Tue Sep 30 17:18:36 2025] Local assembling k = 59 ---
--- [Tue Sep 30 17:37:03 2025] Extracting iterative edges from k = 59 to 79 ---
--- [Tue Sep 30 17:45:28 2025] Building graph for k = 79 ---
--- [Tue Sep 30 17:51:54 2025] Assembling contigs from SdBG for k = 79 ---
--- [Tue Sep 30 18:11:47 2025] Local assembling k = 79 ---
--- [Tue Sep 30 18:26:06 2025] Extracting iterative edges from k = 79 to 99 ---
--- [Tue Sep 30 18:33:16 2025] Building graph for k = 99 ---
--- [Tue Sep 30 18:38:17 2025] Assembling contigs from SdBG for k = 99 ---
--- [Tue Sep 30 18:53:57 2025] Local assembling k = 99 ---
--- [Tue Sep 30 19:05:42 2025] Extracting iterative edges from k = 99 to 119 ---
--- [Tue Sep 30 19:10:34 2025] Building graph for k = 119 ---
--- [Tue Sep 30 19:14:51 2025] Assembling contigs from SdBG for k = 119 ---
--- [Tue Sep 30 19:28:08 2025] Local assembling k = 119 ---
--- [Tue Sep 30 19:38:02 2025] Extracting iterative edges from k = 119 to 141 ---
--- [Tue Sep 30 19:40:37 2025] Building graph for k = 141 ---
--- [Tue Sep 30 19:43:46 2025] Assembling contigs from SdBG for k = 141 ---
--- [Tue Sep 30 19:55:11 2025] Merging to output final contigs ---
--- [STAT] 6527944 contigs, total 5452604794 bp, min 200 bp, max 779503 bp, avg 835 bp, N50 1001 bp
--- [Tue Sep 30 19:55:20 2025] ALL DONE. Time elapsed: 40970.416535 seconds ---
/share/org/YZWL/yzwl_lixg/miniforge3/envs/quast_v.5.3.0/opt/quast-5.3.0/quast_libs/html_saver/html_saver.py:324: SyntaxWarning: invalid escape sequence '\/'
  ref_name = re.findall('<a.*>(.*)<\/a>', line)[0]
/share/org/YZWL/yzwl_lixg/miniforge3/envs/quast_v.5.3.0/opt/quast-5.3.0/quast_libs/ra_utils/misc.py:212: SyntaxWarning: invalid escape sequence '\S'
  chr_name_pattern = 'SN:(\S+)'
/share/org/YZWL/yzwl_lixg/miniforge3/envs/quast_v.5.3.0/opt/quast-5.3.0/quast_libs/ra_utils/misc.py:213: SyntaxWarning: invalid escape sequence '\d'
  chr_len_pattern = 'LN:(\d+)'

real	687m34.358s
user	45169m18.159s
sys	53m11.991s
Job 67221890 stderr output:

