[wgsim] seed = 1764306925
[wgsim_core] calculating the total length of the reference sequence...
[wgsim_core] 51 sequences, total length: 1005170234
[wgsim] seed = 1764313240
[wgsim_core] calculating the total length of the reference sequence...
[wgsim_core] 33 sequences, total length: 992341935
[wgsim] seed = 1764317455
[wgsim_core] calculating the total length of the reference sequence...
[wgsim_core] 87 sequences, total length: 1025105661
[wgsim] seed = 1764321651
[wgsim_core] calculating the total length of the reference sequence...
[wgsim_core] 47 sequences, total length: 1004686109
[wgsim] seed = 1764325835
[wgsim_core] calculating the total length of the reference sequence...
[wgsim_core] 20 sequences, total length: 1279815267
[wgsim] seed = 1764330063
[wgsim_core] calculating the total length of the reference sequence...
[wgsim_core] 40 sequences, total length: 1944783366
[wgsim] seed = 1764334314
[wgsim_core] calculating the total length of the reference sequence...
[wgsim_core] 20 sequences, total length: 1373462166
[wgsim] seed = 1764338516
[wgsim_core] calculating the total length of the reference sequence...
[wgsim_core] 20 sequences, total length: 935558332
[wgsim] seed = 1764342755
[wgsim_core] calculating the total length of the reference sequence...
[wgsim_core] 20 sequences, total length: 942908937
[wgsim] seed = 1764346992
[wgsim_core] calculating the total length of the reference sequence...
[wgsim_core] 20 sequences, total length: 992855266
[wgsim] seed = 1764351233
[wgsim_core] calculating the total length of the reference sequence...
[wgsim_core] 67 sequences, total length: 1004106284
[wgsim] seed = 1764355436
[wgsim_core] calculating the total length of the reference sequence...
[wgsim_core] 81 sequences, total length: 1010090643
[wgsim] seed = 1764359617
[wgsim_core] calculating the total length of the reference sequence...
[wgsim_core] 74 sequences, total length: 1024483874
[wgsim] seed = 1764363830
[wgsim_core] calculating the total length of the reference sequence...
[wgsim_core] 63 sequences, total length: 1008771420
[wgsim] seed = 1764368021
[wgsim_core] calculating the total length of the reference sequence...
[wgsim_core] 41 sequences, total length: 1007762618
[wgsim] seed = 1764372207
[wgsim_core] calculating the total length of the reference sequence...
[wgsim_core] 63 sequences, total length: 1007371887
[wgsim] seed = 1764376391
[wgsim_core] calculating the total length of the reference sequence...
[wgsim_core] 106 sequences, total length: 1059785426
[wgsim] seed = 1764380578
[wgsim_core] calculating the total length of the reference sequence...
[wgsim_core] 66 sequences, total length: 1004895999
[wgsim_core] skip sequence 'S18.HiC_scaffold_66' as it is shorter than 650!
[wgsim] seed = 1764384778
[wgsim_core] calculating the total length of the reference sequence...
[wgsim_core] 118 sequences, total length: 1006955568
[wgsim] seed = 1764388973
[wgsim_core] calculating the total length of the reference sequence...
[wgsim_core] 52 sequences, total length: 1021346816
[wgsim] seed = 1764393164
[wgsim_core] calculating the total length of the reference sequence...
[wgsim_core] 74 sequences, total length: 1014546956
[wgsim] seed = 1764397343
[wgsim_core] calculating the total length of the reference sequence...
[wgsim_core] 40 sequences, total length: 1002282097
[wgsim] seed = 1764401545
[wgsim_core] calculating the total length of the reference sequence...
[wgsim_core] 79 sequences, total length: 1028221978
[wgsim] seed = 1764405746
[wgsim_core] calculating the total length of the reference sequence...
[wgsim_core] 59 sequences, total length: 1011072652
[wgsim] seed = 1764409940
[wgsim_core] calculating the total length of the reference sequence...
[wgsim_core] 60 sequences, total length: 999712819
[wgsim] seed = 1764414145
[wgsim_core] calculating the total length of the reference sequence...
[wgsim_core] 59 sequences, total length: 1039512901
[wgsim] seed = 1764418337
[wgsim_core] calculating the total length of the reference sequence...
[wgsim_core] 1118 sequences, total length: 1013211804
[wgsim] seed = 1764422503
[wgsim_core] calculating the total length of the reference sequence...
[wgsim_core] 25 sequences, total length: 1001499213
[wgsim] seed = 1764426706
[wgsim_core] calculating the total length of the reference sequence...
[wgsim_core] 282 sequences, total length: 978386919
Failed to produce a sequence with insufficient Ns. Omitting some sequence-pairs
[wgsim] seed = 1764430910
[wgsim_core] calculating the total length of the reference sequence...
[wgsim_core] 1190 sequences, total length: 978495272
Failed to produce a sequence with insufficient Ns. Omitting some sequence-pairs
[wgsim] seed = 1764435102
[wgsim_core] calculating the total length of the reference sequence...
[wgsim_core] 30 sequences, total length: 1003796840
[wgsim] seed = 1764439300
[wgsim_core] calculating the total length of the reference sequence...
[wgsim_core] 54 sequences, total length: 1007878726
[wgsim] seed = 1764443492
[wgsim_core] calculating the total length of the reference sequence...
[wgsim_core] 37 sequences, total length: 997750542
[wgsim] seed = 1764447697
[wgsim_core] calculating the total length of the reference sequence...
[wgsim_core] 58 sequences, total length: 1011840349
[wgsim] seed = 1764451897
[wgsim_core] calculating the total length of the reference sequence...
[wgsim_core] 59 sequences, total length: 999201382
[wgsim] seed = 1764456096
[wgsim_core] calculating the total length of the reference sequence...
[wgsim_core] 53 sequences, total length: 1011671057
Failed to produce a sequence with insufficient Ns. Omitting some sequence-pairs
Job 68129832 stderr output:

