Traceback (most recent call last):
  File "/share/org/YZWL/yzwl_lixg/miniforge3/envs/fithic-v.2.0.8/bin/fithic", line 10, in <module>
    sys.exit(main())
             ~~~~^^
  File "/share/org/YZWL/yzwl_lixg/miniforge3/envs/fithic-v.2.0.8/lib/python3.14/site-packages/fithic/fithic.py", line 317, in main
    (mainDic,observedInterAllCount,observedInterAllSum,observedIntraAllSum,observedIntraInRangeSum) = read_Interactions(contactCountsFile, biasFile)
                                                                                                      ~~~~~~~~~~~~~~~~~^^^^^^^^^^^^^^^^^^^^^^^^^^^^^
  File "/share/org/YZWL/yzwl_lixg/miniforge3/envs/fithic-v.2.0.8/lib/python3.14/site-packages/fithic/fithic.py", line 407, in read_Interactions
    for lines in f:
                 ^
  File "/share/org/YZWL/yzwl_lixg/miniforge3/envs/fithic-v.2.0.8/lib/python3.14/gzip.py", line 360, in read1
    return self._buffer.read1(size)
           ~~~~~~~~~~~~~~~~~~^^^^^^
  File "/share/org/YZWL/yzwl_lixg/miniforge3/envs/fithic-v.2.0.8/lib/python3.14/compression/_common/_streams.py", line 68, in readinto
    data = self.read(len(byte_view))
  File "/share/org/YZWL/yzwl_lixg/miniforge3/envs/fithic-v.2.0.8/lib/python3.14/gzip.py", line 570, in read
    if not self._read_gzip_header():
           ~~~~~~~~~~~~~~~~~~~~~~^^
  File "/share/org/YZWL/yzwl_lixg/miniforge3/envs/fithic-v.2.0.8/lib/python3.14/gzip.py", line 539, in _read_gzip_header
    last_mtime = _read_gzip_header(self._fp)
  File "/share/org/YZWL/yzwl_lixg/miniforge3/envs/fithic-v.2.0.8/lib/python3.14/gzip.py", line 499, in _read_gzip_header
    raise BadGzipFile('Not a gzipped file (%r)' % magic)
gzip.BadGzipFile: Not a gzipped file (b'WA')
Traceback (most recent call last):
  File "/share/org/YZWL/yzwl_lixg/miniforge3/envs/fithic-v.2.0.8/bin/fithic", line 10, in <module>
    sys.exit(main())
             ~~~~^^
  File "/share/org/YZWL/yzwl_lixg/miniforge3/envs/fithic-v.2.0.8/lib/python3.14/site-packages/fithic/fithic.py", line 317, in main
    (mainDic,observedInterAllCount,observedInterAllSum,observedIntraAllSum,observedIntraInRangeSum) = read_Interactions(contactCountsFile, biasFile)
                                                                                                      ~~~~~~~~~~~~~~~~~^^^^^^^^^^^^^^^^^^^^^^^^^^^^^
  File "/share/org/YZWL/yzwl_lixg/miniforge3/envs/fithic-v.2.0.8/lib/python3.14/site-packages/fithic/fithic.py", line 407, in read_Interactions
    for lines in f:
                 ^
  File "/share/org/YZWL/yzwl_lixg/miniforge3/envs/fithic-v.2.0.8/lib/python3.14/gzip.py", line 360, in read1
    return self._buffer.read1(size)
           ~~~~~~~~~~~~~~~~~~^^^^^^
  File "/share/org/YZWL/yzwl_lixg/miniforge3/envs/fithic-v.2.0.8/lib/python3.14/compression/_common/_streams.py", line 68, in readinto
    data = self.read(len(byte_view))
  File "/share/org/YZWL/yzwl_lixg/miniforge3/envs/fithic-v.2.0.8/lib/python3.14/gzip.py", line 570, in read
    if not self._read_gzip_header():
           ~~~~~~~~~~~~~~~~~~~~~~^^
  File "/share/org/YZWL/yzwl_lixg/miniforge3/envs/fithic-v.2.0.8/lib/python3.14/gzip.py", line 539, in _read_gzip_header
    last_mtime = _read_gzip_header(self._fp)
  File "/share/org/YZWL/yzwl_lixg/miniforge3/envs/fithic-v.2.0.8/lib/python3.14/gzip.py", line 499, in _read_gzip_header
    raise BadGzipFile('Not a gzipped file (%r)' % magic)
gzip.BadGzipFile: Not a gzipped file (b'WA')
Traceback (most recent call last):
  File "/share/org/YZWL/yzwl_lixg/miniforge3/envs/fithic-v.2.0.8/bin/fithic", line 10, in <module>
    sys.exit(main())
             ~~~~^^
  File "/share/org/YZWL/yzwl_lixg/miniforge3/envs/fithic-v.2.0.8/lib/python3.14/site-packages/fithic/fithic.py", line 317, in main
    (mainDic,observedInterAllCount,observedInterAllSum,observedIntraAllSum,observedIntraInRangeSum) = read_Interactions(contactCountsFile, biasFile)
                                                                                                      ~~~~~~~~~~~~~~~~~^^^^^^^^^^^^^^^^^^^^^^^^^^^^^
  File "/share/org/YZWL/yzwl_lixg/miniforge3/envs/fithic-v.2.0.8/lib/python3.14/site-packages/fithic/fithic.py", line 407, in read_Interactions
    for lines in f:
                 ^
  File "/share/org/YZWL/yzwl_lixg/miniforge3/envs/fithic-v.2.0.8/lib/python3.14/gzip.py", line 360, in read1
    return self._buffer.read1(size)
           ~~~~~~~~~~~~~~~~~~^^^^^^
  File "/share/org/YZWL/yzwl_lixg/miniforge3/envs/fithic-v.2.0.8/lib/python3.14/compression/_common/_streams.py", line 68, in readinto
    data = self.read(len(byte_view))
  File "/share/org/YZWL/yzwl_lixg/miniforge3/envs/fithic-v.2.0.8/lib/python3.14/gzip.py", line 570, in read
    if not self._read_gzip_header():
           ~~~~~~~~~~~~~~~~~~~~~~^^
  File "/share/org/YZWL/yzwl_lixg/miniforge3/envs/fithic-v.2.0.8/lib/python3.14/gzip.py", line 539, in _read_gzip_header
    last_mtime = _read_gzip_header(self._fp)
  File "/share/org/YZWL/yzwl_lixg/miniforge3/envs/fithic-v.2.0.8/lib/python3.14/gzip.py", line 499, in _read_gzip_header
    raise BadGzipFile('Not a gzipped file (%r)' % magic)
gzip.BadGzipFile: Not a gzipped file (b'WA')
Traceback (most recent call last):
  File "/share/org/YZWL/yzwl_lixg/miniforge3/envs/fithic-v.2.0.8/bin/fithic", line 10, in <module>
    sys.exit(main())
             ~~~~^^
  File "/share/org/YZWL/yzwl_lixg/miniforge3/envs/fithic-v.2.0.8/lib/python3.14/site-packages/fithic/fithic.py", line 317, in main
    (mainDic,observedInterAllCount,observedInterAllSum,observedIntraAllSum,observedIntraInRangeSum) = read_Interactions(contactCountsFile, biasFile)
                                                                                                      ~~~~~~~~~~~~~~~~~^^^^^^^^^^^^^^^^^^^^^^^^^^^^^
  File "/share/org/YZWL/yzwl_lixg/miniforge3/envs/fithic-v.2.0.8/lib/python3.14/site-packages/fithic/fithic.py", line 407, in read_Interactions
    for lines in f:
                 ^
  File "/share/org/YZWL/yzwl_lixg/miniforge3/envs/fithic-v.2.0.8/lib/python3.14/gzip.py", line 360, in read1
    return self._buffer.read1(size)
           ~~~~~~~~~~~~~~~~~~^^^^^^
  File "/share/org/YZWL/yzwl_lixg/miniforge3/envs/fithic-v.2.0.8/lib/python3.14/compression/_common/_streams.py", line 68, in readinto
    data = self.read(len(byte_view))
  File "/share/org/YZWL/yzwl_lixg/miniforge3/envs/fithic-v.2.0.8/lib/python3.14/gzip.py", line 570, in read
    if not self._read_gzip_header():
           ~~~~~~~~~~~~~~~~~~~~~~^^
  File "/share/org/YZWL/yzwl_lixg/miniforge3/envs/fithic-v.2.0.8/lib/python3.14/gzip.py", line 539, in _read_gzip_header
    last_mtime = _read_gzip_header(self._fp)
  File "/share/org/YZWL/yzwl_lixg/miniforge3/envs/fithic-v.2.0.8/lib/python3.14/gzip.py", line 499, in _read_gzip_header
    raise BadGzipFile('Not a gzipped file (%r)' % magic)
gzip.BadGzipFile: Not a gzipped file (b'WA')
Traceback (most recent call last):
  File "/share/org/YZWL/yzwl_lixg/miniforge3/envs/fithic-v.2.0.8/bin/fithic", line 10, in <module>
    sys.exit(main())
             ~~~~^^
  File "/share/org/YZWL/yzwl_lixg/miniforge3/envs/fithic-v.2.0.8/lib/python3.14/site-packages/fithic/fithic.py", line 317, in main
    (mainDic,observedInterAllCount,observedInterAllSum,observedIntraAllSum,observedIntraInRangeSum) = read_Interactions(contactCountsFile, biasFile)
                                                                                                      ~~~~~~~~~~~~~~~~~^^^^^^^^^^^^^^^^^^^^^^^^^^^^^
  File "/share/org/YZWL/yzwl_lixg/miniforge3/envs/fithic-v.2.0.8/lib/python3.14/site-packages/fithic/fithic.py", line 407, in read_Interactions
    for lines in f:
                 ^
  File "/share/org/YZWL/yzwl_lixg/miniforge3/envs/fithic-v.2.0.8/lib/python3.14/gzip.py", line 360, in read1
    return self._buffer.read1(size)
           ~~~~~~~~~~~~~~~~~~^^^^^^
  File "/share/org/YZWL/yzwl_lixg/miniforge3/envs/fithic-v.2.0.8/lib/python3.14/compression/_common/_streams.py", line 68, in readinto
    data = self.read(len(byte_view))
  File "/share/org/YZWL/yzwl_lixg/miniforge3/envs/fithic-v.2.0.8/lib/python3.14/gzip.py", line 570, in read
    if not self._read_gzip_header():
           ~~~~~~~~~~~~~~~~~~~~~~^^
  File "/share/org/YZWL/yzwl_lixg/miniforge3/envs/fithic-v.2.0.8/lib/python3.14/gzip.py", line 539, in _read_gzip_header
    last_mtime = _read_gzip_header(self._fp)
  File "/share/org/YZWL/yzwl_lixg/miniforge3/envs/fithic-v.2.0.8/lib/python3.14/gzip.py", line 499, in _read_gzip_header
    raise BadGzipFile('Not a gzipped file (%r)' % magic)
gzip.BadGzipFile: Not a gzipped file (b'WA')
Job 68253554 stderr output:

