/share/org/YZWL/yzwl_lixg/software/biopytools/biopytools/orthofinder_pangenome/visualization.py:421: UserWarning: Glyph 129516 (\N{DNA DOUBLE HELIX}) missing from font(s) DejaVu Sans.
  plt.tight_layout()
/share/org/YZWL/yzwl_lixg/software/biopytools/biopytools/orthofinder_pangenome/visualization.py:421: UserWarning: Glyph 128308 (\N{LARGE RED CIRCLE}) missing from font(s) DejaVu Sans.
  plt.tight_layout()
/share/org/YZWL/yzwl_lixg/software/biopytools/biopytools/orthofinder_pangenome/visualization.py:421: UserWarning: Glyph 128992 (\N{LARGE ORANGE CIRCLE}) missing from font(s) DejaVu Sans.
  plt.tight_layout()
/share/org/YZWL/yzwl_lixg/software/biopytools/biopytools/orthofinder_pangenome/visualization.py:421: UserWarning: Glyph 128993 (\N{LARGE YELLOW CIRCLE}) missing from font(s) DejaVu Sans.
  plt.tight_layout()
/share/org/YZWL/yzwl_lixg/software/biopytools/biopytools/orthofinder_pangenome/visualization.py:421: UserWarning: Glyph 128994 (\N{LARGE GREEN CIRCLE}) missing from font(s) DejaVu Sans.
  plt.tight_layout()
/share/org/YZWL/yzwl_lixg/software/biopytools/biopytools/orthofinder_pangenome/visualization.py:425: UserWarning: Glyph 129516 (\N{DNA DOUBLE HELIX}) missing from font(s) DejaVu Sans.
  plt.savefig(plot_file, dpi=self.config.figure_dpi, bbox_inches='tight')
/share/org/YZWL/yzwl_lixg/software/biopytools/biopytools/orthofinder_pangenome/visualization.py:425: UserWarning: Glyph 128308 (\N{LARGE RED CIRCLE}) missing from font(s) DejaVu Sans.
  plt.savefig(plot_file, dpi=self.config.figure_dpi, bbox_inches='tight')
/share/org/YZWL/yzwl_lixg/software/biopytools/biopytools/orthofinder_pangenome/visualization.py:425: UserWarning: Glyph 128992 (\N{LARGE ORANGE CIRCLE}) missing from font(s) DejaVu Sans.
  plt.savefig(plot_file, dpi=self.config.figure_dpi, bbox_inches='tight')
/share/org/YZWL/yzwl_lixg/software/biopytools/biopytools/orthofinder_pangenome/visualization.py:425: UserWarning: Glyph 128993 (\N{LARGE YELLOW CIRCLE}) missing from font(s) DejaVu Sans.
  plt.savefig(plot_file, dpi=self.config.figure_dpi, bbox_inches='tight')
/share/org/YZWL/yzwl_lixg/software/biopytools/biopytools/orthofinder_pangenome/visualization.py:425: UserWarning: Glyph 128994 (\N{LARGE GREEN CIRCLE}) missing from font(s) DejaVu Sans.
  plt.savefig(plot_file, dpi=self.config.figure_dpi, bbox_inches='tight')
/share/org/YZWL/yzwl_lixg/software/biopytools/biopytools/orthofinder_pangenome/visualization.py:474: UserWarning: Glyph 128308 (\N{LARGE RED CIRCLE}) missing from font(s) DejaVu Sans.
  plt.tight_layout()
/share/org/YZWL/yzwl_lixg/software/biopytools/biopytools/orthofinder_pangenome/visualization.py:474: UserWarning: Glyph 128992 (\N{LARGE ORANGE CIRCLE}) missing from font(s) DejaVu Sans.
  plt.tight_layout()
/share/org/YZWL/yzwl_lixg/software/biopytools/biopytools/orthofinder_pangenome/visualization.py:474: UserWarning: Glyph 128993 (\N{LARGE YELLOW CIRCLE}) missing from font(s) DejaVu Sans.
  plt.tight_layout()
/share/org/YZWL/yzwl_lixg/software/biopytools/biopytools/orthofinder_pangenome/visualization.py:474: UserWarning: Glyph 128994 (\N{LARGE GREEN CIRCLE}) missing from font(s) DejaVu Sans.
  plt.tight_layout()
/share/org/YZWL/yzwl_lixg/software/biopytools/biopytools/orthofinder_pangenome/visualization.py:474: UserWarning: Glyph 10060 (\N{CROSS MARK}) missing from font(s) DejaVu Sans.
  plt.tight_layout()
/share/org/YZWL/yzwl_lixg/software/biopytools/biopytools/orthofinder_pangenome/visualization.py:478: UserWarning: Glyph 128308 (\N{LARGE RED CIRCLE}) missing from font(s) DejaVu Sans.
  plt.savefig(plot_file, dpi=self.config.figure_dpi, bbox_inches='tight')
/share/org/YZWL/yzwl_lixg/software/biopytools/biopytools/orthofinder_pangenome/visualization.py:478: UserWarning: Glyph 128992 (\N{LARGE ORANGE CIRCLE}) missing from font(s) DejaVu Sans.
  plt.savefig(plot_file, dpi=self.config.figure_dpi, bbox_inches='tight')
/share/org/YZWL/yzwl_lixg/software/biopytools/biopytools/orthofinder_pangenome/visualization.py:478: UserWarning: Glyph 128993 (\N{LARGE YELLOW CIRCLE}) missing from font(s) DejaVu Sans.
  plt.savefig(plot_file, dpi=self.config.figure_dpi, bbox_inches='tight')
/share/org/YZWL/yzwl_lixg/software/biopytools/biopytools/orthofinder_pangenome/visualization.py:478: UserWarning: Glyph 128994 (\N{LARGE GREEN CIRCLE}) missing from font(s) DejaVu Sans.
  plt.savefig(plot_file, dpi=self.config.figure_dpi, bbox_inches='tight')
/share/org/YZWL/yzwl_lixg/software/biopytools/biopytools/orthofinder_pangenome/visualization.py:478: UserWarning: Glyph 10060 (\N{CROSS MARK}) missing from font(s) DejaVu Sans.
  plt.savefig(plot_file, dpi=self.config.figure_dpi, bbox_inches='tight')
Job 67217160 stderr output:

