Traceback (most recent call last):
  File "/share/org/YZWL/yzwl_lixg/.local/bin/biopytools", line 8, in <module>
    sys.exit(main())
  File "/share/org/YZWL/yzwl_lixg/software/biopytools/biopytools/cli/main.py", line 264, in main
    cli()
  File "/share/org/YZWL/yzwl_lixg/miniforge3/envs/biopytools/lib/python3.10/site-packages/click/core.py", line 1442, in __call__
    return self.main(*args, **kwargs)
  File "/share/org/YZWL/yzwl_lixg/miniforge3/envs/biopytools/lib/python3.10/site-packages/click/core.py", line 1363, in main
    rv = self.invoke(ctx)
  File "/share/org/YZWL/yzwl_lixg/miniforge3/envs/biopytools/lib/python3.10/site-packages/click/core.py", line 1830, in invoke
    return _process_result(sub_ctx.command.invoke(sub_ctx))
  File "/share/org/YZWL/yzwl_lixg/miniforge3/envs/biopytools/lib/python3.10/site-packages/click/core.py", line 1226, in invoke
    return ctx.invoke(self.callback, **ctx.params)
  File "/share/org/YZWL/yzwl_lixg/miniforge3/envs/biopytools/lib/python3.10/site-packages/click/core.py", line 794, in invoke
    return callback(*args, **kwargs)
TypeError: bwa() got an unexpected keyword argument 'bwa_s'
Job 67218085 stderr output:

Traceback (most recent call last):
  File "/share/org/YZWL/yzwl_lixg/.local/bin/biopytools", line 8, in <module>
    sys.exit(main())
  File "/share/org/YZWL/yzwl_lixg/software/biopytools/biopytools/cli/main.py", line 264, in main
    cli()
  File "/share/org/YZWL/yzwl_lixg/miniforge3/envs/biopytools/lib/python3.10/site-packages/click/core.py", line 1442, in __call__
    return self.main(*args, **kwargs)
  File "/share/org/YZWL/yzwl_lixg/miniforge3/envs/biopytools/lib/python3.10/site-packages/click/core.py", line 1363, in main
    rv = self.invoke(ctx)
  File "/share/org/YZWL/yzwl_lixg/miniforge3/envs/biopytools/lib/python3.10/site-packages/click/core.py", line 1830, in invoke
    return _process_result(sub_ctx.command.invoke(sub_ctx))
  File "/share/org/YZWL/yzwl_lixg/miniforge3/envs/biopytools/lib/python3.10/site-packages/click/core.py", line 1226, in invoke
    return ctx.invoke(self.callback, **ctx.params)
  File "/share/org/YZWL/yzwl_lixg/miniforge3/envs/biopytools/lib/python3.10/site-packages/click/core.py", line 794, in invoke
    return callback(*args, **kwargs)
TypeError: bwa() got an unexpected keyword argument 'bwa_s'
Job 67218086 stderr output:

