[W::hts_idx_load3] The index file is older than the data file: 02.mapping/vcf/SRR12190941.g.vcf.gz.tbi
[W::hts_idx_load3] The index file is older than the data file: 02.mapping/vcf/SRR12190941.g.vcf.gz.tbi
[W::hts_idx_load3] The index file is older than the data file: 02.mapping/vcf/SRR12190941.g.vcf.gz.tbi
[W::hts_idx_load3] The index file is older than the data file: 02.mapping/vcf/SRR12190941.g.vcf.gz.tbi
[W::hts_idx_load3] The index file is older than the data file: 02.mapping/vcf/SRR12190941.g.vcf.gz.tbi
[W::hts_idx_load3] The index file is older than the data file: 02.mapping/vcf/SRR12190941.g.vcf.gz.tbi
[W::hts_idx_load3] The index file is older than the data file: 02.mapping/vcf/SRR12190941.g.vcf.gz.tbi
[W::hts_idx_load3] The index file is older than the data file: 02.mapping/vcf/W209A.g.vcf.gz.tbi
[W::hts_idx_load3] The index file is older than the data file: 02.mapping/vcf/W209A.g.vcf.gz.tbi
[W::hts_idx_load3] The index file is older than the data file: 02.mapping/vcf/W209A.g.vcf.gz.tbi
[W::hts_idx_load3] The index file is older than the data file: 02.mapping/vcf/W209A.g.vcf.gz.tbi
[W::hts_idx_load3] The index file is older than the data file: 02.mapping/vcf/W209A.g.vcf.gz.tbi
[W::hts_idx_load3] The index file is older than the data file: 02.mapping/vcf/W209A.g.vcf.gz.tbi
[W::hts_idx_load3] The index file is older than the data file: 02.mapping/vcf/W209A.g.vcf.gz.tbi
[W::hts_idx_load3] [W::hts_idx_load3] [W::hts_idx_load3] The index file is older than the data file: 02.mapping/vcf/W211A.g.vcf.gz.tbi
The index file is older than the data file: 02.mapping/vcf/W211A.g.vcf.gz.tbi
[W::hts_idx_load3] The index file is older than the data file: 02.mapping/vcf/W211A.g.vcf.gz.tbi
[W::hts_idx_load3] The index file is older than the data file: 02.mapping/vcf/W211A.g.vcf.gz.tbi
[W::hts_idx_load3] The index file is older than the data file: 02.mapping/vcf/W211A.g.vcf.gz.tbi
The index file is older than the data file: 02.mapping/vcf/W211A.g.vcf.gz.tbi
[W::hts_idx_load3] The index file is older than the data file: 02.mapping/vcf/W211A.g.vcf.gz.tbi
[W::hts_idx_load3] The index file is older than the data file: 02.mapping/vcf/W398A.g.vcf.gz.tbi
[W::hts_idx_load3] The index file is older than the data file: 02.mapping/vcf/W398A.g.vcf.gz.tbi
[W::hts_idx_load3] The index file is older than the data file: 02.mapping/vcf/W398A.g.vcf.gz.tbi
[W::hts_idx_load3] The index file is older than the data file: 02.mapping/vcf/W398A.g.vcf.gz.tbi
[W::hts_idx_load3] The index file is older than the data file: 02.mapping/vcf/W398A.g.vcf.gz.tbi
[W::hts_idx_load3] The index file is older than the data file: 02.mapping/vcf/W398A.g.vcf.gz.tbi
[W::hts_idx_load3] The index file is older than the data file: 02.mapping/vcf/W398A.g.vcf.gz.tbi
00:03:49.266 info  NativeGenomicsDB - pid=3157258 tid=3158336 No valid combination operation found for INFO field InbreedingCoeff  - the field will NOT be part of INFO fields in the generated VCF records
00:03:49.266 info  NativeGenomicsDB - pid=3157258 tid=3158341 No valid combination operation found for INFO field MLEAF  - the field will NOT be part of INFO fields in the generated VCF records
00:03:49.266 info  NativeGenomicsDB - pid=3157258 tid=3158346 No valid combination operation found for INFO field MLEAC  - the field will NOT be part of INFO fields in the generated VCF records
Chromosome Chr04 position 52005429 (TileDB column 220654287) has too many alleles in the combined VCF record : 53 : current limit : 50. Fields, such as  PL, with length equal to the number of genotypes will NOT be added for this location.
Chromosome Chr04 position 46010980 (TileDB column 214659838) has too many alleles in the combined VCF record : 105 : current limit : 50. Fields, such as  PL, with length equal to the number of genotypes will NOT be added for this location.
Job 68683294 stderr output:

