­ЪЊІ ТГБтюеућЪТѕљТаитЊЂтѕЌУАе...
  РюЊ Ти╗тіаТаитЊЂ: 41
  РюЊ Ти╗тіаТаитЊЂ: 6497
  РюЊ Ти╗тіаТаитЊЂ: 7076
  РюЊ Ти╗тіаТаитЊЂ: A1-10
  РюЊ Ти╗тіаТаитЊЂ: A1-11
  РюЊ Ти╗тіаТаитЊЂ: A1-12
  РюЊ Ти╗тіаТаитЊЂ: A1-13
  РюЊ Ти╗тіаТаитЊЂ: A1-14
  РюЊ Ти╗тіаТаитЊЂ: A1-15
  РюЊ Ти╗тіаТаитЊЂ: A1-16
  РюЊ Ти╗тіаТаитЊЂ: A1-17
  РюЊ Ти╗тіаТаитЊЂ: A1-18
  РюЊ Ти╗тіаТаитЊЂ: A1-19
  РюЊ Ти╗тіаТаитЊЂ: A1-1
  РюЊ Ти╗тіаТаитЊЂ: A1-20
  РюЊ Ти╗тіаТаитЊЂ: A1-21
  РюЊ Ти╗тіаТаитЊЂ: A1-22
  РюЊ Ти╗тіаТаитЊЂ: A1-23
  РюЊ Ти╗тіаТаитЊЂ: A1-24
  РюЊ Ти╗тіаТаитЊЂ: A1-25
  РюЊ Ти╗тіаТаитЊЂ: A1-26
  РюЊ Ти╗тіаТаитЊЂ: A1-2
  РюЊ Ти╗тіаТаитЊЂ: A1-3
  РюЊ Ти╗тіаТаитЊЂ: A1-4
  РюЊ Ти╗тіаТаитЊЂ: A1-5
  РюЊ Ти╗тіаТаитЊЂ: A1-6
  РюЊ Ти╗тіаТаитЊЂ: A1-7
  РюЊ Ти╗тіаТаитЊЂ: A1-8
  РюЊ Ти╗тіаТаитЊЂ: A1-9
  РюЊ Ти╗тіаТаитЊЂ: A2-1
  РюЊ Ти╗тіаТаитЊЂ: A2-3
  РюЊ Ти╗тіаТаитЊЂ: A2-4
  РюЊ Ти╗тіаТаитЊЂ: A2-5
  РюЊ Ти╗тіаТаитЊЂ: A3-10
  РюЊ Ти╗тіаТаитЊЂ: A3-11
  РюЊ Ти╗тіаТаитЊЂ: A3-12
  РюЊ Ти╗тіаТаитЊЂ: A3-13
  РюЊ Ти╗тіаТаитЊЂ: A3-14
  РюЊ Ти╗тіаТаитЊЂ: A3-15
  РюЊ Ти╗тіаТаитЊЂ: A3-16
  РюЊ Ти╗тіаТаитЊЂ: A3-17
  РюЊ Ти╗тіаТаитЊЂ: A3-18
  РюЊ Ти╗тіаТаитЊЂ: A3-19
  РюЊ Ти╗тіаТаитЊЂ: A3-1
  РюЊ Ти╗тіаТаитЊЂ: A3-20
  РюЊ Ти╗тіаТаитЊЂ: A3-21
  РюЊ Ти╗тіаТаитЊЂ: A3-22
  РюЊ Ти╗тіаТаитЊЂ: A3-23
  РюЊ Ти╗тіаТаитЊЂ: A3-24
  РюЊ Ти╗тіаТаитЊЂ: A3-25
  РюЊ Ти╗тіаТаитЊЂ: A3-26
  РюЊ Ти╗тіаТаитЊЂ: A3-27
  РюЊ Ти╗тіаТаитЊЂ: A3-28
  РюЊ Ти╗тіаТаитЊЂ: A3-29
  РюЊ Ти╗тіаТаитЊЂ: A3-2
  РюЊ Ти╗тіаТаитЊЂ: A3-30
  РюЊ Ти╗тіаТаитЊЂ: A3-31
  РюЊ Ти╗тіаТаитЊЂ: A3-32
  РюЊ Ти╗тіаТаитЊЂ: A3-33
  РюЊ Ти╗тіаТаитЊЂ: A3-34
  РюЊ Ти╗тіаТаитЊЂ: A3-35
  РюЊ Ти╗тіаТаитЊЂ: A3-36
  РюЊ Ти╗тіаТаитЊЂ: A3-37
  РюЊ Ти╗тіаТаитЊЂ: A3-38
  РюЊ Ти╗тіаТаитЊЂ: A3-39
  РюЊ Ти╗тіаТаитЊЂ: A3-3
  РюЊ Ти╗тіаТаитЊЂ: A3-40
  РюЊ Ти╗тіаТаитЊЂ: A3-41
  РюЊ Ти╗тіаТаитЊЂ: A3-42
  РюЊ Ти╗тіаТаитЊЂ: A3-43
  РюЊ Ти╗тіаТаитЊЂ: A3-44
  РюЊ Ти╗тіаТаитЊЂ: A3-45
  РюЊ Ти╗тіаТаитЊЂ: A3-46
  РюЊ Ти╗тіаТаитЊЂ: A3-47
  РюЊ Ти╗тіаТаитЊЂ: A3-48
  РюЊ Ти╗тіаТаитЊЂ: A3-49
  РюЊ Ти╗тіаТаитЊЂ: A3-4
  РюЊ Ти╗тіаТаитЊЂ: A3-50
  РюЊ Ти╗тіаТаитЊЂ: A3-51
  РюЊ Ти╗тіаТаитЊЂ: A3-52
  РюЊ Ти╗тіаТаитЊЂ: A3-53
  РюЊ Ти╗тіаТаитЊЂ: A3-54
  РюЊ Ти╗тіаТаитЊЂ: A3-55
  РюЊ Ти╗тіаТаитЊЂ: A3-56
  РюЊ Ти╗тіаТаитЊЂ: A3-57
  РюЊ Ти╗тіаТаитЊЂ: A3-58
  РюЊ Ти╗тіаТаитЊЂ: A3-5
  РюЊ Ти╗тіаТаитЊЂ: A3-6
  РюЊ Ти╗тіаТаитЊЂ: A3-7
  РюЊ Ти╗тіаТаитЊЂ: A3-8
  РюЊ Ти╗тіаТаитЊЂ: A3-9
  РюЊ Ти╗тіаТаитЊЂ: B1-1
  РюЊ Ти╗тіаТаитЊЂ: B1-2
  РюЊ Ти╗тіаТаитЊЂ: B1-3
  РюЊ Ти╗тіаТаитЊЂ: B1-4
  РюЊ Ти╗тіаТаитЊЂ: B1-5
  РюЊ Ти╗тіаТаитЊЂ: B2-1
  РюЊ Ти╗тіаТаитЊЂ: B2-2
  РюЊ Ти╗тіаТаитЊЂ: B2-3
  РюЊ Ти╗тіаТаитЊЂ: B2-4
  РюЊ Ти╗тіаТаитЊЂ: B2-5
  РюЊ Ти╗тіаТаитЊЂ: B2-6
  РюЊ Ти╗тіаТаитЊЂ: B2-7
  РюЊ Ти╗тіаТаитЊЂ: B3-10
  РюЊ Ти╗тіаТаитЊЂ: B3-11
  РюЊ Ти╗тіаТаитЊЂ: B3-12
  РюЊ Ти╗тіаТаитЊЂ: B3-13
  РюЊ Ти╗тіаТаитЊЂ: B3-14
  РюЊ Ти╗тіаТаитЊЂ: B3-15
  РюЊ Ти╗тіаТаитЊЂ: B3-16
  РюЊ Ти╗тіаТаитЊЂ: B3-1
  РюЊ Ти╗тіаТаитЊЂ: B3-2
  РюЊ Ти╗тіаТаитЊЂ: B3-3
  РюЊ Ти╗тіаТаитЊЂ: B3-4
  РюЊ Ти╗тіаТаитЊЂ: B3-5
  РюЊ Ти╗тіаТаитЊЂ: B3-6
  РюЊ Ти╗тіаТаитЊЂ: B3-7
  РюЊ Ти╗тіаТаитЊЂ: B3-8
  РюЊ Ти╗тіаТаитЊЂ: B3-9
  РюЊ Ти╗тіаТаитЊЂ: B4-10
  РюЊ Ти╗тіаТаитЊЂ: B4-11
  РюЊ Ти╗тіаТаитЊЂ: B4-12
  РюЊ Ти╗тіаТаитЊЂ: B4-13
  РюЊ Ти╗тіаТаитЊЂ: B4-14
  РюЊ Ти╗тіаТаитЊЂ: B4-15
  РюЊ Ти╗тіаТаитЊЂ: B4-16
  РюЊ Ти╗тіаТаитЊЂ: B4-17
  РюЊ Ти╗тіаТаитЊЂ: B4-18
  РюЊ Ти╗тіаТаитЊЂ: B4-19
  РюЊ Ти╗тіаТаитЊЂ: B4-1
  РюЊ Ти╗тіаТаитЊЂ: B4-20
  РюЊ Ти╗тіаТаитЊЂ: B4-21
  РюЊ Ти╗тіаТаитЊЂ: B4-22
  РюЊ Ти╗тіаТаитЊЂ: B4-23
  РюЊ Ти╗тіаТаитЊЂ: B4-24
  РюЊ Ти╗тіаТаитЊЂ: B4-25
  РюЊ Ти╗тіаТаитЊЂ: B4-26
  РюЊ Ти╗тіаТаитЊЂ: B4-27
  РюЊ Ти╗тіаТаитЊЂ: B4-28
  РюЊ Ти╗тіаТаитЊЂ: B4-29
  РюЊ Ти╗тіаТаитЊЂ: B4-2
  РюЊ Ти╗тіаТаитЊЂ: B4-30
  РюЊ Ти╗тіаТаитЊЂ: B4-31
  РюЊ Ти╗тіаТаитЊЂ: B4-32
  РюЊ Ти╗тіаТаитЊЂ: B4-33
  РюЊ Ти╗тіаТаитЊЂ: B4-34
  РюЊ Ти╗тіаТаитЊЂ: B4-35
  РюЊ Ти╗тіаТаитЊЂ: B4-36
  РюЊ Ти╗тіаТаитЊЂ: B4-37
  РюЊ Ти╗тіаТаитЊЂ: B4-38
  РюЊ Ти╗тіаТаитЊЂ: B4-39
  РюЊ Ти╗тіаТаитЊЂ: B4-3
  РюЊ Ти╗тіаТаитЊЂ: B4-40
  РюЊ Ти╗тіаТаитЊЂ: B4-41
  РюЊ Ти╗тіаТаитЊЂ: B4-42
  РюЊ Ти╗тіаТаитЊЂ: B4-43
  РюЊ Ти╗тіаТаитЊЂ: B4-44
  РюЊ Ти╗тіаТаитЊЂ: B4-45
  РюЊ Ти╗тіаТаитЊЂ: B4-46
  РюЊ Ти╗тіаТаитЊЂ: B4-47
  РюЊ Ти╗тіаТаитЊЂ: B4-48
  РюЊ Ти╗тіаТаитЊЂ: B4-49
  РюЊ Ти╗тіаТаитЊЂ: B4-4
  РюЊ Ти╗тіаТаитЊЂ: B4-50
  РюЊ Ти╗тіаТаитЊЂ: B4-51
  РюЊ Ти╗тіаТаитЊЂ: B4-52
  РюЊ Ти╗тіаТаитЊЂ: B4-53
  РюЊ Ти╗тіаТаитЊЂ: B4-54
  РюЊ Ти╗тіаТаитЊЂ: B4-5
  РюЊ Ти╗тіаТаитЊЂ: B4-6
  РюЊ Ти╗тіаТаитЊЂ: B4-7
  РюЊ Ти╗тіаТаитЊЂ: B4-8
  РюЊ Ти╗тіаТаитЊЂ: B4-9
  РюЊ Ти╗тіаТаитЊЂ: D1-1
  РюЊ Ти╗тіаТаитЊЂ: D1-2
  РюЊ Ти╗тіаТаитЊЂ: D1-3
  РюЊ Ти╗тіаТаитЊЂ: D1-4
  РюЊ Ти╗тіаТаитЊЂ: D1-5
  РюЊ Ти╗тіаТаитЊЂ: D1-6
  РюЊ Ти╗тіаТаитЊЂ: D2-10
  РюЊ Ти╗тіаТаитЊЂ: D2-11
  РюЊ Ти╗тіаТаитЊЂ: D2-12
  РюЊ Ти╗тіаТаитЊЂ: D2-13
  РюЊ Ти╗тіаТаитЊЂ: D2-14
  РюЊ Ти╗тіаТаитЊЂ: D2-15
  РюЊ Ти╗тіаТаитЊЂ: D2-16
  РюЊ Ти╗тіаТаитЊЂ: D2-17
  РюЊ Ти╗тіаТаитЊЂ: D2-18
  РюЊ Ти╗тіаТаитЊЂ: D2-19
  РюЊ Ти╗тіаТаитЊЂ: D2-1
  РюЊ Ти╗тіаТаитЊЂ: D2-20
  РюЊ Ти╗тіаТаитЊЂ: D2-21
  РюЊ Ти╗тіаТаитЊЂ: D2-2
  РюЊ Ти╗тіаТаитЊЂ: D2-3
  РюЊ Ти╗тіаТаитЊЂ: D2-4
  РюЊ Ти╗тіаТаитЊЂ: D2-5
  РюЊ Ти╗тіаТаитЊЂ: D2-6
  РюЊ Ти╗тіаТаитЊЂ: D2-7
  РюЊ Ти╗тіаТаитЊЂ: D2-8
  РюЊ Ти╗тіаТаитЊЂ: D2-9
  РюЊ Ти╗тіаТаитЊЂ: D3-1
  РюЊ Ти╗тіаТаитЊЂ: D3-2
  РюЊ Ти╗тіаТаитЊЂ: D3-3
  РюЊ Ти╗тіаТаитЊЂ: D4-10
  РюЊ Ти╗тіаТаитЊЂ: D4-1
  РюЊ Ти╗тіаТаитЊЂ: D4-2
  РюЊ Ти╗тіаТаитЊЂ: D4-3
  РюЊ Ти╗тіаТаитЊЂ: D4-4
  РюЊ Ти╗тіаТаитЊЂ: D4-5
  РюЊ Ти╗тіаТаитЊЂ: D4-6
  РюЊ Ти╗тіаТаитЊЂ: D4-7
  РюЊ Ти╗тіаТаитЊЂ: D4-8
  РюЊ Ти╗тіаТаитЊЂ: D4-9
  РюЊ Ти╗тіаТаитЊЂ: D5-1
  РюЊ Ти╗тіаТаитЊЂ: D5-2
  РюЊ Ти╗тіаТаитЊЂ: D5-3
  РюЊ Ти╗тіаТаитЊЂ: D6-1
  РюЊ Ти╗тіаТаитЊЂ: D6-2
  РюЊ Ти╗тіаТаитЊЂ: D6-3
  РюЊ Ти╗тіаТаитЊЂ: D6-4
  РюЊ Ти╗тіаТаитЊЂ: D6-5
  РюЊ Ти╗тіаТаитЊЂ: D6-6
  РюЊ Ти╗тіаТаитЊЂ: D6-7
  РюЊ Ти╗тіаТаитЊЂ: D6-8
  РюЊ Ти╗тіаТаитЊЂ: K1-1
  РюЊ Ти╗тіаТаитЊЂ: K1-2
  РюЊ Ти╗тіаТаитЊЂ: K2-10
  РюЊ Ти╗тіаТаитЊЂ: K2-11
  РюЊ Ти╗тіаТаитЊЂ: K2-12
  РюЊ Ти╗тіаТаитЊЂ: K2-14
  РюЊ Ти╗тіаТаитЊЂ: K2-15
  РюЊ Ти╗тіаТаитЊЂ: K2-16
  РюЊ Ти╗тіаТаитЊЂ: K2-17
  РюЊ Ти╗тіаТаитЊЂ: K2-18
  РюЊ Ти╗тіаТаитЊЂ: K2-19
  РюЊ Ти╗тіаТаитЊЂ: K2-1
  РюЊ Ти╗тіаТаитЊЂ: K2-20
  РюЊ Ти╗тіаТаитЊЂ: K2-21
  РюЊ Ти╗тіаТаитЊЂ: K2-22
  РюЊ Ти╗тіаТаитЊЂ: K2-23
  РюЊ Ти╗тіаТаитЊЂ: K2-2
  РюЊ Ти╗тіаТаитЊЂ: K2-3
  РюЊ Ти╗тіаТаитЊЂ: K2-4
  РюЊ Ти╗тіаТаитЊЂ: K2-5
  РюЊ Ти╗тіаТаитЊЂ: K2-7
  РюЊ Ти╗тіаТаитЊЂ: K2-8
  РюЊ Ти╗тіаТаитЊЂ: K2-9
  РюЊ Ти╗тіаТаитЊЂ: M-10
  РюЊ Ти╗тіаТаитЊЂ: M-11
  РюЊ Ти╗тіаТаитЊЂ: M-12
  РюЊ Ти╗тіаТаитЊЂ: M-13
  РюЊ Ти╗тіаТаитЊЂ: M-14
  РюЊ Ти╗тіаТаитЊЂ: M-15
  РюЊ Ти╗тіаТаитЊЂ: M-16
  РюЊ Ти╗тіаТаитЊЂ: M-1
  РюЊ Ти╗тіаТаитЊЂ: M-2
  РюЊ Ти╗тіаТаитЊЂ: M-3
  РюЊ Ти╗тіаТаитЊЂ: M-4
  РюЊ Ти╗тіаТаитЊЂ: M-5
  РюЊ Ти╗тіаТаитЊЂ: M-6
  РюЊ Ти╗тіаТаитЊЂ: M-7
  РюЊ Ти╗тіаТаитЊЂ: M-8
  РюЊ Ти╗тіаТаитЊЂ: M-9
  РюЊ Ти╗тіаТаитЊЂ: N10-10
  РюЊ Ти╗тіаТаитЊЂ: N10-11
  РюЊ Ти╗тіаТаитЊЂ: N10-12
  РюЊ Ти╗тіаТаитЊЂ: N10-13
  РюЊ Ти╗тіаТаитЊЂ: N10-14
  РюЊ Ти╗тіаТаитЊЂ: N10-15
  РюЊ Ти╗тіаТаитЊЂ: N10-16
  РюЊ Ти╗тіаТаитЊЂ: N10-1
  РюЊ Ти╗тіаТаитЊЂ: N10-2
  РюЊ Ти╗тіаТаитЊЂ: N10-3
  РюЊ Ти╗тіаТаитЊЂ: N10-4
  РюЊ Ти╗тіаТаитЊЂ: N10-5
  РюЊ Ти╗тіаТаитЊЂ: N10-6
  РюЊ Ти╗тіаТаитЊЂ: N10-7
  РюЊ Ти╗тіаТаитЊЂ: N10-8
  РюЊ Ти╗тіаТаитЊЂ: N10-9
  РюЊ Ти╗тіаТаитЊЂ: N11-1
  РюЊ Ти╗тіаТаитЊЂ: N11-2
  РюЊ Ти╗тіаТаитЊЂ: N11-3
  РюЊ Ти╗тіаТаитЊЂ: N11-4
  РюЊ Ти╗тіаТаитЊЂ: N11-5
  РюЊ Ти╗тіаТаитЊЂ: N11-6
  РюЊ Ти╗тіаТаитЊЂ: N11-7
  РюЊ Ти╗тіаТаитЊЂ: N11-8
  РюЊ Ти╗тіаТаитЊЂ: N12-1
  РюЊ Ти╗тіаТаитЊЂ: N12-2
  РюЊ Ти╗тіаТаитЊЂ: N12-3
  РюЊ Ти╗тіаТаитЊЂ: N12-4
  РюЊ Ти╗тіаТаитЊЂ: N12-5
  РюЊ Ти╗тіаТаитЊЂ: N12-6
  РюЊ Ти╗тіаТаитЊЂ: N12-7
  РюЊ Ти╗тіаТаитЊЂ: N12-8
  РюЊ Ти╗тіаТаитЊЂ: N12-9
  РюЊ Ти╗тіаТаитЊЂ: N2-10
  РюЊ Ти╗тіаТаитЊЂ: N2-11
  РюЊ Ти╗тіаТаитЊЂ: N2-12
  РюЊ Ти╗тіаТаитЊЂ: N2-1
  РюЊ Ти╗тіаТаитЊЂ: N2-2
  РюЊ Ти╗тіаТаитЊЂ: N2-3
  РюЊ Ти╗тіаТаитЊЂ: N2-4
  РюЊ Ти╗тіаТаитЊЂ: N2-5
  РюЊ Ти╗тіаТаитЊЂ: N2-6
  РюЊ Ти╗тіаТаитЊЂ: N2-7
  РюЊ Ти╗тіаТаитЊЂ: N2-8
  РюЊ Ти╗тіаТаитЊЂ: N2-9
  РюЊ Ти╗тіаТаитЊЂ: N3-10
  РюЊ Ти╗тіаТаитЊЂ: N3-11
  РюЊ Ти╗тіаТаитЊЂ: N3-12
  РюЊ Ти╗тіаТаитЊЂ: N3-13
  РюЊ Ти╗тіаТаитЊЂ: N3-14
  РюЊ Ти╗тіаТаитЊЂ: N3-15
  РюЊ Ти╗тіаТаитЊЂ: N3-16
  РюЊ Ти╗тіаТаитЊЂ: N3-17
  РюЊ Ти╗тіаТаитЊЂ: N3-18
  РюЊ Ти╗тіаТаитЊЂ: N3-19
  РюЊ Ти╗тіаТаитЊЂ: N3-1
  РюЊ Ти╗тіаТаитЊЂ: N3-20
  РюЊ Ти╗тіаТаитЊЂ: N3-21
  РюЊ Ти╗тіаТаитЊЂ: N3-22
  РюЊ Ти╗тіаТаитЊЂ: N3-23
  РюЊ Ти╗тіаТаитЊЂ: N3-2
  РюЊ Ти╗тіаТаитЊЂ: N3-3
  РюЊ Ти╗тіаТаитЊЂ: N3-4
  РюЊ Ти╗тіаТаитЊЂ: N3-5
  РюЊ Ти╗тіаТаитЊЂ: N3-6
  РюЊ Ти╗тіаТаитЊЂ: N3-7
  РюЊ Ти╗тіаТаитЊЂ: N3-8
  РюЊ Ти╗тіаТаитЊЂ: N3-9
  РюЊ Ти╗тіаТаитЊЂ: N4-1
  РюЊ Ти╗тіаТаитЊЂ: N4-2
  РюЊ Ти╗тіаТаитЊЂ: N6-1
  РюЊ Ти╗тіаТаитЊЂ: N8-10
  РюЊ Ти╗тіаТаитЊЂ: N8-2
  РюЊ Ти╗тіаТаитЊЂ: N8-4
  РюЊ Ти╗тіаТаитЊЂ: N8-5
  РюЊ Ти╗тіаТаитЊЂ: N8-6
  РюЊ Ти╗тіаТаитЊЂ: N8-7
  РюЊ Ти╗тіаТаитЊЂ: N8-8
  РюЊ Ти╗тіаТаитЊЂ: N8-9
  РюЊ Ти╗тіаТаитЊЂ: Nov-9
  РюЊ Ти╗тіаТаитЊЂ: P6497
  РюЊ Ти╗тіаТаитЊЂ: SG30
  РюЊ Ти╗тіаТаитЊЂ: SRR10321552
  РюЊ Ти╗тіаТаитЊЂ: SRR10321553
  РюЊ Ти╗тіаТаитЊЂ: SRR10321554
  РюЊ Ти╗тіаТаитЊЂ: SRR10321555
  РюЊ Ти╗тіаТаитЊЂ: SRR10321556
  РюЊ Ти╗тіаТаитЊЂ: SRR10321557
  РюЊ Ти╗тіаТаитЊЂ: SRR10321558
  РюЊ Ти╗тіаТаитЊЂ: SRR10321559
  РюЊ Ти╗тіаТаитЊЂ: SRR10321560
  РюЊ Ти╗тіаТаитЊЂ: SRR10321561
  РюЊ Ти╗тіаТаитЊЂ: SRR10321562
  РюЊ Ти╗тіаТаитЊЂ: SRR10321563
  РюЊ Ти╗тіаТаитЊЂ: SRR10321564
  РюЊ Ти╗тіаТаитЊЂ: SRR10321565
  РюЊ Ти╗тіаТаитЊЂ: SRR10321566
  РюЊ Ти╗тіаТаитЊЂ: SRR10321567
  РюЊ Ти╗тіаТаитЊЂ: SRR10321568
  РюЊ Ти╗тіаТаитЊЂ: SRR10321569
  РюЊ Ти╗тіаТаитЊЂ: SRR10321570
  РюЊ Ти╗тіаТаитЊЂ: SRR10321571
  РюЊ Ти╗тіаТаитЊЂ: SRR10321572
  РюЊ Ти╗тіаТаитЊЂ: SRR10321573
  РюЊ Ти╗тіаТаитЊЂ: SRR10321574
  РюЊ Ти╗тіаТаитЊЂ: SRR10321575
  РюЊ Ти╗тіаТаитЊЂ: SRR10321576
  РюЊ Ти╗тіаТаитЊЂ: SRR1046799
  РюЊ Ти╗тіаТаитЊЂ: SRR1046800
  РюЊ Ти╗тіаТаитЊЂ: SRR1047573
  РюЊ Ти╗тіаТаитЊЂ: SRR12021953
  РюЊ Ти╗тіаТаитЊЂ: SRR12021954
  РюЊ Ти╗тіаТаитЊЂ: SRR12021955
  РюЊ Ти╗тіаТаитЊЂ: SRR12021956
  РюЊ Ти╗тіаТаитЊЂ: SRR12021957
  РюЊ Ти╗тіаТаитЊЂ: SRR12021958
  РюЊ Ти╗тіаТаитЊЂ: SRR22980483
  РюЊ Ти╗тіаТаитЊЂ: SRR22980484
  РюЊ Ти╗тіаТаитЊЂ: SRR22980485
  РюЊ Ти╗тіаТаитЊЂ: SRR22980486
  РюЊ Ти╗тіаТаитЊЂ: SRR22980487
  РюЊ Ти╗тіаТаитЊЂ: SRR22980488
  РюЊ Ти╗тіаТаитЊЂ: SRR22980489
  РюЊ Ти╗тіаТаитЊЂ: SRR22980490
  РюЊ Ти╗тіаТаитЊЂ: SRR7532821
  РюЊ Ти╗тіаТаитЊЂ: SRR7532822
  РюЊ Ти╗тіаТаитЊЂ: SRR7532823
  РюЊ Ти╗тіаТаитЊЂ: SRR7532824
  РюЊ Ти╗тіаТаитЊЂ: SRR7532825
  РюЊ Ти╗тіаТаитЊЂ: SRR7532826
  РюЊ Ти╗тіаТаитЊЂ: SRR7532827
  РюЊ Ти╗тіаТаитЊЂ: SRR7532828
  РюЊ Ти╗тіаТаитЊЂ: SRR7532829
  РюЊ Ти╗тіаТаитЊЂ: SRR7532830
  РюЊ Ти╗тіаТаитЊЂ: SRR7532831
  РюЊ Ти╗тіаТаитЊЂ: SRR7532832
  РюЊ Ти╗тіаТаитЊЂ: SRR7532833
  РюЊ Ти╗тіаТаитЊЂ: SRR7532834
  РюЊ Ти╗тіаТаитЊЂ: SRR7532835
  РюЊ Ти╗тіаТаитЊЂ: SRR7532836
  РюЊ Ти╗тіаТаитЊЂ: SRR7532837
  РюЊ Ти╗тіаТаитЊЂ: SRR7532838
  РюЊ Ти╗тіаТаитЊЂ: SRR7532839
  РюЊ Ти╗тіаТаитЊЂ: SRR7532840
  РюЊ Ти╗тіаТаитЊЂ: SRR7532841
  РюЊ Ти╗тіаТаитЊЂ: SRR7532842
  РюЊ Ти╗тіаТаитЊЂ: SRR7532843
  РюЊ Ти╗тіаТаитЊЂ: SRR7532844
  РюЊ Ти╗тіаТаитЊЂ: SRR7532845
  РюЊ Ти╗тіаТаитЊЂ: SRR7532846
  РюЊ Ти╗тіаТаитЊЂ: SRR7532847
  РюЊ Ти╗тіаТаитЊЂ: SRR7532848
  РюЊ Ти╗тіаТаитЊЂ: SRR7532849
  РюЊ Ти╗тіаТаитЊЂ: SRR7532850
  РюЊ Ти╗тіаТаитЊЂ: SRR7532851
  РюЊ Ти╗тіаТаитЊЂ: T30-4
РюЁ тЁ▒ТЅЙтѕ░ 419 СИфТаитЊЂ

­ЪДг ТГБтюеТЈљтЈќТЪЊУЅ▓СйЊС┐АТЂ»...
РюЁ тЁ▒ТЅЙтѕ░ 12 ТЮАТЪЊУЅ▓СйЊ/scaffold
­ЪЊІ ТЪЊУЅ▓СйЊтѕЌУАе№╝ѕтЅЇ10ТЮА№╝Ѕ:
   Рђб Chr01
   Рђб Chr02
   Рђб Chr03
   Рђб Chr04
   Рђб Chr05
   Рђб Chr06
   Рђб Chr07
   Рђб Chr08
   Рђб Chr09
   Рђб Chr10
   ... У┐ўТюЅ 2 ТЮА

­ЪЌё№ИЈ  ТГЦжфц1: ТїЅТЪЊУЅ▓СйЊтѕЏт╗║GenomicsDBТЋ░ТЇ«т║Њ...
РџА т╣ХУАїтцёуљє - ТюђтцДт╣ХтЈЉС╗╗тіАТЋ░: 22
  ­Ъћё ТГБтюетцёуљєТЪЊУЅ▓СйЊ: Chr01
