[W::hts_idx_load3] [W::hts_idx_load3] [W::hts_idx_load3] The index file is older than the data file: ../../02.mapping/vcf/SRR12190941.g.vcf.gz.tbi[W::hts_idx_load3] [W::hts_idx_load3] [W::hts_idx_load3] The index file is older than the data file: ../../02.mapping/vcf/SRR12190941.g.vcf.gz.tbi
[W::hts_idx_load3] The index file is older than the data file: ../../02.mapping/vcf/SRR12190941.g.vcf.gz.tbi[W::hts_idx_load3] The index file is older than the data file: ../../02.mapping/vcf/SRR12190941.g.vcf.gz.tbi
The index file is older than the data file: ../../02.mapping/vcf/SRR12190941.g.vcf.gz.tbi
[W::hts_idx_load3] The index file is older than the data file: ../../02.mapping/vcf/SRR12190941.g.vcf.gz.tbi
[W::hts_idx_load3] The index file is older than the data file: ../../02.mapping/vcf/SRR12190941.g.vcf.gz.tbi
[W::hts_idx_load3] The index file is older than the data file: ../../02.mapping/vcf/SRR12190941.g.vcf.gz.tbi
[W::hts_idx_load3] The index file is older than the data file: ../../02.mapping/vcf/SRR12190941.g.vcf.gz.tbi[W::hts_idx_load3] The index file is older than the data file: ../../02.mapping/vcf/SRR12190941.g.vcf.gz.tbi

[W::hts_idx_load3] The index file is older than the data file: ../../02.mapping/vcf/SRR12190941.g.vcf.gz.tbi
[W::hts_idx_load3] The index file is older than the data file: ../../02.mapping/vcf/SRR12190941.g.vcf.gz.tbi
[W::hts_idx_load3] The index file is older than the data file: ../../02.mapping/vcf/SRR12190941.g.vcf.gz.tbi
[W::hts_idx_load3] The index file is older than the data file: ../../02.mapping/vcf/SRR12190941.g.vcf.gz.tbiThe index file is older than the data file: ../../02.mapping/vcf/SRR12190941.g.vcf.gz.tbi
The index file is older than the data file: ../../02.mapping/vcf/SRR12190941.g.vcf.gz.tbi
[W::hts_idx_load3] The index file is older than the data file: ../../02.mapping/vcf/SRR12190941.g.vcf.gz.tbi
[W::hts_idx_load3] The index file is older than the data file: ../../02.mapping/vcf/SRR12190941.g.vcf.gz.tbi
[W::hts_idx_load3] The index file is older than the data file: ../../02.mapping/vcf/SRR12190941.g.vcf.gz.tbi
[W::hts_idx_load3] The index file is older than the data file: ../../02.mapping/vcf/SRR12190941.g.vcf.gz.tbi
[W::hts_idx_load3] The index file is older than the data file: ../../02.mapping/vcf/SRR12190941.g.vcf.gz.tbi
[W::hts_idx_load3] The index file is older than the data file: ../../02.mapping/vcf/SRR12190941.g.vcf.gz.tbi
[W::hts_idx_load3] The index file is older than the data file: ../../02.mapping/vcf/SRR12190941.g.vcf.gz.tbi

[W::hts_idx_load3] The index file is older than the data file: ../../02.mapping/vcf/SRR12190941.g.vcf.gz.tbi
The index file is older than the data file: ../../02.mapping/vcf/SRR12190941.g.vcf.gz.tbi


[W::hts_idx_load3] The index file is older than the data file: ../../02.mapping/vcf/SRR12190941.g.vcf.gz.tbi
[W::hts_idx_load3] The index file is older than the data file: ../../02.mapping/vcf/W209A.g.vcf.gz.tbi[W::hts_idx_load3] [W::hts_idx_load3] [W::hts_idx_load3] The index file is older than the data file: ../../02.mapping/vcf/W209A.g.vcf.gz.tbi[W::hts_idx_load3] The index file is older than the data file: ../../02.mapping/vcf/W209A.g.vcf.gz.tbi
[W::hts_idx_load3] The index file is older than the data file: ../../02.mapping/vcf/W209A.g.vcf.gz.tbi
[W::hts_idx_load3] The index file is older than the data file: ../../02.mapping/vcf/W209A.g.vcf.gz.tbi
[W::hts_idx_load3] The index file is older than the data file: ../../02.mapping/vcf/W209A.g.vcf.gz.tbi
[W::hts_idx_load3] The index file is older than the data file: ../../02.mapping/vcf/W209A.g.vcf.gz.tbi
The index file is older than the data file: ../../02.mapping/vcf/W209A.g.vcf.gz.tbi
[W::hts_idx_load3] The index file is older than the data file: ../../02.mapping/vcf/W209A.g.vcf.gz.tbi
[W::hts_idx_load3] The index file is older than the data file: ../../02.mapping/vcf/W209A.g.vcf.gz.tbi
[W::hts_idx_load3] The index file is older than the data file: ../../02.mapping/vcf/W209A.g.vcf.gz.tbi
[W::hts_idx_load3] The index file is older than the data file: ../../02.mapping/vcf/W209A.g.vcf.gz.tbi

[W::hts_idx_load3] The index file is older than the data file: ../../02.mapping/vcf/W209A.g.vcf.gz.tbi[W::hts_idx_load3] The index file is older than the data file: ../../02.mapping/vcf/W209A.g.vcf.gz.tbi
[W::hts_idx_load3] The index file is older than the data file: ../../02.mapping/vcf/W209A.g.vcf.gz.tbi
[W::hts_idx_load3] The index file is older than the data file: ../../02.mapping/vcf/W209A.g.vcf.gz.tbi[W::hts_idx_load3] The index file is older than the data file: ../../02.mapping/vcf/W209A.g.vcf.gz.tbi
[W::hts_idx_load3] The index file is older than the data file: ../../02.mapping/vcf/W209A.g.vcf.gz.tbi
[W::hts_idx_load3] The index file is older than the data file: ../../02.mapping/vcf/W209A.g.vcf.gz.tbi
[W::hts_idx_load3] The index file is older than the data file: ../../02.mapping/vcf/W209A.g.vcf.gz.tbi


[W::hts_idx_load3] The index file is older than the data file: ../../02.mapping/vcf/W209A.g.vcf.gz.tbi
[W::hts_idx_load3] The index file is older than the data file: ../../02.mapping/vcf/W209A.g.vcf.gz.tbi
[W::hts_idx_load3] The index file is older than the data file: ../../02.mapping/vcf/W209A.g.vcf.gz.tbi

[W::hts_idx_load3] The index file is older than the data file: ../../02.mapping/vcf/W209A.g.vcf.gz.tbi
The index file is older than the data file: ../../02.mapping/vcf/W209A.g.vcf.gz.tbi
[W::hts_idx_load3] The index file is older than the data file: ../../02.mapping/vcf/W209A.g.vcf.gz.tbi
[W::hts_idx_load3] The index file is older than the data file: ../../02.mapping/vcf/W211A.g.vcf.gz.tbi
[W::hts_idx_load3] The index file is older than the data file: ../../02.mapping/vcf/W211A.g.vcf.gz.tbi[W::hts_idx_load3] The index file is older than the data file: ../../02.mapping/vcf/W211A.g.vcf.gz.tbi
[W::hts_idx_load3] The index file is older than the data file: ../../02.mapping/vcf/W211A.g.vcf.gz.tbi[W::hts_idx_load3] [W::hts_idx_load3] The index file is older than the data file: ../../02.mapping/vcf/W211A.g.vcf.gz.tbi
[W::hts_idx_load3] The index file is older than the data file: ../../02.mapping/vcf/W211A.g.vcf.gz.tbi[W::hts_idx_load3] The index file is older than the data file: ../../02.mapping/vcf/W211A.g.vcf.gz.tbi
[W::hts_idx_load3] The index file is older than the data file: ../../02.mapping/vcf/W211A.g.vcf.gz.tbi[W::hts_idx_load3] The index file is older than the data file: ../../02.mapping/vcf/W211A.g.vcf.gz.tbi
[W::hts_idx_load3] The index file is older than the data file: ../../02.mapping/vcf/W211A.g.vcf.gz.tbi
[W::hts_idx_load3] The index file is older than the data file: ../../02.mapping/vcf/W211A.g.vcf.gz.tbi

[W::hts_idx_load3] The index file is older than the data file: ../../02.mapping/vcf/W211A.g.vcf.gz.tbi
[W::hts_idx_load3] The index file is older than the data file: ../../02.mapping/vcf/W211A.g.vcf.gz.tbi
[W::hts_idx_load3] The index file is older than the data file: ../../02.mapping/vcf/W211A.g.vcf.gz.tbi


[W::hts_idx_load3] The index file is older than the data file: ../../02.mapping/vcf/W211A.g.vcf.gz.tbi

[W::hts_idx_load3] The index file is older than the data file: ../../02.mapping/vcf/W211A.g.vcf.gz.tbi
[W::hts_idx_load3] The index file is older than the data file: ../../02.mapping/vcf/W211A.g.vcf.gz.tbi
[W::hts_idx_load3] The index file is older than the data file: ../../02.mapping/vcf/W211A.g.vcf.gz.tbi
[W::hts_idx_load3] The index file is older than the data file: ../../02.mapping/vcf/W211A.g.vcf.gz.tbi
[W::hts_idx_load3] The index file is older than the data file: ../../02.mapping/vcf/W211A.g.vcf.gz.tbi
[W::hts_idx_load3] The index file is older than the data file: ../../02.mapping/vcf/W211A.g.vcf.gz.tbi
The index file is older than the data file: ../../02.mapping/vcf/W211A.g.vcf.gz.tbi
[W::hts_idx_load3] The index file is older than the data file: ../../02.mapping/vcf/W211A.g.vcf.gz.tbi
[W::hts_idx_load3] The index file is older than the data file: ../../02.mapping/vcf/W211A.g.vcf.gz.tbi
[W::hts_idx_load3] The index file is older than the data file: ../../02.mapping/vcf/W211A.g.vcf.gz.tbi
[W::hts_idx_load3] The index file is older than the data file: ../../02.mapping/vcf/W211A.g.vcf.gz.tbi
[W::hts_idx_load3] [W::hts_idx_load3] [W::hts_idx_load3] [W::hts_idx_load3] The index file is older than the data file: ../../02.mapping/vcf/W398A.g.vcf.gz.tbi
[W::hts_idx_load3] [W::hts_idx_load3] The index file is older than the data file: ../../02.mapping/vcf/W398A.g.vcf.gz.tbi
[W::hts_idx_load3] The index file is older than the data file: ../../02.mapping/vcf/W398A.g.vcf.gz.tbi
[W::hts_idx_load3] The index file is older than the data file: ../../02.mapping/vcf/W398A.g.vcf.gz.tbi
The index file is older than the data file: ../../02.mapping/vcf/W398A.g.vcf.gz.tbi
[W::hts_idx_load3] The index file is older than the data file: ../../02.mapping/vcf/W398A.g.vcf.gz.tbi
[W::hts_idx_load3] The index file is older than the data file: ../../02.mapping/vcf/W398A.g.vcf.gz.tbi
[W::hts_idx_load3] The index file is older than the data file: ../../02.mapping/vcf/W398A.g.vcf.gz.tbi
[W::hts_idx_load3] The index file is older than the data file: ../../02.mapping/vcf/W398A.g.vcf.gz.tbi
[W::hts_idx_load3] The index file is older than the data file: ../../02.mapping/vcf/W398A.g.vcf.gz.tbi
The index file is older than the data file: ../../02.mapping/vcf/W398A.g.vcf.gz.tbi
[W::hts_idx_load3] The index file is older than the data file: ../../02.mapping/vcf/W398A.g.vcf.gz.tbi
[W::hts_idx_load3] The index file is older than the data file: ../../02.mapping/vcf/W398A.g.vcf.gz.tbi
[W::hts_idx_load3] The index file is older than the data file: ../../02.mapping/vcf/W398A.g.vcf.gz.tbi
[W::hts_idx_load3] The index file is older than the data file: ../../02.mapping/vcf/W398A.g.vcf.gz.tbi[W::hts_idx_load3] The index file is older than the data file: ../../02.mapping/vcf/W398A.g.vcf.gz.tbi
[W::hts_idx_load3] The index file is older than the data file: ../../02.mapping/vcf/W398A.g.vcf.gz.tbi
[W::hts_idx_load3] The index file is older than the data file: ../../02.mapping/vcf/W398A.g.vcf.gz.tbi
[W::hts_idx_load3] The index file is older than the data file: ../../02.mapping/vcf/W398A.g.vcf.gz.tbi

[W::hts_idx_load3] The index file is older than the data file: ../../02.mapping/vcf/W398A.g.vcf.gz.tbi
The index file is older than the data file: ../../02.mapping/vcf/W398A.g.vcf.gz.tbi
The index file is older than the data file: ../../02.mapping/vcf/W398A.g.vcf.gz.tbi
[W::hts_idx_load3] The index file is older than the data file: ../../02.mapping/vcf/W398A.g.vcf.gz.tbi
[W::hts_idx_load3] The index file is older than the data file: ../../02.mapping/vcf/W398A.g.vcf.gz.tbi
[W::hts_idx_load3] The index file is older than the data file: ../../02.mapping/vcf/W398A.g.vcf.gz.tbi
[W::hts_idx_load3] The index file is older than the data file: ../../02.mapping/vcf/W398A.g.vcf.gz.tbi
00:07:28.656 info  NativeGenomicsDB - pid=867102 tid=868525 No valid combination operation found for INFO field MLEAC  - the field will NOT be part of INFO fields in the generated VCF records
00:07:28.656 info  NativeGenomicsDB - pid=867102 tid=868505 No valid combination operation found for INFO field InbreedingCoeff  - the field will NOT be part of INFO fields in the generated VCF records
00:07:28.656 info  NativeGenomicsDB - pid=867102 tid=868537 No valid combination operation found for INFO field MLEAF  - the field will NOT be part of INFO fields in the generated VCF records
Chromosome Chr09 position 34016534 (TileDB column 456366352) has too many alleles in the combined VCF record : 155 : current limit : 50. Fields, such as  PL, with length equal to the number of genotypes will NOT be added for this location.
Chromosome Chr09 position 38024238 (TileDB column 460374056) has too many alleles in the combined VCF record : 70 : current limit : 50. Fields, such as  PL, with length equal to the number of genotypes will NOT be added for this location.
Chromosome Chr09 position 40024936 (TileDB column 462374754) has too many alleles in the combined VCF record : 64 : current limit : 50. Fields, such as  PL, with length equal to the number of genotypes will NOT be added for this location.
Chromosome Chr09 position 48037658 (TileDB column 470387476) has too many alleles in the combined VCF record : 65 : current limit : 50. Fields, such as  PL, with length equal to the number of genotypes will NOT be added for this location.
Chromosome Chr09 position 2049173 (TileDB column 424398991) has too many alleles in the combined VCF record : 52 : current limit : 50. Fields, such as  PL, with length equal to the number of genotypes will NOT be added for this location.
Chromosome Chr09 position 4055054 (TileDB column 426404872) has too many alleles in the combined VCF record : 58 : current limit : 50. Fields, such as  PL, with length equal to the number of genotypes will NOT be added for this location.
Chromosome Chr09 position 6076166 (TileDB column 428425984) has too many alleles in the combined VCF record : 90 : current limit : 50. Fields, such as  PL, with length equal to the number of genotypes will NOT be added for this location.
Chromosome Chr09 position 44066958 (TileDB column 466416776) has too many alleles in the combined VCF record : 61 : current limit : 50. Fields, such as  PL, with length equal to the number of genotypes will NOT be added for this location.
Chromosome Chr09 position 46072809 (TileDB column 468422627) has too many alleles in the combined VCF record : 52 : current limit : 50. Fields, such as  PL, with length equal to the number of genotypes will NOT be added for this location.
Chromosome Chr09 position 42062258 (TileDB column 464412076) has too many alleles in the combined VCF record : 51 : current limit : 50. Fields, such as  PL, with length equal to the number of genotypes will NOT be added for this location.
Chromosome Chr09 position 14091039 (TileDB column 436440857) has too many alleles in the combined VCF record : 89 : current limit : 50. Fields, such as  PL, with length equal to the number of genotypes will NOT be added for this location.
Chromosome Chr09 position 48089513 (TileDB column 470439331) has too many alleles in the combined VCF record : 75 : current limit : 50. Fields, such as  PL, with length equal to the number of genotypes will NOT be added for this location.
Chromosome Chr09 position 32105477 (TileDB column 454455295) has too many alleles in the combined VCF record : 54 : current limit : 50. Fields, such as  PL, with length equal to the number of genotypes will NOT be added for this location.
Chromosome Chr09 position 6110734 (TileDB column 428460552) has too many alleles in the combined VCF record : 51 : current limit : 50. Fields, such as  PL, with length equal to the number of genotypes will NOT be added for this location.
Chromosome Chr09 position 42096704 (TileDB column 464446522) has too many alleles in the combined VCF record : 105 : current limit : 50. Fields, such as  PL, with length equal to the number of genotypes will NOT be added for this location.
Chromosome Chr09 position 44112439 (TileDB column 466462257) has too many alleles in the combined VCF record : 59 : current limit : 50. Fields, such as  PL, with length equal to the number of genotypes will NOT be added for this location.
Chromosome Chr09 position 28123523 (TileDB column 450473341) has too many alleles in the combined VCF record : 53 : current limit : 50. Fields, such as  PL, with length equal to the number of genotypes will NOT be added for this location.
Job 68329872 stderr output:

