[W::hts_idx_load3] [W::hts_idx_load3] The index file is older than the data file: 02.mapping/vcf/SRR12190941.g.vcf.gz.tbi[W::hts_idx_load3] The index file is older than the data file: 02.mapping/vcf/SRR12190941.g.vcf.gz.tbi
[W::hts_idx_load3] The index file is older than the data file: 02.mapping/vcf/SRR12190941.g.vcf.gz.tbi
[W::hts_idx_load3] The index file is older than the data file: 02.mapping/vcf/SRR12190941.g.vcf.gz.tbi

[W::hts_idx_load3] The index file is older than the data file: 02.mapping/vcf/SRR12190941.g.vcf.gz.tbi
[W::hts_idx_load3] The index file is older than the data file: 02.mapping/vcf/SRR12190941.g.vcf.gz.tbi
[W::hts_idx_load3] The index file is older than the data file: 02.mapping/vcf/SRR12190941.g.vcf.gz.tbi
[W::hts_idx_load3] The index file is older than the data file: 02.mapping/vcf/SRR12190941.g.vcf.gz.tbi
[W::hts_idx_load3] The index file is older than the data file: 02.mapping/vcf/SRR12190941.g.vcf.gz.tbi
The index file is older than the data file: 02.mapping/vcf/SRR12190941.g.vcf.gz.tbi
[W::hts_idx_load3] The index file is older than the data file: 02.mapping/vcf/W209A.g.vcf.gz.tbi[W::hts_idx_load3] The index file is older than the data file: 02.mapping/vcf/W209A.g.vcf.gz.tbi

[W::hts_idx_load3] The index file is older than the data file: 02.mapping/vcf/W209A.g.vcf.gz.tbi
[W::hts_idx_load3] The index file is older than the data file: 02.mapping/vcf/W209A.g.vcf.gz.tbi
[W::hts_idx_load3] The index file is older than the data file: 02.mapping/vcf/W209A.g.vcf.gz.tbi
[W::hts_idx_load3] The index file is older than the data file: 02.mapping/vcf/W209A.g.vcf.gz.tbi
[W::hts_idx_load3] The index file is older than the data file: 02.mapping/vcf/W209A.g.vcf.gz.tbi
[W::hts_idx_load3] The index file is older than the data file: 02.mapping/vcf/W209A.g.vcf.gz.tbi
[W::hts_idx_load3] The index file is older than the data file: 02.mapping/vcf/W209A.g.vcf.gz.tbi
[W::hts_idx_load3] The index file is older than the data file: 02.mapping/vcf/W209A.g.vcf.gz.tbi
[W::hts_idx_load3] The index file is older than the data file: 02.mapping/vcf/W211A.g.vcf.gz.tbi[W::hts_idx_load3] The index file is older than the data file: 02.mapping/vcf/W211A.g.vcf.gz.tbi

[W::hts_idx_load3] The index file is older than the data file: 02.mapping/vcf/W211A.g.vcf.gz.tbi
[W::hts_idx_load3] The index file is older than the data file: 02.mapping/vcf/W211A.g.vcf.gz.tbi
[W::hts_idx_load3] The index file is older than the data file: 02.mapping/vcf/W211A.g.vcf.gz.tbi
[W::hts_idx_load3] The index file is older than the data file: 02.mapping/vcf/W211A.g.vcf.gz.tbi
[W::hts_idx_load3] The index file is older than the data file: 02.mapping/vcf/W211A.g.vcf.gz.tbi
[W::hts_idx_load3] The index file is older than the data file: 02.mapping/vcf/W211A.g.vcf.gz.tbi
[W::hts_idx_load3] The index file is older than the data file: 02.mapping/vcf/W211A.g.vcf.gz.tbi
[W::hts_idx_load3] The index file is older than the data file: 02.mapping/vcf/W211A.g.vcf.gz.tbi
[W::hts_idx_load3] The index file is older than the data file: 02.mapping/vcf/W398A.g.vcf.gz.tbi
[W::hts_idx_load3] The index file is older than the data file: 02.mapping/vcf/W398A.g.vcf.gz.tbi
[W::hts_idx_load3] The index file is older than the data file: 02.mapping/vcf/W398A.g.vcf.gz.tbi
[W::hts_idx_load3] The index file is older than the data file: 02.mapping/vcf/W398A.g.vcf.gz.tbi
[W::hts_idx_load3] The index file is older than the data file: 02.mapping/vcf/W398A.g.vcf.gz.tbi
[W::hts_idx_load3] The index file is older than the data file: 02.mapping/vcf/W398A.g.vcf.gz.tbi
[W::hts_idx_load3] The index file is older than the data file: 02.mapping/vcf/W398A.g.vcf.gz.tbi
[W::hts_idx_load3] The index file is older than the data file: 02.mapping/vcf/W398A.g.vcf.gz.tbi
[W::hts_idx_load3] The index file is older than the data file: 02.mapping/vcf/W398A.g.vcf.gz.tbi
[W::hts_idx_load3] The index file is older than the data file: 02.mapping/vcf/W398A.g.vcf.gz.tbi
00:04:15.273 info  NativeGenomicsDB - pid=2326641 tid=2328059 No valid combination operation found for INFO field MLEAC  - the field will NOT be part of INFO fields in the generated VCF records
00:04:15.273 info  NativeGenomicsDB - pid=2326641 tid=2328030 No valid combination operation found for INFO field InbreedingCoeff  - the field will NOT be part of INFO fields in the generated VCF records
00:04:15.274 info  NativeGenomicsDB - pid=2326641 tid=2328017 No valid combination operation found for INFO field MLEAF  - the field will NOT be part of INFO fields in the generated VCF records
Job 68683289 stderr output:

