2025-10-09 16:35:43.893602: I tensorflow/core/platform/cpu_feature_guard.cc:193] This TensorFlow binary is optimized with oneAPI Deep Neural Network Library (oneDNN) to use the following CPU instructions in performance-critical operations:  AVX2 AVX512F AVX512_VNNI AVX512_BF16 AVX_VNNI AMX_TILE AMX_INT8 AMX_BF16 FMA
To enable them in other operations, rebuild TensorFlow with the appropriate compiler flags.
2025-10-09 16:35:44.915463: I tensorflow/core/util/util.cc:169] oneDNN custom operations are on. You may see slightly different numerical results due to floating-point round-off errors from different computation orders. To turn them off, set the environment variable `TF_ENABLE_ONEDNN_OPTS=0`.
2025-10-09 16:35:45.237658: W tensorflow/stream_executor/platform/default/dso_loader.cc:64] Could not load dynamic library 'libcudart.so.11.0'; dlerror: libcudart.so.11.0: cannot open shared object file: No such file or directory
2025-10-09 16:35:45.237730: I tensorflow/stream_executor/cuda/cudart_stub.cc:29] Ignore above cudart dlerror if you do not have a GPU set up on your machine.
2025-10-09 16:35:45.261398: E tensorflow/stream_executor/cuda/cuda_blas.cc:2981] Unable to register cuBLAS factory: Attempting to register factory for plugin cuBLAS when one has already been registered
2025-10-09 16:35:56.668804: W tensorflow/stream_executor/platform/default/dso_loader.cc:64] Could not load dynamic library 'libnvinfer.so.7'; dlerror: libnvinfer.so.7: cannot open shared object file: No such file or directory
2025-10-09 16:35:56.668924: W tensorflow/stream_executor/platform/default/dso_loader.cc:64] Could not load dynamic library 'libnvinfer_plugin.so.7'; dlerror: libnvinfer_plugin.so.7: cannot open shared object file: No such file or directory
2025-10-09 16:35:56.668934: W tensorflow/compiler/tf2tensorrt/utils/py_utils.cc:38] TF-TRT Warning: Cannot dlopen some TensorRT libraries. If you would like to use Nvidia GPU with TensorRT, please make sure the missing libraries mentioned above are installed properly.
Traceback (most recent call last):
  File "/share/org/YZWL/yzwl_lixg/software/DeepBSA/DeepBSA_linux_v1.4/bin/main.py", line 95, in <module>
    main(args)
  File "/share/org/YZWL/yzwl_lixg/software/DeepBSA/DeepBSA_linux_v1.4/bin/main.py", line 59, in main
    ref_data_path, mut_data_path, freq_data_path, pos_data_path, chrome_set = nopretreat.run(return_path)
  File "/share/org/YZWL/yzwl_lixg/software/DeepBSA/DeepBSA_linux_v1.4/bin/functions/none_pretreatment.py", line 23, in run
    data = pd.read_csv(self.file_path, header=None)
  File "/share/org/YZWL/yzwl_lixg/miniforge3/envs/DeepBSA/lib/python3.7/site-packages/pandas/io/parsers.py", line 688, in read_csv
    return _read(filepath_or_buffer, kwds)
  File "/share/org/YZWL/yzwl_lixg/miniforge3/envs/DeepBSA/lib/python3.7/site-packages/pandas/io/parsers.py", line 460, in _read
    data = parser.read(nrows)
  File "/share/org/YZWL/yzwl_lixg/miniforge3/envs/DeepBSA/lib/python3.7/site-packages/pandas/io/parsers.py", line 1198, in read
    ret = self._engine.read(nrows)
  File "/share/org/YZWL/yzwl_lixg/miniforge3/envs/DeepBSA/lib/python3.7/site-packages/pandas/io/parsers.py", line 2157, in read
    data = self._reader.read(nrows)
  File "pandas/_libs/parsers.pyx", line 847, in pandas._libs.parsers.TextReader.read
  File "pandas/_libs/parsers.pyx", line 862, in pandas._libs.parsers.TextReader._read_low_memory
  File "pandas/_libs/parsers.pyx", line 918, in pandas._libs.parsers.TextReader._read_rows
  File "pandas/_libs/parsers.pyx", line 905, in pandas._libs.parsers.TextReader._tokenize_rows
  File "pandas/_libs/parsers.pyx", line 2042, in pandas._libs.parsers.raise_parser_error
pandas.errors.ParserError: Error tokenizing data. C error: Expected 1 fields in line 2, saw 2

Job 67266483 stderr output:

