fastp_merge.sh:行5: --read2-suffix: 未找到命令
gzip: /share/org/YZWL/yzwl_lixg/project/95.gdl_metagenome/01.data/clean/*_1.clean.fq.gz: No such file or directory
gzip: /share/org/YZWL/yzwl_lixg/project/95.gdl_metagenome/01.data/clean/*_2.clean.fq.gz: No such file or directory
Cannot find /share/org/YZWL/yzwl_lixg/project/95.gdl_metagenome/02.assembly/megahit/opts.txt
Please check whether the output directory is correctly set by "-o"
Now switching to normal mode.
MEGAHIT v1.1.3
--- [Mon Sep 29 21:23:56 2025] Start assembly. Number of CPU threads 80 ---
--- [Mon Sep 29 21:23:56 2025] Available memory: 1081356886016, used: 300000000000
--- [Mon Sep 29 21:23:56 2025] Converting reads to binaries ---
    [read_lib_functions-inl.h  : 209]     Lib 0 (/share/org/YZWL/yzwl_lixg/project/95.gdl_metagenome/01.data/all_1.fq,/share/org/YZWL/yzwl_lixg/project/95.gdl_metagenome/01.data/all_2.fq): pe, 0 reads, 0 max length
    [utils.h                   : 126]     Real: 0.0030	user: 0.0000	sys: 0.0018	maxrss: 9016
--- [Mon Sep 29 21:23:56 2025] k-max reset to: 19 ---
--- [Mon Sep 29 21:23:56 2025] k list: 19 ---
--- [Mon Sep 29 21:23:56 2025] Extracting solid (k+1)-mers for k = 21 ---
Error occurs when running "sdbg_builder count/read2sdbg", please refer to /share/org/YZWL/yzwl_lixg/project/95.gdl_metagenome/02.assembly/megahit/log for detail
[Exit code 1] 

real	0m2.453s
user	0m0.081s
sys	0m0.100s
Job 67219057 stderr output:

