⚠️  检测到系统没有'python'命令，正在检查python3...
✅ 找到python3，创建临时python软链接...
✅ Python环境已配置: /share/org/YZWL/yzwl_lixg/.local/bin/python
════════════════════════════════════════════════════════════
🧬 GATK联合分型 - 染色体并行版
════════════════════════════════════════════════════════════
📅 开始时间: 2025-11-13 09:02:09
📁 项目目录: /share/org/YZWL/yzwl_lixg/project/19.大豆疫霉菌
📂 输出目录: /share/org/YZWL/yzwl_lixg/project/19.大豆疫霉菌/03.gatk_joint
🧬 参考基因组: /share/org/YZWL/yzwl_lixg/project/19.大豆疫霉菌/01.data/genome/Phytophthora_sojae_JS2.fa
📋 gVCF目录: /share/org/YZWL/yzwl_lixg/project/19.大豆疫霉菌/02.mapping/vcf
════════════════════════════════════════════════════════════

📁 创建输出目录...
✅ 输出目录已创建: /share/org/YZWL/yzwl_lixg/project/19.大豆疫霉菌/03.gatk_joint

⚙️  资源配置:
   • 最大线程数: 88
   • 最大内存: 900G
   • 单染色体线程: 4
   • 单染色体内存: 10G
   • 最大并发任务: 22

📋 正在生成样品列表...
  ✓ 添加样品: 41
