[1514413] [2025-11-14 09:02:16.559] [GLnexus] [info] glnexus_cli release v1.4.1-0-g68e25e5 Aug 13 2021
[1514413] [2025-11-14 09:02:16.559] [GLnexus] [warning] jemalloc absent, which will impede performance with high thread counts. See https://github.com/dnanexus-rnd/GLnexus/wiki/Performance
[1514413] [2025-11-14 09:02:16.560] [GLnexus] [info] Loading config preset gatk
[1514413] [2025-11-14 09:02:16.563] [GLnexus] [info] config:
unifier_config:
  drop_filtered: false
  min_allele_copy_number: 1
  min_AQ1: 70
  min_AQ2: 40
  min_GQ: 40
  max_alleles_per_site: 32
  monoallelic_sites_for_lost_alleles: true
  preference: common
genotyper_config:
  revise_genotypes: true
  min_assumed_allele_frequency: 9.99999975e-05
  snv_prior_calibration: 1
  indel_prior_calibration: 1
  required_dp: 1
  allow_partial_data: false
  allele_dp_format: AD
  ref_dp_format: MIN_DP
  output_residuals: false
  more_PL: false
  squeeze: false
  trim_uncalled_alleles: false
  top_two_half_calls: false
  output_format: BCF
  liftover_fields:
    - {orig_names: [MIN_DP, DP], name: DP, description: "##FORMAT=<ID=DP,Number=1,Type=Integer,Description=\"Approximate read depth (reads with MQ=255 or with bad mates are filtered)\">", type: int, number: basic, default_type: missing, count: 1, combi_method: min, ignore_non_variants: true}
    - {orig_names: [AD], name: AD, description: "##FORMAT=<ID=AD,Number=R,Type=Integer,Description=\"Allelic depths for the ref and alt alleles in the order listed\">", type: int, number: alleles, default_type: zero, count: 0, combi_method: min, ignore_non_variants: false}
    - {orig_names: [SB], name: SB, description: "##FORMAT=<ID=SB,Number=4,Type=Integer,Description=\"Per-sample component statistics which comprise the Fishers Exact Test to detect strand bias.\">", type: int, number: basic, default_type: missing, count: 4, combi_method: missing, ignore_non_variants: false}
    - {orig_names: [GQ], name: GQ, description: "##FORMAT=<ID=GQ,Number=1,Type=Integer,Description=\"Genotype Quality\">", type: int, number: basic, default_type: missing, count: 1, combi_method: min, ignore_non_variants: true}
    - {orig_names: [PL], name: PL, description: "##FORMAT=<ID=PL,Number=G,Type=Integer,Description=\"Phred-scaled genotype Likelihoods\">", type: int, number: genotype, default_type: missing, count: 0, combi_method: missing, ignore_non_variants: true}
[1514413] [2025-11-14 09:02:16.563] [GLnexus] [info] config CRC32C = 1926883223
[1514413] [2025-11-14 09:02:16.563] [GLnexus] [info] init database, exemplar_vcf=/share/org/YZWL/yzwl_lixg/project/19.大豆疫霉菌/02.mapping/vcf/41.g.vcf.gz
[1514413] [2025-11-14 09:02:16.687] [GLnexus] [info] Initialized GLnexus database in GLnexus.DB
[1514413] [2025-11-14 09:02:16.688] [GLnexus] [info] bucket size: 30000
[1514413] [2025-11-14 09:02:16.688] [GLnexus] [info] contigs: Chr01 Chr02 Chr03 Chr04 Chr05 Chr06 Chr07 Chr08 Chr09 Chr10 Chr11 Chr12
[1514413] [2025-11-14 09:02:16.697] [GLnexus] [info] db_get_contigs GLnexus.DB
[1514413] [2025-11-14 09:02:16.720] [GLnexus] [info] Beginning bulk load with no range filter.
[W::hts_idx_load2] The index file is older than the data file: /share/org/YZWL/yzwl_lixg/project/19.大豆疫霉菌/02.mapping/vcf/A2-2.g.vcf.gz.tbi
[1514801] [2025-11-14 09:02:31.369] [GLnexus] [info] 100/420 (B3-11)...
[1514860] [2025-11-14 09:02:42.685] [GLnexus] [info] 200/420 (D2-11)...
[1514834] [2025-11-14 09:02:54.201] [GLnexus] [info] 300/420 (N3-18)...
[1514803] [2025-11-14 09:03:10.708] [GLnexus] [info] 400/420 (SRR10321554)...
[1514413] [2025-11-14 09:03:15.318] [GLnexus] [info] Loaded 420 datasets with 420 samples; 234400531288 bytes in 2363225127 BCF records (1100839 duplicate) in 1187180 buckets. Bucket max 1084576 bytes, 8907 records. 1363 BCF records skipped due to caller-specific exceptions
[1514413] [2025-11-14 09:03:15.319] [GLnexus] [info] Created sample set *@420
[1514413] [2025-11-14 09:03:15.319] [GLnexus] [info] Flushing database...
[1514413] [2025-11-14 09:06:54.699] [GLnexus] [info] Bulk load complete!
[1514413] [2025-11-14 09:06:56.841] [GLnexus] [info] found sample set *@420
[1514413] [2025-11-14 09:06:56.841] [GLnexus] [info] discovering alleles in 12 range(s) on 86 threads
[1514413] [2025-11-14 09:08:06.873] [GLnexus] [info] discovered 9619801 alleles
[1514413] [2025-11-14 09:08:16.793] [GLnexus] [info] unified to 4357067 sites cleanly with 4589437 ALT alleles. 24338 ALT alleles were additionally included in monoallelic sites and 269427 were filtered out on quality thresholds.
[1514413] [2025-11-14 09:08:16.793] [GLnexus] [info] Finishing database compaction...
[1514413] [2025-11-14 09:08:23.252] [GLnexus] [info] genotyping 4357067 sites; sample set = *@420 mem_budget = 0 threads = 88
[1514413] [2025-11-14 09:17:09.732] [GLnexus] [info] genotyping complete!
[1514413] [2025-11-14 09:17:09.732] [GLnexus] [info] worker threads were cumulatively stalled for 16770350ms
[1514413] [2025-11-14 09:17:09.732] [GLnexus] [info] Num BCF records read 11811764830  query hits 1890921779
Job 68027395 stderr output:

