[3814750] [2025-12-01 14:15:15.207] [GLnexus] [info] glnexus_cli release v1.4.1-0-g68e25e5 Aug 13 2021
[3814750] [2025-12-01 14:15:15.207] [GLnexus] [warning] jemalloc absent, which will impede performance with high thread counts. See https://github.com/dnanexus-rnd/GLnexus/wiki/Performance
[3814750] [2025-12-01 14:15:15.208] [GLnexus] [info] Loading config preset gatk
[3814750] [2025-12-01 14:15:15.211] [GLnexus] [info] config:
unifier_config:
  drop_filtered: false
  min_allele_copy_number: 1
  min_AQ1: 70
  min_AQ2: 40
  min_GQ: 40
  max_alleles_per_site: 32
  monoallelic_sites_for_lost_alleles: true
  preference: common
genotyper_config:
  revise_genotypes: true
  min_assumed_allele_frequency: 9.99999975e-05
  snv_prior_calibration: 1
  indel_prior_calibration: 1
  required_dp: 1
  allow_partial_data: false
  allele_dp_format: AD
  ref_dp_format: MIN_DP
  output_residuals: false
  more_PL: false
  squeeze: false
  trim_uncalled_alleles: false
  top_two_half_calls: false
  output_format: BCF
  liftover_fields:
    - {orig_names: [MIN_DP, DP], name: DP, description: "##FORMAT=<ID=DP,Number=1,Type=Integer,Description=\"Approximate read depth (reads with MQ=255 or with bad mates are filtered)\">", type: int, number: basic, default_type: missing, count: 1, combi_method: min, ignore_non_variants: true}
    - {orig_names: [AD], name: AD, description: "##FORMAT=<ID=AD,Number=R,Type=Integer,Description=\"Allelic depths for the ref and alt alleles in the order listed\">", type: int, number: alleles, default_type: zero, count: 0, combi_method: min, ignore_non_variants: false}
    - {orig_names: [SB], name: SB, description: "##FORMAT=<ID=SB,Number=4,Type=Integer,Description=\"Per-sample component statistics which comprise the Fishers Exact Test to detect strand bias.\">", type: int, number: basic, default_type: missing, count: 4, combi_method: missing, ignore_non_variants: false}
    - {orig_names: [GQ], name: GQ, description: "##FORMAT=<ID=GQ,Number=1,Type=Integer,Description=\"Genotype Quality\">", type: int, number: basic, default_type: missing, count: 1, combi_method: min, ignore_non_variants: true}
    - {orig_names: [PL], name: PL, description: "##FORMAT=<ID=PL,Number=G,Type=Integer,Description=\"Phred-scaled genotype Likelihoods\">", type: int, number: genotype, default_type: missing, count: 0, combi_method: missing, ignore_non_variants: true}
[3814750] [2025-12-01 14:15:15.211] [GLnexus] [info] config CRC32C = 1926883223
[3814750] [2025-12-01 14:15:15.211] [GLnexus] [info] init database, exemplar_vcf=/share/org/YZWL/yzwl_lixg/project/21.野生大豆群体/03.glnexus_joint/vcf/CRR071751.g.vcf.gz
[3814750] [2025-12-01 14:15:15.310] [GLnexus] [info] Initialized GLnexus database in GLnexus.DB
[3814750] [2025-12-01 14:15:15.310] [GLnexus] [info] bucket size: 30000
[3814750] [2025-12-01 14:15:15.310] [GLnexus] [info] contigs: Chr01 Chr02 Chr03 Chr04 Chr05 Chr06 Chr07 Chr08 Chr09 Chr10 Chr11 Chr12 Chr13 Chr14 Chr15 Chr16 Chr17 Chr18 Chr19 Chr20
[3814750] [2025-12-01 14:15:15.317] [GLnexus] [info] db_get_contigs GLnexus.DB
[3814750] [2025-12-01 14:15:15.339] [GLnexus] [info] Beginning bulk load with no range filter.
[W::hts_idx_load2] The index file is older than the data file: /share/org/YZWL/yzwl_lixg/project/21.野生大豆群体/03.glnexus_joint/vcf/CRR071785.g.vcf.gz.tbi
[W::hts_idx_load2] The index file is older than the data file: /share/org/YZWL/yzwl_lixg/project/21.野生大豆群体/03.glnexus_joint/vcf/CRR071786.g.vcf.gz.tbi
[W::hts_idx_load2] The index file is older than the data file: /share/org/YZWL/yzwl_lixg/project/21.野生大豆群体/03.glnexus_joint/vcf/CRR071826.g.vcf.gz.tbi
[W::hts_idx_load2] The index file is older than the data file: /share/org/YZWL/yzwl_lixg/project/21.野生大豆群体/03.glnexus_joint/vcf/CRR071843.g.vcf.gz.tbi
[W::hts_idx_load2] The index file is older than the data file: /share/org/YZWL/yzwl_lixg/project/21.野生大豆群体/03.glnexus_joint/vcf/CRR071807.g.vcf.gz.tbi
[W::hts_idx_load2] The index file is older than the data file: /share/org/YZWL/yzwl_lixg/project/21.野生大豆群体/03.glnexus_joint/vcf/CRR106893.g.vcf.gz.tbi
[W::hts_idx_load2] The index file is older than the data file: /share/org/YZWL/yzwl_lixg/project/21.野生大豆群体/03.glnexus_joint/vcf/CRR071834.g.vcf.gz.tbi
[W::hts_idx_load2] The index file is older than the data file: /share/org/YZWL/yzwl_lixg/project/21.野生大豆群体/03.glnexus_joint/vcf/CRR071841.g.vcf.gz.tbi
[W::hts_idx_load2] The index file is older than the data file: /share/org/YZWL/yzwl_lixg/project/21.野生大豆群体/03.glnexus_joint/vcf/CRR071783.g.vcf.gz.tbi
Job 68244774 stderr output:

