00:06:55.283 info  NativeGenomicsDB - pid=1424395 tid=1425789 No valid combination operation found for INFO field MLEAF  - the field will NOT be part of INFO fields in the generated VCF records
00:06:55.283 info  NativeGenomicsDB - pid=1424395 tid=1425762 No valid combination operation found for INFO field MLEAC  - the field will NOT be part of INFO fields in the generated VCF records
00:06:55.283 info  NativeGenomicsDB - pid=1424395 tid=1425743 No valid combination operation found for INFO field InbreedingCoeff  - the field will NOT be part of INFO fields in the generated VCF records
Chromosome Chr18 position 6010899 (TileDB column 860804804) has too many alleles in the combined VCF record : 148 : current limit : 50. Fields, such as  PL, with length equal to the number of genotypes will NOT be added for this location.
Chromosome Chr18 position 6010938 (TileDB column 860804843) has too many alleles in the combined VCF record : 73 : current limit : 50. Fields, such as  PL, with length equal to the number of genotypes will NOT be added for this location.
Chromosome Chr18 position 10020834 (TileDB column 864814739) has too many alleles in the combined VCF record : 54 : current limit : 50. Fields, such as  PL, with length equal to the number of genotypes will NOT be added for this location.
Chromosome Chr18 position 18038094 (TileDB column 872831999) has too many alleles in the combined VCF record : 51 : current limit : 50. Fields, such as  PL, with length equal to the number of genotypes will NOT be added for this location.
Chromosome Chr18 position 12050769 (TileDB column 866844674) has too many alleles in the combined VCF record : 116 : current limit : 50. Fields, such as  PL, with length equal to the number of genotypes will NOT be added for this location.
Chromosome Chr18 position 4060867 (TileDB column 858854772) has too many alleles in the combined VCF record : 52 : current limit : 50. Fields, such as  PL, with length equal to the number of genotypes will NOT be added for this location.
Chromosome Chr18 position 16065376 (TileDB column 870859281) has too many alleles in the combined VCF record : 88 : current limit : 50. Fields, such as  PL, with length equal to the number of genotypes will NOT be added for this location.
Chromosome Chr18 position 6076373 (TileDB column 860870278) has too many alleles in the combined VCF record : 62 : current limit : 50. Fields, such as  PL, with length equal to the number of genotypes will NOT be added for this location.
Chromosome Chr18 position 4087201 (TileDB column 858881106) has too many alleles in the combined VCF record : 61 : current limit : 50. Fields, such as  PL, with length equal to the number of genotypes will NOT be added for this location.
Chromosome Chr18 position 101280 (TileDB column 854895185) has too many alleles in the combined VCF record : 55 : current limit : 50. Fields, such as  PL, with length equal to the number of genotypes will NOT be added for this location.
Chromosome Chr18 position 10125446 (TileDB column 864919351) has too many alleles in the combined VCF record : 62 : current limit : 50. Fields, such as  PL, with length equal to the number of genotypes will NOT be added for this location.
Chromosome Chr18 position 14137387 (TileDB column 868931292) has too many alleles in the combined VCF record : 82 : current limit : 50. Fields, such as  PL, with length equal to the number of genotypes will NOT be added for this location.
Chromosome Chr18 position 4143041 (TileDB column 858936946) has too many alleles in the combined VCF record : 59 : current limit : 50. Fields, such as  PL, with length equal to the number of genotypes will NOT be added for this location.
Chromosome Chr18 position 18121979 (TileDB column 872915884) has too many alleles in the combined VCF record : 53 : current limit : 50. Fields, such as  PL, with length equal to the number of genotypes will NOT be added for this location.
Chromosome Chr18 position 2127440 (TileDB column 856921345) has too many alleles in the combined VCF record : 52 : current limit : 50. Fields, such as  PL, with length equal to the number of genotypes will NOT be added for this location.
Chromosome Chr18 position 178337 (TileDB column 854972242) has too many alleles in the combined VCF record : 57 : current limit : 50. Fields, such as  PL, with length equal to the number of genotypes will NOT be added for this location.
Chromosome Chr18 position 178360 (TileDB column 854972265) has too many alleles in the combined VCF record : 63 : current limit : 50. Fields, such as  PL, with length equal to the number of genotypes will NOT be added for this location.
Chromosome Chr18 position 16182445 (TileDB column 870976350) has too many alleles in the combined VCF record : 53 : current limit : 50. Fields, such as  PL, with length equal to the number of genotypes will NOT be added for this location.
Chromosome Chr18 position 12202563 (TileDB column 866996468) has too many alleles in the combined VCF record : 89 : current limit : 50. Fields, such as  PL, with length equal to the number of genotypes will NOT be added for this location.
Chromosome Chr18 position 4208796 (TileDB column 859002701) has too many alleles in the combined VCF record : 66 : current limit : 50. Fields, such as  PL, with length equal to the number of genotypes will NOT be added for this location.
Chromosome Chr18 position 14217522 (TileDB column 869011427) has too many alleles in the combined VCF record : 58 : current limit : 50. Fields, such as  PL, with length equal to the number of genotypes will NOT be added for this location.
Chromosome Chr18 position 14217540 (TileDB column 869011445) has too many alleles in the combined VCF record : 107 : current limit : 50. Fields, such as  PL, with length equal to the number of genotypes will NOT be added for this location.
Chromosome Chr18 position 2177124 (TileDB column 856971029) has too many alleles in the combined VCF record : 114 : current limit : 50. Fields, such as  PL, with length equal to the number of genotypes will NOT be added for this location.
Chromosome Chr18 position 16215131 (TileDB column 871009036) has too many alleles in the combined VCF record : 58 : current limit : 50. Fields, such as  PL, with length equal to the number of genotypes will NOT be added for this location.
Chromosome Chr18 position 213248 (TileDB column 855007153) has too many alleles in the combined VCF record : 103 : current limit : 50. Fields, such as  PL, with length equal to the number of genotypes will NOT be added for this location.
Chromosome Chr18 position 16222542 (TileDB column 871016447) has too many alleles in the combined VCF record : 66 : current limit : 50. Fields, such as  PL, with length equal to the number of genotypes will NOT be added for this location.
Chromosome Chr18 position 16267841 (TileDB column 871061746) has too many alleles in the combined VCF record : 82 : current limit : 50. Fields, such as  PL, with length equal to the number of genotypes will NOT be added for this location.
Chromosome Chr18 position 10291515 (TileDB column 865085420) has too many alleles in the combined VCF record : 55 : current limit : 50. Fields, such as  PL, with length equal to the number of genotypes will NOT be added for this location.
Chromosome Chr18 position 18249871 (TileDB column 873043776) has too many alleles in the combined VCF record : 60 : current limit : 50. Fields, such as  PL, with length equal to the number of genotypes will NOT be added for this location.
Chromosome Chr18 position 14295183 (TileDB column 869089088) has too many alleles in the combined VCF record : 74 : current limit : 50. Fields, such as  PL, with length equal to the number of genotypes will NOT be added for this location.
Chromosome Chr18 position 14309716 (TileDB column 869103621) has too many alleles in the combined VCF record : 69 : current limit : 50. Fields, such as  PL, with length equal to the number of genotypes will NOT be added for this location.
Chromosome Chr18 position 8303071 (TileDB column 863096976) has too many alleles in the combined VCF record : 67 : current limit : 50. Fields, such as  PL, with length equal to the number of genotypes will NOT be added for this location.
Chromosome Chr18 position 6312616 (TileDB column 861106521) has too many alleles in the combined VCF record : 78 : current limit : 50. Fields, such as  PL, with length equal to the number of genotypes will NOT be added for this location.
Chromosome Chr18 position 8316468 (TileDB column 863110373) has too many alleles in the combined VCF record : 52 : current limit : 50. Fields, such as  PL, with length equal to the number of genotypes will NOT be added for this location.
Chromosome Chr18 position 4349604 (TileDB column 859143509) has too many alleles in the combined VCF record : 54 : current limit : 50. Fields, such as  PL, with length equal to the number of genotypes will NOT be added for this location.
Chromosome Chr18 position 2300255 (TileDB column 857094160) has too many alleles in the combined VCF record : 59 : current limit : 50. Fields, such as  PL, with length equal to the number of genotypes will NOT be added for this location.
Chromosome Chr18 position 8352494 (TileDB column 863146399) has too many alleles in the combined VCF record : 91 : current limit : 50. Fields, such as  PL, with length equal to the number of genotypes will NOT be added for this location.
Chromosome Chr18 position 18324788 (TileDB column 873118693) has too many alleles in the combined VCF record : 204 : current limit : 50. Fields, such as  PL, with length equal to the number of genotypes will NOT be added for this location.
Chromosome Chr18 position 10401674 (TileDB column 865195579) has too many alleles in the combined VCF record : 170 : current limit : 50. Fields, such as  PL, with length equal to the number of genotypes will NOT be added for this location.
Chromosome Chr18 position 2341127 (TileDB column 857135032) has too many alleles in the combined VCF record : 93 : current limit : 50. Fields, such as  PL, with length equal to the number of genotypes will NOT be added for this location.
Chromosome Chr18 position 392689 (TileDB column 855186594) has too many alleles in the combined VCF record : 72 : current limit : 50. Fields, such as  PL, with length equal to the number of genotypes will NOT be added for this location.
Chromosome Chr18 position 2352634 (TileDB column 857146539) has too many alleles in the combined VCF record : 52 : current limit : 50. Fields, such as  PL, with length equal to the number of genotypes will NOT be added for this location.
Chromosome Chr18 position 393613 (TileDB column 855187518) has too many alleles in the combined VCF record : 60 : current limit : 50. Fields, such as  PL, with length equal to the number of genotypes will NOT be added for this location.
Chromosome Chr18 position 2358950 (TileDB column 857152855) has too many alleles in the combined VCF record : 55 : current limit : 50. Fields, such as  PL, with length equal to the number of genotypes will NOT be added for this location.
Chromosome Chr18 position 8407620 (TileDB column 863201525) has too many alleles in the combined VCF record : 66 : current limit : 50. Fields, such as  PL, with length equal to the number of genotypes will NOT be added for this location.
Chromosome Chr18 position 18376618 (TileDB column 873170523) has too many alleles in the combined VCF record : 69 : current limit : 50. Fields, such as  PL, with length equal to the number of genotypes will NOT be added for this location.
Chromosome Chr18 position 8441850 (TileDB column 863235755) has too many alleles in the combined VCF record : 52 : current limit : 50. Fields, such as  PL, with length equal to the number of genotypes will NOT be added for this location.
Chromosome Chr18 position 453351 (TileDB column 855247256) has too many alleles in the combined VCF record : 58 : current limit : 50. Fields, such as  PL, with length equal to the number of genotypes will NOT be added for this location.
Chromosome Chr18 position 6411304 (TileDB column 861205209) has too many alleles in the combined VCF record : 67 : current limit : 50. Fields, such as  PL, with length equal to the number of genotypes will NOT be added for this location.
Chromosome Chr18 position 14506319 (TileDB column 869300224) has too many alleles in the combined VCF record : 131 : current limit : 50. Fields, such as  PL, with length equal to the number of genotypes will NOT be added for this location.
Chromosome Chr18 position 18443780 (TileDB column 873237685) has too many alleles in the combined VCF record : 53 : current limit : 50. Fields, such as  PL, with length equal to the number of genotypes will NOT be added for this location.
Chromosome Chr18 position 18515256 (TileDB column 873309161) has too many alleles in the combined VCF record : 53 : current limit : 50. Fields, such as  PL, with length equal to the number of genotypes will NOT be added for this location.
Chromosome Chr18 position 10604432 (TileDB column 865398337) has too many alleles in the combined VCF record : 149 : current limit : 50. Fields, such as  PL, with length equal to the number of genotypes will NOT be added for this location.
Chromosome Chr18 position 6479692 (TileDB column 861273597) has too many alleles in the combined VCF record : 75 : current limit : 50. Fields, such as  PL, with length equal to the number of genotypes will NOT be added for this location.
Chromosome Chr18 position 6480228 (TileDB column 861274133) has too many alleles in the combined VCF record : 136 : current limit : 50. Fields, such as  PL, with length equal to the number of genotypes will NOT be added for this location.
Chromosome Chr18 position 18530389 (TileDB column 873324294) has too many alleles in the combined VCF record : 57 : current limit : 50. Fields, such as  PL, with length equal to the number of genotypes will NOT be added for this location.
Chromosome Chr18 position 2518196 (TileDB column 857312101) has too many alleles in the combined VCF record : 53 : current limit : 50. Fields, such as  PL, with length equal to the number of genotypes will NOT be added for this location.
Chromosome Chr18 position 6488858 (TileDB column 861282763) has too many alleles in the combined VCF record : 83 : current limit : 50. Fields, such as  PL, with length equal to the number of genotypes will NOT be added for this location.
Chromosome Chr18 position 16596474 (TileDB column 871390379) has too many alleles in the combined VCF record : 62 : current limit : 50. Fields, such as  PL, with length equal to the number of genotypes will NOT be added for this location.
Chromosome Chr18 position 6500343 (TileDB column 861294248) has too many alleles in the combined VCF record : 56 : current limit : 50. Fields, such as  PL, with length equal to the number of genotypes will NOT be added for this location.
Chromosome Chr18 position 6500633 (TileDB column 861294538) has too many alleles in the combined VCF record : 55 : current limit : 50. Fields, such as  PL, with length equal to the number of genotypes will NOT be added for this location.
Chromosome Chr18 position 609389 (TileDB column 855403294) has too many alleles in the combined VCF record : 51 : current limit : 50. Fields, such as  PL, with length equal to the number of genotypes will NOT be added for this location.
Chromosome Chr18 position 646923 (TileDB column 855440828) has too many alleles in the combined VCF record : 96 : current limit : 50. Fields, such as  PL, with length equal to the number of genotypes will NOT be added for this location.
Chromosome Chr18 position 647962 (TileDB column 855441867) has too many alleles in the combined VCF record : 57 : current limit : 50. Fields, such as  PL, with length equal to the number of genotypes will NOT be added for this location.
Chromosome Chr18 position 4692401 (TileDB column 859486306) has too many alleles in the combined VCF record : 118 : current limit : 50. Fields, such as  PL, with length equal to the number of genotypes will NOT be added for this location.
Chromosome Chr18 position 12724966 (TileDB column 867518871) has too many alleles in the combined VCF record : 84 : current limit : 50. Fields, such as  PL, with length equal to the number of genotypes will NOT be added for this location.
Chromosome Chr18 position 2679844 (TileDB column 857473749) has too many alleles in the combined VCF record : 117 : current limit : 50. Fields, such as  PL, with length equal to the number of genotypes will NOT be added for this location.
Chromosome Chr18 position 10789869 (TileDB column 865583774) has too many alleles in the combined VCF record : 52 : current limit : 50. Fields, such as  PL, with length equal to the number of genotypes will NOT be added for this location.
Chromosome Chr18 position 730921 (TileDB column 855524826) has too many alleles in the combined VCF record : 100 : current limit : 50. Fields, such as  PL, with length equal to the number of genotypes will NOT be added for this location.
Chromosome Chr18 position 16806487 (TileDB column 871600392) has too many alleles in the combined VCF record : 51 : current limit : 50. Fields, such as  PL, with length equal to the number of genotypes will NOT be added for this location.
Chromosome Chr18 position 14815611 (TileDB column 869609516) has too many alleles in the combined VCF record : 54 : current limit : 50. Fields, such as  PL, with length equal to the number of genotypes will NOT be added for this location.
Chromosome Chr18 position 10843336 (TileDB column 865637241) has too many alleles in the combined VCF record : 78 : current limit : 50. Fields, such as  PL, with length equal to the number of genotypes will NOT be added for this location.
Chromosome Chr18 position 4802250 (TileDB column 859596155) has too many alleles in the combined VCF record : 94 : current limit : 50. Fields, such as  PL, with length equal to the number of genotypes will NOT be added for this location.
Chromosome Chr18 position 6702249 (TileDB column 861496154) has too many alleles in the combined VCF record : 58 : current limit : 50. Fields, such as  PL, with length equal to the number of genotypes will NOT be added for this location.
Chromosome Chr18 position 6703515 (TileDB column 861497420) has too many alleles in the combined VCF record : 68 : current limit : 50. Fields, such as  PL, with length equal to the number of genotypes will NOT be added for this location.
Chromosome Chr18 position 12834316 (TileDB column 867628221) has too many alleles in the combined VCF record : 57 : current limit : 50. Fields, such as  PL, with length equal to the number of genotypes will NOT be added for this location.
Chromosome Chr18 position 4837017 (TileDB column 859630922) has too many alleles in the combined VCF record : 51 : current limit : 50. Fields, such as  PL, with length equal to the number of genotypes will NOT be added for this location.
Chromosome Chr18 position 10888429 (TileDB column 865682334) has too many alleles in the combined VCF record : 51 : current limit : 50. Fields, such as  PL, with length equal to the number of genotypes will NOT be added for this location.
Chromosome Chr18 position 16967477 (TileDB column 871761382) has too many alleles in the combined VCF record : 56 : current limit : 50. Fields, such as  PL, with length equal to the number of genotypes will NOT be added for this location.
Chromosome Chr18 position 6801965 (TileDB column 861595870) has too many alleles in the combined VCF record : 86 : current limit : 50. Fields, such as  PL, with length equal to the number of genotypes will NOT be added for this location.
Chromosome Chr18 position 10990495 (TileDB column 865784400) has too many alleles in the combined VCF record : 92 : current limit : 50. Fields, such as  PL, with length equal to the number of genotypes will NOT be added for this location.
Chromosome Chr18 position 8867103 (TileDB column 863661008) has too many alleles in the combined VCF record : 58 : current limit : 50. Fields, such as  PL, with length equal to the number of genotypes will NOT be added for this location.
Chromosome Chr18 position 18917859 (TileDB column 873711764) has too many alleles in the combined VCF record : 64 : current limit : 50. Fields, such as  PL, with length equal to the number of genotypes will NOT be added for this location.
Chromosome Chr18 position 6821567 (TileDB column 861615472) has too many alleles in the combined VCF record : 51 : current limit : 50. Fields, such as  PL, with length equal to the number of genotypes will NOT be added for this location.
Chromosome Chr18 position 12973398 (TileDB column 867767303) has too many alleles in the combined VCF record : 59 : current limit : 50. Fields, such as  PL, with length equal to the number of genotypes will NOT be added for this location.
Chromosome Chr18 position 15063174 (TileDB column 869857079) has too many alleles in the combined VCF record : 87 : current limit : 50. Fields, such as  PL, with length equal to the number of genotypes will NOT be added for this location.
Chromosome Chr18 position 17053526 (TileDB column 871847431) has too many alleles in the combined VCF record : 53 : current limit : 50. Fields, such as  PL, with length equal to the number of genotypes will NOT be added for this location.
Chromosome Chr18 position 17056263 (TileDB column 871850168) has too many alleles in the combined VCF record : 98 : current limit : 50. Fields, such as  PL, with length equal to the number of genotypes will NOT be added for this location.
Chromosome Chr18 position 11052252 (TileDB column 865846157) has too many alleles in the combined VCF record : 58 : current limit : 50. Fields, such as  PL, with length equal to the number of genotypes will NOT be added for this location.
Chromosome Chr18 position 6876551 (TileDB column 861670456) has too many alleles in the combined VCF record : 120 : current limit : 50. Fields, such as  PL, with length equal to the number of genotypes will NOT be added for this location.
Chromosome Chr18 position 13022063 (TileDB column 867815968) has too many alleles in the combined VCF record : 54 : current limit : 50. Fields, such as  PL, with length equal to the number of genotypes will NOT be added for this location.
Chromosome Chr18 position 2983355 (TileDB column 857777260) has too many alleles in the combined VCF record : 59 : current limit : 50. Fields, such as  PL, with length equal to the number of genotypes will NOT be added for this location.
Chromosome Chr18 position 6891211 (TileDB column 861685116) has too many alleles in the combined VCF record : 56 : current limit : 50. Fields, such as  PL, with length equal to the number of genotypes will NOT be added for this location.
Chromosome Chr18 position 8956105 (TileDB column 863750010) has too many alleles in the combined VCF record : 81 : current limit : 50. Fields, such as  PL, with length equal to the number of genotypes will NOT be added for this location.
Chromosome Chr18 position 8956453 (TileDB column 863750358) has too many alleles in the combined VCF record : 57 : current limit : 50. Fields, such as  PL, with length equal to the number of genotypes will NOT be added for this location.
Chromosome Chr18 position 15106610 (TileDB column 869900515) has too many alleles in the combined VCF record : 66 : current limit : 50. Fields, such as  PL, with length equal to the number of genotypes will NOT be added for this location.
Chromosome Chr18 position 17094168 (TileDB column 871888073) has too many alleles in the combined VCF record : 66 : current limit : 50. Fields, such as  PL, with length equal to the number of genotypes will NOT be added for this location.
Chromosome Chr18 position 19023470 (TileDB column 873817375) has too many alleles in the combined VCF record : 54 : current limit : 50. Fields, such as  PL, with length equal to the number of genotypes will NOT be added for this location.
Chromosome Chr18 position 8982904 (TileDB column 863776809) has too many alleles in the combined VCF record : 72 : current limit : 50. Fields, such as  PL, with length equal to the number of genotypes will NOT be added for this location.
Chromosome Chr18 position 6926756 (TileDB column 861720661) has too many alleles in the combined VCF record : 82 : current limit : 50. Fields, such as  PL, with length equal to the number of genotypes will NOT be added for this location.
Chromosome Chr18 position 8995148 (TileDB column 863789053) has too many alleles in the combined VCF record : 72 : current limit : 50. Fields, such as  PL, with length equal to the number of genotypes will NOT be added for this location.
Chromosome Chr18 position 15181305 (TileDB column 869975210) has too many alleles in the combined VCF record : 59 : current limit : 50. Fields, such as  PL, with length equal to the number of genotypes will NOT be added for this location.
Chromosome Chr18 position 5141794 (TileDB column 859935699) has too many alleles in the combined VCF record : 62 : current limit : 50. Fields, such as  PL, with length equal to the number of genotypes will NOT be added for this location.
Chromosome Chr18 position 13129703 (TileDB column 867923608) has too many alleles in the combined VCF record : 58 : current limit : 50. Fields, such as  PL, with length equal to the number of genotypes will NOT be added for this location.
Chromosome Chr18 position 15224200 (TileDB column 870018105) has too many alleles in the combined VCF record : 59 : current limit : 50. Fields, such as  PL, with length equal to the number of genotypes will NOT be added for this location.
Chromosome Chr18 position 15232417 (TileDB column 870026322) has too many alleles in the combined VCF record : 68 : current limit : 50. Fields, such as  PL, with length equal to the number of genotypes will NOT be added for this location.
Chromosome Chr18 position 3113754 (TileDB column 857907659) has too many alleles in the combined VCF record : 53 : current limit : 50. Fields, such as  PL, with length equal to the number of genotypes will NOT be added for this location.
Chromosome Chr18 position 15238509 (TileDB column 870032414) has too many alleles in the combined VCF record : 54 : current limit : 50. Fields, such as  PL, with length equal to the number of genotypes will NOT be added for this location.
Chromosome Chr18 position 11202987 (TileDB column 865996892) has too many alleles in the combined VCF record : 79 : current limit : 50. Fields, such as  PL, with length equal to the number of genotypes will NOT be added for this location.
Chromosome Chr18 position 5172853 (TileDB column 859966758) has too many alleles in the combined VCF record : 383 : current limit : 50. Fields, such as  PL, with length equal to the number of genotypes will NOT be added for this location.
Chromosome Chr18 position 5172875 (TileDB column 859966780) has too many alleles in the combined VCF record : 74 : current limit : 50. Fields, such as  PL, with length equal to the number of genotypes will NOT be added for this location.
Chromosome Chr18 position 9100330 (TileDB column 863894235) has too many alleles in the combined VCF record : 69 : current limit : 50. Fields, such as  PL, with length equal to the number of genotypes will NOT be added for this location.
Chromosome Chr18 position 11265391 (TileDB column 866059296) has too many alleles in the combined VCF record : 57 : current limit : 50. Fields, such as  PL, with length equal to the number of genotypes will NOT be added for this location.
Chromosome Chr18 position 11265406 (TileDB column 866059311) has too many alleles in the combined VCF record : 55 : current limit : 50. Fields, such as  PL, with length equal to the number of genotypes will NOT be added for this location.
Chromosome Chr18 position 19191541 (TileDB column 873985446) has too many alleles in the combined VCF record : 55 : current limit : 50. Fields, such as  PL, with length equal to the number of genotypes will NOT be added for this location.
Chromosome Chr18 position 3194159 (TileDB column 857988064) has too many alleles in the combined VCF record : 51 : current limit : 50. Fields, such as  PL, with length equal to the number of genotypes will NOT be added for this location.
Chromosome Chr18 position 9160107 (TileDB column 863954012) has too many alleles in the combined VCF record : 54 : current limit : 50. Fields, such as  PL, with length equal to the number of genotypes will NOT be added for this location.
Chromosome Chr18 position 19236289 (TileDB column 874030194) has too many alleles in the combined VCF record : 68 : current limit : 50. Fields, such as  PL, with length equal to the number of genotypes will NOT be added for this location.
Chromosome Chr18 position 9193478 (TileDB column 863987383) has too many alleles in the combined VCF record : 74 : current limit : 50. Fields, such as  PL, with length equal to the number of genotypes will NOT be added for this location.
Chromosome Chr18 position 5309207 (TileDB column 860103112) has too many alleles in the combined VCF record : 66 : current limit : 50. Fields, such as  PL, with length equal to the number of genotypes will NOT be added for this location.
Chromosome Chr18 position 5323309 (TileDB column 860117214) has too many alleles in the combined VCF record : 57 : current limit : 50. Fields, such as  PL, with length equal to the number of genotypes will NOT be added for this location.
Chromosome Chr18 position 9231637 (TileDB column 864025542) has too many alleles in the combined VCF record : 63 : current limit : 50. Fields, such as  PL, with length equal to the number of genotypes will NOT be added for this location.
Chromosome Chr18 position 15435972 (TileDB column 870229877) has too many alleles in the combined VCF record : 64 : current limit : 50. Fields, such as  PL, with length equal to the number of genotypes will NOT be added for this location.
Chromosome Chr18 position 9239657 (TileDB column 864033562) has too many alleles in the combined VCF record : 53 : current limit : 50. Fields, such as  PL, with length equal to the number of genotypes will NOT be added for this location.
Chromosome Chr18 position 15485108 (TileDB column 870279013) has too many alleles in the combined VCF record : 55 : current limit : 50. Fields, such as  PL, with length equal to the number of genotypes will NOT be added for this location.
Chromosome Chr18 position 3352081 (TileDB column 858145986) has too many alleles in the combined VCF record : 100 : current limit : 50. Fields, such as  PL, with length equal to the number of genotypes will NOT be added for this location.
Chromosome Chr18 position 1438310 (TileDB column 856232215) has too many alleles in the combined VCF record : 59 : current limit : 50. Fields, such as  PL, with length equal to the number of genotypes will NOT be added for this location.
Chromosome Chr18 position 1446073 (TileDB column 856239978) has too many alleles in the combined VCF record : 154 : current limit : 50. Fields, such as  PL, with length equal to the number of genotypes will NOT be added for this location.
Chromosome Chr18 position 1460952 (TileDB column 856254857) has too many alleles in the combined VCF record : 53 : current limit : 50. Fields, such as  PL, with length equal to the number of genotypes will NOT be added for this location.
Chromosome Chr18 position 7292571 (TileDB column 862086476) has too many alleles in the combined VCF record : 70 : current limit : 50. Fields, such as  PL, with length equal to the number of genotypes will NOT be added for this location.
Chromosome Chr18 position 3439720 (TileDB column 858233625) has too many alleles in the combined VCF record : 57 : current limit : 50. Fields, such as  PL, with length equal to the number of genotypes will NOT be added for this location.
Chromosome Chr18 position 5471911 (TileDB column 860265816) has too many alleles in the combined VCF record : 59 : current limit : 50. Fields, such as  PL, with length equal to the number of genotypes will NOT be added for this location.
Chromosome Chr18 position 5482953 (TileDB column 860276858) has too many alleles in the combined VCF record : 55 : current limit : 50. Fields, such as  PL, with length equal to the number of genotypes will NOT be added for this location.
Chromosome Chr18 position 11560355 (TileDB column 866354260) has too many alleles in the combined VCF record : 88 : current limit : 50. Fields, such as  PL, with length equal to the number of genotypes will NOT be added for this location.
Chromosome Chr18 position 5484789 (TileDB column 860278694) has too many alleles in the combined VCF record : 66 : current limit : 50. Fields, such as  PL, with length equal to the number of genotypes will NOT be added for this location.
Chromosome Chr18 position 9382761 (TileDB column 864176666) has too many alleles in the combined VCF record : 109 : current limit : 50. Fields, such as  PL, with length equal to the number of genotypes will NOT be added for this location.
Chromosome Chr18 position 11638673 (TileDB column 866432578) has too many alleles in the combined VCF record : 51 : current limit : 50. Fields, such as  PL, with length equal to the number of genotypes will NOT be added for this location.
Chromosome Chr18 position 1580319 (TileDB column 856374224) has too many alleles in the combined VCF record : 87 : current limit : 50. Fields, such as  PL, with length equal to the number of genotypes will NOT be added for this location.
Chromosome Chr18 position 13619351 (TileDB column 868413256) has too many alleles in the combined VCF record : 52 : current limit : 50. Fields, such as  PL, with length equal to the number of genotypes will NOT be added for this location.
Chromosome Chr18 position 17710297 (TileDB column 872504202) has too many alleles in the combined VCF record : 52 : current limit : 50. Fields, such as  PL, with length equal to the number of genotypes will NOT be added for this location.
Chromosome Chr18 position 5590321 (TileDB column 860384226) has too many alleles in the combined VCF record : 51 : current limit : 50. Fields, such as  PL, with length equal to the number of genotypes will NOT be added for this location.
Chromosome Chr18 position 1627829 (TileDB column 856421734) has too many alleles in the combined VCF record : 96 : current limit : 50. Fields, such as  PL, with length equal to the number of genotypes will NOT be added for this location.
Chromosome Chr18 position 9518118 (TileDB column 864312023) has too many alleles in the combined VCF record : 78 : current limit : 50. Fields, such as  PL, with length equal to the number of genotypes will NOT be added for this location.
Chromosome Chr18 position 9522444 (TileDB column 864316349) has too many alleles in the combined VCF record : 147 : current limit : 50. Fields, such as  PL, with length equal to the number of genotypes will NOT be added for this location.
Chromosome Chr18 position 1645388 (TileDB column 856439293) has too many alleles in the combined VCF record : 54 : current limit : 50. Fields, such as  PL, with length equal to the number of genotypes will NOT be added for this location.
Chromosome Chr18 position 9528700 (TileDB column 864322605) has too many alleles in the combined VCF record : 55 : current limit : 50. Fields, such as  PL, with length equal to the number of genotypes will NOT be added for this location.
Chromosome Chr18 position 15753587 (TileDB column 870547492) has too many alleles in the combined VCF record : 52 : current limit : 50. Fields, such as  PL, with length equal to the number of genotypes will NOT be added for this location.
Chromosome Chr18 position 13715590 (TileDB column 868509495) has too many alleles in the combined VCF record : 63 : current limit : 50. Fields, such as  PL, with length equal to the number of genotypes will NOT be added for this location.
Chromosome Chr18 position 13715591 (TileDB column 868509496) has too many alleles in the combined VCF record : 59 : current limit : 50. Fields, such as  PL, with length equal to the number of genotypes will NOT be added for this location.
Chromosome Chr18 position 5649769 (TileDB column 860443674) has too many alleles in the combined VCF record : 60 : current limit : 50. Fields, such as  PL, with length equal to the number of genotypes will NOT be added for this location.
Chromosome Chr18 position 1686812 (TileDB column 856480717) has too many alleles in the combined VCF record : 54 : current limit : 50. Fields, such as  PL, with length equal to the number of genotypes will NOT be added for this location.
Chromosome Chr18 position 1689022 (TileDB column 856482927) has too many alleles in the combined VCF record : 61 : current limit : 50. Fields, such as  PL, with length equal to the number of genotypes will NOT be added for this location.
Chromosome Chr18 position 17811797 (TileDB column 872605702) has too many alleles in the combined VCF record : 89 : current limit : 50. Fields, such as  PL, with length equal to the number of genotypes will NOT be added for this location.
Chromosome Chr18 position 13786937 (TileDB column 868580842) has too many alleles in the combined VCF record : 116 : current limit : 50. Fields, such as  PL, with length equal to the number of genotypes will NOT be added for this location.
Chromosome Chr18 position 7549133 (TileDB column 862343038) has too many alleles in the combined VCF record : 57 : current limit : 50. Fields, such as  PL, with length equal to the number of genotypes will NOT be added for this location.
Chromosome Chr18 position 3684146 (TileDB column 858478051) has too many alleles in the combined VCF record : 72 : current limit : 50. Fields, such as  PL, with length equal to the number of genotypes will NOT be added for this location.
Chromosome Chr18 position 7554585 (TileDB column 862348490) has too many alleles in the combined VCF record : 61 : current limit : 50. Fields, such as  PL, with length equal to the number of genotypes will NOT be added for this location.
Chromosome Chr18 position 1735617 (TileDB column 856529522) has too many alleles in the combined VCF record : 58 : current limit : 50. Fields, such as  PL, with length equal to the number of genotypes will NOT be added for this location.
Chromosome Chr18 position 5719895 (TileDB column 860513800) has too many alleles in the combined VCF record : 52 : current limit : 50. Fields, such as  PL, with length equal to the number of genotypes will NOT be added for this location.
Chromosome Chr18 position 13829086 (TileDB column 868622991) has too many alleles in the combined VCF record : 57 : current limit : 50. Fields, such as  PL, with length equal to the number of genotypes will NOT be added for this location.
Chromosome Chr18 position 1768131 (TileDB column 856562036) has too many alleles in the combined VCF record : 51 : current limit : 50. Fields, such as  PL, with length equal to the number of genotypes will NOT be added for this location.
Chromosome Chr18 position 17880303 (TileDB column 872674208) has too many alleles in the combined VCF record : 64 : current limit : 50. Fields, such as  PL, with length equal to the number of genotypes will NOT be added for this location.
Chromosome Chr18 position 1780359 (TileDB column 856574264) has too many alleles in the combined VCF record : 52 : current limit : 50. Fields, such as  PL, with length equal to the number of genotypes will NOT be added for this location.
Chromosome Chr18 position 5754265 (TileDB column 860548170) has too many alleles in the combined VCF record : 88 : current limit : 50. Fields, such as  PL, with length equal to the number of genotypes will NOT be added for this location.
Chromosome Chr18 position 7608006 (TileDB column 862401911) has too many alleles in the combined VCF record : 73 : current limit : 50. Fields, such as  PL, with length equal to the number of genotypes will NOT be added for this location.
Chromosome Chr18 position 17894825 (TileDB column 872688730) has too many alleles in the combined VCF record : 58 : current limit : 50. Fields, such as  PL, with length equal to the number of genotypes will NOT be added for this location.
Chromosome Chr18 position 17904976 (TileDB column 872698881) has too many alleles in the combined VCF record : 101 : current limit : 50. Fields, such as  PL, with length equal to the number of genotypes will NOT be added for this location.
Chromosome Chr18 position 3763923 (TileDB column 858557828) has too many alleles in the combined VCF record : 96 : current limit : 50. Fields, such as  PL, with length equal to the number of genotypes will NOT be added for this location.
Chromosome Chr18 position 3763924 (TileDB column 858557829) has too many alleles in the combined VCF record : 52 : current limit : 50. Fields, such as  PL, with length equal to the number of genotypes will NOT be added for this location.
Chromosome Chr18 position 3763925 (TileDB column 858557830) has too many alleles in the combined VCF record : 52 : current limit : 50. Fields, such as  PL, with length equal to the number of genotypes will NOT be added for this location.
Chromosome Chr18 position 11863832 (TileDB column 866657737) has too many alleles in the combined VCF record : 60 : current limit : 50. Fields, such as  PL, with length equal to the number of genotypes will NOT be added for this location.
Chromosome Chr18 position 15921526 (TileDB column 870715431) has too many alleles in the combined VCF record : 72 : current limit : 50. Fields, such as  PL, with length equal to the number of genotypes will NOT be added for this location.
Chromosome Chr18 position 5802710 (TileDB column 860596615) has too many alleles in the combined VCF record : 58 : current limit : 50. Fields, such as  PL, with length equal to the number of genotypes will NOT be added for this location.
Chromosome Chr18 position 11908884 (TileDB column 866702789) has too many alleles in the combined VCF record : 119 : current limit : 50. Fields, such as  PL, with length equal to the number of genotypes will NOT be added for this location.
Chromosome Chr18 position 9733135 (TileDB column 864527040) has too many alleles in the combined VCF record : 61 : current limit : 50. Fields, such as  PL, with length equal to the number of genotypes will NOT be added for this location.
Chromosome Chr18 position 11925081 (TileDB column 866718986) has too many alleles in the combined VCF record : 53 : current limit : 50. Fields, such as  PL, with length equal to the number of genotypes will NOT be added for this location.
Chromosome Chr18 position 9740026 (TileDB column 864533931) has too many alleles in the combined VCF record : 98 : current limit : 50. Fields, such as  PL, with length equal to the number of genotypes will NOT be added for this location.
Chromosome Chr18 position 19861168 (TileDB column 874655073) has too many alleles in the combined VCF record : 77 : current limit : 50. Fields, such as  PL, with length equal to the number of genotypes will NOT be added for this location.
Chromosome Chr18 position 19863889 (TileDB column 874657794) has too many alleles in the combined VCF record : 88 : current limit : 50. Fields, such as  PL, with length equal to the number of genotypes will NOT be added for this location.
Chromosome Chr18 position 7720942 (TileDB column 862514847) has too many alleles in the combined VCF record : 62 : current limit : 50. Fields, such as  PL, with length equal to the number of genotypes will NOT be added for this location.
Chromosome Chr18 position 1916455 (TileDB column 856710360) has too many alleles in the combined VCF record : 72 : current limit : 50. Fields, such as  PL, with length equal to the number of genotypes will NOT be added for this location.
Chromosome Chr18 position 9812941 (TileDB column 864606846) has too many alleles in the combined VCF record : 74 : current limit : 50. Fields, such as  PL, with length equal to the number of genotypes will NOT be added for this location.
Chromosome Chr18 position 3938185 (TileDB column 858732090) has too many alleles in the combined VCF record : 81 : current limit : 50. Fields, such as  PL, with length equal to the number of genotypes will NOT be added for this location.
Chromosome Chr18 position 3941553 (TileDB column 858735458) has too many alleles in the combined VCF record : 53 : current limit : 50. Fields, such as  PL, with length equal to the number of genotypes will NOT be added for this location.
Chromosome Chr18 position 3948120 (TileDB column 858742025) has too many alleles in the combined VCF record : 64 : current limit : 50. Fields, such as  PL, with length equal to the number of genotypes will NOT be added for this location.
Chromosome Chr18 position 1988548 (TileDB column 856782453) has too many alleles in the combined VCF record : 60 : current limit : 50. Fields, such as  PL, with length equal to the number of genotypes will NOT be added for this location.
Chromosome Chr18 position 3990454 (TileDB column 858784359) has too many alleles in the combined VCF record : 68 : current limit : 50. Fields, such as  PL, with length equal to the number of genotypes will NOT be added for this location.
Chromosome Chr18 position 9926312 (TileDB column 864720217) has too many alleles in the combined VCF record : 59 : current limit : 50. Fields, such as  PL, with length equal to the number of genotypes will NOT be added for this location.
Chromosome Chr18 position 7922286 (TileDB column 862716191) has too many alleles in the combined VCF record : 122 : current limit : 50. Fields, such as  PL, with length equal to the number of genotypes will NOT be added for this location.
Job 68331387 stderr output:

