Singularity Path: /share/org/YZWL/yzwl_lixg/miniforge3/envs/singularity_v.3.8.7/bin/singularity
Image Path: /share/org/YZWL/yzwl_lixg/software/singularity/gapit_v1.5.sif
Working Directory: /share/org/YZWL/yzwl_lixg/project/94.rice_gas/10.gapit_gwas
[1] "\345\275\223\345\211\215\345\267\245\344\275\234\347\233\256\345\275\225: /share/org/YZWL/yzwl_lixg/project/94.rice_gas/10.gapit_gwas"
[1] "\346\255\243\345\234\250\350\257\273\345\217\226\350\241\250\345\236\213\346\225\260\346\215\256..."
[1] "\346\255\243\345\234\250\350\257\273\345\217\226\345\237\272\345\233\240\345\236\213\346\225\260\346\215\256..."
[1] "\346\200\273\345\205\261\351\234\200\350\246\201\345\210\206\346\236\220 2201 \344\270\252\346\200\247\347\212\266"
[1] ">>> \346\255\243\345\234\250\345\244\204\347\220\206\347\254\254 1 \344\270\252\346\200\247\347\212\266: acdA -----------------------"
[1] "--------------------- Welcome to GAPIT ----------------------------"
[1] "Blink"
[1] "--------------------Processing traits----------------------------------"
[1] "Phenotype provided!"
[1] "The 1 model in all."
[1] "BLINK"
[1] "GAPIT.DP in process..."
[1] "Converting genotype..."
[1] "Converting HapMap format to numerical under model of Middle"
[1] "Perform numericalization"
[1] "\351\224\231\350\257\257\357\274\232\346\200\247\347\212\266 acdA \350\277\220\350\241\214\345\244\261\350\264\245\343\200\202\350\267\263\350\277\207..."
<subscriptOutOfBoundsError in count.temp[, 2]: subscript out of bounds>
[1] ">>> \346\255\243\345\234\250\345\244\204\347\220\206\347\254\254 2 \344\270\252\346\200\247\347\212\266: acdB -----------------------"
[1] "--------------------- Welcome to GAPIT ----------------------------"
[1] "Blink"
[1] "--------------------Processing traits----------------------------------"
[1] "Phenotype provided!"
[1] "The 1 model in all."
[1] "BLINK"
[1] "GAPIT.DP in process..."
[1] "Converting genotype..."
[1] "Converting HapMap format to numerical under model of Middle"
[1] "Perform numericalization"
[1] "\351\224\231\350\257\257\357\274\232\346\200\247\347\212\266 acdB \350\277\220\350\241\214\345\244\261\350\264\245\343\200\202\350\267\263\350\277\207..."
<subscriptOutOfBoundsError in count.temp[, 2]: subscript out of bounds>
[1] ">>> \346\255\243\345\234\250\345\244\204\347\220\206\347\254\254 3 \344\270\252\346\200\247\347\212\266: ackA -----------------------"
[1] "--------------------- Welcome to GAPIT ----------------------------"
[1] "Blink"
[1] "--------------------Processing traits----------------------------------"
[1] "Phenotype provided!"
[1] "The 1 model in all."
[1] "BLINK"
[1] "GAPIT.DP in process..."
[1] "Converting genotype..."
[1] "Converting HapMap format to numerical under model of Middle"
[1] "Perform numericalization"
[1] "\351\224\231\350\257\257\357\274\232\346\200\247\347\212\266 ackA \350\277\220\350\241\214\345\244\261\350\264\245\343\200\202\350\267\263\350\277\207..."
<subscriptOutOfBoundsError in count.temp[, 2]: subscript out of bounds>
[1] ">>> \346\255\243\345\234\250\345\244\204\347\220\206\347\254\254 4 \344\270\252\346\200\247\347\212\266: acs -----------------------"
[1] "--------------------- Welcome to GAPIT ----------------------------"
[1] "Blink"
[1] "--------------------Processing traits----------------------------------"
[1] "Phenotype provided!"
[1] "The 1 model in all."
[1] "BLINK"
[1] "GAPIT.DP in process..."
[1] "Converting genotype..."
[1] "Converting HapMap format to numerical under model of Middle"
[1] "Perform numericalization"
[1] "\351\224\231\350\257\257\357\274\232\346\200\247\347\212\266 acs \350\277\220\350\241\214\345\244\261\350\264\245\343\200\202\350\267\263\350\277\207..."
<subscriptOutOfBoundsError in count.temp[, 2]: subscript out of bounds>
[1] ">>> \346\255\243\345\234\250\345\244\204\347\220\206\347\254\254 5 \344\270\252\346\200\247\347\212\266: acsC -----------------------"
[1] "--------------------- Welcome to GAPIT ----------------------------"
[1] "Blink"
[1] "--------------------Processing traits----------------------------------"
[1] "Phenotype provided!"
[1] "The 1 model in all."
[1] "BLINK"
[1] "GAPIT.DP in process..."
[1] "Converting genotype..."
[1] "Converting HapMap format to numerical under model of Middle"
[1] "Perform numericalization"
[1] "\351\224\231\350\257\257\357\274\232\346\200\247\347\212\266 acsC \350\277\220\350\241\214\345\244\261\350\264\245\343\200\202\350\267\263\350\277\207..."
<subscriptOutOfBoundsError in count.temp[, 2]: subscript out of bounds>
[1] ">>> \346\255\243\345\234\250\345\244\204\347\220\206\347\254\254 6 \344\270\252\346\200\247\347\212\266: acsD -----------------------"
[1] "--------------------- Welcome to GAPIT ----------------------------"
[1] "Blink"
[1] "--------------------Processing traits----------------------------------"
[1] "Phenotype provided!"
[1] "The 1 model in all."
[1] "BLINK"
[1] "GAPIT.DP in process..."
[1] "Converting genotype..."
[1] "Converting HapMap format to numerical under model of Middle"
[1] "Perform numericalization"
[1] "\351\224\231\350\257\257\357\274\232\346\200\247\347\212\266 acsD \350\277\220\350\241\214\345\244\261\350\264\245\343\200\202\350\267\263\350\277\207..."
<subscriptOutOfBoundsError in count.temp[, 2]: subscript out of bounds>
[1] ">>> \346\255\243\345\234\250\345\244\204\347\220\206\347\254\254 7 \344\270\252\346\200\247\347\212\266: amoA -----------------------"
[1] "--------------------- Welcome to GAPIT ----------------------------"
[1] "Blink"
[1] "--------------------Processing traits----------------------------------"
[1] "Phenotype provided!"
[1] "The 1 model in all."
[1] "BLINK"
[1] "GAPIT.DP in process..."
[1] "Converting genotype..."
[1] "Converting HapMap format to numerical under model of Middle"
[1] "Perform numericalization"
[1] "\351\224\231\350\257\257\357\274\232\346\200\247\347\212\266 amoA \350\277\220\350\241\214\345\244\261\350\264\245\343\200\202\350\267\263\350\277\207..."
<subscriptOutOfBoundsError in count.temp[, 2]: subscript out of bounds>
[1] ">>> \346\255\243\345\234\250\345\244\204\347\220\206\347\254\254 8 \344\270\252\346\200\247\347\212\266: amoB -----------------------"
[1] "--------------------- Welcome to GAPIT ----------------------------"
[1] "Blink"
[1] "--------------------Processing traits----------------------------------"
[1] "Phenotype provided!"
[1] "The 1 model in all."
[1] "BLINK"
[1] "GAPIT.DP in process..."
[1] "Converting genotype..."
[1] "Converting HapMap format to numerical under model of Middle"
[1] "Perform numericalization"
[1] "\351\224\231\350\257\257\357\274\232\346\200\247\347\212\266 amoB \350\277\220\350\241\214\345\244\261\350\264\245\343\200\202\350\267\263\350\277\207..."
<subscriptOutOfBoundsError in count.temp[, 2]: subscript out of bounds>
[1] ">>> \346\255\243\345\234\250\345\244\204\347\220\206\347\254\254 9 \344\270\252\346\200\247\347\212\266: amoC -----------------------"
[1] "--------------------- Welcome to GAPIT ----------------------------"
[1] "Blink"
[1] "--------------------Processing traits----------------------------------"
[1] "Phenotype provided!"
[1] "The 1 model in all."
[1] "BLINK"
[1] "GAPIT.DP in process..."
[1] "Converting genotype..."
[1] "Converting HapMap format to numerical under model of Middle"
[1] "Perform numericalization"
[1] "\351\224\231\350\257\257\357\274\232\346\200\247\347\212\266 amoC \350\277\220\350\241\214\345\244\261\350\264\245\343\200\202\350\267\263\350\277\207..."
<subscriptOutOfBoundsError in count.temp[, 2]: subscript out of bounds>
[1] ">>> \346\255\243\345\234\250\345\244\204\347\220\206\347\254\254 10 \344\270\252\346\200\247\347\212\266: apgM -----------------------"
[1] "--------------------- Welcome to GAPIT ----------------------------"
[1] "Blink"
[1] "--------------------Processing traits----------------------------------"
[1] "Phenotype provided!"
[1] "The 1 model in all."
[1] "BLINK"
[1] "GAPIT.DP in process..."
[1] "Converting genotype..."
[1] "Converting HapMap format to numerical under model of Middle"
[1] "Perform numericalization"
[1] "\351\224\231\350\257\257\357\274\232\346\200\247\347\212\266 apgM \350\277\220\350\241\214\345\244\261\350\264\245\343\200\202\350\267\263\350\277\207..."
<subscriptOutOfBoundsError in count.temp[, 2]: subscript out of bounds>
[1] ">>> \346\255\243\345\234\250\345\244\204\347\220\206\347\254\254 11 \344\270\252\346\200\247\347\212\266: cdhA -----------------------"
[1] "--------------------- Welcome to GAPIT ----------------------------"
[1] "Blink"
[1] "--------------------Processing traits----------------------------------"
[1] "Phenotype provided!"
[1] "The 1 model in all."
[1] "BLINK"
[1] "GAPIT.DP in process..."
[1] "Converting genotype..."
[1] "Converting HapMap format to numerical under model of Middle"
[1] "Perform numericalization"
[1] "\351\224\231\350\257\257\357\274\232\346\200\247\347\212\266 cdhA \350\277\220\350\241\214\345\244\261\350\264\245\343\200\202\350\267\263\350\277\207..."
<subscriptOutOfBoundsError in count.temp[, 2]: subscript out of bounds>
[1] ">>> \346\255\243\345\234\250\345\244\204\347\220\206\347\254\254 12 \344\270\252\346\200\247\347\212\266: cdhB -----------------------"
[1] "--------------------- Welcome to GAPIT ----------------------------"
[1] "Blink"
[1] "--------------------Processing traits----------------------------------"
[1] "Phenotype provided!"
[1] "The 1 model in all."
[1] "BLINK"
[1] "GAPIT.DP in process..."
[1] "Converting genotype..."
[1] "Converting HapMap format to numerical under model of Middle"
[1] "Perform numericalization"
[1] "\351\224\231\350\257\257\357\274\232\346\200\247\347\212\266 cdhB \350\277\220\350\241\214\345\244\261\350\264\245\343\200\202\350\267\263\350\277\207..."
<subscriptOutOfBoundsError in count.temp[, 2]: subscript out of bounds>
[1] ">>> \346\255\243\345\234\250\345\244\204\347\220\206\347\254\254 13 \344\270\252\346\200\247\347\212\266: cdhC -----------------------"
[1] "--------------------- Welcome to GAPIT ----------------------------"
[1] "Blink"
[1] "--------------------Processing traits----------------------------------"
[1] "Phenotype provided!"
[1] "The 1 model in all."
[1] "BLINK"
[1] "GAPIT.DP in process..."
[1] "Converting genotype..."
[1] "Converting HapMap format to numerical under model of Middle"
[1] "Perform numericalization"
[1] "\351\224\231\350\257\257\357\274\232\346\200\247\347\212\266 cdhC \350\277\220\350\241\214\345\244\261\350\264\245\343\200\202\350\267\263\350\277\207..."
<subscriptOutOfBoundsError in count.temp[, 2]: subscript out of bounds>
[1] ">>> \346\255\243\345\234\250\345\244\204\347\220\206\347\254\254 14 \344\270\252\346\200\247\347\212\266: cdhD -----------------------"
[1] "--------------------- Welcome to GAPIT ----------------------------"
[1] "Blink"
[1] "--------------------Processing traits----------------------------------"
[1] "Phenotype provided!"
[1] "The 1 model in all."
[1] "BLINK"
[1] "GAPIT.DP in process..."
[1] "Converting genotype..."
[1] "Converting HapMap format to numerical under model of Middle"
[1] "Perform numericalization"
[1] "\351\224\231\350\257\257\357\274\232\346\200\247\347\212\266 cdhD \350\277\220\350\241\214\345\244\261\350\264\245\343\200\202\350\267\263\350\277\207..."
<subscriptOutOfBoundsError in count.temp[, 2]: subscript out of bounds>
[1] ">>> \346\255\243\345\234\250\345\244\204\347\220\206\347\254\254 15 \344\270\252\346\200\247\347\212\266: cdhE -----------------------"
[1] "--------------------- Welcome to GAPIT ----------------------------"
[1] "Blink"
[1] "--------------------Processing traits----------------------------------"
[1] "Phenotype provided!"
[1] "The 1 model in all."
[1] "BLINK"
[1] "GAPIT.DP in process..."
[1] "Converting genotype..."
[1] "Converting HapMap format to numerical under model of Middle"
[1] "Perform numericalization"
[1] "\351\224\231\350\257\257\357\274\232\346\200\247\347\212\266 cdhE \350\277\220\350\241\214\345\244\261\350\264\245\343\200\202\350\267\263\350\277\207..."
<subscriptOutOfBoundsError in count.temp[, 2]: subscript out of bounds>
[1] ">>> \346\255\243\345\234\250\345\244\204\347\220\206\347\254\254 16 \344\270\252\346\200\247\347\212\266: cooF -----------------------"
[1] "--------------------- Welcome to GAPIT ----------------------------"
[1] "Blink"
[1] "--------------------Processing traits----------------------------------"
[1] "Phenotype provided!"
[1] "The 1 model in all."
[1] "BLINK"
[1] "GAPIT.DP in process..."
[1] "Converting genotype..."
[1] "Converting HapMap format to numerical under model of Middle"
[1] "Perform numericalization"
[1] "\351\224\231\350\257\257\357\274\232\346\200\247\347\212\266 cooF \350\277\220\350\241\214\345\244\261\350\264\245\343\200\202\350\267\263\350\277\207..."
<subscriptOutOfBoundsError in count.temp[, 2]: subscript out of bounds>
[1] ">>> \346\255\243\345\234\250\345\244\204\347\220\206\347\254\254 17 \344\270\252\346\200\247\347\212\266: cooS -----------------------"
[1] "--------------------- Welcome to GAPIT ----------------------------"
[1] "Blink"
[1] "--------------------Processing traits----------------------------------"
[1] "Phenotype provided!"
[1] "The 1 model in all."
[1] "BLINK"
[1] "GAPIT.DP in process..."
[1] "Converting genotype..."
[1] "Converting HapMap format to numerical under model of Middle"
[1] "Perform numericalization"
任务运行结束。
