[2025-12-29 11:27:30] INFO: 工作目录 | Working directory: output
[2025-12-29 11:27:30] INFO: ============================================================
[2025-12-29 11:27:30] INFO: PLINK GWAS Analysis Pipeline | PLINK GWAS分析流程
[2025-12-29 11:27:30] INFO: Version: 1.0.0
[2025-12-29 11:27:30] INFO: ============================================================
[2025-12-29 11:27:30] INFO: Input VCF | VCF输入文件: 双等位且MAF大于0.05的SNP.vcf.gz
[2025-12-29 11:27:30] INFO: Input phenotype | 表型输入文件: phe.txt
[2025-12-29 11:27:30] INFO: Output directory | 输出目录: ./output
[2025-12-29 11:27:30] INFO: Trait type | 表型类型: qualitative
[2025-12-29 11:27:30] INFO: Genetic model | 遗传模型: dominant
[2025-12-29 11:27:30] INFO: Threads | 线程数: 16
[2025-12-29 11:27:30] INFO: Correction method | 显著性校正方法: all
[2025-12-29 11:27:30] INFO: ============================================================
[2025-12-29 11:27:30] INFO: 开始PLINK GWAS分析流程 | Starting PLINK GWAS analysis pipeline...
[2025-12-29 11:27:30] INFO: ============================================================
[2025-12-29 11:27:30] INFO: ============================================================
[2025-12-29 11:27:30] INFO: STEP 1: 检查输入文件 | Checking input files
[2025-12-29 11:27:30] INFO: ============================================================
[2025-12-29 11:27:30] INFO:  复制输入文件到工作目录 | Copying input files to working directory...
[2025-12-29 11:27:30] INFO:  正在复制VCF文件 | Copying VCF file (4703.7 MB)...
[2025-12-29 11:27:34] INFO:  VCF文件已复制 | VCF file copied: /share/org/YZWL/yzwl_lixg/project/06.longliuxing_BSA/68.三代数据组装和注释/31.重测序数据比对到挂载的结果上/05.GWAS/output/input.vcf.gz
[2025-12-29 11:27:34] INFO:  正在复制表型文件 | Copying phenotype file (1.0 KB)...
[2025-12-29 11:27:34] INFO:  表型文件已复制 | Phenotype file copied: /share/org/YZWL/yzwl_lixg/project/06.longliuxing_BSA/68.三代数据组装和注释/31.重测序数据比对到挂载的结果上/05.GWAS/output/phenotype.txt
[2025-12-29 11:27:34] INFO: ============================================================
[2025-12-29 11:27:34] INFO: STEP 2: 转换表型文件 | Converting phenotype file
[2025-12-29 11:27:34] INFO: ============================================================
[2025-12-29 11:27:34] INFO: 开始转换表型文件 | Starting phenotype file conversion...
[2025-12-29 11:27:34] INFO: 表型类型 | Trait type: qualitative
[2025-12-29 11:27:34] INFO: 成功读取表型文件 | Successfully read phenotype file: (100, 2)
[2025-12-29 11:27:34] INFO: 表型文件列名 | Phenotype file columns: ['sample', 'DI']
[2025-12-29 11:27:34] INFO: 样本ID列 | Sample ID column: sample
[2025-12-29 11:27:34] INFO: 表型值列 | Phenotype column: DI
[2025-12-29 11:27:34] INFO: 原始表型分布 | Original phenotype distribution: {1: np.int64(50), 0: np.int64(50)}
[2025-12-29 11:27:34] INFO: 处理质量性状：将0转换为1（对照），1转换为2（病例） | Processing qualitative trait: converting 0 to 1 (control), 1 to 2 (case)
[2025-12-29 11:27:34] INFO: 转换后表型分布 | Converted phenotype distribution: {2: np.int64(50), 1: np.int64(50)}
[2025-12-29 11:27:34] INFO: 对照数 (抗病, 原值0) | Controls (resistant, original 0): 50
[2025-12-29 11:27:34] INFO: 病例数 (感病, 原值1) | Cases (susceptible, original 1): 50
[2025-12-29 11:27:34] INFO: 表型文件转换完成 | Phenotype file conversion completed
[2025-12-29 11:27:34] INFO: === 表型转换统计 | Phenotype Conversion Statistics ===
[2025-12-29 11:27:34] INFO: 原始表型分布 | Original phenotype distribution:
[2025-12-29 11:27:34] INFO:   0: 50
[2025-12-29 11:27:34] INFO:   1: 50
[2025-12-29 11:27:34] INFO: 转换后表型分布 | Converted phenotype distribution:
[2025-12-29 11:27:34] INFO:   1: 50
[2025-12-29 11:27:34] INFO:   2: 50
[2025-12-29 11:27:34] INFO: 总样本数 | Total samples: 100
[2025-12-29 11:27:34] INFO: 原始有效样本数 | Original valid samples: 100
[2025-12-29 11:27:34] INFO: 转换后有效样本数 | Converted valid samples: 100
[2025-12-29 11:27:34] INFO: 转换后统计 | Post-conversion statistics:
[2025-12-29 11:27:34] INFO:   对照组(抗病) | Controls(resistant): 50
[2025-12-29 11:27:34] INFO:   病例组(感病) | Cases(susceptible): 50
[2025-12-29 11:27:34] INFO:   缺失值 | Missing: 0
[2025-12-29 11:27:34] INFO:   病例/对照比例 | Case/control ratio: 1.000
[2025-12-29 11:27:34] INFO: 样本量充足 | Sufficient sample size: 最小组有50个样本 | minimum group has 50 samples
[2025-12-29 11:27:34] INFO: 转换详情已保存到 phenotype_conversion_debug.txt | Conversion details saved to phenotype_conversion_debug.txt
[2025-12-29 11:27:34] INFO: ============================================================
[2025-12-29 11:27:34] INFO: STEP 3: 转换VCF文件 | Converting VCF file
[2025-12-29 11:27:34] INFO: ============================================================
[2025-12-29 11:27:34] INFO: 转换VCF文件为PLINK格式 | Converting VCF file to PLINK format...
[2025-12-29 11:27:34] INFO:  执行步骤 | Executing step: VCF转换为PLINK格式 | Converting VCF to PLINK format
[2025-12-29 11:27:34] INFO:  命令 | Command: plink --vcf input.vcf.gz --make-bed --out raw_data --allow-extra-chr --set-missing-var-ids @:# --keep-allele-order --threads 16
[2025-12-29 11:27:34] INFO:  工作目录 | Working directory: /share/org/YZWL/yzwl_lixg/project/06.longliuxing_BSA/68.三代数据组装和注释/31.重测序数据比对到挂载的结果上/05.GWAS/output
[2025-12-29 11:27:34] INFO: ============================================================
[2025-12-29 11:27:34] INFO:  命令参数详解 | Command Parameter Explanation
[2025-12-29 11:27:34] INFO: ============================================================
[2025-12-29 11:27:34] INFO:   plink
[2025-12-29 11:27:34] INFO:      PLINK v1.9 - 全基因组关联分析工具 | PLINK v1.9 - Genome-wide association analysis tool
[2025-12-29 11:27:34] INFO:   --vcf input.vcf.gz
[2025-12-29 11:27:34] INFO:      指定VCF格式输入文件 | Specify VCF format input file
[2025-12-29 11:27:34] INFO:   --make-bed
[2025-12-29 11:27:34] INFO:      生成二进制PLINK文件格式(.bed/.bim/.fam) | Generate binary PLINK format files (.bed/.bim/.fam)
[2025-12-29 11:27:34] INFO:   --out raw_data
[2025-12-29 11:27:34] INFO:      指定输出文件前缀 | Specify output file prefix
[2025-12-29 11:27:34] INFO:   --allow-extra-chr
[2025-12-29 11:27:34] INFO:      允许非标准染色体编号 | Allow non-standard chromosome codes
[2025-12-29 11:27:34] INFO:   --set-missing-var-ids @:#
[2025-12-29 11:27:34] INFO:      为缺失变异ID设置格式(@:#表示chr:pos) | Set format for missing variant IDs (@:# means chr:pos)
[2025-12-29 11:27:34] INFO:   --keep-allele-order
[2025-12-29 11:27:34] INFO:      保持等位基因顺序不变 | Keep allele order unchanged
[2025-12-29 11:27:34] INFO:   --threads 16
[2025-12-29 11:27:34] INFO:      指定使用的CPU线程数 | Specify number of CPU threads to use
[2025-12-29 11:27:34] INFO:        💻 使用16个CPU线程并行计算 | Use 16 CPU threads for parallel computing
[2025-12-29 11:27:34] INFO: ============================================================
[2025-12-29 11:29:07] INFO:  完成 | Completed: VCF转换为PLINK格式 | Converting VCF to PLINK format
[2025-12-29 11:29:11] INFO: 染色体分布 | Chromosome distribution: {8: np.int64(945662), 6: np.int64(846708), 10: np.int64(789219), 4: np.int64(765009), 1: np.int64(763895), 12: np.int64(660428), 9: np.int64(655240), 2: np.int64(652297), 11: np.int64(577216), 3: np.int64(544943)}
[2025-12-29 11:29:11] INFO: 总SNP数 | Total SNPs: 8167455
[2025-12-29 11:29:11] INFO: VCF转换完成 | VCF conversion completed
[2025-12-29 11:29:11] INFO: ============================================================
[2025-12-29 11:29:11] INFO: STEP 4: 合并表型信息 | Merging phenotype information
[2025-12-29 11:29:11] INFO: ============================================================
[2025-12-29 11:29:11] INFO: 合并表型信息 | Merging phenotype information...
[2025-12-29 11:29:11] INFO:  执行步骤 | Executing step: 合并表型信息 | Merging phenotype information
[2025-12-29 11:29:11] INFO:  命令 | Command: plink --bfile raw_data --pheno phenotype_converted.txt --make-bed --allow-extra-chr --allow-no-sex --out data_with_pheno --threads 16
[2025-12-29 11:29:11] INFO:  工作目录 | Working directory: /share/org/YZWL/yzwl_lixg/project/06.longliuxing_BSA/68.三代数据组装和注释/31.重测序数据比对到挂载的结果上/05.GWAS/output
[2025-12-29 11:29:11] INFO: ============================================================
[2025-12-29 11:29:11] INFO:  命令参数详解 | Command Parameter Explanation
[2025-12-29 11:29:11] INFO: ============================================================
[2025-12-29 11:29:11] INFO:   plink
[2025-12-29 11:29:11] INFO:      PLINK v1.9 - 全基因组关联分析工具 | PLINK v1.9 - Genome-wide association analysis tool
[2025-12-29 11:29:11] INFO:   --bfile raw_data
[2025-12-29 11:29:11] INFO:      指定二进制PLINK文件集合的前缀名 | Specify binary PLINK fileset prefix
[2025-12-29 11:29:11] INFO:   --pheno phenotype_converted.txt
[2025-12-29 11:29:11] INFO:      指定表型文件 | Specify phenotype file
[2025-12-29 11:29:11] INFO:   --make-bed
[2025-12-29 11:29:11] INFO:      生成二进制PLINK文件格式(.bed/.bim/.fam) | Generate binary PLINK format files (.bed/.bim/.fam)
[2025-12-29 11:29:11] INFO:   --allow-extra-chr
[2025-12-29 11:29:11] INFO:      允许非标准染色体编号 | Allow non-standard chromosome codes
[2025-12-29 11:29:11] INFO:   --allow-no-sex
[2025-12-29 11:29:11] INFO:      允许性别信息缺失 | Allow missing sex information
[2025-12-29 11:29:11] INFO:   --out data_with_pheno
[2025-12-29 11:29:11] INFO:      指定输出文件前缀 | Specify output file prefix
[2025-12-29 11:29:11] INFO:   --threads 16
[2025-12-29 11:29:11] INFO:      指定使用的CPU线程数 | Specify number of CPU threads to use
[2025-12-29 11:29:11] INFO:        💻 使用16个CPU线程并行计算 | Use 16 CPU threads for parallel computing
[2025-12-29 11:29:11] INFO: ============================================================
[2025-12-29 11:29:14] INFO:  完成 | Completed: 合并表型信息 | Merging phenotype information
[2025-12-29 11:29:14] INFO: 合并后样本数 | Samples after merge: 99
[2025-12-29 11:29:14] INFO: 表型分布 | Phenotype distribution: {1: np.int64(50), 2: np.int64(49)}
[2025-12-29 11:29:14] INFO: 表型合并成功 | Phenotype merging successful
[2025-12-29 11:29:14] INFO: ============================================================
[2025-12-29 11:29:14] INFO: STEP 5: 数据质量控制 | Data quality control
[2025-12-29 11:29:14] INFO: ============================================================
[2025-12-29 11:29:14] INFO: 开始数据质量控制 | Starting data quality control...
[2025-12-29 11:29:14] INFO: 计算基本统计 | Calculating basic statistics...
[2025-12-29 11:29:14] INFO:  执行步骤 | Executing step: 计算基本统计 | Calculating basic statistics
[2025-12-29 11:29:14] INFO:  命令 | Command: plink --bfile data_with_pheno --freq --missing --hardy --allow-extra-chr --allow-no-sex --out qc_stats --threads 16
[2025-12-29 11:29:14] INFO:  工作目录 | Working directory: /share/org/YZWL/yzwl_lixg/project/06.longliuxing_BSA/68.三代数据组装和注释/31.重测序数据比对到挂载的结果上/05.GWAS/output
[2025-12-29 11:29:14] INFO: ============================================================
[2025-12-29 11:29:14] INFO:  命令参数详解 | Command Parameter Explanation
[2025-12-29 11:29:14] INFO: ============================================================
[2025-12-29 11:29:14] INFO:   plink
[2025-12-29 11:29:14] INFO:      PLINK v1.9 - 全基因组关联分析工具 | PLINK v1.9 - Genome-wide association analysis tool
[2025-12-29 11:29:14] INFO:   --bfile data_with_pheno
[2025-12-29 11:29:14] INFO:      指定二进制PLINK文件集合的前缀名 | Specify binary PLINK fileset prefix
[2025-12-29 11:29:14] INFO:   --freq
[2025-12-29 11:29:14] INFO:      计算等位基因频率 | Calculate allele frequencies
[2025-12-29 11:29:14] INFO:   --missing
[2025-12-29 11:29:14] INFO:      计算缺失率统计 | Calculate missing rate statistics
[2025-12-29 11:29:14] INFO:   --hardy
[2025-12-29 11:29:14] INFO:      进行Hardy-Weinberg平衡检验 | Perform Hardy-Weinberg equilibrium test
[2025-12-29 11:29:14] INFO:   --allow-extra-chr
[2025-12-29 11:29:14] INFO:      允许非标准染色体编号 | Allow non-standard chromosome codes
[2025-12-29 11:29:14] INFO:   --allow-no-sex
[2025-12-29 11:29:14] INFO:      允许性别信息缺失 | Allow missing sex information
[2025-12-29 11:29:14] INFO:   --out qc_stats
[2025-12-29 11:29:14] INFO:      指定输出文件前缀 | Specify output file prefix
[2025-12-29 11:29:14] INFO:   --threads 16
[2025-12-29 11:29:14] INFO:      指定使用的CPU线程数 | Specify number of CPU threads to use
[2025-12-29 11:29:14] INFO:        💻 使用16个CPU线程并行计算 | Use 16 CPU threads for parallel computing
[2025-12-29 11:29:14] INFO: ============================================================
[2025-12-29 11:29:21] INFO:  完成 | Completed: 计算基本统计 | Calculating basic statistics
[2025-12-29 11:29:21] INFO: 应用质量控制过滤 | Applying quality control filters...
[2025-12-29 11:29:21] INFO: 质控参数 | QC parameters: mind=None, geno=0.25, maf=0.05, hwe=None
[2025-12-29 11:29:21] INFO:  执行步骤 | Executing step: 质量控制过滤 | Quality control filtering
[2025-12-29 11:29:21] INFO:  命令 | Command: plink --bfile data_with_pheno --make-bed --allow-extra-chr --allow-no-sex --out data_qc1 --geno 0.25 --maf 0.05 --threads 16
[2025-12-29 11:29:21] INFO:  工作目录 | Working directory: /share/org/YZWL/yzwl_lixg/project/06.longliuxing_BSA/68.三代数据组装和注释/31.重测序数据比对到挂载的结果上/05.GWAS/output
[2025-12-29 11:29:21] INFO: ============================================================
[2025-12-29 11:29:21] INFO:  命令参数详解 | Command Parameter Explanation
[2025-12-29 11:29:21] INFO: ============================================================
[2025-12-29 11:29:21] INFO:   plink
[2025-12-29 11:29:21] INFO:      PLINK v1.9 - 全基因组关联分析工具 | PLINK v1.9 - Genome-wide association analysis tool
[2025-12-29 11:29:21] INFO:   --bfile data_with_pheno
[2025-12-29 11:29:21] INFO:      指定二进制PLINK文件集合的前缀名 | Specify binary PLINK fileset prefix
[2025-12-29 11:29:21] INFO:   --make-bed
[2025-12-29 11:29:21] INFO:      生成二进制PLINK文件格式(.bed/.bim/.fam) | Generate binary PLINK format files (.bed/.bim/.fam)
[2025-12-29 11:29:21] INFO:   --allow-extra-chr
[2025-12-29 11:29:21] INFO:      允许非标准染色体编号 | Allow non-standard chromosome codes
[2025-12-29 11:29:21] INFO:   --allow-no-sex
[2025-12-29 11:29:21] INFO:      允许性别信息缺失 | Allow missing sex information
[2025-12-29 11:29:21] INFO:   --out data_qc1
[2025-12-29 11:29:21] INFO:      指定输出文件前缀 | Specify output file prefix
[2025-12-29 11:29:21] INFO:   --geno 0.25
[2025-12-29 11:29:21] INFO:      移除SNP缺失率超过阈值的位点 | Remove SNPs with missing rate above threshold
[2025-12-29 11:29:21] INFO:         移除SNP缺失率>25.0%的位点 | Remove SNPs with missing rate > 25.0%
[2025-12-29 11:29:21] INFO:   --maf 0.05
[2025-12-29 11:29:21] INFO:      移除次要等位基因频率低于阈值的SNP | Remove SNPs with minor allele frequency below threshold
[2025-12-29 11:29:21] INFO:         移除次要等位基因频率<5.0%的SNP | Remove SNPs with MAF < 5.0%
[2025-12-29 11:29:21] INFO:   --threads 16
[2025-12-29 11:29:21] INFO:      指定使用的CPU线程数 | Specify number of CPU threads to use
[2025-12-29 11:29:21] INFO:        💻 使用16个CPU线程并行计算 | Use 16 CPU threads for parallel computing
[2025-12-29 11:29:21] INFO: ============================================================
[2025-12-29 11:29:24] INFO:  完成 | Completed: 质量控制过滤 | Quality control filtering
[2025-12-29 11:29:32] INFO: === 质控统计结果 | QC Statistics Results ===
[2025-12-29 11:29:32] INFO: 质控前SNP数 | SNPs before QC: 8167455
[2025-12-29 11:29:32] INFO: 质控后SNP数 | SNPs after QC: 7564939
[2025-12-29 11:29:32] INFO: 质控前样本数 | Samples before QC: 99
[2025-12-29 11:29:32] INFO: 质控后样本数 | Samples after QC: 99
[2025-12-29 11:29:32] INFO: 染色体数 | Number of chromosomes: 12
[2025-12-29 11:29:32] INFO: 病例数(感病) | Cases(susceptible): 49
[2025-12-29 11:29:32] INFO: 对照数(抗病) | Controls(resistant): 50
[2025-12-29 11:29:32] INFO: 表型缺失 | Missing phenotype: 0
[2025-12-29 11:29:32] INFO: SNP保留率 | SNP retention rate: 92.62%
[2025-12-29 11:29:32] INFO: 样本保留率 | Sample retention rate: 100.00%
[2025-12-29 11:29:32] INFO: 数据质量控制完成 | Data quality control completed
[2025-12-29 11:29:32] INFO: ============================================================
[2025-12-29 11:29:32] INFO: STEP 6: 群体结构分析 | Population structure analysis
[2025-12-29 11:29:32] INFO: ============================================================
[2025-12-29 11:29:32] INFO: 开始群体结构分析 | Starting population structure analysis...
[2025-12-29 11:29:32] INFO: 进行LD剪枝 | Performing LD pruning...
[2025-12-29 11:29:32] INFO:  执行步骤 | Executing step: LD剪枝 | LD pruning
[2025-12-29 11:29:32] INFO:  命令 | Command: plink --bfile data_qc1 --indep-pairwise 50 5 0.2 --allow-extra-chr --allow-no-sex --out pruned_snps --threads 16
[2025-12-29 11:29:32] INFO:  工作目录 | Working directory: /share/org/YZWL/yzwl_lixg/project/06.longliuxing_BSA/68.三代数据组装和注释/31.重测序数据比对到挂载的结果上/05.GWAS/output
[2025-12-29 11:29:32] INFO: ============================================================
[2025-12-29 11:29:32] INFO:  命令参数详解 | Command Parameter Explanation
[2025-12-29 11:29:32] INFO: ============================================================
[2025-12-29 11:29:32] INFO:   plink
[2025-12-29 11:29:32] INFO:      PLINK v1.9 - 全基因组关联分析工具 | PLINK v1.9 - Genome-wide association analysis tool
[2025-12-29 11:29:32] INFO:   --bfile data_qc1
[2025-12-29 11:29:32] INFO:      指定二进制PLINK文件集合的前缀名 | Specify binary PLINK fileset prefix
[2025-12-29 11:29:32] INFO:   --indep-pairwise 50
[2025-12-29 11:29:32] INFO:      基于成对LD进行SNP剪枝 | Perform SNP pruning based on pairwise LD
[2025-12-29 11:29:32] INFO:         窗口大小 | Window size: 50kb
[2025-12-29 11:29:32] INFO:         步长 | Step size: 5 SNPs
[2025-12-29 11:29:32] INFO:         r²阈值 | r² threshold: 0.2
[2025-12-29 11:29:32] INFO:   --allow-extra-chr
[2025-12-29 11:29:32] INFO:      允许非标准染色体编号 | Allow non-standard chromosome codes
[2025-12-29 11:29:32] INFO:   --allow-no-sex
[2025-12-29 11:29:32] INFO:      允许性别信息缺失 | Allow missing sex information
[2025-12-29 11:29:32] INFO:   --out pruned_snps
[2025-12-29 11:29:32] INFO:      指定输出文件前缀 | Specify output file prefix
[2025-12-29 11:29:32] INFO:   --threads 16
[2025-12-29 11:29:32] INFO:      指定使用的CPU线程数 | Specify number of CPU threads to use
[2025-12-29 11:29:32] INFO:        💻 使用16个CPU线程并行计算 | Use 16 CPU threads for parallel computing
[2025-12-29 11:29:32] INFO: ============================================================
[2025-12-29 11:29:36] INFO:  完成 | Completed: LD剪枝 | LD pruning
[2025-12-29 11:29:37] INFO: LD剪枝后SNP数 | SNPs after LD pruning: 596437
[2025-12-29 11:29:37] INFO: 进行主成分分析 | Performing principal component analysis...
[2025-12-29 11:29:37] INFO:  执行步骤 | Executing step: 主成分分析 | Principal component analysis
[2025-12-29 11:29:37] INFO:  命令 | Command: plink --bfile data_qc1 --extract pruned_snps.prune.in --pca 10 --allow-extra-chr --allow-no-sex --out pca_results --threads 16
[2025-12-29 11:29:37] INFO:  工作目录 | Working directory: /share/org/YZWL/yzwl_lixg/project/06.longliuxing_BSA/68.三代数据组装和注释/31.重测序数据比对到挂载的结果上/05.GWAS/output
[2025-12-29 11:29:37] INFO: ============================================================
[2025-12-29 11:29:37] INFO:  命令参数详解 | Command Parameter Explanation
[2025-12-29 11:29:37] INFO: ============================================================
[2025-12-29 11:29:37] INFO:   plink
[2025-12-29 11:29:37] INFO:      PLINK v1.9 - 全基因组关联分析工具 | PLINK v1.9 - Genome-wide association analysis tool
[2025-12-29 11:29:37] INFO:   --bfile data_qc1
[2025-12-29 11:29:37] INFO:      指定二进制PLINK文件集合的前缀名 | Specify binary PLINK fileset prefix
[2025-12-29 11:29:37] INFO:   --extract pruned_snps.prune.in
[2025-12-29 11:29:37] INFO:      仅保留指定列表中的SNP | Keep only SNPs in specified list
[2025-12-29 11:29:37] INFO:   --pca 10
[2025-12-29 11:29:37] INFO:      进行主成分分析，指定输出的主成分数量 | Perform PCA, specify number of components to output
[2025-12-29 11:29:37] INFO:         将计算前10个主成分 | Will compute top 10 principal components
[2025-12-29 11:29:37] INFO:   --allow-extra-chr
[2025-12-29 11:29:37] INFO:      允许非标准染色体编号 | Allow non-standard chromosome codes
[2025-12-29 11:29:37] INFO:   --allow-no-sex
[2025-12-29 11:29:37] INFO:      允许性别信息缺失 | Allow missing sex information
[2025-12-29 11:29:37] INFO:   --out pca_results
[2025-12-29 11:29:37] INFO:      指定输出文件前缀 | Specify output file prefix
[2025-12-29 11:29:37] INFO:   --threads 16
[2025-12-29 11:29:37] INFO:      指定使用的CPU线程数 | Specify number of CPU threads to use
[2025-12-29 11:29:37] INFO:        💻 使用16个CPU线程并行计算 | Use 16 CPU threads for parallel computing
[2025-12-29 11:29:37] INFO: ============================================================
[2025-12-29 11:29:40] INFO:  完成 | Completed: 主成分分析 | Principal component analysis
[2025-12-29 11:29:40] INFO: 为主成分文件添加header | Adding header to PCA file...
[2025-12-29 11:29:40] INFO: 主成分分析完成 | Principal component analysis completed
[2025-12-29 11:29:40] INFO: 生成主成分数 | Generated PCs: 10
[2025-12-29 11:29:40] INFO: 样本数 | Number of samples: 99
[2025-12-29 11:29:40] INFO: ============================================================
[2025-12-29 11:29:40] INFO: STEP 7: 关联分析 | Association analysis
[2025-12-29 11:29:40] INFO: ============================================================
[2025-12-29 11:29:40] INFO: 开始关联分析 | Starting association analysis...
[2025-12-29 11:29:40] INFO: 表型类型 | Trait type: qualitative
[2025-12-29 11:29:40] INFO: 遗传模型 | Genetic model: dominant
[2025-12-29 11:29:40] INFO: 质量性状关联分析（逻辑回归） | Qualitative trait association analysis (logistic regression)
[2025-12-29 11:29:40] INFO: 运行dominant模型分析 | Running dominant model analysis...
[2025-12-29 11:29:40] INFO: 基本关联分析（dominant模型，无协变量） | Basic association analysis (dominant model, no covariates)...
[2025-12-29 11:29:40] INFO:  执行步骤 | Executing step: 基本关联分析（dominant模型） | Basic association analysis (dominant model)
[2025-12-29 11:29:40] INFO:  命令 | Command: plink --bfile data_qc1 --logistic --ci 0.95 --allow-extra-chr --allow-no-sex --out gwas_basic_dominant --dominant --threads 16
[2025-12-29 11:29:40] INFO:  工作目录 | Working directory: /share/org/YZWL/yzwl_lixg/project/06.longliuxing_BSA/68.三代数据组装和注释/31.重测序数据比对到挂载的结果上/05.GWAS/output
[2025-12-29 11:29:40] INFO: ============================================================
[2025-12-29 11:29:40] INFO:  命令参数详解 | Command Parameter Explanation
[2025-12-29 11:29:40] INFO: ============================================================
[2025-12-29 11:29:40] INFO:   plink
[2025-12-29 11:29:40] INFO:      PLINK v1.9 - 全基因组关联分析工具 | PLINK v1.9 - Genome-wide association analysis tool
[2025-12-29 11:29:40] INFO:   --bfile data_qc1
[2025-12-29 11:29:40] INFO:      指定二进制PLINK文件集合的前缀名 | Specify binary PLINK fileset prefix
[2025-12-29 11:29:40] INFO:   --logistic
[2025-12-29 11:29:40] INFO:      进行逻辑回归关联分析（质量性状） | Perform logistic regression association analysis (qualitative traits)
[2025-12-29 11:29:40] INFO:   --ci 0.95
[2025-12-29 11:29:40] INFO:      计算置信区间（指定置信水平） | Calculate confidence intervals (specify confidence level)
[2025-12-29 11:29:40] INFO:         计算95.0%置信区间 | Calculate 95.0% confidence intervals
[2025-12-29 11:29:40] INFO:   --allow-extra-chr
[2025-12-29 11:29:40] INFO:      允许非标准染色体编号 | Allow non-standard chromosome codes
[2025-12-29 11:29:40] INFO:   --allow-no-sex
[2025-12-29 11:29:40] INFO:      允许性别信息缺失 | Allow missing sex information
[2025-12-29 11:29:40] INFO:   --out gwas_basic_dominant
[2025-12-29 11:29:40] INFO:      指定输出文件前缀 | Specify output file prefix
[2025-12-29 11:29:40] INFO:   --dominant
[2025-12-29 11:29:40] INFO:      使用显性遗传模型 | Use dominant genetic model
[2025-12-29 11:29:40] INFO:   --threads 16
[2025-12-29 11:29:40] INFO:      指定使用的CPU线程数 | Specify number of CPU threads to use
[2025-12-29 11:29:40] INFO:        💻 使用16个CPU线程并行计算 | Use 16 CPU threads for parallel computing
[2025-12-29 11:29:40] INFO: ============================================================
[2025-12-29 11:29:53] INFO:  完成 | Completed: 基本关联分析（dominant模型） | Basic association analysis (dominant model)
[2025-12-29 11:29:53] INFO: 主成分校正关联分析（dominant模型） | PCA-adjusted association analysis (dominant model)...
[2025-12-29 11:29:53] INFO:  执行步骤 | Executing step: 主成分校正关联分析（dominant模型） | PCA-adjusted association analysis (dominant model)
[2025-12-29 11:29:53] INFO:  命令 | Command: plink --bfile data_qc1 --logistic --covar pca_with_header.txt --covar-name PC1,PC2,PC3,PC4,PC5 --ci 0.95 --allow-extra-chr --allow-no-sex --out gwas_adjusted_dominant --dominant --threads 16
[2025-12-29 11:29:53] INFO:  工作目录 | Working directory: /share/org/YZWL/yzwl_lixg/project/06.longliuxing_BSA/68.三代数据组装和注释/31.重测序数据比对到挂载的结果上/05.GWAS/output
[2025-12-29 11:29:53] INFO: ============================================================
[2025-12-29 11:29:53] INFO:  命令参数详解 | Command Parameter Explanation
[2025-12-29 11:29:53] INFO: ============================================================
[2025-12-29 11:29:53] INFO:   plink
[2025-12-29 11:29:53] INFO:      PLINK v1.9 - 全基因组关联分析工具 | PLINK v1.9 - Genome-wide association analysis tool
[2025-12-29 11:29:53] INFO:   --bfile data_qc1
[2025-12-29 11:29:53] INFO:      指定二进制PLINK文件集合的前缀名 | Specify binary PLINK fileset prefix
[2025-12-29 11:29:53] INFO:   --logistic
[2025-12-29 11:29:53] INFO:      进行逻辑回归关联分析（质量性状） | Perform logistic regression association analysis (qualitative traits)
[2025-12-29 11:29:53] INFO:   --covar pca_with_header.txt
[2025-12-29 11:29:53] INFO:      指定协变量文件 | Specify covariate file
[2025-12-29 11:29:53] INFO:   --covar-name PC1,PC2,PC3,PC4,PC5
[2025-12-29 11:29:53] INFO:      指定要使用的协变量名称 | Specify covariate names to use
[2025-12-29 11:29:53] INFO:   --ci 0.95
[2025-12-29 11:29:53] INFO:      计算置信区间（指定置信水平） | Calculate confidence intervals (specify confidence level)
[2025-12-29 11:29:53] INFO:         计算95.0%置信区间 | Calculate 95.0% confidence intervals
[2025-12-29 11:29:53] INFO:   --allow-extra-chr
[2025-12-29 11:29:53] INFO:      允许非标准染色体编号 | Allow non-standard chromosome codes
[2025-12-29 11:29:53] INFO:   --allow-no-sex
[2025-12-29 11:29:53] INFO:      允许性别信息缺失 | Allow missing sex information
[2025-12-29 11:29:53] INFO:   --out gwas_adjusted_dominant
[2025-12-29 11:29:53] INFO:      指定输出文件前缀 | Specify output file prefix
[2025-12-29 11:29:53] INFO:   --dominant
[2025-12-29 11:29:53] INFO:      使用显性遗传模型 | Use dominant genetic model
[2025-12-29 11:29:53] INFO:   --threads 16
[2025-12-29 11:29:53] INFO:      指定使用的CPU线程数 | Specify number of CPU threads to use
[2025-12-29 11:29:53] INFO:        💻 使用16个CPU线程并行计算 | Use 16 CPU threads for parallel computing
[2025-12-29 11:29:53] INFO: ============================================================
[2025-12-29 11:30:47] INFO:  完成 | Completed: 主成分校正关联分析（dominant模型） | PCA-adjusted association analysis (dominant model)
[2025-12-29 11:30:47] INFO: 主成分校正分析（dominant模型）完成 | PCA-adjusted analysis (dominant model) completed
[2025-12-29 11:30:47] INFO: ============================================================
[2025-12-29 11:30:47] INFO: STEP 8: 结果处理 | Results processing
[2025-12-29 11:30:47] INFO: ============================================================
[2025-12-29 11:30:47] INFO:  处理分析结果 | Processing analysis results...
[2025-12-29 11:30:47] INFO:  主结果文件前缀 | Main result file prefix: gwas_adjusted_dominant
[2025-12-29 11:30:47] INFO:  处理dominant模型结果 | Processing dominant model results
[2025-12-29 11:31:35] INFO:  成功读取结果文件 | Successfully read results file: (45389634, 12)
[2025-12-29 11:31:40] INFO:  数据清理：移除了666316个无效记录 | Data cleaning: removed 666316 invalid records
[2025-12-29 11:35:37] INFO:  对dominant模型应用显著性校正: all | Applying significance corrections for dominant model: all
[2025-12-29 11:35:37] INFO:  dominant模型Bonferroni校正阈值: 1.12e-09 | Bonferroni threshold: 1.12e-09
[2025-12-29 11:35:37] INFO:  dominant模型Bonferroni显著位点数: 7 | Bonferroni significant loci: 7
[2025-12-29 11:35:37] INFO:  dominant模型提示性关联阈值: 1.00e-05 | Suggestive threshold: 1.00e-05
[2025-12-29 11:35:37] INFO:  dominant模型提示性关联位点数: 24275 | Suggestive loci: 24275
[2025-12-29 11:35:51] INFO:  dominant模型FDR校正q值阈值: 0.05 | FDR q-value threshold: 0.05
[2025-12-29 11:35:51] INFO:  dominant模型FDR显著位点数: 14224175 | FDR significant loci: 14224175
[2025-12-29 11:42:59] INFO:  dominant模型前5个FDR显著位点 | Top 5 FDR significant loci:
[2025-12-29 11:42:59] INFO:     Chr02:101464253: P=2.29e-123, q-value=5.11e-116, CHR=2, BP=101464253
[2025-12-29 11:42:59] INFO:     Chr02:101464264: P=2.29e-123, q-value=5.11e-116, CHR=2, BP=101464264
[2025-12-29 11:42:59] INFO:     Chr09:3085895: P=4.28e-46, q-value=6.38e-39, CHR=9, BP=3085895
[2025-12-29 11:42:59] INFO:     Chr02:97910130: P=4.17e-23, q-value=4.66e-16, CHR=2, BP=97910130
[2025-12-29 11:42:59] INFO:     Chr02:60730606: P=6.80e-17, q-value=6.08e-10, CHR=2, BP=60730606
[2025-12-29 11:42:59] INFO: ============================================================
[2025-12-29 11:42:59] INFO: STEP 9: 生成报告 | Generating reports
[2025-12-29 11:42:59] INFO: ============================================================
[2025-12-29 11:43:01] INFO:  生成总结报告 | Generating summary report...
[2025-12-29 11:43:01] INFO: 📄 GWAS总结报告已保存 | GWAS summary report saved: gwas_summary_report.txt
[2025-12-29 11:43:01] INFO: ============================================================
[2025-12-29 11:43:01] INFO: STEP 10: 生成可视化 | Generating visualizations
[2025-12-29 11:43:01] INFO: ============================================================
[2025-12-29 11:43:01] INFO:  生成可视化图表 | Generating visualization plots...
[2025-12-29 11:43:01] INFO: --- 正在为 dominant 模型生成图表 | Generating plots for dominant model ---
[2025-12-29 11:46:47] INFO:  Manhattan图已保存 | Manhattan plot saved: manhattan_plot_dominant.png

用户中断分析 | Analysis interrupted by user
