curl: (7) Failed to connect to www.nextflow.io port 443 after 238 ms: Could not connect to server
Traceback (most recent call last):
  File "/share/org/YZWL/yzwl_lixg/project/06.longliuxing_BSA/68.三代数据组装和注释/07.ncbi_egapx/YaHS/ui/egapx.py", line 1984, in <module>
    sys.exit(main(sys.argv))
             ~~~~^^^^^^^^^^
  File "/share/org/YZWL/yzwl_lixg/project/06.longliuxing_BSA/68.三代数据组装和注释/07.ncbi_egapx/YaHS/ui/egapx.py", line 1969, in main
    subprocess.run(nf_cmd, check=True, capture_output=(args.verbosity <= VERBOSITY_QUIET), text=True, env=env)
    ~~~~~~~~~~~~~~^^^^^^^^^^^^^^^^^^^^^^^^^^^^^^^^^^^^^^^^^^^^^^^^^^^^^^^^^^^^^^^^^^^^^^^^^^^^^^^^^^^^^^^^^^^^
  File "/share/org/YZWL/yzwl_lixg/miniforge3/envs/EGAPx_v.0.4.0-alpha/lib/python3.13/subprocess.py", line 556, in run
    stdout, stderr = process.communicate(input, timeout=timeout)
                     ~~~~~~~~~~~~~~~~~~~^^^^^^^^^^^^^^^^^^^^^^^^
  File "/share/org/YZWL/yzwl_lixg/miniforge3/envs/EGAPx_v.0.4.0-alpha/lib/python3.13/subprocess.py", line 1214, in communicate
    self.wait()
    ~~~~~~~~~^^
  File "/share/org/YZWL/yzwl_lixg/miniforge3/envs/EGAPx_v.0.4.0-alpha/lib/python3.13/subprocess.py", line 1280, in wait
    return self._wait(timeout=timeout)
           ~~~~~~~~~~^^^^^^^^^^^^^^^^^
  File "/share/org/YZWL/yzwl_lixg/miniforge3/envs/EGAPx_v.0.4.0-alpha/lib/python3.13/subprocess.py", line 2066, in _wait
    (pid, sts) = self._try_wait(0)
                 ~~~~~~~~~~~~~~^^^
  File "/share/org/YZWL/yzwl_lixg/miniforge3/envs/EGAPx_v.0.4.0-alpha/lib/python3.13/subprocess.py", line 2024, in _try_wait
    (pid, sts) = os.waitpid(self.pid, wait_flags)
                 ~~~~~~~~~~^^^^^^^^^^^^^^^^^^^^^^
KeyboardInterrupt
Job 68337540 stderr output:

