🔎 Checking for required software and paths...
✅ All required software and paths are configured correctly.
🚀 Running in BATCH mode. Project directory: data

   Found prefix 'test'. Discovering all related files...
   ✅ Core files found for test. Starting pipeline.

==============================================================================
  🌱 Processing Species: test | ⚡ Threads: 80
==============================================================================

--- 📜 STEP 0A: Preparing Transcript Evidence ---
   Assembling transcripts with Trinity from: data/rnaseq/test
   Found left reads: data/rnaseq/test/CRR564415_f1.fq.gz,data/rnaseq/test/CRR564416_f1.fq.gz
   Found right reads: data/rnaseq/test/CRR564415_r2.fq.gz,data/rnaseq/test/CRR564416_r2.fq.gz


     ______  ____   ____  ____   ____  ______  __ __
    |      ||    \ |    ||    \ |    ||      ||  |  |
    |      ||  D  ) |  | |  _  | |  | |      ||  |  |
    |_|  |_||    /  |  | |  |  | |  | |_|  |_||  ~  |
      |  |  |    \  |  | |  |  | |  |   |  |  |___, |
      |  |  |  .  \ |  | |  |  | |  |   |  |  |     |
      |__|  |__|\_||____||__|__||____|  |__|  |____/

    Trinity-v2.15.2



Left read files: $VAR1 = [
          'data/rnaseq/test/CRR564415_f1.fq.gz',
          'data/rnaseq/test/CRR564416_f1.fq.gz'
        ];
Right read files: $VAR1 = [
          'data/rnaseq/test/CRR564415_r2.fq.gz',
          'data/rnaseq/test/CRR564416_r2.fq.gz'
        ];
Trinity version: Trinity-v2.15.2
-ERROR: couldn't run the network check to confirm latest Trinity software version.

Thursday, October 30, 2025: 13:49:59	CMD: java -Xmx64m -XX:ParallelGCThreads=2  -jar /share/org/YZWL/yzwl_lixg/miniforge3/envs/trinity_v.2.15.2/bin/util/support_scripts/ExitTester.jar 0
Thursday, October 30, 2025: 13:50:00	CMD: java -Xmx4g -XX:ParallelGCThreads=2  -jar /share/org/YZWL/yzwl_lixg/miniforge3/envs/trinity_v.2.15.2/bin/util/support_scripts/ExitTester.jar 1
Thursday, October 30, 2025: 13:50:00	CMD: mkdir -p /share/org/YZWL/yzwl_lixg/tmp/test_nlr_pipeline/output/test_analysis/00_evidence_prep/trinity_assembly/chrysalis


----------------------------------------------------------------------------------
-------------- Trinity Phase 1: Clustering of RNA-Seq Reads  ---------------------
----------------------------------------------------------------------------------

---------------------------------------------------------------
------------ In silico Read Normalization ---------------------
-- (Removing Excess Reads Beyond 200 Coverage --
---------------------------------------------------------------

# running normalization on reads: $VAR1 = [
          [
            '/share/org/YZWL/yzwl_lixg/tmp/test_nlr_pipeline/data/rnaseq/test/CRR564415_f1.fq.gz',
            '/share/org/YZWL/yzwl_lixg/tmp/test_nlr_pipeline/data/rnaseq/test/CRR564416_f1.fq.gz'
          ],
          [
            '/share/org/YZWL/yzwl_lixg/tmp/test_nlr_pipeline/data/rnaseq/test/CRR564415_r2.fq.gz',
            '/share/org/YZWL/yzwl_lixg/tmp/test_nlr_pipeline/data/rnaseq/test/CRR564416_r2.fq.gz'
          ]
        ];


Thursday, October 30, 2025: 13:50:00	CMD: /share/org/YZWL/yzwl_lixg/miniforge3/envs/trinity_v.2.15.2/bin/util/insilico_read_normalization.pl --seqType fq --JM 50G  --max_cov 200 --min_cov 1 --CPU 80 --output /share/org/YZWL/yzwl_lixg/tmp/test_nlr_pipeline/output/test_analysis/00_evidence_prep/trinity_assembly/insilico_read_normalization --max_CV 10000  --left /share/org/YZWL/yzwl_lixg/tmp/test_nlr_pipeline/data/rnaseq/test/CRR564415_f1.fq.gz,/share/org/YZWL/yzwl_lixg/tmp/test_nlr_pipeline/data/rnaseq/test/CRR564416_f1.fq.gz --right /share/org/YZWL/yzwl_lixg/tmp/test_nlr_pipeline/data/rnaseq/test/CRR564415_r2.fq.gz,/share/org/YZWL/yzwl_lixg/tmp/test_nlr_pipeline/data/rnaseq/test/CRR564416_r2.fq.gz --pairs_together  --PARALLEL_STATS  
-prepping seqs
Converting input files. (both directions in parallel);CMD: seqtk-trinity seq -A -R 1  <(gunzip -c /share/org/YZWL/yzwl_lixg/tmp/test_nlr_pipeline/data/rnaseq/test/CRR564415_f1.fq.gz) >> left.fa
CMD: seqtk-trinity seq -A -R 2  <(gunzip -c /share/org/YZWL/yzwl_lixg/tmp/test_nlr_pipeline/data/rnaseq/test/CRR564415_r2.fq.gz) >> right.fa
CMD finished (50 seconds)
CMD: seqtk-trinity seq -A -R 1  <(gunzip -c /share/org/YZWL/yzwl_lixg/tmp/test_nlr_pipeline/data/rnaseq/test/CRR564416_f1.fq.gz) >> left.fa
CMD finished (51 seconds)
CMD: seqtk-trinity seq -A -R 2  <(gunzip -c /share/org/YZWL/yzwl_lixg/tmp/test_nlr_pipeline/data/rnaseq/test/CRR564416_r2.fq.gz) >> right.fa
CMD finished (51 seconds)
CMD finished (51 seconds)
CMD: touch left.fa.ok
CMD finished (0 seconds)
CMD: touch right.fa.ok
CMD finished (0 seconds)
 Done converting input files. CMD: cat left.fa right.fa > both.fa
CMD finished (5 seconds)
CMD: touch both.fa.ok
CMD finished (0 seconds)
-kmer counting.
-------------------------------------------
----------- Jellyfish  --------------------
-- (building a k-mer catalog from reads) --
-------------------------------------------

CMD: jellyfish count -t 80 -m 25 -s 5239517441  --canonical  both.fa
CMD finished (109 seconds)
CMD: jellyfish histo -t 80 -o jellyfish.K25.min2.kmers.fa.histo mer_counts.jf
CMD finished (27 seconds)
CMD: jellyfish dump -L 2 mer_counts.jf > jellyfish.K25.min2.kmers.fa
CMD finished (67 seconds)
CMD: touch jellyfish.K25.min2.kmers.fa.success
CMD finished (0 seconds)
-generating stats files
CMD: /share/org/YZWL/yzwl_lixg/miniforge3/envs/trinity_v.2.15.2/bin/util/..//Inchworm/bin/fastaToKmerCoverageStats --reads left.fa --kmers jellyfish.K25.min2.kmers.fa --kmer_size 25  --num_threads 40  --DS  > left.fa.K25.stats
CMD: /share/org/YZWL/yzwl_lixg/miniforge3/envs/trinity_v.2.15.2/bin/util/..//Inchworm/bin/fastaToKmerCoverageStats --reads right.fa --kmers jellyfish.K25.min2.kmers.fa --kmer_size 25  --num_threads 40  --DS  > right.fa.K25.stats
-reading Kmer occurrences...-reading Kmer occurrences...

Error, cmd: /share/org/YZWL/yzwl_lixg/miniforge3/envs/trinity_v.2.15.2/bin/util/insilico_read_normalization.pl --seqType fq --JM 50G  --max_cov 200 --min_cov 1 --CPU 80 --output /share/org/YZWL/yzwl_lixg/tmp/test_nlr_pipeline/output/test_analysis/00_evidence_prep/trinity_assembly/insilico_read_normalization --max_CV 10000  --left /share/org/YZWL/yzwl_lixg/tmp/test_nlr_pipeline/data/rnaseq/test/CRR564415_f1.fq.gz,/share/org/YZWL/yzwl_lixg/tmp/test_nlr_pipeline/data/rnaseq/test/CRR564416_f1.fq.gz --right /share/org/YZWL/yzwl_lixg/tmp/test_nlr_pipeline/data/rnaseq/test/CRR564415_r2.fq.gz,/share/org/YZWL/yzwl_lixg/tmp/test_nlr_pipeline/data/rnaseq/test/CRR564416_r2.fq.gz --pairs_together  --PARALLEL_STATS   died with ret 2 at /share/org/YZWL/yzwl_lixg/.local/bin/Trinity line 2919.
	main::process_cmd("/share/org/YZWL/yzwl_lixg/miniforge3/envs/trinity_v.2.15.2/bi"...) called at /share/org/YZWL/yzwl_lixg/.local/bin/Trinity line 3472
	main::normalize("/share/org/YZWL/yzwl_lixg/tmp/test_nlr_pipeline/output/test_a"..., 200, ARRAY(0x557b83fdff50), ARRAY(0x557b83fdff80)) called at /share/org/YZWL/yzwl_lixg/.local/bin/Trinity line 3412
	main::run_normalization(200, ARRAY(0x557b83fdff50), ARRAY(0x557b83fdff80)) called at /share/org/YZWL/yzwl_lixg/.local/bin/Trinity line 1450
