00:02:36.458 info  NativeGenomicsDB - pid=1854516 tid=1855234 No valid combination operation found for INFO field MLEAF  - the field will NOT be part of INFO fields in the generated VCF records
00:02:36.458 info  NativeGenomicsDB - pid=1854516 tid=1855246 No valid combination operation found for INFO field InbreedingCoeff  - the field will NOT be part of INFO fields in the generated VCF records
00:02:36.458 info  NativeGenomicsDB - pid=1854516 tid=1855283 No valid combination operation found for INFO field MLEAC  - the field will NOT be part of INFO fields in the generated VCF records
Chromosome Chr07 position 37999694 (TileDB column 360982404) has too many alleles in the combined VCF record : 79 : current limit : 50. Fields, such as  PL, with length equal to the number of genotypes will NOT be added for this location.
Chromosome Chr07 position 30003672 (TileDB column 352986382) has too many alleles in the combined VCF record : 58 : current limit : 50. Fields, such as  PL, with length equal to the number of genotypes will NOT be added for this location.
Chromosome Chr07 position 26006832 (TileDB column 348989542) has too many alleles in the combined VCF record : 60 : current limit : 50. Fields, such as  PL, with length equal to the number of genotypes will NOT be added for this location.
Chromosome Chr07 position 20011844 (TileDB column 342994554) has too many alleles in the combined VCF record : 52 : current limit : 50. Fields, such as  PL, with length equal to the number of genotypes will NOT be added for this location.
Chromosome Chr07 position 38027897 (TileDB column 361010607) has too many alleles in the combined VCF record : 57 : current limit : 50. Fields, such as  PL, with length equal to the number of genotypes will NOT be added for this location.
Chromosome Chr07 position 34033446 (TileDB column 357016156) has too many alleles in the combined VCF record : 70 : current limit : 50. Fields, such as  PL, with length equal to the number of genotypes will NOT be added for this location.
Chromosome Chr07 position 20035671 (TileDB column 343018381) has too many alleles in the combined VCF record : 72 : current limit : 50. Fields, such as  PL, with length equal to the number of genotypes will NOT be added for this location.
Chromosome Chr07 position 38056175 (TileDB column 361038885) has too many alleles in the combined VCF record : 71 : current limit : 50. Fields, such as  PL, with length equal to the number of genotypes will NOT be added for this location.
Chromosome Chr07 position 38056178 (TileDB column 361038888) has too many alleles in the combined VCF record : 58 : current limit : 50. Fields, such as  PL, with length equal to the number of genotypes will NOT be added for this location.
Chromosome Chr07 position 28127838 (TileDB column 351110548) has too many alleles in the combined VCF record : 57 : current limit : 50. Fields, such as  PL, with length equal to the number of genotypes will NOT be added for this location.
Chromosome Chr07 position 38145632 (TileDB column 361128342) has too many alleles in the combined VCF record : 62 : current limit : 50. Fields, such as  PL, with length equal to the number of genotypes will NOT be added for this location.
Chromosome Chr07 position 24071083 (TileDB column 347053793) has too many alleles in the combined VCF record : 60 : current limit : 50. Fields, such as  PL, with length equal to the number of genotypes will NOT be added for this location.
Chromosome Chr07 position 24071251 (TileDB column 347053961) has too many alleles in the combined VCF record : 87 : current limit : 50. Fields, such as  PL, with length equal to the number of genotypes will NOT be added for this location.
Chromosome Chr07 position 24071273 (TileDB column 347053983) has too many alleles in the combined VCF record : 68 : current limit : 50. Fields, such as  PL, with length equal to the number of genotypes will NOT be added for this location.
Chromosome Chr07 position 24071413 (TileDB column 347054123) has too many alleles in the combined VCF record : 63 : current limit : 50. Fields, such as  PL, with length equal to the number of genotypes will NOT be added for this location.
Chromosome Chr07 position 24073428 (TileDB column 347056138) has too many alleles in the combined VCF record : 60 : current limit : 50. Fields, such as  PL, with length equal to the number of genotypes will NOT be added for this location.
Chromosome Chr07 position 24073443 (TileDB column 347056153) has too many alleles in the combined VCF record : 85 : current limit : 50. Fields, such as  PL, with length equal to the number of genotypes will NOT be added for this location.
Chromosome Chr07 position 24087100 (TileDB column 347069810) has too many alleles in the combined VCF record : 219 : current limit : 50. Fields, such as  PL, with length equal to the number of genotypes will NOT be added for this location.
Chromosome Chr07 position 24087603 (TileDB column 347070313) has too many alleles in the combined VCF record : 54 : current limit : 50. Fields, such as  PL, with length equal to the number of genotypes will NOT be added for this location.
Chromosome Chr07 position 24087869 (TileDB column 347070579) has too many alleles in the combined VCF record : 78 : current limit : 50. Fields, such as  PL, with length equal to the number of genotypes will NOT be added for this location.
Chromosome Chr07 position 36204304 (TileDB column 359187014) has too many alleles in the combined VCF record : 64 : current limit : 50. Fields, such as  PL, with length equal to the number of genotypes will NOT be added for this location.
Chromosome Chr07 position 30401579 (TileDB column 353384289) has too many alleles in the combined VCF record : 57 : current limit : 50. Fields, such as  PL, with length equal to the number of genotypes will NOT be added for this location.
Chromosome Chr07 position 34308460 (TileDB column 357291170) has too many alleles in the combined VCF record : 92 : current limit : 50. Fields, such as  PL, with length equal to the number of genotypes will NOT be added for this location.
Chromosome Chr07 position 38288448 (TileDB column 361271158) has too many alleles in the combined VCF record : 57 : current limit : 50. Fields, such as  PL, with length equal to the number of genotypes will NOT be added for this location.
Chromosome Chr07 position 20330606 (TileDB column 343313316) has too many alleles in the combined VCF record : 111 : current limit : 50. Fields, such as  PL, with length equal to the number of genotypes will NOT be added for this location.
Chromosome Chr07 position 30476012 (TileDB column 353458722) has too many alleles in the combined VCF record : 111 : current limit : 50. Fields, such as  PL, with length equal to the number of genotypes will NOT be added for this location.
Chromosome Chr07 position 26402902 (TileDB column 349385612) has too many alleles in the combined VCF record : 86 : current limit : 50. Fields, such as  PL, with length equal to the number of genotypes will NOT be added for this location.
Chromosome Chr07 position 38322967 (TileDB column 361305677) has too many alleles in the combined VCF record : 53 : current limit : 50. Fields, such as  PL, with length equal to the number of genotypes will NOT be added for this location.
Chromosome Chr07 position 38374752 (TileDB column 361357462) has too many alleles in the combined VCF record : 98 : current limit : 50. Fields, such as  PL, with length equal to the number of genotypes will NOT be added for this location.
Chromosome Chr07 position 34447661 (TileDB column 357430371) has too many alleles in the combined VCF record : 58 : current limit : 50. Fields, such as  PL, with length equal to the number of genotypes will NOT be added for this location.
Chromosome Chr07 position 36468924 (TileDB column 359451634) has too many alleles in the combined VCF record : 54 : current limit : 50. Fields, such as  PL, with length equal to the number of genotypes will NOT be added for this location.
Chromosome Chr07 position 34508066 (TileDB column 357490776) has too many alleles in the combined VCF record : 162 : current limit : 50. Fields, such as  PL, with length equal to the number of genotypes will NOT be added for this location.
Chromosome Chr07 position 34508488 (TileDB column 357491198) has too many alleles in the combined VCF record : 92 : current limit : 50. Fields, such as  PL, with length equal to the number of genotypes will NOT be added for this location.
Chromosome Chr07 position 36531209 (TileDB column 359513919) has too many alleles in the combined VCF record : 116 : current limit : 50. Fields, such as  PL, with length equal to the number of genotypes will NOT be added for this location.
Chromosome Chr07 position 36531213 (TileDB column 359513923) has too many alleles in the combined VCF record : 71 : current limit : 50. Fields, such as  PL, with length equal to the number of genotypes will NOT be added for this location.
Chromosome Chr07 position 36593725 (TileDB column 359576435) has too many alleles in the combined VCF record : 94 : current limit : 50. Fields, such as  PL, with length equal to the number of genotypes will NOT be added for this location.
Chromosome Chr07 position 36622546 (TileDB column 359605256) has too many alleles in the combined VCF record : 54 : current limit : 50. Fields, such as  PL, with length equal to the number of genotypes will NOT be added for this location.
Chromosome Chr07 position 32784049 (TileDB column 355766759) has too many alleles in the combined VCF record : 55 : current limit : 50. Fields, such as  PL, with length equal to the number of genotypes will NOT be added for this location.
Chromosome Chr07 position 34669968 (TileDB column 357652678) has too many alleles in the combined VCF record : 56 : current limit : 50. Fields, such as  PL, with length equal to the number of genotypes will NOT be added for this location.
Chromosome Chr07 position 38600308 (TileDB column 361583018) has too many alleles in the combined VCF record : 52 : current limit : 50. Fields, such as  PL, with length equal to the number of genotypes will NOT be added for this location.
Chromosome Chr07 position 38620419 (TileDB column 361603129) has too many alleles in the combined VCF record : 57 : current limit : 50. Fields, such as  PL, with length equal to the number of genotypes will NOT be added for this location.
Chromosome Chr07 position 38666420 (TileDB column 361649130) has too many alleles in the combined VCF record : 59 : current limit : 50. Fields, such as  PL, with length equal to the number of genotypes will NOT be added for this location.
Chromosome Chr07 position 38669009 (TileDB column 361651719) has too many alleles in the combined VCF record : 52 : current limit : 50. Fields, such as  PL, with length equal to the number of genotypes will NOT be added for this location.
Chromosome Chr07 position 34781923 (TileDB column 357764633) has too many alleles in the combined VCF record : 65 : current limit : 50. Fields, such as  PL, with length equal to the number of genotypes will NOT be added for this location.
Chromosome Chr07 position 34781951 (TileDB column 357764661) has too many alleles in the combined VCF record : 100 : current limit : 50. Fields, such as  PL, with length equal to the number of genotypes will NOT be added for this location.
Chromosome Chr07 position 36770242 (TileDB column 359752952) has too many alleles in the combined VCF record : 61 : current limit : 50. Fields, such as  PL, with length equal to the number of genotypes will NOT be added for this location.
Chromosome Chr07 position 31013763 (TileDB column 353996473) has too many alleles in the combined VCF record : 81 : current limit : 50. Fields, such as  PL, with length equal to the number of genotypes will NOT be added for this location.
Chromosome Chr07 position 20788251 (TileDB column 343770961) has too many alleles in the combined VCF record : 55 : current limit : 50. Fields, such as  PL, with length equal to the number of genotypes will NOT be added for this location.
Chromosome Chr07 position 38755616 (TileDB column 361738326) has too many alleles in the combined VCF record : 78 : current limit : 50. Fields, such as  PL, with length equal to the number of genotypes will NOT be added for this location.
Chromosome Chr07 position 38759648 (TileDB column 361742358) has too many alleles in the combined VCF record : 59 : current limit : 50. Fields, such as  PL, with length equal to the number of genotypes will NOT be added for this location.
Chromosome Chr07 position 34870609 (TileDB column 357853319) has too many alleles in the combined VCF record : 73 : current limit : 50. Fields, such as  PL, with length equal to the number of genotypes will NOT be added for this location.
Chromosome Chr07 position 31054889 (TileDB column 354037599) has too many alleles in the combined VCF record : 61 : current limit : 50. Fields, such as  PL, with length equal to the number of genotypes will NOT be added for this location.
Chromosome Chr07 position 36860669 (TileDB column 359843379) has too many alleles in the combined VCF record : 130 : current limit : 50. Fields, such as  PL, with length equal to the number of genotypes will NOT be added for this location.
Chromosome Chr07 position 36888866 (TileDB column 359871576) has too many alleles in the combined VCF record : 56 : current limit : 50. Fields, such as  PL, with length equal to the number of genotypes will NOT be added for this location.
Chromosome Chr07 position 38835362 (TileDB column 361818072) has too many alleles in the combined VCF record : 52 : current limit : 50. Fields, such as  PL, with length equal to the number of genotypes will NOT be added for this location.
Chromosome Chr07 position 38847460 (TileDB column 361830170) has too many alleles in the combined VCF record : 71 : current limit : 50. Fields, such as  PL, with length equal to the number of genotypes will NOT be added for this location.
Chromosome Chr07 position 38850014 (TileDB column 361832724) has too many alleles in the combined VCF record : 68 : current limit : 50. Fields, such as  PL, with length equal to the number of genotypes will NOT be added for this location.
Chromosome Chr07 position 28918845 (TileDB column 351901555) has too many alleles in the combined VCF record : 63 : current limit : 50. Fields, such as  PL, with length equal to the number of genotypes will NOT be added for this location.
Chromosome Chr07 position 38934636 (TileDB column 361917346) has too many alleles in the combined VCF record : 51 : current limit : 50. Fields, such as  PL, with length equal to the number of genotypes will NOT be added for this location.
Chromosome Chr07 position 36991982 (TileDB column 359974692) has too many alleles in the combined VCF record : 71 : current limit : 50. Fields, such as  PL, with length equal to the number of genotypes will NOT be added for this location.
Chromosome Chr07 position 31291389 (TileDB column 354274099) has too many alleles in the combined VCF record : 55 : current limit : 50. Fields, such as  PL, with length equal to the number of genotypes will NOT be added for this location.
Chromosome Chr07 position 39016514 (TileDB column 361999224) has too many alleles in the combined VCF record : 99 : current limit : 50. Fields, such as  PL, with length equal to the number of genotypes will NOT be added for this location.
Chromosome Chr07 position 37110781 (TileDB column 360093491) has too many alleles in the combined VCF record : 66 : current limit : 50. Fields, such as  PL, with length equal to the number of genotypes will NOT be added for this location.
Chromosome Chr07 position 24874620 (TileDB column 347857330) has too many alleles in the combined VCF record : 75 : current limit : 50. Fields, such as  PL, with length equal to the number of genotypes will NOT be added for this location.
Chromosome Chr07 position 21354058 (TileDB column 344336768) has too many alleles in the combined VCF record : 52 : current limit : 50. Fields, such as  PL, with length equal to the number of genotypes will NOT be added for this location.
Chromosome Chr07 position 29220822 (TileDB column 352203532) has too many alleles in the combined VCF record : 105 : current limit : 50. Fields, such as  PL, with length equal to the number of genotypes will NOT be added for this location.
Chromosome Chr07 position 29220841 (TileDB column 352203551) has too many alleles in the combined VCF record : 90 : current limit : 50. Fields, such as  PL, with length equal to the number of genotypes will NOT be added for this location.
Chromosome Chr07 position 39243059 (TileDB column 362225769) has too many alleles in the combined VCF record : 67 : current limit : 50. Fields, such as  PL, with length equal to the number of genotypes will NOT be added for this location.
Chromosome Chr07 position 24928512 (TileDB column 347911222) has too many alleles in the combined VCF record : 76 : current limit : 50. Fields, such as  PL, with length equal to the number of genotypes will NOT be added for this location.
Chromosome Chr07 position 22828393 (TileDB column 345811103) has too many alleles in the combined VCF record : 59 : current limit : 50. Fields, such as  PL, with length equal to the number of genotypes will NOT be added for this location.
Chromosome Chr07 position 22831405 (TileDB column 345814115) has too many alleles in the combined VCF record : 73 : current limit : 50. Fields, such as  PL, with length equal to the number of genotypes will NOT be added for this location.
Chromosome Chr07 position 35300619 (TileDB column 358283329) has too many alleles in the combined VCF record : 51 : current limit : 50. Fields, such as  PL, with length equal to the number of genotypes will NOT be added for this location.
Chromosome Chr07 position 22868062 (TileDB column 345850772) has too many alleles in the combined VCF record : 58 : current limit : 50. Fields, such as  PL, with length equal to the number of genotypes will NOT be added for this location.
Chromosome Chr07 position 22868089 (TileDB column 345850799) has too many alleles in the combined VCF record : 82 : current limit : 50. Fields, such as  PL, with length equal to the number of genotypes will NOT be added for this location.
Chromosome Chr07 position 22868228 (TileDB column 345850938) has too many alleles in the combined VCF record : 121 : current limit : 50. Fields, such as  PL, with length equal to the number of genotypes will NOT be added for this location.
Chromosome Chr07 position 22868274 (TileDB column 345850984) has too many alleles in the combined VCF record : 60 : current limit : 50. Fields, such as  PL, with length equal to the number of genotypes will NOT be added for this location.
Chromosome Chr07 position 22868279 (TileDB column 345850989) has too many alleles in the combined VCF record : 240 : current limit : 50. Fields, such as  PL, with length equal to the number of genotypes will NOT be added for this location.
Chromosome Chr07 position 22868433 (TileDB column 345851143) has too many alleles in the combined VCF record : 76 : current limit : 50. Fields, such as  PL, with length equal to the number of genotypes will NOT be added for this location.
Chromosome Chr07 position 22868475 (TileDB column 345851185) has too many alleles in the combined VCF record : 134 : current limit : 50. Fields, such as  PL, with length equal to the number of genotypes will NOT be added for this location.
Chromosome Chr07 position 22868503 (TileDB column 345851213) has too many alleles in the combined VCF record : 214 : current limit : 50. Fields, such as  PL, with length equal to the number of genotypes will NOT be added for this location.
Chromosome Chr07 position 22868571 (TileDB column 345851281) has too many alleles in the combined VCF record : 77 : current limit : 50. Fields, such as  PL, with length equal to the number of genotypes will NOT be added for this location.
Chromosome Chr07 position 22868595 (TileDB column 345851305) has too many alleles in the combined VCF record : 169 : current limit : 50. Fields, such as  PL, with length equal to the number of genotypes will NOT be added for this location.
Chromosome Chr07 position 39336898 (TileDB column 362319608) has too many alleles in the combined VCF record : 52 : current limit : 50. Fields, such as  PL, with length equal to the number of genotypes will NOT be added for this location.
Chromosome Chr07 position 22868708 (TileDB column 345851418) has too many alleles in the combined VCF record : 99 : current limit : 50. Fields, such as  PL, with length equal to the number of genotypes will NOT be added for this location.
Chromosome Chr07 position 39339072 (TileDB column 362321782) has too many alleles in the combined VCF record : 54 : current limit : 50. Fields, such as  PL, with length equal to the number of genotypes will NOT be added for this location.
Chromosome Chr07 position 22869763 (TileDB column 345852473) has too many alleles in the combined VCF record : 177 : current limit : 50. Fields, such as  PL, with length equal to the number of genotypes will NOT be added for this location.
Chromosome Chr07 position 22869791 (TileDB column 345852501) has too many alleles in the combined VCF record : 149 : current limit : 50. Fields, such as  PL, with length equal to the number of genotypes will NOT be added for this location.
Chromosome Chr07 position 22869859 (TileDB column 345852569) has too many alleles in the combined VCF record : 68 : current limit : 50. Fields, such as  PL, with length equal to the number of genotypes will NOT be added for this location.
Chromosome Chr07 position 22869883 (TileDB column 345852593) has too many alleles in the combined VCF record : 124 : current limit : 50. Fields, such as  PL, with length equal to the number of genotypes will NOT be added for this location.
Chromosome Chr07 position 22871278 (TileDB column 345853988) has too many alleles in the combined VCF record : 57 : current limit : 50. Fields, such as  PL, with length equal to the number of genotypes will NOT be added for this location.
Chromosome Chr07 position 22871286 (TileDB column 345853996) has too many alleles in the combined VCF record : 64 : current limit : 50. Fields, such as  PL, with length equal to the number of genotypes will NOT be added for this location.
Chromosome Chr07 position 22871296 (TileDB column 345854006) has too many alleles in the combined VCF record : 72 : current limit : 50. Fields, such as  PL, with length equal to the number of genotypes will NOT be added for this location.
Chromosome Chr07 position 39360762 (TileDB column 362343472) has too many alleles in the combined VCF record : 57 : current limit : 50. Fields, such as  PL, with length equal to the number of genotypes will NOT be added for this location.
Chromosome Chr07 position 39421033 (TileDB column 362403743) has too many alleles in the combined VCF record : 55 : current limit : 50. Fields, such as  PL, with length equal to the number of genotypes will NOT be added for this location.
Chromosome Chr07 position 39431179 (TileDB column 362413889) has too many alleles in the combined VCF record : 103 : current limit : 50. Fields, such as  PL, with length equal to the number of genotypes will NOT be added for this location.
Chromosome Chr07 position 22915810 (TileDB column 345898520) has too many alleles in the combined VCF record : 124 : current limit : 50. Fields, such as  PL, with length equal to the number of genotypes will NOT be added for this location.
Chromosome Chr07 position 33740904 (TileDB column 356723614) has too many alleles in the combined VCF record : 124 : current limit : 50. Fields, such as  PL, with length equal to the number of genotypes will NOT be added for this location.
Chromosome Chr07 position 39477064 (TileDB column 362459774) has too many alleles in the combined VCF record : 53 : current limit : 50. Fields, such as  PL, with length equal to the number of genotypes will NOT be added for this location.
Chromosome Chr07 position 37479655 (TileDB column 360462365) has too many alleles in the combined VCF record : 74 : current limit : 50. Fields, such as  PL, with length equal to the number of genotypes will NOT be added for this location.
Chromosome Chr07 position 39478560 (TileDB column 362461270) has too many alleles in the combined VCF record : 116 : current limit : 50. Fields, such as  PL, with length equal to the number of genotypes will NOT be added for this location.
Chromosome Chr07 position 22945083 (TileDB column 345927793) has too many alleles in the combined VCF record : 52 : current limit : 50. Fields, such as  PL, with length equal to the number of genotypes will NOT be added for this location.
Chromosome Chr07 position 37518715 (TileDB column 360501425) has too many alleles in the combined VCF record : 58 : current limit : 50. Fields, such as  PL, with length equal to the number of genotypes will NOT be added for this location.
Chromosome Chr07 position 37521430 (TileDB column 360504140) has too many alleles in the combined VCF record : 101 : current limit : 50. Fields, such as  PL, with length equal to the number of genotypes will NOT be added for this location.
Chromosome Chr07 position 35614967 (TileDB column 358597677) has too many alleles in the combined VCF record : 77 : current limit : 50. Fields, such as  PL, with length equal to the number of genotypes will NOT be added for this location.
Chromosome Chr07 position 37611977 (TileDB column 360594687) has too many alleles in the combined VCF record : 58 : current limit : 50. Fields, such as  PL, with length equal to the number of genotypes will NOT be added for this location.
Chromosome Chr07 position 39625222 (TileDB column 362607932) has too many alleles in the combined VCF record : 101 : current limit : 50. Fields, such as  PL, with length equal to the number of genotypes will NOT be added for this location.
Chromosome Chr07 position 39632658 (TileDB column 362615368) has too many alleles in the combined VCF record : 55 : current limit : 50. Fields, such as  PL, with length equal to the number of genotypes will NOT be added for this location.
Chromosome Chr07 position 39642657 (TileDB column 362625367) has too many alleles in the combined VCF record : 62 : current limit : 50. Fields, such as  PL, with length equal to the number of genotypes will NOT be added for this location.
Chromosome Chr07 position 37645307 (TileDB column 360628017) has too many alleles in the combined VCF record : 80 : current limit : 50. Fields, such as  PL, with length equal to the number of genotypes will NOT be added for this location.
Chromosome Chr07 position 23020201 (TileDB column 346002911) has too many alleles in the combined VCF record : 72 : current limit : 50. Fields, such as  PL, with length equal to the number of genotypes will NOT be added for this location.
Chromosome Chr07 position 23020235 (TileDB column 346002945) has too many alleles in the combined VCF record : 98 : current limit : 50. Fields, such as  PL, with length equal to the number of genotypes will NOT be added for this location.
Chromosome Chr07 position 23020237 (TileDB column 346002947) has too many alleles in the combined VCF record : 73 : current limit : 50. Fields, such as  PL, with length equal to the number of genotypes will NOT be added for this location.
Chromosome Chr07 position 37658144 (TileDB column 360640854) has too many alleles in the combined VCF record : 61 : current limit : 50. Fields, such as  PL, with length equal to the number of genotypes will NOT be added for this location.
Chromosome Chr07 position 37687525 (TileDB column 360670235) has too many alleles in the combined VCF record : 88 : current limit : 50. Fields, such as  PL, with length equal to the number of genotypes will NOT be added for this location.
Chromosome Chr07 position 35732364 (TileDB column 358715074) has too many alleles in the combined VCF record : 124 : current limit : 50. Fields, such as  PL, with length equal to the number of genotypes will NOT be added for this location.
Chromosome Chr07 position 39713544 (TileDB column 362696254) has too many alleles in the combined VCF record : 57 : current limit : 50. Fields, such as  PL, with length equal to the number of genotypes will NOT be added for this location.
Chromosome Chr07 position 39742559 (TileDB column 362725269) has too many alleles in the combined VCF record : 208 : current limit : 50. Fields, such as  PL, with length equal to the number of genotypes will NOT be added for this location.
Chromosome Chr07 position 39742560 (TileDB column 362725270) has too many alleles in the combined VCF record : 134 : current limit : 50. Fields, such as  PL, with length equal to the number of genotypes will NOT be added for this location.
Chromosome Chr07 position 39742561 (TileDB column 362725271) has too many alleles in the combined VCF record : 118 : current limit : 50. Fields, such as  PL, with length equal to the number of genotypes will NOT be added for this location.
Chromosome Chr07 position 39742563 (TileDB column 362725273) has too many alleles in the combined VCF record : 83 : current limit : 50. Fields, such as  PL, with length equal to the number of genotypes will NOT be added for this location.
Chromosome Chr07 position 39752893 (TileDB column 362735603) has too many alleles in the combined VCF record : 138 : current limit : 50. Fields, such as  PL, with length equal to the number of genotypes will NOT be added for this location.
Chromosome Chr07 position 39816692 (TileDB column 362799402) has too many alleles in the combined VCF record : 60 : current limit : 50. Fields, such as  PL, with length equal to the number of genotypes will NOT be added for this location.
Chromosome Chr07 position 21992644 (TileDB column 344975354) has too many alleles in the combined VCF record : 69 : current limit : 50. Fields, such as  PL, with length equal to the number of genotypes will NOT be added for this location.
Chromosome Chr07 position 29997051 (TileDB column 352979761) has too many alleles in the combined VCF record : 63 : current limit : 50. Fields, such as  PL, with length equal to the number of genotypes will NOT be added for this location.
Chromosome Chr07 position 37840969 (TileDB column 360823679) has too many alleles in the combined VCF record : 61 : current limit : 50. Fields, such as  PL, with length equal to the number of genotypes will NOT be added for this location.
Chromosome Chr07 position 39867756 (TileDB column 362850466) has too many alleles in the combined VCF record : 53 : current limit : 50. Fields, such as  PL, with length equal to the number of genotypes will NOT be added for this location.
Chromosome Chr07 position 37939713 (TileDB column 360922423) has too many alleles in the combined VCF record : 104 : current limit : 50. Fields, such as  PL, with length equal to the number of genotypes will NOT be added for this location.
Chromosome Chr07 position 39952024 (TileDB column 362934734) has too many alleles in the combined VCF record : 54 : current limit : 50. Fields, such as  PL, with length equal to the number of genotypes will NOT be added for this location.
Chromosome Chr07 position 39961598 (TileDB column 362944308) has too many alleles in the combined VCF record : 64 : current limit : 50. Fields, such as  PL, with length equal to the number of genotypes will NOT be added for this location.
Chromosome Chr07 position 25842016 (TileDB column 348824726) has too many alleles in the combined VCF record : 90 : current limit : 50. Fields, such as  PL, with length equal to the number of genotypes will NOT be added for this location.
Chromosome Chr07 position 23455415 (TileDB column 346438125) has too many alleles in the combined VCF record : 55 : current limit : 50. Fields, such as  PL, with length equal to the number of genotypes will NOT be added for this location.
Chromosome Chr07 position 23710778 (TileDB column 346693488) has too many alleles in the combined VCF record : 80 : current limit : 50. Fields, such as  PL, with length equal to the number of genotypes will NOT be added for this location.
Job 68686579 stderr output:

