[0;36m[STEP][0m 2025-12-09 08:40:06 - 开始环境检查与参数验证
[0;34m[INFO][0m 2025-12-09 08:40:06 - 检查 Singularity 环境...
[0;32m[SUCCESS][0m 2025-12-09 08:40:06 - Singularity 版本: singularity version 3.8.6
[0;32m[SUCCESS][0m 2025-12-09 08:40:06 - 镜像文件: /share/org/YZWL/yzwl_lixg/software/singularity/glnexus_v1.4.1.sif (584M)
[0;34m[INFO][0m 2025-12-09 08:40:06 - 检查依赖工具...
[0;32m[SUCCESS][0m 2025-12-09 08:40:06 - 依赖工具检查通过: bcftools, samtools
[0;34m[INFO][0m 2025-12-09 08:40:06 - 检查输入文件...
[0;32m[SUCCESS][0m 2025-12-09 08:40:06 - 找到 2162 个 gVCF 文件
[0;34m[INFO][0m 2025-12-09 08:40:06 - 挂载配置: 参考基因组(只读), gVCF(只读), 输出(读写)
[0;34m[INFO][0m 2025-12-09 08:40:06 - 检查磁盘空间...
[0;34m[INFO][0m 2025-12-09 08:40:06 - 可用空间: 1982537 GB
[0;34m[INFO][0m 2025-12-09 08:40:06 - 输入数据: 3288 GB
[0;34m[INFO][0m 2025-12-09 08:40:06 - 预估需求: 9864 GB (约为输入的3倍)
[0;36m[STEP][0m 2025-12-09 08:40:06 - 初始化工作目录
[0;36m[STEP][0m 2025-12-09 08:40:06 - 准备染色体列表
[0;34m[INFO][0m 2025-12-09 08:40:06 - 参考基因组包含 20 条染色体
[0;34m[INFO][0m 2025-12-09 08:40:06 - 基因组总长度: 1024 Mbp
[0;34m[INFO][0m 2025-12-09 08:40:06 - 目标染色体: Chr13
[0;32m[SUCCESS][0m 2025-12-09 08:40:06 - 将处理 1 条染色体
/share/org/YZWL/yzwl_lixg/software/scripts/50.运行Glnexus批量合并gVCF文件_singularity版本.sh:行615: 语法错误: 未预期的文件结尾
[0;31m[ERROR][0m 2025-12-09 08:40:06 - 脚本异常退出 (退出码: 2)
[0;31m[ERROR][0m 2025-12-09 08:40:06 - 查看日志文件: /share/org/YZWL/yzwl_lixg/project/21.野生大豆群体/03.glnexus_joint/each_chr/logs/glnexus_run.log
