[0;36m[STEP][0m 2025-12-09 08:45:56 - 开始环境检查与参数验证
[0;34m[INFO][0m 2025-12-09 08:45:56 - 检查 Singularity 环境...
[0;32m[SUCCESS][0m 2025-12-09 08:45:56 - Singularity 版本: singularity version 3.8.6
[0;32m[SUCCESS][0m 2025-12-09 08:45:56 - 镜像文件: /share/org/YZWL/yzwl_lixg/software/singularity/glnexus_v1.4.1.sif (584M)
[0;34m[INFO][0m 2025-12-09 08:45:56 - 检查依赖工具...
[0;32m[SUCCESS][0m 2025-12-09 08:45:56 - 依赖工具检查通过: bcftools, samtools
[0;34m[INFO][0m 2025-12-09 08:45:56 - 检查输入文件...
[0;32m[SUCCESS][0m 2025-12-09 08:45:56 - 找到 2162 个 gVCF 文件
[0;34m[INFO][0m 2025-12-09 08:45:56 - 挂载配置: 参考基因组(只读), gVCF(只读), 输出(读写)
[0;34m[INFO][0m 2025-12-09 08:45:56 - 检查磁盘空间...
[0;34m[INFO][0m 2025-12-09 08:46:00 - 可用空间: 1998124 GB
[0;34m[INFO][0m 2025-12-09 08:46:00 - 输入数据: 3288 GB
[0;34m[INFO][0m 2025-12-09 08:46:00 - 预估需求: 9864 GB (约为输入的3倍)
[0;36m[STEP][0m 2025-12-09 08:46:00 - 初始化工作目录
[0;36m[STEP][0m 2025-12-09 08:46:00 - 准备染色体列表
[0;34m[INFO][0m 2025-12-09 08:46:00 - 参考基因组包含 20 条染色体
[0;34m[INFO][0m 2025-12-09 08:46:00 - 基因组总长度: 1024 Mbp
[0;34m[INFO][0m 2025-12-09 08:46:00 - 目标染色体: Chr19
[0;32m[SUCCESS][0m 2025-12-09 08:46:00 - 将处理 1 条染色体
[0;36m[STEP][0m 2025-12-09 08:46:00 - 分染色体处理模式
[0;34m[INFO][0m 2025-12-09 08:46:00 - 串行处理模式
[0;34m[INFO][0m 2025-12-09 08:46:00 - 处理染色体: Chr19 (长度: 53221979 bp)
[1;33m[WARNING][0m 2025-12-09 08:46:00 - 删除旧数据库: /share/org/YZWL/yzwl_lixg/project/21.野生大豆群体/03.glnexus_joint/each_chr/per_chrom_output/GLnexus.DB.Chr19
[0;34m[INFO][0m 2025-12-09 08:46:02 - 启动 GLnexus (线程: 64, 内存: 500GB)...
