>>> [Start] FitHiC Pipeline v6 (Jar 1.9.9 + Plain Text)
>>> Resolution: 5000 bp
>>> Using JAR: /share/org/YZWL/yzwl_lixg/software/juicer/scripts/juicer_tools.1.9.9_jcuda.0.8.jar
>>> Step 1: Creating chrom.sizes...
>>> Step 2: Creating Fragments file...
ChrSizeFile: /share/org/YZWL/yzwl_lixg/project/22.Est1_hic/03.hic/fithic2/result_5kb/chrom.sizes
OutFile: /share/org/YZWL/yzwl_lixg/project/22.Est1_hic/03.hic/fithic2/result_5kb/fragments_5000.txt
BinSize: 5000
    -> Generated: fragments_5000.txt
--------------------------------------------------
>>> Processing Chromosome: Chr1
    [3.1] Dumping Observed Counts...
    !!! CRITICAL ERROR: Dump failed for Chr1. File is empty.
--------------------------------------------------
>>> Processing Chromosome: Chr2
    [3.1] Dumping Observed Counts...
    !!! CRITICAL ERROR: Dump failed for Chr2. File is empty.
--------------------------------------------------
>>> Processing Chromosome: Chr3
    [3.1] Dumping Observed Counts...
    !!! CRITICAL ERROR: Dump failed for Chr3. File is empty.
--------------------------------------------------
>>> Processing Chromosome: Chr4
    [3.1] Dumping Observed Counts...
    !!! CRITICAL ERROR: Dump failed for Chr4. File is empty.
--------------------------------------------------
>>> Processing Chromosome: Chr5
    [3.1] Dumping Observed Counts...
    !!! CRITICAL ERROR: Dump failed for Chr5. File is empty.
==================================================
>>> All Finished.
==================================================
