WARNING: sun.reflect.Reflection.getCallerClass is not supported. This will impact performance.
WARN [2025-12-01T20:04:30,584]  [Globals.java:138] [main]  Development mode is enabled
Reading file: aligned/inter_30.hic
HiC file version: 8
Using the following configurations for HiCCUPS:
Config res: 2000 peak: 2 window: 5 fdr: 10% radius: 2000
Config res: 1000 peak: 4 window: 7 fdr: 10% radius: 2000
Config res: 5000 peak: 1 window: 3 fdr: 10% radius: 5000
WARNING - You are using the CPU version of HiCCUPS.
The GPU version of HiCCUPS is the official version and has been tested extensively.
The CPU version only searches for loops within 8MB (by default) of the diagonal and is still experimental.
Using 1 CPU thread(s) for primary task
Running HiCCUPS for resolution 2000
4% 
9% 
14% 
19% 
24% 
29% 
34% 
39% 
44% 
49% 
54% 
59% 
64% 
69% 
74% 
79% 
84% 
89% 
94% 
99% 
4% 
9% 
14% 
19% 
24% 
29% 
34% 
39% 
44% 
49% 
54% 
59% 
64% 
69% 
74% 
79% 
84% 
89% 
94% 
99% 
770 features written to file: /share/org/YZWL/yzwl_lixg/project/22.Est1_hic/03.hic/hiccups_output_2/enriched_pixels_2000.bedpe
Running HiCCUPS for resolution 1000
4% 
9% 
14% 
19% 
24% 
29% 
34% 
39% 
44% 
49% 
54% 
59% 
64% 
69% 
74% 
79% 
84% 
89% 
94% 
99% 
4% 
9% 
14% 
19% 
24% 
29% 
34% 
39% 
44% 
49% 
54% 
59% 
64% 
69% 
74% 
79% 
84% 
89% 
94% 
99% 
1907 features written to file: /share/org/YZWL/yzwl_lixg/project/22.Est1_hic/03.hic/hiccups_output_2/enriched_pixels_1000.bedpe
Running HiCCUPS for resolution 5000
4% 
9% 
14% 
19% 
24% 
29% 
34% 
39% 
44% 
49% 
54% 
59% 
64% 
69% 
74% 
79% 
84% 
89% 
94% 
99% 
4% 
9% 
14% 
19% 
24% 
29% 
34% 
39% 
44% 
49% 
54% 
59% 
64% 
69% 
74% 
79% 
84% 
89% 
94% 
99% 
720 features written to file: /share/org/YZWL/yzwl_lixg/project/22.Est1_hic/03.hic/hiccups_output_2/enriched_pixels_5000.bedpe
183 features written to file: /share/org/YZWL/yzwl_lixg/project/22.Est1_hic/03.hic/hiccups_output_2/postprocessed_pixels_2000.bedpe
278 features written to file: /share/org/YZWL/yzwl_lixg/project/22.Est1_hic/03.hic/hiccups_output_2/postprocessed_pixels_1000.bedpe
176 features written to file: /share/org/YZWL/yzwl_lixg/project/22.Est1_hic/03.hic/hiccups_output_2/postprocessed_pixels_5000.bedpe
176 features written to file: /share/org/YZWL/yzwl_lixg/project/22.Est1_hic/03.hic/hiccups_output_2/merged_loops.bedpe
HiCCUPS complete
