🚀 开始处理...
🧹 正在调用 Python 进行文件清洗和转码...
✅ 清洗完成！保留了 419 个样本。
📋 识别到的分组 (12 个): ['CAU', 'Canada', 'Korean', 'NAU', 'Outgroup', '七台河市', '三亚市', '佳木斯市', '哈尔滨市', '绥化市', '黑河市', '齐齐哈尔市']
📄 清洗后文件预览 (/share/org/YZWL/yzwl_lixg/project/19.大豆疫霉菌/13.Fst/Fst_Output/clean_sets_final.txt):
41	黑河市
A1-1	哈尔滨市
A1-2	哈尔滨市
A1-3	哈尔滨市
A1-4	哈尔滨市
------------------------------------------------------------------
🧩 正在拆分群体列表并过滤...
   ✓ 群体: [CAU] (样本数: 6)
   ✓ 群体: [Canada] (样本数: 31)
   ✓ 群体: [Korean] (样本数: 10)
   ✓ 群体: [NAU] (样本数: 25)
   ✓ 群体: [Outgroup] (样本数: 2)
   ✓ 群体: [七台河市] (样本数: 23)
   ✓ 群体: [三亚市] (样本数: 3)
   ✓ 群体: [佳木斯市] (样本数: 51)
   ✓ 群体: [哈尔滨市] (样本数: 90)
   ✓ 群体: [绥化市] (样本数: 32)
   ✓ 群体: [黑河市] (样本数: 80)
   ✓ 群体: [齐齐哈尔市] (样本数: 66)

✅ 有效群体数量: 12

📝 已加载 12 个有效群体到数组
🔍 群体数组内容：
   [0] CAU
   [1] Canada
   [2] Korean
   [3] NAU
   [4] Outgroup
   [5] 七台河市
   [6] 三亚市
   [7] 佳木斯市
   [8] 哈尔滨市
   [9] 绥化市
   [10] 黑河市
   [11] 齐齐哈尔市
------------------------------------------------------------------
⚔️  开始计算 Fst (共 66 个配对)...
   👉 [1] CAU vs Canada
   👉 [2] CAU vs Korean
   👉 [3] CAU vs NAU
   👉 [4] CAU vs Outgroup
   👉 [5] CAU vs 七台河市
   👉 [6] CAU vs 三亚市
   👉 [7] CAU vs 佳木斯市
   👉 [8] CAU vs 哈尔滨市
   👉 [9] CAU vs 绥化市
   👉 [10] CAU vs 黑河市
   👉 [11] CAU vs 齐齐哈尔市
   👉 [12] Canada vs Korean
   👉 [13] Canada vs NAU
   👉 [14] Canada vs Outgroup
   👉 [15] Canada vs 七台河市
   👉 [16] Canada vs 三亚市
   👉 [17] Canada vs 佳木斯市
   👉 [18] Canada vs 哈尔滨市
   👉 [19] Canada vs 绥化市
   👉 [20] Canada vs 黑河市
   👉 [21] Canada vs 齐齐哈尔市
   👉 [22] Korean vs NAU
   👉 [23] Korean vs Outgroup
   👉 [24] Korean vs 七台河市
   👉 [25] Korean vs 三亚市
   👉 [26] Korean vs 佳木斯市
   👉 [27] Korean vs 哈尔滨市
   👉 [28] Korean vs 绥化市
   👉 [29] Korean vs 黑河市
   👉 [30] Korean vs 齐齐哈尔市
   👉 [31] NAU vs Outgroup
   👉 [32] NAU vs 七台河市
   👉 [33] NAU vs 三亚市
   👉 [34] NAU vs 佳木斯市
   👉 [35] NAU vs 哈尔滨市
   👉 [36] NAU vs 绥化市
   👉 [37] NAU vs 黑河市
   👉 [38] NAU vs 齐齐哈尔市
   👉 [39] Outgroup vs 七台河市
   👉 [40] Outgroup vs 三亚市
   👉 [41] Outgroup vs 佳木斯市
   👉 [42] Outgroup vs 哈尔滨市
   👉 [43] Outgroup vs 绥化市
   👉 [44] Outgroup vs 黑河市
   👉 [45] Outgroup vs 齐齐哈尔市
   👉 [46] 七台河市 vs 三亚市
   👉 [47] 七台河市 vs 佳木斯市
   👉 [48] 七台河市 vs 哈尔滨市
   👉 [49] 七台河市 vs 绥化市
   👉 [50] 七台河市 vs 黑河市
   👉 [51] 七台河市 vs 齐齐哈尔市
   👉 [52] 三亚市 vs 佳木斯市
   👉 [53] 三亚市 vs 哈尔滨市
   👉 [54] 三亚市 vs 绥化市
   👉 [55] 三亚市 vs 黑河市
   👉 [56] 三亚市 vs 齐齐哈尔市
   👉 [57] 佳木斯市 vs 哈尔滨市
   👉 [58] 佳木斯市 vs 绥化市
   👉 [59] 佳木斯市 vs 黑河市
   👉 [60] 佳木斯市 vs 齐齐哈尔市
   👉 [61] 哈尔滨市 vs 绥化市
   👉 [62] 哈尔滨市 vs 黑河市
   👉 [63] 哈尔滨市 vs 齐齐哈尔市
   👉 [64] 绥化市 vs 黑河市
   👉 [65] 绥化市 vs 齐齐哈尔市
   👉 [66] 黑河市 vs 齐齐哈尔市
------------------------------------------------------------------
🎉 计算完成！
📊 结果文件: /share/org/YZWL/yzwl_lixg/project/19.大豆疫霉菌/13.Fst/Fst_Output/Final_Fst_Summary.txt
📁 详细日志: /share/org/YZWL/yzwl_lixg/project/19.大豆疫霉菌/13.Fst/Fst_Output/logs/
