[32m22:56:48 ReadCSVLines | NOTICE [0m Parse csvfile `sample.filtered.counts_GATC.txt`
[32m22:56:48 readRE | NOTICE [0m Loaded 1211 contig RE lengths for normalization from `sample.filtered.counts_GATC.txt`
[32m22:56:48 skipContigsWithFewREs | NOTICE [0m skipContigsWithFewREs with MinREs = 5 (RE = GATC)
[32m22:56:48 skipContigsWithFewREs | NOTICE [0m Marked 0 contigs (avg 0.0 RE sites, len 0) since they contain too few REs (MinREs = 5)
[32m22:56:48 ReadCSVLines | NOTICE [0m Parse csvfile `sample.filtered.pairs.txt`
[32m22:56:49 skipRepeats | NOTICE [0m skipRepeats with multiplicity = 5
[32m22:56:49 skipRepeats | NOTICE [0m Marked 0 contigs (avg len 0) as repetitive (MaxLinkDensity = 5)
[32m22:56:49 Cluster | NOTICE [0m Clustering starts with 1211 (1211 informative) contigs with target of 12 clusters
[32m22:56:49 Cluster | NOTICE [0m No more merges to do since the queue is empty
[32m22:56:49 setClusters | NOTICE [0m setClusters summary (NonInformativeRatio = 5): nPassRatio = 0, nFailRatio = 0, nFailCluster=0
[32m22:56:49 printClusters | NOTICE [0m Write 0 partitions to `sample.filtered.clusters.txt`
[32m22:56:49 Run | NOTICE [0m Success
[32m22:56:49 ReadCSVLines | NOTICE [0m Parse csvfile `sample.filtered.counts_GATC.txt`
[32m22:56:49 readRE | NOTICE [0m Loaded 1211 contig RE lengths for normalization from `sample.filtered.counts_GATC.txt`
[32m22:56:49 skipContigsWithFewREs | NOTICE [0m skipContigsWithFewREs with MinREs = 3 (RE = GATC)
[32m22:56:49 skipContigsWithFewREs | NOTICE [0m Marked 0 contigs (avg 0.0 RE sites, len 0) since they contain too few REs (MinREs = 3)
[32m22:56:49 ReadCSVLines | NOTICE [0m Parse csvfile `sample.filtered.pairs.txt`
[32m22:56:50 skipRepeats | NOTICE [0m skipRepeats with multiplicity = 10
[32m22:56:50 skipRepeats | NOTICE [0m Marked 0 contigs (avg len 0) as repetitive (MaxLinkDensity = 10)
[32m22:56:50 Cluster | NOTICE [0m Clustering starts with 1211 (1211 informative) contigs with target of 12 clusters
[32m22:56:50 Cluster | NOTICE [0m No more merges to do since the queue is empty
[32m22:56:50 setClusters | NOTICE [0m setClusters summary (NonInformativeRatio = 10): nPassRatio = 0, nFailRatio = 0, nFailCluster=0
[32m22:56:50 printClusters | NOTICE [0m Write 0 partitions to `sample.filtered.clusters.txt`
[32m22:56:50 Run | NOTICE [0m Success
Job 68080192 stderr output:

