:) -p flag was triggered. Running with GNU Parallel support parameter set to false.
...Remapping contact data from the original contig set to assembly
...Building track files
...Building the hic file
Not including fragment map
Start preprocess
Writing header
Writing body
..
Writing footer

Finished preprocess
HiC file version: 8

Calculating norms for zoom BP_2500000
Calculating norms for zoom BP_1000000
Calculating norms for zoom BP_500000
Calculating norms for zoom BP_250000
Calculating norms for zoom BP_100000
Calculating norms for zoom BP_50000
Calculating norms for zoom BP_25000
Calculating norms for zoom BP_10000
Calculating norms for zoom BP_5000
Calculating norms for zoom BP_1000
Writing expected
Writing norms
Finished writing norms
