
Found 1 command tree.

Counting 55 (estimated) billion canonical 21-mers from 1 input file:
    sequence-file: OV53_1-hifi.fq


SIMPLE MODE
-----------

  21-mers
    -> 4398046511104 entries for counts up to 65535.
    -> 64 Tbits memory used

  59724833744 input bases
    -> expected max count of 238899334, needing 13 extra bits.
    -> 52 Tbits memory used

  14 TB memory needed


COMPLEX MODE
------------

prefix     # of   struct   kmers/    segs/      min     data    total
  bits   prefix   memory   prefix   prefix   memory   memory   memory
------  -------  -------  -------  -------  -------  -------  -------
     1     2  P   142 MB  7119 MM  9124 kS  8192  B    71 GB    71 GB
     2     4  P   139 MB  3559 MM  4450 kS    16 kB    69 GB    69 GB
     3     8  P   135 MB  1779 MM  2169 kS    32 kB    67 GB    67 GB
     4    16  P   132 MB   889 MM  1057 kS    64 kB    66 GB    66 GB
     5    32  P   128 MB   444 MM   514 kS   128 kB    64 GB    64 GB
     6    64  P   125 MB   222 MM   250 kS   256 kB    62 GB    62 GB
     7   128  P   122 MB   111 MM   121 kS   512 kB    60 GB    60 GB
     8   256  P   119 MB    55 MM    59 kS  1024 kB    59 GB    59 GB
     9   512  P   116 MB    27 MM    28 kS  2048 kB    57 GB    57 GB
    10  1024  P   114 MB    13 MM    13 kS  4096 kB    55 GB    55 GB
    11  2048  P   114 MB  7119 kM  6898  S  8192 kB    53 GB    54 GB
    12  4096  P   116 MB  3559 kM  3339  S    16 MB    52 GB    52 GB
    13  8192  P   126 MB  1779 kM  1615  S    32 MB    50 GB    50 GB
    14    16 kP   147 MB   889 kM   779  S    64 MB    48 GB    48 GB
    15    32 kP   195 MB   444 kM   376  S   128 MB    47 GB    47 GB
    16    64 kP   292 MB   222 kM   181  S   256 MB    45 GB    45 GB
    17   128 kP   491 MB   111 kM    87  S   512 MB    43 GB    43 GB
    18   256 kP   892 MB    55 kM    42  S  1024 MB    42 GB    42 GB
    19   512 kP  1700 MB    27 kM    21  S  2048 MB    42 GB    43 GB
    20  1024 kP  3312 MB    13 kM    10  S  4096 MB    40 GB    43 GB  Best Value!
    21  2048 kP  6544 MB  7120  M     5  S  8192 MB    40 GB    46 GB
    22  4096 kP    12 GB  3560  M     3  S    16 GB    48 GB    60 GB
    23  8192 kP    25 GB  1780  M     2  S    32 GB    64 GB    89 GB
    24    16 MP    50 GB   890  M     1  S    64 GB    64 GB   114 GB
    25    32 MP   101 GB   445  M     1  S   128 GB   128 GB   229 GB
    26    64 MP   202 GB   223  M     1  S   256 GB   256 GB   458 GB
    27   128 MP   405 GB   112  M     1  S   512 GB   512 GB   917 GB


FINAL CONFIGURATION
-------------------

Estimated to require 55 GB memory out of 64 GB allowed.
Estimated to require 4 batches.

Configured complex mode for 55.258 GB memory per batch, and up to 4 batches.

Start counting with THREADED method.
/share/org/YZWL/yzwl_lixg/software/scripts/04.基因组组装基础结果统计.sh: 行 382: 56644 Killed                  meryl count k=$KMER output $MERYL_DB $READS_FQ threads=$THREADS memory=64
Job 68322858 stderr output:

