Traceback (most recent call last):
  File "/share/org/YZWL/yzwl_lixg/software/scripts/53.合并GTX输出的VCF文件.py", line 267, in <module>
    main()
  File "/share/org/YZWL/yzwl_lixg/software/scripts/53.合并GTX输出的VCF文件.py", line 259, in main
    merge_vcf_files(vcf_files, output_file, args.threads, 
    ^^^^^^^^^^^^^^^^^^^^^^^^^^^^^^^^^^^^^^^^^^^^^^^^^^^^^
  File "/share/org/YZWL/yzwl_lixg/software/scripts/53.合并GTX输出的VCF文件.py", line 139, in merge_vcf_files
    run_command(cmd, "正在合并 VCF 文件...")
  File "/share/org/YZWL/yzwl_lixg/software/scripts/53.合并GTX输出的VCF文件.py", line 99, in run_command
    result = subprocess.run(
             ^^^^^^^^^^^^^^^
  File "/share/org/YZWL/yzwl_lixg/miniforge3/lib/python3.12/subprocess.py", line 550, in run
    stdout, stderr = process.communicate(input, timeout=timeout)
                     ^^^^^^^^^^^^^^^^^^^^^^^^^^^^^^^^^^^^^^^^^^^
  File "/share/org/YZWL/yzwl_lixg/miniforge3/lib/python3.12/subprocess.py", line 1209, in communicate
    stdout, stderr = self._communicate(input, endtime, timeout)
                     ^^^^^^^^^^^^^^^^^^^^^^^^^^^^^^^^^^^^^^^^^^
  File "/share/org/YZWL/yzwl_lixg/miniforge3/lib/python3.12/subprocess.py", line 2115, in _communicate
    ready = selector.select(timeout)
            ^^^^^^^^^^^^^^^^^^^^^^^^
  File "/share/org/YZWL/yzwl_lixg/miniforge3/lib/python3.12/selectors.py", line 415, in select
    fd_event_list = self._selector.poll(timeout)
                    ^^^^^^^^^^^^^^^^^^^^^^^^^^^^
KeyboardInterrupt
Job 68334658 stderr output:

