[2025-12-23 18:51:02] INFO: ============================================================
[2025-12-23 18:51:02] INFO: GenomeScope2 基因组分析开始 | GenomeScope2 Genome Analysis Started
[2025-12-23 18:51:02] INFO: ============================================================
[2025-12-23 18:51:02] INFO: 配置信息 | Configuration:
GenomeScope2 Configuration:
  Input Directory: fastq
  Output Prefix: ./
  Read Length: 150
  Threads: 88
  Hash Size: 10G
  K-mer Size: 21
  Max K-mer Coverage: 1000
  GenomeScope R Script: /share/org/YZWL/yzwl_lixg/software/scripts/genomescope.R

[2025-12-23 18:51:02] INFO: ✓ 找到依赖: jellyfish | Found dependency: jellyfish
[2025-12-23 18:51:02] INFO: ✓ 找到依赖: Rscript | Found dependency: Rscript
[2025-12-23 18:51:02] INFO: 在目录中搜索FASTQ文件: fastq | Searching FASTQ files in: fastq
[2025-12-23 18:51:02] INFO: 找到 4 个FASTQ文件 | Found 4 FASTQ files
[2025-12-23 18:51:02] INFO: 压缩文件: 4 个 | Compressed files: 4
[2025-12-23 18:51:02] INFO: 非压缩文件: 0 个 | Plain files: 0
[2025-12-23 18:51:02] INFO: ============================================================
[2025-12-23 18:51:02] INFO: 步骤 1: 运行 Jellyfish Count | Step 1: Running Jellyfish Count
[2025-12-23 18:51:02] INFO: ============================================================
[2025-12-23 18:51:02] INFO: Jellyfish 配置参数 | Jellyfish parameters:
[2025-12-23 18:51:02] INFO:   哈希表大小 | Hash size: 10G
[2025-12-23 18:51:02] INFO:   K-mer 大小 | K-mer size: 21
[2025-12-23 18:51:02] INFO:   线程数 | Threads: 88
[2025-12-23 18:51:02] INFO: 检测到压缩文件，使用管道方式处理 | Detected compressed files, using pipe processing
[2025-12-23 18:51:02] INFO: 执行命令: zcat | jellyfish count | Executing: zcat | jellyfish count
[2025-12-23 18:59:47] INFO: ✅ Jellyfish count 成功完成 | Jellyfish count completed successfully
[2025-12-23 18:59:47] INFO: 输出文件: ./.jf (8.6 GB) | Output file: ./.jf
[2025-12-23 18:59:47] INFO: ============================================================
[2025-12-23 18:59:47] INFO: 步骤 2: 运行 Jellyfish Histo | Step 2: Running Jellyfish Histo
[2025-12-23 18:59:47] INFO: ============================================================
[2025-12-23 18:59:47] INFO: 执行命令: jellyfish histo -t 88 ./.jf > ./.histo
[2025-12-23 18:59:47] INFO: 执行命令: jellyfish histo -t 88 ./.jf > ./.histo
[2025-12-23 19:00:15] INFO: ✅ Jellyfish histo 成功完成 (耗时: 27.92秒) | Jellyfish histo completed successfully (took: 27.92s)
[2025-12-23 19:00:15] INFO: 输出文件: ./.histo (82.1 KB) | Output file: ./.histo
[2025-12-23 19:00:15] INFO: ============================================================
[2025-12-23 19:00:15] INFO: 步骤 3: 运行 GenomeScope 分析 | Step 3: Running GenomeScope Analysis
[2025-12-23 19:00:15] INFO: ============================================================
[2025-12-23 19:00:15] INFO: 创建输出目录: ./_genomescope_output | Created output directory: ./_genomescope_output
[2025-12-23 19:00:15] INFO: 执行命令: Rscript /share/org/YZWL/yzwl_lixg/software/scripts/genomescope.R ./.histo 21 150 ./_genomescope_output 1000 | Executing: Rscript /share/org/YZWL/yzwl_lixg/software/scripts/genomescope.R ./.histo 21 150 ./_genomescope_output 1000
[2025-12-23 19:00:15] INFO: 执行: GenomeScope Analysis | Executing: GenomeScope Analysis
[2025-12-23 19:00:15] DEBUG: 命令: Rscript /share/org/YZWL/yzwl_lixg/software/scripts/genomescope.R ./.histo 21 150 ./_genomescope_output 1000 | Command: Rscript /share/org/YZWL/yzwl_lixg/software/scripts/genomescope.R ./.histo 21 150 ./_genomescope_output 1000
[2025-12-23 19:00:36] INFO: ✅ GenomeScope Analysis 完成 (耗时: 20.96秒) | GenomeScope Analysis completed (took: 20.96s)
[2025-12-23 19:00:36] DEBUG: 标准输出: GenomeScope analyzing ./.histo k=21 readlen=150 outdir=./_genomescope_output
Model converged het:0.00353 kcov:32.6 err:0.00231 model fit:2.41 len:338723504
... | Stdout: GenomeScope analyzing ./.histo k=21 readlen=150 outdir=./_genomescope_output
Model converged het:0.00353 kcov:32.6 err:0.00231 model fit:2.41 len:338723504
...
[2025-12-23 19:00:36] INFO: ✅ GenomeScope 分析成功完成 | GenomeScope analysis completed successfully
[2025-12-23 19:00:36] INFO: 结果保存在目录: ./_genomescope_output | Results saved in directory: ./_genomescope_output
[2025-12-23 19:00:36] INFO: ✓ 摘要文件: ./_genomescope_output/summary.txt | Summary file: ./_genomescope_output/summary.txt
[2025-12-23 19:00:36] INFO: 解析GenomeScope摘要文件: ./_genomescope_output/summary.txt | Parsing GenomeScope summary file: ./_genomescope_output/summary.txt
[2025-12-23 19:00:36] INFO: 成功解析 0 个参数 | Successfully parsed 0 parameters
