2025-10-14 08:57:12,704 - INFO - RNA-seq分析流程开始 | RNA-seq analysis pipeline started
2025-10-14 08:57:12,705 - INFO - 基因组文件 | Genome file: /share/org/YZWL/yzwl_lixg/project/06.longliuxing_BSA/64.候选区间基因的特异性表达/genome.fa
2025-10-14 08:57:12,705 - INFO - 输入路径 | Input path: /share/org/YZWL/yzwl_lixg/project/06.longliuxing_BSA/01.data/rnaseq
2025-10-14 08:57:12,705 - INFO - 输出目录 | Output directory: /share/org/YZWL/yzwl_lixg/project/06.longliuxing_BSA/64.候选区间基因的特异性表达
2025-10-14 08:57:12,705 - INFO - GTF文件 | GTF file: /share/org/YZWL/yzwl_lixg/project/06.longliuxing_BSA/64.候选区间基因的特异性表达/genome.gtf
2025-10-14 08:57:12,705 - INFO - 线程数 | Threads: 88
2025-10-14 08:57:12,705 - INFO - 删除BAM文件 | Remove BAM files: no
2025-10-14 08:57:12,705 - INFO - 文件模式 | File pattern: _f1.fq.gz
2025-10-14 08:57:12,705 - INFO - 
============================================================
2025-10-14 08:57:12,705 - INFO - 步骤1: 构建HISAT2索引 | Step 1: Building HISAT2 index
2025-10-14 08:57:12,705 - INFO - ============================================================
2025-10-14 08:57:12,705 - INFO - 提取剪接位点信息 | Extracting splice sites: /share/org/YZWL/yzwl_lixg/project/06.longliuxing_BSA/64.候选区间基因的特异性表达/genome.gtf -> /share/org/YZWL/yzwl_lixg/project/06.longliuxing_BSA/64.候选区间基因的特异性表达/genome.ss
2025-10-14 08:57:12,705 - INFO - 运行 | Running: 提取剪接位点信息 | Extract splice sites
2025-10-14 08:57:12,705 - INFO - 命令 | Command: extract_splice_sites.py /share/org/YZWL/yzwl_lixg/project/06.longliuxing_BSA/64.候选区间基因的特异性表达/genome.gtf > /share/org/YZWL/yzwl_lixg/project/06.longliuxing_BSA/64.候选区间基因的特异性表达/genome.ss
2025-10-14 08:57:13,735 - INFO - ✓ 提取剪接位点信息 | Extract splice sites 完成 | completed
2025-10-14 08:57:13,735 - INFO - 剪接位点信息提取完成 | Splice sites extraction completed: /share/org/YZWL/yzwl_lixg/project/06.longliuxing_BSA/64.候选区间基因的特异性表达/genome.ss
2025-10-14 08:57:13,735 - INFO - 提取外显子信息 | Extracting exons: /share/org/YZWL/yzwl_lixg/project/06.longliuxing_BSA/64.候选区间基因的特异性表达/genome.gtf -> /share/org/YZWL/yzwl_lixg/project/06.longliuxing_BSA/64.候选区间基因的特异性表达/genome.exon
2025-10-14 08:57:13,735 - INFO - 运行 | Running: 提取外显子信息 | Extract exons
2025-10-14 08:57:13,735 - INFO - 命令 | Command: extract_exons.py /share/org/YZWL/yzwl_lixg/project/06.longliuxing_BSA/64.候选区间基因的特异性表达/genome.gtf > /share/org/YZWL/yzwl_lixg/project/06.longliuxing_BSA/64.候选区间基因的特异性表达/genome.exon
2025-10-14 08:57:13,956 - INFO - ✓ 提取外显子信息 | Extract exons 完成 | completed
2025-10-14 08:57:13,956 - INFO - 外显子信息提取完成 | Exons extraction completed: /share/org/YZWL/yzwl_lixg/project/06.longliuxing_BSA/64.候选区间基因的特异性表达/genome.exon
2025-10-14 08:57:13,956 - INFO - 使用剪接位点文件 | Using splice sites file: /share/org/YZWL/yzwl_lixg/project/06.longliuxing_BSA/64.候选区间基因的特异性表达/genome.ss
2025-10-14 08:57:13,956 - INFO - 使用外显子文件 | Using exons file: /share/org/YZWL/yzwl_lixg/project/06.longliuxing_BSA/64.候选区间基因的特异性表达/genome.exon
2025-10-14 08:57:13,956 - INFO - 构建HISAT2索引 | Building HISAT2 index with command: hisat2-build --ss /share/org/YZWL/yzwl_lixg/project/06.longliuxing_BSA/64.候选区间基因的特异性表达/genome.ss --exon /share/org/YZWL/yzwl_lixg/project/06.longliuxing_BSA/64.候选区间基因的特异性表达/genome.exon -p 88 /share/org/YZWL/yzwl_lixg/project/06.longliuxing_BSA/64.候选区间基因的特异性表达/genome.fa /share/org/YZWL/yzwl_lixg/project/06.longliuxing_BSA/64.候选区间基因的特异性表达/genome.hisat2.index
2025-10-14 08:57:13,959 - INFO - 运行 | Running: 构建HISAT2索引 | Building HISAT2 index
2025-10-14 08:57:13,959 - INFO - 命令 | Command: hisat2-build --ss /share/org/YZWL/yzwl_lixg/project/06.longliuxing_BSA/64.候选区间基因的特异性表达/genome.ss --exon /share/org/YZWL/yzwl_lixg/project/06.longliuxing_BSA/64.候选区间基因的特异性表达/genome.exon -p 88 /share/org/YZWL/yzwl_lixg/project/06.longliuxing_BSA/64.候选区间基因的特异性表达/genome.fa /share/org/YZWL/yzwl_lixg/project/06.longliuxing_BSA/64.候选区间基因的特异性表达/genome.hisat2.index
2025-10-14 08:58:49,092 - INFO - ✓ 构建HISAT2索引 | Building HISAT2 index 完成 | completed
2025-10-14 08:58:49,094 - INFO - HISAT2索引构建完成 | HISAT2 index building completed: /share/org/YZWL/yzwl_lixg/project/06.longliuxing_BSA/64.候选区间基因的特异性表达/genome.hisat2.index
2025-10-14 08:58:49,094 - INFO - 
============================================================
2025-10-14 08:58:49,094 - INFO - 步骤2: 解析输入样本 | Step 2: Parsing input samples
2025-10-14 08:58:49,094 - INFO - ============================================================
2025-10-14 08:58:49,094 - ERROR - 解析文件模式时出错 | Error parsing file pattern: 文件模式必须包含*作为样本名称占位符 | File pattern must contain * as sample name placeholder
2025-10-14 08:58:49,094 - ERROR - 错误：未找到有效的样本文件 | Error: No valid sample files found
