INFO: 作业开始于: 2025年 11月 13日 星期四 13:48:54 CST
INFO: 运行于计算节点: c01n0484
INFO: 正在设置精确的 Java 环境...
INFO: --- 开始自动化文件准备 ---
INFO: 输入目录结构检查完毕。
INFO: BWA 索引未找到, 正在构建...
INFO: BWA 索引构建完成。
INFO: 正在生成染色体大小文件...
INFO: 染色体大小文件已生成。
INFO: 正在生成酶切位点文件...
INFO: 将生成的酶切位点文件移动到目标位置...
INFO: 酶切位点文件已成功生成并移动到: /share/org/YZWL/yzwl_lixg/tmp/test_hic/restriction_sites/Est1_MboI.txt
INFO: --- 所有必需的输入文件准备工作完成 ---
INFO: --- 准备启动 Juicer ---
INFO: 正在清理旧的 'aligned' 和 'splits' 目录...
INFO: 清理完成。
INFO: 即将以 88 个线程运行 Juicer...
Using /share/org/YZWL/yzwl_lixg/tmp/test_hic/restriction_sites/Est1_MboI.txt as site file
Directory "/share/org/YZWL/yzwl_lixg/tmp/test_hic/fastq" does not exist.
Create "/share/org/YZWL/yzwl_lixg/tmp/test_hic/fastq" and put fastq files to be aligned there.
Type "juicer.sh -h" for help
