==================================================
Start Purge_dups Pipeline (Manual Cutoffs Mode)
Work Dir: /share/org/YZWL/yzwl_lixg/project/06.longliuxing_BSA/68.三代数据组装和注释/11.去冗余后重新挂载/02.去冗余
==================================================
[1/6] Mapping reads to assembly (Local Minimap2)...
[2/6] Calculating coverage statistics (Singularity)...
[3/6] Creating manual cutoffs file...
Manual cutoffs set to:
5	5	70	70	120	120
[4/6] Running self-alignment...
Splitting assembly...
Self-mapping with Minimap2...
[5/6] Identifying duplicates with MANUAL thresholds...
[6/6] Extracting purged sequences (Singularity)...
==================================================
Done!
--------------------------------------------------
请检查结果文件大小 (预期 OV53_manual.purged.fa 应在 1.4G 左右):
-rw-r--r-- 1 yzwl_lixg yzwl_lixg 425M 12月  2 14:43 /share/org/YZWL/yzwl_lixg/project/06.longliuxing_BSA/68.三代数据组装和注释/11.去冗余后重新挂载/02.去冗余/OV53_manual.purged.fa
-rw-r--r-- 1 yzwl_lixg yzwl_lixg 1020M 12月  2 14:43 /share/org/YZWL/yzwl_lixg/project/06.longliuxing_BSA/68.三代数据组装和注释/11.去冗余后重新挂载/02.去冗余/OV53_manual.hap.fa
--------------------------------------------------
如果大小正常，请使用此文件进行 ALLHiC:
/share/org/YZWL/yzwl_lixg/project/06.longliuxing_BSA/68.三代数据组装和注释/11.去冗余后重新挂载/02.去冗余/OV53_manual.purged.fa
==================================================
