[W::hts_idx_load3] [W::hts_idx_load3] The index file is older than the data file: ../../02.mapping/vcf/SRR12190941.g.vcf.gz.tbi[W::hts_idx_load3] The index file is older than the data file: ../../02.mapping/vcf/SRR12190941.g.vcf.gz.tbi[W::hts_idx_load3] The index file is older than the data file: ../../02.mapping/vcf/SRR12190941.g.vcf.gz.tbi
[W::hts_idx_load3] The index file is older than the data file: ../../02.mapping/vcf/SRR12190941.g.vcf.gz.tbi
[W::hts_idx_load3] The index file is older than the data file: ../../02.mapping/vcf/SRR12190941.g.vcf.gz.tbi
[W::hts_idx_load3] The index file is older than the data file: ../../02.mapping/vcf/SRR12190941.g.vcf.gz.tbi
[W::hts_idx_load3] The index file is older than the data file: ../../02.mapping/vcf/SRR12190941.g.vcf.gz.tbi
[W::hts_idx_load3] The index file is older than the data file: ../../02.mapping/vcf/SRR12190941.g.vcf.gz.tbi
[W::hts_idx_load3] The index file is older than the data file: ../../02.mapping/vcf/SRR12190941.g.vcf.gz.tbi
[W::hts_idx_load3] The index file is older than the data file: ../../02.mapping/vcf/SRR12190941.g.vcf.gz.tbi[W::hts_idx_load3] The index file is older than the data file: ../../02.mapping/vcf/SRR12190941.g.vcf.gz.tbi[W::hts_idx_load3] The index file is older than the data file: ../../02.mapping/vcf/SRR12190941.g.vcf.gz.tbi
[W::hts_idx_load3] The index file is older than the data file: ../../02.mapping/vcf/SRR12190941.g.vcf.gz.tbi
[W::hts_idx_load3] The index file is older than the data file: ../../02.mapping/vcf/SRR12190941.g.vcf.gz.tbi
[W::hts_idx_load3] The index file is older than the data file: ../../02.mapping/vcf/SRR12190941.g.vcf.gz.tbi[W::hts_idx_load3] The index file is older than the data file: ../../02.mapping/vcf/SRR12190941.g.vcf.gz.tbi
[W::hts_idx_load3] The index file is older than the data file: ../../02.mapping/vcf/SRR12190941.g.vcf.gz.tbi
[W::hts_idx_load3] The index file is older than the data file: ../../02.mapping/vcf/SRR12190941.g.vcf.gz.tbi
[W::hts_idx_load3] The index file is older than the data file: ../../02.mapping/vcf/SRR12190941.g.vcf.gz.tbi


[W::hts_idx_load3] The index file is older than the data file: ../../02.mapping/vcf/SRR12190941.g.vcf.gz.tbi
[W::hts_idx_load3] The index file is older than the data file: ../../02.mapping/vcf/SRR12190941.g.vcf.gz.tbi


[W::hts_idx_load3] The index file is older than the data file: ../../02.mapping/vcf/SRR12190941.g.vcf.gz.tbi
The index file is older than the data file: ../../02.mapping/vcf/SRR12190941.g.vcf.gz.tbi
[W::hts_idx_load3] The index file is older than the data file: ../../02.mapping/vcf/SRR12190941.g.vcf.gz.tbi
[W::hts_idx_load3] The index file is older than the data file: ../../02.mapping/vcf/SRR12190941.g.vcf.gz.tbi[W::hts_idx_load3] The index file is older than the data file: ../../02.mapping/vcf/SRR12190941.g.vcf.gz.tbi


[W::hts_idx_load3] The index file is older than the data file: ../../02.mapping/vcf/W209A.g.vcf.gz.tbi[W::hts_idx_load3] The index file is older than the data file: ../../02.mapping/vcf/W209A.g.vcf.gz.tbi
[W::hts_idx_load3] [W::hts_idx_load3] The index file is older than the data file: ../../02.mapping/vcf/W209A.g.vcf.gz.tbi[W::hts_idx_load3] [W::hts_idx_load3] The index file is older than the data file: ../../02.mapping/vcf/W209A.g.vcf.gz.tbi[W::hts_idx_load3] The index file is older than the data file: ../../02.mapping/vcf/W209A.g.vcf.gz.tbi
[W::hts_idx_load3] The index file is older than the data file: ../../02.mapping/vcf/W209A.g.vcf.gz.tbi
[W::hts_idx_load3] The index file is older than the data file: ../../02.mapping/vcf/W209A.g.vcf.gz.tbiThe index file is older than the data file: ../../02.mapping/vcf/W209A.g.vcf.gz.tbi
[W::hts_idx_load3] The index file is older than the data file: ../../02.mapping/vcf/W209A.g.vcf.gz.tbi[W::hts_idx_load3] The index file is older than the data file: ../../02.mapping/vcf/W209A.g.vcf.gz.tbi
[W::hts_idx_load3] The index file is older than the data file: ../../02.mapping/vcf/W209A.g.vcf.gz.tbi
[W::hts_idx_load3] The index file is older than the data file: ../../02.mapping/vcf/W209A.g.vcf.gz.tbi
[W::hts_idx_load3] The index file is older than the data file: ../../02.mapping/vcf/W209A.g.vcf.gz.tbi
[W::hts_idx_load3] The index file is older than the data file: ../../02.mapping/vcf/W209A.g.vcf.gz.tbi
The index file is older than the data file: ../../02.mapping/vcf/W209A.g.vcf.gz.tbi
[W::hts_idx_load3] The index file is older than the data file: ../../02.mapping/vcf/W209A.g.vcf.gz.tbi[W::hts_idx_load3] The index file is older than the data file: ../../02.mapping/vcf/W209A.g.vcf.gz.tbi


[W::hts_idx_load3] The index file is older than the data file: ../../02.mapping/vcf/W209A.g.vcf.gz.tbi
[W::hts_idx_load3] The index file is older than the data file: ../../02.mapping/vcf/W209A.g.vcf.gz.tbi
[W::hts_idx_load3] The index file is older than the data file: ../../02.mapping/vcf/W209A.g.vcf.gz.tbi
[W::hts_idx_load3] The index file is older than the data file: ../../02.mapping/vcf/W209A.g.vcf.gz.tbi
[W::hts_idx_load3] The index file is older than the data file: ../../02.mapping/vcf/W209A.g.vcf.gz.tbi
[W::hts_idx_load3] The index file is older than the data file: ../../02.mapping/vcf/W209A.g.vcf.gz.tbi
[W::hts_idx_load3] The index file is older than the data file: ../../02.mapping/vcf/W209A.g.vcf.gz.tbi
[W::hts_idx_load3] The index file is older than the data file: ../../02.mapping/vcf/W209A.g.vcf.gz.tbi
[W::hts_idx_load3] The index file is older than the data file: ../../02.mapping/vcf/W209A.g.vcf.gz.tbi




[W::hts_idx_load3] The index file is older than the data file: ../../02.mapping/vcf/W211A.g.vcf.gz.tbi[W::hts_idx_load3] The index file is older than the data file: ../../02.mapping/vcf/W211A.g.vcf.gz.tbi
[W::hts_idx_load3] [W::hts_idx_load3] The index file is older than the data file: ../../02.mapping/vcf/W211A.g.vcf.gz.tbi[W::hts_idx_load3] [W::hts_idx_load3] [W::hts_idx_load3] The index file is older than the data file: ../../02.mapping/vcf/W211A.g.vcf.gz.tbi
The index file is older than the data file: ../../02.mapping/vcf/W211A.g.vcf.gz.tbi
[W::hts_idx_load3] The index file is older than the data file: ../../02.mapping/vcf/W211A.g.vcf.gz.tbi
[W::hts_idx_load3] The index file is older than the data file: ../../02.mapping/vcf/W211A.g.vcf.gz.tbi[W::hts_idx_load3] The index file is older than the data file: ../../02.mapping/vcf/W211A.g.vcf.gz.tbi
[W::hts_idx_load3] The index file is older than the data file: ../../02.mapping/vcf/W211A.g.vcf.gz.tbi
[W::hts_idx_load3] The index file is older than the data file: ../../02.mapping/vcf/W211A.g.vcf.gz.tbi

[W::hts_idx_load3] The index file is older than the data file: ../../02.mapping/vcf/W211A.g.vcf.gz.tbi
The index file is older than the data file: ../../02.mapping/vcf/W211A.g.vcf.gz.tbi
[W::hts_idx_load3] The index file is older than the data file: ../../02.mapping/vcf/W211A.g.vcf.gz.tbi
[W::hts_idx_load3] The index file is older than the data file: ../../02.mapping/vcf/W211A.g.vcf.gz.tbi[W::hts_idx_load3] The index file is older than the data file: ../../02.mapping/vcf/W211A.g.vcf.gz.tbi[W::hts_idx_load3] The index file is older than the data file: ../../02.mapping/vcf/W211A.g.vcf.gz.tbi
The index file is older than the data file: ../../02.mapping/vcf/W211A.g.vcf.gz.tbi
[W::hts_idx_load3] The index file is older than the data file: ../../02.mapping/vcf/W211A.g.vcf.gz.tbi
[W::hts_idx_load3] The index file is older than the data file: ../../02.mapping/vcf/W211A.g.vcf.gz.tbi[W::hts_idx_load3] The index file is older than the data file: ../../02.mapping/vcf/W211A.g.vcf.gz.tbi[W::hts_idx_load3] The index file is older than the data file: ../../02.mapping/vcf/W211A.g.vcf.gz.tbi[W::hts_idx_load3] The index file is older than the data file: ../../02.mapping/vcf/W211A.g.vcf.gz.tbi
[W::hts_idx_load3] The index file is older than the data file: ../../02.mapping/vcf/W211A.g.vcf.gz.tbi

[W::hts_idx_load3] The index file is older than the data file: ../../02.mapping/vcf/W211A.g.vcf.gz.tbi




[W::hts_idx_load3] The index file is older than the data file: ../../02.mapping/vcf/W211A.g.vcf.gz.tbi

[W::hts_idx_load3] The index file is older than the data file: ../../02.mapping/vcf/W211A.g.vcf.gz.tbi

[W::hts_idx_load3] [W::hts_idx_load3] The index file is older than the data file: ../../02.mapping/vcf/W398A.g.vcf.gz.tbi
[W::hts_idx_load3] The index file is older than the data file: ../../02.mapping/vcf/W398A.g.vcf.gz.tbi
[W::hts_idx_load3] [W::hts_idx_load3] [W::hts_idx_load3] The index file is older than the data file: ../../02.mapping/vcf/W398A.g.vcf.gz.tbi[W::hts_idx_load3] The index file is older than the data file: ../../02.mapping/vcf/W398A.g.vcf.gz.tbi
[W::hts_idx_load3] The index file is older than the data file: ../../02.mapping/vcf/W398A.g.vcf.gz.tbi
[W::hts_idx_load3] The index file is older than the data file: ../../02.mapping/vcf/W398A.g.vcf.gz.tbi
[W::hts_idx_load3] The index file is older than the data file: ../../02.mapping/vcf/W398A.g.vcf.gz.tbi
[W::hts_idx_load3] The index file is older than the data file: ../../02.mapping/vcf/W398A.g.vcf.gz.tbi
[W::hts_idx_load3] The index file is older than the data file: ../../02.mapping/vcf/W398A.g.vcf.gz.tbi
[W::hts_idx_load3] The index file is older than the data file: ../../02.mapping/vcf/W398A.g.vcf.gz.tbi
[W::hts_idx_load3] The index file is older than the data file: ../../02.mapping/vcf/W398A.g.vcf.gz.tbi
[W::hts_idx_load3] The index file is older than the data file: ../../02.mapping/vcf/W398A.g.vcf.gz.tbi
[W::hts_idx_load3] The index file is older than the data file: ../../02.mapping/vcf/W398A.g.vcf.gz.tbi
[W::hts_idx_load3] The index file is older than the data file: ../../02.mapping/vcf/W398A.g.vcf.gz.tbi
[W::hts_idx_load3] [W::hts_idx_load3] The index file is older than the data file: ../../02.mapping/vcf/W398A.g.vcf.gz.tbi[W::hts_idx_load3] The index file is older than the data file: ../../02.mapping/vcf/W398A.g.vcf.gz.tbi
The index file is older than the data file: ../../02.mapping/vcf/W398A.g.vcf.gz.tbi
The index file is older than the data file: ../../02.mapping/vcf/W398A.g.vcf.gz.tbi
[W::hts_idx_load3] The index file is older than the data file: ../../02.mapping/vcf/W398A.g.vcf.gz.tbi
[W::hts_idx_load3] The index file is older than the data file: ../../02.mapping/vcf/W398A.g.vcf.gz.tbi

[W::hts_idx_load3] The index file is older than the data file: ../../02.mapping/vcf/W398A.g.vcf.gz.tbi
[W::hts_idx_load3] The index file is older than the data file: ../../02.mapping/vcf/W398A.g.vcf.gz.tbi
[W::hts_idx_load3] The index file is older than the data file: ../../02.mapping/vcf/W398A.g.vcf.gz.tbi
The index file is older than the data file: ../../02.mapping/vcf/W398A.g.vcf.gz.tbi
The index file is older than the data file: ../../02.mapping/vcf/W398A.g.vcf.gz.tbi
[W::hts_idx_load3] The index file is older than the data file: ../../02.mapping/vcf/W398A.g.vcf.gz.tbi

00:07:10.658 info  NativeGenomicsDB - pid=2732367 tid=2733549 No valid combination operation found for INFO field InbreedingCoeff  - the field will NOT be part of INFO fields in the generated VCF records
00:07:10.658 info  NativeGenomicsDB - pid=2732367 tid=2733519 No valid combination operation found for INFO field MLEAF  - the field will NOT be part of INFO fields in the generated VCF records
00:07:10.658 info  NativeGenomicsDB - pid=2732367 tid=2733492 No valid combination operation found for INFO field MLEAC  - the field will NOT be part of INFO fields in the generated VCF records
Chromosome Chr20 position 38000333 (TileDB column 1010660495) has too many alleles in the combined VCF record : 60 : current limit : 50. Fields, such as  PL, with length equal to the number of genotypes will NOT be added for this location.
Chromosome Chr20 position 12010255 (TileDB column 984670417) has too many alleles in the combined VCF record : 76 : current limit : 50. Fields, such as  PL, with length equal to the number of genotypes will NOT be added for this location.
Chromosome Chr20 position 48011396 (TileDB column 1020671558) has too many alleles in the combined VCF record : 64 : current limit : 50. Fields, such as  PL, with length equal to the number of genotypes will NOT be added for this location.
Chromosome Chr20 position 4036716 (TileDB column 976696878) has too many alleles in the combined VCF record : 67 : current limit : 50. Fields, such as  PL, with length equal to the number of genotypes will NOT be added for this location.
Chromosome Chr20 position 40025906 (TileDB column 1012686068) has too many alleles in the combined VCF record : 103 : current limit : 50. Fields, such as  PL, with length equal to the number of genotypes will NOT be added for this location.
Chromosome Chr20 position 4048589 (TileDB column 976708751) has too many alleles in the combined VCF record : 53 : current limit : 50. Fields, such as  PL, with length equal to the number of genotypes will NOT be added for this location.
Chromosome Chr20 position 22063732 (TileDB column 994723894) has too many alleles in the combined VCF record : 81 : current limit : 50. Fields, such as  PL, with length equal to the number of genotypes will NOT be added for this location.
Chromosome Chr20 position 2064773 (TileDB column 974724935) has too many alleles in the combined VCF record : 52 : current limit : 50. Fields, such as  PL, with length equal to the number of genotypes will NOT be added for this location.
Chromosome Chr20 position 44065604 (TileDB column 1016725766) has too many alleles in the combined VCF record : 79 : current limit : 50. Fields, such as  PL, with length equal to the number of genotypes will NOT be added for this location.
Chromosome Chr20 position 46057982 (TileDB column 1018718144) has too many alleles in the combined VCF record : 63 : current limit : 50. Fields, such as  PL, with length equal to the number of genotypes will NOT be added for this location.
Chromosome Chr20 position 36064699 (TileDB column 1008724861) has too many alleles in the combined VCF record : 52 : current limit : 50. Fields, such as  PL, with length equal to the number of genotypes will NOT be added for this location.
Chromosome Chr20 position 48068105 (TileDB column 1020728267) has too many alleles in the combined VCF record : 70 : current limit : 50. Fields, such as  PL, with length equal to the number of genotypes will NOT be added for this location.
Chromosome Chr20 position 12083852 (TileDB column 984744014) has too many alleles in the combined VCF record : 89 : current limit : 50. Fields, such as  PL, with length equal to the number of genotypes will NOT be added for this location.
Chromosome Chr20 position 42065866 (TileDB column 1014726028) has too many alleles in the combined VCF record : 64 : current limit : 50. Fields, such as  PL, with length equal to the number of genotypes will NOT be added for this location.
Chromosome Chr20 position 42065869 (TileDB column 1014726031) has too many alleles in the combined VCF record : 176 : current limit : 50. Fields, such as  PL, with length equal to the number of genotypes will NOT be added for this location.
Chromosome Chr20 position 42066353 (TileDB column 1014726515) has too many alleles in the combined VCF record : 85 : current limit : 50. Fields, such as  PL, with length equal to the number of genotypes will NOT be added for this location.
Chromosome Chr20 position 38070472 (TileDB column 1010730634) has too many alleles in the combined VCF record : 56 : current limit : 50. Fields, such as  PL, with length equal to the number of genotypes will NOT be added for this location.
Chromosome Chr20 position 34083698 (TileDB column 1006743860) has too many alleles in the combined VCF record : 55 : current limit : 50. Fields, such as  PL, with length equal to the number of genotypes will NOT be added for this location.
Chromosome Chr20 position 2097469 (TileDB column 974757631) has too many alleles in the combined VCF record : 85 : current limit : 50. Fields, such as  PL, with length equal to the number of genotypes will NOT be added for this location.
Chromosome Chr20 position 36097864 (TileDB column 1008758026) has too many alleles in the combined VCF record : 155 : current limit : 50. Fields, such as  PL, with length equal to the number of genotypes will NOT be added for this location.
Chromosome Chr20 position 44104760 (TileDB column 1016764922) has too many alleles in the combined VCF record : 65 : current limit : 50. Fields, such as  PL, with length equal to the number of genotypes will NOT be added for this location.
Chromosome Chr20 position 8121317 (TileDB column 980781479) has too many alleles in the combined VCF record : 105 : current limit : 50. Fields, such as  PL, with length equal to the number of genotypes will NOT be added for this location.
Job 68329883 stderr output:

