找到 50 个BAM文件
[1/50] 正在处理: 100.sorted
  计算覆盖度...
  平均覆盖度: 0x
  完成!

[2/50] 正在处理: 103.sorted
  计算覆盖度...
  平均覆盖度: 0x
  完成!

[3/50] 正在处理: 105.sorted
  计算覆盖度...
  平均覆盖度: 0x
  完成!

[4/50] 正在处理: 106.sorted
  计算覆盖度...
  平均覆盖度: 0x
  完成!

[5/50] 正在处理: 10.sorted
  计算覆盖度...
  平均覆盖度: 0x
  完成!

[6/50] 正在处理: 113.sorted
  计算覆盖度...
  平均覆盖度: 0x
  完成!

[7/50] 正在处理: 117.sorted
  计算覆盖度...
  平均覆盖度: 0x
  完成!

[8/50] 正在处理: 12.sorted
  计算覆盖度...
  平均覆盖度: 0x
  完成!

[9/50] 正在处理: 140.sorted
  计算覆盖度...
  平均覆盖度: 0x
  完成!

[10/50] 正在处理: 148.sorted
  计算覆盖度...
  平均覆盖度: 0x
  完成!

[11/50] 正在处理: 150.sorted
  计算覆盖度...
  平均覆盖度: 0x
  完成!

[12/50] 正在处理: 16.sorted
  计算覆盖度...
  平均覆盖度: 0x
  完成!

[13/50] 正在处理: 23.sorted
  计算覆盖度...
  平均覆盖度: 0x
  完成!

[14/50] 正在处理: 26.sorted
  计算覆盖度...
  平均覆盖度: 0x
  完成!

[15/50] 正在处理: 28.sorted
  计算覆盖度...
  平均覆盖度: 0x
  完成!

[16/50] 正在处理: 2.sorted
  计算覆盖度...
  平均覆盖度: 0x
  完成!

[17/50] 正在处理: 40.sorted
  计算覆盖度...
  平均覆盖度: 0x
  完成!

[18/50] 正在处理: 41.sorted
  计算覆盖度...
  平均覆盖度: 0x
  完成!

[19/50] 正在处理: 42.sorted
  计算覆盖度...
  平均覆盖度: 0x
  完成!

[20/50] 正在处理: 43.sorted
  计算覆盖度...
  平均覆盖度: 0x
  完成!

[21/50] 正在处理: 44.sorted
  计算覆盖度...
  平均覆盖度: 0x
  完成!

[22/50] 正在处理: 45.sorted
  计算覆盖度...
  平均覆盖度: 0x
  完成!

[23/50] 正在处理: 46.sorted
  计算覆盖度...
  平均覆盖度: 0x
  完成!

[24/50] 正在处理: 47.sorted
  计算覆盖度...
  平均覆盖度: 0x
  完成!

[25/50] 正在处理: 48.sorted
  计算覆盖度...
  平均覆盖度: 0x
  完成!

[26/50] 正在处理: 49.sorted
  计算覆盖度...
  平均覆盖度: 0x
  完成!

[27/50] 正在处理: 50.sorted
  计算覆盖度...
  平均覆盖度: 0x
  完成!

[28/50] 正在处理: 51.sorted
  计算覆盖度...
  平均覆盖度: 0x
  完成!

[29/50] 正在处理: 52.sorted
  计算覆盖度...
  平均覆盖度: 0x
  完成!

[30/50] 正在处理: 53.sorted
  计算覆盖度...
  平均覆盖度: 0x
  完成!

[31/50] 正在处理: 54.sorted
  计算覆盖度...
  平均覆盖度: 0x
  完成!

[32/50] 正在处理: 55.sorted
  计算覆盖度...
  平均覆盖度: 0x
  完成!

[33/50] 正在处理: 56.sorted
  计算覆盖度...
  平均覆盖度: 0x
  完成!

[34/50] 正在处理: 57.sorted
  计算覆盖度...
  平均覆盖度: 0x
  完成!

[35/50] 正在处理: 58.sorted
  计算覆盖度...
  平均覆盖度: 0x
  完成!

[36/50] 正在处理: 59.sorted
  计算覆盖度...
  平均覆盖度: 0x
  完成!

[37/50] 正在处理: 60.sorted
  计算覆盖度...
  平均覆盖度: 0x
  完成!

[38/50] 正在处理: 69.sorted
  计算覆盖度...
  平均覆盖度: 0x
  完成!

[39/50] 正在处理: 74.sorted
  计算覆盖度...
  平均覆盖度: 0x
  完成!

[40/50] 正在处理: 75.sorted
  计算覆盖度...
  平均覆盖度: 0x
  完成!

[41/50] 正在处理: 77.sorted
  计算覆盖度...
  平均覆盖度: 0x
  完成!

[42/50] 正在处理: 78.sorted
  计算覆盖度...
  平均覆盖度: 0x
  完成!

[43/50] 正在处理: 79.sorted
  计算覆盖度...
  平均覆盖度: 0x
  完成!

[44/50] 正在处理: 7.sorted
  计算覆盖度...
  平均覆盖度: 0x
  完成!

[45/50] 正在处理: 85.sorted
  计算覆盖度...
  平均覆盖度: 0x
  完成!

[46/50] 正在处理: 88.sorted
  计算覆盖度...
  平均覆盖度: 0x
  完成!

[47/50] 正在处理: 89.sorted
  计算覆盖度...
  平均覆盖度: 0x
  完成!

[48/50] 正在处理: 90.sorted
  计算覆盖度...
  平均覆盖度: 0x
  完成!

[49/50] 正在处理: 94.sorted
  计算覆盖度...
  平均覆盖度: 0x
  完成!

[50/50] 正在处理: 95.sorted
  计算覆盖度...
  平均覆盖度: 0x
  完成!

所有文件处理完成!
详细结果保存在: /share/org/YZWL/yzwl_lixg/project/16.荠菜/02.each/coverage
汇总结果保存在: /share/org/YZWL/yzwl_lixg/project/16.荠菜/02.each/coverage/coverage_summary.txt

========== 覆盖度汇总 ==========
Sample      Average_Coverage  Covered_Bases  Total_Bases  Coverage_Rate
100.sorted  0                 0              0            0
103.sorted  0                 0              0            0
105.sorted  0                 0              0            0
106.sorted  0                 0              0            0
10.sorted   0                 0              0            0
113.sorted  0                 0              0            0
117.sorted  0                 0              0            0
12.sorted   0                 0              0            0
140.sorted  0                 0              0            0
148.sorted  0                 0              0            0
150.sorted  0                 0              0            0
16.sorted   0                 0              0            0
23.sorted   0                 0              0            0
26.sorted   0                 0              0            0
28.sorted   0                 0              0            0
2.sorted    0                 0              0            0
40.sorted   0                 0              0            0
41.sorted   0                 0              0            0
42.sorted   0                 0              0            0
43.sorted   0                 0              0            0
44.sorted   0                 0              0            0
45.sorted   0                 0              0            0
46.sorted   0                 0              0            0
47.sorted   0                 0              0            0
48.sorted   0                 0              0            0
49.sorted   0                 0              0            0
50.sorted   0                 0              0            0
51.sorted   0                 0              0            0
52.sorted   0                 0              0            0
53.sorted   0                 0              0            0
54.sorted   0                 0              0            0
55.sorted   0                 0              0            0
56.sorted   0                 0              0            0
57.sorted   0                 0              0            0
58.sorted   0                 0              0            0
59.sorted   0                 0              0            0
60.sorted   0                 0              0            0
69.sorted   0                 0              0            0
74.sorted   0                 0              0            0
75.sorted   0                 0              0            0
77.sorted   0                 0              0            0
78.sorted   0                 0              0            0
79.sorted   0                 0              0            0
7.sorted    0                 0              0            0
85.sorted   0                 0              0            0
88.sorted   0                 0              0            0
89.sorted   0                 0              0            0
90.sorted   0                 0              0            0
94.sorted   0                 0              0            0
95.sorted   0                 0              0            0
