INFO: 作业开始于: 2025年 11月 09日 星期日 20:25:53 CST
INFO: 运行于计算节点: c01n0480
INFO: 正在设置精确的 Java 环境...
INFO: --- 开始自动化文件准备 ---
INFO: 输入目录结构检查完毕。
INFO: BWA 索引已存在。
INFO: 染色体大小文件已存在。
INFO: 正在生成酶切位点文件...
INFO: 将生成的酶切位点文件移动到目标位置...
INFO: 酶切位点文件已成功生成并移动到: /share/org/YZWL/yzwl_lixg/project/22.Est1_hic/02.test/juicer/restriction_sites/Est1_MboI.txt
INFO: --- 所有必需的输入文件准备工作完成 ---
INFO: --- 准备启动 Juicer ---
INFO: 正在清理旧的 'aligned' 和 'splits' 目录...
INFO: 清理完成。
INFO: 即将以 88 个线程运行 Juicer...
Using /share/org/YZWL/yzwl_lixg/project/22.Est1_hic/02.test/juicer/restriction_sites/Est1_MboI.txt as site file
(-: Looking for fastq files...fastq files exist
(-: Created /share/org/YZWL/yzwl_lixg/project/22.Est1_hic/02.test/juicer/splits.
(-: Aligning files matching /share/org/YZWL/yzwl_lixg/project/22.Est1_hic/02.test/juicer/fastq/*_R*.fastq*
 to genome /share/org/YZWL/yzwl_lixg/project/22.Est1_hic/02.test/juicer/genome.fa with no fragment delimited maps.
Running command bwa mem -SP5M -t 88 -R @RG\tID:Est1\tSM:HiC_sample\tPL:ILM\tLB:HiC_library /share/org/YZWL/yzwl_lixg/project/22.Est1_hic/02.test/juicer/genome.fa /share/org/YZWL/yzwl_lixg/project/22.Est1_hic/02.test/juicer/splits/Est1_R1.fastq.gz /share/org/YZWL/yzwl_lixg/project/22.Est1_hic/02.test/juicer/splits/Est1_R2.fastq.gz > /share/org/YZWL/yzwl_lixg/project/22.Est1_hic/02.test/juicer/splits/Est1.fastq.gz.sam
(-:  Align of /share/org/YZWL/yzwl_lixg/project/22.Est1_hic/02.test/juicer/splits/Est1.fastq.gz.sam done successfully
(-: Finished sorting all sorted files into a single merge.
(-:  Mark duplicates done successfully
WARNING: sun.reflect.Reflection.getCallerClass is not supported. This will impact performance.
WARNING: sun.reflect.Reflection.getCallerClass is not supported. This will impact performance.
WARNING: sun.reflect.Reflection.getCallerClass is not supported. This will impact performance.
Using 1 CPU thread(s)
Not including fragment map
Start preprocess
Writing header
Writing body
.....................................
Writing footer

Finished preprocess
Done creating .hic file. Normalization not calculated due to -n flag.
To run normalization, run: juicebox addNorm <hicfile>
WARNING: sun.reflect.Reflection.getCallerClass is not supported. This will impact performance.
Using 1 CPU thread(s)

Calculating norms for zoom BP_2500000
Calculating norms for zoom BP_1000000
Calculating norms for zoom BP_500000
Calculating norms for zoom BP_250000
Calculating norms for zoom BP_100000
Calculating norms for zoom BP_50000
Calculating norms for zoom BP_25000
Calculating norms for zoom BP_10000
Calculating norms for zoom BP_5000
Calculating norms for zoom BP_2000
Calculating norms for zoom BP_1000
Calculating norms for zoom BP_500
Calculating norms for zoom BP_200
Calculating norms for zoom BP_100
Finished writing norms
Sun Nov  9 20:39:26 CST 2025
WARNING: sun.reflect.Reflection.getCallerClass is not supported. This will impact performance.
Using 1 CPU thread(s)
Not including fragment map
Start preprocess
Writing header
Writing body
.....................................
Writing footer

Finished preprocess
Done creating .hic file. Normalization not calculated due to -n flag.
To run normalization, run: juicebox addNorm <hicfile>
WARNING: sun.reflect.Reflection.getCallerClass is not supported. This will impact performance.
Using 1 CPU thread(s)

Calculating norms for zoom BP_2500000
Calculating norms for zoom BP_1000000
Calculating norms for zoom BP_500000
Calculating norms for zoom BP_250000
Calculating norms for zoom BP_100000
Calculating norms for zoom BP_50000
Calculating norms for zoom BP_25000
Calculating norms for zoom BP_10000
Calculating norms for zoom BP_5000
Calculating norms for zoom BP_2000
Calculating norms for zoom BP_1000
Calculating norms for zoom BP_500
Calculating norms for zoom BP_200
Calculating norms for zoom BP_100
Finished writing norms
/share/org/YZWL/yzwl_lixg/software/juicer/scripts/common/juicer_tools is post-processing Hi-C for Est1
Data read from /share/org/YZWL/yzwl_lixg/project/22.Est1_hic/02.test/juicer/aligned/inter_30.hic.
Motifs read from /share/org/YZWL/yzwl_lixg/software/juicer/references/motif

ARROWHEAD:

WARNING: sun.reflect.Reflection.getCallerClass is not supported. This will impact performance.
Reading file: /share/org/YZWL/yzwl_lixg/project/22.Est1_hic/02.test/juicer/aligned/inter_30.hic
Using 1 CPU thread(s)

HiCCUPS:

GPUs are not installed so HiCCUPs cannot be run

(-: Postprocessing successfully completed, maps too sparse to annotate or GPUs unavailable (-:
(-: Pipeline successfully completed (-:
Run cleanup.sh to remove the splits directory
Check /share/org/YZWL/yzwl_lixg/project/22.Est1_hic/02.test/juicer/aligned for results
INFO: Juicer 流程执行完毕。
INFO: --- 开始生成质量评估报告 ---
INFO: --- 质量评估报告生成完毕 ---
INFO: 报告文件路径: /share/org/YZWL/yzwl_lixg/project/22.Est1_hic/02.test/juicer/aligned/QC_SUMMARY_REPORT.md
INFO: 您可以查看此文件以获取详细的评估结果。

INFO: 作业结束于: 2025年 11月 09日 星期日 20:42:50 CST
