🚀 作业开始: glnexus_2
⏰ 开始时间: 2025-12-08 20:24:31
📍 执行命令: ~/software/scripts/49.运行Glnexus批量合并gVCF文件.sh -r ../../01.data/genome/genome.fa -i ../vcf -o ./ -c Chr02 --keep
==========================================
[0;34m[INFO][0m 2025-12-08 20:24:31 - 验证输入参数...
[0;34m[INFO][0m 2025-12-08 20:24:31 - 运行模式: 仅处理指定染色体 (Chr02)
[0;34m[INFO][0m 2025-12-08 20:24:31 - 检查运行环境...
[0;32m[SUCCESS][0m 2025-12-08 20:24:31 - bcftools 已找到: /share/org/YZWL/yzwl_lixg/.local/bin/bcftools
[0;32m[SUCCESS][0m 2025-12-08 20:24:31 - glnexus_cli 已找到: /share/org/YZWL/yzwl_lixg/.local/bin/glnexus_cli
[0;32m[SUCCESS][0m 2025-12-08 20:24:31 - samtools 已找到: /share/org/YZWL/yzwl_lixg/.local/bin/samtools
[0;32m[SUCCESS][0m 2025-12-08 20:24:31 - 找到 2162 个 gVCF 文件
[0;34m[INFO][0m 2025-12-08 20:24:31 - 准备工作目录...
[0;34m[INFO][0m 2025-12-08 20:24:31 - 日志文件: .//logs/glnexus_20251208_202431.log
[0;32m[SUCCESS][0m 2025-12-08 20:24:31 - 参考基因组索引已存在
[0;34m[INFO][0m 2025-12-08 20:24:31 - ==========================================
[0;34m[INFO][0m 2025-12-08 20:24:31 -  开始 GLnexus 联合变异检测
[0;34m[INFO][0m 2025-12-08 20:24:31 - ==========================================
[0;34m[INFO][0m 2025-12-08 20:24:31 - 将处理 1 条指定染色体
[0;34m[INFO][0m 2025-12-08 20:24:31 - ========== 处理染色体: Chr02 (长度: 55614837 bp) ==========
[0;34m[INFO][0m 2025-12-08 20:24:31 - 启动 GLnexus (线程: 63, 配置: gatk)...
