[bwa_index] Pack FASTA... 6.09 sec
[bwa_index] Construct BWT for the packed sequence...
[BWTIncCreate] textLength=3028876484, availableWord=225122508
[BWTIncConstructFromPacked] 10 iterations done. 99999988 characters processed.
[BWTIncConstructFromPacked] 20 iterations done. 199999988 characters processed.
[BWTIncConstructFromPacked] 30 iterations done. 299999988 characters processed.
[BWTIncConstructFromPacked] 40 iterations done. 399999988 characters processed.
[BWTIncConstructFromPacked] 50 iterations done. 499999988 characters processed.
[BWTIncConstructFromPacked] 60 iterations done. 599999988 characters processed.
[BWTIncConstructFromPacked] 70 iterations done. 699999988 characters processed.
[BWTIncConstructFromPacked] 80 iterations done. 799999988 characters processed.
[BWTIncConstructFromPacked] 90 iterations done. 899999988 characters processed.
[BWTIncConstructFromPacked] 100 iterations done. 999999988 characters processed.
[BWTIncConstructFromPacked] 110 iterations done. 1099999988 characters processed.
[BWTIncConstructFromPacked] 120 iterations done. 1199999988 characters processed.
[BWTIncConstructFromPacked] 130 iterations done. 1299999988 characters processed.
[BWTIncConstructFromPacked] 140 iterations done. 1399999988 characters processed.
[BWTIncConstructFromPacked] 150 iterations done. 1499999988 characters processed.
[BWTIncConstructFromPacked] 160 iterations done. 1599999988 characters processed.
[BWTIncConstructFromPacked] 170 iterations done. 1699999988 characters processed.
[BWTIncConstructFromPacked] 180 iterations done. 1799999988 characters processed.
[BWTIncConstructFromPacked] 190 iterations done. 1899999988 characters processed.
[BWTIncConstructFromPacked] 200 iterations done. 1999999988 characters processed.
[BWTIncConstructFromPacked] 210 iterations done. 2099999988 characters processed.
[BWTIncConstructFromPacked] 220 iterations done. 2199999988 characters processed.
[BWTIncConstructFromPacked] 230 iterations done. 2299999988 characters processed.
[BWTIncConstructFromPacked] 240 iterations done. 2398701460 characters processed.
[BWTIncConstructFromPacked] 250 iterations done. 2487898420 characters processed.
[BWTIncConstructFromPacked] 260 iterations done. 2567172884 characters processed.
[BWTIncConstructFromPacked] 270 iterations done. 2637628212 characters processed.
[BWTIncConstructFromPacked] 280 iterations done. 2700245076 characters processed.
[BWTIncConstructFromPacked] 290 iterations done. 2755895108 characters processed.
[BWTIncConstructFromPacked] 300 iterations done. 2805352996 characters processed.
[BWTIncConstructFromPacked] 310 iterations done. 2849307252 characters processed.
[BWTIncConstructFromPacked] 320 iterations done. 2888369860 characters processed.
[BWTIncConstructFromPacked] 330 iterations done. 2923084772 characters processed.
[BWTIncConstructFromPacked] 340 iterations done. 2953935460 characters processed.
[BWTIncConstructFromPacked] 350 iterations done. 2981351588 characters processed.
[BWTIncConstructFromPacked] 360 iterations done. 3005715092 characters processed.
[BWTIncConstructFromPacked] 370 iterations done. 3027365412 characters processed.
[bwt_gen] Finished constructing BWT in 371 iterations.
[bwa_index] 849.48 seconds elapse.
[bwa_index] Update BWT... 5.73 sec
[bwa_index] Pack forward-only FASTA... 3.61 sec
[bwa_index] Construct SA from BWT and Occ... 369.12 sec
[main] Version: 0.7.19-r1273
[main] CMD: bwa index /share/org/YZWL/yzwl_lixg/project/06.longliuxing_BSA/68.三代数据组装和注释/21.ALLHiC_hap/primary/OV53_1.primary.fa
[main] Real time: 1236.510 sec; CPU: 1234.024 sec
<restriction enzyme> must be one of ['Sau3AI', 'DpnII', 'HindIII', 'Arima', 'MboI']
Usage: /share/org/YZWL/yzwl_lixg/software/juicer/misc/generate_site_positions.py <restriction enzyme> <genome> [location]
Job 68403320 stderr output:

