/share/org/YZWL/yzwl_lixg/software/scripts/52.运行ALLHiC并生成手动校正文件.sh: 第 1405 行:local: 只能在函数中使用
/share/org/YZWL/yzwl_lixg/software/scripts/52.运行ALLHiC并生成手动校正文件.sh: 第 1409 行:local: 只能在函数中使用
/share/org/YZWL/yzwl_lixg/software/scripts/52.运行ALLHiC并生成手动校正文件.sh: 第 1409 行:local: 只能在函数中使用
/share/org/YZWL/yzwl_lixg/software/scripts/52.运行ALLHiC并生成手动校正文件.sh: 第 1409 行:local: 只能在函数中使用
/share/org/YZWL/yzwl_lixg/software/scripts/52.运行ALLHiC并生成手动校正文件.sh: 第 1419 行:local: 只能在函数中使用
/share/org/YZWL/yzwl_lixg/software/scripts/52.运行ALLHiC并生成手动校正文件.sh: 第 1420 行:local: 只能在函数中使用
/share/org/YZWL/yzwl_lixg/software/scripts/52.运行ALLHiC并生成手动校正文件.sh: 第 1424 行:local: 只能在函数中使用
/share/org/YZWL/yzwl_lixg/software/scripts/52.运行ALLHiC并生成手动校正文件.sh: 第 1425 行:local: 只能在函数中使用
/share/org/YZWL/yzwl_lixg/software/scripts/52.运行ALLHiC并生成手动校正文件.sh: 第 1426 行:local: 只能在函数中使用
/share/org/YZWL/yzwl_lixg/software/scripts/52.运行ALLHiC并生成手动校正文件.sh: 第 1427 行:local: 只能在函数中使用
/share/org/YZWL/yzwl_lixg/software/scripts/52.运行ALLHiC并生成手动校正文件.sh: 第 1424 行:local: 只能在函数中使用
/share/org/YZWL/yzwl_lixg/software/scripts/52.运行ALLHiC并生成手动校正文件.sh: 第 1425 行:local: 只能在函数中使用
/share/org/YZWL/yzwl_lixg/software/scripts/52.运行ALLHiC并生成手动校正文件.sh: 第 1426 行:local: 只能在函数中使用
/share/org/YZWL/yzwl_lixg/software/scripts/52.运行ALLHiC并生成手动校正文件.sh: 第 1427 行:local: 只能在函数中使用
/share/org/YZWL/yzwl_lixg/software/scripts/52.运行ALLHiC并生成手动校正文件.sh: 第 1424 行:local: 只能在函数中使用
/share/org/YZWL/yzwl_lixg/software/scripts/52.运行ALLHiC并生成手动校正文件.sh: 第 1425 行:local: 只能在函数中使用
/share/org/YZWL/yzwl_lixg/software/scripts/52.运行ALLHiC并生成手动校正文件.sh: 第 1426 行:local: 只能在函数中使用
/share/org/YZWL/yzwl_lixg/software/scripts/52.运行ALLHiC并生成手动校正文件.sh: 第 1427 行:local: 只能在函数中使用
/share/org/YZWL/yzwl_lixg/software/scripts/52.运行ALLHiC并生成手动校正文件.sh: 第 1424 行:local: 只能在函数中使用
/share/org/YZWL/yzwl_lixg/software/scripts/52.运行ALLHiC并生成手动校正文件.sh: 第 1425 行:local: 只能在函数中使用
/share/org/YZWL/yzwl_lixg/software/scripts/52.运行ALLHiC并生成手动校正文件.sh: 第 1426 行:local: 只能在函数中使用
/share/org/YZWL/yzwl_lixg/software/scripts/52.运行ALLHiC并生成手动校正文件.sh: 第 1427 行:local: 只能在函数中使用
/share/org/YZWL/yzwl_lixg/software/scripts/52.运行ALLHiC并生成手动校正文件.sh: 第 1424 行:local: 只能在函数中使用
/share/org/YZWL/yzwl_lixg/software/scripts/52.运行ALLHiC并生成手动校正文件.sh: 第 1425 行:local: 只能在函数中使用
/share/org/YZWL/yzwl_lixg/software/scripts/52.运行ALLHiC并生成手动校正文件.sh: 第 1426 行:local: 只能在函数中使用
/share/org/YZWL/yzwl_lixg/software/scripts/52.运行ALLHiC并生成手动校正文件.sh: 第 1427 行:local: 只能在函数中使用
/share/org/YZWL/yzwl_lixg/software/scripts/52.运行ALLHiC并生成手动校正文件.sh: 第 1424 行:local: 只能在函数中使用
/share/org/YZWL/yzwl_lixg/software/scripts/52.运行ALLHiC并生成手动校正文件.sh: 第 1425 行:local: 只能在函数中使用
/share/org/YZWL/yzwl_lixg/software/scripts/52.运行ALLHiC并生成手动校正文件.sh: 第 1426 行:local: 只能在函数中使用
/share/org/YZWL/yzwl_lixg/software/scripts/52.运行ALLHiC并生成手动校正文件.sh: 第 1427 行:local: 只能在函数中使用
/share/org/YZWL/yzwl_lixg/software/scripts/52.运行ALLHiC并生成手动校正文件.sh: 第 1424 行:local: 只能在函数中使用
/share/org/YZWL/yzwl_lixg/software/scripts/52.运行ALLHiC并生成手动校正文件.sh: 第 1425 行:local: 只能在函数中使用
/share/org/YZWL/yzwl_lixg/software/scripts/52.运行ALLHiC并生成手动校正文件.sh: 第 1426 行:local: 只能在函数中使用
/share/org/YZWL/yzwl_lixg/software/scripts/52.运行ALLHiC并生成手动校正文件.sh: 第 1427 行:local: 只能在函数中使用
/share/org/YZWL/yzwl_lixg/software/scripts/52.运行ALLHiC并生成手动校正文件.sh: 第 1424 行:local: 只能在函数中使用
/share/org/YZWL/yzwl_lixg/software/scripts/52.运行ALLHiC并生成手动校正文件.sh: 第 1425 行:local: 只能在函数中使用
/share/org/YZWL/yzwl_lixg/software/scripts/52.运行ALLHiC并生成手动校正文件.sh: 第 1426 行:local: 只能在函数中使用
/share/org/YZWL/yzwl_lixg/software/scripts/52.运行ALLHiC并生成手动校正文件.sh: 第 1427 行:local: 只能在函数中使用
/share/org/YZWL/yzwl_lixg/software/scripts/52.运行ALLHiC并生成手动校正文件.sh: 第 1424 行:local: 只能在函数中使用
/share/org/YZWL/yzwl_lixg/software/scripts/52.运行ALLHiC并生成手动校正文件.sh: 第 1425 行:local: 只能在函数中使用
/share/org/YZWL/yzwl_lixg/software/scripts/52.运行ALLHiC并生成手动校正文件.sh: 第 1426 行:local: 只能在函数中使用
/share/org/YZWL/yzwl_lixg/software/scripts/52.运行ALLHiC并生成手动校正文件.sh: 第 1427 行:local: 只能在函数中使用
/share/org/YZWL/yzwl_lixg/software/scripts/52.运行ALLHiC并生成手动校正文件.sh: 第 1424 行:local: 只能在函数中使用
/share/org/YZWL/yzwl_lixg/software/scripts/52.运行ALLHiC并生成手动校正文件.sh: 第 1425 行:local: 只能在函数中使用
/share/org/YZWL/yzwl_lixg/software/scripts/52.运行ALLHiC并生成手动校正文件.sh: 第 1426 行:local: 只能在函数中使用
/share/org/YZWL/yzwl_lixg/software/scripts/52.运行ALLHiC并生成手动校正文件.sh: 第 1427 行:local: 只能在函数中使用
/share/org/YZWL/yzwl_lixg/software/scripts/52.运行ALLHiC并生成手动校正文件.sh: 第 1424 行:local: 只能在函数中使用
/share/org/YZWL/yzwl_lixg/software/scripts/52.运行ALLHiC并生成手动校正文件.sh: 第 1425 行:local: 只能在函数中使用
/share/org/YZWL/yzwl_lixg/software/scripts/52.运行ALLHiC并生成手动校正文件.sh: 第 1426 行:local: 只能在函数中使用
/share/org/YZWL/yzwl_lixg/software/scripts/52.运行ALLHiC并生成手动校正文件.sh: 第 1427 行:local: 只能在函数中使用
/share/org/YZWL/yzwl_lixg/software/scripts/52.运行ALLHiC并生成手动校正文件.sh: 第 1424 行:local: 只能在函数中使用
/share/org/YZWL/yzwl_lixg/software/scripts/52.运行ALLHiC并生成手动校正文件.sh: 第 1425 行:local: 只能在函数中使用
/share/org/YZWL/yzwl_lixg/software/scripts/52.运行ALLHiC并生成手动校正文件.sh: 第 1426 行:local: 只能在函数中使用
/share/org/YZWL/yzwl_lixg/software/scripts/52.运行ALLHiC并生成手动校正文件.sh: 第 1427 行:local: 只能在函数中使用
/share/org/YZWL/yzwl_lixg/software/scripts/52.运行ALLHiC并生成手动校正文件.sh: 第 1446 行:local: 只能在函数中使用
/share/org/YZWL/yzwl_lixg/software/scripts/52.运行ALLHiC并生成手动校正文件.sh: 第 1451 行:local: 只能在函数中使用
/share/org/YZWL/yzwl_lixg/software/scripts/52.运行ALLHiC并生成手动校正文件.sh: 第 1455 行:local: 只能在函数中使用
/share/org/YZWL/yzwl_lixg/software/scripts/52.运行ALLHiC并生成手动校正文件.sh: 第 1464 行:[: 92: 需要一元表达式
/share/org/YZWL/yzwl_lixg/software/scripts/52.运行ALLHiC并生成手动校正文件.sh:行1496: 未预期的符号 `}' 附近有语法错误
/share/org/YZWL/yzwl_lixg/software/scripts/52.运行ALLHiC并生成手动校正文件.sh:行1496: `}'
Job 68351012 stderr output:

