2026-01-20 19:08:11.445 - WARNING - 命令错误输出|Command stderr:
-- canu master +27 changes (r10515 2a41e933b8de6ed66723d75d36dd071b46d2c347)
--
-- CITATIONS
--
-- For assemblies of PacBio HiFi reads:
--   Nurk S, Walenz BP, Rhiea A, Vollger MR, Logsdon GA, Grothe R, Miga KH, Eichler EE, Phillippy AM, Koren S.
--   HiCanu: accurate assembly of segmental duplications, satellites, and allelic variants from high-fidelity long reads.
--   biorXiv. 2020.
--   https://doi.org/10.1101/2020.03.14.992248
-- 
-- Read and contig alignments during correction and consensus use:
--   Šošic M, Šikic M.
--   Edlib: a C/C ++ library for fast, exact sequence alignment using edit distance.
--   Bioinformatics. 2017 May 1;33(9):1394-1395.
--   http://doi.org/10.1093/bioinformatics/btw753
-- 
-- Overlaps are generated using:
--   Berlin K, et al.
--   Assembling large genomes with single-molecule sequencing and locality-sensitive hashing.
--   Nat Biotechnol. 2015 Jun;33(6):623-30.
--   http://doi.org/10.1038/nbt.3238
-- 
--   Myers EW, et al.
--   A Whole-Genome Assembly of Drosophila.
--   Science. 2000 Mar 24;287(5461):2196-204.
--   http://doi.org/10.1126/science.287.5461.2196
-- 
-- Contig consensus sequences are generated using an algorithm derived from pbdagcon:
--   Chin CS, et al.
--   Nonhybrid, finished microbial genome assemblies from long-read SMRT sequencing data.
--   Nat Methods. 2013 Jun;10(6):563-9
--   http://doi.org/10.1038/nmeth.2474
-- 
-- CONFIGURE CANU
--
-- Detected Java(TM) Runtime Environment '17.0.15-internal' (from '/share/org/YZWL/yzwl_lixg/.local/bin/java') without -d64 support.
--
-- WARNING:
-- WARNING:  Failed to run gnuplot using command 'gnuplot'.
-- WARNING:  Plots will be disabled.
-- WARNING:
--
-- Detected samtools version '1.22' / htslib version 'htscodecs=1.6.3' (from 'samtools').
--
-- Detected 88 CPUs and 503 gigabytes of memory on the local machine.
--
-- Detected Slurm with 'sinfo' binary in /opt/skyformai/bin/sinfo.
--          Slurm disabled by useGrid=false
--
-- Detected  '' with 'pbsnodes' binary in /opt/skyformai/bin/pbsnodes.
--           disabled by useGrid=false
--
-- Detected LSF with 'bsub' binary in /opt/skyformai/bin/bsub.
--          LSF disabled by useGrid=false
--
-- Local machine mode enabled; grid support not detected or not allowed.
--
-- Found trimmed raw PacBio HiFi reads in the input files.
--
--                                (tag)Concurrency
--                         (tag)Threads          |
--                (tag)Memory         |          |
--        (tag)             |         |          |       total usage      algorithm
--        -------  ----------  --------   --------  --------------------  -----------------------------
-- Local: meryl     12.000 GB    4 CPUs x  22 jobs   264.000 GB  88 CPUs  (k-mer counting)
-- Local: cormhap   13.000 GB   11 CPUs x   8 jobs   104.000 GB  88 CPUs  (overlap detection with mhap)
-- Local: obtovl     8.000 GB    8 CPUs x  11 jobs    88.000 GB  88 CPUs  (overlap detection)
-- Local: utgovl     8.000 GB    8 CPUs x  11 jobs    88.000 GB  88 CPUs  (overlap detection)
-- Local: cor        -.--- GB    4 CPUs x   - jobs     -.--- GB   - CPUs  (read correction)
-- Local: ovb        4.000 GB    1 CPU  x  88 jobs   352.000 GB  88 CPUs  (overlap store bucketizer)
-- Local: ovs        8.000 GB    1 CPU  x  62 jobs   496.000 GB  62 CPUs  (overlap store sorting)
-- Local: red       16.000 GB    4 CPUs x  22 jobs   352.000 GB  88 CPUs  (read error detection)
-- Local: oea        8.000 GB    1 CPU  x  62 jobs   496.000 GB  62 CPUs  (overlap error adjustment)
-- Local: bat       32.000 GB    8 CPUs x   1 job     32.000 GB   8 CPUs  (contig construction with bogart)
-- Local: cns        -.--- GB    8 CPUs x   - jobs     -.--- GB   - CPUs  (consensus)
--
-- Generating assembly 'A2-3' in '/share/org/YZWL/yzwl_lixg/project/28.大豆疫霉菌三代基因组/03.hicanu/A2-3/01.raw_output':
--   genomeSize:
--     85000000
--
--   Overlap Generation Limits:
--     corOvlErrorRate 0.0000 (  0.00%)
--     obtOvlErrorRate 0.0250 (  2.50%)
--     utgOvlErrorRate 0.0100 (  1.00%)
--
--   Overlap Processing Limits:
--     corErrorRate    0.0000 (  0.00%)
--     obtErrorRate    0.0250 (  2.50%)
--     utgErrorRate    0.0003 (  0.03%)
--     cnsErrorRate    0.0500 (  5.00%)
--
--   Stages to run:
--     assemble HiFi reads.
--
--
-- BEGIN STORE CREATION
----------------------------------------
-- Starting command on Tue Jan 20 17:55:22 2026 with 4187074.093 GB free disk space

    cd .
    ./A2-3.seqStore.sh \
    > ./A2-3.seqStore.err 2>&1

-- Finished on Tue Jan 20 18:01:56 2026 (394 seconds) with 4185408 GB free disk space
----------------------------------------
--
-- In sequence store './A2-3.seqStore':
--   Found 271350 reads.
--   Found 4250010685 bases (50 times coverage).
--    Histogram of corrected reads:
--    
--    G=4250010685                       sum of  ||               length     num
--    NG         length     index       lengths  ||                range    seqs
--    ----- ------------ --------- ------------  ||  ------------------- -------
--    00010        26100     15169    425015072  ||       1230-2417        11144|-------------------------------
--    00020        24196     32131    850002944  ||       2418-3605        15507|------------------------------------------
--    00030        22861     50221   1275012383  ||       3606-4793        13858|--------------------------------------
--    00040        21754     69285   1700015168  ||       4794-5981        11772|--------------------------------
--    00050        20723     89303   2125024933  ||       5982-7169         9951|---------------------------
--    00060        19638    110361   2550021465  ||       7170-8357         8567|------------------------
--    00070        18328    132721   2975023152  ||       8358-9545         7682|---------------------
--    00080        16160    157214   3400017320  ||       9546-10733        6965|-------------------
--    00090        10124    189309   3825012816  ||      10734-11921        6250|-----------------
--    00100         1230    271350   4250010685  ||      11922-13109        5664|----------------
--    001.000x              271350   4250010685  ||      13110-14297        5514|---------------
--                                               ||      14298-15485        6533|------------------
--                                               ||      15486-16673        9305|--------------------------
--                                               ||      16674-17861       13385|-------------------------------------
--                                               ||      17862-19049       18204|--------------------------------------------------
--                                               ||      19050-20237       22258|-------------------------------------------------------------
--                                               ||      20238-21425       23324|---------------------------------------------------------------
--                                               ||      21426-22613       21232|----------------------------------------------------------
--                                               ||      22614-23801       17350|-----------------------------------------------
--                                               ||      23802-24989       13081|------------------------------------
--                                               ||      24990-26177        9141|-------------------------
--                                               ||      26178-27365        6194|-----------------
--                                               ||      27366-28553        3938|-----------
--                                               ||      28554-29741        2326|-------
--                                               ||      29742-30929        1253|----
--                                               ||      30930-32117         590|--
--                                               ||      32118-33305         247|-
--                                               ||      33306-34493          67|-
--                                               ||      34494-35681          29|-
--                                               ||      35682-36869           7|-
--                                               ||      36870-38057           2|-
--                                               ||      38058-39245           2|-
--                                               ||      39246-40433           0|
--                                               ||      40434-41621           3|-
--                                               ||      41622-42809           0|
--                                               ||      42810-43997           2|-
--                                               ||      43998-45185           0|
--                                               ||      45186-46373           2|-
--                                               ||      46374-47561           0|
--                                               ||      47562-48749           1|-
--    
--
-- In sequence store './A2-3.seqStore':
--   Found 271350 reads.
--   Found 4250010685 bases (50 times coverage).
--    Histogram of corrected-trimmed reads:
--    
--    G=4250010685                       sum of  ||               length     num
--    NG         length     index       lengths  ||                range    seqs
--    ----- ------------ --------- ------------  ||  ------------------- -------
--    00010        26100     15169    425015072  ||       1230-2417        11144|-------------------------------
--    00020        24196     32131    850002944  ||       2418-3605        15507|------------------------------------------
--    00030        22861     50221   1275012383  ||       3606-4793        13858|--------------------------------------
--    00040        21754     69285   1700015168  ||       4794-5981        11772|--------------------------------
--    00050        20723     89303   2125024933  ||       5982-7169         9951|---------------------------
--    00060        19638    110361   2550021465  ||       7170-8357         8567|------------------------
--    00070        18328    132721   2975023152  ||       8358-9545         7682|---------------------
--    00080        16160    157214   3400017320  ||       9546-10733        6965|-------------------
--    00090        10124    189309   3825012816  ||      10734-11921        6250|-----------------
--    00100         1230    271350   4250010685  ||      11922-13109        5664|----------------
--    001.000x              271350   4250010685  ||      13110-14297        5514|---------------
--                                               ||      14298-15485        6533|------------------
--                                               ||      15486-16673        9305|--------------------------
--                                               ||      16674-17861       13385|-------------------------------------
--                                               ||      17862-19049       18204|--------------------------------------------------
--                                               ||      19050-20237       22258|-------------------------------------------------------------
--                                               ||      20238-21425       23324|---------------------------------------------------------------
--                                               ||      21426-22613       21232|----------------------------------------------------------
--                                               ||      22614-23801       17350|-----------------------------------------------
--                                               ||      23802-24989       13081|------------------------------------
--                                               ||      24990-26177        9141|-------------------------
--                                               ||      26178-27365        6194|-----------------
--                                               ||      27366-28553        3938|-----------
--                                               ||      28554-29741        2326|-------
--                                               ||      29742-30929        1253|----
--                                               ||      30930-32117         590|--
--                                               ||      32118-33305         247|-
--                                               ||      33306-34493          67|-
--                                               ||      34494-35681          29|-
--                                               ||      35682-36869           7|-
--                                               ||      36870-38057           2|-
--                                               ||      38058-39245           2|-
--                                               ||      39246-40433           0|
--                                               ||      40434-41621           3|-
--                                               ||      41622-42809           0|
--                                               ||      42810-43997           2|-
--                                               ||      43998-45185           0|
--                                               ||      45186-46373           2|-
--                                               ||      46374-47561           0|
--                                               ||      47562-48749           1|-
--    
--
-- Correction skipped; not enabled.
--
-- Trimming skipped; not enabled.
--
-- BEGIN ASSEMBLY
----------------------------------------
-- Starting command on Tue Jan 20 18:01:57 2026 with 4185407.953 GB free disk space

    cd unitigging/0-mercounts
    ./meryl-configure.sh \
    > ./meryl-configure.err 2>&1

-- Finished on Tue Jan 20 18:01:57 2026 (lickety-split) with 4185407.953 GB free disk space
----------------------------------------
--  segments   memory batches
--  -------- -------- -------
--        01 10.81 GB       2
--        02  5.75 GB       2
--        04  2.97 GB       2
--        06  2.15 GB       2
--        08  1.62 GB       2
--        12  1.08 GB       2
--        16  0.81 GB       2
--        20  0.65 GB       2
--        24  0.54 GB       2
--        32  0.41 GB       2
--        40  0.33 GB       2
--        48  -.-- GB       -  (segment size too small)
--        56  -.-- GB       -  (segment size too small)
--        64  -.-- GB       -  (segment size too small)
--        96  -.-- GB       -  (segment size too small)
--
--  For 271350 reads with 4250010685 bases, limit to 42 batches.
--  Will count kmers using 01 jobs, each using 12 GB and 4 threads.
--
-- Finished stage 'merylConfigure', reset canuIteration.
--
-- Running jobs.  First attempt out of 2.
----------------------------------------
-- Starting 'meryl' concurrent execution on Tue Jan 20 18:01:57 2026 with 4185407.921 GB free disk space (1 processes; 22 concurrently)

    cd unitigging/0-mercounts
    ./meryl-count.sh 1 > ./meryl-count.000001.out 2>&1

-- Finished on Tue Jan 20 18:05:32 2026 (215 seconds) with 4184890.078 GB free disk space
----------------------------------------
-- Found 1 Kmer counting (meryl) outputs.
-- Finished stage 'utg-merylCountCheck', reset canuIteration.
--
-- Running jobs.  First attempt out of 2.
----------------------------------------
-- Starting 'meryl' concurrent execution on Tue Jan 20 18:05:32 2026 with 4184890.046 GB free disk space (1 processes; 22 concurrently)

    cd unitigging/0-mercounts
    ./meryl-process.sh 1 > ./meryl-process.000001.out 2>&1

-- Finished on Tue Jan 20 18:05:38 2026 (6 seconds) with 4184758.859 GB free disk space
----------------------------------------
-- Meryl finished successfully.  Kmer frequency histogram:
--
-- WARNING: gnuplot failed.
--
----------------------------------------
--
--  22-mers                                                                                           Fraction
--    Occurrences   NumMers                                                                         Unique Total
--       1-     1         0                                                                        0.0000 0.0000
--       2-     2    311505 *                                                                      0.0069 0.0002
--       3-     4    101559                                                                        0.0084 0.0003
--       5-     7     35647                                                                        0.0096 0.0004
--       8-    11     13276                                                                        0.0101 0.0004
--      12-    16     20279                                                                        0.0103 0.0004
--      17-    22     79797                                                                        0.0108 0.0005
--      23-    29    631787 **                                                                     0.0132 0.0012
--      30-    37   4132078 ******************                                                     0.0312 0.0082
--      38-    46  14262902 **************************************************************         0.1414 0.0628
--      47-    56  15946527 ********************************************************************** 0.4790 0.2675
--      57-    67   4596717 ********************                                                   0.8081 0.5056
--      68-    79    694046 ***                                                                    0.8924 0.5776
--      80-    92    963705 ****                                                                   0.9068 0.5925
--      93-   106    885225 ***                                                                    0.9288 0.6194
--     107-   121    348315 *                                                                      0.9473 0.6452
--     122-   137    297061 *                                                                      0.9547 0.6569
--     138-   154    271018 *                                                                      0.9613 0.6690
--     155-   172    160867                                                                        0.9671 0.6809
--     173-   191    158707                                                                        0.9706 0.6889
--     192-   211    128478                                                                        0.9741 0.6979
--     212-   232    105022                                                                        0.9769 0.7057
--     233-   254     91180                                                                        0.9792 0.7130
--     255-   277     79598                                                                        0.9812 0.7198
--     278-   301     73889                                                                        0.9830 0.7263
--     302-   326     65552                                                                        0.9846 0.7329
--     327-   352     53798                                                                        0.9861 0.7393
--     353-   379     44904                                                                        0.9872 0.7449
--     380-   407     40087                                                                        0.9882 0.7500
--     408-   436     32420                                                                        0.9891 0.7548
--     437-   466     29235                                                                        0.9898 0.7590
--     467-   497     27810                                                                        0.9905 0.7632
--     498-   529     25672                                                                        0.9911 0.7673
--     530-   562     29256                                                                        0.9917 0.7714
--     563-   596     29581                                                                        0.9923 0.7763
--     597-   631     25106                                                                        0.9930 0.7816
--     632-   667     21988                                                                        0.9935 0.7864
--     668-   704     17625                                                                        0.9940 0.7908
--     705-   742     16968                                                                        0.9944 0.7945
--     743-   781     14685                                                                        0.9948 0.7983
--     782-   821     12115                                                                        0.9951 0.8018
--
--           0 (max occurrences)
--  3227591584 (total mers, non-unique)
--    45085452 (distinct mers, non-unique)
--           0 (unique mers)
-- Finished stage 'meryl-process', reset canuIteration.
--
-- Removing meryl database 'unitigging/0-mercounts/A2-3.ms22'.
--
-- OVERLAPPER (normal) (assembly) erate=0.01
--
----------------------------------------
-- Starting command on Tue Jan 20 18:05:38 2026 with 4184758.843 GB free disk space

    cd unitigging/1-overlapper
    /share/org/YZWL/yzwl_lixg/miniforge3/envs/canu_v.2.3/bin/overlapInCorePartition \
     -S  ../../A2-3.seqStore \
     -hl 160000000 \
     -rl 5000000000 \
     -ol 500 \
     -o  ./A2-3.partition \
    > ./A2-3.partition.err 2>&1

-- Finished on Tue Jan 20 18:05:38 2026 (fast as lightning) with 4184758.828 GB free disk space
----------------------------------------
--
-- Configured 21 overlapInCore jobs.
-- Finished stage 'utg-overlapConfigure', reset canuIteration.
--
-- Running jobs.  First attempt out of 2.
----------------------------------------
-- Starting 'utgovl' concurrent execution on Tue Jan 20 18:05:38 2026 with 4184758.796 GB free disk space (21 processes; 11 concurrently)

    cd unitigging/1-overlapper
    ./overlap.sh 1 > ./overlap.000001.out 2>&1
    ./overlap.sh 2 > ./overlap.000002.out 2>&1
    ./overlap.sh 3 > ./overlap.000003.out 2>&1
    ./overlap.sh 4 > ./overlap.000004.out 2>&1
    ./overlap.sh 5 > ./overlap.000005.out 2>&1
    ./overlap.sh 6 > ./overlap.000006.out 2>&1
    ./overlap.sh 7 > ./overlap.000007.out 2>&1
    ./overlap.sh 8 > ./overlap.000008.out 2>&1
    ./overlap.sh 9 > ./overlap.000009.out 2>&1
    ./overlap.sh 10 > ./overlap.000010.out 2>&1
    ./overlap.sh 11 > ./overlap.000011.out 2>&1
    ./overlap.sh 12 > ./overlap.000012.out 2>&1
    ./overlap.sh 13 > ./overlap.000013.out 2>&1
    ./overlap.sh 14 > ./overlap.000014.out 2>&1
    ./overlap.sh 15 > ./overlap.000015.out 2>&1
    ./overlap.sh 16 > ./overlap.000016.out 2>&1
    ./overlap.sh 17 > ./overlap.000017.out 2>&1
    ./overlap.sh 18 > ./overlap.000018.out 2>&1
    ./overlap.sh 19 > ./overlap.000019.out 2>&1
    ./overlap.sh 20 > ./overlap.000020.out 2>&1
    ./overlap.sh 21 > ./overlap.000021.out 2>&1

-- Finished on Tue Jan 20 18:31:08 2026 (1530 seconds) with 4180156.359 GB free disk space
----------------------------------------
-- Found 21 overlapInCore output files.
--
-- overlapInCore compute 'unitigging/1-overlapper':
--   kmer hits
--     with no overlap       1290185774  17.8095238 +- 37422352.167
--     with an overlap         16760068  .476190476 +- 463195.426
--
--   overlaps                  16760068  .476190476 +- 463195.426
--     contained                4873013  .238095238 +- 134127.928
--     dovetail                11887055  .238095238 +- 332964.414
--
--   overlaps rejected
--     multiple per pair              0           0 +- 0
--     bad short window               0           0 +- 0
--     bad long window                0           0 +- 0
-- Finished stage 'utg-overlapCheck', reset canuIteration.
----------------------------------------
-- Starting command on Tue Jan 20 18:31:08 2026 with 4180156.343 GB free disk space

    cd unitigging
    /share/org/YZWL/yzwl_lixg/miniforge3/envs/canu_v.2.3/bin/ovStoreConfig \
     -S ../A2-3.seqStore \
     -M 4-8 \
     -L ./1-overlapper/ovljob.files \
     -create ./A2-3.ovlStore.config \
     > ./A2-3.ovlStore.config.txt \
    2> ./A2-3.ovlStore.config.err

-- Finished on Tue Jan 20 18:31:08 2026 (like a bat out of hell) with 4180156.328 GB free disk space
----------------------------------------
--
-- Creating overlap store unitigging/A2-3.ovlStore using:
--      1 bucket
--      1 slice
--        using at most 2 GB memory each
--
-- Running jobs.  First attempt out of 2.
----------------------------------------
-- Starting 'ovS' concurrent execution on Tue Jan 20 18:31:08 2026 with 4180156.312 GB free disk space (1 processes; 62 concurrently)

    cd unitigging
    ./A2-3.ovlStore.sh 1 > ./A2-3.ovlStore.000001.out 2>&1

-- Finished on Tue Jan 20 18:31:15 2026 (7 seconds) with 4180155.515 GB free disk space
----------------------------------------
-- Checking store.
----------------------------------------
-- Starting command on Tue Jan 20 18:31:15 2026 with 4180155.515 GB free disk space

    cd unitigging
    /share/org/YZWL/yzwl_lixg/miniforge3/envs/canu_v.2.3/bin/ovStoreDump \
     -S ../A2-3.seqStore \
     -O  ./A2-3.ovlStore \
     -counts \
     > ./A2-3.ovlStore/counts.dat 2> ./A2-3.ovlStore/counts.err

-- Finished on Tue Jan 20 18:31:15 2026 (furiously fast) with 4180155.5 GB free disk space
----------------------------------------
--
-- Overlap store 'unitigging/A2-3.ovlStore' successfully constructed.
-- Found 33520136 overlaps for 261975 reads; 1381677 reads have no overlaps.
--
--
-- Purged 0.42 GB in 63 overlap output files.
----------------------------------------
-- Starting command on Tue Jan 20 18:31:16 2026 with 4180155.5 GB free disk space

    cd unitigging
    /share/org/YZWL/yzwl_lixg/miniforge3/envs/canu_v.2.3/bin/ovStoreStats \
     -C 50 \
     -S ../A2-3.seqStore \
     -O  ./A2-3.ovlStore \
     -o  ./A2-3.ovlStore \
     > ./A2-3.ovlStore.summary.err 2>&1

-- Finished on Tue Jan 20 18:31:20 2026 (4 seconds) with 4180155.484 GB free disk space
----------------------------------------
--
-- Overlap store 'unitigging/A2-3.ovlStore' contains:
--
--   category            reads     %          read length        feature size or coverage  analysis
--   ----------------  -------  -------  ----------------------  ------------------------  --------------------
--   middle-missing        145    0.05    13754.24 +- 8128.56        664.32 +- 963.82     (bad trimming)
--   middle-hump            12    0.00    17682.00 +- 2810.81       6235.75 +- 4742.30    (bad trimming)
--   no-5-prime            684    0.25    12965.57 +- 5780.92       1751.50 +- 2813.09    (bad trimming)
--   no-3-prime            976    0.36    10751.23 +- 6577.59       1336.40 +- 2462.25    (bad trimming)
--   
--   low-coverage         1958    0.72    10194.85 +- 5857.76          6.16 +- 3.74       (easy to assemble, potential for lower quality consensus)
--   unique             223492   82.36    12094.60 +- 6067.37         46.82 +- 8.41       (easy to assemble, perfect, yay)
--   repeat-cont         10220    3.77     8590.60 +- 5781.82        496.76 +- 357.23     (potential for consensus errors, no impact on assembly)
--   repeat-dove           190    0.07    19954.40 +- 2116.31        372.11 +- 279.69     (hard to assemble, likely won't assemble correctly or even at all)
--   
--   span-repeat          3105    1.14    13790.54 +- 5072.32       3390.46 +- 3877.94    (read spans a large repeat, usually easy to assemble)
--   uniq-repeat-cont    14356    5.29    12218.18 +- 5029.28                             (should be uniquely placed, low potential for consensus errors, no impact on assembly)
--   uniq-repeat-dove     3121    1.15    18667.64 +- 2695.51                             (will end contigs, potential to misassemble)
--   uniq-anchor          3716    1.37    13272.54 +- 4908.68       7860.24 +- 5046.78    (repeat read, with unique section, probable bad read)
-- Finished stage 'utg-createOverlapStore', reset canuIteration.
--
-- Loading read lengths.
-- Loading number of overlaps per read.
--
-- Configure RED for 16gb memory.
--                   Batches of at most (unlimited) reads.
--                                      500000000 bases.
--                   Expecting evidence of at most 536870912 bases per iteration.
--
--           Total                                               Reads                 Olaps Evidence
--    Job   Memory      Read Range         Reads        Bases   Memory        Olaps   Memory   Memory  (Memory in MB)
--   ---- -------- ------------------- --------- ------------ -------- ------------ -------- --------
--      1 16385.00         1-35062          5703    108989519 13304.56       737485     8.44  1024.00
--      2 16385.20     35063-76603          6794    108983384 13303.85       817039     9.35  1024.00
--      3 16385.49     76604-117907         6831    108984252 13303.96       832758     9.53  1024.00
--      4 16386.01    117908-154384         6042    108982030 13303.66       904751    10.35  1024.00
--      5 16386.31    154385-198635         7284    108994925 13305.27       790006     9.04  1024.00
--      6 16386.65    198636-253377         9061    108973538 13302.72      1042253    11.93  1024.00
--      7 16386.12    253378-290313         5933    108990224 13304.66       827052     9.46  1024.00
--      8 16386.45    290314-330172         6612    108996123 13305.40       790579     9.05  1024.00
--      9 16385.05    330173-389243         9706    108959193 13300.99      1053882    12.06  1024.00
--     10 16386.64    389244-423734         5725    109000444 13305.90       763646     8.74  1024.00
--     11 16385.42    423735-461203         6168    108989443 13304.57       773453     8.85  1024.00
--     12 16384.61    461204-510312         8236    108971496 13302.44       888438    10.17  1024.00
--     13 16387.52    510313-552796         7037    108999025 13305.77       852385     9.75  1024.00
--     14 16386.34    552797-588186         5901    108986501 13304.20       886079    10.14  1024.00
--     15 16385.63    588187-629032         6863    108991439 13304.84       768150     8.79  1024.00
--     16 16386.34    629033-682260         8569    108975507 13302.94       995841    11.40  1024.00
--     17 16384.71    682261-718231         5849    108978800 13303.26       825342     9.45  1024.00
--     18 16384.56    718232-757395         6346    108983740 13303.88       758139     8.68  1024.00
--     19 16384.44    757396-812782         9199    108953262 13300.25      1065680    12.20  1024.00
--     20 16384.59    812783-846868         5691    108985390 13304.06       745119     8.53  1024.00
--     21 16385.60    846869-883365         5999    108987113 13304.28       814591     9.32  1024.00
--     22 16384.40    883366-929741         7570    108974474 13302.79       839840     9.61  1024.00
--     23 16387.00    929742-973224         7311    108995786 13305.38       840384     9.62  1024.00
--     24 16385.16    973225-1010010        6026    108972584 13302.51       930815    10.65  1024.00
--     25 16384.02   1010011-1052489        7066    108977584 13303.15       775197     8.87  1024.00
--     26 16386.27   1052490-1105124        8782    108972408 13302.57      1022234    11.70  1024.00
--     27 16384.74   1105125-1140211        5844    108984477 13303.95       768161     8.79  1024.00
--     28 16385.48   1140212-1178546        6360    108978774 13303.27       892295    10.21  1024.00
--     29 16386.22   1178547-1235165        9224    108968379 13302.09      1059238    12.12  1024.00
--     30 16384.15   1235166-1268898        5642    108983545 13303.83       726555     8.31  1024.00
--     31 16384.41   1268899-1305227        5973    108976154 13302.94       827074     9.47  1024.00
--     32 16384.30   1305228-1349521        7399    108973738 13302.69       839654     9.61  1024.00
--     33 16384.51   1349522-1394220        7375    108972557 13302.55       870974     9.97  1024.00
--     34 16386.24   1394221-1429127        5789    108987875 13304.37       862380     9.87  1024.00
--     35 16385.84   1429128-1468724        6457    108992986 13305.01       771403     8.83  1024.00
--     36 16385.28   1468725-1519713        8331    108968567 13302.09       977869    11.19  1024.00
--     37 16384.10   1519714-1553234        5667    108980904 13303.51       750577     8.59  1024.00
--     38 16385.49   1553235-1590346        6096    108986809 13304.25       807825     9.24  1024.00
--     39 16354.00   1590347-1643652        8889    108707736 13270.27      1024993    11.73  1024.00
--   ---- -------- ------------------- --------- ------------ -------- ------------ -------- --------
--                                                 4250010685              33520136
-- Finished stage 'readErrorDetectionConfigure', reset canuIteration.
--
-- Running jobs.  First attempt out of 2.
----------------------------------------
-- Starting 'red' concurrent execution on Tue Jan 20 18:31:26 2026 with 4180155.437 GB free disk space (39 processes; 22 concurrently)

    cd unitigging/3-overlapErrorAdjustment
    ./red.sh 1 > ./red.000001.out 2>&1
    ./red.sh 2 > ./red.000002.out 2>&1
    ./red.sh 3 > ./red.000003.out 2>&1
    ./red.sh 4 > ./red.000004.out 2>&1
    ./red.sh 5 > ./red.000005.out 2>&1
    ./red.sh 6 > ./red.000006.out 2>&1
    ./red.sh 7 > ./red.000007.out 2>&1
    ./red.sh 8 > ./red.000008.out 2>&1
    ./red.sh 9 > ./red.000009.out 2>&1
    ./red.sh 10 > ./red.000010.out 2>&1
    ./red.sh 11 > ./red.000011.out 2>&1
    ./red.sh 12 > ./red.000012.out 2>&1
    ./red.sh 13 > ./red.000013.out 2>&1
    ./red.sh 14 > ./red.000014.out 2>&1
    ./red.sh 15 > ./red.000015.out 2>&1
    ./red.sh 16 > ./red.000016.out 2>&1
    ./red.sh 17 > ./red.000017.out 2>&1
    ./red.sh 18 > ./red.000018.out 2>&1
    ./red.sh 19 > ./red.000019.out 2>&1
    ./red.sh 20 > ./red.000020.out 2>&1
    ./red.sh 21 > ./red.000021.out 2>&1
    ./red.sh 22 > ./red.000022.out 2>&1
    ./red.sh 23 > ./red.000023.out 2>&1
    ./red.sh 24 > ./red.000024.out 2>&1
    ./red.sh 25 > ./red.000025.out 2>&1
    ./red.sh 26 > ./red.000026.out 2>&1
    ./red.sh 27 > ./red.000027.out 2>&1
    ./red.sh 28 > ./red.000028.out 2>&1
    ./red.sh 29 > ./red.000029.out 2>&1
    ./red.sh 30 > ./red.000030.out 2>&1
    ./red.sh 31 > ./red.000031.out 2>&1
    ./red.sh 32 > ./red.000032.out 2>&1
    ./red.sh 33 > ./red.000033.out 2>&1
    ./red.sh 34 > ./red.000034.out 2>&1
    ./red.sh 35 > ./red.000035.out 2>&1
    ./red.sh 36 > ./red.000036.out 2>&1
    ./red.sh 37 > ./red.000037.out 2>&1
    ./red.sh 38 > ./red.000038.out 2>&1
    ./red.sh 39 > ./red.000039.out 2>&1

-- Finished on Tue Jan 20 18:39:54 2026 (508 seconds) with 4178586.609 GB free disk space
----------------------------------------
-- Found 39 read error detection output files.
-- Finished stage 'readErrorDetectionCheck', reset canuIteration.
--
-- Loading read lengths.
-- Loading number of overlaps per read.
--
-- Configure OEA for 8gb memory.
--                   Batches of at most (unlimited) reads.
--                                      300000000 bases.
--
--           Total                                               Reads                 Olaps  Adjusts
--    Job   Memory      Read Range         Reads        Bases   Memory        Olaps   Memory   Memory  (Memory in MB)
--   ---- -------- ------------------- --------- ------------ -------- ------------ -------- --------
--      1  2781.67         1-108993        17874    300009899   294.66      2228768    68.02   371.00
--      2  2792.44    108994-236781        21023    300008333   294.75      2578457    78.69   371.00
--      3  2778.84    236782-342948        17410    300000505   294.63      2136890    65.21   371.00
--      4  2786.87    342949-461619        19626    300008603   294.71      2397500    73.17   371.00
--      5  2787.57    461620-579755        19682    300012535   294.71      2420195    73.86   371.00
--      6  2784.50    579756-701068        19846    300014407   294.72      2319287    70.78   371.00
--      7  2789.21    701069-821841        19912    300012783   294.72      2473699    75.49   371.00
--      8  2782.16    821842-931633        18081    300001605   294.66      2244738    68.50   371.00
--      9  2785.21    931634-1041792       18270    300013192   294.67      2344220    71.54   371.00
--     10  2789.52   1041793-1159677       19682    300020112   294.72      2483979    75.81   371.00
--     11  2785.99   1159678-1278665       19600    300012682   294.71      2368419    72.28   371.00
--     12  2785.49   1278666-1395331       19307    300010120   294.70      2352619    71.80   371.00
--     13  2788.32   1395332-1512289       19189    300008999   294.70      2445365    74.63   371.00
--     14  2778.54   1512290-1613295       16860    300007390   294.62      2127124    64.91   371.00
--     15  2492.98   1613296-1643652        4988     49869520    55.71       598876    18.28   371.00
--   ---- -------- ------------------- --------- ------------ -------- ------------ -------- --------
--                                                 4250010685              33520136
-- Finished stage 'overlapErrorAdjustmentConfigure', reset canuIteration.
--
-- Running jobs.  First attempt out of 2.
----------------------------------------
-- Starting 'oea' concurrent execution on Tue Jan 20 18:40:01 2026 with 4178586.531 GB free disk space (15 processes; 62 concurrently)

    cd unitigging/3-overlapErrorAdjustment
    ./oea.sh 1 > ./oea.000001.out 2>&1
    ./oea.sh 2 > ./oea.000002.out 2>&1
    ./oea.sh 3 > ./oea.000003.out 2>&1
    ./oea.sh 4 > ./oea.000004.out 2>&1
    ./oea.sh 5 > ./oea.000005.out 2>&1
    ./oea.sh 6 > ./oea.000006.out 2>&1
    ./oea.sh 7 > ./oea.000007.out 2>&1
    ./oea.sh 8 > ./oea.000008.out 2>&1
    ./oea.sh 9 > ./oea.000009.out 2>&1
    ./oea.sh 10 > ./oea.000010.out 2>&1
    ./oea.sh 11 > ./oea.000011.out 2>&1
    ./oea.sh 12 > ./oea.000012.out 2>&1
    ./oea.sh 13 > ./oea.000013.out 2>&1
    ./oea.sh 14 > ./oea.000014.out 2>&1
    ./oea.sh 15 > ./oea.000015.out 2>&1

-- Finished on Tue Jan 20 18:55:54 2026 (953 seconds) with 4175774.64 GB free disk space
----------------------------------------
-- Found 15 overlap error adjustment output files.
-- Finished stage 'overlapErrorAdjustmentCheck', reset canuIteration.
----------------------------------------
-- Starting command on Tue Jan 20 18:55:54 2026 with 4175774.625 GB free disk space

    cd unitigging/3-overlapErrorAdjustment
    /share/org/YZWL/yzwl_lixg/miniforge3/envs/canu_v.2.3/bin/loadErates \
      -S ../../A2-3.seqStore \
      -O ../A2-3.ovlStore \
      -L ./oea.files \
    > ./oea.apply.err 2>&1

-- Finished on Tue Jan 20 18:55:54 2026 (fast as lightning) with 4175774.562 GB free disk space
----------------------------------------
-- No report available.
-- Finished stage 'updateOverlapStore', reset canuIteration.
-- Finished stage 'unitig', reset canuIteration.
--
-- Running jobs.  First attempt out of 2.
----------------------------------------
-- Starting 'bat' concurrent execution on Tue Jan 20 18:55:54 2026 with 4175774.515 GB free disk space (1 processes; 1 concurrently)

    cd unitigging/4-unitigger
    ./unitigger.sh 1 > ./unitigger.000001.out 2>&1

-- Finished on Tue Jan 20 18:56:05 2026 (11 seconds) with 4175774.359 GB free disk space
----------------------------------------
-- Unitigger finished successfully.
--  
--  ERROR RATES
--  -----------
--                                                   --------threshold------
--  294790                       fraction error      fraction        percent
--  samples                              (1e-5)         error          error
--                   --------------------------      --------       --------
--  command line (-eg)                           ->     30.00        0.0300%
--  command line (-ef)                           ->  -----.--      ---.----%
--  command line (-eM)                           ->     30.00        0.0300%
--  mean + std.dev       0.37 +-  12 *     2.77  ->     33.57        0.0336%
--  median + mad         0.00 +-  12 *     0.00  ->      0.00        0.0000%
--  90th percentile                              ->      1.00        0.0010%  (enabled)
--  
--  BEST EDGE FILTERING
--  -------------------
--  At graph threshold 0.0300%, reads:
--    available to have edges:        53465
--    with at least one edge:         41152
--  
--  At max threshold 0.0300%, reads:
--    available to have edges:        53465
--    with at least one edge:         41152
--  
--  At tight threshold 0.0010%, reads with:
--    both edges below error threshold:     36438  (80.00% minReadsBest threshold = 32921)
--    one  edge  above error threshold:      3601
--    both edges above error threshold:      1113
--    at least one edge:                    41152
--  
--  At loose threshold 0.0300%, reads with:
--    both edges below error threshold:     41152  (80.00% minReadsBest threshold = 32921)
--    one  edge  above error threshold:         0
--    both edges above error threshold:         0
--    at least one edge:                    41152
--  
--  
--  INITIAL EDGES
--  -------- ----------------------------------------
--    213588 reads are contained
--   1396346 reads have no best edges (singleton)
--       324 reads have only one best edge (spur) 
--                179 are mutual best
--     33394 reads have two best edges 
--                671 have one mutual best edge
--              32446 have two mutual best edges
--  
--  
--  FINAL EDGES
--  -------- ----------------------------------------
--    213588 reads are contained
--   1396613 reads have no best edges (singleton)
--       225 reads have only one best edge (spur) 
--                188 are mutual best
--     33226 reads have two best edges 
--                536 have one mutual best edge
--              32452 have two mutual best edges
--  
--  
--  EDGE FILTERING
--  -------- ------------------------------------------
--         0 reads are ignored
--     11408 reads have a gap in overlap coverage
--       143 reads have lopsided best edges
-- Found, in version 1, after unitig construction:
--   contigs:      58 sequences, total length 67428868 bp (including 57 repeats of total length 1370603 bp).
--   bubbles:      111 sequences, total length 2874327 bp.
--   unassembled:  24764 sequences, total length 285983792 bp.
--
-- Contig sizes based on genome size 85mbp:
--
--            NG (bp)  LG (contigs)    sum (bp)
--         ----------  ------------  ----------
--     10     8804999             1     8804999
--     20     6450859             3    21737695
--     30     4679946             4    26417641
--     40     3834821             6    34790422
--     50     2946213             9    44402918
--     60     2246140            12    51795068
--     70     1956609            16    60176098
--
-- Finished stage 'unitigCheck', reset canuIteration.
----------------------------------------
-- Starting command on Tue Jan 20 18:56:05 2026 with 4175774.343 GB free disk space

    cd unitigging
    /share/org/YZWL/yzwl_lixg/miniforge3/envs/canu_v.2.3/bin/utgcns \
      -S ../A2-3.seqStore \
      -T  ./A2-3.ctgStore 1 \
      -partition 0.8 1.5 0.1 \
    > ./A2-3.ctgStore/partitioning.log 2>&1

-- Finished on Tue Jan 20 18:56:14 2026 (9 seconds) with 4175773.187 GB free disk space
----------------------------------------
-- Using slow alignment for consensus (iteration '0').
-- Configured 10 consensus jobs.
-- Finished stage 'consensusConfigure', reset canuIteration.
--
-- Local: cns       13.000 GB    8 CPUs x  11 jobs   143.000 GB  88 CPUs  (consensus)
--
--
-- Running jobs.  First attempt out of 2.
----------------------------------------
-- Starting 'cns' concurrent execution on Tue Jan 20 18:56:14 2026 with 4175773.156 GB free disk space (10 processes; 11 concurrently)

    cd unitigging/5-consensus
    ./consensus.sh 1 > ./consensus.000001.out 2>&1
    ./consensus.sh 2 > ./consensus.000002.out 2>&1
    ./consensus.sh 3 > ./consensus.000003.out 2>&1
    ./consensus.sh 4 > ./consensus.000004.out 2>&1
    ./consensus.sh 5 > ./consensus.000005.out 2>&1
    ./consensus.sh 6 > ./consensus.000006.out 2>&1
    ./consensus.sh 7 > ./consensus.000007.out 2>&1
    ./consensus.sh 8 > ./consensus.000008.out 2>&1
    ./consensus.sh 9 > ./consensus.000009.out 2>&1
    ./consensus.sh 10 > ./consensus.000010.out 2>&1

-- Finished on Tue Jan 20 19:04:16 2026 (482 seconds) with 4174391.687 GB free disk space
----------------------------------------
-- Using slow alignment for consensus (iteration '1').
-- Configured 10 consensus jobs.
-- All 10 consensus jobs finished successfully.
-- Finished stage 'consensusCheck', reset canuIteration.
-- Using slow alignment for consensus (iteration '0').
-- Configured 10 consensus jobs.
----------------------------------------
-- Starting command on Tue Jan 20 19:04:16 2026 with 4174391.64 GB free disk space

    cd unitigging
    /share/org/YZWL/yzwl_lixg/miniforge3/envs/canu_v.2.3/bin/tgStoreLoad \
      -S ../A2-3.seqStore \
      -T  ./A2-3.ctgStore 2 \
      -L ./5-consensus/ctgcns.files \
    > ./5-consensus/ctgcns.files.ctgStoreLoad.err 2>&1

-- Finished on Tue Jan 20 19:04:17 2026 (one second) with 4174390.671 GB free disk space
----------------------------------------
----------------------------------------
-- Starting command on Tue Jan 20 19:04:17 2026 with 4174390.671 GB free disk space

    cd unitigging
    /share/org/YZWL/yzwl_lixg/miniforge3/envs/canu_v.2.3/bin/tgTigDisplay \
      -S ../A2-3.seqStore \
      -b \
      -o ../A2-3.contigs.unsorted.bam \
      -L ./5-consensus/ctgcns.files \
    > ./5-consensus/ctgcns.files.contigs.bam.err 2>&1

-- Finished on Tue Jan 20 19:07:05 2026 (168 seconds) with 4173869.078 GB free disk space
----------------------------------------
----------------------------------------
-- Starting command on Tue Jan 20 19:07:05 2026 with 4173869.078 GB free disk space

    cd .
    samtools sort \
      --write-index \
      --threads 2 \
      -o ./A2-3.contigs.bam ./A2-3.contigs.unsorted.bam \
    > ./ctgcns.bam.err 2>&1

-- Finished on Tue Jan 20 19:08:08 2026 (63 seconds) with 4173898.359 GB free disk space
----------------------------------------
-- Purging consensus output after loading to ctgStore.
-- Purged 10 .cns outputs.
----------------------------------------
-- Starting command on Tue Jan 20 19:08:08 2026 with 4173900.265 GB free disk space

    cd unitigging
    /share/org/YZWL/yzwl_lixg/miniforge3/envs/canu_v.2.3/bin/tgStoreDump \
      -S ../A2-3.seqStore \
      -T ./A2-3.ctgStore 2 \
      -sizes -s 85000000 \
    > ./A2-3.ctgStore/seqDB.v002.sizes.txt
ZERO length suplied to intervalList::add(), ignoring interval.
ZERO length suplied to intervalList::add(), ignoring interval.
ZERO length suplied to intervalList::add(), ignoring interval.
ZERO length suplied to intervalList::add(), ignoring interval.
ZERO length suplied to intervalList::add(), ignoring interval.
ZERO length suplied to intervalList::add(), ignoring interval.
ZERO length suplied to intervalList::add(), ignoring interval.
ZERO length suplied to intervalList::add(), ignoring interval.

-- Finished on Tue Jan 20 19:08:08 2026 (furiously fast) with 4173900.265 GB free disk space
----------------------------------------
-- Found, in version 2, after consensus generation:
--   contigs:      58 sequences, total length 87907964 bp (including 57 repeats of total length 1888889 bp).
--   bubbles:      111 sequences, total length 3837756 bp.
--   unassembled:  24764 sequences, total length 387239224 bp.
--
-- Contig sizes based on genome size 85mbp:
--
--            NG (bp)  LG (contigs)    sum (bp)
--         ----------  ------------  ----------
--     10    11442057             1    11442057
--     20     8412717             2    19854774
--     30     8377380             3    28232154
--     40     6090559             4    34322713
--     50     5004947             6    45243984
--     60     4283392             8    53937876
--     70     3435524            10    61217548
--     80     2909969            13    70326710
--     90     2546882            16    78324203
--    100     1154622            20    85036959
--
-- Finished stage 'consensusLoad', reset canuIteration.
----------------------------------------
-- Starting command on Tue Jan 20 19:08:08 2026 with 4173900.25 GB free disk space

    cd .
    /share/org/YZWL/yzwl_lixg/miniforge3/envs/canu_v.2.3/bin/tgStoreDump \
      -S ./A2-3.seqStore \
      -T ./unitigging/A2-3.ctgStore 2 \
      -o ./A2-3.contigs \
      -layout \
    > ./A2-3.contigs.layout.err 2>&1

-- Finished on Tue Jan 20 19:08:08 2026 (fast as lightning) with 4173901.171 GB free disk space
----------------------------------------
----------------------------------------
-- Starting command on Tue Jan 20 19:08:08 2026 with 4173901.171 GB free disk space

    cd .
    /share/org/YZWL/yzwl_lixg/miniforge3/envs/canu_v.2.3/bin/tgStoreDump \
      -S ./A2-3.seqStore \
      -T ./unitigging/A2-3.ctgStore 2 \
      -consensus -fasta \
      -unassembled \
    > ./A2-3.unassembled.fasta
    2> ./A2-3.unassembled.err
ZERO length suplied to intervalList::add(), ignoring interval.
ZERO length suplied to intervalList::add(), ignoring interval.
ZERO length suplied to intervalList::add(), ignoring interval.
ZERO length suplied to intervalList::add(), ignoring interval.
ZERO length suplied to intervalList::add(), ignoring interval.
ZERO length suplied to intervalList::add(), ignoring interval.
ZERO length suplied to intervalList::add(), ignoring interval.
ZERO length suplied to intervalList::add(), ignoring interval.

-- Finished on Tue Jan 20 19:08:10 2026 (2 seconds) with 4173900.796 GB free disk space
----------------------------------------
----------------------------------------
-- Starting command on Tue Jan 20 19:08:10 2026 with 4173900.796 GB free disk space

    cd .
    /share/org/YZWL/yzwl_lixg/miniforge3/envs/canu_v.2.3/bin/tgStoreDump \
      -S ./A2-3.seqStore \
      -T ./unitigging/A2-3.ctgStore 2 \
      -consensus -fasta \
      -contigs \
    > ./A2-3.contigs.fasta
    2> ./A2-3.contigs.err
ZERO length suplied to intervalList::add(), ignoring interval.
ZERO length suplied to intervalList::add(), ignoring interval.
ZERO length suplied to intervalList::add(), ignoring interval.
ZERO length suplied to intervalList::add(), ignoring interval.
ZERO length suplied to intervalList::add(), ignoring interval.
ZERO length suplied to intervalList::add(), ignoring interval.
ZERO length suplied to intervalList::add(), ignoring interval.
ZERO length suplied to intervalList::add(), ignoring interval.

-- Finished on Tue Jan 20 19:08:11 2026 (one second) with 4173900.687 GB free disk space
----------------------------------------
-- Finished stage 'generateOutputs', reset canuIteration.
--
-- Assembly 'A2-3' finished in '/share/org/YZWL/yzwl_lixg/project/28.大豆疫霉菌三代基因组/03.hicanu/A2-3/01.raw_output'.
--
-- Summary saved in 'A2-3.report'.
--
-- Sequences saved:
--   Contigs       -> 'A2-3.contigs.fasta'
--   Unassembled   -> 'A2-3.unassembled.fasta'
--
-- Read layouts saved:
--   Contigs       -> 'A2-3.contigs.layout'.
--
-- Bye.

Job 68952626 stderr output:

