Unknown option:  all.fa
------------------------------------------------------------------------------
  MAFFT v7.525 (2024/Mar/13)
  https://mafft.cbrc.jp/alignment/software/
  MBE 30:772-780 (2013), NAR 30:3059-3066 (2002)
------------------------------------------------------------------------------
High speed:
  % mafft in > out
  % mafft --retree 1 in > out (fast)

High accuracy (for <~200 sequences x <~2,000 aa/nt):
  % mafft --maxiterate 1000 --localpair  in > out (% linsi in > out is also ok)
  % mafft --maxiterate 1000 --genafpair  in > out (% einsi in > out)
  % mafft --maxiterate 1000 --globalpair in > out (% ginsi in > out)

If unsure which option to use:
  % mafft --auto in > out

--op # :         Gap opening penalty, default: 1.53
--ep # :         Offset (works like gap extension penalty), default: 0.0
--maxiterate # : Maximum number of iterative refinement, default: 0
--clustalout :   Output: clustal format, default: fasta
--reorder :      Outorder: aligned, default: input order
--quiet :        Do not report progress
--thread # :     Number of threads (if unsure, --thread -1)
--dash :         Add structural information (Rozewicki et al, submitted)
FastTree Version 2.1.11 Double precision (No SSE3)
Alignment: all.mafft.fa
Amino acid distances: BLOSUM45 Joins: balanced Support: SH-like 1000
Search: Normal +NNI +SPR (2 rounds range 10) +ML-NNI opt-each=1
TopHits: 1.00*sqrtN close=default refresh=0.80
ML Model: Jones-Taylor-Thorton, CAT approximation with 20 rate categories
Error reading header line
Job 68729598 stderr output:

