2026-01-19 19:33:24.096 - INFO - 找到kmtricks|Found kmtricks: unknown
2026-01-19 19:33:24.098 - INFO - 找到bgzip|Found bgzip
2026-01-19 19:33:24.098 - INFO - ============================================================
2026-01-19 19:33:24.098 - INFO - 开始K-mer库构建|Starting K-mer database build
2026-01-19 19:33:24.098 - INFO - ============================================================
2026-01-19 19:33:24.098 - INFO - [步骤1/5] 生成FOF文件|[Step 1/5] Generating FOF file
2026-01-19 19:33:24.098 - INFO - 正在生成FOF文件|Generating FOF file: 02.kmer_db/fof.txt
2026-01-19 19:33:24.263 - INFO - FOF文件生成成功|FOF file generated successfully: 02.kmer_db/fof.txt
2026-01-19 19:33:24.263 - INFO - 共|Total 181 个样本|samples
2026-01-19 19:33:24.263 - INFO - [步骤2/5] 运行kmtricks pipeline|[Step 2/5] Running kmtricks pipeline
2026-01-19 19:33:24.263 - INFO - 运行命令|Running command: kmtricks pipeline --file 02.kmer_db/fof.txt --run-dir 02.kmer_db/kmtricks_index --kmer-size 51 --hard-min 2 --recurrence-min 1 --mode kmer:pa:bin --minimizer-size 10 -t 64 --cpr
2026-01-19 19:38:43.655 - ERROR - kmtricks pipeline失败|kmtricks pipeline failed: [2026-01-19 19:33:24.266] [info] Run with Kmer<64> - __uint128_t implementation
[2026-01-19 19:33:24.272] [info] Compute configuration...
[2026-01-19 19:33:24.272] [info] 181 samples found (362 read files).
[2026-01-19 19:34:06.072] [info] Use 3771 partitions.
[2026-01-19 19:34:06.363] [info] Compute minimizer repartition...
terminate called recursively
terminate called recursively
terminate called recursively
terminate called recursively
terminate called recursively
terminate called recursively
terminate called recursively
terminate called recursively
terminate called recursively
terminate called after throwing an instance of 'terminate called recursively
terminate called recursively
terminate called recursively
std::runtime_errorterminate called recursively
'
terminate called recursively
terminate called recursively
terminate called recursively
terminate called recursively
terminate called recursively
terminate called recursively
terminate called recursively
terminate called recursively
terminate called recursively
terminate called recursively
terminate called recursively
terminate called recursively
terminate called recursively
terminate called recursively
terminate called recursively
terminate called recursively
terminate called recursively
terminate called recursively
  what():  Unable to open /share/org/YZWL/yzwl_lixg/tmp/soybean_kmtricks/02.kmer_db/kmtricks_index/superkmers/DB103A/skp.3204
[2026-01-19 19:38:42.749] [error] Killed after receive Aborted:SIGABRT(6) signal. Demangled backtrace dumped at ./kmtricks_backtrace.log. If the problem persists, please open an issue with the return of 'kmtricks infos' and the content of ./kmtricks_backtrace.log
[2026-01-19 19:38:42.750] [error] Killed after receive Aborted:SIGABRT(6) signal. Demangled backtrace dumped at ./kmtricks_backtrace.log. If the problem persists, please open an issue with the return of 'kmtricks infos' and the content of ./kmtricks_backtrace.log
[2026-01-19 19:38:42.817] [error] Killed after receive Aborted:SIGABRT(6) signal. Demangled backtrace dumped at ./kmtricks_backtrace.log. If the problem persists, please open an issue with the return of 'kmtricks infos' and the content of ./kmtricks_backtrace.log
[2026-01-19 19:38:42.817] [error] Killed after receive Aborted:SIGABRT(6) signal. Demangled backtrace dumped at ./kmtricks_backtrace.log. If the problem persists, please open an issue with the return of 'kmtricks infos' and the content of ./kmtricks_backtrace.log

2026-01-19 19:38:43.656 - ERROR - 建库失败|Build failed: kmtricks pipeline运行失败|kmtricks pipeline failed
2026-01-19 19:38:43.658 - ERROR - 建库失败|Build failed: kmtricks pipeline运行失败|kmtricks pipeline failed
