2026-01-20 21:43:21.935 - WARNING - 命令错误输出|Command stderr:
-- canu master +27 changes (r10515 2a41e933b8de6ed66723d75d36dd071b46d2c347)
--
-- CITATIONS
--
-- For assemblies of PacBio HiFi reads:
--   Nurk S, Walenz BP, Rhiea A, Vollger MR, Logsdon GA, Grothe R, Miga KH, Eichler EE, Phillippy AM, Koren S.
--   HiCanu: accurate assembly of segmental duplications, satellites, and allelic variants from high-fidelity long reads.
--   biorXiv. 2020.
--   https://doi.org/10.1101/2020.03.14.992248
-- 
-- Read and contig alignments during correction and consensus use:
--   Šošic M, Šikic M.
--   Edlib: a C/C ++ library for fast, exact sequence alignment using edit distance.
--   Bioinformatics. 2017 May 1;33(9):1394-1395.
--   http://doi.org/10.1093/bioinformatics/btw753
-- 
-- Overlaps are generated using:
--   Berlin K, et al.
--   Assembling large genomes with single-molecule sequencing and locality-sensitive hashing.
--   Nat Biotechnol. 2015 Jun;33(6):623-30.
--   http://doi.org/10.1038/nbt.3238
-- 
--   Myers EW, et al.
--   A Whole-Genome Assembly of Drosophila.
--   Science. 2000 Mar 24;287(5461):2196-204.
--   http://doi.org/10.1126/science.287.5461.2196
-- 
-- Contig consensus sequences are generated using an algorithm derived from pbdagcon:
--   Chin CS, et al.
--   Nonhybrid, finished microbial genome assemblies from long-read SMRT sequencing data.
--   Nat Methods. 2013 Jun;10(6):563-9
--   http://doi.org/10.1038/nmeth.2474
-- 
-- CONFIGURE CANU
--
-- Detected Java(TM) Runtime Environment '17.0.15-internal' (from '/share/org/YZWL/yzwl_lixg/.local/bin/java') without -d64 support.
--
-- WARNING:
-- WARNING:  Failed to run gnuplot using command 'gnuplot'.
-- WARNING:  Plots will be disabled.
-- WARNING:
--
-- Detected samtools version '1.22' / htslib version 'htscodecs=1.6.3' (from 'samtools').
--
-- Detected 88 CPUs and 503 gigabytes of memory on the local machine.
--
-- Detected Slurm with 'sinfo' binary in /opt/skyformai/bin/sinfo.
--          Slurm disabled by useGrid=false
--
-- Detected  '' with 'pbsnodes' binary in /opt/skyformai/bin/pbsnodes.
--           disabled by useGrid=false
--
-- Detected LSF with 'bsub' binary in /opt/skyformai/bin/bsub.
--          LSF disabled by useGrid=false
--
-- Local machine mode enabled; grid support not detected or not allowed.
--
-- Found trimmed raw PacBio HiFi reads in the input files.
--
--                                (tag)Concurrency
--                         (tag)Threads          |
--                (tag)Memory         |          |
--        (tag)             |         |          |       total usage      algorithm
--        -------  ----------  --------   --------  --------------------  -----------------------------
-- Local: meryl     12.000 GB    4 CPUs x  22 jobs   264.000 GB  88 CPUs  (k-mer counting)
-- Local: cormhap   13.000 GB   11 CPUs x   8 jobs   104.000 GB  88 CPUs  (overlap detection with mhap)
-- Local: obtovl     8.000 GB    8 CPUs x  11 jobs    88.000 GB  88 CPUs  (overlap detection)
-- Local: utgovl     8.000 GB    8 CPUs x  11 jobs    88.000 GB  88 CPUs  (overlap detection)
-- Local: cor        -.--- GB    4 CPUs x   - jobs     -.--- GB   - CPUs  (read correction)
-- Local: ovb        4.000 GB    1 CPU  x  88 jobs   352.000 GB  88 CPUs  (overlap store bucketizer)
-- Local: ovs        8.000 GB    1 CPU  x  62 jobs   496.000 GB  62 CPUs  (overlap store sorting)
-- Local: red       16.000 GB    4 CPUs x  22 jobs   352.000 GB  88 CPUs  (read error detection)
-- Local: oea        8.000 GB    1 CPU  x  62 jobs   496.000 GB  62 CPUs  (overlap error adjustment)
-- Local: bat       32.000 GB    8 CPUs x   1 job     32.000 GB   8 CPUs  (contig construction with bogart)
-- Local: cns        -.--- GB    8 CPUs x   - jobs     -.--- GB   - CPUs  (consensus)
--
-- Generating assembly 'N4-2' in '/share/org/YZWL/yzwl_lixg/project/28.大豆疫霉菌三代基因组/03.hicanu/N4-2/01.raw_output':
--   genomeSize:
--     85000000
--
--   Overlap Generation Limits:
--     corOvlErrorRate 0.0000 (  0.00%)
--     obtOvlErrorRate 0.0250 (  2.50%)
--     utgOvlErrorRate 0.0100 (  1.00%)
--
--   Overlap Processing Limits:
--     corErrorRate    0.0000 (  0.00%)
--     obtErrorRate    0.0250 (  2.50%)
--     utgErrorRate    0.0003 (  0.03%)
--     cnsErrorRate    0.0500 (  5.00%)
--
--   Stages to run:
--     assemble HiFi reads.
--
--
-- BEGIN STORE CREATION
----------------------------------------
-- Starting command on Tue Jan 20 18:51:49 2026 with 4176260.234 GB free disk space

    cd .
    ./N4-2.seqStore.sh \
    > ./N4-2.seqStore.err 2>&1

-- Finished on Tue Jan 20 18:59:05 2026 (436 seconds) with 4175409.015 GB free disk space
----------------------------------------
--
-- In sequence store './N4-2.seqStore':
--   Found 297904 reads.
--   Found 4250003342 bases (50 times coverage).
--    Histogram of corrected reads:
--    
--    G=4250003342                       sum of  ||               length     num
--    NG         length     index       lengths  ||                range    seqs
--    ----- ------------ --------- ------------  ||  ------------------- -------
--    00010        21480     18350    425010031  ||       1254-2327         4684|--------
--    00020        19777     39036    850003935  ||       2328-3401         9249|---------------
--    00030        18628     61210   1275011832  ||       3402-4475        11143|------------------
--    00040        17723     84618   1700015651  ||       4476-5549        11254|------------------
--    00050        16986    109128   2125017160  ||       5550-6623        11010|------------------
--    00060        16330    134654   2550012174  ||       6624-7697        10285|-----------------
--    00070        15668    161208   2975017295  ||       7698-8771         9376|---------------
--    00080        14636    189131   3400012601  ||       8772-9845         8249|-------------
--    00090         9771    223198   3825010945  ||       9846-10919        6982|-----------
--    00100         1254    297904   4250003342  ||      10920-11993        6167|----------
--    001.000x              297904   4250003342  ||      11994-13067        5902|----------
--                                               ||      13068-14141        7840|-------------
--                                               ||      14142-15215       19576|-------------------------------
--                                               ||      15216-16289       39936|---------------------------------------------------------------
--                                               ||      16290-17363       40406|---------------------------------------------------------------
--                                               ||      17364-18437       30140|-----------------------------------------------
--                                               ||      18438-19511       22275|-----------------------------------
--                                               ||      19512-20585       15743|-------------------------
--                                               ||      20586-21659       10890|-----------------
--                                               ||      21660-22733        7386|------------
--                                               ||      22734-23807        4587|--------
--                                               ||      23808-24881        2549|----
--                                               ||      24882-25955        1349|---
--                                               ||      25956-27029         563|-
--                                               ||      27030-28103         233|-
--                                               ||      28104-29177          73|-
--                                               ||      29178-30251          19|-
--                                               ||      30252-31325           2|-
--                                               ||      31326-32399           9|-
--                                               ||      32400-33473           4|-
--                                               ||      33474-34547           6|-
--                                               ||      34548-35621           3|-
--                                               ||      35622-36695           4|-
--                                               ||      36696-37769           1|-
--                                               ||      37770-38843           2|-
--                                               ||      38844-39917           3|-
--                                               ||      39918-40991           2|-
--                                               ||      40992-42065           0|
--                                               ||      42066-43139           0|
--                                               ||      43140-44213           2|-
--    
--
-- In sequence store './N4-2.seqStore':
--   Found 297904 reads.
--   Found 4250003342 bases (50 times coverage).
--    Histogram of corrected-trimmed reads:
--    
--    G=4250003342                       sum of  ||               length     num
--    NG         length     index       lengths  ||                range    seqs
--    ----- ------------ --------- ------------  ||  ------------------- -------
--    00010        21480     18350    425010031  ||       1254-2327         4684|--------
--    00020        19777     39036    850003935  ||       2328-3401         9249|---------------
--    00030        18628     61210   1275011832  ||       3402-4475        11143|------------------
--    00040        17723     84618   1700015651  ||       4476-5549        11254|------------------
--    00050        16986    109128   2125017160  ||       5550-6623        11010|------------------
--    00060        16330    134654   2550012174  ||       6624-7697        10285|-----------------
--    00070        15668    161208   2975017295  ||       7698-8771         9376|---------------
--    00080        14636    189131   3400012601  ||       8772-9845         8249|-------------
--    00090         9771    223198   3825010945  ||       9846-10919        6982|-----------
--    00100         1254    297904   4250003342  ||      10920-11993        6167|----------
--    001.000x              297904   4250003342  ||      11994-13067        5902|----------
--                                               ||      13068-14141        7840|-------------
--                                               ||      14142-15215       19576|-------------------------------
--                                               ||      15216-16289       39936|---------------------------------------------------------------
--                                               ||      16290-17363       40406|---------------------------------------------------------------
--                                               ||      17364-18437       30140|-----------------------------------------------
--                                               ||      18438-19511       22275|-----------------------------------
--                                               ||      19512-20585       15743|-------------------------
--                                               ||      20586-21659       10890|-----------------
--                                               ||      21660-22733        7386|------------
--                                               ||      22734-23807        4587|--------
--                                               ||      23808-24881        2549|----
--                                               ||      24882-25955        1349|---
--                                               ||      25956-27029         563|-
--                                               ||      27030-28103         233|-
--                                               ||      28104-29177          73|-
--                                               ||      29178-30251          19|-
--                                               ||      30252-31325           2|-
--                                               ||      31326-32399           9|-
--                                               ||      32400-33473           4|-
--                                               ||      33474-34547           6|-
--                                               ||      34548-35621           3|-
--                                               ||      35622-36695           4|-
--                                               ||      36696-37769           1|-
--                                               ||      37770-38843           2|-
--                                               ||      38844-39917           3|-
--                                               ||      39918-40991           2|-
--                                               ||      40992-42065           0|
--                                               ||      42066-43139           0|
--                                               ||      43140-44213           2|-
--    
--
-- Correction skipped; not enabled.
--
-- Trimming skipped; not enabled.
--
-- BEGIN ASSEMBLY
----------------------------------------
-- Starting command on Tue Jan 20 18:59:05 2026 with 4175408.921 GB free disk space

    cd unitigging/0-mercounts
    ./meryl-configure.sh \
    > ./meryl-configure.err 2>&1

-- Finished on Tue Jan 20 18:59:06 2026 (one second) with 4175408.921 GB free disk space
----------------------------------------
--  segments   memory batches
--  -------- -------- -------
--        01 10.72 GB       2
--        02  5.68 GB       2
--        04  2.94 GB       2
--        06  2.14 GB       2
--        08  1.60 GB       2
--        12  1.07 GB       2
--        16  0.81 GB       2
--        20  0.65 GB       2
--        24  0.54 GB       2
--        32  0.41 GB       2
--        40  0.32 GB       2
--        48  -.-- GB       -  (segment size too small)
--        56  -.-- GB       -  (segment size too small)
--        64  -.-- GB       -  (segment size too small)
--        96  -.-- GB       -  (segment size too small)
--
--  For 297904 reads with 4250003342 bases, limit to 42 batches.
--  Will count kmers using 01 jobs, each using 12 GB and 4 threads.
--
-- Finished stage 'merylConfigure', reset canuIteration.
--
-- Running jobs.  First attempt out of 2.
----------------------------------------
-- Starting 'meryl' concurrent execution on Tue Jan 20 18:59:06 2026 with 4175408.89 GB free disk space (1 processes; 22 concurrently)

    cd unitigging/0-mercounts
    ./meryl-count.sh 1 > ./meryl-count.000001.out 2>&1

-- Finished on Tue Jan 20 19:02:27 2026 (201 seconds) with 4174577.89 GB free disk space
----------------------------------------
-- Found 1 Kmer counting (meryl) outputs.
-- Finished stage 'utg-merylCountCheck', reset canuIteration.
--
-- Running jobs.  First attempt out of 2.
----------------------------------------
-- Starting 'meryl' concurrent execution on Tue Jan 20 19:02:27 2026 with 4174577.859 GB free disk space (1 processes; 22 concurrently)

    cd unitigging/0-mercounts
    ./meryl-process.sh 1 > ./meryl-process.000001.out 2>&1

-- Finished on Tue Jan 20 19:02:32 2026 (5 seconds) with 4174577.5 GB free disk space
----------------------------------------
-- Meryl finished successfully.  Kmer frequency histogram:
--
-- WARNING: gnuplot failed.
--
----------------------------------------
--
--  22-mers                                                                                           Fraction
--    Occurrences   NumMers                                                                         Unique Total
--       1-     1         0                                                                        0.0000 0.0000
--       2-     2    102504                                                                        0.0023 0.0001
--       3-     4     31447                                                                        0.0028 0.0001
--       5-     7      7635                                                                        0.0031 0.0001
--       8-    11      2093                                                                        0.0032 0.0001
--      12-    16      5356                                                                        0.0032 0.0001
--      17-    22     72659                                                                        0.0034 0.0002
--      23-    29    757146 ***                                                                    0.0057 0.0008
--      30-    37   5848649 ***********************                                                0.0284 0.0097
--      38-    46  17466976 ********************************************************************** 0.1851 0.0873
--      47-    56  13264466 *****************************************************                  0.5866 0.3291
--      57-    67   2416937 *********                                                              0.8495 0.5177
--      68-    79    629218 **                                                                     0.8935 0.5552
--      80-    92   1056577 ****                                                                   0.9077 0.5701
--      93-   106    767975 ***                                                                    0.9315 0.5990
--     107-   121    293272 *                                                                      0.9476 0.6213
--     122-   137    297888 *                                                                      0.9538 0.6312
--     138-   154    265882 *                                                                      0.9606 0.6436
--     155-   172    156080                                                                        0.9663 0.6552
--     173-   191    172562                                                                        0.9698 0.6632
--     192-   211    128156                                                                        0.9735 0.6728
--     212-   232    114922                                                                        0.9764 0.6809
--     233-   254     97835                                                                        0.9789 0.6887
--     255-   277     90396                                                                        0.9811 0.6962
--     278-   301     74882                                                                        0.9831 0.7036
--     302-   326     73950                                                                        0.9848 0.7104
--     327-   352     53857                                                                        0.9864 0.7175
--     353-   379     43690                                                                        0.9876 0.7232
--     380-   407     39744                                                                        0.9886 0.7281
--     408-   436     35356                                                                        0.9894 0.7330
--     437-   466     31810                                                                        0.9902 0.7376
--     467-   497     29027                                                                        0.9909 0.7421
--     498-   529     25068                                                                        0.9916 0.7464
--     530-   562     23788                                                                        0.9921 0.7504
--     563-   596     19754                                                                        0.9927 0.7544
--     597-   631     17325                                                                        0.9931 0.7580
--     632-   667     15217                                                                        0.9935 0.7613
--     668-   704     14493                                                                        0.9938 0.7644
--     705-   742     11489                                                                        0.9941 0.7675
--     743-   781     13389                                                                        0.9944 0.7700
--     782-   821     11148                                                                        0.9947 0.7732
--
--           0 (max occurrences)
--  3208947034 (total mers, non-unique)
--    44807121 (distinct mers, non-unique)
--           0 (unique mers)
-- Finished stage 'meryl-process', reset canuIteration.
--
-- Removing meryl database 'unitigging/0-mercounts/N4-2.ms22'.
--
-- OVERLAPPER (normal) (assembly) erate=0.01
--
----------------------------------------
-- Starting command on Tue Jan 20 19:02:32 2026 with 4174578.609 GB free disk space

    cd unitigging/1-overlapper
    /share/org/YZWL/yzwl_lixg/miniforge3/envs/canu_v.2.3/bin/overlapInCorePartition \
     -S  ../../N4-2.seqStore \
     -hl 160000000 \
     -rl 5000000000 \
     -ol 500 \
     -o  ./N4-2.partition \
    > ./N4-2.partition.err 2>&1

-- Finished on Tue Jan 20 19:02:32 2026 (in the blink of an eye) with 4174578.593 GB free disk space
----------------------------------------
--
-- Configured 21 overlapInCore jobs.
-- Finished stage 'utg-overlapConfigure', reset canuIteration.
--
-- Running jobs.  First attempt out of 2.
----------------------------------------
-- Starting 'utgovl' concurrent execution on Tue Jan 20 19:02:32 2026 with 4174578.546 GB free disk space (21 processes; 11 concurrently)

    cd unitigging/1-overlapper
    ./overlap.sh 1 > ./overlap.000001.out 2>&1
    ./overlap.sh 2 > ./overlap.000002.out 2>&1
    ./overlap.sh 3 > ./overlap.000003.out 2>&1
    ./overlap.sh 4 > ./overlap.000004.out 2>&1
    ./overlap.sh 5 > ./overlap.000005.out 2>&1
    ./overlap.sh 6 > ./overlap.000006.out 2>&1
    ./overlap.sh 7 > ./overlap.000007.out 2>&1
    ./overlap.sh 8 > ./overlap.000008.out 2>&1
    ./overlap.sh 9 > ./overlap.000009.out 2>&1
    ./overlap.sh 10 > ./overlap.000010.out 2>&1
    ./overlap.sh 11 > ./overlap.000011.out 2>&1
    ./overlap.sh 12 > ./overlap.000012.out 2>&1
    ./overlap.sh 13 > ./overlap.000013.out 2>&1
    ./overlap.sh 14 > ./overlap.000014.out 2>&1
    ./overlap.sh 15 > ./overlap.000015.out 2>&1
    ./overlap.sh 16 > ./overlap.000016.out 2>&1
    ./overlap.sh 17 > ./overlap.000017.out 2>&1
    ./overlap.sh 18 > ./overlap.000018.out 2>&1
    ./overlap.sh 19 > ./overlap.000019.out 2>&1
    ./overlap.sh 20 > ./overlap.000020.out 2>&1
    ./overlap.sh 21 > ./overlap.000021.out 2>&1

-- Finished on Tue Jan 20 19:39:46 2026 (2234 seconds) with 4168970.234 GB free disk space
----------------------------------------
-- Found 21 overlapInCore output files.
--
-- overlapInCore compute 'unitigging/1-overlapper':
--   kmer hits
--     with no overlap       1418939747  59.3809524 +- 42563532.499
--     with an overlap         68265407  3.66666667 +- 1967503.215
--
--   overlaps                  68265407  3.66666667 +- 1967503.215
--     contained               14503109  .238095238 +- 417797.601
--     dovetail                53762298  9.42857143 +- 1555917.056
--
--   overlaps rejected
--     multiple per pair              0           0 +- 0
--     bad short window               0           0 +- 0
--     bad long window                0           0 +- 0
-- Finished stage 'utg-overlapCheck', reset canuIteration.
----------------------------------------
-- Starting command on Tue Jan 20 19:39:46 2026 with 4168970.218 GB free disk space

    cd unitigging
    /share/org/YZWL/yzwl_lixg/miniforge3/envs/canu_v.2.3/bin/ovStoreConfig \
     -S ../N4-2.seqStore \
     -M 4-8 \
     -L ./1-overlapper/ovljob.files \
     -create ./N4-2.ovlStore.config \
     > ./N4-2.ovlStore.config.txt \
    2> ./N4-2.ovlStore.config.err

-- Finished on Tue Jan 20 19:39:46 2026 (fast as lightning) with 4168970.203 GB free disk space
----------------------------------------
--
-- Creating overlap store unitigging/N4-2.ovlStore using:
--      1 bucket
--      1 slice
--        using at most 4 GB memory each
--
-- Running jobs.  First attempt out of 2.
----------------------------------------
-- Starting 'ovS' concurrent execution on Tue Jan 20 19:39:46 2026 with 4168970.187 GB free disk space (1 processes; 62 concurrently)

    cd unitigging
    ./N4-2.ovlStore.sh 1 > ./N4-2.ovlStore.000001.out 2>&1

-- Finished on Tue Jan 20 19:40:16 2026 (30 seconds) with 4168905.75 GB free disk space
----------------------------------------
-- Checking store.
----------------------------------------
-- Starting command on Tue Jan 20 19:40:16 2026 with 4168905.75 GB free disk space

    cd unitigging
    /share/org/YZWL/yzwl_lixg/miniforge3/envs/canu_v.2.3/bin/ovStoreDump \
     -S ../N4-2.seqStore \
     -O  ./N4-2.ovlStore \
     -counts \
     > ./N4-2.ovlStore/counts.dat 2> ./N4-2.ovlStore/counts.err

-- Finished on Tue Jan 20 19:40:17 2026 (one second) with 4168905.718 GB free disk space
----------------------------------------
--
-- Overlap store 'unitigging/N4-2.ovlStore' successfully constructed.
-- Found 136530814 overlaps for 291991 reads; 1769064 reads have no overlaps.
--
--
-- Purged 1.276 GB in 63 overlap output files.
----------------------------------------
-- Starting command on Tue Jan 20 19:40:18 2026 with 4168906.781 GB free disk space

    cd unitigging
    /share/org/YZWL/yzwl_lixg/miniforge3/envs/canu_v.2.3/bin/ovStoreStats \
     -C 50 \
     -S ../N4-2.seqStore \
     -O  ./N4-2.ovlStore \
     -o  ./N4-2.ovlStore \
     > ./N4-2.ovlStore.summary.err 2>&1

-- Finished on Tue Jan 20 19:40:38 2026 (20 seconds) with 4168747.515 GB free disk space
----------------------------------------
--
-- Overlap store 'unitigging/N4-2.ovlStore' contains:
--
--   category            reads     %          read length        feature size or coverage  analysis
--   ----------------  -------  -------  ----------------------  ------------------------  --------------------
--   middle-missing        177    0.06    13831.60 +- 6792.31        622.29 +- 802.17     (bad trimming)
--   middle-hump            17    0.01    14003.29 +- 3899.87       2786.00 +- 2125.96    (bad trimming)
--   no-5-prime            583    0.20    11240.48 +- 4410.43       1197.87 +- 2125.28    (bad trimming)
--   no-3-prime            763    0.26    10203.94 +- 4915.18        932.09 +- 1803.88    (bad trimming)
--   
--   low-coverage          684    0.23     8126.50 +- 4677.08          5.43 +- 3.60       (easy to assemble, potential for lower quality consensus)
--   unique             231401   77.68    10911.04 +- 4414.93         44.69 +- 7.94       (easy to assemble, perfect, yay)
--   repeat-cont         28978    9.73     9531.03 +- 3817.17       2166.31 +- 1579.04    (potential for consensus errors, no impact on assembly)
--   repeat-dove           382    0.13    16785.82 +- 1636.84        790.89 +- 1118.21    (hard to assemble, likely won't assemble correctly or even at all)
--   
--   span-repeat          2947    0.99    12107.27 +- 3862.25       2618.03 +- 3005.53    (read spans a large repeat, usually easy to assemble)
--   uniq-repeat-cont    16175    5.43    10892.57 +- 3629.06                             (should be uniquely placed, low potential for consensus errors, no impact on assembly)
--   uniq-repeat-dove     3708    1.24    15588.89 +- 2172.17                             (will end contigs, potential to misassemble)
--   uniq-anchor          6176    2.07    11787.57 +- 3636.54       6632.58 +- 4006.74    (repeat read, with unique section, probable bad read)
-- Finished stage 'utg-createOverlapStore', reset canuIteration.
--
-- Loading read lengths.
-- Loading number of overlaps per read.
--
-- Configure RED for 16gb memory.
--                   Batches of at most (unlimited) reads.
--                                      500000000 bases.
--                   Expecting evidence of at most 536870912 bases per iteration.
--
--           Total                                               Reads                 Olaps Evidence
--    Job   Memory      Read Range         Reads        Bases   Memory        Olaps   Memory   Memory  (Memory in MB)
--   ---- -------- ------------------- --------- ------------ -------- ------------ -------- --------
--      1 16385.80         1-45536          6491    108826649 13284.71      2542528    29.10  1024.00
--      2 16384.73     45537-92779          6933    108823130 13284.29      2484776    28.44  1024.00
--      3 16385.94     92780-144481         7349    108786632 13279.85      2978552    34.09  1024.00
--      4 16385.40    144482-193331         7081    108618315 13259.29      4727493    54.10  1024.00
--      5 16384.59    193332-246242         7736    108824008 13284.42      2461430    28.17  1024.00
--      6 16386.01    246243-314936         9977    108634051 13261.31      4605631    52.71  1024.00
--      7 16384.39    314937-362678         6814    108729605 13272.87      3452823    39.51  1024.00
--      8 16385.90    362679-412363         7211    108735941 13273.66      3516478    40.24  1024.00
--      9 16384.29    412364-478064         9464    108729691 13272.97      3436312    39.33  1024.00
--     10 16385.80    478065-528046         7236    108749991 13275.37      3358055    38.43  1024.00
--     11 16385.24    528047-575002         6955    108572703 13253.72      5200306    59.51  1024.00
--     12 16384.18    575003-628936         7969    108916362 13295.71      1439966    16.48  1024.00
--     13 16385.26    628937-689742         8905    108617033 13259.20      4724600    54.07  1024.00
--     14 16384.18    689743-736983         6841    108688671 13267.88      3871186    44.30  1024.00
--     15 16384.01    736984-788726         7367    108721287 13271.87      3507483    40.14  1024.00
--     16 16385.10    788727-852349         9195    108605279 13257.77      4834826    55.33  1024.00
--     17 16385.05    852350-900266         6713    108720872 13271.80      3604101    41.25  1024.00
--     18 16384.69    900267-949516         7101    108692993 13268.41      3869466    44.28  1024.00
--     19 16384.37    949517-1010304        8807    108734572 13273.54      3393081    38.83  1024.00
--     20 16384.43   1010305-1056565        6735    108783336 13279.43      2883485    33.00  1024.00
--     21 16385.71   1056566-1102520        6574    108746947 13274.98      3384421    38.73  1024.00
--     22 16385.87   1102521-1152249        7262    108965478 13301.68      1065141    12.19  1024.00
--     23 16384.23   1152250-1203327        7371    108791054 13280.39      2782191    31.84  1024.00
--     24 16384.88   1203328-1251541        6898    108602426 13257.35      4852030    55.53  1024.00
--     25 16384.60   1251542-1304899        7661    108831879 13285.38      2378066    27.21  1024.00
--     26 16384.06   1304900-1369091        9362    108652168 13263.50      4243538    48.56  1024.00
--     27 16384.46   1369092-1415774        6785    108734066 13273.41      3411991    39.05  1024.00
--     28 16385.63   1415775-1465190        7142    108709951 13270.48      3769885    43.14  1024.00
--     29 16387.05   1465191-1530255        9279    108684035 13267.39      4164791    47.66  1024.00
--     30 16384.76   1530256-1576645        6765    108846416 13287.13      2239276    25.63  1024.00
--     31 16385.10   1576646-1624571        6928    108626772 13260.32      4611543    52.77  1024.00
--     32 16384.84   1624572-1680560        8098    108925456 13296.82      1399877    16.02  1024.00
--     33 16384.18   1680561-1737723        8160    108682522 13267.17      3932947    45.01  1024.00
--     34 16384.91   1737724-1785835        6897    108644165 13262.44      4409364    50.46  1024.00
--     35 16384.71   1785836-1837442        7488    108785187 13279.68      2886090    33.03  1024.00
--     36 16384.45   1837443-1899648        9021    108646135 13262.75      4342890    49.70  1024.00
--     37 16384.72   1899649-1946319        6726    108728425 13272.72      3494575    39.99  1024.00
--     38 16386.14   1946320-1995242        7052    108733247 13273.32      3566615    40.82  1024.00
--     39 16385.82   1995243-2055306        8743    108655021 13263.83      4368444    49.99  1024.00
--     40  4235.63   2055307-2061055         812      9500871  1159.80       334561     3.83  1024.00
--   ---- -------- ------------------- --------- ------------ -------- ------------ -------- --------
--                                                 4250003342             136530814
-- Finished stage 'readErrorDetectionConfigure', reset canuIteration.
--
-- Running jobs.  First attempt out of 2.
----------------------------------------
-- Starting 'red' concurrent execution on Tue Jan 20 19:40:45 2026 with 4168747.5 GB free disk space (40 processes; 22 concurrently)

    cd unitigging/3-overlapErrorAdjustment
    ./red.sh 1 > ./red.000001.out 2>&1
    ./red.sh 2 > ./red.000002.out 2>&1
    ./red.sh 3 > ./red.000003.out 2>&1
    ./red.sh 4 > ./red.000004.out 2>&1
    ./red.sh 5 > ./red.000005.out 2>&1
    ./red.sh 6 > ./red.000006.out 2>&1
    ./red.sh 7 > ./red.000007.out 2>&1
    ./red.sh 8 > ./red.000008.out 2>&1
    ./red.sh 9 > ./red.000009.out 2>&1
    ./red.sh 10 > ./red.000010.out 2>&1
    ./red.sh 11 > ./red.000011.out 2>&1
    ./red.sh 12 > ./red.000012.out 2>&1
    ./red.sh 13 > ./red.000013.out 2>&1
    ./red.sh 14 > ./red.000014.out 2>&1
    ./red.sh 15 > ./red.000015.out 2>&1
    ./red.sh 16 > ./red.000016.out 2>&1
    ./red.sh 17 > ./red.000017.out 2>&1
    ./red.sh 18 > ./red.000018.out 2>&1
    ./red.sh 19 > ./red.000019.out 2>&1
    ./red.sh 20 > ./red.000020.out 2>&1
    ./red.sh 21 > ./red.000021.out 2>&1
    ./red.sh 22 > ./red.000022.out 2>&1
    ./red.sh 23 > ./red.000023.out 2>&1
    ./red.sh 24 > ./red.000024.out 2>&1
    ./red.sh 25 > ./red.000025.out 2>&1
    ./red.sh 26 > ./red.000026.out 2>&1
    ./red.sh 27 > ./red.000027.out 2>&1
    ./red.sh 28 > ./red.000028.out 2>&1
    ./red.sh 29 > ./red.000029.out 2>&1
    ./red.sh 30 > ./red.000030.out 2>&1
    ./red.sh 31 > ./red.000031.out 2>&1
    ./red.sh 32 > ./red.000032.out 2>&1
    ./red.sh 33 > ./red.000033.out 2>&1
    ./red.sh 34 > ./red.000034.out 2>&1
    ./red.sh 35 > ./red.000035.out 2>&1
    ./red.sh 36 > ./red.000036.out 2>&1
    ./red.sh 37 > ./red.000037.out 2>&1
    ./red.sh 38 > ./red.000038.out 2>&1
    ./red.sh 39 > ./red.000039.out 2>&1
    ./red.sh 40 > ./red.000040.out 2>&1

-- Finished on Tue Jan 20 20:05:36 2026 (1491 seconds) with 4166089.906 GB free disk space
----------------------------------------
-- Found 40 read error detection output files.
-- Finished stage 'readErrorDetectionCheck', reset canuIteration.
--
-- Loading read lengths.
-- Loading number of overlaps per read.
--
-- Configure OEA for 8gb memory.
--                   Batches of at most (unlimited) reads.
--                                      300000000 bases.
--
--           Total                                               Reads                 Olaps  Adjusts
--    Job   Memory      Read Range         Reads        Bases   Memory        Olaps   Memory   Memory  (Memory in MB)
--   ---- -------- ------------------- --------- ------------ -------- ------------ -------- --------
--      1  2950.41         1-132739        19109    300005468   294.69      7823415   238.75   368.97
--      2  2981.02    132740-282355        21712    300004296   294.77      8823796   269.28   368.97
--      3  3027.17    282356-427294        20933    300001295   294.74     10336818   315.45   368.97
--      4  3072.09    427295-576854        21755    300011822   294.78     11807817   360.35   368.97
--      5  3003.60    576855-727130        22032    300023117   294.80      9562813   291.83   368.97
--      6  3024.45    727131-878885        21706    300005370   294.77     10246746   312.71   368.97
--      7  3036.21    878886-1026333       21237    300019132   294.77     10632127   324.47   368.97
--      8  2916.34   1026334-1156262       18779    300005312   294.68      6707385   204.69   368.97
--      9  2989.95   1156263-1295420       19989    300013456   294.73      9117746   278.25   368.97
--     10  3049.68   1295421-1444489       21680    300007760   294.77     11073422   337.93   368.97
--     11  2968.82   1444490-1593447       21441    300007370   294.76      8424357   257.09   368.97
--     12  2975.92   1593448-1742543       21532    300005617   294.76      8656826   264.19   368.97
--     13  3061.30   1742544-1893465       21801    300013317   294.78     11454143   349.55   368.97
--     14  2953.93   1893466-2029531       19689    300008466   294.71      7938135   242.25   368.97
--     15  2592.46   2029532-2061055        4509     49871544    55.70      3925268   119.79   368.97
--   ---- -------- ------------------- --------- ------------ -------- ------------ -------- --------
--                                                 4250003342             136530814
-- Finished stage 'overlapErrorAdjustmentConfigure', reset canuIteration.
--
-- Running jobs.  First attempt out of 2.
----------------------------------------
-- Starting 'oea' concurrent execution on Tue Jan 20 20:05:45 2026 with 4166090.125 GB free disk space (15 processes; 62 concurrently)

    cd unitigging/3-overlapErrorAdjustment
    ./oea.sh 1 > ./oea.000001.out 2>&1
    ./oea.sh 2 > ./oea.000002.out 2>&1
    ./oea.sh 3 > ./oea.000003.out 2>&1
    ./oea.sh 4 > ./oea.000004.out 2>&1
    ./oea.sh 5 > ./oea.000005.out 2>&1
    ./oea.sh 6 > ./oea.000006.out 2>&1
    ./oea.sh 7 > ./oea.000007.out 2>&1
    ./oea.sh 8 > ./oea.000008.out 2>&1
    ./oea.sh 9 > ./oea.000009.out 2>&1
    ./oea.sh 10 > ./oea.000010.out 2>&1
    ./oea.sh 11 > ./oea.000011.out 2>&1
    ./oea.sh 12 > ./oea.000012.out 2>&1
    ./oea.sh 13 > ./oea.000013.out 2>&1
    ./oea.sh 14 > ./oea.000014.out 2>&1
    ./oea.sh 15 > ./oea.000015.out 2>&1

-- Finished on Tue Jan 20 21:31:12 2026 (5127 seconds) with 4153180.375 GB free disk space
----------------------------------------
-- Found 15 overlap error adjustment output files.
-- Finished stage 'overlapErrorAdjustmentCheck', reset canuIteration.
----------------------------------------
-- Starting command on Tue Jan 20 21:31:12 2026 with 4153180.359 GB free disk space

    cd unitigging/3-overlapErrorAdjustment
    /share/org/YZWL/yzwl_lixg/miniforge3/envs/canu_v.2.3/bin/loadErates \
      -S ../../N4-2.seqStore \
      -O ../N4-2.ovlStore \
      -L ./oea.files \
    > ./oea.apply.err 2>&1

-- Finished on Tue Jan 20 21:31:12 2026 (in the blink of an eye) with 4153180.093 GB free disk space
----------------------------------------
-- No report available.
-- Finished stage 'updateOverlapStore', reset canuIteration.
-- Finished stage 'unitig', reset canuIteration.
--
-- Running jobs.  First attempt out of 2.
----------------------------------------
-- Starting 'bat' concurrent execution on Tue Jan 20 21:31:12 2026 with 4153180.046 GB free disk space (1 processes; 1 concurrently)

    cd unitigging/4-unitigger
    ./unitigger.sh 1 > ./unitigger.000001.out 2>&1

-- Finished on Tue Jan 20 21:31:48 2026 (36 seconds) with 4153061.187 GB free disk space
----------------------------------------
-- Unitigger finished successfully.
--  
--  ERROR RATES
--  -----------
--                                                   --------threshold------
--  332702                       fraction error      fraction        percent
--  samples                              (1e-5)         error          error
--                   --------------------------      --------       --------
--  command line (-eg)                           ->     30.00        0.0300%
--  command line (-ef)                           ->  -----.--      ---.----%
--  command line (-eM)                           ->     30.00        0.0300%
--  mean + std.dev       0.23 +-  12 *     2.22  ->     26.93        0.0269%
--  median + mad         0.00 +-  12 *     0.00  ->      0.00        0.0000%
--  90th percentile                              ->      1.00        0.0010%  (enabled)
--  
--  BEST EDGE FILTERING
--  -------------------
--  At graph threshold 0.0300%, reads:
--    available to have edges:        52386
--    with at least one edge:         45416
--  
--  At max threshold 0.0300%, reads:  (not computed)
--    available to have edges:            0
--    with at least one edge:             0
--  
--  At tight threshold 0.0010%, reads with:
--    both edges below error threshold:     42052  (80.00% minReadsBest threshold = 36332)
--    one  edge  above error threshold:      2515
--    both edges above error threshold:       849
--    at least one edge:                    45416
--  
--  At loose threshold 0.0269%, reads with:
--    both edges below error threshold:     44648  (80.00% minReadsBest threshold = 36332)
--    one  edge  above error threshold:       731
--    both edges above error threshold:        37
--    at least one edge:                    45416
--  
--  
--  INITIAL EDGES
--  -------- ----------------------------------------
--    241240 reads are contained
--   1779008 reads have no best edges (singleton)
--       271 reads have only one best edge (spur) 
--                122 are mutual best
--     40536 reads have two best edges 
--                746 have one mutual best edge
--              39274 have two mutual best edges
--  
--  
--  FINAL EDGES
--  -------- ----------------------------------------
--    241240 reads are contained
--   1779361 reads have no best edges (singleton)
--       145 reads have only one best edge (spur) 
--                117 are mutual best
--     40309 reads have two best edges 
--                639 have one mutual best edge
--              39274 have two mutual best edges
--  
--  
--  EDGE FILTERING
--  -------- ------------------------------------------
--         0 reads are ignored
--      9128 reads have a gap in overlap coverage
--       169 reads have lopsided best edges
-- Found, in version 1, after unitig construction:
--   contigs:      137 sequences, total length 69121614 bp (including 189 repeats of total length 3827566 bp).
--   bubbles:      162 sequences, total length 3440847 bp.
--   unassembled:  16539 sequences, total length 164915815 bp.
--
-- Contig sizes based on genome size 85mbp:
--
--            NG (bp)  LG (contigs)    sum (bp)
--         ----------  ------------  ----------
--     10     8875875             1     8875875
--     20     6442359             3    21891752
--     30     6234440             4    28126192
--     40     4015805             6    36577040
--     50     3417293             8    43429337
--     60     3003718            11    53093540
--     70     1990558            14    60611019
--     80       19168            67    68013530
--
-- Finished stage 'unitigCheck', reset canuIteration.
----------------------------------------
-- Starting command on Tue Jan 20 21:31:48 2026 with 4153061.171 GB free disk space

    cd unitigging
    /share/org/YZWL/yzwl_lixg/miniforge3/envs/canu_v.2.3/bin/utgcns \
      -S ../N4-2.seqStore \
      -T  ./N4-2.ctgStore 1 \
      -partition 0.8 1.5 0.1 \
    > ./N4-2.ctgStore/partitioning.log 2>&1

-- Finished on Tue Jan 20 21:31:57 2026 (9 seconds) with 4153059.703 GB free disk space
----------------------------------------
-- Using slow alignment for consensus (iteration '0').
-- Configured 10 consensus jobs.
-- Finished stage 'consensusConfigure', reset canuIteration.
--
-- Local: cns       13.125 GB    8 CPUs x  11 jobs   144.375 GB  88 CPUs  (consensus)
--
--
-- Running jobs.  First attempt out of 2.
----------------------------------------
-- Starting 'cns' concurrent execution on Tue Jan 20 21:31:57 2026 with 4153059.671 GB free disk space (10 processes; 11 concurrently)

    cd unitigging/5-consensus
    ./consensus.sh 1 > ./consensus.000001.out 2>&1
    ./consensus.sh 2 > ./consensus.000002.out 2>&1
    ./consensus.sh 3 > ./consensus.000003.out 2>&1
    ./consensus.sh 4 > ./consensus.000004.out 2>&1
    ./consensus.sh 5 > ./consensus.000005.out 2>&1
    ./consensus.sh 6 > ./consensus.000006.out 2>&1
    ./consensus.sh 7 > ./consensus.000007.out 2>&1
    ./consensus.sh 8 > ./consensus.000008.out 2>&1
    ./consensus.sh 9 > ./consensus.000009.out 2>&1
    ./consensus.sh 10 > ./consensus.000010.out 2>&1

-- Finished on Tue Jan 20 21:39:46 2026 (469 seconds) with 4152507.234 GB free disk space
----------------------------------------
-- Using slow alignment for consensus (iteration '1').
-- Configured 10 consensus jobs.
-- All 10 consensus jobs finished successfully.
-- Finished stage 'consensusCheck', reset canuIteration.
-- Using slow alignment for consensus (iteration '0').
-- Configured 10 consensus jobs.
----------------------------------------
-- Starting command on Tue Jan 20 21:39:46 2026 with 4152507.187 GB free disk space

    cd unitigging
    /share/org/YZWL/yzwl_lixg/miniforge3/envs/canu_v.2.3/bin/tgStoreLoad \
      -S ../N4-2.seqStore \
      -T  ./N4-2.ctgStore 2 \
      -L ./5-consensus/ctgcns.files \
    > ./5-consensus/ctgcns.files.ctgStoreLoad.err 2>&1

-- Finished on Tue Jan 20 21:39:48 2026 (2 seconds) with 4152506.531 GB free disk space
----------------------------------------
----------------------------------------
-- Starting command on Tue Jan 20 21:39:48 2026 with 4152506.531 GB free disk space

    cd unitigging
    /share/org/YZWL/yzwl_lixg/miniforge3/envs/canu_v.2.3/bin/tgTigDisplay \
      -S ../N4-2.seqStore \
      -b \
      -o ../N4-2.contigs.unsorted.bam \
      -L ./5-consensus/ctgcns.files \
    > ./5-consensus/ctgcns.files.contigs.bam.err 2>&1

-- Finished on Tue Jan 20 21:42:28 2026 (160 seconds) with 4154535.031 GB free disk space
----------------------------------------
----------------------------------------
-- Starting command on Tue Jan 20 21:42:28 2026 with 4154535.031 GB free disk space

    cd .
    samtools sort \
      --write-index \
      --threads 2 \
      -o ./N4-2.contigs.bam ./N4-2.contigs.unsorted.bam \
    > ./ctgcns.bam.err 2>&1

-- Finished on Tue Jan 20 21:43:19 2026 (51 seconds) with 4154526.953 GB free disk space
----------------------------------------
-- Purging consensus output after loading to ctgStore.
-- Purged 10 .cns outputs.
----------------------------------------
-- Starting command on Tue Jan 20 21:43:19 2026 with 4154528.5 GB free disk space

    cd unitigging
    /share/org/YZWL/yzwl_lixg/miniforge3/envs/canu_v.2.3/bin/tgStoreDump \
      -S ../N4-2.seqStore \
      -T ./N4-2.ctgStore 2 \
      -sizes -s 85000000 \
    > ./N4-2.ctgStore/seqDB.v002.sizes.txt
ZERO length suplied to intervalList::add(), ignoring interval.
ZERO length suplied to intervalList::add(), ignoring interval.
ZERO length suplied to intervalList::add(), ignoring interval.
ZERO length suplied to intervalList::add(), ignoring interval.
ZERO length suplied to intervalList::add(), ignoring interval.
ZERO length suplied to intervalList::add(), ignoring interval.
ZERO length suplied to intervalList::add(), ignoring interval.
ZERO length suplied to intervalList::add(), ignoring interval.
ZERO length suplied to intervalList::add(), ignoring interval.
ZERO length suplied to intervalList::add(), ignoring interval.
ZERO length suplied to intervalList::add(), ignoring interval.
ZERO length suplied to intervalList::add(), ignoring interval.
ZERO length suplied to intervalList::add(), ignoring interval.
ZERO length suplied to intervalList::add(), ignoring interval.
ZERO length suplied to intervalList::add(), ignoring interval.
ZERO length suplied to intervalList::add(), ignoring interval.
ZERO length suplied to intervalList::add(), ignoring interval.
ZERO length suplied to intervalList::add(), ignoring interval.
ZERO length suplied to intervalList::add(), ignoring interval.
ZERO length suplied to intervalList::add(), ignoring interval.
ZERO length suplied to intervalList::add(), ignoring interval.
ZERO length suplied to intervalList::add(), ignoring interval.
ZERO length suplied to intervalList::add(), ignoring interval.
ZERO length suplied to intervalList::add(), ignoring interval.
ZERO length suplied to intervalList::add(), ignoring interval.
ZERO length suplied to intervalList::add(), ignoring interval.
ZERO length suplied to intervalList::add(), ignoring interval.
ZERO length suplied to intervalList::add(), ignoring interval.
ZERO length suplied to intervalList::add(), ignoring interval.
ZERO length suplied to intervalList::add(), ignoring interval.
ZERO length suplied to intervalList::add(), ignoring interval.
ZERO length suplied to intervalList::add(), ignoring interval.
ZERO length suplied to intervalList::add(), ignoring interval.
ZERO length suplied to intervalList::add(), ignoring interval.
ZERO length suplied to intervalList::add(), ignoring interval.
ZERO length suplied to intervalList::add(), ignoring interval.
ZERO length suplied to intervalList::add(), ignoring interval.
ZERO length suplied to intervalList::add(), ignoring interval.
ZERO length suplied to intervalList::add(), ignoring interval.
ZERO length suplied to intervalList::add(), ignoring interval.
ZERO length suplied to intervalList::add(), ignoring interval.
ZERO length suplied to intervalList::add(), ignoring interval.
ZERO length suplied to intervalList::add(), ignoring interval.
ZERO length suplied to intervalList::add(), ignoring interval.
ZERO length suplied to intervalList::add(), ignoring interval.
ZERO length suplied to intervalList::add(), ignoring interval.

-- Finished on Tue Jan 20 21:43:19 2026 (fast as lightning) with 4154528.5 GB free disk space
----------------------------------------
-- Found, in version 2, after consensus generation:
--   contigs:      137 sequences, total length 90213119 bp (including 189 repeats of total length 5229737 bp).
--   bubbles:      162 sequences, total length 4657645 bp.
--   unassembled:  16539 sequences, total length 228967988 bp.
--
-- Contig sizes based on genome size 85mbp:
--
--            NG (bp)  LG (contigs)    sum (bp)
--         ----------  ------------  ----------
--     10    11536427             1    11536427
--     20     8540673             2    20077100
--     30     8369455             3    28446555
--     40     8097126             4    36543681
--     50     5246660             6    47586157
--     60     4483161             7    52069318
--     70     4418780             9    60951140
--     80     3920237            11    69141105
--     90     2592191            14    78931988
--    100     1160365            18    85159240
--
-- Finished stage 'consensusLoad', reset canuIteration.
----------------------------------------
-- Starting command on Tue Jan 20 21:43:19 2026 with 4154528.484 GB free disk space

    cd .
    /share/org/YZWL/yzwl_lixg/miniforge3/envs/canu_v.2.3/bin/tgStoreDump \
      -S ./N4-2.seqStore \
      -T ./unitigging/N4-2.ctgStore 2 \
      -o ./N4-2.contigs \
      -layout \
    > ./N4-2.contigs.layout.err 2>&1

-- Finished on Tue Jan 20 21:43:20 2026 (one second) with 4154528.437 GB free disk space
----------------------------------------
----------------------------------------
-- Starting command on Tue Jan 20 21:43:20 2026 with 4154528.437 GB free disk space

    cd .
    /share/org/YZWL/yzwl_lixg/miniforge3/envs/canu_v.2.3/bin/tgStoreDump \
      -S ./N4-2.seqStore \
      -T ./unitigging/N4-2.ctgStore 2 \
      -consensus -fasta \
      -unassembled \
    > ./N4-2.unassembled.fasta
    2> ./N4-2.unassembled.err
ZERO length suplied to intervalList::add(), ignoring interval.
ZERO length suplied to intervalList::add(), ignoring interval.
ZERO length suplied to intervalList::add(), ignoring interval.
ZERO length suplied to intervalList::add(), ignoring interval.
ZERO length suplied to intervalList::add(), ignoring interval.
ZERO length suplied to intervalList::add(), ignoring interval.
ZERO length suplied to intervalList::add(), ignoring interval.
ZERO length suplied to intervalList::add(), ignoring interval.
ZERO length suplied to intervalList::add(), ignoring interval.
ZERO length suplied to intervalList::add(), ignoring interval.
ZERO length suplied to intervalList::add(), ignoring interval.
ZERO length suplied to intervalList::add(), ignoring interval.
ZERO length suplied to intervalList::add(), ignoring interval.
ZERO length suplied to intervalList::add(), ignoring interval.
ZERO length suplied to intervalList::add(), ignoring interval.
ZERO length suplied to intervalList::add(), ignoring interval.
ZERO length suplied to intervalList::add(), ignoring interval.
ZERO length suplied to intervalList::add(), ignoring interval.
ZERO length suplied to intervalList::add(), ignoring interval.
ZERO length suplied to intervalList::add(), ignoring interval.
ZERO length suplied to intervalList::add(), ignoring interval.
ZERO length suplied to intervalList::add(), ignoring interval.
ZERO length suplied to intervalList::add(), ignoring interval.
ZERO length suplied to intervalList::add(), ignoring interval.
ZERO length suplied to intervalList::add(), ignoring interval.
ZERO length suplied to intervalList::add(), ignoring interval.
ZERO length suplied to intervalList::add(), ignoring interval.
ZERO length suplied to intervalList::add(), ignoring interval.
ZERO length suplied to intervalList::add(), ignoring interval.
ZERO length suplied to intervalList::add(), ignoring interval.
ZERO length suplied to intervalList::add(), ignoring interval.
ZERO length suplied to intervalList::add(), ignoring interval.
ZERO length suplied to intervalList::add(), ignoring interval.
ZERO length suplied to intervalList::add(), ignoring interval.
ZERO length suplied to intervalList::add(), ignoring interval.
ZERO length suplied to intervalList::add(), ignoring interval.
ZERO length suplied to intervalList::add(), ignoring interval.
ZERO length suplied to intervalList::add(), ignoring interval.
ZERO length suplied to intervalList::add(), ignoring interval.
ZERO length suplied to intervalList::add(), ignoring interval.
ZERO length suplied to intervalList::add(), ignoring interval.
ZERO length suplied to intervalList::add(), ignoring interval.
ZERO length suplied to intervalList::add(), ignoring interval.
ZERO length suplied to intervalList::add(), ignoring interval.
ZERO length suplied to intervalList::add(), ignoring interval.
ZERO length suplied to intervalList::add(), ignoring interval.

-- Finished on Tue Jan 20 21:43:21 2026 (one second) with 4154528.203 GB free disk space
----------------------------------------
----------------------------------------
-- Starting command on Tue Jan 20 21:43:21 2026 with 4154528.203 GB free disk space

    cd .
    /share/org/YZWL/yzwl_lixg/miniforge3/envs/canu_v.2.3/bin/tgStoreDump \
      -S ./N4-2.seqStore \
      -T ./unitigging/N4-2.ctgStore 2 \
      -consensus -fasta \
      -contigs \
    > ./N4-2.contigs.fasta
    2> ./N4-2.contigs.err
ZERO length suplied to intervalList::add(), ignoring interval.
ZERO length suplied to intervalList::add(), ignoring interval.
ZERO length suplied to intervalList::add(), ignoring interval.
ZERO length suplied to intervalList::add(), ignoring interval.
ZERO length suplied to intervalList::add(), ignoring interval.
ZERO length suplied to intervalList::add(), ignoring interval.
ZERO length suplied to intervalList::add(), ignoring interval.
ZERO length suplied to intervalList::add(), ignoring interval.
ZERO length suplied to intervalList::add(), ignoring interval.
ZERO length suplied to intervalList::add(), ignoring interval.
ZERO length suplied to intervalList::add(), ignoring interval.
ZERO length suplied to intervalList::add(), ignoring interval.
ZERO length suplied to intervalList::add(), ignoring interval.
ZERO length suplied to intervalList::add(), ignoring interval.
ZERO length suplied to intervalList::add(), ignoring interval.
ZERO length suplied to intervalList::add(), ignoring interval.
ZERO length suplied to intervalList::add(), ignoring interval.
ZERO length suplied to intervalList::add(), ignoring interval.
ZERO length suplied to intervalList::add(), ignoring interval.
ZERO length suplied to intervalList::add(), ignoring interval.
ZERO length suplied to intervalList::add(), ignoring interval.
ZERO length suplied to intervalList::add(), ignoring interval.
ZERO length suplied to intervalList::add(), ignoring interval.
ZERO length suplied to intervalList::add(), ignoring interval.
ZERO length suplied to intervalList::add(), ignoring interval.
ZERO length suplied to intervalList::add(), ignoring interval.
ZERO length suplied to intervalList::add(), ignoring interval.
ZERO length suplied to intervalList::add(), ignoring interval.
ZERO length suplied to intervalList::add(), ignoring interval.
ZERO length suplied to intervalList::add(), ignoring interval.
ZERO length suplied to intervalList::add(), ignoring interval.
ZERO length suplied to intervalList::add(), ignoring interval.
ZERO length suplied to intervalList::add(), ignoring interval.
ZERO length suplied to intervalList::add(), ignoring interval.
ZERO length suplied to intervalList::add(), ignoring interval.
ZERO length suplied to intervalList::add(), ignoring interval.
ZERO length suplied to intervalList::add(), ignoring interval.
ZERO length suplied to intervalList::add(), ignoring interval.
ZERO length suplied to intervalList::add(), ignoring interval.
ZERO length suplied to intervalList::add(), ignoring interval.
ZERO length suplied to intervalList::add(), ignoring interval.
ZERO length suplied to intervalList::add(), ignoring interval.
ZERO length suplied to intervalList::add(), ignoring interval.
ZERO length suplied to intervalList::add(), ignoring interval.
ZERO length suplied to intervalList::add(), ignoring interval.
ZERO length suplied to intervalList::add(), ignoring interval.

-- Finished on Tue Jan 20 21:43:21 2026 (fast as lightning) with 4154528.093 GB free disk space
----------------------------------------
-- Finished stage 'generateOutputs', reset canuIteration.
--
-- Assembly 'N4-2' finished in '/share/org/YZWL/yzwl_lixg/project/28.大豆疫霉菌三代基因组/03.hicanu/N4-2/01.raw_output'.
--
-- Summary saved in 'N4-2.report'.
--
-- Sequences saved:
--   Contigs       -> 'N4-2.contigs.fasta'
--   Unassembled   -> 'N4-2.unassembled.fasta'
--
-- Read layouts saved:
--   Contigs       -> 'N4-2.contigs.layout'.
--
-- Bye.

Job 68952710 stderr output:

