2026-02-07 18:19:48.632 - INFO - ============================================================
2026-02-07 18:19:48.632 - INFO - IQ-TREE 系统发育树分析流程启动|IQ-TREE Phylogenetic Analysis Pipeline Started
2026-02-07 18:19:48.633 - INFO - ============================================================
2026-02-07 18:19:48.633 - INFO - 步骤1: 检查软件依赖|Step 1: Checking software dependencies
2026-02-07 18:19:48.633 - INFO - 检查依赖软件|Checking dependencies
2026-02-07 18:19:48.814 - INFO - IQ-TREE 可用|IQ-TREE available: IQ-TREE version 3.0.1 for Linux x86 64-bit built Jul  9 2025
2026-02-07 18:19:48.814 - INFO - 步骤2: 构建系统发育树|Step 2: Building phylogenetic tree
2026-02-07 18:19:48.814 - INFO - ============================================================
2026-02-07 18:19:48.814 - INFO - 开始系统发育树构建|Starting phylogenetic tree construction
2026-02-07 18:19:48.814 - INFO - ============================================================
2026-02-07 18:19:48.814 - INFO - 使用自动模型选择|Using automatic model selection (MFP)
2026-02-07 18:19:48.814 - INFO - 使用UFBoot，重复1000次|Using UFBoot with 1000 replicates
2026-02-07 18:19:48.814 - INFO - 设置外群|Setting outgroup: Arabidopsis_thaliana
2026-02-07 18:19:48.814 - INFO - 执行步骤|Executing step: 系统发育树推断|Phylogenetic tree inference
2026-02-07 18:19:48.814 - INFO - 命令|Command: iqtree -s /share/org/YZWL/yzwl_lixg/tmp/yelvti/mafft_tree/all.plastome.mafft.fa --prefix xiaohuatangjie -m MFP -B 1000 -T 12 -o Arabidopsis_thaliana
2026-02-07 18:19:48.814 - INFO - 工作目录|Working directory: /share/org/YZWL/yzwl_lixg/tmp/yelvti/mafft_tree/iqtree
2026-02-07 18:19:59.972 - INFO - 命令执行成功|Command executed successfully: 系统发育树推断|Phylogenetic tree inference
2026-02-07 18:19:59.972 - INFO - 系统发育树构建完成|Tree construction completed
2026-02-07 18:19:59.972 - INFO - 输出文件|Output files:
2026-02-07 18:19:59.972 - INFO -   最佳树文件|Best tree file: iqtree/xiaohuatangjie.treefile
2026-02-07 18:19:59.972 - INFO -   主要结果文件|Main result file: iqtree/xiaohuatangjie.iqtree
2026-02-07 18:19:59.972 - INFO -   运行日志|Run log: iqtree/xiaohuatangjie.log
2026-02-07 18:19:59.972 - INFO -   共识树|Consensus tree: iqtree/xiaohuatangjie.contree
2026-02-07 18:19:59.972 - INFO -   模型选择结果|Model selection results: iqtree/xiaohuatangjie.model.gz
2026-02-07 18:19:59.972 - INFO - ============================================================
2026-02-07 18:19:59.972 - INFO - 推荐使用的文件|Recommended Output Files
2026-02-07 18:19:59.972 - INFO - ============================================================
2026-02-07 18:19:59.972 - INFO - 主要结果（带bootstrap支持值）| Main result (with bootstrap):
2026-02-07 18:19:59.973 - INFO -    iqtree/xiaohuatangjie.contree
2026-02-07 18:19:59.973 - INFO -    用途：可视化、发表、展示|For visualization, publication
2026-02-07 18:19:59.973 - INFO - 最佳ML树（精确branch length）| Best ML tree:
2026-02-07 18:19:59.973 - INFO -    iqtree/xiaohuatangjie.treefile
2026-02-07 18:19:59.973 - INFO -    用途：进一步进化分析|For further evolutionary analysis
2026-02-07 18:19:59.973 - INFO - 详细结果文件|Detailed results:
2026-02-07 18:19:59.973 - INFO -    iqtree/xiaohuatangjie.iqtree
2026-02-07 18:19:59.973 - INFO -    包含模型参数、统计信息|Contains model parameters, statistics
2026-02-07 18:19:59.973 - INFO - ============================================================
2026-02-07 18:19:59.973 - INFO - IQ-TREE 分析流程完成|IQ-TREE Analysis Pipeline Completed
2026-02-07 18:19:59.973 - INFO - ============================================================
2026-02-07 18:19:59.973 - INFO - 结果保存在|Results saved in: /share/org/YZWL/yzwl_lixg/tmp/yelvti/mafft_tree/iqtree
