2026-02-06 14:14:27.976 - INFO - ================================================================================
2026-02-06 14:14:27.976 - INFO - 开始VCF系统发育分析|Starting VCF phylogenetic analysis
2026-02-06 14:14:27.976 - INFO - ================================================================================
2026-02-06 14:14:27.976 - INFO - 检查依赖软件|Checking dependencies
2026-02-06 14:14:28.199 - INFO - VCF2Dis 可用|available
2026-02-06 14:14:28.199 - INFO - Python包 numpy 可用|Python package numpy available
2026-02-06 14:14:34.457 - INFO - Python包 pandas 可用|Python package pandas available
2026-02-06 14:14:34.570 - INFO - Python包 scipy 可用|Python package scipy available
2026-02-06 14:14:51.433 - INFO - Python包 scikit-bio 可用|Python package scikit-bio available
2026-02-06 14:14:51.435 - INFO - ----------------------------------------
2026-02-06 14:14:51.435 - INFO - 步骤1: 计算距离矩阵|Step 1: Calculate distance matrix
2026-02-06 14:14:51.435 - INFO - ----------------------------------------
2026-02-06 14:14:51.435 - INFO - 开始计算VCF距离矩阵|Starting VCF distance matrix calculation
2026-02-06 14:14:51.542 - WARNING - 无法获取VCF统计信息|Cannot get VCF statistics: 'utf-8' codec can't decode byte 0x8b in position 1: invalid start byte
2026-02-06 14:14:51.542 - INFO - 执行步骤|Executing step: 使用VCF2Dis计算距离矩阵|Calculate distance matrix using VCF2Dis
2026-02-06 14:14:51.542 - INFO - 命令|Command: VCF2Dis -InPut /share/org/YZWL/yzwl_lixg/project/18.小花糖芥/14.所有糖芥属进化树/03.nj_tree/kmer.vcf.gz -OutPut /share/org/YZWL/yzwl_lixg/project/18.小花糖芥/14.所有糖芥属进化树/03.nj_tree/phylo_analysis.dis
2026-02-06 14:14:51.542 - INFO - 工作目录|Working directory: /share/org/YZWL/yzwl_lixg/project/18.小花糖芥/14.所有糖芥属进化树/03.nj_tree
2026-02-06 14:47:26.463 - INFO - 命令执行成功|Command executed successfully: 使用VCF2Dis计算距离矩阵|Calculate distance matrix using VCF2Dis
2026-02-06 14:47:26.464 - INFO - 距离矩阵已生成|Distance matrix generated: /share/org/YZWL/yzwl_lixg/project/18.小花糖芥/14.所有糖芥属进化树/03.nj_tree/phylo_analysis.dis
2026-02-06 14:47:26.464 - INFO - 距离矩阵包含 19 个样本|Distance matrix contains 19 samples
2026-02-06 14:47:26.464 - INFO - ----------------------------------------
2026-02-06 14:47:26.464 - INFO - 步骤2: 构建系统发育树|Step 2: Build phylogenetic tree
2026-02-06 14:47:26.464 - INFO - ----------------------------------------
2026-02-06 14:47:26.464 - INFO - 开始构建NJ系统发育树|Starting NJ phylogenetic tree construction
2026-02-06 14:47:26.464 - INFO - + 成功导入 scikit-bio|Successfully imported scikit-bio
2026-02-06 14:47:26.464 - INFO - 读取距离矩阵文件|Reading distance matrix file: /share/org/YZWL/yzwl_lixg/project/18.小花糖芥/14.所有糖芥属进化树/03.nj_tree/phylo_analysis.dis
2026-02-06 14:47:26.465 - INFO - 检测到矩阵维度信息: 19|Detected matrix dimension: 19
2026-02-06 14:47:26.465 - INFO - 验证距离矩阵|Validating distance matrix: (19, 19)
2026-02-06 14:47:26.465 - WARNING - 距离矩阵包含负值，将转换为绝对值|Distance matrix contains negative values, converting to absolute values
2026-02-06 14:47:26.465 - INFO - 距离矩阵验证完成|Distance matrix validation completed
2026-02-06 14:47:26.465 - INFO - 矩阵统计|Matrix statistics: min=0.000000, max=9.192552, mean=3.884079
2026-02-06 14:47:26.465 - INFO - 成功读取 19 个样本的距离矩阵|Successfully read distance matrix for 19 samples
2026-02-06 14:47:26.465 - INFO - 样本列表|Sample list: ['62-2', '67-quan1', '68-1A', '69A', '716A']...
2026-02-06 14:47:26.465 - INFO - 创建 scikit-bio DistanceMatrix 对象|Creating scikit-bio DistanceMatrix object
2026-02-06 14:47:26.479 - INFO - 使用NJ算法构建系统发育树|Building phylogenetic tree using NJ algorithm
2026-02-06 14:47:26.565 - INFO - 成功构建NJ树，树长度: 841 字符|Successfully built NJ tree, tree length: 841 characters
2026-02-06 14:47:26.583 - INFO - 系统发育树已保存到|Phylogenetic tree saved to: /share/org/YZWL/yzwl_lixg/project/18.小花糖芥/14.所有糖芥属进化树/03.nj_tree/phylo_analysis.nwk
2026-02-06 14:47:26.583 - INFO - 系统发育树 ASCII 表示|Phylogenetic tree ASCII representation:
2026-02-06 14:47:26.583 - INFO -                               /-62-2
2026-02-06 14:47:26.583 - INFO -                     /--------|
2026-02-06 14:47:26.583 - INFO -                    |         |          /-93-4
2026-02-06 14:47:26.583 - INFO -           /--------|          \--------|
2026-02-06 14:47:26.583 - INFO -          |         |                    \-93-7
2026-02-06 14:47:26.583 - INFO -          |         |
2026-02-06 14:47:26.583 - INFO -          |          \-92-1
2026-02-06 14:47:26.583 - INFO -          |
2026-02-06 14:47:26.584 - INFO -          |--67-quan1
2026-02-06 14:47:26.584 - INFO -          |
2026-02-06 14:47:26.584 - INFO -          |                              /-68-1A
2026-02-06 14:47:26.584 - INFO -          |                    /--------|
2026-02-06 14:47:26.584 - INFO - ---------|                   |          \-Jan-70A
2026-02-06 14:47:26.584 - INFO -          |          /--------|
2026-02-06 14:47:26.584 - INFO -          |         |         |          /-72-4A
2026-02-06 14:47:26.584 - INFO -          |         |          \--------|
2026-02-06 14:47:26.584 - INFO -          |         |                   |          /-72_3_kang
2026-02-06 14:47:26.584 - INFO -          |         |                    \--------|
2026-02-06 14:47:26.584 - INFO -          |         |                              \-72_4_gang
2026-02-06 14:47:26.584 - INFO -          |         |
2026-02-06 14:47:26.584 - INFO - NJ系统发育树已保存|NJ phylogenetic tree saved: /share/org/YZWL/yzwl_lixg/project/18.小花糖芥/14.所有糖芥属进化树/03.nj_tree/phylo_analysis.nwk
2026-02-06 14:47:26.584 - INFO - 系统发育树统计|Phylogenetic tree statistics:
2026-02-06 14:47:26.584 - INFO -   - 样本数|Sample count: 19
2026-02-06 14:47:26.584 - INFO -   - 树格式|Tree format: Newick
2026-02-06 14:47:26.584 - INFO -   - 构建方法|Construction method: Neighbor-Joining (NJ)
2026-02-06 14:47:26.584 - INFO -   - 使用库|Library used: scikit-bio
2026-02-06 14:47:26.584 - INFO -   - 文件大小|File size: 841 bytes
2026-02-06 14:47:26.584 - INFO -   - 树格式验证|Tree format validation: + 有效的Newick格式|Valid Newick format
2026-02-06 14:47:26.584 - INFO - ----------------------------------------
2026-02-06 14:47:26.584 - INFO - 步骤3: 生成结果报告|Step 3: Generate results report
2026-02-06 14:47:26.584 - INFO - ----------------------------------------
2026-02-06 14:47:26.584 - INFO - 验证输出结果|Validating output results
2026-02-06 14:47:26.584 - INFO - + 距离矩阵文件存在|Distance matrix file exists
2026-02-06 14:47:26.584 - INFO - + 系统发育树文件存在|Phylogenetic tree file exists
2026-02-06 14:47:26.584 - INFO - + 系统发育树文件格式正确|Phylogenetic tree file format is correct
2026-02-06 14:47:26.584 - INFO - 生成分析总结报告|Generating analysis summary report
2026-02-06 14:47:26.625 - INFO - 总结报告已生成|Summary report generated: phylo_analysis_summary.txt
2026-02-06 14:47:26.626 - INFO - ================================================================================
2026-02-06 14:47:26.626 - INFO - VCF系统发育分析完成|VCF phylogenetic analysis completed successfully
2026-02-06 14:47:26.626 - INFO - ================================================================================
2026-02-06 14:47:26.626 - INFO - 输出文件|Output files:
2026-02-06 14:47:26.626 - INFO -   - 距离矩阵|Distance matrix: /share/org/YZWL/yzwl_lixg/project/18.小花糖芥/14.所有糖芥属进化树/03.nj_tree/phylo_analysis.dis (3844 bytes)
2026-02-06 14:47:26.626 - INFO -   - 系统发育树|Phylogenetic tree: /share/org/YZWL/yzwl_lixg/project/18.小花糖芥/14.所有糖芥属进化树/03.nj_tree/phylo_analysis.nwk (841 bytes)
2026-02-06 14:47:26.626 - INFO -   - 日志文件|Log file: phylo_analysis.log (8176 bytes)
2026-02-06 14:47:26.626 - INFO -   - 总结报告|Summary report: phylo_analysis_summary.txt (1805 bytes)
