2026-01-20 20:39:55.158 - WARNING - 命令错误输出|Command stderr:
-- canu master +27 changes (r10515 2a41e933b8de6ed66723d75d36dd071b46d2c347)
--
-- CITATIONS
--
-- For assemblies of PacBio HiFi reads:
--   Nurk S, Walenz BP, Rhiea A, Vollger MR, Logsdon GA, Grothe R, Miga KH, Eichler EE, Phillippy AM, Koren S.
--   HiCanu: accurate assembly of segmental duplications, satellites, and allelic variants from high-fidelity long reads.
--   biorXiv. 2020.
--   https://doi.org/10.1101/2020.03.14.992248
-- 
-- Read and contig alignments during correction and consensus use:
--   Šošic M, Šikic M.
--   Edlib: a C/C ++ library for fast, exact sequence alignment using edit distance.
--   Bioinformatics. 2017 May 1;33(9):1394-1395.
--   http://doi.org/10.1093/bioinformatics/btw753
-- 
-- Overlaps are generated using:
--   Berlin K, et al.
--   Assembling large genomes with single-molecule sequencing and locality-sensitive hashing.
--   Nat Biotechnol. 2015 Jun;33(6):623-30.
--   http://doi.org/10.1038/nbt.3238
-- 
--   Myers EW, et al.
--   A Whole-Genome Assembly of Drosophila.
--   Science. 2000 Mar 24;287(5461):2196-204.
--   http://doi.org/10.1126/science.287.5461.2196
-- 
-- Contig consensus sequences are generated using an algorithm derived from pbdagcon:
--   Chin CS, et al.
--   Nonhybrid, finished microbial genome assemblies from long-read SMRT sequencing data.
--   Nat Methods. 2013 Jun;10(6):563-9
--   http://doi.org/10.1038/nmeth.2474
-- 
-- CONFIGURE CANU
--
-- Detected Java(TM) Runtime Environment '17.0.15-internal' (from '/share/org/YZWL/yzwl_lixg/.local/bin/java') without -d64 support.
--
-- WARNING:
-- WARNING:  Failed to run gnuplot using command 'gnuplot'.
-- WARNING:  Plots will be disabled.
-- WARNING:
--
-- Detected samtools version '1.22' / htslib version 'htscodecs=1.6.3' (from 'samtools').
--
-- Detected 88 CPUs and 503 gigabytes of memory on the local machine.
--
-- Detected Slurm with 'sinfo' binary in /opt/skyformai/bin/sinfo.
--          Slurm disabled by useGrid=false
--
-- Detected  '' with 'pbsnodes' binary in /opt/skyformai/bin/pbsnodes.
--           disabled by useGrid=false
--
-- Detected LSF with 'bsub' binary in /opt/skyformai/bin/bsub.
--          LSF disabled by useGrid=false
--
-- Local machine mode enabled; grid support not detected or not allowed.
--
-- Found trimmed raw PacBio HiFi reads in the input files.
--
--                                (tag)Concurrency
--                         (tag)Threads          |
--                (tag)Memory         |          |
--        (tag)             |         |          |       total usage      algorithm
--        -------  ----------  --------   --------  --------------------  -----------------------------
-- Local: meryl     12.000 GB    4 CPUs x  22 jobs   264.000 GB  88 CPUs  (k-mer counting)
-- Local: cormhap   13.000 GB   11 CPUs x   8 jobs   104.000 GB  88 CPUs  (overlap detection with mhap)
-- Local: obtovl     8.000 GB    8 CPUs x  11 jobs    88.000 GB  88 CPUs  (overlap detection)
-- Local: utgovl     8.000 GB    8 CPUs x  11 jobs    88.000 GB  88 CPUs  (overlap detection)
-- Local: cor        -.--- GB    4 CPUs x   - jobs     -.--- GB   - CPUs  (read correction)
-- Local: ovb        4.000 GB    1 CPU  x  88 jobs   352.000 GB  88 CPUs  (overlap store bucketizer)
-- Local: ovs        8.000 GB    1 CPU  x  62 jobs   496.000 GB  62 CPUs  (overlap store sorting)
-- Local: red       16.000 GB    4 CPUs x  22 jobs   352.000 GB  88 CPUs  (read error detection)
-- Local: oea        8.000 GB    1 CPU  x  62 jobs   496.000 GB  62 CPUs  (overlap error adjustment)
-- Local: bat       32.000 GB    8 CPUs x   1 job     32.000 GB   8 CPUs  (contig construction with bogart)
-- Local: cns        -.--- GB    8 CPUs x   - jobs     -.--- GB   - CPUs  (consensus)
--
-- Generating assembly 'N2-1' in '/share/org/YZWL/yzwl_lixg/project/28.大豆疫霉菌三代基因组/03.hicanu/N2-1/01.raw_output':
--   genomeSize:
--     85000000
--
--   Overlap Generation Limits:
--     corOvlErrorRate 0.0000 (  0.00%)
--     obtOvlErrorRate 0.0250 (  2.50%)
--     utgOvlErrorRate 0.0100 (  1.00%)
--
--   Overlap Processing Limits:
--     corErrorRate    0.0000 (  0.00%)
--     obtErrorRate    0.0250 (  2.50%)
--     utgErrorRate    0.0003 (  0.03%)
--     cnsErrorRate    0.0500 (  5.00%)
--
--   Stages to run:
--     assemble HiFi reads.
--
--
-- BEGIN STORE CREATION
----------------------------------------
-- Starting command on Tue Jan 20 18:52:16 2026 with 4176189.25 GB free disk space

    cd .
    ./N2-1.seqStore.sh \
    > ./N2-1.seqStore.err 2>&1

-- Finished on Tue Jan 20 18:59:57 2026 (461 seconds) with 4175309.625 GB free disk space
----------------------------------------
--
-- In sequence store './N2-1.seqStore':
--   Found 270744 reads.
--   Found 4250019388 bases (50 times coverage).
--    Histogram of corrected reads:
--    
--    G=4250019388                       sum of  ||               length     num
--    NG         length     index       lengths  ||                range    seqs
--    ----- ------------ --------- ------------  ||  ------------------- -------
--    00010        27661     14226    425015377  ||       1250-2496         9996|----------------------------
--    00020        25589     30253    850022260  ||       2497-3743        18453|---------------------------------------------------
--    00030        24207     47347   1275027013  ||       3744-4990        17569|------------------------------------------------
--    00040        23067     65343   1700010938  ||       4991-6237        14983|-----------------------------------------
--    00050        22025     84199   2125030067  ||       6238-7484        12984|------------------------------------
--    00060        20945    103972   2550017492  ||       7485-8731        11055|-------------------------------
--    00070        19545    124927   2975016117  ||       8732-9978         9396|--------------------------
--    00080        15495    148455   3400025987  ||       9979-11225        8105|-----------------------
--    00090         8850    184760   3825025523  ||      11226-12472        7089|--------------------
--    00100         1250    270744   4250019388  ||      12473-13719        5827|----------------
--    001.000x              270744   4250019388  ||      13720-14966        4912|--------------
--                                               ||      14967-16213        4228|------------
--                                               ||      16214-17460        4468|-------------
--                                               ||      17461-18707        7840|----------------------
--                                               ||      18708-19954       14321|----------------------------------------
--                                               ||      19955-21201       20044|-------------------------------------------------------
--                                               ||      21202-22448       23064|---------------------------------------------------------------
--                                               ||      22449-23695       21563|-----------------------------------------------------------
--                                               ||      23696-24942       17231|------------------------------------------------
--                                               ||      24943-26189       13029|------------------------------------
--                                               ||      26190-27436        9069|-------------------------
--                                               ||      27437-28683        6138|-----------------
--                                               ||      28684-29930        3905|-----------
--                                               ||      29931-31177        2444|-------
--                                               ||      31178-32424        1498|-----
--                                               ||      32425-33671         776|---
--                                               ||      33672-34918         416|--
--                                               ||      34919-36165         199|-
--                                               ||      36166-37412          82|-
--                                               ||      37413-38659          33|-
--                                               ||      38660-39906           7|-
--                                               ||      39907-41153           6|-
--                                               ||      41154-42400           2|-
--                                               ||      42401-43647           2|-
--                                               ||      43648-44894           4|-
--                                               ||      44895-46141           0|
--                                               ||      46142-47388           1|-
--                                               ||      47389-48635           0|
--                                               ||      48636-49882           3|-
--                                               ||      49883-51129           2|-
--    
--
-- In sequence store './N2-1.seqStore':
--   Found 270744 reads.
--   Found 4250019388 bases (50 times coverage).
--    Histogram of corrected-trimmed reads:
--    
--    G=4250019388                       sum of  ||               length     num
--    NG         length     index       lengths  ||                range    seqs
--    ----- ------------ --------- ------------  ||  ------------------- -------
--    00010        27661     14226    425015377  ||       1250-2496         9996|----------------------------
--    00020        25589     30253    850022260  ||       2497-3743        18453|---------------------------------------------------
--    00030        24207     47347   1275027013  ||       3744-4990        17569|------------------------------------------------
--    00040        23067     65343   1700010938  ||       4991-6237        14983|-----------------------------------------
--    00050        22025     84199   2125030067  ||       6238-7484        12984|------------------------------------
--    00060        20945    103972   2550017492  ||       7485-8731        11055|-------------------------------
--    00070        19545    124927   2975016117  ||       8732-9978         9396|--------------------------
--    00080        15495    148455   3400025987  ||       9979-11225        8105|-----------------------
--    00090         8850    184760   3825025523  ||      11226-12472        7089|--------------------
--    00100         1250    270744   4250019388  ||      12473-13719        5827|----------------
--    001.000x              270744   4250019388  ||      13720-14966        4912|--------------
--                                               ||      14967-16213        4228|------------
--                                               ||      16214-17460        4468|-------------
--                                               ||      17461-18707        7840|----------------------
--                                               ||      18708-19954       14321|----------------------------------------
--                                               ||      19955-21201       20044|-------------------------------------------------------
--                                               ||      21202-22448       23064|---------------------------------------------------------------
--                                               ||      22449-23695       21563|-----------------------------------------------------------
--                                               ||      23696-24942       17231|------------------------------------------------
--                                               ||      24943-26189       13029|------------------------------------
--                                               ||      26190-27436        9069|-------------------------
--                                               ||      27437-28683        6138|-----------------
--                                               ||      28684-29930        3905|-----------
--                                               ||      29931-31177        2444|-------
--                                               ||      31178-32424        1498|-----
--                                               ||      32425-33671         776|---
--                                               ||      33672-34918         416|--
--                                               ||      34919-36165         199|-
--                                               ||      36166-37412          82|-
--                                               ||      37413-38659          33|-
--                                               ||      38660-39906           7|-
--                                               ||      39907-41153           6|-
--                                               ||      41154-42400           2|-
--                                               ||      42401-43647           2|-
--                                               ||      43648-44894           4|-
--                                               ||      44895-46141           0|
--                                               ||      46142-47388           1|-
--                                               ||      47389-48635           0|
--                                               ||      48636-49882           3|-
--                                               ||      49883-51129           2|-
--    
--
-- Correction skipped; not enabled.
--
-- Trimming skipped; not enabled.
--
-- BEGIN ASSEMBLY
----------------------------------------
-- Starting command on Tue Jan 20 18:59:58 2026 with 4175309.578 GB free disk space

    cd unitigging/0-mercounts
    ./meryl-configure.sh \
    > ./meryl-configure.err 2>&1

-- Finished on Tue Jan 20 18:59:58 2026 (furiously fast) with 4175309.578 GB free disk space
----------------------------------------
--  segments   memory batches
--  -------- -------- -------
--        01 10.72 GB       2
--        02  5.46 GB       2
--        04  2.90 GB       2
--        06  2.11 GB       2
--        08  1.58 GB       2
--        12  1.06 GB       2
--        16  0.79 GB       2
--        20  0.64 GB       2
--        24  0.53 GB       2
--        32  0.40 GB       2
--        40  0.32 GB       2
--        48  -.-- GB       -  (segment size too small)
--        56  -.-- GB       -  (segment size too small)
--        64  -.-- GB       -  (segment size too small)
--        96  -.-- GB       -  (segment size too small)
--
--  For 270744 reads with 4250019388 bases, limit to 42 batches.
--  Will count kmers using 01 jobs, each using 12 GB and 4 threads.
--
-- Finished stage 'merylConfigure', reset canuIteration.
--
-- Running jobs.  First attempt out of 2.
----------------------------------------
-- Starting 'meryl' concurrent execution on Tue Jan 20 18:59:58 2026 with 4175309.546 GB free disk space (1 processes; 22 concurrently)

    cd unitigging/0-mercounts
    ./meryl-count.sh 1 > ./meryl-count.000001.out 2>&1

-- Finished on Tue Jan 20 19:03:20 2026 (202 seconds) with 4174501.718 GB free disk space
----------------------------------------
-- Found 1 Kmer counting (meryl) outputs.
-- Finished stage 'utg-merylCountCheck', reset canuIteration.
--
-- Running jobs.  First attempt out of 2.
----------------------------------------
-- Starting 'meryl' concurrent execution on Tue Jan 20 19:03:20 2026 with 4174501.687 GB free disk space (1 processes; 22 concurrently)

    cd unitigging/0-mercounts
    ./meryl-process.sh 1 > ./meryl-process.000001.out 2>&1

-- Finished on Tue Jan 20 19:03:23 2026 (3 seconds) with 4174398.14 GB free disk space
----------------------------------------
-- Meryl finished successfully.  Kmer frequency histogram:
--
-- WARNING: gnuplot failed.
--
----------------------------------------
--
--  22-mers                                                                                           Fraction
--    Occurrences   NumMers                                                                         Unique Total
--       1-     1         0                                                                        0.0000 0.0000
--       2-     2    161931                                                                        0.0036 0.0001
--       3-     4     56296                                                                        0.0045 0.0002
--       5-     7     14170                                                                        0.0050 0.0002
--       8-    11     13561                                                                        0.0052 0.0002
--      12-    16     51574                                                                        0.0056 0.0003
--      17-    22    297437 *                                                                      0.0071 0.0006
--      23-    29   1675458 ******                                                                 0.0153 0.0030
--      30-    37   8095051 *********************************                                      0.0617 0.0214
--      38-    46  17028279 ********************************************************************** 0.2680 0.1246
--      47-    56  10888761 ********************************************                           0.6448 0.3542
--      57-    67   2109804 ********                                                               0.8593 0.5108
--      68-    79    823891 ***                                                                    0.8983 0.5448
--      80-    92    965224 ***                                                                    0.9169 0.5646
--      93-   106    635224 **                                                                     0.9380 0.5906
--     107-   121    297203 *                                                                      0.9512 0.6093
--     122-   137    271566 *                                                                      0.9577 0.6198
--     138-   154    223868                                                                        0.9637 0.6310
--     155-   172    175255                                                                        0.9685 0.6410
--     173-   191    142111                                                                        0.9724 0.6499
--     192-   211    119006                                                                        0.9755 0.6580
--     212-   232    102544                                                                        0.9781 0.6656
--     233-   254     86093                                                                        0.9804 0.6727
--     255-   277     81225                                                                        0.9823 0.6793
--     278-   301     79099                                                                        0.9841 0.6860
--     302-   326     62917                                                                        0.9858 0.6932
--     327-   352     52984                                                                        0.9872 0.6995
--     353-   379     41261                                                                        0.9884 0.7051
--     380-   407     33676                                                                        0.9893 0.7098
--     408-   436     32490                                                                        0.9900 0.7140
--     437-   466     31550                                                                        0.9907 0.7183
--     467-   497     26405                                                                        0.9914 0.7228
--     498-   529     24282                                                                        0.9920 0.7268
--     530-   562     22176                                                                        0.9925 0.7307
--     563-   596     20132                                                                        0.9930 0.7345
--     597-   631     16926                                                                        0.9935 0.7382
--     632-   667     16463                                                                        0.9939 0.7414
--     668-   704     15589                                                                        0.9942 0.7448
--     705-   742     13794                                                                        0.9946 0.7482
--     743-   781     12207                                                                        0.9949 0.7513
--     782-   821     11383                                                                        0.9951 0.7542
--
--           0 (max occurrences)
--  3169584251 (total mers, non-unique)
--    45036382 (distinct mers, non-unique)
--           0 (unique mers)
-- Finished stage 'meryl-process', reset canuIteration.
--
-- Removing meryl database 'unitigging/0-mercounts/N2-1.ms22'.
--
-- OVERLAPPER (normal) (assembly) erate=0.01
--
----------------------------------------
-- Starting command on Tue Jan 20 19:03:24 2026 with 4174399.14 GB free disk space

    cd unitigging/1-overlapper
    /share/org/YZWL/yzwl_lixg/miniforge3/envs/canu_v.2.3/bin/overlapInCorePartition \
     -S  ../../N2-1.seqStore \
     -hl 160000000 \
     -rl 5000000000 \
     -ol 500 \
     -o  ./N2-1.partition \
    > ./N2-1.partition.err 2>&1

-- Finished on Tue Jan 20 19:03:24 2026 (furiously fast) with 4174399.625 GB free disk space
----------------------------------------
--
-- Configured 20 overlapInCore jobs.
-- Finished stage 'utg-overlapConfigure', reset canuIteration.
--
-- Running jobs.  First attempt out of 2.
----------------------------------------
-- Starting 'utgovl' concurrent execution on Tue Jan 20 19:03:24 2026 with 4174399.593 GB free disk space (20 processes; 11 concurrently)

    cd unitigging/1-overlapper
    ./overlap.sh 1 > ./overlap.000001.out 2>&1
    ./overlap.sh 2 > ./overlap.000002.out 2>&1
    ./overlap.sh 3 > ./overlap.000003.out 2>&1
    ./overlap.sh 4 > ./overlap.000004.out 2>&1
    ./overlap.sh 5 > ./overlap.000005.out 2>&1
    ./overlap.sh 6 > ./overlap.000006.out 2>&1
    ./overlap.sh 7 > ./overlap.000007.out 2>&1
    ./overlap.sh 8 > ./overlap.000008.out 2>&1
    ./overlap.sh 9 > ./overlap.000009.out 2>&1
    ./overlap.sh 10 > ./overlap.000010.out 2>&1
    ./overlap.sh 11 > ./overlap.000011.out 2>&1
    ./overlap.sh 12 > ./overlap.000012.out 2>&1
    ./overlap.sh 13 > ./overlap.000013.out 2>&1
    ./overlap.sh 14 > ./overlap.000014.out 2>&1
    ./overlap.sh 15 > ./overlap.000015.out 2>&1
    ./overlap.sh 16 > ./overlap.000016.out 2>&1
    ./overlap.sh 17 > ./overlap.000017.out 2>&1
    ./overlap.sh 18 > ./overlap.000018.out 2>&1
    ./overlap.sh 19 > ./overlap.000019.out 2>&1
    ./overlap.sh 20 > ./overlap.000020.out 2>&1

-- Finished on Tue Jan 20 20:00:40 2026 (3436 seconds) with 4166589.359 GB free disk space
----------------------------------------
-- Found 20 overlapInCore output files.
--
-- overlapInCore compute 'unitigging/1-overlapper':
--   kmer hits
--     with no overlap       1258437946  62921897.3 +- 36047440.565
--     with an overlap         15857053   792852.65 +- 482382.008
--
--   overlaps                  15857053   792852.65 +- 482382.008
--     contained                4912955   245647.75 +- 149844.856
--     dovetail                10944098    547204.9 +- 333556.745
--
--   overlaps rejected
--     multiple per pair              0           0 +- 0
--     bad short window               0           0 +- 0
--     bad long window                0           0 +- 0
-- Finished stage 'utg-overlapCheck', reset canuIteration.
----------------------------------------
-- Starting command on Tue Jan 20 20:00:40 2026 with 4166589.343 GB free disk space

    cd unitigging
    /share/org/YZWL/yzwl_lixg/miniforge3/envs/canu_v.2.3/bin/ovStoreConfig \
     -S ../N2-1.seqStore \
     -M 4-8 \
     -L ./1-overlapper/ovljob.files \
     -create ./N2-1.ovlStore.config \
     > ./N2-1.ovlStore.config.txt \
    2> ./N2-1.ovlStore.config.err

-- Finished on Tue Jan 20 20:00:40 2026 (like a bat out of hell) with 4166589.328 GB free disk space
----------------------------------------
--
-- Creating overlap store unitigging/N2-1.ovlStore using:
--      1 bucket
--      1 slice
--        using at most 2 GB memory each
--
-- Running jobs.  First attempt out of 2.
----------------------------------------
-- Starting 'ovS' concurrent execution on Tue Jan 20 20:00:40 2026 with 4166589.312 GB free disk space (1 processes; 62 concurrently)

    cd unitigging
    ./N2-1.ovlStore.sh 1 > ./N2-1.ovlStore.000001.out 2>&1

-- Finished on Tue Jan 20 20:00:47 2026 (7 seconds) with 4166588.5 GB free disk space
----------------------------------------
-- Checking store.
----------------------------------------
-- Starting command on Tue Jan 20 20:00:47 2026 with 4166588.5 GB free disk space

    cd unitigging
    /share/org/YZWL/yzwl_lixg/miniforge3/envs/canu_v.2.3/bin/ovStoreDump \
     -S ../N2-1.seqStore \
     -O  ./N2-1.ovlStore \
     -counts \
     > ./N2-1.ovlStore/counts.dat 2> ./N2-1.ovlStore/counts.err

-- Finished on Tue Jan 20 20:00:47 2026 (lickety-split) with 4166588.468 GB free disk space
----------------------------------------
--
-- Overlap store 'unitigging/N2-1.ovlStore' successfully constructed.
-- Found 31714106 overlaps for 247534 reads; 1686417 reads have no overlaps.
--
--
-- Purged 0.42 GB in 60 overlap output files.
----------------------------------------
-- Starting command on Tue Jan 20 20:00:48 2026 with 4166588.468 GB free disk space

    cd unitigging
    /share/org/YZWL/yzwl_lixg/miniforge3/envs/canu_v.2.3/bin/ovStoreStats \
     -C 50 \
     -S ../N2-1.seqStore \
     -O  ./N2-1.ovlStore \
     -o  ./N2-1.ovlStore \
     > ./N2-1.ovlStore.summary.err 2>&1

-- Finished on Tue Jan 20 20:00:52 2026 (4 seconds) with 4166588.453 GB free disk space
----------------------------------------
--
-- Overlap store 'unitigging/N2-1.ovlStore' contains:
--
--   category            reads     %          read length        feature size or coverage  analysis
--   ----------------  -------  -------  ----------------------  ------------------------  --------------------
--   middle-missing        150    0.06    14276.95 +- 7175.00        981.56 +- 1606.81    (bad trimming)
--   middle-hump            96    0.04    15723.39 +- 2992.15       6363.65 +- 4019.82    (bad trimming)
--   no-5-prime           1140    0.42    13643.51 +- 4871.68       2745.31 +- 3245.72    (bad trimming)
--   no-3-prime           1310    0.48    13056.37 +- 5433.73       2912.48 +- 3275.14    (bad trimming)
--   
--   low-coverage         3653    1.35    10956.04 +- 4937.86          5.53 +- 3.66       (easy to assemble, potential for lower quality consensus)
--   unique             204114   75.39    11903.69 +- 6726.97         43.18 +- 8.68       (easy to assemble, perfect, yay)
--   repeat-cont         10363    3.83     8839.87 +- 6234.88        492.60 +- 376.03     (potential for consensus errors, no impact on assembly)
--   repeat-dove           157    0.06    21834.71 +- 2316.95        355.22 +- 291.85     (hard to assemble, likely won't assemble correctly or even at all)
--   
--   span-repeat          4320    1.60    14704.66 +- 5352.07       3650.19 +- 4015.24    (read spans a large repeat, usually easy to assemble)
--   uniq-repeat-cont    14120    5.22    12214.19 +- 5620.40                             (should be uniquely placed, low potential for consensus errors, no impact on assembly)
--   uniq-repeat-dove     3221    1.19    19714.09 +- 2868.90                             (will end contigs, potential to misassemble)
--   uniq-anchor          4890    1.81    13120.15 +- 5701.28       8388.56 +- 5736.83    (repeat read, with unique section, probable bad read)
-- Finished stage 'utg-createOverlapStore', reset canuIteration.
--
-- Loading read lengths.
-- Loading number of overlaps per read.
--
-- Configure RED for 16gb memory.
--                   Batches of at most (unlimited) reads.
--                                      500000000 bases.
--                   Expecting evidence of at most 536870912 bases per iteration.
--
--           Total                                               Reads                 Olaps Evidence
--    Job   Memory      Read Range         Reads        Bases   Memory        Olaps   Memory   Memory  (Memory in MB)
--   ---- -------- ------------------- --------- ------------ -------- ------------ -------- --------
--      1 16384.64         1-42224          5893    108988194 13304.41       719416     8.23  1024.00
--      2 16384.75     42225-82300          5612    109004786 13306.42       552293     6.32  1024.00
--      3 16386.76     82301-127989         6492    108992408 13304.94       858035     9.82  1024.00
--      4 16384.38    127990-196308         9362    108953824 13300.32      1053756    12.06  1024.00
--      5 16384.00    196309-236067         5617    108995761 13305.32       583693     6.68  1024.00
--      6 16386.50    236068-281243         6352    108990480 13304.70       856148     9.80  1024.00
--      7 16387.25    281244-355235        10313    108973522 13302.76      1091826    12.49  1024.00
--      8 16385.31    355236-394965         5543    109006731 13306.66       580813     6.65  1024.00
--      9 16384.54    394966-437911         6061    108983343 13303.82       762240     8.72  1024.00
--     10 16384.53    437912-504938         9450    108955213 13300.49      1051613    12.03  1024.00
--     11 16386.07    504939-550325         6400    109002306 13306.15       692636     7.93  1024.00
--     12 16384.68    550326-593785         5885    108985749 13304.11       748648     8.57  1024.00
--     13 16384.04    593786-652187         8193    108963080 13301.42       928075    10.62  1024.00
--     14 16385.98    652188-707554         7729    108981395 13303.64       903722    10.34  1024.00
--     15 16384.02    707555-748039         5707    108996995 13305.48       571636     6.54  1024.00
--     16 16384.90    748040-798662         7072    108973524 13302.65       895371    10.25  1024.00
--     17 16384.94    798663-862992         9096    108960765 13301.16      1029105    11.78  1024.00
--     18 16386.05    862993-902159         5515    109015714 13307.76       549593     6.29  1024.00
--     19 16384.10    902160-947287         6250    108968724 13302.04       878436    10.05  1024.00
--     20 16384.81    947288-1008942        8636    108963423 13301.47       990486    11.34  1024.00
--     21 16384.98   1008943-1046511        5392    109003602 13306.27       586118     6.71  1024.00
--     22 16386.55   1046512-1089266        5921    108996466 13305.42       797950     9.13  1024.00
--     23 16386.26   1089267-1152594        8874    108968958 13302.15      1057929    12.11  1024.00
--     24 16385.93   1152595-1191209        5474    109012430 13307.35       574910     6.58  1024.00
--     25 16386.45   1191210-1232830        5872    108995355 13305.28       801324     9.17  1024.00
--     26 16386.12   1232831-1295049        8589    108972027 13302.52      1013329    11.60  1024.00
--     27 16386.43   1295050-1342937        6634    108998417 13305.68       764525     8.75  1024.00
--     28 16386.51   1342938-1384763        5710    109013240 13307.46       615818     7.05  1024.00
--     29 16384.33   1384764-1440625        7710    108960485 13301.08       983024    11.25  1024.00
--     30 16384.47   1440626-1493447        7426    108972654 13302.56       865967     9.91  1024.00
--     31 16387.84   1493448-1532854        5631    109027675 13309.22       578328     6.62  1024.00
--     32 16384.32   1532855-1579885        6655    108967728 13301.93       907206    10.38  1024.00
--     33 16385.67   1579886-1641144        8597    108973449 13302.69       959236    10.98  1024.00
--     34 16386.35   1641145-1680371        5496    109019460 13308.21       535959     6.13  1024.00
--     35 16385.08   1680372-1725226        6298    108973348 13302.61       915199    10.47  1024.00
--     36 16385.75   1725227-1790192        9157    108968641 13302.12      1015816    11.63  1024.00
--     37 16384.67   1790193-1829290        5396    109002389 13306.13       572098     6.55  1024.00
--     38 16384.73   1829291-1871072        5964    108980205 13303.44       812606     9.30  1024.00
--     39 16335.98   1871073-1933951        8770    108556922 13251.85      1059223    12.12  1024.00
--   ---- -------- ------------------- --------- ------------ -------- ------------ -------- --------
--                                                 4250019388              31714106
-- Finished stage 'readErrorDetectionConfigure', reset canuIteration.
--
-- Running jobs.  First attempt out of 2.
----------------------------------------
-- Starting 'red' concurrent execution on Tue Jan 20 20:00:59 2026 with 4166584.5 GB free disk space (39 processes; 22 concurrently)

    cd unitigging/3-overlapErrorAdjustment
    ./red.sh 1 > ./red.000001.out 2>&1
    ./red.sh 2 > ./red.000002.out 2>&1
    ./red.sh 3 > ./red.000003.out 2>&1
    ./red.sh 4 > ./red.000004.out 2>&1
    ./red.sh 5 > ./red.000005.out 2>&1
    ./red.sh 6 > ./red.000006.out 2>&1
    ./red.sh 7 > ./red.000007.out 2>&1
    ./red.sh 8 > ./red.000008.out 2>&1
    ./red.sh 9 > ./red.000009.out 2>&1
    ./red.sh 10 > ./red.000010.out 2>&1
    ./red.sh 11 > ./red.000011.out 2>&1
    ./red.sh 12 > ./red.000012.out 2>&1
    ./red.sh 13 > ./red.000013.out 2>&1
    ./red.sh 14 > ./red.000014.out 2>&1
    ./red.sh 15 > ./red.000015.out 2>&1
    ./red.sh 16 > ./red.000016.out 2>&1
    ./red.sh 17 > ./red.000017.out 2>&1
    ./red.sh 18 > ./red.000018.out 2>&1
    ./red.sh 19 > ./red.000019.out 2>&1
    ./red.sh 20 > ./red.000020.out 2>&1
    ./red.sh 21 > ./red.000021.out 2>&1
    ./red.sh 22 > ./red.000022.out 2>&1
    ./red.sh 23 > ./red.000023.out 2>&1
    ./red.sh 24 > ./red.000024.out 2>&1
    ./red.sh 25 > ./red.000025.out 2>&1
    ./red.sh 26 > ./red.000026.out 2>&1
    ./red.sh 27 > ./red.000027.out 2>&1
    ./red.sh 28 > ./red.000028.out 2>&1
    ./red.sh 29 > ./red.000029.out 2>&1
    ./red.sh 30 > ./red.000030.out 2>&1
    ./red.sh 31 > ./red.000031.out 2>&1
    ./red.sh 32 > ./red.000032.out 2>&1
    ./red.sh 33 > ./red.000033.out 2>&1
    ./red.sh 34 > ./red.000034.out 2>&1
    ./red.sh 35 > ./red.000035.out 2>&1
    ./red.sh 36 > ./red.000036.out 2>&1
    ./red.sh 37 > ./red.000037.out 2>&1
    ./red.sh 38 > ./red.000038.out 2>&1
    ./red.sh 39 > ./red.000039.out 2>&1

-- Finished on Tue Jan 20 20:07:50 2026 (411 seconds) with 4165718.14 GB free disk space
----------------------------------------
-- Found 39 read error detection output files.
-- Finished stage 'readErrorDetectionCheck', reset canuIteration.
--
-- Loading read lengths.
-- Loading number of overlaps per read.
--
-- Configure OEA for 8gb memory.
--                   Batches of at most (unlimited) reads.
--                                      300000000 bases.
--
--           Total                                               Reads                 Olaps  Adjusts
--    Job   Memory      Read Range         Reads        Bases   Memory        Olaps   Memory   Memory  (Memory in MB)
--   ---- -------- ------------------- --------- ------------ -------- ------------ -------- --------
--      1  2769.55         1-115789        16230    300018449   294.62      1918308    58.54   368.39
--      2  2776.74    115790-258308        19846    300000831   294.71      2151013    65.64   368.39
--      3  2783.39    258309-405631        20576    300018418   294.75      2367342    72.25   368.39
--      4  2783.33    405632-550762        20501    300000406   294.73      2366045    72.21   368.39
--      5  2785.60    550763-698113        20438    300017309   294.74      2439932    74.46   368.39
--      6  2781.42    698114-843545        20373    300002331   294.73      2303725    70.30   368.39
--      7  2771.89    843546-963617        16827    300017684   294.63      1994542    60.87   368.39
--      8  2776.84    963618-1090272       17842    300015902   294.66      2155586    65.78   368.39
--      9  2774.69   1090273-1223191       18709    300014048   294.69      2084344    63.61   368.39
--     10  2783.34   1223192-1364667       19516    300021711   294.72      2366783    72.23   368.39
--     11  2782.39   1364668-1504359       19459    300008980   294.70      2336233    71.30   368.39
--     12  2782.47   1504360-1642328       19518    300005959   294.70      2338849    71.38   368.39
--     13  2782.14   1642329-1782016       19633    300010247   294.71      2327606    71.03   368.39
--     14  2771.32   1782017-1899642       16510    300008498   294.61      1976242    60.31   368.39
--     15  2490.02   1899643-1933951        4766     49858615    55.69       587556    17.93   368.39
--   ---- -------- ------------------- --------- ------------ -------- ------------ -------- --------
--                                                 4250019388              31714106
-- Finished stage 'overlapErrorAdjustmentConfigure', reset canuIteration.
--
-- Running jobs.  First attempt out of 2.
----------------------------------------
-- Starting 'oea' concurrent execution on Tue Jan 20 20:07:58 2026 with 4165718.062 GB free disk space (15 processes; 62 concurrently)

    cd unitigging/3-overlapErrorAdjustment
    ./oea.sh 1 > ./oea.000001.out 2>&1
    ./oea.sh 2 > ./oea.000002.out 2>&1
    ./oea.sh 3 > ./oea.000003.out 2>&1
    ./oea.sh 4 > ./oea.000004.out 2>&1
    ./oea.sh 5 > ./oea.000005.out 2>&1
    ./oea.sh 6 > ./oea.000006.out 2>&1
    ./oea.sh 7 > ./oea.000007.out 2>&1
    ./oea.sh 8 > ./oea.000008.out 2>&1
    ./oea.sh 9 > ./oea.000009.out 2>&1
    ./oea.sh 10 > ./oea.000010.out 2>&1
    ./oea.sh 11 > ./oea.000011.out 2>&1
    ./oea.sh 12 > ./oea.000012.out 2>&1
    ./oea.sh 13 > ./oea.000013.out 2>&1
    ./oea.sh 14 > ./oea.000014.out 2>&1
    ./oea.sh 15 > ./oea.000015.out 2>&1

-- Finished on Tue Jan 20 20:27:08 2026 (1150 seconds) with 4161070.265 GB free disk space
----------------------------------------
-- Found 15 overlap error adjustment output files.
-- Finished stage 'overlapErrorAdjustmentCheck', reset canuIteration.
----------------------------------------
-- Starting command on Tue Jan 20 20:27:08 2026 with 4161070.25 GB free disk space

    cd unitigging/3-overlapErrorAdjustment
    /share/org/YZWL/yzwl_lixg/miniforge3/envs/canu_v.2.3/bin/loadErates \
      -S ../../N2-1.seqStore \
      -O ../N2-1.ovlStore \
      -L ./oea.files \
    > ./oea.apply.err 2>&1

-- Finished on Tue Jan 20 20:27:08 2026 (furiously fast) with 4161070.171 GB free disk space
----------------------------------------
-- No report available.
-- Finished stage 'updateOverlapStore', reset canuIteration.
-- Finished stage 'unitig', reset canuIteration.
--
-- Running jobs.  First attempt out of 2.
----------------------------------------
-- Starting 'bat' concurrent execution on Tue Jan 20 20:27:08 2026 with 4161070.125 GB free disk space (1 processes; 1 concurrently)

    cd unitigging/4-unitigger
    ./unitigger.sh 1 > ./unitigger.000001.out 2>&1

-- Finished on Tue Jan 20 20:27:19 2026 (11 seconds) with 4161069.937 GB free disk space
----------------------------------------
-- Unitigger finished successfully.
--  
--  ERROR RATES
--  -----------
--                                                   --------threshold------
--  279853                       fraction error      fraction        percent
--  samples                              (1e-5)         error          error
--                   --------------------------      --------       --------
--  command line (-eg)                           ->     30.00        0.0300%
--  command line (-ef)                           ->  -----.--      ---.----%
--  command line (-eM)                           ->     30.00        0.0300%
--  mean + std.dev       0.41 +-  12 *     2.84  ->     34.51        0.0345%
--  median + mad         0.00 +-  12 *     0.00  ->      0.00        0.0000%
--  90th percentile                              ->      1.00        0.0010%  (enabled)
--  
--  BEST EDGE FILTERING
--  -------------------
--  At graph threshold 0.0300%, reads:
--    available to have edges:        63376
--    with at least one edge:         38060
--  
--  At max threshold 0.0300%, reads:
--    available to have edges:        63376
--    with at least one edge:         38060
--  
--  At tight threshold 0.0010%, reads with:
--    both edges below error threshold:     32919  (80.00% minReadsBest threshold = 30448)
--    one  edge  above error threshold:      3706
--    both edges above error threshold:      1435
--    at least one edge:                    38060
--  
--  At loose threshold 0.0300%, reads with:
--    both edges below error threshold:     38060  (80.00% minReadsBest threshold = 30448)
--    one  edge  above error threshold:         0
--    both edges above error threshold:         0
--    at least one edge:                    38060
--  
--  
--  INITIAL EDGES
--  -------- ----------------------------------------
--    202593 reads are contained
--   1697891 reads have no best edges (singleton)
--       699 reads have only one best edge (spur) 
--                480 are mutual best
--     32768 reads have two best edges 
--                946 have one mutual best edge
--              31484 have two mutual best edges
--  
--  
--  FINAL EDGES
--  -------- ----------------------------------------
--    202593 reads are contained
--   1698190 reads have no best edges (singleton)
--       618 reads have only one best edge (spur) 
--                481 are mutual best
--     32550 reads have two best edges 
--                835 have one mutual best edge
--              31466 have two mutual best edges
--  
--  
--  EDGE FILTERING
--  -------- ------------------------------------------
--         0 reads are ignored
--      8802 reads have a gap in overlap coverage
--       158 reads have lopsided best edges
-- Found, in version 1, after unitig construction:
--   contigs:      115 sequences, total length 70220607 bp (including 104 repeats of total length 3615845 bp).
--   bubbles:      245 sequences, total length 10968936 bp.
--   unassembled:  35731 sequences, total length 382219578 bp.
--
-- Contig sizes based on genome size 85mbp:
--
--            NG (bp)  LG (contigs)    sum (bp)
--         ----------  ------------  ----------
--     10     9441255             1     9441255
--     20     8854776             2    18296031
--     30     4057230             4    28850903
--     40     3516779             6    35988624
--     50     3444059             8    42899211
--     60     2720904            11    52134377
--     70     1380028            15    59775997
--     80       56001            38    68054340
--
-- Finished stage 'unitigCheck', reset canuIteration.
----------------------------------------
-- Starting command on Tue Jan 20 20:27:19 2026 with 4161069.921 GB free disk space

    cd unitigging
    /share/org/YZWL/yzwl_lixg/miniforge3/envs/canu_v.2.3/bin/utgcns \
      -S ../N2-1.seqStore \
      -T  ./N2-1.ctgStore 1 \
      -partition 0.8 1.5 0.1 \
    > ./N2-1.ctgStore/partitioning.log 2>&1

-- Finished on Tue Jan 20 20:27:28 2026 (9 seconds) with 4161010.515 GB free disk space
----------------------------------------
-- Using slow alignment for consensus (iteration '0').
-- Configured 10 consensus jobs.
-- Finished stage 'consensusConfigure', reset canuIteration.
--
-- Local: cns       14.000 GB    8 CPUs x  11 jobs   154.000 GB  88 CPUs  (consensus)
--
--
-- Running jobs.  First attempt out of 2.
----------------------------------------
-- Starting 'cns' concurrent execution on Tue Jan 20 20:27:28 2026 with 4161010.484 GB free disk space (10 processes; 11 concurrently)

    cd unitigging/5-consensus
    ./consensus.sh 1 > ./consensus.000001.out 2>&1
    ./consensus.sh 2 > ./consensus.000002.out 2>&1
    ./consensus.sh 3 > ./consensus.000003.out 2>&1
    ./consensus.sh 4 > ./consensus.000004.out 2>&1
    ./consensus.sh 5 > ./consensus.000005.out 2>&1
    ./consensus.sh 6 > ./consensus.000006.out 2>&1
    ./consensus.sh 7 > ./consensus.000007.out 2>&1
    ./consensus.sh 8 > ./consensus.000008.out 2>&1
    ./consensus.sh 9 > ./consensus.000009.out 2>&1
    ./consensus.sh 10 > ./consensus.000010.out 2>&1

-- Finished on Tue Jan 20 20:36:01 2026 (513 seconds) with 4159595.656 GB free disk space
----------------------------------------
-- Using slow alignment for consensus (iteration '1').
-- Configured 10 consensus jobs.
-- All 10 consensus jobs finished successfully.
-- Finished stage 'consensusCheck', reset canuIteration.
-- Using slow alignment for consensus (iteration '0').
-- Configured 10 consensus jobs.
----------------------------------------
-- Starting command on Tue Jan 20 20:36:01 2026 with 4159595.609 GB free disk space

    cd unitigging
    /share/org/YZWL/yzwl_lixg/miniforge3/envs/canu_v.2.3/bin/tgStoreLoad \
      -S ../N2-1.seqStore \
      -T  ./N2-1.ctgStore 2 \
      -L ./5-consensus/ctgcns.files \
    > ./5-consensus/ctgcns.files.ctgStoreLoad.err 2>&1

-- Finished on Tue Jan 20 20:36:02 2026 (one second) with 4159594.234 GB free disk space
----------------------------------------
----------------------------------------
-- Starting command on Tue Jan 20 20:36:02 2026 with 4159594.234 GB free disk space

    cd unitigging
    /share/org/YZWL/yzwl_lixg/miniforge3/envs/canu_v.2.3/bin/tgTigDisplay \
      -S ../N2-1.seqStore \
      -b \
      -o ../N2-1.contigs.unsorted.bam \
      -L ./5-consensus/ctgcns.files \
    > ./5-consensus/ctgcns.files.contigs.bam.err 2>&1

-- Finished on Tue Jan 20 20:38:53 2026 (171 seconds) with 4159681.765 GB free disk space
----------------------------------------
----------------------------------------
-- Starting command on Tue Jan 20 20:38:53 2026 with 4159681.765 GB free disk space

    cd .
    samtools sort \
      --write-index \
      --threads 2 \
      -o ./N2-1.contigs.bam ./N2-1.contigs.unsorted.bam \
    > ./ctgcns.bam.err 2>&1

-- Finished on Tue Jan 20 20:39:50 2026 (57 seconds) with 4159683.281 GB free disk space
----------------------------------------
-- Purging consensus output after loading to ctgStore.
-- Purged 10 .cns outputs.
----------------------------------------
-- Starting command on Tue Jan 20 20:39:50 2026 with 4159686.515 GB free disk space

    cd unitigging
    /share/org/YZWL/yzwl_lixg/miniforge3/envs/canu_v.2.3/bin/tgStoreDump \
      -S ../N2-1.seqStore \
      -T ./N2-1.ctgStore 2 \
      -sizes -s 85000000 \
    > ./N2-1.ctgStore/seqDB.v002.sizes.txt
ZERO length suplied to intervalList::add(), ignoring interval.
ZERO length suplied to intervalList::add(), ignoring interval.
ZERO length suplied to intervalList::add(), ignoring interval.
ZERO length suplied to intervalList::add(), ignoring interval.
ZERO length suplied to intervalList::add(), ignoring interval.
ZERO length suplied to intervalList::add(), ignoring interval.
ZERO length suplied to intervalList::add(), ignoring interval.
ZERO length suplied to intervalList::add(), ignoring interval.
ZERO length suplied to intervalList::add(), ignoring interval.
ZERO length suplied to intervalList::add(), ignoring interval.
ZERO length suplied to intervalList::add(), ignoring interval.
ZERO length suplied to intervalList::add(), ignoring interval.
ZERO length suplied to intervalList::add(), ignoring interval.
ZERO length suplied to intervalList::add(), ignoring interval.
ZERO length suplied to intervalList::add(), ignoring interval.
ZERO length suplied to intervalList::add(), ignoring interval.
ZERO length suplied to intervalList::add(), ignoring interval.
ZERO length suplied to intervalList::add(), ignoring interval.
ZERO length suplied to intervalList::add(), ignoring interval.
ZERO length suplied to intervalList::add(), ignoring interval.
ZERO length suplied to intervalList::add(), ignoring interval.
ZERO length suplied to intervalList::add(), ignoring interval.
ZERO length suplied to intervalList::add(), ignoring interval.
ZERO length suplied to intervalList::add(), ignoring interval.
ZERO length suplied to intervalList::add(), ignoring interval.
ZERO length suplied to intervalList::add(), ignoring interval.
ZERO length suplied to intervalList::add(), ignoring interval.
ZERO length suplied to intervalList::add(), ignoring interval.
ZERO length suplied to intervalList::add(), ignoring interval.
ZERO length suplied to intervalList::add(), ignoring interval.
ZERO length suplied to intervalList::add(), ignoring interval.
ZERO length suplied to intervalList::add(), ignoring interval.
ZERO length suplied to intervalList::add(), ignoring interval.
ZERO length suplied to intervalList::add(), ignoring interval.
ZERO length suplied to intervalList::add(), ignoring interval.
ZERO length suplied to intervalList::add(), ignoring interval.
ZERO length suplied to intervalList::add(), ignoring interval.
ZERO length suplied to intervalList::add(), ignoring interval.
ZERO length suplied to intervalList::add(), ignoring interval.
ZERO length suplied to intervalList::add(), ignoring interval.
ZERO length suplied to intervalList::add(), ignoring interval.
ZERO length suplied to intervalList::add(), ignoring interval.
ZERO length suplied to intervalList::add(), ignoring interval.
ZERO length suplied to intervalList::add(), ignoring interval.
ZERO length suplied to intervalList::add(), ignoring interval.
ZERO length suplied to intervalList::add(), ignoring interval.
ZERO length suplied to intervalList::add(), ignoring interval.
ZERO length suplied to intervalList::add(), ignoring interval.
ZERO length suplied to intervalList::add(), ignoring interval.
ZERO length suplied to intervalList::add(), ignoring interval.
ZERO length suplied to intervalList::add(), ignoring interval.

-- Finished on Tue Jan 20 20:39:51 2026 (one second) with 4159686.515 GB free disk space
----------------------------------------
-- Found, in version 2, after consensus generation:
--   contigs:      115 sequences, total length 92022291 bp (including 104 repeats of total length 4846132 bp).
--   bubbles:      245 sequences, total length 14451784 bp.
--   unassembled:  35731 sequences, total length 591471595 bp.
--
-- Contig sizes based on genome size 85mbp:
--
--            NG (bp)  LG (contigs)    sum (bp)
--         ----------  ------------  ----------
--     10    12278809             1    12278809
--     20    11509929             2    23788738
--     30     8441479             3    32230217
--     40     5305390             4    37535607
--     50     4554235             6    46804997
--     60     4525114             7    51330111
--     70     4331656             9    60142517
--     80     3455330            12    71310032
--     90     1802543            15    77818199
--    100      645147            21    85165224
--
-- Finished stage 'consensusLoad', reset canuIteration.
----------------------------------------
-- Starting command on Tue Jan 20 20:39:51 2026 with 4159686.5 GB free disk space

    cd .
    /share/org/YZWL/yzwl_lixg/miniforge3/envs/canu_v.2.3/bin/tgStoreDump \
      -S ./N2-1.seqStore \
      -T ./unitigging/N2-1.ctgStore 2 \
      -o ./N2-1.contigs \
      -layout \
    > ./N2-1.contigs.layout.err 2>&1

-- Finished on Tue Jan 20 20:39:51 2026 (lickety-split) with 4159686.437 GB free disk space
----------------------------------------
----------------------------------------
-- Starting command on Tue Jan 20 20:39:51 2026 with 4159686.437 GB free disk space

    cd .
    /share/org/YZWL/yzwl_lixg/miniforge3/envs/canu_v.2.3/bin/tgStoreDump \
      -S ./N2-1.seqStore \
      -T ./unitigging/N2-1.ctgStore 2 \
      -consensus -fasta \
      -unassembled \
    > ./N2-1.unassembled.fasta
    2> ./N2-1.unassembled.err
ZERO length suplied to intervalList::add(), ignoring interval.
ZERO length suplied to intervalList::add(), ignoring interval.
ZERO length suplied to intervalList::add(), ignoring interval.
ZERO length suplied to intervalList::add(), ignoring interval.
ZERO length suplied to intervalList::add(), ignoring interval.
ZERO length suplied to intervalList::add(), ignoring interval.
ZERO length suplied to intervalList::add(), ignoring interval.
ZERO length suplied to intervalList::add(), ignoring interval.
ZERO length suplied to intervalList::add(), ignoring interval.
ZERO length suplied to intervalList::add(), ignoring interval.
ZERO length suplied to intervalList::add(), ignoring interval.
ZERO length suplied to intervalList::add(), ignoring interval.
ZERO length suplied to intervalList::add(), ignoring interval.
ZERO length suplied to intervalList::add(), ignoring interval.
ZERO length suplied to intervalList::add(), ignoring interval.
ZERO length suplied to intervalList::add(), ignoring interval.
ZERO length suplied to intervalList::add(), ignoring interval.
ZERO length suplied to intervalList::add(), ignoring interval.
ZERO length suplied to intervalList::add(), ignoring interval.
ZERO length suplied to intervalList::add(), ignoring interval.
ZERO length suplied to intervalList::add(), ignoring interval.
ZERO length suplied to intervalList::add(), ignoring interval.
ZERO length suplied to intervalList::add(), ignoring interval.
ZERO length suplied to intervalList::add(), ignoring interval.
ZERO length suplied to intervalList::add(), ignoring interval.
ZERO length suplied to intervalList::add(), ignoring interval.
ZERO length suplied to intervalList::add(), ignoring interval.
ZERO length suplied to intervalList::add(), ignoring interval.
ZERO length suplied to intervalList::add(), ignoring interval.
ZERO length suplied to intervalList::add(), ignoring interval.
ZERO length suplied to intervalList::add(), ignoring interval.
ZERO length suplied to intervalList::add(), ignoring interval.
ZERO length suplied to intervalList::add(), ignoring interval.
ZERO length suplied to intervalList::add(), ignoring interval.
ZERO length suplied to intervalList::add(), ignoring interval.
ZERO length suplied to intervalList::add(), ignoring interval.
ZERO length suplied to intervalList::add(), ignoring interval.
ZERO length suplied to intervalList::add(), ignoring interval.
ZERO length suplied to intervalList::add(), ignoring interval.
ZERO length suplied to intervalList::add(), ignoring interval.
ZERO length suplied to intervalList::add(), ignoring interval.
ZERO length suplied to intervalList::add(), ignoring interval.
ZERO length suplied to intervalList::add(), ignoring interval.
ZERO length suplied to intervalList::add(), ignoring interval.
ZERO length suplied to intervalList::add(), ignoring interval.
ZERO length suplied to intervalList::add(), ignoring interval.
ZERO length suplied to intervalList::add(), ignoring interval.
ZERO length suplied to intervalList::add(), ignoring interval.
ZERO length suplied to intervalList::add(), ignoring interval.
ZERO length suplied to intervalList::add(), ignoring interval.
ZERO length suplied to intervalList::add(), ignoring interval.

-- Finished on Tue Jan 20 20:39:54 2026 (3 seconds) with 4159685.859 GB free disk space
----------------------------------------
----------------------------------------
-- Starting command on Tue Jan 20 20:39:54 2026 with 4159685.859 GB free disk space

    cd .
    /share/org/YZWL/yzwl_lixg/miniforge3/envs/canu_v.2.3/bin/tgStoreDump \
      -S ./N2-1.seqStore \
      -T ./unitigging/N2-1.ctgStore 2 \
      -consensus -fasta \
      -contigs \
    > ./N2-1.contigs.fasta
    2> ./N2-1.contigs.err
ZERO length suplied to intervalList::add(), ignoring interval.
ZERO length suplied to intervalList::add(), ignoring interval.
ZERO length suplied to intervalList::add(), ignoring interval.
ZERO length suplied to intervalList::add(), ignoring interval.
ZERO length suplied to intervalList::add(), ignoring interval.
ZERO length suplied to intervalList::add(), ignoring interval.
ZERO length suplied to intervalList::add(), ignoring interval.
ZERO length suplied to intervalList::add(), ignoring interval.
ZERO length suplied to intervalList::add(), ignoring interval.
ZERO length suplied to intervalList::add(), ignoring interval.
ZERO length suplied to intervalList::add(), ignoring interval.
ZERO length suplied to intervalList::add(), ignoring interval.
ZERO length suplied to intervalList::add(), ignoring interval.
ZERO length suplied to intervalList::add(), ignoring interval.
ZERO length suplied to intervalList::add(), ignoring interval.
ZERO length suplied to intervalList::add(), ignoring interval.
ZERO length suplied to intervalList::add(), ignoring interval.
ZERO length suplied to intervalList::add(), ignoring interval.
ZERO length suplied to intervalList::add(), ignoring interval.
ZERO length suplied to intervalList::add(), ignoring interval.
ZERO length suplied to intervalList::add(), ignoring interval.
ZERO length suplied to intervalList::add(), ignoring interval.
ZERO length suplied to intervalList::add(), ignoring interval.
ZERO length suplied to intervalList::add(), ignoring interval.
ZERO length suplied to intervalList::add(), ignoring interval.
ZERO length suplied to intervalList::add(), ignoring interval.
ZERO length suplied to intervalList::add(), ignoring interval.
ZERO length suplied to intervalList::add(), ignoring interval.
ZERO length suplied to intervalList::add(), ignoring interval.
ZERO length suplied to intervalList::add(), ignoring interval.
ZERO length suplied to intervalList::add(), ignoring interval.
ZERO length suplied to intervalList::add(), ignoring interval.
ZERO length suplied to intervalList::add(), ignoring interval.
ZERO length suplied to intervalList::add(), ignoring interval.
ZERO length suplied to intervalList::add(), ignoring interval.
ZERO length suplied to intervalList::add(), ignoring interval.
ZERO length suplied to intervalList::add(), ignoring interval.
ZERO length suplied to intervalList::add(), ignoring interval.
ZERO length suplied to intervalList::add(), ignoring interval.
ZERO length suplied to intervalList::add(), ignoring interval.
ZERO length suplied to intervalList::add(), ignoring interval.
ZERO length suplied to intervalList::add(), ignoring interval.
ZERO length suplied to intervalList::add(), ignoring interval.
ZERO length suplied to intervalList::add(), ignoring interval.
ZERO length suplied to intervalList::add(), ignoring interval.
ZERO length suplied to intervalList::add(), ignoring interval.
ZERO length suplied to intervalList::add(), ignoring interval.
ZERO length suplied to intervalList::add(), ignoring interval.
ZERO length suplied to intervalList::add(), ignoring interval.
ZERO length suplied to intervalList::add(), ignoring interval.
ZERO length suplied to intervalList::add(), ignoring interval.

-- Finished on Tue Jan 20 20:39:55 2026 (one second) with 4159685.75 GB free disk space
----------------------------------------
-- Finished stage 'generateOutputs', reset canuIteration.
--
-- Assembly 'N2-1' finished in '/share/org/YZWL/yzwl_lixg/project/28.大豆疫霉菌三代基因组/03.hicanu/N2-1/01.raw_output'.
--
-- Summary saved in 'N2-1.report'.
--
-- Sequences saved:
--   Contigs       -> 'N2-1.contigs.fasta'
--   Unassembled   -> 'N2-1.unassembled.fasta'
--
-- Read layouts saved:
--   Contigs       -> 'N2-1.contigs.layout'.
--
-- Bye.

Job 68952694 stderr output:

