2026-02-07 15:32:59.474 - INFO - 自动检测样品和reads文件|Auto-detecting samples and reads files in: 01.data
2026-02-07 15:32:59.474 - INFO - 找到 19 个read1文件|Found 19 read1 files
2026-02-07 15:32:59.507 - INFO - 检测到 19 个样品|Detected 19 samples:
2026-02-07 15:32:59.507 - INFO -   样品|Sample: 62-2
2026-02-07 15:32:59.507 - INFO -     R1: 62-2_1.clean.fq.gz
2026-02-07 15:32:59.507 - INFO -     R2: 62-2_2.clean.fq.gz
2026-02-07 15:32:59.507 - INFO -   样品|Sample: 67-quan1
2026-02-07 15:32:59.507 - INFO -     R1: 67-quan1_1.clean.fq.gz
2026-02-07 15:32:59.507 - INFO -     R2: 67-quan1_2.clean.fq.gz
2026-02-07 15:32:59.507 - INFO -   样品|Sample: 68-1A
2026-02-07 15:32:59.507 - INFO -     R1: 68-1A_1.clean.fq.gz
2026-02-07 15:32:59.507 - INFO -     R2: 68-1A_2.clean.fq.gz
2026-02-07 15:32:59.507 - INFO -   样品|Sample: 69A
2026-02-07 15:32:59.507 - INFO -     R1: 69A_1.clean.fq.gz
2026-02-07 15:32:59.507 - INFO -     R2: 69A_2.clean.fq.gz
2026-02-07 15:32:59.507 - INFO -   样品|Sample: 716A
2026-02-07 15:32:59.507 - INFO -     R1: 716A_1.clean.fq.gz
2026-02-07 15:32:59.507 - INFO -     R2: 716A_2.clean.fq.gz
2026-02-07 15:32:59.507 - INFO -   样品|Sample: 72-4A
2026-02-07 15:32:59.507 - INFO -     R1: 72-4A_1.clean.fq.gz
2026-02-07 15:32:59.507 - INFO -     R2: 72-4A_2.clean.fq.gz
2026-02-07 15:32:59.507 - INFO -   样品|Sample: 72_3_kang
2026-02-07 15:32:59.507 - INFO -     R1: 72_3_kang_1.clean.fq.gz
2026-02-07 15:32:59.507 - INFO -     R2: 72_3_kang_2.clean.fq.gz
2026-02-07 15:32:59.507 - INFO -   样品|Sample: 72_4_gang
2026-02-07 15:32:59.507 - INFO -     R1: 72_4_gang_1.clean.fq.gz
2026-02-07 15:32:59.507 - INFO -     R2: 72_4_gang_2.clean.fq.gz
2026-02-07 15:32:59.507 - INFO -   样品|Sample: 92-1
2026-02-07 15:32:59.507 - INFO -     R1: 92-1_1.clean.fq.gz
2026-02-07 15:32:59.507 - INFO -     R2: 92-1_2.clean.fq.gz
2026-02-07 15:32:59.507 - INFO -   样品|Sample: 93-4
2026-02-07 15:32:59.507 - INFO -     R1: 93-4_1.clean.fq.gz
2026-02-07 15:32:59.507 - INFO -     R2: 93-4_2.clean.fq.gz
2026-02-07 15:32:59.507 - INFO -   样品|Sample: 93-7
2026-02-07 15:32:59.507 - INFO -     R1: 93-7_1.clean.fq.gz
2026-02-07 15:32:59.507 - INFO -     R2: 93-7_2.clean.fq.gz
2026-02-07 15:32:59.508 - INFO -   样品|Sample: Arabidopsis_thaliana
2026-02-07 15:32:59.508 - INFO -     R1: Arabidopsis_thaliana_1.clean.fq.gz
2026-02-07 15:32:59.508 - INFO -     R2: Arabidopsis_thaliana_2.clean.fq.gz
2026-02-07 15:32:59.508 - INFO -   样品|Sample: EcAA
2026-02-07 15:32:59.508 - INFO -     R1: EcAA_1.clean.fq.gz
2026-02-07 15:32:59.508 - INFO -     R2: EcAA_2.clean.fq.gz
2026-02-07 15:32:59.508 - INFO -   样品|Sample: Enew
2026-02-07 15:32:59.508 - INFO -     R1: Enew_1.clean.fq.gz
2026-02-07 15:32:59.508 - INFO -     R2: Enew_2.clean.fq.gz
2026-02-07 15:32:59.508 - INFO -   样品|Sample: Ery17
2026-02-07 15:32:59.508 - INFO -     R1: Ery17_1.clean.fq.gz
2026-02-07 15:32:59.508 - INFO -     R2: Ery17_2.clean.fq.gz
2026-02-07 15:32:59.508 - INFO -   样品|Sample: EryR13
2026-02-07 15:32:59.508 - INFO -     R1: EryR13_1.clean.fq.gz
2026-02-07 15:32:59.508 - INFO -     R2: EryR13_2.clean.fq.gz
2026-02-07 15:32:59.508 - INFO -   样品|Sample: EryR16
2026-02-07 15:32:59.508 - INFO -     R1: EryR16_1.clean.fq.gz
2026-02-07 15:32:59.508 - INFO -     R2: EryR16_2.clean.fq.gz
2026-02-07 15:32:59.508 - INFO -   样品|Sample: Jan-70A
2026-02-07 15:32:59.508 - INFO -     R1: Jan-70A_1.clean.fq.gz
2026-02-07 15:32:59.508 - INFO -     R2: Jan-70A_2.clean.fq.gz
2026-02-07 15:32:59.508 - INFO -   样品|Sample: KostanzA
2026-02-07 15:32:59.508 - INFO -     R1: KostanzA_1.clean.fq.gz
2026-02-07 15:32:59.508 - INFO -     R2: KostanzA_2.clean.fq.gz
2026-02-07 15:32:59.508 - INFO - 
2026-02-07 15:32:59.508 - INFO - ============================================================
2026-02-07 15:32:59.508 - INFO - 处理样品|Processing sample: 62-2 (1/19)
2026-02-07 15:32:59.508 - INFO - ============================================================
2026-02-07 15:32:59.634 - DEBUG - Conda环境路径|Conda environment path: /share/org/YZWL/yzwl_lixg/miniforge3/envs/getorganelle_v.1.7.71
2026-02-07 15:32:59.634 - INFO - ============================================================
2026-02-07 15:32:59.634 - INFO - 叶绿体基因组组装|Plastome Assembly
2026-02-07 15:32:59.635 - INFO - ============================================================
2026-02-07 15:32:59.635 - INFO - 输入目录|Input directory: 01.data
2026-02-07 15:32:59.635 - INFO - 输出目录|Output directory: output
2026-02-07 15:32:59.635 - INFO - 输出前缀|Output prefix: 62-2
2026-02-07 15:32:59.635 - INFO - Organelle类型|Organelle type: embplant_pt
2026-02-07 15:32:59.635 - INFO - 线程数|Threads: 64
2026-02-07 15:32:59.635 - INFO - R1文件|R1 file: 62-2_1.clean.fq.gz
2026-02-07 15:32:59.635 - INFO - R2文件|R2 file: 62-2_2.clean.fq.gz
2026-02-07 15:32:59.635 - INFO - ============================================================
2026-02-07 15:32:59.635 - INFO - ============================================================
2026-02-07 15:32:59.635 - INFO - 叶绿体基因组组装|Plastome Assembly
2026-02-07 15:32:59.635 - INFO - ============================================================
2026-02-07 15:32:59.635 - INFO - 输入目录|Input directory: 01.data
2026-02-07 15:32:59.635 - INFO - 输出目录|Output directory: output
2026-02-07 15:32:59.635 - INFO - 输出前缀|Output prefix: 62-2
2026-02-07 15:32:59.635 - INFO - Organelle类型|Organelle type: embplant_pt
2026-02-07 15:32:59.635 - INFO - 线程数|Threads: 64
2026-02-07 15:32:59.635 - INFO - R1文件|R1 file: 62-2_1.clean.fq.gz
2026-02-07 15:32:59.635 - INFO - R2文件|R2 file: 62-2_2.clean.fq.gz
2026-02-07 15:32:59.635 - INFO - ============================================================
2026-02-07 15:32:59.635 - INFO - 
2026-02-07 15:32:59.635 - INFO - ============================================================
2026-02-07 15:32:59.635 - INFO - 开始叶绿体基因组组装|Starting plastome assembly
2026-02-07 15:32:59.635 - INFO - ============================================================
2026-02-07 15:32:59.635 - INFO - 
2026-02-07 15:32:59.635 - INFO - 执行中|Executing: 叶绿体基因组组装|Plastome assembly with GetOrganelle
2026-02-07 15:32:59.635 - DEBUG - 完整命令|Full command: /share/org/YZWL/yzwl_lixg/miniforge3/envs/getorganelle_v.1.7.71/bin/get_organelle_from_reads.py -o output/62-2 -1 01.data/62-2_1.clean.fq.gz -2 01.data/62-2_2.clean.fq.gz -F embplant_pt -R 15 -k 21,45,65,85,105 -t 64
2026-02-07 15:32:59.635 - DEBUG - 设置PATH环境变量|Setting PATH: /share/org/YZWL/yzwl_lixg/miniforge3/envs/getorganelle_v.1.7.71/bin:/opt/skyformai/bin:/share/org/YZWL/yzwl_lixg/software/kmeria/bin:/share/org/YZWL/yzwl_lixg/software/kmeria/bimbamAsso:/share/org/YZW...
2026-02-07 15:33:20.831 - INFO - GetOrganelle v1.7.7.1
2026-02-07 15:33:20.831 - INFO - get_organelle_from_reads.py assembles organelle genomes from genome skimming data.
2026-02-07 15:33:20.831 - INFO - Find updates in https://github.com/Kinggerm/GetOrganelle and see README.md for more information.
2026-02-07 15:33:20.831 - INFO - Python 3.13.5 | packaged by conda-forge | (main, Jun 16 2025, 08:27:50) [GCC 13.3.0]
2026-02-07 15:33:20.831 - INFO - PLATFORM: Linux c02n0104 4.18.0-513.5.1.el8_9.x86_64 #1 SMP Fri Nov 17 03:31:10 UTC 2023 x86_64 x86_64
2026-02-07 15:33:20.831 - INFO - PYTHON LIBS: GetOrganelleLib 1.7.7.1; numpy 2.3.2; sympy 1.14.0; scipy 1.16.1
2026-02-07 15:33:20.831 - INFO - DEPENDENCIES: Bowtie2 2.5.4; SPAdes 4.2.0; Blast 2.17.0
2026-02-07 15:33:20.831 - INFO - GETORG_PATH=/share/org/YZWL/yzwl_lixg/.GetOrganelle
2026-02-07 15:33:20.831 - INFO - SEED  DB: embplant_pt 0.0.1; embplant_mt 0.0.1
2026-02-07 15:33:20.831 - INFO - LABEL DB: embplant_pt 0.0.1; embplant_mt 0.0.1
2026-02-07 15:33:20.831 - INFO - WORKING_DIR=/share/org/YZWL/yzwl_lixg/project/18.小花糖芥/14.所有糖芥属进化树/04.叶绿体基因组
2026-02-07 15:33:20.833 - INFO - /share/org/YZWL/yzwl_lixg/miniforge3/envs/getorganelle_v.1.7.71/bin/get_organelle_from_reads.py -o output/62-2 -1 01.data/62-2_1.clean.fq.gz -2 01.data/62-2_2.clean.fq.gz -F embplant_pt -R 15 -k 21,45,65,85,105 -t 64
2026-02-07 15:33:20.833 - ERROR - [FAIL] 样品 62-2 组装失败|Sample 62-2 assembly failed
2026-02-07 15:33:20.833 - INFO - 
2026-02-07 15:33:20.833 - INFO - ============================================================
2026-02-07 15:33:20.833 - INFO - 处理样品|Processing sample: 67-quan1 (2/19)
2026-02-07 15:33:20.833 - INFO - ============================================================
2026-02-07 15:33:20.834 - DEBUG - Conda环境路径|Conda environment path: /share/org/YZWL/yzwl_lixg/miniforge3/envs/getorganelle_v.1.7.71
2026-02-07 15:33:20.834 - INFO - ============================================================
2026-02-07 15:33:20.834 - INFO - 叶绿体基因组组装|Plastome Assembly
2026-02-07 15:33:20.834 - INFO - ============================================================
2026-02-07 15:33:20.834 - INFO - 输入目录|Input directory: 01.data
2026-02-07 15:33:20.834 - INFO - 输出目录|Output directory: output
2026-02-07 15:33:20.834 - INFO - 输出前缀|Output prefix: 67-quan1
2026-02-07 15:33:20.834 - INFO - Organelle类型|Organelle type: embplant_pt
2026-02-07 15:33:20.834 - INFO - 线程数|Threads: 64
2026-02-07 15:33:20.834 - INFO - R1文件|R1 file: 62-2_1.clean.fq.gz
2026-02-07 15:33:20.834 - INFO - R2文件|R2 file: 62-2_2.clean.fq.gz
2026-02-07 15:33:20.834 - INFO - ============================================================
2026-02-07 15:33:20.834 - INFO - ============================================================
2026-02-07 15:33:20.835 - INFO - 叶绿体基因组组装|Plastome Assembly
2026-02-07 15:33:20.835 - INFO - ============================================================
2026-02-07 15:33:20.835 - INFO - 输入目录|Input directory: 01.data
2026-02-07 15:33:20.835 - INFO - 输出目录|Output directory: output
2026-02-07 15:33:20.835 - INFO - 输出前缀|Output prefix: 67-quan1
2026-02-07 15:33:20.835 - INFO - Organelle类型|Organelle type: embplant_pt
2026-02-07 15:33:20.835 - INFO - 线程数|Threads: 64
2026-02-07 15:33:20.835 - INFO - R1文件|R1 file: 67-quan1_1.clean.fq.gz
2026-02-07 15:33:20.835 - INFO - R2文件|R2 file: 67-quan1_2.clean.fq.gz
2026-02-07 15:33:20.835 - INFO - ============================================================
2026-02-07 15:33:20.835 - INFO - 
2026-02-07 15:33:20.835 - INFO - ============================================================
2026-02-07 15:33:20.835 - INFO - 开始叶绿体基因组组装|Starting plastome assembly
2026-02-07 15:33:20.835 - INFO - ============================================================
2026-02-07 15:33:20.835 - INFO - 
2026-02-07 15:33:20.835 - INFO - 执行中|Executing: 叶绿体基因组组装|Plastome assembly with GetOrganelle
2026-02-07 15:33:20.835 - DEBUG - 完整命令|Full command: /share/org/YZWL/yzwl_lixg/miniforge3/envs/getorganelle_v.1.7.71/bin/get_organelle_from_reads.py -o output/67-quan1 -1 01.data/67-quan1_1.clean.fq.gz -2 01.data/67-quan1_2.clean.fq.gz -F embplant_pt -R 15 -k 21,45,65,85,105 -t 64
2026-02-07 15:33:20.835 - DEBUG - 设置PATH环境变量|Setting PATH: /share/org/YZWL/yzwl_lixg/miniforge3/envs/getorganelle_v.1.7.71/bin:/opt/skyformai/bin:/share/org/YZWL/yzwl_lixg/software/kmeria/bin:/share/org/YZWL/yzwl_lixg/software/kmeria/bimbamAsso:/share/org/YZW...
2026-02-07 15:33:21.558 - INFO - GetOrganelle v1.7.7.1
2026-02-07 15:33:21.558 - INFO - get_organelle_from_reads.py assembles organelle genomes from genome skimming data.
2026-02-07 15:33:21.558 - INFO - Find updates in https://github.com/Kinggerm/GetOrganelle and see README.md for more information.
2026-02-07 15:33:21.558 - INFO - Python 3.13.5 | packaged by conda-forge | (main, Jun 16 2025, 08:27:50) [GCC 13.3.0]
2026-02-07 15:33:21.558 - INFO - PLATFORM: Linux c02n0104 4.18.0-513.5.1.el8_9.x86_64 #1 SMP Fri Nov 17 03:31:10 UTC 2023 x86_64 x86_64
2026-02-07 15:33:21.558 - INFO - PYTHON LIBS: GetOrganelleLib 1.7.7.1; numpy 2.3.2; sympy 1.14.0; scipy 1.16.1
2026-02-07 15:33:21.558 - INFO - DEPENDENCIES: Bowtie2 2.5.4; SPAdes 4.2.0; Blast 2.17.0
2026-02-07 15:33:21.558 - INFO - GETORG_PATH=/share/org/YZWL/yzwl_lixg/.GetOrganelle
2026-02-07 15:33:21.558 - INFO - SEED  DB: embplant_pt 0.0.1; embplant_mt 0.0.1
2026-02-07 15:33:21.558 - INFO - LABEL DB: embplant_pt 0.0.1; embplant_mt 0.0.1
2026-02-07 15:33:21.558 - INFO - WORKING_DIR=/share/org/YZWL/yzwl_lixg/project/18.小花糖芥/14.所有糖芥属进化树/04.叶绿体基因组
2026-02-07 15:33:21.558 - INFO - /share/org/YZWL/yzwl_lixg/miniforge3/envs/getorganelle_v.1.7.71/bin/get_organelle_from_reads.py -o output/67-quan1 -1 01.data/67-quan1_1.clean.fq.gz -2 01.data/67-quan1_2.clean.fq.gz -F embplant_pt -R 15 -k 21,45,65,85,105 -t 64
2026-02-07 15:33:21.559 - ERROR - [FAIL] 样品 67-quan1 组装失败|Sample 67-quan1 assembly failed
2026-02-07 15:33:21.559 - INFO - 
2026-02-07 15:33:21.559 - INFO - ============================================================
2026-02-07 15:33:21.559 - INFO - 处理样品|Processing sample: 68-1A (3/19)
2026-02-07 15:33:21.559 - INFO - ============================================================
2026-02-07 15:33:21.559 - DEBUG - Conda环境路径|Conda environment path: /share/org/YZWL/yzwl_lixg/miniforge3/envs/getorganelle_v.1.7.71
2026-02-07 15:33:21.559 - INFO - ============================================================
2026-02-07 15:33:21.560 - INFO - 叶绿体基因组组装|Plastome Assembly
2026-02-07 15:33:21.560 - INFO - ============================================================
2026-02-07 15:33:21.560 - INFO - 输入目录|Input directory: 01.data
2026-02-07 15:33:21.560 - INFO - 输出目录|Output directory: output
2026-02-07 15:33:21.560 - INFO - 输出前缀|Output prefix: 68-1A
2026-02-07 15:33:21.560 - INFO - Organelle类型|Organelle type: embplant_pt
2026-02-07 15:33:21.560 - INFO - 线程数|Threads: 64
2026-02-07 15:33:21.560 - INFO - R1文件|R1 file: 62-2_1.clean.fq.gz
2026-02-07 15:33:21.560 - INFO - R2文件|R2 file: 62-2_2.clean.fq.gz
2026-02-07 15:33:21.560 - INFO - ============================================================
2026-02-07 15:33:21.560 - INFO - ============================================================
2026-02-07 15:33:21.560 - INFO - 叶绿体基因组组装|Plastome Assembly
2026-02-07 15:33:21.560 - INFO - ============================================================
2026-02-07 15:33:21.560 - INFO - 输入目录|Input directory: 01.data
2026-02-07 15:33:21.560 - INFO - 输出目录|Output directory: output
2026-02-07 15:33:21.560 - INFO - 输出前缀|Output prefix: 68-1A
2026-02-07 15:33:21.560 - INFO - Organelle类型|Organelle type: embplant_pt
2026-02-07 15:33:21.560 - INFO - 线程数|Threads: 64
2026-02-07 15:33:21.560 - INFO - R1文件|R1 file: 68-1A_1.clean.fq.gz
2026-02-07 15:33:21.560 - INFO - R2文件|R2 file: 68-1A_2.clean.fq.gz
2026-02-07 15:33:21.560 - INFO - ============================================================
2026-02-07 15:33:21.560 - INFO - 
2026-02-07 15:33:21.560 - INFO - ============================================================
2026-02-07 15:33:21.560 - INFO - 开始叶绿体基因组组装|Starting plastome assembly
2026-02-07 15:33:21.560 - INFO - ============================================================
2026-02-07 15:33:21.560 - INFO - 
2026-02-07 15:33:21.560 - INFO - 执行中|Executing: 叶绿体基因组组装|Plastome assembly with GetOrganelle
2026-02-07 15:33:21.560 - DEBUG - 完整命令|Full command: /share/org/YZWL/yzwl_lixg/miniforge3/envs/getorganelle_v.1.7.71/bin/get_organelle_from_reads.py -o output/68-1A -1 01.data/68-1A_1.clean.fq.gz -2 01.data/68-1A_2.clean.fq.gz -F embplant_pt -R 15 -k 21,45,65,85,105 -t 64
2026-02-07 15:33:21.560 - DEBUG - 设置PATH环境变量|Setting PATH: /share/org/YZWL/yzwl_lixg/miniforge3/envs/getorganelle_v.1.7.71/bin:/opt/skyformai/bin:/share/org/YZWL/yzwl_lixg/software/kmeria/bin:/share/org/YZWL/yzwl_lixg/software/kmeria/bimbamAsso:/share/org/YZW...
2026-02-07 15:33:22.274 - INFO - GetOrganelle v1.7.7.1
2026-02-07 15:33:22.274 - INFO - get_organelle_from_reads.py assembles organelle genomes from genome skimming data.
2026-02-07 15:33:22.274 - INFO - Find updates in https://github.com/Kinggerm/GetOrganelle and see README.md for more information.
2026-02-07 15:33:22.274 - INFO - Python 3.13.5 | packaged by conda-forge | (main, Jun 16 2025, 08:27:50) [GCC 13.3.0]
2026-02-07 15:33:22.274 - INFO - PLATFORM: Linux c02n0104 4.18.0-513.5.1.el8_9.x86_64 #1 SMP Fri Nov 17 03:31:10 UTC 2023 x86_64 x86_64
2026-02-07 15:33:22.274 - INFO - PYTHON LIBS: GetOrganelleLib 1.7.7.1; numpy 2.3.2; sympy 1.14.0; scipy 1.16.1
2026-02-07 15:33:22.274 - INFO - DEPENDENCIES: Bowtie2 2.5.4; SPAdes 4.2.0; Blast 2.17.0
2026-02-07 15:33:22.274 - INFO - GETORG_PATH=/share/org/YZWL/yzwl_lixg/.GetOrganelle
2026-02-07 15:33:22.274 - INFO - SEED  DB: embplant_pt 0.0.1; embplant_mt 0.0.1
2026-02-07 15:33:22.274 - INFO - LABEL DB: embplant_pt 0.0.1; embplant_mt 0.0.1
2026-02-07 15:33:22.274 - INFO - WORKING_DIR=/share/org/YZWL/yzwl_lixg/project/18.小花糖芥/14.所有糖芥属进化树/04.叶绿体基因组
2026-02-07 15:33:22.274 - INFO - /share/org/YZWL/yzwl_lixg/miniforge3/envs/getorganelle_v.1.7.71/bin/get_organelle_from_reads.py -o output/68-1A -1 01.data/68-1A_1.clean.fq.gz -2 01.data/68-1A_2.clean.fq.gz -F embplant_pt -R 15 -k 21,45,65,85,105 -t 64
2026-02-07 15:33:22.277 - ERROR - [FAIL] 样品 68-1A 组装失败|Sample 68-1A assembly failed
2026-02-07 15:33:22.277 - INFO - 
2026-02-07 15:33:22.277 - INFO - ============================================================
2026-02-07 15:33:22.277 - INFO - 处理样品|Processing sample: 69A (4/19)
2026-02-07 15:33:22.277 - INFO - ============================================================
2026-02-07 15:33:22.278 - DEBUG - Conda环境路径|Conda environment path: /share/org/YZWL/yzwl_lixg/miniforge3/envs/getorganelle_v.1.7.71
2026-02-07 15:33:22.278 - INFO - ============================================================
2026-02-07 15:33:22.278 - INFO - 叶绿体基因组组装|Plastome Assembly
2026-02-07 15:33:22.278 - INFO - ============================================================
2026-02-07 15:33:22.278 - INFO - 输入目录|Input directory: 01.data
2026-02-07 15:33:22.278 - INFO - 输出目录|Output directory: output
2026-02-07 15:33:22.278 - INFO - 输出前缀|Output prefix: 69A
2026-02-07 15:33:22.278 - INFO - Organelle类型|Organelle type: embplant_pt
2026-02-07 15:33:22.278 - INFO - 线程数|Threads: 64
2026-02-07 15:33:22.278 - INFO - R1文件|R1 file: 62-2_1.clean.fq.gz
2026-02-07 15:33:22.278 - INFO - R2文件|R2 file: 62-2_2.clean.fq.gz
2026-02-07 15:33:22.278 - INFO - ============================================================
2026-02-07 15:33:22.278 - INFO - ============================================================
2026-02-07 15:33:22.278 - INFO - 叶绿体基因组组装|Plastome Assembly
2026-02-07 15:33:22.278 - INFO - ============================================================
2026-02-07 15:33:22.278 - INFO - 输入目录|Input directory: 01.data
2026-02-07 15:33:22.278 - INFO - 输出目录|Output directory: output
2026-02-07 15:33:22.278 - INFO - 输出前缀|Output prefix: 69A
2026-02-07 15:33:22.278 - INFO - Organelle类型|Organelle type: embplant_pt
2026-02-07 15:33:22.278 - INFO - 线程数|Threads: 64
2026-02-07 15:33:22.278 - INFO - R1文件|R1 file: 69A_1.clean.fq.gz
2026-02-07 15:33:22.278 - INFO - R2文件|R2 file: 69A_2.clean.fq.gz
2026-02-07 15:33:22.278 - INFO - ============================================================
2026-02-07 15:33:22.278 - INFO - 
2026-02-07 15:33:22.278 - INFO - ============================================================
2026-02-07 15:33:22.278 - INFO - 开始叶绿体基因组组装|Starting plastome assembly
2026-02-07 15:33:22.278 - INFO - ============================================================
2026-02-07 15:33:22.278 - INFO - 
2026-02-07 15:33:22.278 - INFO - 执行中|Executing: 叶绿体基因组组装|Plastome assembly with GetOrganelle
2026-02-07 15:33:22.278 - DEBUG - 完整命令|Full command: /share/org/YZWL/yzwl_lixg/miniforge3/envs/getorganelle_v.1.7.71/bin/get_organelle_from_reads.py -o output/69A -1 01.data/69A_1.clean.fq.gz -2 01.data/69A_2.clean.fq.gz -F embplant_pt -R 15 -k 21,45,65,85,105 -t 64
2026-02-07 15:33:22.278 - DEBUG - 设置PATH环境变量|Setting PATH: /share/org/YZWL/yzwl_lixg/miniforge3/envs/getorganelle_v.1.7.71/bin:/opt/skyformai/bin:/share/org/YZWL/yzwl_lixg/software/kmeria/bin:/share/org/YZWL/yzwl_lixg/software/kmeria/bimbamAsso:/share/org/YZW...
2026-02-07 15:33:22.993 - INFO - GetOrganelle v1.7.7.1
2026-02-07 15:33:22.993 - INFO - get_organelle_from_reads.py assembles organelle genomes from genome skimming data.
2026-02-07 15:33:22.993 - INFO - Find updates in https://github.com/Kinggerm/GetOrganelle and see README.md for more information.
2026-02-07 15:33:22.993 - INFO - Python 3.13.5 | packaged by conda-forge | (main, Jun 16 2025, 08:27:50) [GCC 13.3.0]
2026-02-07 15:33:22.993 - INFO - PLATFORM: Linux c02n0104 4.18.0-513.5.1.el8_9.x86_64 #1 SMP Fri Nov 17 03:31:10 UTC 2023 x86_64 x86_64
2026-02-07 15:33:22.994 - INFO - PYTHON LIBS: GetOrganelleLib 1.7.7.1; numpy 2.3.2; sympy 1.14.0; scipy 1.16.1
2026-02-07 15:33:22.994 - INFO - DEPENDENCIES: Bowtie2 2.5.4; SPAdes 4.2.0; Blast 2.17.0
2026-02-07 15:33:22.994 - INFO - GETORG_PATH=/share/org/YZWL/yzwl_lixg/.GetOrganelle
2026-02-07 15:33:22.994 - INFO - SEED  DB: embplant_pt 0.0.1; embplant_mt 0.0.1
2026-02-07 15:33:22.994 - INFO - LABEL DB: embplant_pt 0.0.1; embplant_mt 0.0.1
2026-02-07 15:33:22.994 - INFO - WORKING_DIR=/share/org/YZWL/yzwl_lixg/project/18.小花糖芥/14.所有糖芥属进化树/04.叶绿体基因组
2026-02-07 15:33:22.994 - INFO - /share/org/YZWL/yzwl_lixg/miniforge3/envs/getorganelle_v.1.7.71/bin/get_organelle_from_reads.py -o output/69A -1 01.data/69A_1.clean.fq.gz -2 01.data/69A_2.clean.fq.gz -F embplant_pt -R 15 -k 21,45,65,85,105 -t 64
2026-02-07 15:33:22.994 - ERROR - [FAIL] 样品 69A 组装失败|Sample 69A assembly failed
2026-02-07 15:33:22.994 - INFO - 
2026-02-07 15:33:22.994 - INFO - ============================================================
2026-02-07 15:33:22.994 - INFO - 处理样品|Processing sample: 716A (5/19)
2026-02-07 15:33:22.994 - INFO - ============================================================
2026-02-07 15:33:22.995 - DEBUG - Conda环境路径|Conda environment path: /share/org/YZWL/yzwl_lixg/miniforge3/envs/getorganelle_v.1.7.71
2026-02-07 15:33:22.995 - INFO - ============================================================
2026-02-07 15:33:22.995 - INFO - 叶绿体基因组组装|Plastome Assembly
2026-02-07 15:33:22.995 - INFO - ============================================================
2026-02-07 15:33:22.995 - INFO - 输入目录|Input directory: 01.data
2026-02-07 15:33:22.995 - INFO - 输出目录|Output directory: output
2026-02-07 15:33:22.995 - INFO - 输出前缀|Output prefix: 716A
2026-02-07 15:33:22.995 - INFO - Organelle类型|Organelle type: embplant_pt
2026-02-07 15:33:22.995 - INFO - 线程数|Threads: 64
2026-02-07 15:33:22.995 - INFO - R1文件|R1 file: 62-2_1.clean.fq.gz
2026-02-07 15:33:22.995 - INFO - R2文件|R2 file: 62-2_2.clean.fq.gz
2026-02-07 15:33:22.995 - INFO - ============================================================
2026-02-07 15:33:22.995 - INFO - ============================================================
2026-02-07 15:33:22.995 - INFO - 叶绿体基因组组装|Plastome Assembly
2026-02-07 15:33:22.995 - INFO - ============================================================
2026-02-07 15:33:22.995 - INFO - 输入目录|Input directory: 01.data
2026-02-07 15:33:22.995 - INFO - 输出目录|Output directory: output
2026-02-07 15:33:22.995 - INFO - 输出前缀|Output prefix: 716A
2026-02-07 15:33:22.995 - INFO - Organelle类型|Organelle type: embplant_pt
2026-02-07 15:33:22.995 - INFO - 线程数|Threads: 64
2026-02-07 15:33:22.995 - INFO - R1文件|R1 file: 716A_1.clean.fq.gz
2026-02-07 15:33:22.995 - INFO - R2文件|R2 file: 716A_2.clean.fq.gz
2026-02-07 15:33:22.995 - INFO - ============================================================
2026-02-07 15:33:22.995 - INFO - 
2026-02-07 15:33:22.995 - INFO - ============================================================
2026-02-07 15:33:22.995 - INFO - 开始叶绿体基因组组装|Starting plastome assembly
2026-02-07 15:33:22.995 - INFO - ============================================================
2026-02-07 15:33:22.995 - INFO - 
2026-02-07 15:33:22.995 - INFO - 执行中|Executing: 叶绿体基因组组装|Plastome assembly with GetOrganelle
2026-02-07 15:33:22.995 - DEBUG - 完整命令|Full command: /share/org/YZWL/yzwl_lixg/miniforge3/envs/getorganelle_v.1.7.71/bin/get_organelle_from_reads.py -o output/716A -1 01.data/716A_1.clean.fq.gz -2 01.data/716A_2.clean.fq.gz -F embplant_pt -R 15 -k 21,45,65,85,105 -t 64
2026-02-07 15:33:22.996 - DEBUG - 设置PATH环境变量|Setting PATH: /share/org/YZWL/yzwl_lixg/miniforge3/envs/getorganelle_v.1.7.71/bin:/opt/skyformai/bin:/share/org/YZWL/yzwl_lixg/software/kmeria/bin:/share/org/YZWL/yzwl_lixg/software/kmeria/bimbamAsso:/share/org/YZW...
2026-02-07 15:33:23.710 - INFO - GetOrganelle v1.7.7.1
2026-02-07 15:33:23.710 - INFO - get_organelle_from_reads.py assembles organelle genomes from genome skimming data.
2026-02-07 15:33:23.710 - INFO - Find updates in https://github.com/Kinggerm/GetOrganelle and see README.md for more information.
2026-02-07 15:33:23.710 - INFO - Python 3.13.5 | packaged by conda-forge | (main, Jun 16 2025, 08:27:50) [GCC 13.3.0]
2026-02-07 15:33:23.710 - INFO - PLATFORM: Linux c02n0104 4.18.0-513.5.1.el8_9.x86_64 #1 SMP Fri Nov 17 03:31:10 UTC 2023 x86_64 x86_64
2026-02-07 15:33:23.710 - INFO - PYTHON LIBS: GetOrganelleLib 1.7.7.1; numpy 2.3.2; sympy 1.14.0; scipy 1.16.1
2026-02-07 15:33:23.710 - INFO - DEPENDENCIES: Bowtie2 2.5.4; SPAdes 4.2.0; Blast 2.17.0
2026-02-07 15:33:23.710 - INFO - GETORG_PATH=/share/org/YZWL/yzwl_lixg/.GetOrganelle
2026-02-07 15:33:23.710 - INFO - SEED  DB: embplant_pt 0.0.1; embplant_mt 0.0.1
2026-02-07 15:33:23.710 - INFO - LABEL DB: embplant_pt 0.0.1; embplant_mt 0.0.1
2026-02-07 15:33:23.710 - INFO - WORKING_DIR=/share/org/YZWL/yzwl_lixg/project/18.小花糖芥/14.所有糖芥属进化树/04.叶绿体基因组
2026-02-07 15:33:23.710 - INFO - /share/org/YZWL/yzwl_lixg/miniforge3/envs/getorganelle_v.1.7.71/bin/get_organelle_from_reads.py -o output/716A -1 01.data/716A_1.clean.fq.gz -2 01.data/716A_2.clean.fq.gz -F embplant_pt -R 15 -k 21,45,65,85,105 -t 64
2026-02-07 15:33:23.711 - ERROR - [FAIL] 样品 716A 组装失败|Sample 716A assembly failed
2026-02-07 15:33:23.711 - INFO - 
2026-02-07 15:33:23.711 - INFO - ============================================================
2026-02-07 15:33:23.711 - INFO - 处理样品|Processing sample: 72-4A (6/19)
2026-02-07 15:33:23.711 - INFO - ============================================================
2026-02-07 15:33:23.711 - DEBUG - Conda环境路径|Conda environment path: /share/org/YZWL/yzwl_lixg/miniforge3/envs/getorganelle_v.1.7.71
2026-02-07 15:33:23.711 - INFO - ============================================================
2026-02-07 15:33:23.711 - INFO - 叶绿体基因组组装|Plastome Assembly
2026-02-07 15:33:23.711 - INFO - ============================================================
2026-02-07 15:33:23.711 - INFO - 输入目录|Input directory: 01.data
2026-02-07 15:33:23.711 - INFO - 输出目录|Output directory: output
2026-02-07 15:33:23.711 - INFO - 输出前缀|Output prefix: 72-4A
2026-02-07 15:33:23.711 - INFO - Organelle类型|Organelle type: embplant_pt
2026-02-07 15:33:23.711 - INFO - 线程数|Threads: 64
2026-02-07 15:33:23.711 - INFO - R1文件|R1 file: 62-2_1.clean.fq.gz
2026-02-07 15:33:23.712 - INFO - R2文件|R2 file: 62-2_2.clean.fq.gz
2026-02-07 15:33:23.712 - INFO - ============================================================
2026-02-07 15:33:23.712 - INFO - ============================================================
2026-02-07 15:33:23.712 - INFO - 叶绿体基因组组装|Plastome Assembly
2026-02-07 15:33:23.712 - INFO - ============================================================
2026-02-07 15:33:23.712 - INFO - 输入目录|Input directory: 01.data
2026-02-07 15:33:23.712 - INFO - 输出目录|Output directory: output
2026-02-07 15:33:23.712 - INFO - 输出前缀|Output prefix: 72-4A
2026-02-07 15:33:23.712 - INFO - Organelle类型|Organelle type: embplant_pt
2026-02-07 15:33:23.712 - INFO - 线程数|Threads: 64
2026-02-07 15:33:23.712 - INFO - R1文件|R1 file: 72-4A_1.clean.fq.gz
2026-02-07 15:33:23.712 - INFO - R2文件|R2 file: 72-4A_2.clean.fq.gz
2026-02-07 15:33:23.712 - INFO - ============================================================
2026-02-07 15:33:23.712 - INFO - 
2026-02-07 15:33:23.712 - INFO - ============================================================
2026-02-07 15:33:23.712 - INFO - 开始叶绿体基因组组装|Starting plastome assembly
2026-02-07 15:33:23.712 - INFO - ============================================================
2026-02-07 15:33:23.712 - INFO - 
2026-02-07 15:33:23.712 - INFO - 执行中|Executing: 叶绿体基因组组装|Plastome assembly with GetOrganelle
2026-02-07 15:33:23.712 - DEBUG - 完整命令|Full command: /share/org/YZWL/yzwl_lixg/miniforge3/envs/getorganelle_v.1.7.71/bin/get_organelle_from_reads.py -o output/72-4A -1 01.data/72-4A_1.clean.fq.gz -2 01.data/72-4A_2.clean.fq.gz -F embplant_pt -R 15 -k 21,45,65,85,105 -t 64
2026-02-07 15:33:23.712 - DEBUG - 设置PATH环境变量|Setting PATH: /share/org/YZWL/yzwl_lixg/miniforge3/envs/getorganelle_v.1.7.71/bin:/opt/skyformai/bin:/share/org/YZWL/yzwl_lixg/software/kmeria/bin:/share/org/YZWL/yzwl_lixg/software/kmeria/bimbamAsso:/share/org/YZW...
2026-02-07 15:33:24.429 - INFO - GetOrganelle v1.7.7.1
2026-02-07 15:33:24.429 - INFO - get_organelle_from_reads.py assembles organelle genomes from genome skimming data.
2026-02-07 15:33:24.429 - INFO - Find updates in https://github.com/Kinggerm/GetOrganelle and see README.md for more information.
2026-02-07 15:33:24.429 - INFO - Python 3.13.5 | packaged by conda-forge | (main, Jun 16 2025, 08:27:50) [GCC 13.3.0]
2026-02-07 15:33:24.429 - INFO - PLATFORM: Linux c02n0104 4.18.0-513.5.1.el8_9.x86_64 #1 SMP Fri Nov 17 03:31:10 UTC 2023 x86_64 x86_64
2026-02-07 15:33:24.429 - INFO - PYTHON LIBS: GetOrganelleLib 1.7.7.1; numpy 2.3.2; sympy 1.14.0; scipy 1.16.1
2026-02-07 15:33:24.429 - INFO - DEPENDENCIES: Bowtie2 2.5.4; SPAdes 4.2.0; Blast 2.17.0
2026-02-07 15:33:24.429 - INFO - GETORG_PATH=/share/org/YZWL/yzwl_lixg/.GetOrganelle
2026-02-07 15:33:24.429 - INFO - SEED  DB: embplant_pt 0.0.1; embplant_mt 0.0.1
2026-02-07 15:33:24.429 - INFO - LABEL DB: embplant_pt 0.0.1; embplant_mt 0.0.1
2026-02-07 15:33:24.429 - INFO - WORKING_DIR=/share/org/YZWL/yzwl_lixg/project/18.小花糖芥/14.所有糖芥属进化树/04.叶绿体基因组
2026-02-07 15:33:24.429 - INFO - /share/org/YZWL/yzwl_lixg/miniforge3/envs/getorganelle_v.1.7.71/bin/get_organelle_from_reads.py -o output/72-4A -1 01.data/72-4A_1.clean.fq.gz -2 01.data/72-4A_2.clean.fq.gz -F embplant_pt -R 15 -k 21,45,65,85,105 -t 64
2026-02-07 15:33:24.430 - ERROR - [FAIL] 样品 72-4A 组装失败|Sample 72-4A assembly failed
2026-02-07 15:33:24.430 - INFO - 
2026-02-07 15:33:24.430 - INFO - ============================================================
2026-02-07 15:33:24.430 - INFO - 处理样品|Processing sample: 72_3_kang (7/19)
2026-02-07 15:33:24.430 - INFO - ============================================================
2026-02-07 15:33:24.430 - DEBUG - Conda环境路径|Conda environment path: /share/org/YZWL/yzwl_lixg/miniforge3/envs/getorganelle_v.1.7.71
2026-02-07 15:33:24.430 - INFO - ============================================================
2026-02-07 15:33:24.431 - INFO - 叶绿体基因组组装|Plastome Assembly
2026-02-07 15:33:24.431 - INFO - ============================================================
2026-02-07 15:33:24.431 - INFO - 输入目录|Input directory: 01.data
2026-02-07 15:33:24.431 - INFO - 输出目录|Output directory: output
2026-02-07 15:33:24.431 - INFO - 输出前缀|Output prefix: 72_3_kang
2026-02-07 15:33:24.431 - INFO - Organelle类型|Organelle type: embplant_pt
2026-02-07 15:33:24.431 - INFO - 线程数|Threads: 64
2026-02-07 15:33:24.431 - INFO - R1文件|R1 file: 62-2_1.clean.fq.gz
2026-02-07 15:33:24.431 - INFO - R2文件|R2 file: 62-2_2.clean.fq.gz
2026-02-07 15:33:24.431 - INFO - ============================================================
2026-02-07 15:33:24.431 - INFO - ============================================================
2026-02-07 15:33:24.431 - INFO - 叶绿体基因组组装|Plastome Assembly
2026-02-07 15:33:24.431 - INFO - ============================================================
2026-02-07 15:33:24.431 - INFO - 输入目录|Input directory: 01.data
2026-02-07 15:33:24.431 - INFO - 输出目录|Output directory: output
2026-02-07 15:33:24.431 - INFO - 输出前缀|Output prefix: 72_3_kang
2026-02-07 15:33:24.431 - INFO - Organelle类型|Organelle type: embplant_pt
2026-02-07 15:33:24.431 - INFO - 线程数|Threads: 64
2026-02-07 15:33:24.431 - INFO - R1文件|R1 file: 72_3_kang_1.clean.fq.gz
2026-02-07 15:33:24.431 - INFO - R2文件|R2 file: 72_3_kang_2.clean.fq.gz
2026-02-07 15:33:24.431 - INFO - ============================================================
2026-02-07 15:33:24.431 - INFO - 
2026-02-07 15:33:24.431 - INFO - ============================================================
2026-02-07 15:33:24.431 - INFO - 开始叶绿体基因组组装|Starting plastome assembly
2026-02-07 15:33:24.431 - INFO - ============================================================
2026-02-07 15:33:24.431 - INFO - 
2026-02-07 15:33:24.431 - INFO - 执行中|Executing: 叶绿体基因组组装|Plastome assembly with GetOrganelle
2026-02-07 15:33:24.431 - DEBUG - 完整命令|Full command: /share/org/YZWL/yzwl_lixg/miniforge3/envs/getorganelle_v.1.7.71/bin/get_organelle_from_reads.py -o output/72_3_kang -1 01.data/72_3_kang_1.clean.fq.gz -2 01.data/72_3_kang_2.clean.fq.gz -F embplant_pt -R 15 -k 21,45,65,85,105 -t 64
2026-02-07 15:33:24.431 - DEBUG - 设置PATH环境变量|Setting PATH: /share/org/YZWL/yzwl_lixg/miniforge3/envs/getorganelle_v.1.7.71/bin:/opt/skyformai/bin:/share/org/YZWL/yzwl_lixg/software/kmeria/bin:/share/org/YZWL/yzwl_lixg/software/kmeria/bimbamAsso:/share/org/YZW...
2026-02-07 15:33:25.147 - INFO - GetOrganelle v1.7.7.1
2026-02-07 15:33:25.147 - INFO - get_organelle_from_reads.py assembles organelle genomes from genome skimming data.
2026-02-07 15:33:25.147 - INFO - Find updates in https://github.com/Kinggerm/GetOrganelle and see README.md for more information.
2026-02-07 15:33:25.147 - INFO - Python 3.13.5 | packaged by conda-forge | (main, Jun 16 2025, 08:27:50) [GCC 13.3.0]
2026-02-07 15:33:25.147 - INFO - PLATFORM: Linux c02n0104 4.18.0-513.5.1.el8_9.x86_64 #1 SMP Fri Nov 17 03:31:10 UTC 2023 x86_64 x86_64
2026-02-07 15:33:25.148 - INFO - PYTHON LIBS: GetOrganelleLib 1.7.7.1; numpy 2.3.2; sympy 1.14.0; scipy 1.16.1
2026-02-07 15:33:25.148 - INFO - DEPENDENCIES: Bowtie2 2.5.4; SPAdes 4.2.0; Blast 2.17.0
2026-02-07 15:33:25.148 - INFO - GETORG_PATH=/share/org/YZWL/yzwl_lixg/.GetOrganelle
2026-02-07 15:33:25.148 - INFO - SEED  DB: embplant_pt 0.0.1; embplant_mt 0.0.1
2026-02-07 15:33:25.148 - INFO - LABEL DB: embplant_pt 0.0.1; embplant_mt 0.0.1
2026-02-07 15:33:25.148 - INFO - WORKING_DIR=/share/org/YZWL/yzwl_lixg/project/18.小花糖芥/14.所有糖芥属进化树/04.叶绿体基因组
2026-02-07 15:33:25.148 - INFO - /share/org/YZWL/yzwl_lixg/miniforge3/envs/getorganelle_v.1.7.71/bin/get_organelle_from_reads.py -o output/72_3_kang -1 01.data/72_3_kang_1.clean.fq.gz -2 01.data/72_3_kang_2.clean.fq.gz -F embplant_pt -R 15 -k 21,45,65,85,105 -t 64
2026-02-07 15:33:25.148 - ERROR - [FAIL] 样品 72_3_kang 组装失败|Sample 72_3_kang assembly failed
2026-02-07 15:33:25.148 - INFO - 
2026-02-07 15:33:25.148 - INFO - ============================================================
2026-02-07 15:33:25.148 - INFO - 处理样品|Processing sample: 72_4_gang (8/19)
2026-02-07 15:33:25.148 - INFO - ============================================================
2026-02-07 15:33:25.149 - DEBUG - Conda环境路径|Conda environment path: /share/org/YZWL/yzwl_lixg/miniforge3/envs/getorganelle_v.1.7.71
2026-02-07 15:33:25.149 - INFO - ============================================================
2026-02-07 15:33:25.149 - INFO - 叶绿体基因组组装|Plastome Assembly
2026-02-07 15:33:25.149 - INFO - ============================================================
2026-02-07 15:33:25.149 - INFO - 输入目录|Input directory: 01.data
2026-02-07 15:33:25.149 - INFO - 输出目录|Output directory: output
2026-02-07 15:33:25.149 - INFO - 输出前缀|Output prefix: 72_4_gang
2026-02-07 15:33:25.149 - INFO - Organelle类型|Organelle type: embplant_pt
2026-02-07 15:33:25.149 - INFO - 线程数|Threads: 64
2026-02-07 15:33:25.149 - INFO - R1文件|R1 file: 62-2_1.clean.fq.gz
2026-02-07 15:33:25.149 - INFO - R2文件|R2 file: 62-2_2.clean.fq.gz
2026-02-07 15:33:25.149 - INFO - ============================================================
2026-02-07 15:33:25.149 - INFO - ============================================================
2026-02-07 15:33:25.149 - INFO - 叶绿体基因组组装|Plastome Assembly
2026-02-07 15:33:25.149 - INFO - ============================================================
2026-02-07 15:33:25.149 - INFO - 输入目录|Input directory: 01.data
2026-02-07 15:33:25.149 - INFO - 输出目录|Output directory: output
2026-02-07 15:33:25.149 - INFO - 输出前缀|Output prefix: 72_4_gang
2026-02-07 15:33:25.149 - INFO - Organelle类型|Organelle type: embplant_pt
2026-02-07 15:33:25.149 - INFO - 线程数|Threads: 64
2026-02-07 15:33:25.149 - INFO - R1文件|R1 file: 72_4_gang_1.clean.fq.gz
2026-02-07 15:33:25.149 - INFO - R2文件|R2 file: 72_4_gang_2.clean.fq.gz
2026-02-07 15:33:25.149 - INFO - ============================================================
2026-02-07 15:33:25.149 - INFO - 
2026-02-07 15:33:25.149 - INFO - ============================================================
2026-02-07 15:33:25.149 - INFO - 开始叶绿体基因组组装|Starting plastome assembly
2026-02-07 15:33:25.149 - INFO - ============================================================
2026-02-07 15:33:25.149 - INFO - 
2026-02-07 15:33:25.149 - INFO - 执行中|Executing: 叶绿体基因组组装|Plastome assembly with GetOrganelle
2026-02-07 15:33:25.149 - DEBUG - 完整命令|Full command: /share/org/YZWL/yzwl_lixg/miniforge3/envs/getorganelle_v.1.7.71/bin/get_organelle_from_reads.py -o output/72_4_gang -1 01.data/72_4_gang_1.clean.fq.gz -2 01.data/72_4_gang_2.clean.fq.gz -F embplant_pt -R 15 -k 21,45,65,85,105 -t 64
2026-02-07 15:33:25.150 - DEBUG - 设置PATH环境变量|Setting PATH: /share/org/YZWL/yzwl_lixg/miniforge3/envs/getorganelle_v.1.7.71/bin:/opt/skyformai/bin:/share/org/YZWL/yzwl_lixg/software/kmeria/bin:/share/org/YZWL/yzwl_lixg/software/kmeria/bimbamAsso:/share/org/YZW...
2026-02-07 15:33:25.868 - INFO - GetOrganelle v1.7.7.1
2026-02-07 15:33:25.869 - INFO - get_organelle_from_reads.py assembles organelle genomes from genome skimming data.
2026-02-07 15:33:25.869 - INFO - Find updates in https://github.com/Kinggerm/GetOrganelle and see README.md for more information.
2026-02-07 15:33:25.869 - INFO - Python 3.13.5 | packaged by conda-forge | (main, Jun 16 2025, 08:27:50) [GCC 13.3.0]
2026-02-07 15:33:25.869 - INFO - PLATFORM: Linux c02n0104 4.18.0-513.5.1.el8_9.x86_64 #1 SMP Fri Nov 17 03:31:10 UTC 2023 x86_64 x86_64
2026-02-07 15:33:25.869 - INFO - PYTHON LIBS: GetOrganelleLib 1.7.7.1; numpy 2.3.2; sympy 1.14.0; scipy 1.16.1
2026-02-07 15:33:25.869 - INFO - DEPENDENCIES: Bowtie2 2.5.4; SPAdes 4.2.0; Blast 2.17.0
2026-02-07 15:33:25.869 - INFO - GETORG_PATH=/share/org/YZWL/yzwl_lixg/.GetOrganelle
2026-02-07 15:33:25.869 - INFO - SEED  DB: embplant_pt 0.0.1; embplant_mt 0.0.1
2026-02-07 15:33:25.869 - INFO - LABEL DB: embplant_pt 0.0.1; embplant_mt 0.0.1
2026-02-07 15:33:25.869 - INFO - WORKING_DIR=/share/org/YZWL/yzwl_lixg/project/18.小花糖芥/14.所有糖芥属进化树/04.叶绿体基因组
2026-02-07 15:33:25.869 - INFO - /share/org/YZWL/yzwl_lixg/miniforge3/envs/getorganelle_v.1.7.71/bin/get_organelle_from_reads.py -o output/72_4_gang -1 01.data/72_4_gang_1.clean.fq.gz -2 01.data/72_4_gang_2.clean.fq.gz -F embplant_pt -R 15 -k 21,45,65,85,105 -t 64
2026-02-07 15:33:25.869 - ERROR - [FAIL] 样品 72_4_gang 组装失败|Sample 72_4_gang assembly failed
2026-02-07 15:33:25.869 - INFO - 
2026-02-07 15:33:25.869 - INFO - ============================================================
2026-02-07 15:33:25.869 - INFO - 处理样品|Processing sample: 92-1 (9/19)
2026-02-07 15:33:25.869 - INFO - ============================================================
2026-02-07 15:33:25.870 - DEBUG - Conda环境路径|Conda environment path: /share/org/YZWL/yzwl_lixg/miniforge3/envs/getorganelle_v.1.7.71
2026-02-07 15:33:25.870 - INFO - ============================================================
2026-02-07 15:33:25.870 - INFO - 叶绿体基因组组装|Plastome Assembly
2026-02-07 15:33:25.870 - INFO - ============================================================
2026-02-07 15:33:25.870 - INFO - 输入目录|Input directory: 01.data
2026-02-07 15:33:25.870 - INFO - 输出目录|Output directory: output
2026-02-07 15:33:25.870 - INFO - 输出前缀|Output prefix: 92-1
2026-02-07 15:33:25.870 - INFO - Organelle类型|Organelle type: embplant_pt
2026-02-07 15:33:25.870 - INFO - 线程数|Threads: 64
2026-02-07 15:33:25.870 - INFO - R1文件|R1 file: 62-2_1.clean.fq.gz
2026-02-07 15:33:25.870 - INFO - R2文件|R2 file: 62-2_2.clean.fq.gz
2026-02-07 15:33:25.870 - INFO - ============================================================
2026-02-07 15:33:25.870 - INFO - ============================================================
2026-02-07 15:33:25.870 - INFO - 叶绿体基因组组装|Plastome Assembly
2026-02-07 15:33:25.870 - INFO - ============================================================
2026-02-07 15:33:25.870 - INFO - 输入目录|Input directory: 01.data
2026-02-07 15:33:25.870 - INFO - 输出目录|Output directory: output
2026-02-07 15:33:25.870 - INFO - 输出前缀|Output prefix: 92-1
2026-02-07 15:33:25.870 - INFO - Organelle类型|Organelle type: embplant_pt
2026-02-07 15:33:25.870 - INFO - 线程数|Threads: 64
2026-02-07 15:33:25.870 - INFO - R1文件|R1 file: 92-1_1.clean.fq.gz
2026-02-07 15:33:25.870 - INFO - R2文件|R2 file: 92-1_2.clean.fq.gz
2026-02-07 15:33:25.870 - INFO - ============================================================
2026-02-07 15:33:25.870 - INFO - 
2026-02-07 15:33:25.870 - INFO - ============================================================
2026-02-07 15:33:25.870 - INFO - 开始叶绿体基因组组装|Starting plastome assembly
2026-02-07 15:33:25.870 - INFO - ============================================================
2026-02-07 15:33:25.871 - INFO - 
2026-02-07 15:33:25.871 - INFO - 执行中|Executing: 叶绿体基因组组装|Plastome assembly with GetOrganelle
2026-02-07 15:33:25.871 - DEBUG - 完整命令|Full command: /share/org/YZWL/yzwl_lixg/miniforge3/envs/getorganelle_v.1.7.71/bin/get_organelle_from_reads.py -o output/92-1 -1 01.data/92-1_1.clean.fq.gz -2 01.data/92-1_2.clean.fq.gz -F embplant_pt -R 15 -k 21,45,65,85,105 -t 64
2026-02-07 15:33:25.871 - DEBUG - 设置PATH环境变量|Setting PATH: /share/org/YZWL/yzwl_lixg/miniforge3/envs/getorganelle_v.1.7.71/bin:/opt/skyformai/bin:/share/org/YZWL/yzwl_lixg/software/kmeria/bin:/share/org/YZWL/yzwl_lixg/software/kmeria/bimbamAsso:/share/org/YZW...
2026-02-07 15:33:26.590 - INFO - GetOrganelle v1.7.7.1
2026-02-07 15:33:26.590 - INFO - get_organelle_from_reads.py assembles organelle genomes from genome skimming data.
2026-02-07 15:33:26.590 - INFO - Find updates in https://github.com/Kinggerm/GetOrganelle and see README.md for more information.
2026-02-07 15:33:26.590 - INFO - Python 3.13.5 | packaged by conda-forge | (main, Jun 16 2025, 08:27:50) [GCC 13.3.0]
2026-02-07 15:33:26.590 - INFO - PLATFORM: Linux c02n0104 4.18.0-513.5.1.el8_9.x86_64 #1 SMP Fri Nov 17 03:31:10 UTC 2023 x86_64 x86_64
2026-02-07 15:33:26.590 - INFO - PYTHON LIBS: GetOrganelleLib 1.7.7.1; numpy 2.3.2; sympy 1.14.0; scipy 1.16.1
2026-02-07 15:33:26.591 - INFO - DEPENDENCIES: Bowtie2 2.5.4; SPAdes 4.2.0; Blast 2.17.0
2026-02-07 15:33:26.591 - INFO - GETORG_PATH=/share/org/YZWL/yzwl_lixg/.GetOrganelle
2026-02-07 15:33:26.591 - INFO - SEED  DB: embplant_pt 0.0.1; embplant_mt 0.0.1
2026-02-07 15:33:26.591 - INFO - LABEL DB: embplant_pt 0.0.1; embplant_mt 0.0.1
2026-02-07 15:33:26.591 - INFO - WORKING_DIR=/share/org/YZWL/yzwl_lixg/project/18.小花糖芥/14.所有糖芥属进化树/04.叶绿体基因组
2026-02-07 15:33:26.591 - INFO - /share/org/YZWL/yzwl_lixg/miniforge3/envs/getorganelle_v.1.7.71/bin/get_organelle_from_reads.py -o output/92-1 -1 01.data/92-1_1.clean.fq.gz -2 01.data/92-1_2.clean.fq.gz -F embplant_pt -R 15 -k 21,45,65,85,105 -t 64
2026-02-07 15:33:26.591 - ERROR - [FAIL] 样品 92-1 组装失败|Sample 92-1 assembly failed
2026-02-07 15:33:26.591 - INFO - 
2026-02-07 15:33:26.591 - INFO - ============================================================
2026-02-07 15:33:26.591 - INFO - 处理样品|Processing sample: 93-4 (10/19)
2026-02-07 15:33:26.591 - INFO - ============================================================
2026-02-07 15:33:26.592 - DEBUG - Conda环境路径|Conda environment path: /share/org/YZWL/yzwl_lixg/miniforge3/envs/getorganelle_v.1.7.71
2026-02-07 15:33:26.592 - INFO - ============================================================
2026-02-07 15:33:26.592 - INFO - 叶绿体基因组组装|Plastome Assembly
2026-02-07 15:33:26.592 - INFO - ============================================================
2026-02-07 15:33:26.592 - INFO - 输入目录|Input directory: 01.data
2026-02-07 15:33:26.592 - INFO - 输出目录|Output directory: output
2026-02-07 15:33:26.592 - INFO - 输出前缀|Output prefix: 93-4
2026-02-07 15:33:26.592 - INFO - Organelle类型|Organelle type: embplant_pt
2026-02-07 15:33:26.592 - INFO - 线程数|Threads: 64
2026-02-07 15:33:26.592 - INFO - R1文件|R1 file: 62-2_1.clean.fq.gz
2026-02-07 15:33:26.592 - INFO - R2文件|R2 file: 62-2_2.clean.fq.gz
2026-02-07 15:33:26.592 - INFO - ============================================================
2026-02-07 15:33:26.592 - INFO - ============================================================
2026-02-07 15:33:26.592 - INFO - 叶绿体基因组组装|Plastome Assembly
2026-02-07 15:33:26.592 - INFO - ============================================================
2026-02-07 15:33:26.592 - INFO - 输入目录|Input directory: 01.data
2026-02-07 15:33:26.592 - INFO - 输出目录|Output directory: output
2026-02-07 15:33:26.592 - INFO - 输出前缀|Output prefix: 93-4
2026-02-07 15:33:26.592 - INFO - Organelle类型|Organelle type: embplant_pt
2026-02-07 15:33:26.592 - INFO - 线程数|Threads: 64
2026-02-07 15:33:26.592 - INFO - R1文件|R1 file: 93-4_1.clean.fq.gz
2026-02-07 15:33:26.592 - INFO - R2文件|R2 file: 93-4_2.clean.fq.gz
2026-02-07 15:33:26.592 - INFO - ============================================================
2026-02-07 15:33:26.592 - INFO - 
2026-02-07 15:33:26.592 - INFO - ============================================================
2026-02-07 15:33:26.592 - INFO - 开始叶绿体基因组组装|Starting plastome assembly
2026-02-07 15:33:26.592 - INFO - ============================================================
2026-02-07 15:33:26.592 - INFO - 
2026-02-07 15:33:26.592 - INFO - 执行中|Executing: 叶绿体基因组组装|Plastome assembly with GetOrganelle
2026-02-07 15:33:26.592 - DEBUG - 完整命令|Full command: /share/org/YZWL/yzwl_lixg/miniforge3/envs/getorganelle_v.1.7.71/bin/get_organelle_from_reads.py -o output/93-4 -1 01.data/93-4_1.clean.fq.gz -2 01.data/93-4_2.clean.fq.gz -F embplant_pt -R 15 -k 21,45,65,85,105 -t 64
2026-02-07 15:33:26.592 - DEBUG - 设置PATH环境变量|Setting PATH: /share/org/YZWL/yzwl_lixg/miniforge3/envs/getorganelle_v.1.7.71/bin:/opt/skyformai/bin:/share/org/YZWL/yzwl_lixg/software/kmeria/bin:/share/org/YZWL/yzwl_lixg/software/kmeria/bimbamAsso:/share/org/YZW...
2026-02-07 15:33:27.310 - INFO - GetOrganelle v1.7.7.1
2026-02-07 15:33:27.310 - INFO - get_organelle_from_reads.py assembles organelle genomes from genome skimming data.
2026-02-07 15:33:27.310 - INFO - Find updates in https://github.com/Kinggerm/GetOrganelle and see README.md for more information.
2026-02-07 15:33:27.310 - INFO - Python 3.13.5 | packaged by conda-forge | (main, Jun 16 2025, 08:27:50) [GCC 13.3.0]
2026-02-07 15:33:27.310 - INFO - PLATFORM: Linux c02n0104 4.18.0-513.5.1.el8_9.x86_64 #1 SMP Fri Nov 17 03:31:10 UTC 2023 x86_64 x86_64
2026-02-07 15:33:27.310 - INFO - PYTHON LIBS: GetOrganelleLib 1.7.7.1; numpy 2.3.2; sympy 1.14.0; scipy 1.16.1
2026-02-07 15:33:27.310 - INFO - DEPENDENCIES: Bowtie2 2.5.4; SPAdes 4.2.0; Blast 2.17.0
2026-02-07 15:33:27.310 - INFO - GETORG_PATH=/share/org/YZWL/yzwl_lixg/.GetOrganelle
2026-02-07 15:33:27.310 - INFO - SEED  DB: embplant_pt 0.0.1; embplant_mt 0.0.1
2026-02-07 15:33:27.310 - INFO - LABEL DB: embplant_pt 0.0.1; embplant_mt 0.0.1
2026-02-07 15:33:27.310 - INFO - WORKING_DIR=/share/org/YZWL/yzwl_lixg/project/18.小花糖芥/14.所有糖芥属进化树/04.叶绿体基因组
2026-02-07 15:33:27.310 - INFO - /share/org/YZWL/yzwl_lixg/miniforge3/envs/getorganelle_v.1.7.71/bin/get_organelle_from_reads.py -o output/93-4 -1 01.data/93-4_1.clean.fq.gz -2 01.data/93-4_2.clean.fq.gz -F embplant_pt -R 15 -k 21,45,65,85,105 -t 64
2026-02-07 15:33:27.310 - ERROR - [FAIL] 样品 93-4 组装失败|Sample 93-4 assembly failed
2026-02-07 15:33:27.310 - INFO - 
2026-02-07 15:33:27.310 - INFO - ============================================================
2026-02-07 15:33:27.310 - INFO - 处理样品|Processing sample: 93-7 (11/19)
2026-02-07 15:33:27.310 - INFO - ============================================================
2026-02-07 15:33:27.311 - DEBUG - Conda环境路径|Conda environment path: /share/org/YZWL/yzwl_lixg/miniforge3/envs/getorganelle_v.1.7.71
2026-02-07 15:33:27.311 - INFO - ============================================================
2026-02-07 15:33:27.311 - INFO - 叶绿体基因组组装|Plastome Assembly
2026-02-07 15:33:27.311 - INFO - ============================================================
2026-02-07 15:33:27.311 - INFO - 输入目录|Input directory: 01.data
2026-02-07 15:33:27.311 - INFO - 输出目录|Output directory: output
2026-02-07 15:33:27.311 - INFO - 输出前缀|Output prefix: 93-7
2026-02-07 15:33:27.311 - INFO - Organelle类型|Organelle type: embplant_pt
2026-02-07 15:33:27.311 - INFO - 线程数|Threads: 64
2026-02-07 15:33:27.311 - INFO - R1文件|R1 file: 62-2_1.clean.fq.gz
2026-02-07 15:33:27.311 - INFO - R2文件|R2 file: 62-2_2.clean.fq.gz
2026-02-07 15:33:27.311 - INFO - ============================================================
2026-02-07 15:33:27.311 - INFO - ============================================================
2026-02-07 15:33:27.311 - INFO - 叶绿体基因组组装|Plastome Assembly
2026-02-07 15:33:27.311 - INFO - ============================================================
2026-02-07 15:33:27.311 - INFO - 输入目录|Input directory: 01.data
2026-02-07 15:33:27.311 - INFO - 输出目录|Output directory: output
2026-02-07 15:33:27.311 - INFO - 输出前缀|Output prefix: 93-7
2026-02-07 15:33:27.312 - INFO - Organelle类型|Organelle type: embplant_pt
2026-02-07 15:33:27.312 - INFO - 线程数|Threads: 64
2026-02-07 15:33:27.312 - INFO - R1文件|R1 file: 93-7_1.clean.fq.gz
2026-02-07 15:33:27.312 - INFO - R2文件|R2 file: 93-7_2.clean.fq.gz
2026-02-07 15:33:27.312 - INFO - ============================================================
2026-02-07 15:33:27.312 - INFO - 
2026-02-07 15:33:27.312 - INFO - ============================================================
2026-02-07 15:33:27.312 - INFO - 开始叶绿体基因组组装|Starting plastome assembly
2026-02-07 15:33:27.312 - INFO - ============================================================
2026-02-07 15:33:27.312 - INFO - 
2026-02-07 15:33:27.312 - INFO - 执行中|Executing: 叶绿体基因组组装|Plastome assembly with GetOrganelle
2026-02-07 15:33:27.312 - DEBUG - 完整命令|Full command: /share/org/YZWL/yzwl_lixg/miniforge3/envs/getorganelle_v.1.7.71/bin/get_organelle_from_reads.py -o output/93-7 -1 01.data/93-7_1.clean.fq.gz -2 01.data/93-7_2.clean.fq.gz -F embplant_pt -R 15 -k 21,45,65,85,105 -t 64
2026-02-07 15:33:27.312 - DEBUG - 设置PATH环境变量|Setting PATH: /share/org/YZWL/yzwl_lixg/miniforge3/envs/getorganelle_v.1.7.71/bin:/opt/skyformai/bin:/share/org/YZWL/yzwl_lixg/software/kmeria/bin:/share/org/YZWL/yzwl_lixg/software/kmeria/bimbamAsso:/share/org/YZW...
2026-02-07 15:33:28.038 - INFO - GetOrganelle v1.7.7.1
2026-02-07 15:33:28.039 - INFO - get_organelle_from_reads.py assembles organelle genomes from genome skimming data.
2026-02-07 15:33:28.039 - INFO - Find updates in https://github.com/Kinggerm/GetOrganelle and see README.md for more information.
2026-02-07 15:33:28.039 - INFO - Python 3.13.5 | packaged by conda-forge | (main, Jun 16 2025, 08:27:50) [GCC 13.3.0]
2026-02-07 15:33:28.039 - INFO - PLATFORM: Linux c02n0104 4.18.0-513.5.1.el8_9.x86_64 #1 SMP Fri Nov 17 03:31:10 UTC 2023 x86_64 x86_64
2026-02-07 15:33:28.039 - INFO - PYTHON LIBS: GetOrganelleLib 1.7.7.1; numpy 2.3.2; sympy 1.14.0; scipy 1.16.1
2026-02-07 15:33:28.039 - INFO - DEPENDENCIES: Bowtie2 2.5.4; SPAdes 4.2.0; Blast 2.17.0
2026-02-07 15:33:28.039 - INFO - GETORG_PATH=/share/org/YZWL/yzwl_lixg/.GetOrganelle
2026-02-07 15:33:28.039 - INFO - SEED  DB: embplant_pt 0.0.1; embplant_mt 0.0.1
2026-02-07 15:33:28.039 - INFO - LABEL DB: embplant_pt 0.0.1; embplant_mt 0.0.1
2026-02-07 15:33:28.039 - INFO - WORKING_DIR=/share/org/YZWL/yzwl_lixg/project/18.小花糖芥/14.所有糖芥属进化树/04.叶绿体基因组
2026-02-07 15:33:28.039 - INFO - /share/org/YZWL/yzwl_lixg/miniforge3/envs/getorganelle_v.1.7.71/bin/get_organelle_from_reads.py -o output/93-7 -1 01.data/93-7_1.clean.fq.gz -2 01.data/93-7_2.clean.fq.gz -F embplant_pt -R 15 -k 21,45,65,85,105 -t 64
2026-02-07 15:33:28.039 - ERROR - [FAIL] 样品 93-7 组装失败|Sample 93-7 assembly failed
2026-02-07 15:33:28.039 - INFO - 
2026-02-07 15:33:28.039 - INFO - ============================================================
2026-02-07 15:33:28.039 - INFO - 处理样品|Processing sample: Arabidopsis_thaliana (12/19)
2026-02-07 15:33:28.039 - INFO - ============================================================
2026-02-07 15:33:28.040 - DEBUG - Conda环境路径|Conda environment path: /share/org/YZWL/yzwl_lixg/miniforge3/envs/getorganelle_v.1.7.71
2026-02-07 15:33:28.040 - INFO - ============================================================
2026-02-07 15:33:28.040 - INFO - 叶绿体基因组组装|Plastome Assembly
2026-02-07 15:33:28.040 - INFO - ============================================================
2026-02-07 15:33:28.040 - INFO - 输入目录|Input directory: 01.data
2026-02-07 15:33:28.040 - INFO - 输出目录|Output directory: output
2026-02-07 15:33:28.040 - INFO - 输出前缀|Output prefix: Arabidopsis_thaliana
2026-02-07 15:33:28.040 - INFO - Organelle类型|Organelle type: embplant_pt
2026-02-07 15:33:28.040 - INFO - 线程数|Threads: 64
2026-02-07 15:33:28.040 - INFO - R1文件|R1 file: 62-2_1.clean.fq.gz
2026-02-07 15:33:28.040 - INFO - R2文件|R2 file: 62-2_2.clean.fq.gz
2026-02-07 15:33:28.040 - INFO - ============================================================
2026-02-07 15:33:28.040 - INFO - ============================================================
2026-02-07 15:33:28.040 - INFO - 叶绿体基因组组装|Plastome Assembly
2026-02-07 15:33:28.040 - INFO - ============================================================
2026-02-07 15:33:28.040 - INFO - 输入目录|Input directory: 01.data
2026-02-07 15:33:28.040 - INFO - 输出目录|Output directory: output
2026-02-07 15:33:28.040 - INFO - 输出前缀|Output prefix: Arabidopsis_thaliana
2026-02-07 15:33:28.040 - INFO - Organelle类型|Organelle type: embplant_pt
2026-02-07 15:33:28.040 - INFO - 线程数|Threads: 64
2026-02-07 15:33:28.040 - INFO - R1文件|R1 file: Arabidopsis_thaliana_1.clean.fq.gz
2026-02-07 15:33:28.040 - INFO - R2文件|R2 file: Arabidopsis_thaliana_2.clean.fq.gz
2026-02-07 15:33:28.040 - INFO - ============================================================
2026-02-07 15:33:28.040 - INFO - 
2026-02-07 15:33:28.040 - INFO - ============================================================
2026-02-07 15:33:28.040 - INFO - 开始叶绿体基因组组装|Starting plastome assembly
2026-02-07 15:33:28.040 - INFO - ============================================================
2026-02-07 15:33:28.040 - INFO - 
2026-02-07 15:33:28.040 - INFO - 执行中|Executing: 叶绿体基因组组装|Plastome assembly with GetOrganelle
2026-02-07 15:33:28.040 - DEBUG - 完整命令|Full command: /share/org/YZWL/yzwl_lixg/miniforge3/envs/getorganelle_v.1.7.71/bin/get_organelle_from_reads.py -o output/Arabidopsis_thaliana -1 01.data/Arabidopsis_thaliana_1.clean.fq.gz -2 01.data/Arabidopsis_thaliana_2.clean.fq.gz -F embplant_pt -R 15 -k 21,45,65,85,105 -t 64
2026-02-07 15:33:28.041 - DEBUG - 设置PATH环境变量|Setting PATH: /share/org/YZWL/yzwl_lixg/miniforge3/envs/getorganelle_v.1.7.71/bin:/opt/skyformai/bin:/share/org/YZWL/yzwl_lixg/software/kmeria/bin:/share/org/YZWL/yzwl_lixg/software/kmeria/bimbamAsso:/share/org/YZW...
2026-02-07 15:33:28.779 - INFO - GetOrganelle v1.7.7.1
2026-02-07 15:33:28.780 - INFO - get_organelle_from_reads.py assembles organelle genomes from genome skimming data.
2026-02-07 15:33:28.780 - INFO - Find updates in https://github.com/Kinggerm/GetOrganelle and see README.md for more information.
2026-02-07 15:33:28.780 - INFO - Python 3.13.5 | packaged by conda-forge | (main, Jun 16 2025, 08:27:50) [GCC 13.3.0]
2026-02-07 15:33:28.780 - INFO - PLATFORM: Linux c02n0104 4.18.0-513.5.1.el8_9.x86_64 #1 SMP Fri Nov 17 03:31:10 UTC 2023 x86_64 x86_64
2026-02-07 15:33:28.780 - INFO - PYTHON LIBS: GetOrganelleLib 1.7.7.1; numpy 2.3.2; sympy 1.14.0; scipy 1.16.1
2026-02-07 15:33:28.780 - INFO - DEPENDENCIES: Bowtie2 2.5.4; SPAdes 4.2.0; Blast 2.17.0
2026-02-07 15:33:28.780 - INFO - GETORG_PATH=/share/org/YZWL/yzwl_lixg/.GetOrganelle
2026-02-07 15:33:28.780 - INFO - SEED  DB: embplant_pt 0.0.1; embplant_mt 0.0.1
2026-02-07 15:33:28.780 - INFO - LABEL DB: embplant_pt 0.0.1; embplant_mt 0.0.1
2026-02-07 15:33:28.780 - INFO - WORKING_DIR=/share/org/YZWL/yzwl_lixg/project/18.小花糖芥/14.所有糖芥属进化树/04.叶绿体基因组
2026-02-07 15:33:28.780 - INFO - /share/org/YZWL/yzwl_lixg/miniforge3/envs/getorganelle_v.1.7.71/bin/get_organelle_from_reads.py -o output/Arabidopsis_thaliana -1 01.data/Arabidopsis_thaliana_1.clean.fq.gz -2 01.data/Arabidopsis_thaliana_2.clean.fq.gz -F embplant_pt -R 15 -k 21,45,65,85,105 -t 64
2026-02-07 15:33:28.780 - ERROR - [FAIL] 样品 Arabidopsis_thaliana 组装失败|Sample Arabidopsis_thaliana assembly failed
2026-02-07 15:33:28.780 - INFO - 
2026-02-07 15:33:28.780 - INFO - ============================================================
2026-02-07 15:33:28.780 - INFO - 处理样品|Processing sample: EcAA (13/19)
2026-02-07 15:33:28.780 - INFO - ============================================================
2026-02-07 15:33:28.781 - DEBUG - Conda环境路径|Conda environment path: /share/org/YZWL/yzwl_lixg/miniforge3/envs/getorganelle_v.1.7.71
2026-02-07 15:33:28.781 - INFO - ============================================================
2026-02-07 15:33:28.781 - INFO - 叶绿体基因组组装|Plastome Assembly
2026-02-07 15:33:28.781 - INFO - ============================================================
2026-02-07 15:33:28.781 - INFO - 输入目录|Input directory: 01.data
2026-02-07 15:33:28.781 - INFO - 输出目录|Output directory: output
2026-02-07 15:33:28.781 - INFO - 输出前缀|Output prefix: EcAA
2026-02-07 15:33:28.781 - INFO - Organelle类型|Organelle type: embplant_pt
2026-02-07 15:33:28.781 - INFO - 线程数|Threads: 64
2026-02-07 15:33:28.781 - INFO - R1文件|R1 file: 62-2_1.clean.fq.gz
2026-02-07 15:33:28.781 - INFO - R2文件|R2 file: 62-2_2.clean.fq.gz
2026-02-07 15:33:28.781 - INFO - ============================================================
2026-02-07 15:33:28.781 - INFO - ============================================================
2026-02-07 15:33:28.781 - INFO - 叶绿体基因组组装|Plastome Assembly
2026-02-07 15:33:28.781 - INFO - ============================================================
2026-02-07 15:33:28.781 - INFO - 输入目录|Input directory: 01.data
2026-02-07 15:33:28.781 - INFO - 输出目录|Output directory: output
2026-02-07 15:33:28.781 - INFO - 输出前缀|Output prefix: EcAA
2026-02-07 15:33:28.781 - INFO - Organelle类型|Organelle type: embplant_pt
2026-02-07 15:33:28.781 - INFO - 线程数|Threads: 64
2026-02-07 15:33:28.781 - INFO - R1文件|R1 file: EcAA_1.clean.fq.gz
2026-02-07 15:33:28.781 - INFO - R2文件|R2 file: EcAA_2.clean.fq.gz
2026-02-07 15:33:28.781 - INFO - ============================================================
2026-02-07 15:33:28.781 - INFO - 
2026-02-07 15:33:28.781 - INFO - ============================================================
2026-02-07 15:33:28.782 - INFO - 开始叶绿体基因组组装|Starting plastome assembly
2026-02-07 15:33:28.782 - INFO - ============================================================
2026-02-07 15:33:28.782 - INFO - 
2026-02-07 15:33:28.782 - INFO - 执行中|Executing: 叶绿体基因组组装|Plastome assembly with GetOrganelle
2026-02-07 15:33:28.782 - DEBUG - 完整命令|Full command: /share/org/YZWL/yzwl_lixg/miniforge3/envs/getorganelle_v.1.7.71/bin/get_organelle_from_reads.py -o output/EcAA -1 01.data/EcAA_1.clean.fq.gz -2 01.data/EcAA_2.clean.fq.gz -F embplant_pt -R 15 -k 21,45,65,85,105 -t 64
2026-02-07 15:33:28.782 - DEBUG - 设置PATH环境变量|Setting PATH: /share/org/YZWL/yzwl_lixg/miniforge3/envs/getorganelle_v.1.7.71/bin:/opt/skyformai/bin:/share/org/YZWL/yzwl_lixg/software/kmeria/bin:/share/org/YZWL/yzwl_lixg/software/kmeria/bimbamAsso:/share/org/YZW...
2026-02-07 15:33:29.497 - INFO - GetOrganelle v1.7.7.1
2026-02-07 15:33:29.497 - INFO - get_organelle_from_reads.py assembles organelle genomes from genome skimming data.
2026-02-07 15:33:29.498 - INFO - Find updates in https://github.com/Kinggerm/GetOrganelle and see README.md for more information.
2026-02-07 15:33:29.498 - INFO - Python 3.13.5 | packaged by conda-forge | (main, Jun 16 2025, 08:27:50) [GCC 13.3.0]
2026-02-07 15:33:29.498 - INFO - PLATFORM: Linux c02n0104 4.18.0-513.5.1.el8_9.x86_64 #1 SMP Fri Nov 17 03:31:10 UTC 2023 x86_64 x86_64
2026-02-07 15:33:29.498 - INFO - PYTHON LIBS: GetOrganelleLib 1.7.7.1; numpy 2.3.2; sympy 1.14.0; scipy 1.16.1
2026-02-07 15:33:29.498 - INFO - DEPENDENCIES: Bowtie2 2.5.4; SPAdes 4.2.0; Blast 2.17.0
2026-02-07 15:33:29.498 - INFO - GETORG_PATH=/share/org/YZWL/yzwl_lixg/.GetOrganelle
2026-02-07 15:33:29.498 - INFO - SEED  DB: embplant_pt 0.0.1; embplant_mt 0.0.1
2026-02-07 15:33:29.498 - INFO - LABEL DB: embplant_pt 0.0.1; embplant_mt 0.0.1
2026-02-07 15:33:29.498 - INFO - WORKING_DIR=/share/org/YZWL/yzwl_lixg/project/18.小花糖芥/14.所有糖芥属进化树/04.叶绿体基因组
2026-02-07 15:33:29.498 - INFO - /share/org/YZWL/yzwl_lixg/miniforge3/envs/getorganelle_v.1.7.71/bin/get_organelle_from_reads.py -o output/EcAA -1 01.data/EcAA_1.clean.fq.gz -2 01.data/EcAA_2.clean.fq.gz -F embplant_pt -R 15 -k 21,45,65,85,105 -t 64
2026-02-07 15:33:29.498 - ERROR - [FAIL] 样品 EcAA 组装失败|Sample EcAA assembly failed
2026-02-07 15:33:29.498 - INFO - 
2026-02-07 15:33:29.498 - INFO - ============================================================
2026-02-07 15:33:29.498 - INFO - 处理样品|Processing sample: Enew (14/19)
2026-02-07 15:33:29.498 - INFO - ============================================================
2026-02-07 15:33:29.499 - DEBUG - Conda环境路径|Conda environment path: /share/org/YZWL/yzwl_lixg/miniforge3/envs/getorganelle_v.1.7.71
2026-02-07 15:33:29.499 - INFO - ============================================================
2026-02-07 15:33:29.499 - INFO - 叶绿体基因组组装|Plastome Assembly
2026-02-07 15:33:29.499 - INFO - ============================================================
2026-02-07 15:33:29.499 - INFO - 输入目录|Input directory: 01.data
2026-02-07 15:33:29.499 - INFO - 输出目录|Output directory: output
2026-02-07 15:33:29.499 - INFO - 输出前缀|Output prefix: Enew
2026-02-07 15:33:29.499 - INFO - Organelle类型|Organelle type: embplant_pt
2026-02-07 15:33:29.499 - INFO - 线程数|Threads: 64
2026-02-07 15:33:29.499 - INFO - R1文件|R1 file: 62-2_1.clean.fq.gz
2026-02-07 15:33:29.499 - INFO - R2文件|R2 file: 62-2_2.clean.fq.gz
2026-02-07 15:33:29.499 - INFO - ============================================================
2026-02-07 15:33:29.499 - INFO - ============================================================
2026-02-07 15:33:29.499 - INFO - 叶绿体基因组组装|Plastome Assembly
2026-02-07 15:33:29.499 - INFO - ============================================================
2026-02-07 15:33:29.499 - INFO - 输入目录|Input directory: 01.data
2026-02-07 15:33:29.499 - INFO - 输出目录|Output directory: output
2026-02-07 15:33:29.499 - INFO - 输出前缀|Output prefix: Enew
2026-02-07 15:33:29.499 - INFO - Organelle类型|Organelle type: embplant_pt
2026-02-07 15:33:29.499 - INFO - 线程数|Threads: 64
2026-02-07 15:33:29.499 - INFO - R1文件|R1 file: Enew_1.clean.fq.gz
2026-02-07 15:33:29.499 - INFO - R2文件|R2 file: Enew_2.clean.fq.gz
2026-02-07 15:33:29.499 - INFO - ============================================================
2026-02-07 15:33:29.499 - INFO - 
2026-02-07 15:33:29.499 - INFO - ============================================================
2026-02-07 15:33:29.499 - INFO - 开始叶绿体基因组组装|Starting plastome assembly
2026-02-07 15:33:29.499 - INFO - ============================================================
2026-02-07 15:33:29.499 - INFO - 
2026-02-07 15:33:29.499 - INFO - 执行中|Executing: 叶绿体基因组组装|Plastome assembly with GetOrganelle
2026-02-07 15:33:29.499 - DEBUG - 完整命令|Full command: /share/org/YZWL/yzwl_lixg/miniforge3/envs/getorganelle_v.1.7.71/bin/get_organelle_from_reads.py -o output/Enew -1 01.data/Enew_1.clean.fq.gz -2 01.data/Enew_2.clean.fq.gz -F embplant_pt -R 15 -k 21,45,65,85,105 -t 64
2026-02-07 15:33:29.500 - DEBUG - 设置PATH环境变量|Setting PATH: /share/org/YZWL/yzwl_lixg/miniforge3/envs/getorganelle_v.1.7.71/bin:/opt/skyformai/bin:/share/org/YZWL/yzwl_lixg/software/kmeria/bin:/share/org/YZWL/yzwl_lixg/software/kmeria/bimbamAsso:/share/org/YZW...
2026-02-07 15:33:30.214 - INFO - GetOrganelle v1.7.7.1
2026-02-07 15:33:30.214 - INFO - get_organelle_from_reads.py assembles organelle genomes from genome skimming data.
2026-02-07 15:33:30.214 - INFO - Find updates in https://github.com/Kinggerm/GetOrganelle and see README.md for more information.
2026-02-07 15:33:30.214 - INFO - Python 3.13.5 | packaged by conda-forge | (main, Jun 16 2025, 08:27:50) [GCC 13.3.0]
2026-02-07 15:33:30.214 - INFO - PLATFORM: Linux c02n0104 4.18.0-513.5.1.el8_9.x86_64 #1 SMP Fri Nov 17 03:31:10 UTC 2023 x86_64 x86_64
2026-02-07 15:33:30.214 - INFO - PYTHON LIBS: GetOrganelleLib 1.7.7.1; numpy 2.3.2; sympy 1.14.0; scipy 1.16.1
2026-02-07 15:33:30.214 - INFO - DEPENDENCIES: Bowtie2 2.5.4; SPAdes 4.2.0; Blast 2.17.0
2026-02-07 15:33:30.214 - INFO - GETORG_PATH=/share/org/YZWL/yzwl_lixg/.GetOrganelle
2026-02-07 15:33:30.214 - INFO - SEED  DB: embplant_pt 0.0.1; embplant_mt 0.0.1
2026-02-07 15:33:30.214 - INFO - LABEL DB: embplant_pt 0.0.1; embplant_mt 0.0.1
2026-02-07 15:33:30.214 - INFO - WORKING_DIR=/share/org/YZWL/yzwl_lixg/project/18.小花糖芥/14.所有糖芥属进化树/04.叶绿体基因组
2026-02-07 15:33:30.214 - INFO - /share/org/YZWL/yzwl_lixg/miniforge3/envs/getorganelle_v.1.7.71/bin/get_organelle_from_reads.py -o output/Enew -1 01.data/Enew_1.clean.fq.gz -2 01.data/Enew_2.clean.fq.gz -F embplant_pt -R 15 -k 21,45,65,85,105 -t 64
2026-02-07 15:33:30.215 - ERROR - [FAIL] 样品 Enew 组装失败|Sample Enew assembly failed
2026-02-07 15:33:30.215 - INFO - 
2026-02-07 15:33:30.215 - INFO - ============================================================
2026-02-07 15:33:30.215 - INFO - 处理样品|Processing sample: Ery17 (15/19)
2026-02-07 15:33:30.215 - INFO - ============================================================
2026-02-07 15:33:30.215 - DEBUG - Conda环境路径|Conda environment path: /share/org/YZWL/yzwl_lixg/miniforge3/envs/getorganelle_v.1.7.71
2026-02-07 15:33:30.216 - INFO - ============================================================
2026-02-07 15:33:30.216 - INFO - 叶绿体基因组组装|Plastome Assembly
2026-02-07 15:33:30.216 - INFO - ============================================================
2026-02-07 15:33:30.216 - INFO - 输入目录|Input directory: 01.data
2026-02-07 15:33:30.216 - INFO - 输出目录|Output directory: output
2026-02-07 15:33:30.216 - INFO - 输出前缀|Output prefix: Ery17
2026-02-07 15:33:30.216 - INFO - Organelle类型|Organelle type: embplant_pt
2026-02-07 15:33:30.216 - INFO - 线程数|Threads: 64
2026-02-07 15:33:30.216 - INFO - R1文件|R1 file: 62-2_1.clean.fq.gz
2026-02-07 15:33:30.216 - INFO - R2文件|R2 file: 62-2_2.clean.fq.gz
2026-02-07 15:33:30.216 - INFO - ============================================================
2026-02-07 15:33:30.216 - INFO - ============================================================
2026-02-07 15:33:30.216 - INFO - 叶绿体基因组组装|Plastome Assembly
2026-02-07 15:33:30.216 - INFO - ============================================================
2026-02-07 15:33:30.216 - INFO - 输入目录|Input directory: 01.data
2026-02-07 15:33:30.216 - INFO - 输出目录|Output directory: output
2026-02-07 15:33:30.216 - INFO - 输出前缀|Output prefix: Ery17
2026-02-07 15:33:30.216 - INFO - Organelle类型|Organelle type: embplant_pt
2026-02-07 15:33:30.216 - INFO - 线程数|Threads: 64
2026-02-07 15:33:30.216 - INFO - R1文件|R1 file: Ery17_1.clean.fq.gz
2026-02-07 15:33:30.216 - INFO - R2文件|R2 file: Ery17_2.clean.fq.gz
2026-02-07 15:33:30.216 - INFO - ============================================================
2026-02-07 15:33:30.216 - INFO - 
2026-02-07 15:33:30.216 - INFO - ============================================================
2026-02-07 15:33:30.216 - INFO - 开始叶绿体基因组组装|Starting plastome assembly
2026-02-07 15:33:30.216 - INFO - ============================================================
2026-02-07 15:33:30.216 - INFO - 
2026-02-07 15:33:30.216 - INFO - 执行中|Executing: 叶绿体基因组组装|Plastome assembly with GetOrganelle
2026-02-07 15:33:30.216 - DEBUG - 完整命令|Full command: /share/org/YZWL/yzwl_lixg/miniforge3/envs/getorganelle_v.1.7.71/bin/get_organelle_from_reads.py -o output/Ery17 -1 01.data/Ery17_1.clean.fq.gz -2 01.data/Ery17_2.clean.fq.gz -F embplant_pt -R 15 -k 21,45,65,85,105 -t 64
2026-02-07 15:33:30.216 - DEBUG - 设置PATH环境变量|Setting PATH: /share/org/YZWL/yzwl_lixg/miniforge3/envs/getorganelle_v.1.7.71/bin:/opt/skyformai/bin:/share/org/YZWL/yzwl_lixg/software/kmeria/bin:/share/org/YZWL/yzwl_lixg/software/kmeria/bimbamAsso:/share/org/YZW...
2026-02-07 15:33:30.934 - INFO - GetOrganelle v1.7.7.1
2026-02-07 15:33:30.935 - INFO - get_organelle_from_reads.py assembles organelle genomes from genome skimming data.
2026-02-07 15:33:30.935 - INFO - Find updates in https://github.com/Kinggerm/GetOrganelle and see README.md for more information.
2026-02-07 15:33:30.935 - INFO - Python 3.13.5 | packaged by conda-forge | (main, Jun 16 2025, 08:27:50) [GCC 13.3.0]
2026-02-07 15:33:30.935 - INFO - PLATFORM: Linux c02n0104 4.18.0-513.5.1.el8_9.x86_64 #1 SMP Fri Nov 17 03:31:10 UTC 2023 x86_64 x86_64
2026-02-07 15:33:30.935 - INFO - PYTHON LIBS: GetOrganelleLib 1.7.7.1; numpy 2.3.2; sympy 1.14.0; scipy 1.16.1
2026-02-07 15:33:30.935 - INFO - DEPENDENCIES: Bowtie2 2.5.4; SPAdes 4.2.0; Blast 2.17.0
2026-02-07 15:33:30.935 - INFO - GETORG_PATH=/share/org/YZWL/yzwl_lixg/.GetOrganelle
2026-02-07 15:33:30.935 - INFO - SEED  DB: embplant_pt 0.0.1; embplant_mt 0.0.1
2026-02-07 15:33:30.935 - INFO - LABEL DB: embplant_pt 0.0.1; embplant_mt 0.0.1
2026-02-07 15:33:30.935 - INFO - WORKING_DIR=/share/org/YZWL/yzwl_lixg/project/18.小花糖芥/14.所有糖芥属进化树/04.叶绿体基因组
2026-02-07 15:33:30.935 - INFO - /share/org/YZWL/yzwl_lixg/miniforge3/envs/getorganelle_v.1.7.71/bin/get_organelle_from_reads.py -o output/Ery17 -1 01.data/Ery17_1.clean.fq.gz -2 01.data/Ery17_2.clean.fq.gz -F embplant_pt -R 15 -k 21,45,65,85,105 -t 64
2026-02-07 15:33:30.935 - ERROR - [FAIL] 样品 Ery17 组装失败|Sample Ery17 assembly failed
2026-02-07 15:33:30.935 - INFO - 
2026-02-07 15:33:30.935 - INFO - ============================================================
2026-02-07 15:33:30.935 - INFO - 处理样品|Processing sample: EryR13 (16/19)
2026-02-07 15:33:30.935 - INFO - ============================================================
2026-02-07 15:33:30.936 - DEBUG - Conda环境路径|Conda environment path: /share/org/YZWL/yzwl_lixg/miniforge3/envs/getorganelle_v.1.7.71
2026-02-07 15:33:30.936 - INFO - ============================================================
2026-02-07 15:33:30.936 - INFO - 叶绿体基因组组装|Plastome Assembly
2026-02-07 15:33:30.936 - INFO - ============================================================
2026-02-07 15:33:30.936 - INFO - 输入目录|Input directory: 01.data
2026-02-07 15:33:30.936 - INFO - 输出目录|Output directory: output
2026-02-07 15:33:30.936 - INFO - 输出前缀|Output prefix: EryR13
2026-02-07 15:33:30.936 - INFO - Organelle类型|Organelle type: embplant_pt
2026-02-07 15:33:30.936 - INFO - 线程数|Threads: 64
2026-02-07 15:33:30.936 - INFO - R1文件|R1 file: 62-2_1.clean.fq.gz
2026-02-07 15:33:30.936 - INFO - R2文件|R2 file: 62-2_2.clean.fq.gz
2026-02-07 15:33:30.936 - INFO - ============================================================
2026-02-07 15:33:30.936 - INFO - ============================================================
2026-02-07 15:33:30.936 - INFO - 叶绿体基因组组装|Plastome Assembly
2026-02-07 15:33:30.936 - INFO - ============================================================
2026-02-07 15:33:30.936 - INFO - 输入目录|Input directory: 01.data
2026-02-07 15:33:30.936 - INFO - 输出目录|Output directory: output
2026-02-07 15:33:30.936 - INFO - 输出前缀|Output prefix: EryR13
2026-02-07 15:33:30.936 - INFO - Organelle类型|Organelle type: embplant_pt
2026-02-07 15:33:30.936 - INFO - 线程数|Threads: 64
2026-02-07 15:33:30.936 - INFO - R1文件|R1 file: EryR13_1.clean.fq.gz
2026-02-07 15:33:30.936 - INFO - R2文件|R2 file: EryR13_2.clean.fq.gz
2026-02-07 15:33:30.936 - INFO - ============================================================
2026-02-07 15:33:30.936 - INFO - 
2026-02-07 15:33:30.936 - INFO - ============================================================
2026-02-07 15:33:30.937 - INFO - 开始叶绿体基因组组装|Starting plastome assembly
2026-02-07 15:33:30.937 - INFO - ============================================================
2026-02-07 15:33:30.937 - INFO - 
2026-02-07 15:33:30.937 - INFO - 执行中|Executing: 叶绿体基因组组装|Plastome assembly with GetOrganelle
2026-02-07 15:33:30.937 - DEBUG - 完整命令|Full command: /share/org/YZWL/yzwl_lixg/miniforge3/envs/getorganelle_v.1.7.71/bin/get_organelle_from_reads.py -o output/EryR13 -1 01.data/EryR13_1.clean.fq.gz -2 01.data/EryR13_2.clean.fq.gz -F embplant_pt -R 15 -k 21,45,65,85,105 -t 64
2026-02-07 15:33:30.937 - DEBUG - 设置PATH环境变量|Setting PATH: /share/org/YZWL/yzwl_lixg/miniforge3/envs/getorganelle_v.1.7.71/bin:/opt/skyformai/bin:/share/org/YZWL/yzwl_lixg/software/kmeria/bin:/share/org/YZWL/yzwl_lixg/software/kmeria/bimbamAsso:/share/org/YZW...
2026-02-07 15:33:31.662 - INFO - GetOrganelle v1.7.7.1
2026-02-07 15:33:31.662 - INFO - get_organelle_from_reads.py assembles organelle genomes from genome skimming data.
2026-02-07 15:33:31.662 - INFO - Find updates in https://github.com/Kinggerm/GetOrganelle and see README.md for more information.
2026-02-07 15:33:31.662 - INFO - Python 3.13.5 | packaged by conda-forge | (main, Jun 16 2025, 08:27:50) [GCC 13.3.0]
2026-02-07 15:33:31.662 - INFO - PLATFORM: Linux c02n0104 4.18.0-513.5.1.el8_9.x86_64 #1 SMP Fri Nov 17 03:31:10 UTC 2023 x86_64 x86_64
2026-02-07 15:33:31.662 - INFO - PYTHON LIBS: GetOrganelleLib 1.7.7.1; numpy 2.3.2; sympy 1.14.0; scipy 1.16.1
2026-02-07 15:33:31.662 - INFO - DEPENDENCIES: Bowtie2 2.5.4; SPAdes 4.2.0; Blast 2.17.0
2026-02-07 15:33:31.662 - INFO - GETORG_PATH=/share/org/YZWL/yzwl_lixg/.GetOrganelle
2026-02-07 15:33:31.662 - INFO - SEED  DB: embplant_pt 0.0.1; embplant_mt 0.0.1
2026-02-07 15:33:31.662 - INFO - LABEL DB: embplant_pt 0.0.1; embplant_mt 0.0.1
2026-02-07 15:33:31.662 - INFO - WORKING_DIR=/share/org/YZWL/yzwl_lixg/project/18.小花糖芥/14.所有糖芥属进化树/04.叶绿体基因组
2026-02-07 15:33:31.662 - INFO - /share/org/YZWL/yzwl_lixg/miniforge3/envs/getorganelle_v.1.7.71/bin/get_organelle_from_reads.py -o output/EryR13 -1 01.data/EryR13_1.clean.fq.gz -2 01.data/EryR13_2.clean.fq.gz -F embplant_pt -R 15 -k 21,45,65,85,105 -t 64
2026-02-07 15:33:31.663 - ERROR - [FAIL] 样品 EryR13 组装失败|Sample EryR13 assembly failed
2026-02-07 15:33:31.663 - INFO - 
2026-02-07 15:33:31.663 - INFO - ============================================================
2026-02-07 15:33:31.663 - INFO - 处理样品|Processing sample: EryR16 (17/19)
2026-02-07 15:33:31.663 - INFO - ============================================================
2026-02-07 15:33:31.663 - DEBUG - Conda环境路径|Conda environment path: /share/org/YZWL/yzwl_lixg/miniforge3/envs/getorganelle_v.1.7.71
2026-02-07 15:33:31.663 - INFO - ============================================================
2026-02-07 15:33:31.663 - INFO - 叶绿体基因组组装|Plastome Assembly
2026-02-07 15:33:31.663 - INFO - ============================================================
2026-02-07 15:33:31.664 - INFO - 输入目录|Input directory: 01.data
2026-02-07 15:33:31.664 - INFO - 输出目录|Output directory: output
2026-02-07 15:33:31.664 - INFO - 输出前缀|Output prefix: EryR16
2026-02-07 15:33:31.664 - INFO - Organelle类型|Organelle type: embplant_pt
2026-02-07 15:33:31.664 - INFO - 线程数|Threads: 64
2026-02-07 15:33:31.664 - INFO - R1文件|R1 file: 62-2_1.clean.fq.gz
2026-02-07 15:33:31.664 - INFO - R2文件|R2 file: 62-2_2.clean.fq.gz
2026-02-07 15:33:31.664 - INFO - ============================================================
2026-02-07 15:33:31.664 - INFO - ============================================================
2026-02-07 15:33:31.664 - INFO - 叶绿体基因组组装|Plastome Assembly
2026-02-07 15:33:31.664 - INFO - ============================================================
2026-02-07 15:33:31.664 - INFO - 输入目录|Input directory: 01.data
2026-02-07 15:33:31.664 - INFO - 输出目录|Output directory: output
2026-02-07 15:33:31.664 - INFO - 输出前缀|Output prefix: EryR16
2026-02-07 15:33:31.664 - INFO - Organelle类型|Organelle type: embplant_pt
2026-02-07 15:33:31.664 - INFO - 线程数|Threads: 64
2026-02-07 15:33:31.664 - INFO - R1文件|R1 file: EryR16_1.clean.fq.gz
2026-02-07 15:33:31.664 - INFO - R2文件|R2 file: EryR16_2.clean.fq.gz
2026-02-07 15:33:31.664 - INFO - ============================================================
2026-02-07 15:33:31.664 - INFO - 
2026-02-07 15:33:31.664 - INFO - ============================================================
2026-02-07 15:33:31.664 - INFO - 开始叶绿体基因组组装|Starting plastome assembly
2026-02-07 15:33:31.664 - INFO - ============================================================
2026-02-07 15:33:31.664 - INFO - 
2026-02-07 15:33:31.664 - INFO - 执行中|Executing: 叶绿体基因组组装|Plastome assembly with GetOrganelle
2026-02-07 15:33:31.664 - DEBUG - 完整命令|Full command: /share/org/YZWL/yzwl_lixg/miniforge3/envs/getorganelle_v.1.7.71/bin/get_organelle_from_reads.py -o output/EryR16 -1 01.data/EryR16_1.clean.fq.gz -2 01.data/EryR16_2.clean.fq.gz -F embplant_pt -R 15 -k 21,45,65,85,105 -t 64
2026-02-07 15:33:31.664 - DEBUG - 设置PATH环境变量|Setting PATH: /share/org/YZWL/yzwl_lixg/miniforge3/envs/getorganelle_v.1.7.71/bin:/opt/skyformai/bin:/share/org/YZWL/yzwl_lixg/software/kmeria/bin:/share/org/YZWL/yzwl_lixg/software/kmeria/bimbamAsso:/share/org/YZW...
2026-02-07 15:33:32.378 - INFO - GetOrganelle v1.7.7.1
2026-02-07 15:33:32.378 - INFO - get_organelle_from_reads.py assembles organelle genomes from genome skimming data.
2026-02-07 15:33:32.378 - INFO - Find updates in https://github.com/Kinggerm/GetOrganelle and see README.md for more information.
2026-02-07 15:33:32.378 - INFO - Python 3.13.5 | packaged by conda-forge | (main, Jun 16 2025, 08:27:50) [GCC 13.3.0]
2026-02-07 15:33:32.378 - INFO - PLATFORM: Linux c02n0104 4.18.0-513.5.1.el8_9.x86_64 #1 SMP Fri Nov 17 03:31:10 UTC 2023 x86_64 x86_64
2026-02-07 15:33:32.378 - INFO - PYTHON LIBS: GetOrganelleLib 1.7.7.1; numpy 2.3.2; sympy 1.14.0; scipy 1.16.1
2026-02-07 15:33:32.378 - INFO - DEPENDENCIES: Bowtie2 2.5.4; SPAdes 4.2.0; Blast 2.17.0
2026-02-07 15:33:32.378 - INFO - GETORG_PATH=/share/org/YZWL/yzwl_lixg/.GetOrganelle
2026-02-07 15:33:32.378 - INFO - SEED  DB: embplant_pt 0.0.1; embplant_mt 0.0.1
2026-02-07 15:33:32.378 - INFO - LABEL DB: embplant_pt 0.0.1; embplant_mt 0.0.1
2026-02-07 15:33:32.378 - INFO - WORKING_DIR=/share/org/YZWL/yzwl_lixg/project/18.小花糖芥/14.所有糖芥属进化树/04.叶绿体基因组
2026-02-07 15:33:32.378 - INFO - /share/org/YZWL/yzwl_lixg/miniforge3/envs/getorganelle_v.1.7.71/bin/get_organelle_from_reads.py -o output/EryR16 -1 01.data/EryR16_1.clean.fq.gz -2 01.data/EryR16_2.clean.fq.gz -F embplant_pt -R 15 -k 21,45,65,85,105 -t 64
2026-02-07 15:33:32.379 - ERROR - [FAIL] 样品 EryR16 组装失败|Sample EryR16 assembly failed
2026-02-07 15:33:32.379 - INFO - 
2026-02-07 15:33:32.379 - INFO - ============================================================
2026-02-07 15:33:32.379 - INFO - 处理样品|Processing sample: Jan-70A (18/19)
2026-02-07 15:33:32.379 - INFO - ============================================================
2026-02-07 15:33:32.379 - DEBUG - Conda环境路径|Conda environment path: /share/org/YZWL/yzwl_lixg/miniforge3/envs/getorganelle_v.1.7.71
2026-02-07 15:33:32.380 - INFO - ============================================================
2026-02-07 15:33:32.380 - INFO - 叶绿体基因组组装|Plastome Assembly
2026-02-07 15:33:32.380 - INFO - ============================================================
2026-02-07 15:33:32.380 - INFO - 输入目录|Input directory: 01.data
2026-02-07 15:33:32.380 - INFO - 输出目录|Output directory: output
2026-02-07 15:33:32.380 - INFO - 输出前缀|Output prefix: Jan-70A
2026-02-07 15:33:32.380 - INFO - Organelle类型|Organelle type: embplant_pt
2026-02-07 15:33:32.380 - INFO - 线程数|Threads: 64
2026-02-07 15:33:32.380 - INFO - R1文件|R1 file: 62-2_1.clean.fq.gz
2026-02-07 15:33:32.380 - INFO - R2文件|R2 file: 62-2_2.clean.fq.gz
2026-02-07 15:33:32.380 - INFO - ============================================================
2026-02-07 15:33:32.380 - INFO - ============================================================
2026-02-07 15:33:32.380 - INFO - 叶绿体基因组组装|Plastome Assembly
2026-02-07 15:33:32.380 - INFO - ============================================================
2026-02-07 15:33:32.380 - INFO - 输入目录|Input directory: 01.data
2026-02-07 15:33:32.380 - INFO - 输出目录|Output directory: output
2026-02-07 15:33:32.380 - INFO - 输出前缀|Output prefix: Jan-70A
2026-02-07 15:33:32.380 - INFO - Organelle类型|Organelle type: embplant_pt
2026-02-07 15:33:32.380 - INFO - 线程数|Threads: 64
2026-02-07 15:33:32.380 - INFO - R1文件|R1 file: Jan-70A_1.clean.fq.gz
2026-02-07 15:33:32.380 - INFO - R2文件|R2 file: Jan-70A_2.clean.fq.gz
2026-02-07 15:33:32.380 - INFO - ============================================================
2026-02-07 15:33:32.380 - INFO - 
2026-02-07 15:33:32.380 - INFO - ============================================================
2026-02-07 15:33:32.380 - INFO - 开始叶绿体基因组组装|Starting plastome assembly
2026-02-07 15:33:32.380 - INFO - ============================================================
2026-02-07 15:33:32.380 - INFO - 
2026-02-07 15:33:32.380 - INFO - 执行中|Executing: 叶绿体基因组组装|Plastome assembly with GetOrganelle
2026-02-07 15:33:32.380 - DEBUG - 完整命令|Full command: /share/org/YZWL/yzwl_lixg/miniforge3/envs/getorganelle_v.1.7.71/bin/get_organelle_from_reads.py -o output/Jan-70A -1 01.data/Jan-70A_1.clean.fq.gz -2 01.data/Jan-70A_2.clean.fq.gz -F embplant_pt -R 15 -k 21,45,65,85,105 -t 64
2026-02-07 15:33:32.380 - DEBUG - 设置PATH环境变量|Setting PATH: /share/org/YZWL/yzwl_lixg/miniforge3/envs/getorganelle_v.1.7.71/bin:/opt/skyformai/bin:/share/org/YZWL/yzwl_lixg/software/kmeria/bin:/share/org/YZWL/yzwl_lixg/software/kmeria/bimbamAsso:/share/org/YZW...
2026-02-07 15:33:33.097 - INFO - GetOrganelle v1.7.7.1
2026-02-07 15:33:33.097 - INFO - get_organelle_from_reads.py assembles organelle genomes from genome skimming data.
2026-02-07 15:33:33.097 - INFO - Find updates in https://github.com/Kinggerm/GetOrganelle and see README.md for more information.
2026-02-07 15:33:33.097 - INFO - Python 3.13.5 | packaged by conda-forge | (main, Jun 16 2025, 08:27:50) [GCC 13.3.0]
2026-02-07 15:33:33.097 - INFO - PLATFORM: Linux c02n0104 4.18.0-513.5.1.el8_9.x86_64 #1 SMP Fri Nov 17 03:31:10 UTC 2023 x86_64 x86_64
2026-02-07 15:33:33.097 - INFO - PYTHON LIBS: GetOrganelleLib 1.7.7.1; numpy 2.3.2; sympy 1.14.0; scipy 1.16.1
2026-02-07 15:33:33.097 - INFO - DEPENDENCIES: Bowtie2 2.5.4; SPAdes 4.2.0; Blast 2.17.0
2026-02-07 15:33:33.097 - INFO - GETORG_PATH=/share/org/YZWL/yzwl_lixg/.GetOrganelle
2026-02-07 15:33:33.097 - INFO - SEED  DB: embplant_pt 0.0.1; embplant_mt 0.0.1
2026-02-07 15:33:33.097 - INFO - LABEL DB: embplant_pt 0.0.1; embplant_mt 0.0.1
2026-02-07 15:33:33.097 - INFO - WORKING_DIR=/share/org/YZWL/yzwl_lixg/project/18.小花糖芥/14.所有糖芥属进化树/04.叶绿体基因组
2026-02-07 15:33:33.097 - INFO - /share/org/YZWL/yzwl_lixg/miniforge3/envs/getorganelle_v.1.7.71/bin/get_organelle_from_reads.py -o output/Jan-70A -1 01.data/Jan-70A_1.clean.fq.gz -2 01.data/Jan-70A_2.clean.fq.gz -F embplant_pt -R 15 -k 21,45,65,85,105 -t 64
2026-02-07 15:33:33.097 - ERROR - [FAIL] 样品 Jan-70A 组装失败|Sample Jan-70A assembly failed
2026-02-07 15:33:33.097 - INFO - 
2026-02-07 15:33:33.097 - INFO - ============================================================
2026-02-07 15:33:33.097 - INFO - 处理样品|Processing sample: KostanzA (19/19)
2026-02-07 15:33:33.097 - INFO - ============================================================
2026-02-07 15:33:33.098 - DEBUG - Conda环境路径|Conda environment path: /share/org/YZWL/yzwl_lixg/miniforge3/envs/getorganelle_v.1.7.71
2026-02-07 15:33:33.098 - INFO - ============================================================
2026-02-07 15:33:33.098 - INFO - 叶绿体基因组组装|Plastome Assembly
2026-02-07 15:33:33.098 - INFO - ============================================================
2026-02-07 15:33:33.098 - INFO - 输入目录|Input directory: 01.data
2026-02-07 15:33:33.098 - INFO - 输出目录|Output directory: output
2026-02-07 15:33:33.098 - INFO - 输出前缀|Output prefix: KostanzA
2026-02-07 15:33:33.098 - INFO - Organelle类型|Organelle type: embplant_pt
2026-02-07 15:33:33.098 - INFO - 线程数|Threads: 64
2026-02-07 15:33:33.098 - INFO - R1文件|R1 file: 62-2_1.clean.fq.gz
2026-02-07 15:33:33.098 - INFO - R2文件|R2 file: 62-2_2.clean.fq.gz
2026-02-07 15:33:33.098 - INFO - ============================================================
2026-02-07 15:33:33.098 - INFO - ============================================================
2026-02-07 15:33:33.098 - INFO - 叶绿体基因组组装|Plastome Assembly
2026-02-07 15:33:33.098 - INFO - ============================================================
2026-02-07 15:33:33.098 - INFO - 输入目录|Input directory: 01.data
2026-02-07 15:33:33.098 - INFO - 输出目录|Output directory: output
2026-02-07 15:33:33.098 - INFO - 输出前缀|Output prefix: KostanzA
2026-02-07 15:33:33.098 - INFO - Organelle类型|Organelle type: embplant_pt
2026-02-07 15:33:33.098 - INFO - 线程数|Threads: 64
2026-02-07 15:33:33.098 - INFO - R1文件|R1 file: KostanzA_1.clean.fq.gz
2026-02-07 15:33:33.098 - INFO - R2文件|R2 file: KostanzA_2.clean.fq.gz
2026-02-07 15:33:33.099 - INFO - ============================================================
2026-02-07 15:33:33.099 - INFO - 
2026-02-07 15:33:33.099 - INFO - ============================================================
2026-02-07 15:33:33.099 - INFO - 开始叶绿体基因组组装|Starting plastome assembly
2026-02-07 15:33:33.099 - INFO - ============================================================
2026-02-07 15:33:33.099 - INFO - 
2026-02-07 15:33:33.099 - INFO - 执行中|Executing: 叶绿体基因组组装|Plastome assembly with GetOrganelle
2026-02-07 15:33:33.099 - DEBUG - 完整命令|Full command: /share/org/YZWL/yzwl_lixg/miniforge3/envs/getorganelle_v.1.7.71/bin/get_organelle_from_reads.py -o output/KostanzA -1 01.data/KostanzA_1.clean.fq.gz -2 01.data/KostanzA_2.clean.fq.gz -F embplant_pt -R 15 -k 21,45,65,85,105 -t 64
2026-02-07 15:33:33.099 - DEBUG - 设置PATH环境变量|Setting PATH: /share/org/YZWL/yzwl_lixg/miniforge3/envs/getorganelle_v.1.7.71/bin:/opt/skyformai/bin:/share/org/YZWL/yzwl_lixg/software/kmeria/bin:/share/org/YZWL/yzwl_lixg/software/kmeria/bimbamAsso:/share/org/YZW...
2026-02-07 15:33:33.814 - INFO - GetOrganelle v1.7.7.1
2026-02-07 15:33:33.814 - INFO - get_organelle_from_reads.py assembles organelle genomes from genome skimming data.
2026-02-07 15:33:33.814 - INFO - Find updates in https://github.com/Kinggerm/GetOrganelle and see README.md for more information.
2026-02-07 15:33:33.814 - INFO - Python 3.13.5 | packaged by conda-forge | (main, Jun 16 2025, 08:27:50) [GCC 13.3.0]
2026-02-07 15:33:33.814 - INFO - PLATFORM: Linux c02n0104 4.18.0-513.5.1.el8_9.x86_64 #1 SMP Fri Nov 17 03:31:10 UTC 2023 x86_64 x86_64
2026-02-07 15:33:33.814 - INFO - PYTHON LIBS: GetOrganelleLib 1.7.7.1; numpy 2.3.2; sympy 1.14.0; scipy 1.16.1
2026-02-07 15:33:33.814 - INFO - DEPENDENCIES: Bowtie2 2.5.4; SPAdes 4.2.0; Blast 2.17.0
2026-02-07 15:33:33.814 - INFO - GETORG_PATH=/share/org/YZWL/yzwl_lixg/.GetOrganelle
2026-02-07 15:33:33.814 - INFO - SEED  DB: embplant_pt 0.0.1; embplant_mt 0.0.1
2026-02-07 15:33:33.814 - INFO - LABEL DB: embplant_pt 0.0.1; embplant_mt 0.0.1
2026-02-07 15:33:33.814 - INFO - WORKING_DIR=/share/org/YZWL/yzwl_lixg/project/18.小花糖芥/14.所有糖芥属进化树/04.叶绿体基因组
2026-02-07 15:33:33.814 - INFO - /share/org/YZWL/yzwl_lixg/miniforge3/envs/getorganelle_v.1.7.71/bin/get_organelle_from_reads.py -o output/KostanzA -1 01.data/KostanzA_1.clean.fq.gz -2 01.data/KostanzA_2.clean.fq.gz -F embplant_pt -R 15 -k 21,45,65,85,105 -t 64
2026-02-07 15:33:33.814 - ERROR - [FAIL] 样品 KostanzA 组装失败|Sample KostanzA assembly failed
2026-02-07 15:33:33.814 - INFO - 
2026-02-07 15:33:33.814 - INFO - ============================================================
2026-02-07 15:33:33.815 - INFO - 批量处理总结|Batch Processing Summary
2026-02-07 15:33:33.815 - INFO - ============================================================
2026-02-07 15:33:33.815 - INFO - 总样品数|Total samples: 19
2026-02-07 15:33:33.815 - INFO - 成功|Successful: 0
2026-02-07 15:33:33.815 - INFO - 失败|Failed: 19
2026-02-07 15:33:33.815 - INFO - 
2026-02-07 15:33:33.815 - INFO - ============================================================
2026-02-07 15:33:33.815 - INFO - 最终叶绿体基因组文件|Final Plastome Genome Files
2026-02-07 15:33:33.815 - INFO - ============================================================
2026-02-07 15:33:33.815 - ERROR - [FAIL] 62-2: 组装失败|Assembly failed
2026-02-07 15:33:33.815 - ERROR - [FAIL] 67-quan1: 组装失败|Assembly failed
2026-02-07 15:33:33.815 - ERROR - [FAIL] 68-1A: 组装失败|Assembly failed
2026-02-07 15:33:33.815 - ERROR - [FAIL] 69A: 组装失败|Assembly failed
2026-02-07 15:33:33.815 - ERROR - [FAIL] 716A: 组装失败|Assembly failed
2026-02-07 15:33:33.815 - ERROR - [FAIL] 72-4A: 组装失败|Assembly failed
2026-02-07 15:33:33.815 - ERROR - [FAIL] 72_3_kang: 组装失败|Assembly failed
2026-02-07 15:33:33.815 - ERROR - [FAIL] 72_4_gang: 组装失败|Assembly failed
2026-02-07 15:33:33.815 - ERROR - [FAIL] 92-1: 组装失败|Assembly failed
2026-02-07 15:33:33.815 - ERROR - [FAIL] 93-4: 组装失败|Assembly failed
2026-02-07 15:33:33.815 - ERROR - [FAIL] 93-7: 组装失败|Assembly failed
2026-02-07 15:33:33.815 - ERROR - [FAIL] Arabidopsis_thaliana: 组装失败|Assembly failed
2026-02-07 15:33:33.815 - ERROR - [FAIL] EcAA: 组装失败|Assembly failed
2026-02-07 15:33:33.815 - ERROR - [FAIL] Enew: 组装失败|Assembly failed
2026-02-07 15:33:33.815 - ERROR - [FAIL] Ery17: 组装失败|Assembly failed
2026-02-07 15:33:33.815 - ERROR - [FAIL] EryR13: 组装失败|Assembly failed
2026-02-07 15:33:33.815 - ERROR - [FAIL] EryR16: 组装失败|Assembly failed
2026-02-07 15:33:33.815 - ERROR - [FAIL] Jan-70A: 组装失败|Assembly failed
2026-02-07 15:33:33.815 - ERROR - [FAIL] KostanzA: 组装失败|Assembly failed
2026-02-07 15:33:33.815 - INFO - 
2026-02-07 15:33:33.815 - INFO - 所有结果文件保存在|All result files saved in: output
2026-02-07 15:33:33.815 - INFO - 
