WARNING: sun.reflect.Reflection.getCallerClass is not supported. This will impact performance.
WARN [2026-01-12T10:48:10,035]  [Globals.java:138] [main]  Development mode is enabled
Reading file: aligned/inter_30.hic
HiC file version: 8
Using the following configurations for HiCCUPS:
Config res: 2000 peak: 2 window: 5 fdr: 10% radius: 2000
WARNING - You are using the CPU version of HiCCUPS.
The GPU version of HiCCUPS is the official version and has been tested extensively.
The CPU version only searches for loops within 8MB (by default) of the diagonal and is still experimental.
Using 1 CPU thread(s) for primary task
Running HiCCUPS for resolution 2000
4% 
9% 
14% 
19% 
24% 
29% 
34% 
39% 
44% 
49% 
54% 
59% 
64% 
69% 
74% 
79% 
84% 
89% 
94% 
99% 
4% 
9% 
14% 
19% 
24% 
29% 
34% 
39% 
44% 
49% 
54% 
59% 
64% 
69% 
74% 
79% 
84% 
89% 
94% 
99% 
770 features written to file: /share/org/YZWL/yzwl_lixg/project/22.Est1_hic/03.hic/20260111-2kb的分辨率重新分析/enriched_pixels_2000.bedpe
183 features written to file: /share/org/YZWL/yzwl_lixg/project/22.Est1_hic/03.hic/20260111-2kb的分辨率重新分析/postprocessed_pixels_2000.bedpe
25kB, 10kB, or 5kB lists not found
Default lists being merged without filtering
183 features written to file: /share/org/YZWL/yzwl_lixg/project/22.Est1_hic/03.hic/20260111-2kb的分辨率重新分析/merged_loops.bedpe
HiCCUPS complete
