[1] 处理: OV8-105.sorted.bam
    样品名: OV8-105
    提取染色体: Chr12
    输出: /share/org/YZWL/yzwl_lixg/project/06.longliuxing_BSA/68.三代数据组装和注释/52.候选区间上下游10M区间的交换图/02.bam/OV8-105.fq.gz
    成功! Chr12 reads数: 9221362, 文件大小: 576M
----------------------------------------
[2] 处理: OV8-106.sorted.bam
    样品名: OV8-106
    提取染色体: Chr12
    输出: /share/org/YZWL/yzwl_lixg/project/06.longliuxing_BSA/68.三代数据组装和注释/52.候选区间上下游10M区间的交换图/02.bam/OV8-106.fq.gz
    成功! Chr12 reads数: 7969964, 文件大小: 464M
----------------------------------------
[3] 处理: OV8-107.sorted.bam
    样品名: OV8-107
    提取染色体: Chr12
    输出: /share/org/YZWL/yzwl_lixg/project/06.longliuxing_BSA/68.三代数据组装和注释/52.候选区间上下游10M区间的交换图/02.bam/OV8-107.fq.gz
    成功! Chr12 reads数: 8063499, 文件大小: 512M
----------------------------------------
[4] 处理: OV8-108.sorted.bam
    样品名: OV8-108
    提取染色体: Chr12
    输出: /share/org/YZWL/yzwl_lixg/project/06.longliuxing_BSA/68.三代数据组装和注释/52.候选区间上下游10M区间的交换图/02.bam/OV8-108.fq.gz
    成功! Chr12 reads数: 8073498, 文件大小: 528M
----------------------------------------
[5] 处理: OV8-111.sorted.bam
    样品名: OV8-111
    提取染色体: Chr12
    输出: /share/org/YZWL/yzwl_lixg/project/06.longliuxing_BSA/68.三代数据组装和注释/52.候选区间上下游10M区间的交换图/02.bam/OV8-111.fq.gz
    成功! Chr12 reads数: 10503325, 文件大小: 624M
----------------------------------------
[6] 处理: OV8-112.sorted.bam
    样品名: OV8-112
    提取染色体: Chr12
    输出: /share/org/YZWL/yzwl_lixg/project/06.longliuxing_BSA/68.三代数据组装和注释/52.候选区间上下游10M区间的交换图/02.bam/OV8-112.fq.gz
    成功! Chr12 reads数: 8760317, 文件大小: 560M
----------------------------------------
[7] 处理: OV8-113.sorted.bam
    样品名: OV8-113
    提取染色体: Chr12
    输出: /share/org/YZWL/yzwl_lixg/project/06.longliuxing_BSA/68.三代数据组装和注释/52.候选区间上下游10M区间的交换图/02.bam/OV8-113.fq.gz
    成功! Chr12 reads数: 8568032, 文件大小: 528M
----------------------------------------
[8] 处理: OV8-114.sorted.bam
    样品名: OV8-114
    提取染色体: Chr12
    输出: /share/org/YZWL/yzwl_lixg/project/06.longliuxing_BSA/68.三代数据组装和注释/52.候选区间上下游10M区间的交换图/02.bam/OV8-114.fq.gz
    成功! Chr12 reads数: 8744947, 文件大小: 560M
----------------------------------------
[9] 处理: OV8-115.sorted.bam
    样品名: OV8-115
    提取染色体: Chr12
    输出: /share/org/YZWL/yzwl_lixg/project/06.longliuxing_BSA/68.三代数据组装和注释/52.候选区间上下游10M区间的交换图/02.bam/OV8-115.fq.gz
    成功! Chr12 reads数: 10983597, 文件大小: 656M
----------------------------------------
[10] 处理: OV8-116.sorted.bam
    样品名: OV8-116
    提取染色体: Chr12
    输出: /share/org/YZWL/yzwl_lixg/project/06.longliuxing_BSA/68.三代数据组装和注释/52.候选区间上下游10M区间的交换图/02.bam/OV8-116.fq.gz
    成功! Chr12 reads数: 8341686, 文件大小: 512M
----------------------------------------
[11] 处理: OV8-117.sorted.bam
    样品名: OV8-117
    提取染色体: Chr12
    输出: /share/org/YZWL/yzwl_lixg/project/06.longliuxing_BSA/68.三代数据组装和注释/52.候选区间上下游10M区间的交换图/02.bam/OV8-117.fq.gz
    成功! Chr12 reads数: 8846518, 文件大小: 624M
----------------------------------------
[12] 处理: OV8-118.sorted.bam
    样品名: OV8-118
    提取染色体: Chr12
    输出: /share/org/YZWL/yzwl_lixg/project/06.longliuxing_BSA/68.三代数据组装和注释/52.候选区间上下游10M区间的交换图/02.bam/OV8-118.fq.gz
    成功! Chr12 reads数: 10318901, 文件大小: 640M
----------------------------------------
[13] 处理: OV8-11.sorted.bam
    样品名: OV8-11
    提取染色体: Chr12
    输出: /share/org/YZWL/yzwl_lixg/project/06.longliuxing_BSA/68.三代数据组装和注释/52.候选区间上下游10M区间的交换图/02.bam/OV8-11.fq.gz
    成功! Chr12 reads数: 9944718, 文件大小: 544M
----------------------------------------
[14] 处理: OV8-136.sorted.bam
    样品名: OV8-136
    提取染色体: Chr12
    输出: /share/org/YZWL/yzwl_lixg/project/06.longliuxing_BSA/68.三代数据组装和注释/52.候选区间上下游10M区间的交换图/02.bam/OV8-136.fq.gz
    成功! Chr12 reads数: 10413915, 文件大小: 656M
----------------------------------------
[15] 处理: OV8-137.sorted.bam
    样品名: OV8-137
    提取染色体: Chr12
    输出: /share/org/YZWL/yzwl_lixg/project/06.longliuxing_BSA/68.三代数据组装和注释/52.候选区间上下游10M区间的交换图/02.bam/OV8-137.fq.gz
    成功! Chr12 reads数: 10052639, 文件大小: 624M
----------------------------------------
[16] 处理: OV8-138.sorted.bam
    样品名: OV8-138
    提取染色体: Chr12
    输出: /share/org/YZWL/yzwl_lixg/project/06.longliuxing_BSA/68.三代数据组装和注释/52.候选区间上下游10M区间的交换图/02.bam/OV8-138.fq.gz
    成功! Chr12 reads数: 10543694, 文件大小: 672M
----------------------------------------
[17] 处理: OV8-139.sorted.bam
    样品名: OV8-139
    提取染色体: Chr12
    输出: /share/org/YZWL/yzwl_lixg/project/06.longliuxing_BSA/68.三代数据组装和注释/52.候选区间上下游10M区间的交换图/02.bam/OV8-139.fq.gz
    成功! Chr12 reads数: 9990144, 文件大小: 640M
----------------------------------------
[18] 处理: OV8-141.sorted.bam
    样品名: OV8-141
    提取染色体: Chr12
    输出: /share/org/YZWL/yzwl_lixg/project/06.longliuxing_BSA/68.三代数据组装和注释/52.候选区间上下游10M区间的交换图/02.bam/OV8-141.fq.gz
    成功! Chr12 reads数: 10135585, 文件大小: 640M
----------------------------------------
[19] 处理: OV8-142.sorted.bam
    样品名: OV8-142
    提取染色体: Chr12
    输出: /share/org/YZWL/yzwl_lixg/project/06.longliuxing_BSA/68.三代数据组装和注释/52.候选区间上下游10M区间的交换图/02.bam/OV8-142.fq.gz
    成功! Chr12 reads数: 11057881, 文件大小: 688M
----------------------------------------
[20] 处理: OV8-143.sorted.bam
    样品名: OV8-143
    提取染色体: Chr12
    输出: /share/org/YZWL/yzwl_lixg/project/06.longliuxing_BSA/68.三代数据组装和注释/52.候选区间上下游10M区间的交换图/02.bam/OV8-143.fq.gz
    成功! Chr12 reads数: 10818350, 文件大小: 672M
----------------------------------------
[21] 处理: OV8-144.sorted.bam
    样品名: OV8-144
    提取染色体: Chr12
    输出: /share/org/YZWL/yzwl_lixg/project/06.longliuxing_BSA/68.三代数据组装和注释/52.候选区间上下游10M区间的交换图/02.bam/OV8-144.fq.gz
    成功! Chr12 reads数: 8415396, 文件大小: 560M
----------------------------------------
[22] 处理: OV8-157.sorted.bam
    样品名: OV8-157
    提取染色体: Chr12
    输出: /share/org/YZWL/yzwl_lixg/project/06.longliuxing_BSA/68.三代数据组装和注释/52.候选区间上下游10M区间的交换图/02.bam/OV8-157.fq.gz
    成功! Chr12 reads数: 8846376, 文件大小: 544M
----------------------------------------
[23] 处理: OV8-158.sorted.bam
    样品名: OV8-158
    提取染色体: Chr12
    输出: /share/org/YZWL/yzwl_lixg/project/06.longliuxing_BSA/68.三代数据组装和注释/52.候选区间上下游10M区间的交换图/02.bam/OV8-158.fq.gz
    成功! Chr12 reads数: 10900392, 文件大小: 640M
----------------------------------------
[24] 处理: OV8-15.sorted.bam
    样品名: OV8-15
    提取染色体: Chr12
    输出: /share/org/YZWL/yzwl_lixg/project/06.longliuxing_BSA/68.三代数据组装和注释/52.候选区间上下游10M区间的交换图/02.bam/OV8-15.fq.gz
    成功! Chr12 reads数: 9284240, 文件大小: 544M
----------------------------------------
[25] 处理: OV8-171.sorted.bam
    样品名: OV8-171
    提取染色体: Chr12
    输出: /share/org/YZWL/yzwl_lixg/project/06.longliuxing_BSA/68.三代数据组装和注释/52.候选区间上下游10M区间的交换图/02.bam/OV8-171.fq.gz
    成功! Chr12 reads数: 8732392, 文件大小: 560M
----------------------------------------
[26] 处理: OV8-172.sorted.bam
    样品名: OV8-172
    提取染色体: Chr12
    输出: /share/org/YZWL/yzwl_lixg/project/06.longliuxing_BSA/68.三代数据组装和注释/52.候选区间上下游10M区间的交换图/02.bam/OV8-172.fq.gz
    成功! Chr12 reads数: 8353510, 文件大小: 512M
----------------------------------------
[27] 处理: OV8-179.sorted.bam
    样品名: OV8-179
    提取染色体: Chr12
    输出: /share/org/YZWL/yzwl_lixg/project/06.longliuxing_BSA/68.三代数据组装和注释/52.候选区间上下游10M区间的交换图/02.bam/OV8-179.fq.gz
    成功! Chr12 reads数: 11013852, 文件大小: 672M
----------------------------------------
[28] 处理: OV8-17.sorted.bam
    样品名: OV8-17
    提取染色体: Chr12
    输出: /share/org/YZWL/yzwl_lixg/project/06.longliuxing_BSA/68.三代数据组装和注释/52.候选区间上下游10M区间的交换图/02.bam/OV8-17.fq.gz
    成功! Chr12 reads数: 8593596, 文件大小: 512M
----------------------------------------
[29] 处理: OV8-180.sorted.bam
    样品名: OV8-180
    提取染色体: Chr12
    输出: /share/org/YZWL/yzwl_lixg/project/06.longliuxing_BSA/68.三代数据组装和注释/52.候选区间上下游10M区间的交换图/02.bam/OV8-180.fq.gz
    成功! Chr12 reads数: 8918328, 文件大小: 544M
----------------------------------------
[30] 处理: OV8-196.sorted.bam
    样品名: OV8-196
    提取染色体: Chr12
    输出: /share/org/YZWL/yzwl_lixg/project/06.longliuxing_BSA/68.三代数据组装和注释/52.候选区间上下游10M区间的交换图/02.bam/OV8-196.fq.gz
    成功! Chr12 reads数: 9213632, 文件大小: 592M
----------------------------------------
[31] 处理: OV8-19.sorted.bam
    样品名: OV8-19
    提取染色体: Chr12
    输出: /share/org/YZWL/yzwl_lixg/project/06.longliuxing_BSA/68.三代数据组装和注释/52.候选区间上下游10M区间的交换图/02.bam/OV8-19.fq.gz
    成功! Chr12 reads数: 8264348, 文件大小: 608M
----------------------------------------
[32] 处理: OV8-1.sorted.bam
    样品名: OV8-1
    提取染色体: Chr12
    输出: /share/org/YZWL/yzwl_lixg/project/06.longliuxing_BSA/68.三代数据组装和注释/52.候选区间上下游10M区间的交换图/02.bam/OV8-1.fq.gz
    成功! Chr12 reads数: 8901756, 文件大小: 624M
----------------------------------------
[33] 处理: OV8-206.sorted.bam
    样品名: OV8-206
    提取染色体: Chr12
    输出: /share/org/YZWL/yzwl_lixg/project/06.longliuxing_BSA/68.三代数据组装和注释/52.候选区间上下游10M区间的交换图/02.bam/OV8-206.fq.gz
    成功! Chr12 reads数: 11898177, 文件大小: 704M
----------------------------------------
[34] 处理: OV8-20.sorted.bam
    样品名: OV8-20
    提取染色体: Chr12
    输出: /share/org/YZWL/yzwl_lixg/project/06.longliuxing_BSA/68.三代数据组装和注释/52.候选区间上下游10M区间的交换图/02.bam/OV8-20.fq.gz
    成功! Chr12 reads数: 8788322, 文件大小: 576M
----------------------------------------
[35] 处理: OV8-216.sorted.bam
    样品名: OV8-216
    提取染色体: Chr12
    输出: /share/org/YZWL/yzwl_lixg/project/06.longliuxing_BSA/68.三代数据组装和注释/52.候选区间上下游10M区间的交换图/02.bam/OV8-216.fq.gz
    成功! Chr12 reads数: 10926441, 文件大小: 656M
----------------------------------------
[36] 处理: OV8-217.sorted.bam
    样品名: OV8-217
    提取染色体: Chr12
    输出: /share/org/YZWL/yzwl_lixg/project/06.longliuxing_BSA/68.三代数据组装和注释/52.候选区间上下游10M区间的交换图/02.bam/OV8-217.fq.gz
    成功! Chr12 reads数: 10190936, 文件大小: 624M
----------------------------------------
[37] 处理: OV8-21.sorted.bam
    样品名: OV8-21
    提取染色体: Chr12
    输出: /share/org/YZWL/yzwl_lixg/project/06.longliuxing_BSA/68.三代数据组装和注释/52.候选区间上下游10M区间的交换图/02.bam/OV8-21.fq.gz
    成功! Chr12 reads数: 8424182, 文件大小: 528M
----------------------------------------
[38] 处理: OV8-258.sorted.bam
    样品名: OV8-258
    提取染色体: Chr12
    输出: /share/org/YZWL/yzwl_lixg/project/06.longliuxing_BSA/68.三代数据组装和注释/52.候选区间上下游10M区间的交换图/02.bam/OV8-258.fq.gz
    成功! Chr12 reads数: 8680570, 文件大小: 512M
----------------------------------------
[39] 处理: OV8-259.sorted.bam
    样品名: OV8-259
    提取染色体: Chr12
    输出: /share/org/YZWL/yzwl_lixg/project/06.longliuxing_BSA/68.三代数据组装和注释/52.候选区间上下游10M区间的交换图/02.bam/OV8-259.fq.gz
    成功! Chr12 reads数: 10055216, 文件大小: 576M
----------------------------------------
[40] 处理: OV8-260.sorted.bam
    样品名: OV8-260
    提取染色体: Chr12
    输出: /share/org/YZWL/yzwl_lixg/project/06.longliuxing_BSA/68.三代数据组装和注释/52.候选区间上下游10M区间的交换图/02.bam/OV8-260.fq.gz
    成功! Chr12 reads数: 7868621, 文件大小: 464M
----------------------------------------
[41] 处理: OV8-263.sorted.bam
    样品名: OV8-263
    提取染色体: Chr12
    输出: /share/org/YZWL/yzwl_lixg/project/06.longliuxing_BSA/68.三代数据组装和注释/52.候选区间上下游10M区间的交换图/02.bam/OV8-263.fq.gz
    成功! Chr12 reads数: 8386272, 文件大小: 496M
----------------------------------------
[42] 处理: OV8-264.sorted.bam
    样品名: OV8-264
    提取染色体: Chr12
    输出: /share/org/YZWL/yzwl_lixg/project/06.longliuxing_BSA/68.三代数据组装和注释/52.候选区间上下游10M区间的交换图/02.bam/OV8-264.fq.gz
    成功! Chr12 reads数: 8439622, 文件大小: 496M
----------------------------------------
[43] 处理: OV8-265.sorted.bam
    样品名: OV8-265
    提取染色体: Chr12
    输出: /share/org/YZWL/yzwl_lixg/project/06.longliuxing_BSA/68.三代数据组装和注释/52.候选区间上下游10M区间的交换图/02.bam/OV8-265.fq.gz
    成功! Chr12 reads数: 7710731, 文件大小: 496M
----------------------------------------
[44] 处理: OV8-267.sorted.bam
    样品名: OV8-267
    提取染色体: Chr12
    输出: /share/org/YZWL/yzwl_lixg/project/06.longliuxing_BSA/68.三代数据组装和注释/52.候选区间上下游10M区间的交换图/02.bam/OV8-267.fq.gz
    成功! Chr12 reads数: 10481850, 文件大小: 672M
----------------------------------------
[45] 处理: OV8-268.sorted.bam
    样品名: OV8-268
    提取染色体: Chr12
    输出: /share/org/YZWL/yzwl_lixg/project/06.longliuxing_BSA/68.三代数据组装和注释/52.候选区间上下游10M区间的交换图/02.bam/OV8-268.fq.gz
    成功! Chr12 reads数: 7819561, 文件大小: 464M
----------------------------------------
[46] 处理: OV8-269.sorted.bam
    样品名: OV8-269
    提取染色体: Chr12
    输出: /share/org/YZWL/yzwl_lixg/project/06.longliuxing_BSA/68.三代数据组装和注释/52.候选区间上下游10M区间的交换图/02.bam/OV8-269.fq.gz
    成功! Chr12 reads数: 7516852, 文件大小: 448M
----------------------------------------
[47] 处理: OV8-26.sorted.bam
    样品名: OV8-26
    提取染色体: Chr12
    输出: /share/org/YZWL/yzwl_lixg/project/06.longliuxing_BSA/68.三代数据组装和注释/52.候选区间上下游10M区间的交换图/02.bam/OV8-26.fq.gz
    成功! Chr12 reads数: 12059878, 文件大小: 704M
----------------------------------------
[48] 处理: OV8-271.sorted.bam
    样品名: OV8-271
    提取染色体: Chr12
    输出: /share/org/YZWL/yzwl_lixg/project/06.longliuxing_BSA/68.三代数据组装和注释/52.候选区间上下游10M区间的交换图/02.bam/OV8-271.fq.gz
    成功! Chr12 reads数: 8574895, 文件大小: 528M
----------------------------------------
[49] 处理: OV8-272.sorted.bam
    样品名: OV8-272
    提取染色体: Chr12
    输出: /share/org/YZWL/yzwl_lixg/project/06.longliuxing_BSA/68.三代数据组装和注释/52.候选区间上下游10M区间的交换图/02.bam/OV8-272.fq.gz
    成功! Chr12 reads数: 9345915, 文件大小: 528M
----------------------------------------
[50] 处理: OV8-273.sorted.bam
    样品名: OV8-273
    提取染色体: Chr12
    输出: /share/org/YZWL/yzwl_lixg/project/06.longliuxing_BSA/68.三代数据组装和注释/52.候选区间上下游10M区间的交换图/02.bam/OV8-273.fq.gz
    成功! Chr12 reads数: 9004389, 文件大小: 544M
----------------------------------------
[51] 处理: OV8-274.sorted.bam
    样品名: OV8-274
    提取染色体: Chr12
    输出: /share/org/YZWL/yzwl_lixg/project/06.longliuxing_BSA/68.三代数据组装和注释/52.候选区间上下游10M区间的交换图/02.bam/OV8-274.fq.gz
    成功! Chr12 reads数: 8071631, 文件大小: 496M
----------------------------------------
[52] 处理: OV8-275.sorted.bam
    样品名: OV8-275
    提取染色体: Chr12
    输出: /share/org/YZWL/yzwl_lixg/project/06.longliuxing_BSA/68.三代数据组装和注释/52.候选区间上下游10M区间的交换图/02.bam/OV8-275.fq.gz
    成功! Chr12 reads数: 8979662, 文件大小: 528M
----------------------------------------
[53] 处理: OV8-276.sorted.bam
    样品名: OV8-276
    提取染色体: Chr12
    输出: /share/org/YZWL/yzwl_lixg/project/06.longliuxing_BSA/68.三代数据组装和注释/52.候选区间上下游10M区间的交换图/02.bam/OV8-276.fq.gz
    成功! Chr12 reads数: 8200514, 文件大小: 496M
----------------------------------------
[54] 处理: OV8-277.sorted.bam
    样品名: OV8-277
    提取染色体: Chr12
    输出: /share/org/YZWL/yzwl_lixg/project/06.longliuxing_BSA/68.三代数据组装和注释/52.候选区间上下游10M区间的交换图/02.bam/OV8-277.fq.gz
    成功! Chr12 reads数: 10883673, 文件大小: 608M
----------------------------------------
[55] 处理: OV8-27.sorted.bam
    样品名: OV8-27
    提取染色体: Chr12
    输出: /share/org/YZWL/yzwl_lixg/project/06.longliuxing_BSA/68.三代数据组装和注释/52.候选区间上下游10M区间的交换图/02.bam/OV8-27.fq.gz
    成功! Chr12 reads数: 9258284, 文件大小: 592M
----------------------------------------
[56] 处理: OV8-28.sorted.bam
    样品名: OV8-28
    提取染色体: Chr12
    输出: /share/org/YZWL/yzwl_lixg/project/06.longliuxing_BSA/68.三代数据组装和注释/52.候选区间上下游10M区间的交换图/02.bam/OV8-28.fq.gz
    成功! Chr12 reads数: 7993320, 文件大小: 496M
----------------------------------------
[57] 处理: OV8-29.sorted.bam
    样品名: OV8-29
    提取染色体: Chr12
    输出: /share/org/YZWL/yzwl_lixg/project/06.longliuxing_BSA/68.三代数据组装和注释/52.候选区间上下游10M区间的交换图/02.bam/OV8-29.fq.gz
    成功! Chr12 reads数: 8109156, 文件大小: 496M
----------------------------------------
[58] 处理: OV8-2.sorted.bam
    样品名: OV8-2
    提取染色体: Chr12
    输出: /share/org/YZWL/yzwl_lixg/project/06.longliuxing_BSA/68.三代数据组装和注释/52.候选区间上下游10M区间的交换图/02.bam/OV8-2.fq.gz
    成功! Chr12 reads数: 8621244, 文件大小: 496M
----------------------------------------
[59] 处理: OV8-30.sorted.bam
    样品名: OV8-30
    提取染色体: Chr12
    输出: /share/org/YZWL/yzwl_lixg/project/06.longliuxing_BSA/68.三代数据组装和注释/52.候选区间上下游10M区间的交换图/02.bam/OV8-30.fq.gz
    成功! Chr12 reads数: 8393604, 文件大小: 480M
----------------------------------------
[60] 处理: OV8-31.sorted.bam
    样品名: OV8-31
    提取染色体: Chr12
    输出: /share/org/YZWL/yzwl_lixg/project/06.longliuxing_BSA/68.三代数据组装和注释/52.候选区间上下游10M区间的交换图/02.bam/OV8-31.fq.gz
    成功! Chr12 reads数: 8008330, 文件大小: 480M
----------------------------------------
[61] 处理: OV8-32.sorted.bam
    样品名: OV8-32
    提取染色体: Chr12
    输出: /share/org/YZWL/yzwl_lixg/project/06.longliuxing_BSA/68.三代数据组装和注释/52.候选区间上下游10M区间的交换图/02.bam/OV8-32.fq.gz
    成功! Chr12 reads数: 8765951, 文件大小: 528M
----------------------------------------
[62] 处理: OV8-33.sorted.bam
    样品名: OV8-33
    提取染色体: Chr12
    输出: /share/org/YZWL/yzwl_lixg/project/06.longliuxing_BSA/68.三代数据组装和注释/52.候选区间上下游10M区间的交换图/02.bam/OV8-33.fq.gz
    成功! Chr12 reads数: 9489799, 文件大小: 560M
----------------------------------------
[63] 处理: OV8-34.sorted.bam
    样品名: OV8-34
    提取染色体: Chr12
    输出: /share/org/YZWL/yzwl_lixg/project/06.longliuxing_BSA/68.三代数据组装和注释/52.候选区间上下游10M区间的交换图/02.bam/OV8-34.fq.gz
    成功! Chr12 reads数: 7705835, 文件大小: 480M
----------------------------------------
[64] 处理: OV8-35.sorted.bam
    样品名: OV8-35
    提取染色体: Chr12
    输出: /share/org/YZWL/yzwl_lixg/project/06.longliuxing_BSA/68.三代数据组装和注释/52.候选区间上下游10M区间的交换图/02.bam/OV8-35.fq.gz
    成功! Chr12 reads数: 7980021, 文件大小: 480M
----------------------------------------
[65] 处理: OV8-39.sorted.bam
    样品名: OV8-39
    提取染色体: Chr12
    输出: /share/org/YZWL/yzwl_lixg/project/06.longliuxing_BSA/68.三代数据组装和注释/52.候选区间上下游10M区间的交换图/02.bam/OV8-39.fq.gz
    成功! Chr12 reads数: 7589903, 文件大小: 480M
----------------------------------------
[66] 处理: OV8-3.sorted.bam
    样品名: OV8-3
    提取染色体: Chr12
    输出: /share/org/YZWL/yzwl_lixg/project/06.longliuxing_BSA/68.三代数据组装和注释/52.候选区间上下游10M区间的交换图/02.bam/OV8-3.fq.gz
    成功! Chr12 reads数: 8933397, 文件大小: 592M
----------------------------------------
[67] 处理: OV8-40.sorted.bam
    样品名: OV8-40
    提取染色体: Chr12
    输出: /share/org/YZWL/yzwl_lixg/project/06.longliuxing_BSA/68.三代数据组装和注释/52.候选区间上下游10M区间的交换图/02.bam/OV8-40.fq.gz
    成功! Chr12 reads数: 8377706, 文件大小: 528M
----------------------------------------
[68] 处理: OV8-42.sorted.bam
    样品名: OV8-42
    提取染色体: Chr12
    输出: /share/org/YZWL/yzwl_lixg/project/06.longliuxing_BSA/68.三代数据组装和注释/52.候选区间上下游10M区间的交换图/02.bam/OV8-42.fq.gz
    成功! Chr12 reads数: 7580371, 文件大小: 448M
----------------------------------------
[69] 处理: OV8-43.sorted.bam
    样品名: OV8-43
    提取染色体: Chr12
    输出: /share/org/YZWL/yzwl_lixg/project/06.longliuxing_BSA/68.三代数据组装和注释/52.候选区间上下游10M区间的交换图/02.bam/OV8-43.fq.gz
    成功! Chr12 reads数: 7882973, 文件大小: 480M
----------------------------------------
[70] 处理: OV8-44.sorted.bam
    样品名: OV8-44
    提取染色体: Chr12
    输出: /share/org/YZWL/yzwl_lixg/project/06.longliuxing_BSA/68.三代数据组装和注释/52.候选区间上下游10M区间的交换图/02.bam/OV8-44.fq.gz
    成功! Chr12 reads数: 8862259, 文件大小: 512M
----------------------------------------
[71] 处理: OV8-45.sorted.bam
    样品名: OV8-45
    提取染色体: Chr12
    输出: /share/org/YZWL/yzwl_lixg/project/06.longliuxing_BSA/68.三代数据组装和注释/52.候选区间上下游10M区间的交换图/02.bam/OV8-45.fq.gz
    成功! Chr12 reads数: 8039092, 文件大小: 480M
----------------------------------------
[72] 处理: OV8-4.sorted.bam
    样品名: OV8-4
    提取染色体: Chr12
    输出: /share/org/YZWL/yzwl_lixg/project/06.longliuxing_BSA/68.三代数据组装和注释/52.候选区间上下游10M区间的交换图/02.bam/OV8-4.fq.gz
    成功! Chr12 reads数: 8690295, 文件大小: 528M
----------------------------------------
[73] 处理: OV8-5.sorted.bam
    样品名: OV8-5
    提取染色体: Chr12
    输出: /share/org/YZWL/yzwl_lixg/project/06.longliuxing_BSA/68.三代数据组装和注释/52.候选区间上下游10M区间的交换图/02.bam/OV8-5.fq.gz
    成功! Chr12 reads数: 10862224, 文件大小: 688M
----------------------------------------
[74] 处理: OV8-67.sorted.bam
    样品名: OV8-67
    提取染色体: Chr12
    输出: /share/org/YZWL/yzwl_lixg/project/06.longliuxing_BSA/68.三代数据组装和注释/52.候选区间上下游10M区间的交换图/02.bam/OV8-67.fq.gz
    成功! Chr12 reads数: 7685098, 文件大小: 448M
----------------------------------------
[75] 处理: OV8-68.sorted.bam
    样品名: OV8-68
    提取染色体: Chr12
    输出: /share/org/YZWL/yzwl_lixg/project/06.longliuxing_BSA/68.三代数据组装和注释/52.候选区间上下游10M区间的交换图/02.bam/OV8-68.fq.gz
    成功! Chr12 reads数: 8028478, 文件大小: 496M
----------------------------------------
[76] 处理: OV8-6.sorted.bam
    样品名: OV8-6
    提取染色体: Chr12
    输出: /share/org/YZWL/yzwl_lixg/project/06.longliuxing_BSA/68.三代数据组装和注释/52.候选区间上下游10M区间的交换图/02.bam/OV8-6.fq.gz
    成功! Chr12 reads数: 8446804, 文件大小: 480M
----------------------------------------
[77] 处理: OV8-70.sorted.bam
    样品名: OV8-70
    提取染色体: Chr12
    输出: /share/org/YZWL/yzwl_lixg/project/06.longliuxing_BSA/68.三代数据组装和注释/52.候选区间上下游10M区间的交换图/02.bam/OV8-70.fq.gz
    成功! Chr12 reads数: 8844944, 文件大小: 528M
----------------------------------------
[78] 处理: OV8-71.sorted.bam
    样品名: OV8-71
    提取染色体: Chr12
    输出: /share/org/YZWL/yzwl_lixg/project/06.longliuxing_BSA/68.三代数据组装和注释/52.候选区间上下游10M区间的交换图/02.bam/OV8-71.fq.gz
    成功! Chr12 reads数: 8418743, 文件大小: 512M
----------------------------------------
[79] 处理: OV8-72.sorted.bam
    样品名: OV8-72
    提取染色体: Chr12
    输出: /share/org/YZWL/yzwl_lixg/project/06.longliuxing_BSA/68.三代数据组装和注释/52.候选区间上下游10M区间的交换图/02.bam/OV8-72.fq.gz
    成功! Chr12 reads数: 8345634, 文件大小: 512M
----------------------------------------
[80] 处理: OV8-73.sorted.bam
    样品名: OV8-73
    提取染色体: Chr12
    输出: /share/org/YZWL/yzwl_lixg/project/06.longliuxing_BSA/68.三代数据组装和注释/52.候选区间上下游10M区间的交换图/02.bam/OV8-73.fq.gz
    成功! Chr12 reads数: 7221228, 文件大小: 432M
----------------------------------------
[81] 处理: OV8-74.sorted.bam
    样品名: OV8-74
    提取染色体: Chr12
    输出: /share/org/YZWL/yzwl_lixg/project/06.longliuxing_BSA/68.三代数据组装和注释/52.候选区间上下游10M区间的交换图/02.bam/OV8-74.fq.gz
    成功! Chr12 reads数: 9716969, 文件大小: 592M
----------------------------------------
[82] 处理: OV8-75.sorted.bam
    样品名: OV8-75
    提取染色体: Chr12
    输出: /share/org/YZWL/yzwl_lixg/project/06.longliuxing_BSA/68.三代数据组装和注释/52.候选区间上下游10M区间的交换图/02.bam/OV8-75.fq.gz
    成功! Chr12 reads数: 9816537, 文件大小: 560M
----------------------------------------
[83] 处理: OV8-76.sorted.bam
    样品名: OV8-76
    提取染色体: Chr12
    输出: /share/org/YZWL/yzwl_lixg/project/06.longliuxing_BSA/68.三代数据组装和注释/52.候选区间上下游10M区间的交换图/02.bam/OV8-76.fq.gz
    成功! Chr12 reads数: 8317041, 文件大小: 512M
----------------------------------------
[84] 处理: OV8-77.sorted.bam
    样品名: OV8-77
    提取染色体: Chr12
    输出: /share/org/YZWL/yzwl_lixg/project/06.longliuxing_BSA/68.三代数据组装和注释/52.候选区间上下游10M区间的交换图/02.bam/OV8-77.fq.gz
    成功! Chr12 reads数: 8721807, 文件大小: 528M
----------------------------------------
[85] 处理: OV8-78.sorted.bam
    样品名: OV8-78
    提取染色体: Chr12
    输出: /share/org/YZWL/yzwl_lixg/project/06.longliuxing_BSA/68.三代数据组装和注释/52.候选区间上下游10M区间的交换图/02.bam/OV8-78.fq.gz
    成功! Chr12 reads数: 12652662, 文件大小: 720M
----------------------------------------
[86] 处理: OV8-79.sorted.bam
    样品名: OV8-79
    提取染色体: Chr12
    输出: /share/org/YZWL/yzwl_lixg/project/06.longliuxing_BSA/68.三代数据组装和注释/52.候选区间上下游10M区间的交换图/02.bam/OV8-79.fq.gz
    成功! Chr12 reads数: 9035557, 文件大小: 528M
----------------------------------------
[87] 处理: OV8-7.sorted.bam
    样品名: OV8-7
    提取染色体: Chr12
    输出: /share/org/YZWL/yzwl_lixg/project/06.longliuxing_BSA/68.三代数据组装和注释/52.候选区间上下游10M区间的交换图/02.bam/OV8-7.fq.gz
    成功! Chr12 reads数: 9330773, 文件大小: 576M
----------------------------------------
[88] 处理: OV8-80.sorted.bam
    样品名: OV8-80
    提取染色体: Chr12
    输出: /share/org/YZWL/yzwl_lixg/project/06.longliuxing_BSA/68.三代数据组装和注释/52.候选区间上下游10M区间的交换图/02.bam/OV8-80.fq.gz
    成功! Chr12 reads数: 10435956, 文件大小: 688M
----------------------------------------
[89] 处理: OV8-81.sorted.bam
    样品名: OV8-81
    提取染色体: Chr12
    输出: /share/org/YZWL/yzwl_lixg/project/06.longliuxing_BSA/68.三代数据组装和注释/52.候选区间上下游10M区间的交换图/02.bam/OV8-81.fq.gz
    成功! Chr12 reads数: 7813273, 文件大小: 464M
----------------------------------------
[90] 处理: OV8-83.sorted.bam
    样品名: OV8-83
    提取染色体: Chr12
    输出: /share/org/YZWL/yzwl_lixg/project/06.longliuxing_BSA/68.三代数据组装和注释/52.候选区间上下游10M区间的交换图/02.bam/OV8-83.fq.gz
    成功! Chr12 reads数: 8264750, 文件大小: 480M
----------------------------------------
[91] 处理: OV8-87.sorted.bam
    样品名: OV8-87
    提取染色体: Chr12
    输出: /share/org/YZWL/yzwl_lixg/project/06.longliuxing_BSA/68.三代数据组装和注释/52.候选区间上下游10M区间的交换图/02.bam/OV8-87.fq.gz
    成功! Chr12 reads数: 8664553, 文件大小: 512M
----------------------------------------
[92] 处理: OV8-88.sorted.bam
    样品名: OV8-88
    提取染色体: Chr12
    输出: /share/org/YZWL/yzwl_lixg/project/06.longliuxing_BSA/68.三代数据组装和注释/52.候选区间上下游10M区间的交换图/02.bam/OV8-88.fq.gz
    成功! Chr12 reads数: 8361193, 文件大小: 480M
----------------------------------------
[93] 处理: OV8-89.sorted.bam
    样品名: OV8-89
    提取染色体: Chr12
    输出: /share/org/YZWL/yzwl_lixg/project/06.longliuxing_BSA/68.三代数据组装和注释/52.候选区间上下游10M区间的交换图/02.bam/OV8-89.fq.gz
    成功! Chr12 reads数: 9319295, 文件大小: 560M
----------------------------------------
[94] 处理: OV8-8.sorted.bam
    样品名: OV8-8
    提取染色体: Chr12
    输出: /share/org/YZWL/yzwl_lixg/project/06.longliuxing_BSA/68.三代数据组装和注释/52.候选区间上下游10M区间的交换图/02.bam/OV8-8.fq.gz
    成功! Chr12 reads数: 9321236, 文件大小: 544M
----------------------------------------
[95] 处理: OV8-94.sorted.bam
    样品名: OV8-94
    提取染色体: Chr12
    输出: /share/org/YZWL/yzwl_lixg/project/06.longliuxing_BSA/68.三代数据组装和注释/52.候选区间上下游10M区间的交换图/02.bam/OV8-94.fq.gz
    成功! Chr12 reads数: 8748501, 文件大小: 528M
----------------------------------------
[96] 处理: OV8-95.sorted.bam
    样品名: OV8-95
    提取染色体: Chr12
    输出: /share/org/YZWL/yzwl_lixg/project/06.longliuxing_BSA/68.三代数据组装和注释/52.候选区间上下游10M区间的交换图/02.bam/OV8-95.fq.gz
    成功! Chr12 reads数: 9584151, 文件大小: 576M
----------------------------------------
[97] 处理: OV8-98.sorted.bam
    样品名: OV8-98
    提取染色体: Chr12
    输出: /share/org/YZWL/yzwl_lixg/project/06.longliuxing_BSA/68.三代数据组装和注释/52.候选区间上下游10M区间的交换图/02.bam/OV8-98.fq.gz
    成功! Chr12 reads数: 8120371, 文件大小: 480M
----------------------------------------
[98] 处理: OV8-99.sorted.bam
    样品名: OV8-99
    提取染色体: Chr12
    输出: /share/org/YZWL/yzwl_lixg/project/06.longliuxing_BSA/68.三代数据组装和注释/52.候选区间上下游10M区间的交换图/02.bam/OV8-99.fq.gz
    成功! Chr12 reads数: 8537280, 文件大小: 512M
----------------------------------------
[99] 处理: OV8-9.sorted.bam
    样品名: OV8-9
    提取染色体: Chr12
    输出: /share/org/YZWL/yzwl_lixg/project/06.longliuxing_BSA/68.三代数据组装和注释/52.候选区间上下游10M区间的交换图/02.bam/OV8-9.fq.gz
    成功! Chr12 reads数: 8459746, 文件大小: 480M
----------------------------------------

转换完成 - 2026年 01月 29日 星期四 22:57:45 CST
总计文件数: 99
成功: 99
失败: 0
