2026-01-20 21:52:24.016 - WARNING - 命令错误输出|Command stderr:
-- canu master +27 changes (r10515 2a41e933b8de6ed66723d75d36dd071b46d2c347)
--
-- CITATIONS
--
-- For assemblies of PacBio HiFi reads:
--   Nurk S, Walenz BP, Rhiea A, Vollger MR, Logsdon GA, Grothe R, Miga KH, Eichler EE, Phillippy AM, Koren S.
--   HiCanu: accurate assembly of segmental duplications, satellites, and allelic variants from high-fidelity long reads.
--   biorXiv. 2020.
--   https://doi.org/10.1101/2020.03.14.992248
-- 
-- Read and contig alignments during correction and consensus use:
--   Šošic M, Šikic M.
--   Edlib: a C/C ++ library for fast, exact sequence alignment using edit distance.
--   Bioinformatics. 2017 May 1;33(9):1394-1395.
--   http://doi.org/10.1093/bioinformatics/btw753
-- 
-- Overlaps are generated using:
--   Berlin K, et al.
--   Assembling large genomes with single-molecule sequencing and locality-sensitive hashing.
--   Nat Biotechnol. 2015 Jun;33(6):623-30.
--   http://doi.org/10.1038/nbt.3238
-- 
--   Myers EW, et al.
--   A Whole-Genome Assembly of Drosophila.
--   Science. 2000 Mar 24;287(5461):2196-204.
--   http://doi.org/10.1126/science.287.5461.2196
-- 
-- Contig consensus sequences are generated using an algorithm derived from pbdagcon:
--   Chin CS, et al.
--   Nonhybrid, finished microbial genome assemblies from long-read SMRT sequencing data.
--   Nat Methods. 2013 Jun;10(6):563-9
--   http://doi.org/10.1038/nmeth.2474
-- 
-- CONFIGURE CANU
--
-- Detected Java(TM) Runtime Environment '17.0.15-internal' (from '/share/org/YZWL/yzwl_lixg/.local/bin/java') without -d64 support.
--
-- WARNING:
-- WARNING:  Failed to run gnuplot using command 'gnuplot'.
-- WARNING:  Plots will be disabled.
-- WARNING:
--
-- Detected samtools version '1.22' / htslib version 'htscodecs=1.6.3' (from 'samtools').
--
-- Detected 88 CPUs and 503 gigabytes of memory on the local machine.
--
-- Detected Slurm with 'sinfo' binary in /opt/skyformai/bin/sinfo.
--          Slurm disabled by useGrid=false
--
-- Detected  '' with 'pbsnodes' binary in /opt/skyformai/bin/pbsnodes.
--           disabled by useGrid=false
--
-- Detected LSF with 'bsub' binary in /opt/skyformai/bin/bsub.
--          LSF disabled by useGrid=false
--
-- Local machine mode enabled; grid support not detected or not allowed.
--
-- Found trimmed raw PacBio HiFi reads in the input files.
--
--                                (tag)Concurrency
--                         (tag)Threads          |
--                (tag)Memory         |          |
--        (tag)             |         |          |       total usage      algorithm
--        -------  ----------  --------   --------  --------------------  -----------------------------
-- Local: meryl     12.000 GB    4 CPUs x  22 jobs   264.000 GB  88 CPUs  (k-mer counting)
-- Local: cormhap   13.000 GB   11 CPUs x   8 jobs   104.000 GB  88 CPUs  (overlap detection with mhap)
-- Local: obtovl     8.000 GB    8 CPUs x  11 jobs    88.000 GB  88 CPUs  (overlap detection)
-- Local: utgovl     8.000 GB    8 CPUs x  11 jobs    88.000 GB  88 CPUs  (overlap detection)
-- Local: cor        -.--- GB    4 CPUs x   - jobs     -.--- GB   - CPUs  (read correction)
-- Local: ovb        4.000 GB    1 CPU  x  88 jobs   352.000 GB  88 CPUs  (overlap store bucketizer)
-- Local: ovs        8.000 GB    1 CPU  x  62 jobs   496.000 GB  62 CPUs  (overlap store sorting)
-- Local: red       16.000 GB    4 CPUs x  22 jobs   352.000 GB  88 CPUs  (read error detection)
-- Local: oea        8.000 GB    1 CPU  x  62 jobs   496.000 GB  62 CPUs  (overlap error adjustment)
-- Local: bat       32.000 GB    8 CPUs x   1 job     32.000 GB   8 CPUs  (contig construction with bogart)
-- Local: cns        -.--- GB    8 CPUs x   - jobs     -.--- GB   - CPUs  (consensus)
--
-- Generating assembly 'N11-7' in '/share/org/YZWL/yzwl_lixg/project/28.大豆疫霉菌三代基因组/03.hicanu/N11-7/01.raw_output':
--   genomeSize:
--     85000000
--
--   Overlap Generation Limits:
--     corOvlErrorRate 0.0000 (  0.00%)
--     obtOvlErrorRate 0.0250 (  2.50%)
--     utgOvlErrorRate 0.0100 (  1.00%)
--
--   Overlap Processing Limits:
--     corErrorRate    0.0000 (  0.00%)
--     obtErrorRate    0.0250 (  2.50%)
--     utgErrorRate    0.0003 (  0.03%)
--     cnsErrorRate    0.0500 (  5.00%)
--
--   Stages to run:
--     assemble HiFi reads.
--
--
-- BEGIN STORE CREATION
----------------------------------------
-- Starting command on Tue Jan 20 19:52:47 2026 with 4167635.515 GB free disk space

    cd .
    ./N11-7.seqStore.sh \
    > ./N11-7.seqStore.err 2>&1

-- Finished on Tue Jan 20 20:00:51 2026 (484 seconds) with 4166588.625 GB free disk space
----------------------------------------
--
-- In sequence store './N11-7.seqStore':
--   Found 278993 reads.
--   Found 4250005073 bases (50 times coverage).
--    Histogram of corrected reads:
--    
--    G=4250005073                       sum of  ||               length     num
--    NG         length     index       lengths  ||                range    seqs
--    ----- ------------ --------- ------------  ||  ------------------- -------
--    00010        24880     16000    425009673  ||       1219-2628        11907|-------------------------
--    00020        23090     33783    850023054  ||       2629-4038        20238|------------------------------------------
--    00030        21788     52748   1275013418  ||       4039-5448        17394|------------------------------------
--    00040        20707     72765   1700022130  ||       5449-6858        13233|---------------------------
--    00050        19712     93801   2125006236  ||       6859-8268        10220|---------------------
--    00060        18726    115913   2550011425  ||       8269-9678         8158|-----------------
--    00070        17605    139291   2975020719  ||       9679-11088        6611|--------------
--    00080        16009    164481   3400018853  ||      11089-12498        5436|------------
--    00090        10063    195871   3825008117  ||      12499-13908        5507|------------
--    00100         1219    278993   4250005073  ||      13909-15318        8803|------------------
--    001.000x              278993   4250005073  ||      15319-16728       16843|-----------------------------------
--                                               ||      16729-18138       26063|-----------------------------------------------------
--                                               ||      18139-19548       31091|---------------------------------------------------------------
--                                               ||      19549-20958       29720|-------------------------------------------------------------
--                                               ||      20959-22368       24167|-------------------------------------------------
--                                               ||      22369-23778       17825|-------------------------------------
--                                               ||      23779-25188       12023|-------------------------
--                                               ||      25189-26598        7387|---------------
--                                               ||      26599-28008        3982|---------
--                                               ||      28009-29418        1660|----
--                                               ||      29419-30828         559|--
--                                               ||      30829-32238         123|-
--                                               ||      32239-33648          25|-
--                                               ||      33649-35058           1|-
--                                               ||      35059-36468           4|-
--                                               ||      36469-37878           2|-
--                                               ||      37879-39288           0|
--                                               ||      39289-40698           0|
--                                               ||      40699-42108           5|-
--                                               ||      42109-43518           3|-
--                                               ||      43519-44928           0|
--                                               ||      44929-46338           1|-
--                                               ||      46339-47748           0|
--                                               ||      47749-49158           0|
--                                               ||      49159-50568           0|
--                                               ||      50569-51978           0|
--                                               ||      51979-53388           1|-
--                                               ||      53389-54798           0|
--                                               ||      54799-56208           0|
--                                               ||      56209-57618           1|-
--    
--
-- In sequence store './N11-7.seqStore':
--   Found 278993 reads.
--   Found 4250005073 bases (50 times coverage).
--    Histogram of corrected-trimmed reads:
--    
--    G=4250005073                       sum of  ||               length     num
--    NG         length     index       lengths  ||                range    seqs
--    ----- ------------ --------- ------------  ||  ------------------- -------
--    00010        24880     16000    425009673  ||       1219-2628        11907|-------------------------
--    00020        23090     33783    850023054  ||       2629-4038        20238|------------------------------------------
--    00030        21788     52748   1275013418  ||       4039-5448        17394|------------------------------------
--    00040        20707     72765   1700022130  ||       5449-6858        13233|---------------------------
--    00050        19712     93801   2125006236  ||       6859-8268        10220|---------------------
--    00060        18726    115913   2550011425  ||       8269-9678         8158|-----------------
--    00070        17605    139291   2975020719  ||       9679-11088        6611|--------------
--    00080        16009    164481   3400018853  ||      11089-12498        5436|------------
--    00090        10063    195871   3825008117  ||      12499-13908        5507|------------
--    00100         1219    278993   4250005073  ||      13909-15318        8803|------------------
--    001.000x              278993   4250005073  ||      15319-16728       16843|-----------------------------------
--                                               ||      16729-18138       26063|-----------------------------------------------------
--                                               ||      18139-19548       31091|---------------------------------------------------------------
--                                               ||      19549-20958       29720|-------------------------------------------------------------
--                                               ||      20959-22368       24167|-------------------------------------------------
--                                               ||      22369-23778       17825|-------------------------------------
--                                               ||      23779-25188       12023|-------------------------
--                                               ||      25189-26598        7387|---------------
--                                               ||      26599-28008        3982|---------
--                                               ||      28009-29418        1660|----
--                                               ||      29419-30828         559|--
--                                               ||      30829-32238         123|-
--                                               ||      32239-33648          25|-
--                                               ||      33649-35058           1|-
--                                               ||      35059-36468           4|-
--                                               ||      36469-37878           2|-
--                                               ||      37879-39288           0|
--                                               ||      39289-40698           0|
--                                               ||      40699-42108           5|-
--                                               ||      42109-43518           3|-
--                                               ||      43519-44928           0|
--                                               ||      44929-46338           1|-
--                                               ||      46339-47748           0|
--                                               ||      47749-49158           0|
--                                               ||      49159-50568           0|
--                                               ||      50569-51978           0|
--                                               ||      51979-53388           1|-
--                                               ||      53389-54798           0|
--                                               ||      54799-56208           0|
--                                               ||      56209-57618           1|-
--    
--
-- Correction skipped; not enabled.
--
-- Trimming skipped; not enabled.
--
-- BEGIN ASSEMBLY
----------------------------------------
-- Starting command on Tue Jan 20 20:00:51 2026 with 4166588.578 GB free disk space

    cd unitigging/0-mercounts
    ./meryl-configure.sh \
    > ./meryl-configure.err 2>&1

-- Finished on Tue Jan 20 20:00:52 2026 (one second) with 4166588.578 GB free disk space
----------------------------------------
--  segments   memory batches
--  -------- -------- -------
--        01 10.72 GB       2
--        02  5.68 GB       2
--        04  2.94 GB       2
--        06  2.13 GB       2
--        08  1.60 GB       2
--        12  1.07 GB       2
--        16  0.80 GB       2
--        20  0.65 GB       2
--        24  0.54 GB       2
--        32  0.40 GB       2
--        40  0.32 GB       2
--        48  -.-- GB       -  (segment size too small)
--        56  -.-- GB       -  (segment size too small)
--        64  -.-- GB       -  (segment size too small)
--        96  -.-- GB       -  (segment size too small)
--
--  For 278993 reads with 4250005073 bases, limit to 42 batches.
--  Will count kmers using 01 jobs, each using 12 GB and 4 threads.
--
-- Finished stage 'merylConfigure', reset canuIteration.
--
-- Running jobs.  First attempt out of 2.
----------------------------------------
-- Starting 'meryl' concurrent execution on Tue Jan 20 20:00:52 2026 with 4166588.546 GB free disk space (1 processes; 22 concurrently)

    cd unitigging/0-mercounts
    ./meryl-count.sh 1 > ./meryl-count.000001.out 2>&1

-- Finished on Tue Jan 20 20:04:16 2026 (204 seconds) with 4166256.859 GB free disk space
----------------------------------------
-- Found 1 Kmer counting (meryl) outputs.
-- Finished stage 'utg-merylCountCheck', reset canuIteration.
--
-- Running jobs.  First attempt out of 2.
----------------------------------------
-- Starting 'meryl' concurrent execution on Tue Jan 20 20:04:16 2026 with 4166256.828 GB free disk space (1 processes; 22 concurrently)

    cd unitigging/0-mercounts
    ./meryl-process.sh 1 > ./meryl-process.000001.out 2>&1

-- Finished on Tue Jan 20 20:04:20 2026 (4 seconds) with 4166293.015 GB free disk space
----------------------------------------
-- Meryl finished successfully.  Kmer frequency histogram:
--
-- WARNING: gnuplot failed.
--
----------------------------------------
--
--  22-mers                                                                                           Fraction
--    Occurrences   NumMers                                                                         Unique Total
--       1-     1         0                                                                        0.0000 0.0000
--       2-     2    191304                                                                        0.0043 0.0001
--       3-     4     61027                                                                        0.0052 0.0002
--       5-     7     15153                                                                        0.0058 0.0002
--       8-    11      4313                                                                        0.0060 0.0002
--      12-    16      8153                                                                        0.0061 0.0003
--      17-    22    117942                                                                        0.0064 0.0003
--      23-    29    810608 ***                                                                    0.0100 0.0014
--      30-    37   5023620 *********************                                                  0.0329 0.0103
--      38-    46  16162780 ********************************************************************** 0.1679 0.0774
--      47-    56  14484917 **************************************************************         0.5427 0.3043
--      57-    67   3230751 *************                                                          0.8369 0.5171
--      68-    79    601590 **                                                                     0.8948 0.5665
--      80-    92    963370 ****                                                                   0.9082 0.5806
--      93-   106    876570 ***                                                                    0.9300 0.6073
--     107-   121    319871 *                                                                      0.9485 0.6331
--     122-   137    276434 *                                                                      0.9553 0.6439
--     138-   154    268042 *                                                                      0.9615 0.6553
--     155-   172    158646                                                                        0.9673 0.6672
--     173-   191    146202                                                                        0.9708 0.6752
--     192-   211    129026                                                                        0.9740 0.6835
--     212-   232    108532                                                                        0.9768 0.6915
--     233-   254    109424                                                                        0.9793 0.6990
--     255-   277     84175                                                                        0.9817 0.7073
--     278-   301     71278                                                                        0.9835 0.7142
--     302-   326     65176                                                                        0.9851 0.7206
--     327-   352     54707                                                                        0.9865 0.7269
--     353-   379     42907                                                                        0.9878 0.7328
--     380-   407     39937                                                                        0.9887 0.7376
--     408-   436     35917                                                                        0.9896 0.7425
--     437-   466     32714                                                                        0.9904 0.7472
--     467-   497     29470                                                                        0.9911 0.7518
--     498-   529     25145                                                                        0.9918 0.7562
--     530-   562     20179                                                                        0.9923 0.7602
--     563-   596     18969                                                                        0.9928 0.7636
--     597-   631     18960                                                                        0.9932 0.7671
--     632-   667     15726                                                                        0.9936 0.7707
--     668-   704     15439                                                                        0.9940 0.7739
--     705-   742     13973                                                                        0.9943 0.7772
--     743-   781     13017                                                                        0.9946 0.7803
--     782-   821     11284                                                                        0.9949 0.7834
--
--           0 (max occurrences)
--  3204391639 (total mers, non-unique)
--    44895081 (distinct mers, non-unique)
--           0 (unique mers)
-- Finished stage 'meryl-process', reset canuIteration.
--
-- Removing meryl database 'unitigging/0-mercounts/N11-7.ms22'.
--
-- OVERLAPPER (normal) (assembly) erate=0.01
--
----------------------------------------
-- Starting command on Tue Jan 20 20:04:20 2026 with 4166294.015 GB free disk space

    cd unitigging/1-overlapper
    /share/org/YZWL/yzwl_lixg/miniforge3/envs/canu_v.2.3/bin/overlapInCorePartition \
     -S  ../../N11-7.seqStore \
     -hl 160000000 \
     -rl 5000000000 \
     -ol 500 \
     -o  ./N11-7.partition \
    > ./N11-7.partition.err 2>&1

-- Finished on Tue Jan 20 20:04:20 2026 (like a bat out of hell) with 4166294 GB free disk space
----------------------------------------
--
-- Configured 21 overlapInCore jobs.
-- Finished stage 'utg-overlapConfigure', reset canuIteration.
--
-- Running jobs.  First attempt out of 2.
----------------------------------------
-- Starting 'utgovl' concurrent execution on Tue Jan 20 20:04:20 2026 with 4166293.968 GB free disk space (21 processes; 11 concurrently)

    cd unitigging/1-overlapper
    ./overlap.sh 1 > ./overlap.000001.out 2>&1
    ./overlap.sh 2 > ./overlap.000002.out 2>&1
    ./overlap.sh 3 > ./overlap.000003.out 2>&1
    ./overlap.sh 4 > ./overlap.000004.out 2>&1
    ./overlap.sh 5 > ./overlap.000005.out 2>&1
    ./overlap.sh 6 > ./overlap.000006.out 2>&1
    ./overlap.sh 7 > ./overlap.000007.out 2>&1
    ./overlap.sh 8 > ./overlap.000008.out 2>&1
    ./overlap.sh 9 > ./overlap.000009.out 2>&1
    ./overlap.sh 10 > ./overlap.000010.out 2>&1
    ./overlap.sh 11 > ./overlap.000011.out 2>&1
    ./overlap.sh 12 > ./overlap.000012.out 2>&1
    ./overlap.sh 13 > ./overlap.000013.out 2>&1
    ./overlap.sh 14 > ./overlap.000014.out 2>&1
    ./overlap.sh 15 > ./overlap.000015.out 2>&1
    ./overlap.sh 16 > ./overlap.000016.out 2>&1
    ./overlap.sh 17 > ./overlap.000017.out 2>&1
    ./overlap.sh 18 > ./overlap.000018.out 2>&1
    ./overlap.sh 19 > ./overlap.000019.out 2>&1
    ./overlap.sh 20 > ./overlap.000020.out 2>&1
    ./overlap.sh 21 > ./overlap.000021.out 2>&1

-- Finished on Tue Jan 20 20:45:11 2026 (2451 seconds) with 4158988.921 GB free disk space
----------------------------------------
-- Found 21 overlapInCore output files.
--
-- overlapInCore compute 'unitigging/1-overlapper':
--   kmer hits
--     with no overlap       1399993331  49.0952381 +- 42072630.939
--     with an overlap         54021867  9.85714286 +- 1601887.854
--
--   overlaps                  54021867  9.85714286 +- 1601887.854
--     contained               14072604      670124 +- 395080.289
--     dovetail                39949263  5.85714286 +- 1210615.454
--
--   overlaps rejected
--     multiple per pair              0           0 +- 0
--     bad short window               0           0 +- 0
--     bad long window                0           0 +- 0
-- Finished stage 'utg-overlapCheck', reset canuIteration.
----------------------------------------
-- Starting command on Tue Jan 20 20:45:11 2026 with 4158988.906 GB free disk space

    cd unitigging
    /share/org/YZWL/yzwl_lixg/miniforge3/envs/canu_v.2.3/bin/ovStoreConfig \
     -S ../N11-7.seqStore \
     -M 4-8 \
     -L ./1-overlapper/ovljob.files \
     -create ./N11-7.ovlStore.config \
     > ./N11-7.ovlStore.config.txt \
    2> ./N11-7.ovlStore.config.err

-- Finished on Tue Jan 20 20:45:12 2026 (one second) with 4158988.89 GB free disk space
----------------------------------------
--
-- Creating overlap store unitigging/N11-7.ovlStore using:
--      1 bucket
--      1 slice
--        using at most 4 GB memory each
--
-- Running jobs.  First attempt out of 2.
----------------------------------------
-- Starting 'ovS' concurrent execution on Tue Jan 20 20:45:12 2026 with 4158988.875 GB free disk space (1 processes; 62 concurrently)

    cd unitigging
    ./N11-7.ovlStore.sh 1 > ./N11-7.ovlStore.000001.out 2>&1

-- Finished on Tue Jan 20 20:45:36 2026 (24 seconds) with 4158830.765 GB free disk space
----------------------------------------
-- Checking store.
----------------------------------------
-- Starting command on Tue Jan 20 20:45:36 2026 with 4158830.765 GB free disk space

    cd unitigging
    /share/org/YZWL/yzwl_lixg/miniforge3/envs/canu_v.2.3/bin/ovStoreDump \
     -S ../N11-7.seqStore \
     -O  ./N11-7.ovlStore \
     -counts \
     > ./N11-7.ovlStore/counts.dat 2> ./N11-7.ovlStore/counts.err

-- Finished on Tue Jan 20 20:45:36 2026 (in the blink of an eye) with 4158830.734 GB free disk space
----------------------------------------
--
-- Overlap store 'unitigging/N11-7.ovlStore' successfully constructed.
-- Found 108043734 overlaps for 271873 reads; 1824595 reads have no overlaps.
--
--
-- Purged 1.055 GB in 63 overlap output files.
----------------------------------------
-- Starting command on Tue Jan 20 20:45:37 2026 with 4158711.765 GB free disk space

    cd unitigging
    /share/org/YZWL/yzwl_lixg/miniforge3/envs/canu_v.2.3/bin/ovStoreStats \
     -C 50 \
     -S ../N11-7.seqStore \
     -O  ./N11-7.ovlStore \
     -o  ./N11-7.ovlStore \
     > ./N11-7.ovlStore.summary.err 2>&1

-- Finished on Tue Jan 20 20:45:52 2026 (15 seconds) with 4158711.796 GB free disk space
----------------------------------------
--
-- Overlap store 'unitigging/N11-7.ovlStore' contains:
--
--   category            reads     %          read length        feature size or coverage  analysis
--   ----------------  -------  -------  ----------------------  ------------------------  --------------------
--   middle-missing        162    0.06    13473.49 +- 7814.59        644.77 +- 787.32     (bad trimming)
--   middle-hump            20    0.01    13496.15 +- 4955.67       3970.45 +- 2517.97    (bad trimming)
--   no-5-prime            670    0.24    12429.28 +- 5306.82       1348.54 +- 2406.88    (bad trimming)
--   no-3-prime            931    0.33    10207.61 +- 6186.18       1004.72 +- 1984.64    (bad trimming)
--   
--   low-coverage         1275    0.46     8536.01 +- 5336.79          5.40 +- 3.65       (easy to assemble, potential for lower quality consensus)
--   unique             221155   79.27    11688.41 +- 5732.39         45.58 +- 8.19       (easy to assemble, perfect, yay)
--   repeat-cont         21942    7.86     9737.40 +- 4871.16       2161.29 +- 1723.71    (potential for consensus errors, no impact on assembly)
--   repeat-dove           264    0.09    18970.43 +- 1629.83        871.77 +- 1163.38    (hard to assemble, likely won't assemble correctly or even at all)
--   
--   span-repeat          3256    1.17    13517.43 +- 4844.79       2802.88 +- 3166.56    (read spans a large repeat, usually easy to assemble)
--   uniq-repeat-cont    14065    5.04    11669.75 +- 4791.30                             (should be uniquely placed, low potential for consensus errors, no impact on assembly)
--   uniq-repeat-dove     3166    1.13    17882.30 +- 2376.36                             (will end contigs, potential to misassemble)
--   uniq-anchor          4967    1.78    12941.52 +- 4749.43       7800.07 +- 4872.16    (repeat read, with unique section, probable bad read)
-- Finished stage 'utg-createOverlapStore', reset canuIteration.
--
-- Loading read lengths.
-- Loading number of overlaps per read.
--
-- Configure RED for 16gb memory.
--                   Batches of at most (unlimited) reads.
--                                      500000000 bases.
--                   Expecting evidence of at most 536870912 bases per iteration.
--
--           Total                                               Reads                 Olaps Evidence
--    Job   Memory      Read Range         Reads        Bases   Memory        Olaps   Memory   Memory  (Memory in MB)
--   ---- -------- ------------------- --------- ------------ -------- ------------ -------- --------
--      1 16384.99         1-44286          5991    108812126 13282.92      2627467    30.07  1024.00
--      2 16385.85     44287-101488         7535    108886541 13292.05      1904373    21.79  1024.00
--      3 16385.10    101489-147050         6118    108791372 13280.39      2858242    32.71  1024.00
--      4 16385.42    147051-200221         7034    108806500 13282.26      2722110    31.15  1024.00
--      5 16384.20    200222-264302         8609    108795532 13280.98      2728567    31.23  1024.00
--      6 16386.02    264303-310547         6174    108693465 13268.44      3983074    45.58  1024.00
--      7 16386.11    310548-367224         7551    108899694 13293.66      1787344    20.45  1024.00
--      8 16386.88    367225-427624         8058    108802892 13281.86      2886031    33.03  1024.00
--      9 16385.45    427625-473237         6133    108665396 13265.01      4232308    48.43  1024.00
--     10 16384.51    473238-531630         7748    108902796 13294.04      1613888    18.47  1024.00
--     11 16385.19    531631-589695         7594    108734064 13273.44      3473676    39.75  1024.00
--     12 16385.73    589696-637287         6237    108804541 13282.00      2772170    31.72  1024.00
--     13 16384.53    637288-702573         8684    108838356 13286.21      2300534    26.33  1024.00
--     14 16384.08    702574-751486         6454    108770945 13277.91      2985819    34.17  1024.00
--     15 16384.52    751487-799209         6329    108755688 13276.04      3188085    36.48  1024.00
--     16 16385.74    799210-868827         9236    108824287 13284.51      2554313    29.23  1024.00
--     17 16385.45    868828-913027         5937    108785231 13279.63      2955138    33.82  1024.00
--     18 16384.54    913028-963194         6496    108834869 13285.71      2344140    26.83  1024.00
--     19 16385.62    963195-1032905        9335    108789162 13280.22      2918589    33.40  1024.00
--     20 16385.16   1032906-1076739        5901    108774909 13278.37      3039650    34.79  1024.00
--     21 16384.51   1076740-1125845        6484    108830931 13285.23      2384185    27.28  1024.00
--     22 16384.37   1125846-1189832        8666    108786042 13279.82      2844618    32.55  1024.00
--     23 16385.86   1189833-1235971        5989    108793917 13280.70      2897612    33.16  1024.00
--     24 16384.02   1235972-1286234        6645    108828193 13284.90      2369485    27.12  1024.00
--     25 16384.86   1286235-1350211        8546    108793249 13280.69      2810488    32.16  1024.00
--     26 16384.06   1350212-1394973        6019    108780747 13279.09      2880891    32.97  1024.00
--     27 16384.31   1394974-1446619        6804    108816223 13283.44      2522176    28.86  1024.00
--     28 16384.02   1446620-1509272        8409    108814762 13283.32      2508176    28.70  1024.00
--     29 16386.59   1509273-1554213        6062    108741855 13274.34      3516443    40.24  1024.00
--     30 16385.26   1554214-1607333        6985    108911275 13295.05      1590833    18.21  1024.00
--     31 16385.08   1607334-1667376        7858    108822606 13284.26      2518668    28.82  1024.00
--     32 16385.02   1667377-1712692        6060    108655887 13263.85      4296393    49.17  1024.00
--     33 16384.25   1712693-1768214        7419    108903185 13294.08      1588162    18.18  1024.00
--     34 16385.39   1768215-1823551        7340    108762963 13276.96      3183082    36.43  1024.00
--     35 16384.99   1823552-1869499        6105    108762366 13276.85      3158099    36.14  1024.00
--     36 16384.45   1869500-1930020        8149    108863722 13289.29      2024475    23.17  1024.00
--     37 16384.43   1930021-1979443        6632    108756386 13276.13      3171338    36.29  1024.00
--     38 16385.30   1979444-2025741        6245    108774328 13278.31      3057286    34.99  1024.00
--     39 16385.16   2025742-2091253        8758    108813549 13283.18      2619698    29.98  1024.00
--     40  3907.68   2091254-2096468         664      6824521   833.09       226108     2.59  1024.00
--   ---- -------- ------------------- --------- ------------ -------- ------------ -------- --------
--                                                 4250005073             108043734
-- Finished stage 'readErrorDetectionConfigure', reset canuIteration.
--
-- Running jobs.  First attempt out of 2.
----------------------------------------
-- Starting 'red' concurrent execution on Tue Jan 20 20:46:00 2026 with 4158723.14 GB free disk space (40 processes; 22 concurrently)

    cd unitigging/3-overlapErrorAdjustment
    ./red.sh 1 > ./red.000001.out 2>&1
    ./red.sh 2 > ./red.000002.out 2>&1
    ./red.sh 3 > ./red.000003.out 2>&1
    ./red.sh 4 > ./red.000004.out 2>&1
    ./red.sh 5 > ./red.000005.out 2>&1
    ./red.sh 6 > ./red.000006.out 2>&1
    ./red.sh 7 > ./red.000007.out 2>&1
    ./red.sh 8 > ./red.000008.out 2>&1
    ./red.sh 9 > ./red.000009.out 2>&1
    ./red.sh 10 > ./red.000010.out 2>&1
    ./red.sh 11 > ./red.000011.out 2>&1
    ./red.sh 12 > ./red.000012.out 2>&1
    ./red.sh 13 > ./red.000013.out 2>&1
    ./red.sh 14 > ./red.000014.out 2>&1
    ./red.sh 15 > ./red.000015.out 2>&1
    ./red.sh 16 > ./red.000016.out 2>&1
    ./red.sh 17 > ./red.000017.out 2>&1
    ./red.sh 18 > ./red.000018.out 2>&1
    ./red.sh 19 > ./red.000019.out 2>&1
    ./red.sh 20 > ./red.000020.out 2>&1
    ./red.sh 21 > ./red.000021.out 2>&1
    ./red.sh 22 > ./red.000022.out 2>&1
    ./red.sh 23 > ./red.000023.out 2>&1
    ./red.sh 24 > ./red.000024.out 2>&1
    ./red.sh 25 > ./red.000025.out 2>&1
    ./red.sh 26 > ./red.000026.out 2>&1
    ./red.sh 27 > ./red.000027.out 2>&1
    ./red.sh 28 > ./red.000028.out 2>&1
    ./red.sh 29 > ./red.000029.out 2>&1
    ./red.sh 30 > ./red.000030.out 2>&1
    ./red.sh 31 > ./red.000031.out 2>&1
    ./red.sh 32 > ./red.000032.out 2>&1
    ./red.sh 33 > ./red.000033.out 2>&1
    ./red.sh 34 > ./red.000034.out 2>&1
    ./red.sh 35 > ./red.000035.out 2>&1
    ./red.sh 36 > ./red.000036.out 2>&1
    ./red.sh 37 > ./red.000037.out 2>&1
    ./red.sh 38 > ./red.000038.out 2>&1
    ./red.sh 39 > ./red.000039.out 2>&1
    ./red.sh 40 > ./red.000040.out 2>&1

-- Finished on Tue Jan 20 21:00:26 2026 (866 seconds) with 4156743.359 GB free disk space
----------------------------------------
-- Found 40 read error detection output files.
-- Finished stage 'readErrorDetectionCheck', reset canuIteration.
--
-- Loading read lengths.
-- Loading number of overlaps per read.
--
-- Configure OEA for 8gb memory.
--                   Batches of at most (unlimited) reads.
--                                      300000000 bases.
--
--           Total                                               Reads                 Olaps  Adjusts
--    Job   Memory      Read Range         Reads        Bases   Memory        Olaps   Memory   Memory  (Memory in MB)
--   ---- -------- ------------------- --------- ------------ -------- ------------ -------- --------
--      1  2936.49         1-135461        18121    300015011   294.67      7196726   219.63   374.19
--      2  2968.77    135462-287823        20308    300000823   294.72      8252821   251.86   374.19
--      3  2947.88    287824-439794        20265    300002686   294.72      7568334   230.97   374.19
--      4  2955.49    439795-591101        20033    300011171   294.72      7817389   238.57   374.19
--      5  2910.45    591102-741956        19920    300000275   294.71      6342115   193.55   374.19
--      6  2955.78    741957-892827        20036    300026703   294.74      7826509   238.85   374.19
--      7  2962.98    892828-1046007       20346    300011299   294.73      8062517   246.05   374.19
--      8  2963.46   1046008-1192521       19618    300001661   294.70      8079407   246.56   374.19
--      9  2957.75   1192522-1341733       19748    300013594   294.72      7891823   240.84   374.19
--     10  2953.38   1341734-1491563       19843    300015929   294.72      7748297   236.46   374.19
--     11  2941.68   1491564-1636373       19264    300000322   294.69      7366252   224.80   374.19
--     12  2923.19   1636374-1776647       18707    300007879   294.68      6760498   206.31   374.19
--     13  2936.21   1776648-1917161       18768    300008498   294.68      7187276   219.34   374.19
--     14  2957.84   1917162-2058176       18979    300014004   294.69      7895370   240.95   374.19
--     15  2540.42   2058177-2096468        5037     49875218    55.72      2048400    62.51   374.19
--   ---- -------- ------------------- --------- ------------ -------- ------------ -------- --------
--                                                 4250005073             108043734
-- Finished stage 'overlapErrorAdjustmentConfigure', reset canuIteration.
--
-- Running jobs.  First attempt out of 2.
----------------------------------------
-- Starting 'oea' concurrent execution on Tue Jan 20 21:00:35 2026 with 4156743.281 GB free disk space (15 processes; 62 concurrently)

    cd unitigging/3-overlapErrorAdjustment
    ./oea.sh 1 > ./oea.000001.out 2>&1
    ./oea.sh 2 > ./oea.000002.out 2>&1
    ./oea.sh 3 > ./oea.000003.out 2>&1
    ./oea.sh 4 > ./oea.000004.out 2>&1
    ./oea.sh 5 > ./oea.000005.out 2>&1
    ./oea.sh 6 > ./oea.000006.out 2>&1
    ./oea.sh 7 > ./oea.000007.out 2>&1
    ./oea.sh 8 > ./oea.000008.out 2>&1
    ./oea.sh 9 > ./oea.000009.out 2>&1
    ./oea.sh 10 > ./oea.000010.out 2>&1
    ./oea.sh 11 > ./oea.000011.out 2>&1
    ./oea.sh 12 > ./oea.000012.out 2>&1
    ./oea.sh 13 > ./oea.000013.out 2>&1
    ./oea.sh 14 > ./oea.000014.out 2>&1
    ./oea.sh 15 > ./oea.000015.out 2>&1

-- Finished on Tue Jan 20 21:39:43 2026 (2348 seconds) with 4152507.125 GB free disk space
----------------------------------------
-- Found 15 overlap error adjustment output files.
-- Finished stage 'overlapErrorAdjustmentCheck', reset canuIteration.
----------------------------------------
-- Starting command on Tue Jan 20 21:39:43 2026 with 4152507.109 GB free disk space

    cd unitigging/3-overlapErrorAdjustment
    /share/org/YZWL/yzwl_lixg/miniforge3/envs/canu_v.2.3/bin/loadErates \
      -S ../../N11-7.seqStore \
      -O ../N11-7.ovlStore \
      -L ./oea.files \
    > ./oea.apply.err 2>&1

-- Finished on Tue Jan 20 21:39:44 2026 (one second) with 4152506.89 GB free disk space
----------------------------------------
-- No report available.
-- Finished stage 'updateOverlapStore', reset canuIteration.
-- Finished stage 'unitig', reset canuIteration.
--
-- Running jobs.  First attempt out of 2.
----------------------------------------
-- Starting 'bat' concurrent execution on Tue Jan 20 21:39:44 2026 with 4152506.843 GB free disk space (1 processes; 1 concurrently)

    cd unitigging/4-unitigger
    ./unitigger.sh 1 > ./unitigger.000001.out 2>&1

-- Finished on Tue Jan 20 21:40:15 2026 (31 seconds) with 4152465.375 GB free disk space
----------------------------------------
-- Unitigger finished successfully.
--  
--  ERROR RATES
--  -----------
--                                                   --------threshold------
--  307821                       fraction error      fraction        percent
--  samples                              (1e-5)         error          error
--                   --------------------------      --------       --------
--  command line (-eg)                           ->     30.00        0.0300%
--  command line (-ef)                           ->  -----.--      ---.----%
--  command line (-eM)                           ->     30.00        0.0300%
--  mean + std.dev       0.30 +-  12 *     2.54  ->     30.79        0.0308%
--  median + mad         0.00 +-  12 *     0.00  ->      0.00        0.0000%
--  90th percentile                              ->      1.00        0.0010%  (enabled)
--  
--  BEST EDGE FILTERING
--  -------------------
--  At graph threshold 0.0300%, reads:
--    available to have edges:        50563
--    with at least one edge:         41890
--  
--  At max threshold 0.0300%, reads:  (not computed)
--    available to have edges:            0
--    with at least one edge:             0
--  
--  At tight threshold 0.0010%, reads with:
--    both edges below error threshold:     37923  (80.00% minReadsBest threshold = 33512)
--    one  edge  above error threshold:      2970
--    both edges above error threshold:       997
--    at least one edge:                    41890
--  
--  At loose threshold 0.0300%, reads with:
--    both edges below error threshold:     41890  (80.00% minReadsBest threshold = 33512)
--    one  edge  above error threshold:         0
--    both edges above error threshold:         0
--    at least one edge:                    41890
--  
--  
--  INITIAL EDGES
--  -------- ----------------------------------------
--    223355 reads are contained
--   1836926 reads have no best edges (singleton)
--       352 reads have only one best edge (spur) 
--                144 are mutual best
--     35835 reads have two best edges 
--                776 have one mutual best edge
--              34613 have two mutual best edges
--  
--  
--  FINAL EDGES
--  -------- ----------------------------------------
--    223355 reads are contained
--   1837359 reads have no best edges (singleton)
--       208 reads have only one best edge (spur) 
--                152 are mutual best
--     35546 reads have two best edges 
--                632 have one mutual best edge
--              34604 have two mutual best edges
--  
--  
--  EDGE FILTERING
--  -------- ------------------------------------------
--         0 reads are ignored
--     10980 reads have a gap in overlap coverage
--       178 reads have lopsided best edges
-- Found, in version 1, after unitig construction:
--   contigs:      101 sequences, total length 68141468 bp (including 144 repeats of total length 3033959 bp).
--   bubbles:      154 sequences, total length 3597217 bp.
--   unassembled:  20385 sequences, total length 216182977 bp.
--
-- Contig sizes based on genome size 85mbp:
--
--            NG (bp)  LG (contigs)    sum (bp)
--         ----------  ------------  ----------
--     10     8735416             1     8735416
--     20     6910368             3    23522350
--     30     6496808             4    30019158
--     40     6201689             5    36220847
--     50     3730971             7    44478203
--     60     3401555             9    51423596
--     70     2235236            12    59526016
--     80       16270            92    68008965
--
-- Finished stage 'unitigCheck', reset canuIteration.
----------------------------------------
-- Starting command on Tue Jan 20 21:40:15 2026 with 4152465.359 GB free disk space

    cd unitigging
    /share/org/YZWL/yzwl_lixg/miniforge3/envs/canu_v.2.3/bin/utgcns \
      -S ../N11-7.seqStore \
      -T  ./N11-7.ctgStore 1 \
      -partition 0.8 1.5 0.1 \
    > ./N11-7.ctgStore/partitioning.log 2>&1

-- Finished on Tue Jan 20 21:40:24 2026 (9 seconds) with 4152464.14 GB free disk space
----------------------------------------
-- Using slow alignment for consensus (iteration '0').
-- Configured 10 consensus jobs.
-- Finished stage 'consensusConfigure', reset canuIteration.
--
-- Local: cns       12.875 GB    8 CPUs x  11 jobs   141.625 GB  88 CPUs  (consensus)
--
--
-- Running jobs.  First attempt out of 2.
----------------------------------------
-- Starting 'cns' concurrent execution on Tue Jan 20 21:40:24 2026 with 4152464.109 GB free disk space (10 processes; 11 concurrently)

    cd unitigging/5-consensus
    ./consensus.sh 1 > ./consensus.000001.out 2>&1
    ./consensus.sh 2 > ./consensus.000002.out 2>&1
    ./consensus.sh 3 > ./consensus.000003.out 2>&1
    ./consensus.sh 4 > ./consensus.000004.out 2>&1
    ./consensus.sh 5 > ./consensus.000005.out 2>&1
    ./consensus.sh 6 > ./consensus.000006.out 2>&1
    ./consensus.sh 7 > ./consensus.000007.out 2>&1
    ./consensus.sh 8 > ./consensus.000008.out 2>&1
    ./consensus.sh 9 > ./consensus.000009.out 2>&1
    ./consensus.sh 10 > ./consensus.000010.out 2>&1

-- Finished on Tue Jan 20 21:48:18 2026 (474 seconds) with 4165527.39 GB free disk space
----------------------------------------
-- Using slow alignment for consensus (iteration '1').
-- Configured 10 consensus jobs.
-- All 10 consensus jobs finished successfully.
-- Finished stage 'consensusCheck', reset canuIteration.
-- Using slow alignment for consensus (iteration '0').
-- Configured 10 consensus jobs.
----------------------------------------
-- Starting command on Tue Jan 20 21:48:18 2026 with 4165527.343 GB free disk space

    cd unitigging
    /share/org/YZWL/yzwl_lixg/miniforge3/envs/canu_v.2.3/bin/tgStoreLoad \
      -S ../N11-7.seqStore \
      -T  ./N11-7.ctgStore 2 \
      -L ./5-consensus/ctgcns.files \
    > ./5-consensus/ctgcns.files.ctgStoreLoad.err 2>&1

-- Finished on Tue Jan 20 21:48:19 2026 (one second) with 4165526.515 GB free disk space
----------------------------------------
----------------------------------------
-- Starting command on Tue Jan 20 21:48:19 2026 with 4165526.515 GB free disk space

    cd unitigging
    /share/org/YZWL/yzwl_lixg/miniforge3/envs/canu_v.2.3/bin/tgTigDisplay \
      -S ../N11-7.seqStore \
      -b \
      -o ../N11-7.contigs.unsorted.bam \
      -L ./5-consensus/ctgcns.files \
    > ./5-consensus/ctgcns.files.contigs.bam.err 2>&1

-- Finished on Tue Jan 20 21:50:59 2026 (160 seconds) with 4164891.281 GB free disk space
----------------------------------------
----------------------------------------
-- Starting command on Tue Jan 20 21:50:59 2026 with 4164891.281 GB free disk space

    cd .
    samtools sort \
      --write-index \
      --threads 2 \
      -o ./N11-7.contigs.bam ./N11-7.contigs.unsorted.bam \
    > ./ctgcns.bam.err 2>&1

-- Finished on Tue Jan 20 21:52:20 2026 (81 seconds) with 4164128.156 GB free disk space
----------------------------------------
-- Purging consensus output after loading to ctgStore.
-- Purged 10 .cns outputs.
----------------------------------------
-- Starting command on Tue Jan 20 21:52:20 2026 with 4164130.062 GB free disk space

    cd unitigging
    /share/org/YZWL/yzwl_lixg/miniforge3/envs/canu_v.2.3/bin/tgStoreDump \
      -S ../N11-7.seqStore \
      -T ./N11-7.ctgStore 2 \
      -sizes -s 85000000 \
    > ./N11-7.ctgStore/seqDB.v002.sizes.txt
ZERO length suplied to intervalList::add(), ignoring interval.
ZERO length suplied to intervalList::add(), ignoring interval.
ZERO length suplied to intervalList::add(), ignoring interval.
ZERO length suplied to intervalList::add(), ignoring interval.
ZERO length suplied to intervalList::add(), ignoring interval.
ZERO length suplied to intervalList::add(), ignoring interval.
ZERO length suplied to intervalList::add(), ignoring interval.
ZERO length suplied to intervalList::add(), ignoring interval.
ZERO length suplied to intervalList::add(), ignoring interval.
ZERO length suplied to intervalList::add(), ignoring interval.
ZERO length suplied to intervalList::add(), ignoring interval.
ZERO length suplied to intervalList::add(), ignoring interval.
ZERO length suplied to intervalList::add(), ignoring interval.
ZERO length suplied to intervalList::add(), ignoring interval.
ZERO length suplied to intervalList::add(), ignoring interval.

-- Finished on Tue Jan 20 21:52:21 2026 (one second) with 4164130.062 GB free disk space
----------------------------------------
-- Found, in version 2, after consensus generation:
--   contigs:      101 sequences, total length 88952227 bp (including 144 repeats of total length 4211563 bp).
--   bubbles:      154 sequences, total length 4878823 bp.
--   unassembled:  20385 sequences, total length 305333064 bp.
--
-- Contig sizes based on genome size 85mbp:
--
--            NG (bp)  LG (contigs)    sum (bp)
--         ----------  ------------  ----------
--     10    11351778             1    11351778
--     20    10265907             2    21617685
--     30     8983389             3    30601074
--     40     8440054             4    39041128
--     50     8052834             5    47093962
--     60     5895298             6    52989260
--     70     4628821             8    62480825
--     80     4376782            10    71295893
--     90     2920665            12    77485165
--    100      601707            18    85459904
--
-- Finished stage 'consensusLoad', reset canuIteration.
----------------------------------------
-- Starting command on Tue Jan 20 21:52:21 2026 with 4164130.046 GB free disk space

    cd .
    /share/org/YZWL/yzwl_lixg/miniforge3/envs/canu_v.2.3/bin/tgStoreDump \
      -S ./N11-7.seqStore \
      -T ./unitigging/N11-7.ctgStore 2 \
      -o ./N11-7.contigs \
      -layout \
    > ./N11-7.contigs.layout.err 2>&1

-- Finished on Tue Jan 20 21:52:21 2026 (like a bat out of hell) with 4164130.687 GB free disk space
----------------------------------------
----------------------------------------
-- Starting command on Tue Jan 20 21:52:21 2026 with 4164130.687 GB free disk space

    cd .
    /share/org/YZWL/yzwl_lixg/miniforge3/envs/canu_v.2.3/bin/tgStoreDump \
      -S ./N11-7.seqStore \
      -T ./unitigging/N11-7.ctgStore 2 \
      -consensus -fasta \
      -unassembled \
    > ./N11-7.unassembled.fasta
    2> ./N11-7.unassembled.err
ZERO length suplied to intervalList::add(), ignoring interval.
ZERO length suplied to intervalList::add(), ignoring interval.
ZERO length suplied to intervalList::add(), ignoring interval.
ZERO length suplied to intervalList::add(), ignoring interval.
ZERO length suplied to intervalList::add(), ignoring interval.
ZERO length suplied to intervalList::add(), ignoring interval.
ZERO length suplied to intervalList::add(), ignoring interval.
ZERO length suplied to intervalList::add(), ignoring interval.
ZERO length suplied to intervalList::add(), ignoring interval.
ZERO length suplied to intervalList::add(), ignoring interval.
ZERO length suplied to intervalList::add(), ignoring interval.
ZERO length suplied to intervalList::add(), ignoring interval.
ZERO length suplied to intervalList::add(), ignoring interval.
ZERO length suplied to intervalList::add(), ignoring interval.
ZERO length suplied to intervalList::add(), ignoring interval.

-- Finished on Tue Jan 20 21:52:23 2026 (2 seconds) with 4164130.375 GB free disk space
----------------------------------------
----------------------------------------
-- Starting command on Tue Jan 20 21:52:23 2026 with 4164130.375 GB free disk space

    cd .
    /share/org/YZWL/yzwl_lixg/miniforge3/envs/canu_v.2.3/bin/tgStoreDump \
      -S ./N11-7.seqStore \
      -T ./unitigging/N11-7.ctgStore 2 \
      -consensus -fasta \
      -contigs \
    > ./N11-7.contigs.fasta
    2> ./N11-7.contigs.err
ZERO length suplied to intervalList::add(), ignoring interval.
ZERO length suplied to intervalList::add(), ignoring interval.
ZERO length suplied to intervalList::add(), ignoring interval.
ZERO length suplied to intervalList::add(), ignoring interval.
ZERO length suplied to intervalList::add(), ignoring interval.
ZERO length suplied to intervalList::add(), ignoring interval.
ZERO length suplied to intervalList::add(), ignoring interval.
ZERO length suplied to intervalList::add(), ignoring interval.
ZERO length suplied to intervalList::add(), ignoring interval.
ZERO length suplied to intervalList::add(), ignoring interval.
ZERO length suplied to intervalList::add(), ignoring interval.
ZERO length suplied to intervalList::add(), ignoring interval.
ZERO length suplied to intervalList::add(), ignoring interval.
ZERO length suplied to intervalList::add(), ignoring interval.
ZERO length suplied to intervalList::add(), ignoring interval.

-- Finished on Tue Jan 20 21:52:24 2026 (one second) with 4164130.265 GB free disk space
----------------------------------------
-- Finished stage 'generateOutputs', reset canuIteration.
--
-- Assembly 'N11-7' finished in '/share/org/YZWL/yzwl_lixg/project/28.大豆疫霉菌三代基因组/03.hicanu/N11-7/01.raw_output'.
--
-- Summary saved in 'N11-7.report'.
--
-- Sequences saved:
--   Contigs       -> 'N11-7.contigs.fasta'
--   Unassembled   -> 'N11-7.unassembled.fasta'
--
-- Read layouts saved:
--   Contigs       -> 'N11-7.contigs.layout'.
--
-- Bye.

Job 68952730 stderr output:

