2026-01-30 15:05:54.699 - INFO - 开始KmerPAV流程|Starting KmerPAV pipeline
2026-01-30 15:05:54.699 - INFO - 生成FOF文件|Generating FOF file
2026-01-30 15:05:54.715 - INFO - 检测到双末端数据|Detected paired-end data: 181 samples
2026-01-30 15:05:56.935 - INFO - FOF文件已生成（双末端）|FOF file generated (paired-end): 01.kmer_db/input.fof
2026-01-30 15:05:56.935 - INFO - 运行kmtricks pipeline|Running kmtricks pipeline
2026-01-30 15:05:56.968 - INFO - 执行kmtricks pipeline|Executing kmtricks pipeline|执行kmtricks pipeline|Executing kmtricks pipeline
2026-01-30 15:12:27.936 - ERROR - 命令执行失败|Command execution failed: Command '['kmtricks', 'pipeline', '--file', '01.kmer_db/input.fof', '--run-dir', '01.kmer_db/kmtricks_run', '--kmer-size', '51', '--hard-min', '2', '--recurrence-min', '2', '--mode', 'kmer:pa:bin', '--cpr', '-t', '64']' returned non-zero exit status 6.
2026-01-30 15:12:27.936 - ERROR - STDERR: [2026-01-30 15:05:57.093] [info] Run with Kmer<64> - __uint128_t implementation
[2026-01-30 15:05:57.100] [info] Compute configuration...
[2026-01-30 15:05:57.100] [info] 181 samples found (362 read files).
[2026-01-30 15:07:08.511] [info] Use 3771 partitions.
[2026-01-30 15:07:11.604] [info] Compute minimizer repartition...
terminate called recursively
terminate called recursively
terminate called recursively
terminate called recursively
terminate called recursively
terminate called recursively
terminate called recursively
terminate called recursively
terminate called recursively
terminate called recursively
terminate called recursively
terminate called recursively
terminate called recursively
terminate called recursively
terminate called recursively
terminate called recursively
terminate called recursively
terminate called recursively
terminate called recursively
terminate called after throwing an instance of 'std::runtime_error'
terminate called recursively
terminate called recursively
terminate called recursively
terminate called recursively
terminate called recursively
terminate called recursively
terminate called recursively
  what():  Unable to open /share/org/YZWL/yzwl_lixg/project/21.野生大豆群体/05.所有样品/23.kmerGWAS_实验室流程/01.kmer_db/kmtricks_run/superkmers/DB102A/skp.2798
terminate called recursively
terminate called recursively
terminate called recursively
terminate called recursively
terminate called recursively
[2026-01-30 15:12:27.015] [error] Killed after receive Aborted:SIGABRT(6) signal. Demangled backtrace dumped at ./kmtricks_backtrace.log. If the problem persists, please open an issue with the return of 'kmtricks infos' and the content of ./kmtricks_backtrace.log
[2026-01-30 15:12:27.016] [error] Killed after receive Aborted:SIGABRT(6) signal. Demangled backtrace dumped at ./kmtricks_backtrace.log. If the problem persists, please open an issue with the return of 'kmtricks infos' and the content of ./kmtricks_backtrace.log

2026-01-30 15:12:27.936 - ERROR - kmtricks pipeline失败|kmtricks pipeline failed
2026-01-30 15:12:27.936 - ERROR - kmer数据库构建失败|kmer database building failed
