2026-01-26 16:42:33.931 - INFO - ================================================================================
2026-01-26 16:42:33.931 - INFO - 开始基因组组装流程|Starting Genome Assembly Pipeline
2026-01-26 16:42:33.931 - INFO - ================================================================================
2026-01-26 16:42:33.931 - INFO - 检查依赖软件|Checking dependencies
2026-01-26 16:42:34.189 - INFO - 组装配置|Assembly Configuration:
2026-01-26 16:42:34.189 - INFO -   样本名称|Sample Name: 41
2026-01-26 16:42:34.189 - INFO -   基因组大小|Genome Size: 85m
2026-01-26 16:42:34.189 - INFO -   倍性|Ploidy: 2
2026-01-26 16:42:34.189 - INFO -   线程数|Threads: 64
2026-01-26 16:42:34.189 - INFO -   HiFi数据|HiFi Data: /share/org/YZWL/yzwl_lixg/project/28.大豆疫霉菌三代基因组/05.过滤hifi数据后重新组装挂载/06.原始组装结果比对到二代数据/high_quality_reads.fq.gz
2026-01-26 16:42:34.189 - INFO -   组装模式|Assembly Mode: HiFi only
2026-01-26 16:42:34.189 - INFO -   工作目录|Work Directory: /share/org/YZWL/yzwl_lixg/project/28.大豆疫霉菌三代基因组/05.过滤hifi数据后重新组装挂载/06.原始组装结果比对到二代数据/02.hifiasm/41
2026-01-26 16:42:34.189 - INFO - ================================================================================
2026-01-26 16:42:34.189 - INFO - 断点续传模式|Resume mode: enabled
2026-01-26 16:42:34.189 - INFO - ================================================================================
2026-01-26 16:42:34.189 - INFO - 检查已完成步骤|Checking completed steps:
2026-01-26 16:42:34.189 - INFO -   [未完成|pending] Hifiasm组装|Hifiasm assembly
2026-01-26 16:42:34.189 - INFO -   [未完成|pending] GFA转FASTA|GFA to FASTA conversion
2026-01-26 16:42:34.189 - INFO -   [未完成|pending] Contig-reads映射生成|Contig-reads mapping generated
2026-01-26 16:42:34.189 - INFO - ================================================================================
2026-01-26 16:42:34.190 - INFO - 运行hifiasm组装(仅HiFi模式)|Running hifiasm assembly (HiFi only mode)
2026-01-26 16:42:34.190 - INFO - 执行命令|Executing command: hifiasm -o 41 -t 64 --hg-size 85m --n-hap 2 /share/org/YZWL/yzwl_lixg/project/28.大豆疫霉菌三代基因组/05.过滤hifi数据后重新组装挂载/06.原始组装结果比对到二代数据/high_quality_reads.fq.gz 2>&1|tee /share/org/YZWL/yzwl_lixg/project/28.大豆疫霉菌三代基因组/05.过滤hifi数据后重新组装挂载/06.原始组装结果比对到二代数据/02.hifiasm/41/03.logs/hifiasm_assembly.log
[M::ha_analyze_count] lowest: count[5] = 35147
[M::ha_analyze_count] highest: count[15] = 5911276
[M::ha_hist_line]     2: ** 136511
[M::ha_hist_line]     3: * 58767
[M::ha_hist_line]     4: * 38524
[M::ha_hist_line]     5: * 35147
[M::ha_hist_line]     6: * 55200
[M::ha_hist_line]     7: ** 120822
[M::ha_hist_line]     8: ***** 293994
[M::ha_hist_line]     9: *********** 678837
[M::ha_hist_line]    10: ************************** 1519715
[M::ha_hist_line]    11: ****************************************** 2488266
[M::ha_hist_line]    12: **************************************************************** 3792522
[M::ha_hist_line]    13: ************************************************************************************ 4976018
[M::ha_hist_line]    14: ************************************************************************************************* 5705143
[M::ha_hist_line]    15: **************************************************************************************************** 5911276
[M::ha_hist_line]    16: ******************************************************************************************* 5356010
[M::ha_hist_line]    17: ***************************************************************************** 4573941
[M::ha_hist_line]    18: *********************************************************** 3486554
[M::ha_hist_line]    19: ******************************************* 2530514
[M::ha_hist_line]    20: ***************************** 1689577
[M::ha_hist_line]    21: ****************** 1085014
[M::ha_hist_line]    22: ************ 697041
[M::ha_hist_line]    23: ******* 417250
[M::ha_hist_line]    24: ***** 279506
[M::ha_hist_line]    25: *** 205212
[M::ha_hist_line]    26: *** 184596
[M::ha_hist_line]    27: *** 185176
[M::ha_hist_line]    28: *** 184150
[M::ha_hist_line]    29: *** 196577
[M::ha_hist_line]    30: **** 211380
[M::ha_hist_line]    31: *** 199318
[M::ha_hist_line]    32: *** 180620
[M::ha_hist_line]    33: *** 154048
[M::ha_hist_line]    34: ** 131202
[M::ha_hist_line]    35: ** 107964
[M::ha_hist_line]    36: * 86406
[M::ha_hist_line]    37: * 69893
[M::ha_hist_line]    38: * 59060
[M::ha_hist_line]    39: * 51625
[M::ha_hist_line]    40: * 51243
[M::ha_hist_line]    41: * 47207
[M::ha_hist_line]    42: * 46478
[M::ha_hist_line]    43: * 46247
[M::ha_hist_line]    44: * 45545
[M::ha_hist_line]    45: * 44433
[M::ha_hist_line]    46: * 39888
[M::ha_hist_line]    47: * 35426
[M::ha_hist_line]    48: * 36442
[M::ha_hist_line]    49: * 34453
[M::ha_hist_line]    50: * 31193
[M::ha_hist_line]  rest: ******************* 1135539
[M::ha_analyze_count] left: none
[M::ha_analyze_count] right: none
[M::ha_ft_gen] peak_hom: 15; peak_het: -1
[M::ha_ct_shrink::17.874*7.51] ==> counted 719949 distinct minimizer k-mers
[M::ha_ft_gen::18.050*7.44@17.209GB] ==> filtered out 719949 k-mers occurring 75 or more times
[M::ha_opt_update_cov] updated max_n_chain to 100
[M::yak_count] collected 37225501 minimizers
[M::ha_pt_gen::30.536*6.31] ==> counted 2750383 distinct minimizer k-mers
[M::ha_pt_gen] count[4095] = 0 (for sanity check)
[M::ha_analyze_count] lowest: count[5] = 3325
[M::ha_analyze_count] highest: count[15] = 249012
[M::ha_hist_line]     1: ****************************************************************************************************> 591552
[M::ha_hist_line]     2: ******** 20988
[M::ha_hist_line]     3: *** 6834
[M::ha_hist_line]     4: ** 4152
[M::ha_hist_line]     5: * 3325
[M::ha_hist_line]     6: ** 3942
[M::ha_hist_line]     7: *** 7505
[M::ha_hist_line]     8: ****** 14755
[M::ha_hist_line]     9: ************* 31970
[M::ha_hist_line]    10: *************************** 67668
[M::ha_hist_line]    11: ******************************************** 108935
[M::ha_hist_line]    12: ****************************************************************** 163653
[M::ha_hist_line]    13: ************************************************************************************* 212473
[M::ha_hist_line]    14: ************************************************************************************************* 241731
[M::ha_hist_line]    15: **************************************************************************************************** 249012
[M::ha_hist_line]    16: ****************************************************************************************** 224261
[M::ha_hist_line]    17: ***************************************************************************** 190898
[M::ha_hist_line]    18: ********************************************************** 145655
[M::ha_hist_line]    19: ******************************************* 105846
[M::ha_hist_line]    20: **************************** 70817
[M::ha_hist_line]    21: ******************* 46271
[M::ha_hist_line]    22: ************ 29676
[M::ha_hist_line]    23: ******* 18541
[M::ha_hist_line]    24: ***** 12973
[M::ha_hist_line]    25: **** 10078
[M::ha_hist_line]    26: **** 9480
[M::ha_hist_line]    27: **** 9698
[M::ha_hist_line]    28: **** 9519
[M::ha_hist_line]    29: **** 10364
[M::ha_hist_line]    30: **** 10603
[M::ha_hist_line]    31: **** 10164
[M::ha_hist_line]    32: **** 9155
[M::ha_hist_line]    33: *** 8094
[M::ha_hist_line]    34: *** 6717
[M::ha_hist_line]    35: ** 5811
[M::ha_hist_line]    36: ** 4870
[M::ha_hist_line]    37: ** 3912
[M::ha_hist_line]    38: * 3603
[M::ha_hist_line]    39: * 3067
[M::ha_hist_line]    40: * 3088
[M::ha_hist_line]    41: * 2795
[M::ha_hist_line]    42: * 2956
[M::ha_hist_line]    43: * 2793
[M::ha_hist_line]    44: * 2782
[M::ha_hist_line]    45: * 2781
[M::ha_hist_line]    46: * 2576
[M::ha_hist_line]    47: * 2420
[M::ha_hist_line]    48: * 2443
[M::ha_hist_line]    49: * 2251
[M::ha_hist_line]    50: * 2136
[M::ha_hist_line]    51: * 1889
[M::ha_hist_line]    52: * 1798
[M::ha_hist_line]    53: * 1660
[M::ha_hist_line]    54: * 1562
[M::ha_hist_line]    55: * 1406
[M::ha_hist_line]    56: * 1433
[M::ha_hist_line]    57: * 1401
[M::ha_hist_line]    58: * 1389
[M::ha_hist_line]    59: * 1298
[M::ha_hist_line]    60: * 1264
[M::ha_hist_line]    61: * 1281
[M::ha_hist_line]    62: * 1285
[M::ha_hist_line]  rest: ****** 15128
[M::ha_analyze_count] left: none
[M::ha_analyze_count] right: none
[M::ha_pt_gen] peak_hom: 15; peak_het: -1
[M::ha_ct_shrink::30.547*6.31] ==> counted 2158831 distinct minimizer k-mers
[M::ha_pt_gen::] counting in normal mode
[M::yak_count] collected 37225501 minimizers
[M::ha_pt_gen::32.574*7.42] ==> indexed 36633949 positions, counted 2158831 distinct minimizer k-mers
[M::pec::19.372] # bases: 1323585770; # corrected bases: 2491656
[M::pec::0.097] # exact o: 1388779; # non-exact o: 142367
[M::ha_assemble::52.151*27.89@17.209GB] ==> corrected reads for round 1
[M::ha_assemble] # bases: 1323585770; # corrected bases: 2491656
[M::yak_count] collected 37049939 minimizers
[M::ha_pt_gen::53.896*27.86] ==> counted 2155880 distinct minimizer k-mers
[M::ha_pt_gen] count[4095] = 0 (for sanity check)
[M::ha_analyze_count] lowest: count[5] = 2400
[M::ha_analyze_count] highest: count[15] = 250803
[M::ha_hist_line]     1: ********* 22797
[M::ha_hist_line]     2: * 3161
[M::ha_hist_line]     3: * 2903
[M::ha_hist_line]     4: * 2531
[M::ha_hist_line]     5: * 2400
[M::ha_hist_line]     6: * 3253
[M::ha_hist_line]     7: ** 6208
[M::ha_hist_line]     8: ***** 12401
[M::ha_hist_line]     9: *********** 26887
[M::ha_hist_line]    10: ************************ 61393
[M::ha_hist_line]    11: **************************************** 99619
[M::ha_hist_line]    12: ************************************************************* 154214
[M::ha_hist_line]    13: ********************************************************************************** 205049
[M::ha_hist_line]    14: ********************************************************************************************** 236273
[M::ha_hist_line]    15: **************************************************************************************************** 250803
[M::ha_hist_line]    16: ******************************************************************************************* 228977
[M::ha_hist_line]    17: ******************************************************************************* 198230
[M::ha_hist_line]    18: ************************************************************* 152623
[M::ha_hist_line]    19: ********************************************* 113077
[M::ha_hist_line]    20: ****************************** 76170
[M::ha_hist_line]    21: ******************** 50481
[M::ha_hist_line]    22: ************* 32556
[M::ha_hist_line]    23: ******** 19797
[M::ha_hist_line]    24: ***** 13784
[M::ha_hist_line]    25: **** 10168
[M::ha_hist_line]    26: **** 9312
[M::ha_hist_line]    27: **** 9648
[M::ha_hist_line]    28: **** 9279
[M::ha_hist_line]    29: **** 10004
[M::ha_hist_line]    30: **** 10579
[M::ha_hist_line]    31: **** 10302
[M::ha_hist_line]    32: **** 9723
[M::ha_hist_line]    33: *** 8315
[M::ha_hist_line]    34: *** 7323
[M::ha_hist_line]    35: ** 6097
[M::ha_hist_line]    36: ** 5089
[M::ha_hist_line]    37: ** 4161
[M::ha_hist_line]    38: ** 3777
[M::ha_hist_line]    39: * 3145
[M::ha_hist_line]    40: * 3128
[M::ha_hist_line]    41: * 2766
[M::ha_hist_line]    42: * 2974
[M::ha_hist_line]    43: * 2661
[M::ha_hist_line]    44: * 2836
[M::ha_hist_line]    45: * 2797
[M::ha_hist_line]    46: * 2611
[M::ha_hist_line]    47: * 2316
[M::ha_hist_line]    48: * 2479
[M::ha_hist_line]    49: * 2410
[M::ha_hist_line]    50: * 2222
[M::ha_hist_line]    51: * 1939
[M::ha_hist_line]    52: * 1869
[M::ha_hist_line]    53: * 1775
[M::ha_hist_line]    54: * 1563
[M::ha_hist_line]    55: * 1447
[M::ha_hist_line]    56: * 1476
[M::ha_hist_line]    57: * 1353
[M::ha_hist_line]    58: * 1461
[M::ha_hist_line]    59: * 1333
[M::ha_hist_line]  rest: ******** 19955
[M::ha_analyze_count] left: none
[M::ha_analyze_count] right: none
[M::ha_pt_gen] peak_hom: 15; peak_het: -1
[M::ha_ct_shrink::53.903*27.86] ==> counted 2133083 distinct minimizer k-mers
[M::ha_pt_gen::] counting in normal mode
[M::yak_count] collected 37049939 minimizers
[M::ha_pt_gen::56.047*27.65] ==> indexed 37027142 positions, counted 2133083 distinct minimizer k-mers
[M::pec::12.982] # bases: 1323594307; # corrected bases: 33297
[M::pec::0.105] # exact o: 1643303; # non-exact o: 79468
[M::ha_assemble::69.188*34.30@17.209GB] ==> corrected reads for round 2
[M::ha_assemble] # bases: 1323594307; # corrected bases: 33297
[M::yak_count] collected 37030062 minimizers
[M::ha_pt_gen::70.934*34.10] ==> counted 2137107 distinct minimizer k-mers
[M::ha_pt_gen] count[4095] = 0 (for sanity check)
[M::ha_analyze_count] lowest: count[5] = 2407
[M::ha_analyze_count] highest: count[15] = 250817
[M::ha_hist_line]     1: ** 5911
[M::ha_hist_line]     2: * 1677
[M::ha_hist_line]     3: * 2575
[M::ha_hist_line]     4: * 2260
[M::ha_hist_line]     5: * 2407
[M::ha_hist_line]     6: * 3260
[M::ha_hist_line]     7: ** 6250
[M::ha_hist_line]     8: ***** 12542
[M::ha_hist_line]     9: *********** 26913
[M::ha_hist_line]    10: ************************ 61357
[M::ha_hist_line]    11: **************************************** 99577
[M::ha_hist_line]    12: ************************************************************* 154240
[M::ha_hist_line]    13: ********************************************************************************** 205058
[M::ha_hist_line]    14: ********************************************************************************************** 236245
[M::ha_hist_line]    15: **************************************************************************************************** 250817
[M::ha_hist_line]    16: ******************************************************************************************* 228950
[M::ha_hist_line]    17: ******************************************************************************* 198247
[M::ha_hist_line]    18: ************************************************************* 152739
[M::ha_hist_line]    19: ********************************************* 113016
[M::ha_hist_line]    20: ****************************** 76220
[M::ha_hist_line]    21: ******************** 50452
[M::ha_hist_line]    22: ************* 32617
[M::ha_hist_line]    23: ******** 19845
[M::ha_hist_line]    24: ***** 13766
[M::ha_hist_line]    25: **** 10249
[M::ha_hist_line]    26: **** 9242
[M::ha_hist_line]    27: **** 9630
[M::ha_hist_line]    28: **** 9279
[M::ha_hist_line]    29: **** 10023
[M::ha_hist_line]    30: **** 10570
[M::ha_hist_line]    31: **** 10348
[M::ha_hist_line]    32: **** 9604
[M::ha_hist_line]    33: *** 8347
[M::ha_hist_line]    34: *** 7265
[M::ha_hist_line]    35: ** 6118
[M::ha_hist_line]    36: ** 5035
[M::ha_hist_line]    37: ** 4123
[M::ha_hist_line]    38: ** 3820
[M::ha_hist_line]    39: * 3107
[M::ha_hist_line]    40: * 3149
[M::ha_hist_line]    41: * 2827
[M::ha_hist_line]    42: * 2929
[M::ha_hist_line]    43: * 2654
[M::ha_hist_line]    44: * 2844
[M::ha_hist_line]    45: * 2787
[M::ha_hist_line]    46: * 2610
[M::ha_hist_line]    47: * 2345
[M::ha_hist_line]    48: * 2494
[M::ha_hist_line]    49: * 2383
[M::ha_hist_line]    50: * 2207
[M::ha_hist_line]    51: * 1970
[M::ha_hist_line]    52: * 1849
[M::ha_hist_line]    53: * 1748
[M::ha_hist_line]    54: * 1566
[M::ha_hist_line]    55: * 1462
[M::ha_hist_line]    56: * 1439
[M::ha_hist_line]    57: * 1370
[M::ha_hist_line]    58: * 1431
[M::ha_hist_line]    59: * 1347
[M::ha_hist_line]    60: * 1258
[M::ha_hist_line]  rest: ******* 18737
[M::ha_analyze_count] left: none
[M::ha_analyze_count] right: none
[M::ha_pt_gen] peak_hom: 15; peak_het: -1
[M::ha_ct_shrink::70.940*34.10] ==> counted 2131196 distinct minimizer k-mers
[M::ha_pt_gen::] counting in normal mode
[M::yak_count] collected 37030062 minimizers
[M::ha_pt_gen::72.996*33.80] ==> indexed 37024151 positions, counted 2131196 distinct minimizer k-mers
[M::pec::12.165] # bases: 1323600594; # corrected bases: 4377
[M::pec::0.085] # exact o: 1712819; # non-exact o: 49496
[M::ha_assemble::85.261*37.86@17.209GB] ==> corrected reads for round 3
[M::ha_assemble] # bases: 1323600594; # corrected bases: 4377
[M::yak_count] collected 37027492 minimizers
[M::ha_pt_gen::86.965*37.65] ==> counted 2134382 distinct minimizer k-mers
[M::ha_pt_gen] count[4095] = 0 (for sanity check)
[M::ha_analyze_count] lowest: count[5] = 2387
[M::ha_analyze_count] highest: count[15] = 250824
[M::ha_hist_line]     1: * 3331
[M::ha_hist_line]     2: * 1552
[M::ha_hist_line]     3: * 2555
[M::ha_hist_line]     4: * 2271
[M::ha_hist_line]     5: * 2387
[M::ha_hist_line]     6: * 3273
[M::ha_hist_line]     7: ** 6246
[M::ha_hist_line]     8: ***** 12531
[M::ha_hist_line]     9: *********** 26919
[M::ha_hist_line]    10: ************************ 61362
[M::ha_hist_line]    11: **************************************** 99583
[M::ha_hist_line]    12: ************************************************************* 154221
[M::ha_hist_line]    13: ********************************************************************************** 205065
[M::ha_hist_line]    14: ********************************************************************************************** 236237
[M::ha_hist_line]    15: **************************************************************************************************** 250824
[M::ha_hist_line]    16: ******************************************************************************************* 228955
[M::ha_hist_line]    17: ******************************************************************************* 198252
[M::ha_hist_line]    18: ************************************************************* 152737
[M::ha_hist_line]    19: ********************************************* 113026
[M::ha_hist_line]    20: ****************************** 76207
[M::ha_hist_line]    21: ******************** 50454
[M::ha_hist_line]    22: ************* 32618
[M::ha_hist_line]    23: ******** 19848
[M::ha_hist_line]    24: ***** 13767
[M::ha_hist_line]    25: **** 10246
[M::ha_hist_line]    26: **** 9232
[M::ha_hist_line]    27: **** 9637
[M::ha_hist_line]    28: **** 9285
[M::ha_hist_line]    29: **** 10024
[M::ha_hist_line]    30: **** 10565
[M::ha_hist_line]    31: **** 10346
[M::ha_hist_line]    32: **** 9605
[M::ha_hist_line]    33: *** 8347
[M::ha_hist_line]    34: *** 7265
[M::ha_hist_line]    35: ** 6128
[M::ha_hist_line]    36: ** 5033
[M::ha_hist_line]    37: ** 4116
[M::ha_hist_line]    38: ** 3817
[M::ha_hist_line]    39: * 3130
[M::ha_hist_line]    40: * 3132
[M::ha_hist_line]    41: * 2823
[M::ha_hist_line]    42: * 2925
[M::ha_hist_line]    43: * 2653
[M::ha_hist_line]    44: * 2849
[M::ha_hist_line]    45: * 2787
[M::ha_hist_line]    46: * 2610
[M::ha_hist_line]    47: * 2346
[M::ha_hist_line]    48: * 2493
[M::ha_hist_line]    49: * 2384
[M::ha_hist_line]    50: * 2208
[M::ha_hist_line]    51: * 1968
[M::ha_hist_line]    52: * 1848
[M::ha_hist_line]    53: * 1749
[M::ha_hist_line]    54: * 1565
[M::ha_hist_line]    55: * 1463
[M::ha_hist_line]    56: * 1440
[M::ha_hist_line]    57: * 1368
[M::ha_hist_line]    58: * 1433
[M::ha_hist_line]    59: * 1347
[M::ha_hist_line]  rest: ******** 19994
[M::ha_analyze_count] left: none
[M::ha_analyze_count] right: none
[M::ha_pt_gen] peak_hom: 15; peak_het: -1
[M::ha_ct_shrink::86.970*37.65] ==> counted 2131051 distinct minimizer k-mers
[M::ha_pt_gen::] counting in normal mode
[M::yak_count] collected 37027492 minimizers
[M::ha_pt_gen::89.107*37.29] ==> indexed 37024161 positions, counted 2131051 distinct minimizer k-mers
[M::ha_print_ovlp_stat_0] # overlaps: 1765470
[M::ha_print_ovlp_stat_0] # strong overlaps: 386099
[M::ha_print_ovlp_stat_0] # weak overlaps: 1379371
[M::ha_print_ovlp_stat_0] # exact overlaps: 1718267
[M::ha_print_ovlp_stat_0] # inexact overlaps: 47203
[M::ha_print_ovlp_stat_0] # overlaps without large indels: 1735822
[M::ha_print_ovlp_stat_0] # reverse overlaps: 292044
[M::ha_print_ovlp_stat_0] # running time: 4.893
[M::ha_assemble::94.037*38.08@17.209GB] ==> found overlaps for the final round
[M::ha_opt_update_cov_min] updated max_n_chain to 100
Writing reads to disk... 
Reads has been written.
Writing ma_hit_ts to disk... 
ma_hit_ts has been written.
Writing ma_hit_ts to disk... 
ma_hit_ts has been written.
bin files have been written.
[M::purge_dups] homozygous read coverage threshold: 28
[M::purge_dups] purge duplication coverage threshold: 35
[M::ug_ext_gfa::] # tips::7
Writing raw unitig GFA to disk... 
Writing processed unitig GFA to disk... 
[M::purge_dups] homozygous read coverage threshold: 28
[M::purge_dups] purge duplication coverage threshold: 35
[M::mc_solve:: # edges: 50]
[M::mc_solve_core_adv::0.007] ==> Partition
[M::adjust_utg_by_primary] primary contig coverage range: [23, infinity]
Writing 41.bp.p_ctg.gfa to disk... 
[M::reduce_hamming_error_adv::0.005] # inserted edges: 0, # fixed bubbles: 0
[M::adjust_utg_by_trio] primary contig coverage range: [23, infinity]
[M::recall_arcs] # transitive arcs::18
[M::recall_arcs] # new arcs::248, # old arcs::150
[M::clean_trio_untig_graph] # adjusted arcs::0
[M::adjust_utg_by_trio] primary contig coverage range: [23, infinity]
[M::recall_arcs] # transitive arcs::22
[M::recall_arcs] # new arcs::244, # old arcs::156
[M::clean_trio_untig_graph] # adjusted arcs::0
[M::output_trio_graph_joint] dedup_base::2601877, miss_base::0
Writing 41.bp.hap1.p_ctg.gfa to disk... 
Writing 41.bp.hap2.p_ctg.gfa to disk... 
Inconsistency threshold for low-quality regions in BED files: 70%
[M::main] Version: 0.25.0-r726
[M::main] CMD: hifiasm -o 41 -t 64 --hg-size 85m --n-hap 2 /share/org/YZWL/yzwl_lixg/project/28.大豆疫霉菌三代基因组/05.过滤hifi数据后重新组装挂载/06.原始组装结果比对到二代数据/high_quality_reads.fq.gz
[M::main] Real time: 101.559 sec; CPU: 3590.208 sec; Peak RSS: 17.209 GB
2026-01-26 16:44:15.857 - INFO - 命令执行成功|Command executed successfully
2026-01-26 16:44:15.857 - INFO - 组装完成(HiFi only)|Assembly completed(HiFi only)
2026-01-26 16:44:15.857 - INFO - 转换GFA为FASTA格式|Converting GFA to FASTA format
2026-01-26 16:44:15.857 - INFO - 转换|Converting: 41.bp.hap1.p_ctg.gfa -> 41.hap1.fa
2026-01-26 16:44:15.857 - INFO - 执行命令|Executing command: awk '/^S/{print ">"$2; print $3}' /share/org/YZWL/yzwl_lixg/project/28.大豆疫霉菌三代基因组/05.过滤hifi数据后重新组装挂载/06.原始组装结果比对到二代数据/02.hifiasm/41/01.raw_output/41.bp.hap1.p_ctg.gfa | seqkit seq -w 60 - > /share/org/YZWL/yzwl_lixg/project/28.大豆疫霉菌三代基因组/05.过滤hifi数据后重新组装挂载/06.原始组装结果比对到二代数据/02.hifiasm/41/02.fasta/41.hap1.fa
2026-01-26 16:44:16.056 - INFO - 命令执行成功|Command executed successfully
2026-01-26 16:44:16.637 - INFO - 转换成功|Successfully converted: 41.hap1.fa
2026-01-26 16:44:16.637 - INFO - 序列数|Sequences: 22
2026-01-26 16:44:16.637 - INFO - 总长度|Total length: 61,866,721 bp
2026-01-26 16:44:16.637 - INFO - 转换|Converting: 41.bp.hap2.p_ctg.gfa -> 41.hap2.fa
2026-01-26 16:44:16.637 - INFO - 执行命令|Executing command: awk '/^S/{print ">"$2; print $3}' /share/org/YZWL/yzwl_lixg/project/28.大豆疫霉菌三代基因组/05.过滤hifi数据后重新组装挂载/06.原始组装结果比对到二代数据/02.hifiasm/41/01.raw_output/41.bp.hap2.p_ctg.gfa | seqkit seq -w 60 - > /share/org/YZWL/yzwl_lixg/project/28.大豆疫霉菌三代基因组/05.过滤hifi数据后重新组装挂载/06.原始组装结果比对到二代数据/02.hifiasm/41/02.fasta/41.hap2.fa
2026-01-26 16:44:16.783 - INFO - 命令执行成功|Command executed successfully
2026-01-26 16:44:17.306 - INFO - 转换成功|Successfully converted: 41.hap2.fa
2026-01-26 16:44:17.306 - INFO - 序列数|Sequences: 17
2026-01-26 16:44:17.306 - INFO - 总长度|Total length: 49,712,388 bp
2026-01-26 16:44:17.306 - INFO - 转换|Converting: 41.bp.p_ctg.gfa -> 41.primary.fa
2026-01-26 16:44:17.306 - INFO - 执行命令|Executing command: awk '/^S/{print ">"$2; print $3}' /share/org/YZWL/yzwl_lixg/project/28.大豆疫霉菌三代基因组/05.过滤hifi数据后重新组装挂载/06.原始组装结果比对到二代数据/02.hifiasm/41/01.raw_output/41.bp.p_ctg.gfa | seqkit seq -w 60 - > /share/org/YZWL/yzwl_lixg/project/28.大豆疫霉菌三代基因组/05.过滤hifi数据后重新组装挂载/06.原始组装结果比对到二代数据/02.hifiasm/41/02.fasta/41.primary.fa
2026-01-26 16:44:17.515 - INFO - 命令执行成功|Command executed successfully
2026-01-26 16:44:18.335 - INFO - 转换成功|Successfully converted: 41.primary.fa
2026-01-26 16:44:18.335 - INFO - 序列数|Sequences: 20
2026-01-26 16:44:18.335 - INFO - 总长度|Total length: 84,987,602 bp
2026-01-26 16:44:18.335 - WARNING - 文件不存在|File not found: 41.bp.a_ctg.gfa
2026-01-26 16:44:18.335 - INFO - ============================================================
2026-01-26 16:44:18.335 - INFO - 生成Contig-Reads映射|Generating Contig-Reads mapping
2026-01-26 16:44:18.335 - INFO - ============================================================
2026-01-26 16:44:18.335 - INFO - 处理|Processing: 41.bp.p_ctg.gfa
2026-01-26 16:44:18.335 - INFO - ============================================================
2026-01-26 16:44:18.335 - INFO - 生成Contig-Reads映射文件|Generating Contig-Reads mapping file
2026-01-26 16:44:18.335 - INFO - ============================================================
2026-01-26 16:44:18.335 - INFO - 解析GFA文件|Parsing GFA file: /share/org/YZWL/yzwl_lixg/project/28.大豆疫霉菌三代基因组/05.过滤hifi数据后重新组装挂载/06.原始组装结果比对到二代数据/02.hifiasm/41/01.raw_output/41.bp.p_ctg.gfa
2026-01-26 16:44:19.196 - INFO -   共处理|Total alignments processed: 44,688
2026-01-26 16:44:19.196 - INFO -   共发现|Total contigs found: 20
2026-01-26 16:44:19.196 - INFO - 写入映射文件|Writing mapping file: /share/org/YZWL/yzwl_lixg/project/28.大豆疫霉菌三代基因组/05.过滤hifi数据后重新组装挂载/06.原始组装结果比对到二代数据/02.hifiasm/41/02.fasta/bp.p_ctg.contig_reads.tsv
2026-01-26 16:44:19.203 - INFO - 映射统计|Mapping statistics:
2026-01-26 16:44:19.203 - INFO -   总contig数|Total contigs: 20
2026-01-26 16:44:19.203 - INFO -   平均reads数/contig|Avg reads/contig: 2234.4
2026-01-26 16:44:19.203 - INFO -   最少reads数|Min reads: 4
2026-01-26 16:44:19.203 - INFO -   最多reads数|Max reads: 6,531
2026-01-26 16:44:19.203 - INFO -   输出文件|Output file: /share/org/YZWL/yzwl_lixg/project/28.大豆疫霉菌三代基因组/05.过滤hifi数据后重新组装挂载/06.原始组装结果比对到二代数据/02.hifiasm/41/02.fasta/bp.p_ctg.contig_reads.tsv
2026-01-26 16:44:19.203 - INFO - ============================================================
2026-01-26 16:44:19.203 - INFO - Contig-Reads映射文件生成完成|Contig-Reads mapping file generated successfully
2026-01-26 16:44:19.203 - INFO - ============================================================
2026-01-26 16:44:19.204 - INFO - 处理|Processing: 41.bp.hap1.p_ctg.gfa
2026-01-26 16:44:19.204 - INFO - ============================================================
2026-01-26 16:44:19.204 - INFO - 生成Contig-Reads映射文件|Generating Contig-Reads mapping file
2026-01-26 16:44:19.204 - INFO - ============================================================
2026-01-26 16:44:19.204 - INFO - 解析GFA文件|Parsing GFA file: /share/org/YZWL/yzwl_lixg/project/28.大豆疫霉菌三代基因组/05.过滤hifi数据后重新组装挂载/06.原始组装结果比对到二代数据/02.hifiasm/41/01.raw_output/41.bp.hap1.p_ctg.gfa
2026-01-26 16:44:19.710 - INFO -   共处理|Total alignments processed: 32,444
2026-01-26 16:44:19.710 - INFO -   共发现|Total contigs found: 22
2026-01-26 16:44:19.710 - INFO - 写入映射文件|Writing mapping file: /share/org/YZWL/yzwl_lixg/project/28.大豆疫霉菌三代基因组/05.过滤hifi数据后重新组装挂载/06.原始组装结果比对到二代数据/02.hifiasm/41/02.fasta/bp.hap1.p_ctg.contig_reads.tsv
2026-01-26 16:44:19.715 - INFO - 映射统计|Mapping statistics:
2026-01-26 16:44:19.715 - INFO -   总contig数|Total contigs: 22
2026-01-26 16:44:19.715 - INFO -   平均reads数/contig|Avg reads/contig: 1474.7
2026-01-26 16:44:19.715 - INFO -   最少reads数|Min reads: 4
2026-01-26 16:44:19.715 - INFO -   最多reads数|Max reads: 6,045
2026-01-26 16:44:19.715 - INFO -   输出文件|Output file: /share/org/YZWL/yzwl_lixg/project/28.大豆疫霉菌三代基因组/05.过滤hifi数据后重新组装挂载/06.原始组装结果比对到二代数据/02.hifiasm/41/02.fasta/bp.hap1.p_ctg.contig_reads.tsv
2026-01-26 16:44:19.715 - INFO - ============================================================
2026-01-26 16:44:19.715 - INFO - Contig-Reads映射文件生成完成|Contig-Reads mapping file generated successfully
2026-01-26 16:44:19.715 - INFO - ============================================================
2026-01-26 16:44:19.716 - INFO - 处理|Processing: 41.bp.hap2.p_ctg.gfa
2026-01-26 16:44:19.716 - INFO - ============================================================
2026-01-26 16:44:19.716 - INFO - 生成Contig-Reads映射文件|Generating Contig-Reads mapping file
2026-01-26 16:44:19.716 - INFO - ============================================================
2026-01-26 16:44:19.716 - INFO - 解析GFA文件|Parsing GFA file: /share/org/YZWL/yzwl_lixg/project/28.大豆疫霉菌三代基因组/05.过滤hifi数据后重新组装挂载/06.原始组装结果比对到二代数据/02.hifiasm/41/01.raw_output/41.bp.hap2.p_ctg.gfa
2026-01-26 16:44:20.203 - INFO -   共处理|Total alignments processed: 26,123
2026-01-26 16:44:20.204 - INFO -   共发现|Total contigs found: 17
2026-01-26 16:44:20.204 - INFO - 写入映射文件|Writing mapping file: /share/org/YZWL/yzwl_lixg/project/28.大豆疫霉菌三代基因组/05.过滤hifi数据后重新组装挂载/06.原始组装结果比对到二代数据/02.hifiasm/41/02.fasta/bp.hap2.p_ctg.contig_reads.tsv
2026-01-26 16:44:20.207 - INFO - 映射统计|Mapping statistics:
2026-01-26 16:44:20.207 - INFO -   总contig数|Total contigs: 17
2026-01-26 16:44:20.207 - INFO -   平均reads数/contig|Avg reads/contig: 1536.6
2026-01-26 16:44:20.207 - INFO -   最少reads数|Min reads: 7
2026-01-26 16:44:20.207 - INFO -   最多reads数|Max reads: 6,022
2026-01-26 16:44:20.207 - INFO -   输出文件|Output file: /share/org/YZWL/yzwl_lixg/project/28.大豆疫霉菌三代基因组/05.过滤hifi数据后重新组装挂载/06.原始组装结果比对到二代数据/02.hifiasm/41/02.fasta/bp.hap2.p_ctg.contig_reads.tsv
2026-01-26 16:44:20.207 - INFO - ============================================================
2026-01-26 16:44:20.207 - INFO - Contig-Reads映射文件生成完成|Contig-Reads mapping file generated successfully
2026-01-26 16:44:20.207 - INFO - ============================================================
2026-01-26 16:44:20.208 - INFO - 成功处理|Successfully processed: 3/3 个文件
2026-01-26 16:44:20.208 - INFO - ============================================================
2026-01-26 16:44:20.827 - INFO -  统计报告已生成|Statistics report generated: /share/org/YZWL/yzwl_lixg/project/28.大豆疫霉菌三代基因组/05.过滤hifi数据后重新组装挂载/06.原始组装结果比对到二代数据/02.hifiasm/41/04.statistics/41_assembly_statistics.txt
2026-01-26 16:44:20.827 - INFO - ================================================================================
2026-01-26 16:44:20.827 - INFO - 组装流程完成|Assembly Pipeline Completed
2026-01-26 16:44:20.827 - INFO - ================================================================================
2026-01-26 16:44:20.827 - INFO - 总耗时|Total Duration: 106 秒
2026-01-26 16:44:20.827 - INFO - 生成FASTA文件|Generated FASTA files: 3
2026-01-26 16:44:20.827 - INFO - 输出文件结构|Output File Structure:
2026-01-26 16:44:20.827 - INFO - 
 /share/org/YZWL/yzwl_lixg/project/28.大豆疫霉菌三代基因组/05.过滤hifi数据后重新组装挂载/06.原始组装结果比对到二代数据/02.hifiasm/41/
   │
   ├──  01.raw_output/     (原始输出文件|Raw output files)
   │   ├──  41.bp.hap1.p_ctg.gfa
   │   ├──  41.bp.hap2.p_ctg.gfa
   │   ├──  41.bp.p_ctg.gfa
   │   ├──  41.bp.a_ctg.gfa (如果存在|if present)
   │   └──  其他中间文件|Other intermediate files
   │
   ├──  02.fasta/          (FASTA格式|FASTA format)
   │   ├──  41.hap1.fa
   │   ├──  41.hap2.fa
   │   ├──  41.primary.fa
   │   ├──  41.alternate.fa
   │   ├──  41.p_ctg.contig_reads.tsv (contig-reads映射|contig-reads mapping)
   │   ├──  41.hap1.p_ctg.contig_reads.tsv
   │   └──  41.hap2.p_ctg.contig_reads.tsv
   │
   ├──  03.logs/           (日志文件|Log files)
   │   └──  hifiasm_assembly.log
   │
   └──  04.statistics/     (统计信息|Statistics)
       └──  41_assembly_statistics.txt
        
2026-01-26 16:44:20.827 - INFO -  下一步建议|Next Steps:
2026-01-26 16:44:20.827 - INFO -    1. 查看统计报告|1. View statistics report
2026-01-26 16:44:20.827 - INFO -    2. 检查组装质量|2. Check assembly quality (QUAST/BUSCO)
2026-01-26 16:44:20.827 - INFO -    3. 可视化组装|3. Visualize assembly (Bandage)
2026-01-26 16:44:20.827 - INFO -    4. 查看contig-reads映射|4. View contig-reads mapping
