Usage: biopytools ragtag [OPTIONS]
Try 'biopytools ragtag -h' for help.

Error: Invalid value for '-q' / '--query': 文件不存在|File does not exist: /share/org/YZWL/yzwl_lixg/project/28.大豆疫霉菌三代基因组/02.hifiasm/N3-3/02.fasta/N3-3.primary.fa
Usage: biopytools genomesyn [OPTIONS]
Try 'biopytools genomesyn -h' for help.

Error: Invalid value for '-i' / '--ref': Path '04.ragtag/N3-3/hifiasm/N3-3_RagTag_scaffolded.fa' does not exist.
2026-01-20 17:42:43.793 - WARNING - 命令错误输出|Command stderr:
-- canu master +27 changes (r10515 2a41e933b8de6ed66723d75d36dd071b46d2c347)
--
-- CITATIONS
--
-- For assemblies of PacBio HiFi reads:
--   Nurk S, Walenz BP, Rhiea A, Vollger MR, Logsdon GA, Grothe R, Miga KH, Eichler EE, Phillippy AM, Koren S.
--   HiCanu: accurate assembly of segmental duplications, satellites, and allelic variants from high-fidelity long reads.
--   biorXiv. 2020.
--   https://doi.org/10.1101/2020.03.14.992248
-- 
-- Read and contig alignments during correction and consensus use:
--   Šošic M, Šikic M.
--   Edlib: a C/C ++ library for fast, exact sequence alignment using edit distance.
--   Bioinformatics. 2017 May 1;33(9):1394-1395.
--   http://doi.org/10.1093/bioinformatics/btw753
-- 
-- Overlaps are generated using:
--   Berlin K, et al.
--   Assembling large genomes with single-molecule sequencing and locality-sensitive hashing.
--   Nat Biotechnol. 2015 Jun;33(6):623-30.
--   http://doi.org/10.1038/nbt.3238
-- 
--   Myers EW, et al.
--   A Whole-Genome Assembly of Drosophila.
--   Science. 2000 Mar 24;287(5461):2196-204.
--   http://doi.org/10.1126/science.287.5461.2196
-- 
-- Contig consensus sequences are generated using an algorithm derived from pbdagcon:
--   Chin CS, et al.
--   Nonhybrid, finished microbial genome assemblies from long-read SMRT sequencing data.
--   Nat Methods. 2013 Jun;10(6):563-9
--   http://doi.org/10.1038/nmeth.2474
-- 
-- CONFIGURE CANU
--
-- Detected Java(TM) Runtime Environment '17.0.15-internal' (from '/share/org/YZWL/yzwl_lixg/.local/bin/java') without -d64 support.
--
-- WARNING:
-- WARNING:  Failed to run gnuplot using command 'gnuplot'.
-- WARNING:  Plots will be disabled.
-- WARNING:
--
-- Detected samtools version '1.22' / htslib version 'htscodecs=1.6.3' (from 'samtools').
--
-- Detected 88 CPUs and 503 gigabytes of memory on the local machine.
--
-- Detected Slurm with 'sinfo' binary in /opt/skyformai/bin/sinfo.
--          Slurm disabled by useGrid=false
--
-- Detected  '' with 'pbsnodes' binary in /opt/skyformai/bin/pbsnodes.
--           disabled by useGrid=false
--
-- Detected LSF with 'bsub' binary in /opt/skyformai/bin/bsub.
--          LSF disabled by useGrid=false
--
-- Local machine mode enabled; grid support not detected or not allowed.
--
-- Found trimmed raw PacBio HiFi reads in the input files.
--
--                                (tag)Concurrency
--                         (tag)Threads          |
--                (tag)Memory         |          |
--        (tag)             |         |          |       total usage      algorithm
--        -------  ----------  --------   --------  --------------------  -----------------------------
-- Local: meryl     12.000 GB    4 CPUs x  22 jobs   264.000 GB  88 CPUs  (k-mer counting)
-- Local: cormhap   13.000 GB   11 CPUs x   8 jobs   104.000 GB  88 CPUs  (overlap detection with mhap)
-- Local: obtovl     8.000 GB    8 CPUs x  11 jobs    88.000 GB  88 CPUs  (overlap detection)
-- Local: utgovl     8.000 GB    8 CPUs x  11 jobs    88.000 GB  88 CPUs  (overlap detection)
-- Local: cor        -.--- GB    4 CPUs x   - jobs     -.--- GB   - CPUs  (read correction)
-- Local: ovb        4.000 GB    1 CPU  x  88 jobs   352.000 GB  88 CPUs  (overlap store bucketizer)
-- Local: ovs        8.000 GB    1 CPU  x  62 jobs   496.000 GB  62 CPUs  (overlap store sorting)
-- Local: red       16.000 GB    4 CPUs x  22 jobs   352.000 GB  88 CPUs  (read error detection)
-- Local: oea        8.000 GB    1 CPU  x  62 jobs   496.000 GB  62 CPUs  (overlap error adjustment)
-- Local: bat       32.000 GB    8 CPUs x   1 job     32.000 GB   8 CPUs  (contig construction with bogart)
-- Local: cns        -.--- GB    8 CPUs x   - jobs     -.--- GB   - CPUs  (consensus)
--
-- Generating assembly 'N3-3' in '/share/org/YZWL/yzwl_lixg/project/28.大豆疫霉菌三代基因组/03.hicanu/N3-3/01.raw_output':
--   genomeSize:
--     85000000
--
--   Overlap Generation Limits:
--     corOvlErrorRate 0.0000 (  0.00%)
--     obtOvlErrorRate 0.0250 (  2.50%)
--     utgOvlErrorRate 0.0100 (  1.00%)
--
--   Overlap Processing Limits:
--     corErrorRate    0.0000 (  0.00%)
--     obtErrorRate    0.0250 (  2.50%)
--     utgErrorRate    0.0003 (  0.03%)
--     cnsErrorRate    0.0500 (  5.00%)
--
--   Stages to run:
--     assemble HiFi reads.
--
--
-- BEGIN STORE CREATION
----------------------------------------
-- Starting command on Tue Jan 20 14:51:41 2026 with 4211964.093 GB free disk space

    cd .
    ./N3-3.seqStore.sh \
    > ./N3-3.seqStore.err 2>&1

-- Finished on Tue Jan 20 14:59:56 2026 (495 seconds) with 4211031.484 GB free disk space
----------------------------------------
--
-- In sequence store './N3-3.seqStore':
--   Found 258890 reads.
--   Found 4250016143 bases (50 times coverage).
--    Histogram of corrected reads:
--    
--    G=4250016143                       sum of  ||               length     num
--    NG         length     index       lengths  ||                range    seqs
--    ----- ------------ --------- ------------  ||  ------------------- -------
--    00010        22751     17461    425017207  ||       1248-2307         2658|-----
--    00020        21161     36878    850009679  ||       2308-3367         6082|----------
--    00030        20029     57548   1275024720  ||       3368-4427         6804|-----------
--    00040        19143     79269   1700007508  ||       4428-5487         6252|----------
--    00050        18390    101931   2125024517  ||       5488-6547         5481|---------
--    00060        17732    125473   2550012310  ||       6548-7607         4548|--------
--    00070        17113    149870   2975013120  ||       7608-8667         4419|-------
--    00080        16422    175201   3400016063  ||       8668-9727         4034|-------
--    00090        14890    202041   3825017903  ||       9728-10787        3517|------
--    00100         1248    258890   4250016143  ||      10788-11847        3070|-----
--    001.000x              258890   4250016143  ||      11848-12907        2605|-----
--                                               ||      12908-13967        2869|-----
--                                               ||      13968-15027        5605|---------
--                                               ||      15028-16087       16374|--------------------------
--                                               ||      16088-17147       36030|---------------------------------------------------------
--                                               ||      17148-18207       40430|---------------------------------------------------------------
--                                               ||      18208-19267       32302|---------------------------------------------------
--                                               ||      19268-20327       24447|---------------------------------------
--                                               ||      20328-21387       17933|----------------------------
--                                               ||      21388-22447       13011|---------------------
--                                               ||      22448-23507        8771|--------------
--                                               ||      23508-24567        5610|---------
--                                               ||      24568-25627        3297|------
--                                               ||      25628-26687        1653|---
--                                               ||      26688-27747         731|--
--                                               ||      27748-28807         236|-
--                                               ||      28808-29867          66|-
--                                               ||      29868-30927          12|-
--                                               ||      30928-31987           4|-
--                                               ||      31988-33047           2|-
--                                               ||      33048-34107           6|-
--                                               ||      34108-35167           3|-
--                                               ||      35168-36227           6|-
--                                               ||      36228-37287           4|-
--                                               ||      37288-38347           4|-
--                                               ||      38348-39407           3|-
--                                               ||      39408-40467           1|-
--                                               ||      40468-41527           4|-
--                                               ||      41528-42587           3|-
--                                               ||      42588-43647           3|-
--    
--
-- In sequence store './N3-3.seqStore':
--   Found 258890 reads.
--   Found 4250016143 bases (50 times coverage).
--    Histogram of corrected-trimmed reads:
--    
--    G=4250016143                       sum of  ||               length     num
--    NG         length     index       lengths  ||                range    seqs
--    ----- ------------ --------- ------------  ||  ------------------- -------
--    00010        22751     17461    425017207  ||       1248-2307         2658|-----
--    00020        21161     36878    850009679  ||       2308-3367         6082|----------
--    00030        20029     57548   1275024720  ||       3368-4427         6804|-----------
--    00040        19143     79269   1700007508  ||       4428-5487         6252|----------
--    00050        18390    101931   2125024517  ||       5488-6547         5481|---------
--    00060        17732    125473   2550012310  ||       6548-7607         4548|--------
--    00070        17113    149870   2975013120  ||       7608-8667         4419|-------
--    00080        16422    175201   3400016063  ||       8668-9727         4034|-------
--    00090        14890    202041   3825017903  ||       9728-10787        3517|------
--    00100         1248    258890   4250016143  ||      10788-11847        3070|-----
--    001.000x              258890   4250016143  ||      11848-12907        2605|-----
--                                               ||      12908-13967        2869|-----
--                                               ||      13968-15027        5605|---------
--                                               ||      15028-16087       16374|--------------------------
--                                               ||      16088-17147       36030|---------------------------------------------------------
--                                               ||      17148-18207       40430|---------------------------------------------------------------
--                                               ||      18208-19267       32302|---------------------------------------------------
--                                               ||      19268-20327       24447|---------------------------------------
--                                               ||      20328-21387       17933|----------------------------
--                                               ||      21388-22447       13011|---------------------
--                                               ||      22448-23507        8771|--------------
--                                               ||      23508-24567        5610|---------
--                                               ||      24568-25627        3297|------
--                                               ||      25628-26687        1653|---
--                                               ||      26688-27747         731|--
--                                               ||      27748-28807         236|-
--                                               ||      28808-29867          66|-
--                                               ||      29868-30927          12|-
--                                               ||      30928-31987           4|-
--                                               ||      31988-33047           2|-
--                                               ||      33048-34107           6|-
--                                               ||      34108-35167           3|-
--                                               ||      35168-36227           6|-
--                                               ||      36228-37287           4|-
--                                               ||      37288-38347           4|-
--                                               ||      38348-39407           3|-
--                                               ||      39408-40467           1|-
--                                               ||      40468-41527           4|-
--                                               ||      41528-42587           3|-
--                                               ||      42588-43647           3|-
--    
--
-- Correction skipped; not enabled.
--
-- Trimming skipped; not enabled.
--
-- BEGIN ASSEMBLY
----------------------------------------
-- Starting command on Tue Jan 20 14:59:56 2026 with 4211031.437 GB free disk space

    cd unitigging/0-mercounts
    ./meryl-configure.sh \
    > ./meryl-configure.err 2>&1

-- Finished on Tue Jan 20 14:59:57 2026 (one second) with 4211031.437 GB free disk space
----------------------------------------
--  segments   memory batches
--  -------- -------- -------
--        01 10.72 GB       2
--        02  5.68 GB       2
--        04  2.94 GB       2
--        06  2.12 GB       2
--        08  1.60 GB       2
--        12  1.06 GB       2
--        16  0.80 GB       2
--        20  0.64 GB       2
--        24  0.54 GB       2
--        32  0.40 GB       2
--        40  0.32 GB       2
--        48  -.-- GB       -  (segment size too small)
--        56  -.-- GB       -  (segment size too small)
--        64  -.-- GB       -  (segment size too small)
--        96  -.-- GB       -  (segment size too small)
--
--  For 258890 reads with 4250016143 bases, limit to 42 batches.
--  Will count kmers using 01 jobs, each using 12 GB and 4 threads.
--
-- Finished stage 'merylConfigure', reset canuIteration.
--
-- Running jobs.  First attempt out of 2.
----------------------------------------
-- Starting 'meryl' concurrent execution on Tue Jan 20 14:59:57 2026 with 4211031.406 GB free disk space (1 processes; 22 concurrently)

    cd unitigging/0-mercounts
    ./meryl-count.sh 1 > ./meryl-count.000001.out 2>&1

-- Finished on Tue Jan 20 15:03:19 2026 (202 seconds) with 4210742.203 GB free disk space
----------------------------------------
-- Found 1 Kmer counting (meryl) outputs.
-- Finished stage 'utg-merylCountCheck', reset canuIteration.
--
-- Running jobs.  First attempt out of 2.
----------------------------------------
-- Starting 'meryl' concurrent execution on Tue Jan 20 15:03:19 2026 with 4210742.171 GB free disk space (1 processes; 22 concurrently)

    cd unitigging/0-mercounts
    ./meryl-process.sh 1 > ./meryl-process.000001.out 2>&1

-- Finished on Tue Jan 20 15:03:22 2026 (3 seconds) with 4210739.187 GB free disk space
----------------------------------------
-- Meryl finished successfully.  Kmer frequency histogram:
--
-- WARNING: gnuplot failed.
--
----------------------------------------
--
--  22-mers                                                                                           Fraction
--    Occurrences   NumMers                                                                         Unique Total
--       1-     1         0                                                                        0.0000 0.0000
--       2-     2    169757                                                                        0.0038 0.0001
--       3-     4     52454                                                                        0.0046 0.0002
--       5-     7     15365                                                                        0.0051 0.0002
--       8-    11      7511                                                                        0.0053 0.0002
--      12-    16     12226                                                                        0.0055 0.0003
--      17-    22    140563                                                                        0.0060 0.0003
--      23-    29   1050939 ****                                                                   0.0098 0.0015
--      30-    37   7059511 ***************************                                            0.0410 0.0138
--      38-    46  17649963 ********************************************************************** 0.2263 0.1059
--      47-    56  11836969 **********************************************                         0.6247 0.3470
--      57-    67   2127250 ********                                                               0.8566 0.5143
--      68-    79    700460 **                                                                     0.8955 0.5477
--      80-    92   1060860 ****                                                                   0.9116 0.5647
--      93-   106    699848 **                                                                     0.9352 0.5934
--     107-   121    280113 *                                                                      0.9497 0.6138
--     122-   137    291976 *                                                                      0.9559 0.6237
--     138-   154    223321                                                                        0.9623 0.6354
--     155-   172    170630                                                                        0.9671 0.6454
--     173-   191    176282                                                                        0.9709 0.6542
--     192-   211    126652                                                                        0.9748 0.6642
--     212-   232    107339                                                                        0.9776 0.6721
--     233-   254     78164                                                                        0.9799 0.6795
--     255-   277     82459                                                                        0.9817 0.6854
--     278-   301     72721                                                                        0.9835 0.6923
--     302-   326     68701                                                                        0.9851 0.6988
--     327-   352     50181                                                                        0.9866 0.7056
--     353-   379     49728                                                                        0.9877 0.7109
--     380-   407     38777                                                                        0.9888 0.7165
--     408-   436     39663                                                                        0.9897 0.7213
--     437-   466     30536                                                                        0.9906 0.7265
--     467-   497     27748                                                                        0.9913 0.7308
--     498-   529     24461                                                                        0.9919 0.7350
--     530-   562     20265                                                                        0.9924 0.7389
--     563-   596     18563                                                                        0.9929 0.7424
--     597-   631     16888                                                                        0.9933 0.7457
--     632-   667     17360                                                                        0.9937 0.7489
--     668-   704     14024                                                                        0.9940 0.7525
--     705-   742     11309                                                                        0.9943 0.7555
--     743-   781     10513                                                                        0.9946 0.7580
--     782-   821      9977                                                                        0.9948 0.7605
--
--           0 (max occurrences)
--  3191399867 (total mers, non-unique)
--    44864020 (distinct mers, non-unique)
--           0 (unique mers)
-- Finished stage 'meryl-process', reset canuIteration.
--
-- Removing meryl database 'unitigging/0-mercounts/N3-3.ms22'.
--
-- OVERLAPPER (normal) (assembly) erate=0.01
--
----------------------------------------
-- Starting command on Tue Jan 20 15:03:22 2026 with 4210739.171 GB free disk space

    cd unitigging/1-overlapper
    /share/org/YZWL/yzwl_lixg/miniforge3/envs/canu_v.2.3/bin/overlapInCorePartition \
     -S  ../../N3-3.seqStore \
     -hl 160000000 \
     -rl 5000000000 \
     -ol 500 \
     -o  ./N3-3.partition \
    > ./N3-3.partition.err 2>&1

-- Finished on Tue Jan 20 15:03:22 2026 (furiously fast) with 4210739.156 GB free disk space
----------------------------------------
--
-- Configured 21 overlapInCore jobs.
-- Finished stage 'utg-overlapConfigure', reset canuIteration.
--
-- Running jobs.  First attempt out of 2.
----------------------------------------
-- Starting 'utgovl' concurrent execution on Tue Jan 20 15:03:22 2026 with 4210739.125 GB free disk space (21 processes; 11 concurrently)

    cd unitigging/1-overlapper
    ./overlap.sh 1 > ./overlap.000001.out 2>&1
    ./overlap.sh 2 > ./overlap.000002.out 2>&1
    ./overlap.sh 3 > ./overlap.000003.out 2>&1
    ./overlap.sh 4 > ./overlap.000004.out 2>&1
    ./overlap.sh 5 > ./overlap.000005.out 2>&1
    ./overlap.sh 6 > ./overlap.000006.out 2>&1
    ./overlap.sh 7 > ./overlap.000007.out 2>&1
    ./overlap.sh 8 > ./overlap.000008.out 2>&1
    ./overlap.sh 9 > ./overlap.000009.out 2>&1
    ./overlap.sh 10 > ./overlap.000010.out 2>&1
    ./overlap.sh 11 > ./overlap.000011.out 2>&1
    ./overlap.sh 12 > ./overlap.000012.out 2>&1
    ./overlap.sh 13 > ./overlap.000013.out 2>&1
    ./overlap.sh 14 > ./overlap.000014.out 2>&1
    ./overlap.sh 15 > ./overlap.000015.out 2>&1
    ./overlap.sh 16 > ./overlap.000016.out 2>&1
    ./overlap.sh 17 > ./overlap.000017.out 2>&1
    ./overlap.sh 18 > ./overlap.000018.out 2>&1
    ./overlap.sh 19 > ./overlap.000019.out 2>&1
    ./overlap.sh 20 > ./overlap.000020.out 2>&1
    ./overlap.sh 21 > ./overlap.000021.out 2>&1

-- Finished on Tue Jan 20 15:52:14 2026 (2932 seconds) with 4205613.859 GB free disk space
----------------------------------------
-- Found 21 overlapInCore output files.
--
-- overlapInCore compute 'unitigging/1-overlapper':
--   kmer hits
--     with no overlap       1324427991  99.5714286 +- 40354131.601
--     with an overlap         26745394  0.19047619 +- 870037.213
--
--   overlaps                  26745394  0.19047619 +- 870037.213
--     contained                5055597  .714285714 +- 166224.273
--     dovetail                21689797  7.47619048 +- 705067.878
--
--   overlaps rejected
--     multiple per pair              0           0 +- 0
--     bad short window               0           0 +- 0
--     bad long window                0           0 +- 0
-- Finished stage 'utg-overlapCheck', reset canuIteration.
----------------------------------------
-- Starting command on Tue Jan 20 15:52:14 2026 with 4205613.843 GB free disk space

    cd unitigging
    /share/org/YZWL/yzwl_lixg/miniforge3/envs/canu_v.2.3/bin/ovStoreConfig \
     -S ../N3-3.seqStore \
     -M 4-8 \
     -L ./1-overlapper/ovljob.files \
     -create ./N3-3.ovlStore.config \
     > ./N3-3.ovlStore.config.txt \
    2> ./N3-3.ovlStore.config.err

-- Finished on Tue Jan 20 15:52:14 2026 (furiously fast) with 4205613.828 GB free disk space
----------------------------------------
--
-- Creating overlap store unitigging/N3-3.ovlStore using:
--      1 bucket
--      1 slice
--        using at most 2 GB memory each
--
-- Running jobs.  First attempt out of 2.
----------------------------------------
-- Starting 'ovS' concurrent execution on Tue Jan 20 15:52:14 2026 with 4205613.812 GB free disk space (1 processes; 62 concurrently)

    cd unitigging
    ./N3-3.ovlStore.sh 1 > ./N3-3.ovlStore.000001.out 2>&1

-- Finished on Tue Jan 20 15:52:26 2026 (12 seconds) with 4205602.187 GB free disk space
----------------------------------------
-- Checking store.
----------------------------------------
-- Starting command on Tue Jan 20 15:52:26 2026 with 4205602.187 GB free disk space

    cd unitigging
    /share/org/YZWL/yzwl_lixg/miniforge3/envs/canu_v.2.3/bin/ovStoreDump \
     -S ../N3-3.seqStore \
     -O  ./N3-3.ovlStore \
     -counts \
     > ./N3-3.ovlStore/counts.dat 2> ./N3-3.ovlStore/counts.err

-- Finished on Tue Jan 20 15:52:27 2026 (one second) with 4205602.156 GB free disk space
----------------------------------------
--
-- Overlap store 'unitigging/N3-3.ovlStore' successfully constructed.
-- Found 53490788 overlaps for 243374 reads; 1749568 reads have no overlaps.
--
--
-- Purged 0.625 GB in 63 overlap output files.
----------------------------------------
-- Starting command on Tue Jan 20 15:52:27 2026 with 4205602.156 GB free disk space

    cd unitigging
    /share/org/YZWL/yzwl_lixg/miniforge3/envs/canu_v.2.3/bin/ovStoreStats \
     -C 50 \
     -S ../N3-3.seqStore \
     -O  ./N3-3.ovlStore \
     -o  ./N3-3.ovlStore \
     > ./N3-3.ovlStore.summary.err 2>&1

-- Finished on Tue Jan 20 15:52:35 2026 (8 seconds) with 4205584.39 GB free disk space
----------------------------------------
--
-- Overlap store 'unitigging/N3-3.ovlStore' contains:
--
--   category            reads     %          read length        feature size or coverage  analysis
--   ----------------  -------  -------  ----------------------  ------------------------  --------------------
--   middle-missing        197    0.08    15928.63 +- 6448.09        953.46 +- 1206.32    (bad trimming)
--   middle-hump            62    0.02    12814.44 +- 2399.61       3603.11 +- 3004.11    (bad trimming)
--   no-5-prime           1114    0.43    12298.44 +- 3042.61       2303.94 +- 2625.69    (bad trimming)
--   no-3-prime           1187    0.46    11645.55 +- 3449.82       2306.29 +- 2618.03    (bad trimming)
--   
--   low-coverage         2651    1.02    10276.47 +- 3237.27          5.32 +- 3.54       (easy to assemble, potential for lower quality consensus)
--   unique             198232   76.57    12583.32 +- 4263.58         43.89 +- 8.12       (easy to assemble, perfect, yay)
--   repeat-cont         13597    5.25    11000.05 +- 4461.91       1277.66 +- 1042.39    (potential for consensus errors, no impact on assembly)
--   repeat-dove           306    0.12    17991.07 +- 1440.24        740.70 +- 859.08     (hard to assemble, likely won't assemble correctly or even at all)
--   
--   span-repeat          2696    1.04    13187.10 +- 3443.44       2971.47 +- 3171.56    (read spans a large repeat, usually easy to assemble)
--   uniq-repeat-cont    13914    5.37    12255.08 +- 3480.72                             (should be uniquely placed, low potential for consensus errors, no impact on assembly)
--   uniq-repeat-dove     3760    1.45    16367.71 +- 2036.46                             (will end contigs, potential to misassemble)
--   uniq-anchor          5658    2.19    13232.77 +- 3396.77       7985.60 +- 4169.06    (repeat read, with unique section, probable bad read)
-- Finished stage 'utg-createOverlapStore', reset canuIteration.
--
-- Loading read lengths.
-- Loading number of overlaps per read.
--
-- Configure RED for 16gb memory.
--                   Batches of at most (unlimited) reads.
--                                      500000000 bases.
--                   Expecting evidence of at most 536870912 bases per iteration.
--
--           Total                                               Reads                 Olaps Evidence
--    Job   Memory      Read Range         Reads        Bases   Memory        Olaps   Memory   Memory  (Memory in MB)
--   ---- -------- ------------------- --------- ------------ -------- ------------ -------- --------
--      1 16384.28         1-46526          6000    108981029 13303.54       763963     8.74  1024.00
--      2 16385.00     46527-96925          6501    108904053 13294.16      1646155    18.84  1024.00
--      3 16385.69     96926-145994         6418    108976661 13303.02       932894    10.68  1024.00
--      4 16384.08    145995-193910         6202    108880992 13291.33      1812638    20.74  1024.00
--      5 16384.13    193911-251014         7306    108893610 13292.91      1679418    19.22  1024.00
--      6 16385.30    251015-297754         6115    108989887 13304.62       757902     8.67  1024.00
--      7 16385.45    297755-346691         6342    108897232 13293.32      1758785    20.13  1024.00
--      8 16385.17    346692-405270         7663    108912739 13295.25      1565531    17.92  1024.00
--      9 16384.86    405271-452606         6097    108995362 13305.29       661505     7.57  1024.00
--     10 16384.07    452607-502755         6468    108891494 13292.62      1699599    19.45  1024.00
--     11 16385.26    502756-561677         7587    108910612 13294.99      1596078    18.27  1024.00
--     12 16385.36    561678-609921         6179    108989724 13304.60       765302     8.76  1024.00
--     13 16385.35    609922-661369         6718    108904743 13294.25      1669059    19.10  1024.00
--     14 16385.27    661370-718140         7403    108917135 13295.78      1527837    17.48  1024.00
--     15 16385.63    718141-765471         6218    108912707 13295.20      1610231    18.43  1024.00
--     16 16384.24    765472-818554         6981    108924284 13296.64      1363325    15.60  1024.00
--     17 16386.18    818555-872773         7021    108965351 13301.66      1094622    12.53  1024.00
--     18 16384.70    872774-920312         6213    108888396 13292.24      1788123    20.46  1024.00
--     19 16385.07    920313-978265         7488    108914246 13295.43      1541493    17.64  1024.00
--     20 16385.12    978266-1027444        6392    108980402 13303.47       843345     9.65  1024.00
--     21 16384.74   1027445-1074747        6200    108890302 13292.47      1771710    20.28  1024.00
--     22 16385.96   1074748-1131290        7375    108920903 13296.24      1548749    17.72  1024.00
--     23 16385.88   1131291-1176869        6007    108998290 13305.64       719359     8.23  1024.00
--     24 16384.42   1176870-1224803        6217    108886949 13292.06      1779180    20.36  1024.00
--     25 16385.50   1224804-1280384        7197    108921862 13296.35      1498123    17.14  1024.00
--     26 16386.25   1280385-1326847        6024    109003219 13306.25       699649     8.01  1024.00
--     27 16385.95   1326848-1375294        6356    108907308 13294.55      1695137    19.40  1024.00
--     28 16385.94   1375295-1430661        7162    108921805 13296.34      1537332    17.59  1024.00
--     29 16384.43   1430662-1477910        6064    108979648 13303.37       791998     9.06  1024.00
--     30 16385.19   1477911-1527297        6490    108903187 13294.05      1672380    19.14  1024.00
--     31 16384.22   1527298-1581396        7185    108905180 13294.32      1564909    17.91  1024.00
--     32 16386.03   1581397-1629086        6165    108993303 13305.04       785130     8.99  1024.00
--     33 16384.60   1629087-1680475        6710    108891353 13292.61      1746835    19.99  1024.00
--     34 16385.06   1680476-1734155        6959    108919106 13296.01      1489763    17.05  1024.00
--     35 16386.26   1734156-1781146        6160    108904650 13294.22      1751209    20.04  1024.00
--     36 16384.79   1781147-1836673        7103    108930685 13297.43      1342704    15.37  1024.00
--     37 16386.20   1836674-1887259        6478    108996601 13305.45       763927     8.74  1024.00
--     38 16384.24   1887260-1935091        6181    108891965 13292.67      1710177    19.57  1024.00
--     39 16384.88   1935092-1991966        7420    108914015 13295.40      1527660    17.48  1024.00
--     40  3280.35   1991967-1992942         125      1705153   208.15        17052     0.20  1024.00
--   ---- -------- ------------------- --------- ------------ -------- ------------ -------- --------
--                                                 4250016143              53490788
-- Finished stage 'readErrorDetectionConfigure', reset canuIteration.
--
-- Running jobs.  First attempt out of 2.
----------------------------------------
-- Starting 'red' concurrent execution on Tue Jan 20 15:52:43 2026 with 4205584.343 GB free disk space (40 processes; 22 concurrently)

    cd unitigging/3-overlapErrorAdjustment
    ./red.sh 1 > ./red.000001.out 2>&1
    ./red.sh 2 > ./red.000002.out 2>&1
    ./red.sh 3 > ./red.000003.out 2>&1
    ./red.sh 4 > ./red.000004.out 2>&1
    ./red.sh 5 > ./red.000005.out 2>&1
    ./red.sh 6 > ./red.000006.out 2>&1
    ./red.sh 7 > ./red.000007.out 2>&1
    ./red.sh 8 > ./red.000008.out 2>&1
    ./red.sh 9 > ./red.000009.out 2>&1
    ./red.sh 10 > ./red.000010.out 2>&1
    ./red.sh 11 > ./red.000011.out 2>&1
    ./red.sh 12 > ./red.000012.out 2>&1
    ./red.sh 13 > ./red.000013.out 2>&1
    ./red.sh 14 > ./red.000014.out 2>&1
    ./red.sh 15 > ./red.000015.out 2>&1
    ./red.sh 16 > ./red.000016.out 2>&1
    ./red.sh 17 > ./red.000017.out 2>&1
    ./red.sh 18 > ./red.000018.out 2>&1
    ./red.sh 19 > ./red.000019.out 2>&1
    ./red.sh 20 > ./red.000020.out 2>&1
    ./red.sh 21 > ./red.000021.out 2>&1
    ./red.sh 22 > ./red.000022.out 2>&1
    ./red.sh 23 > ./red.000023.out 2>&1
    ./red.sh 24 > ./red.000024.out 2>&1
    ./red.sh 25 > ./red.000025.out 2>&1
    ./red.sh 26 > ./red.000026.out 2>&1
    ./red.sh 27 > ./red.000027.out 2>&1
    ./red.sh 28 > ./red.000028.out 2>&1
    ./red.sh 29 > ./red.000029.out 2>&1
    ./red.sh 30 > ./red.000030.out 2>&1
    ./red.sh 31 > ./red.000031.out 2>&1
    ./red.sh 32 > ./red.000032.out 2>&1
    ./red.sh 33 > ./red.000033.out 2>&1
    ./red.sh 34 > ./red.000034.out 2>&1
    ./red.sh 35 > ./red.000035.out 2>&1
    ./red.sh 36 > ./red.000036.out 2>&1
    ./red.sh 37 > ./red.000037.out 2>&1
    ./red.sh 38 > ./red.000038.out 2>&1
    ./red.sh 39 > ./red.000039.out 2>&1
    ./red.sh 40 > ./red.000040.out 2>&1

-- Finished on Tue Jan 20 16:17:20 2026 (1477 seconds) with 4200962.156 GB free disk space
----------------------------------------
-- Found 40 read error detection output files.
-- Finished stage 'readErrorDetectionCheck', reset canuIteration.
--
-- Loading read lengths.
-- Loading number of overlaps per read.
--
-- Configure OEA for 8gb memory.
--                   Batches of at most (unlimited) reads.
--                                      300000000 bases.
--
--           Total                                               Reads                 Olaps  Adjusts
--    Job   Memory      Read Range         Reads        Bases   Memory        Olaps   Memory   Memory  (Memory in MB)
--   ---- -------- ------------------- --------- ------------ -------- ------------ -------- --------
--      1  2811.55         1-135085        17426    300013515   294.65      3221472    98.31   370.60
--      2  2835.84    135086-274590        18121    300004926   294.66      4016863   122.58   370.60
--      3  2831.31    274591-417907        18592    300015254   294.68      3867582   118.03   370.60
--      4  2828.63    417908-562413        18661    300003482   294.68      3780206   115.36   370.60
--      5  2829.37    562414-707468        18802    300018391   294.69      3803707   116.08   370.60
--      6  2832.94    707469-850722        18752    300011891   294.69      3920940   119.66   370.60
--      7  2833.04    850723-993643        18585    300013035   294.68      3924299   119.76   370.60
--      8  2831.78    993644-1132614       18151    300001104   294.66      3883902   118.53   370.60
--      9  2829.43   1132615-1270547       17922    300013930   294.66      3806736   116.17   370.60
--     10  2825.93   1270548-1407789       17841    300000276   294.65      3692675   112.69   370.60
--     11  2829.92   1407790-1545404       17960    300007227   294.66      3823048   116.67   370.60
--     12  2810.90   1545405-1683703       18079    300018673   294.67      3199202    97.63   370.60
--     13  2830.77   1683704-1822604       18081    300008549   294.66      3850642   117.51   370.60
--     14  2824.08   1822605-1963438       18115    300011253   294.67      3631396   110.82   370.60
--     15  2506.87   1963439-1992942        3802     49874637    55.68      1068118    32.60   370.60
--   ---- -------- ------------------- --------- ------------ -------- ------------ -------- --------
--                                                 4250016143              53490788
-- Finished stage 'overlapErrorAdjustmentConfigure', reset canuIteration.
--
-- Running jobs.  First attempt out of 2.
----------------------------------------
-- Starting 'oea' concurrent execution on Tue Jan 20 16:17:29 2026 with 4200962.078 GB free disk space (15 processes; 62 concurrently)

    cd unitigging/3-overlapErrorAdjustment
    ./oea.sh 1 > ./oea.000001.out 2>&1
    ./oea.sh 2 > ./oea.000002.out 2>&1
    ./oea.sh 3 > ./oea.000003.out 2>&1
    ./oea.sh 4 > ./oea.000004.out 2>&1
    ./oea.sh 5 > ./oea.000005.out 2>&1
    ./oea.sh 6 > ./oea.000006.out 2>&1
    ./oea.sh 7 > ./oea.000007.out 2>&1
    ./oea.sh 8 > ./oea.000008.out 2>&1
    ./oea.sh 9 > ./oea.000009.out 2>&1
    ./oea.sh 10 > ./oea.000010.out 2>&1
    ./oea.sh 11 > ./oea.000011.out 2>&1
    ./oea.sh 12 > ./oea.000012.out 2>&1
    ./oea.sh 13 > ./oea.000013.out 2>&1
    ./oea.sh 14 > ./oea.000014.out 2>&1
    ./oea.sh 15 > ./oea.000015.out 2>&1

-- Finished on Tue Jan 20 17:31:11 2026 (4422 seconds) with 4191306.062 GB free disk space
----------------------------------------
-- Found 15 overlap error adjustment output files.
-- Finished stage 'overlapErrorAdjustmentCheck', reset canuIteration.
----------------------------------------
-- Starting command on Tue Jan 20 17:31:11 2026 with 4191306.046 GB free disk space

    cd unitigging/3-overlapErrorAdjustment
    /share/org/YZWL/yzwl_lixg/miniforge3/envs/canu_v.2.3/bin/loadErates \
      -S ../../N3-3.seqStore \
      -O ../N3-3.ovlStore \
      -L ./oea.files \
    > ./oea.apply.err 2>&1

-- Finished on Tue Jan 20 17:31:11 2026 (furiously fast) with 4191305.937 GB free disk space
----------------------------------------
-- No report available.
-- Finished stage 'updateOverlapStore', reset canuIteration.
-- Finished stage 'unitig', reset canuIteration.
--
-- Running jobs.  First attempt out of 2.
----------------------------------------
-- Starting 'bat' concurrent execution on Tue Jan 20 17:31:11 2026 with 4191305.89 GB free disk space (1 processes; 1 concurrently)

    cd unitigging/4-unitigger
    ./unitigger.sh 1 > ./unitigger.000001.out 2>&1

-- Finished on Tue Jan 20 17:31:23 2026 (12 seconds) with 4191274.031 GB free disk space
----------------------------------------
-- Unitigger finished successfully.
--  
--  ERROR RATES
--  -----------
--                                                   --------threshold------
--  285495                       fraction error      fraction        percent
--  samples                              (1e-5)         error          error
--                   --------------------------      --------       --------
--  command line (-eg)                           ->     30.00        0.0300%
--  command line (-ef)                           ->  -----.--      ---.----%
--  command line (-eM)                           ->     30.00        0.0300%
--  mean + std.dev       0.40 +-  12 *     2.85  ->     34.62        0.0346%
--  median + mad         0.00 +-  12 *     0.00  ->      0.00        0.0000%
--  90th percentile                              ->      1.00        0.0010%  (enabled)
--  
--  BEST EDGE FILTERING
--  -------------------
--  At graph threshold 0.0300%, reads:
--    available to have edges:        64765
--    with at least one edge:         47759
--  
--  At max threshold 0.0300%, reads:
--    available to have edges:        64765
--    with at least one edge:         47759
--  
--  At tight threshold 0.0010%, reads with:
--    both edges below error threshold:     43035  (80.00% minReadsBest threshold = 38207)
--    one  edge  above error threshold:      3436
--    both edges above error threshold:      1288
--    at least one edge:                    47759
--  
--  At loose threshold 0.0300%, reads with:
--    both edges below error threshold:     47759  (80.00% minReadsBest threshold = 38207)
--    one  edge  above error threshold:         0
--    both edges above error threshold:         0
--    at least one edge:                    47759
--  
--  
--  INITIAL EDGES
--  -------- ----------------------------------------
--    189644 reads are contained
--   1761027 reads have no best edges (singleton)
--       598 reads have only one best edge (spur) 
--                380 are mutual best
--     41673 reads have two best edges 
--               1000 have one mutual best edge
--              40103 have two mutual best edges
--  
--  
--  FINAL EDGES
--  -------- ----------------------------------------
--    189644 reads are contained
--   1761389 reads have no best edges (singleton)
--       514 reads have only one best edge (spur) 
--                399 are mutual best
--     41395 reads have two best edges 
--                813 have one mutual best edge
--              40104 have two mutual best edges
--  
--  
--  EDGE FILTERING
--  -------- ------------------------------------------
--         0 reads are ignored
--      9527 reads have a gap in overlap coverage
--       178 reads have lopsided best edges
-- Found, in version 1, after unitig construction:
--   contigs:      172 sequences, total length 70511256 bp (including 203 repeats of total length 4345017 bp).
--   bubbles:      188 sequences, total length 4098194 bp.
--   unassembled:  27990 sequences, total length 305484391 bp.
--
-- Contig sizes based on genome size 85mbp:
--
--            NG (bp)  LG (contigs)    sum (bp)
--         ----------  ------------  ----------
--     10     6120083             2    14480864
--     20     6113104             3    20593968
--     30     4574168             5    29844574
--     40     4527129             6    34371703
--     50     4010858             8    42639988
--     60     2940084            11    52124313
--     70     1745428            15    60553295
--     80       36304            46    68032304
--
-- Finished stage 'unitigCheck', reset canuIteration.
----------------------------------------
-- Starting command on Tue Jan 20 17:31:23 2026 with 4191274.015 GB free disk space

    cd unitigging
    /share/org/YZWL/yzwl_lixg/miniforge3/envs/canu_v.2.3/bin/utgcns \
      -S ../N3-3.seqStore \
      -T  ./N3-3.ctgStore 1 \
      -partition 0.8 1.5 0.1 \
    > ./N3-3.ctgStore/partitioning.log 2>&1

-- Finished on Tue Jan 20 17:31:33 2026 (10 seconds) with 4191272.89 GB free disk space
----------------------------------------
-- Using slow alignment for consensus (iteration '0').
-- Configured 10 consensus jobs.
-- Finished stage 'consensusConfigure', reset canuIteration.
--
-- Local: cns       12.375 GB    8 CPUs x  11 jobs   136.125 GB  88 CPUs  (consensus)
--
--
-- Running jobs.  First attempt out of 2.
----------------------------------------
-- Starting 'cns' concurrent execution on Tue Jan 20 17:31:33 2026 with 4191272.859 GB free disk space (10 processes; 11 concurrently)

    cd unitigging/5-consensus
    ./consensus.sh 1 > ./consensus.000001.out 2>&1
    ./consensus.sh 2 > ./consensus.000002.out 2>&1
    ./consensus.sh 3 > ./consensus.000003.out 2>&1
    ./consensus.sh 4 > ./consensus.000004.out 2>&1
    ./consensus.sh 5 > ./consensus.000005.out 2>&1
    ./consensus.sh 6 > ./consensus.000006.out 2>&1
    ./consensus.sh 7 > ./consensus.000007.out 2>&1
    ./consensus.sh 8 > ./consensus.000008.out 2>&1
    ./consensus.sh 9 > ./consensus.000009.out 2>&1
    ./consensus.sh 10 > ./consensus.000010.out 2>&1

-- Finished on Tue Jan 20 17:39:02 2026 (449 seconds) with 4189961.546 GB free disk space
----------------------------------------
-- Using slow alignment for consensus (iteration '1').
-- Configured 10 consensus jobs.
-- All 10 consensus jobs finished successfully.
-- Finished stage 'consensusCheck', reset canuIteration.
-- Using slow alignment for consensus (iteration '0').
-- Configured 10 consensus jobs.
----------------------------------------
-- Starting command on Tue Jan 20 17:39:02 2026 with 4189961.5 GB free disk space

    cd unitigging
    /share/org/YZWL/yzwl_lixg/miniforge3/envs/canu_v.2.3/bin/tgStoreLoad \
      -S ../N3-3.seqStore \
      -T  ./N3-3.ctgStore 2 \
      -L ./5-consensus/ctgcns.files \
    > ./5-consensus/ctgcns.files.ctgStoreLoad.err 2>&1

-- Finished on Tue Jan 20 17:39:04 2026 (2 seconds) with 4189960.39 GB free disk space
----------------------------------------
----------------------------------------
-- Starting command on Tue Jan 20 17:39:04 2026 with 4189960.39 GB free disk space

    cd unitigging
    /share/org/YZWL/yzwl_lixg/miniforge3/envs/canu_v.2.3/bin/tgTigDisplay \
      -S ../N3-3.seqStore \
      -b \
      -o ../N3-3.contigs.unsorted.bam \
      -L ./5-consensus/ctgcns.files \
    > ./5-consensus/ctgcns.files.contigs.bam.err 2>&1

-- Finished on Tue Jan 20 17:41:46 2026 (162 seconds) with 4189516.031 GB free disk space
----------------------------------------
----------------------------------------
-- Starting command on Tue Jan 20 17:41:46 2026 with 4189516.031 GB free disk space

    cd .
    samtools sort \
      --write-index \
      --threads 2 \
      -o ./N3-3.contigs.bam ./N3-3.contigs.unsorted.bam \
    > ./ctgcns.bam.err 2>&1

-- Finished on Tue Jan 20 17:42:39 2026 (53 seconds) with 4189397.171 GB free disk space
----------------------------------------
-- Purging consensus output after loading to ctgStore.
-- Purged 10 .cns outputs.
----------------------------------------
-- Starting command on Tue Jan 20 17:42:39 2026 with 4189399.953 GB free disk space

    cd unitigging
    /share/org/YZWL/yzwl_lixg/miniforge3/envs/canu_v.2.3/bin/tgStoreDump \
      -S ../N3-3.seqStore \
      -T ./N3-3.ctgStore 2 \
      -sizes -s 85000000 \
    > ./N3-3.ctgStore/seqDB.v002.sizes.txt
ZERO length suplied to intervalList::add(), ignoring interval.
ZERO length suplied to intervalList::add(), ignoring interval.
ZERO length suplied to intervalList::add(), ignoring interval.
ZERO length suplied to intervalList::add(), ignoring interval.
ZERO length suplied to intervalList::add(), ignoring interval.
ZERO length suplied to intervalList::add(), ignoring interval.
ZERO length suplied to intervalList::add(), ignoring interval.
ZERO length suplied to intervalList::add(), ignoring interval.
ZERO length suplied to intervalList::add(), ignoring interval.

-- Finished on Tue Jan 20 17:42:40 2026 (one second) with 4189399.953 GB free disk space
----------------------------------------
-- Found, in version 2, after consensus generation:
--   contigs:      172 sequences, total length 92393782 bp (including 203 repeats of total length 6013517 bp).
--   bubbles:      188 sequences, total length 5596581 bp.
--   unassembled:  27990 sequences, total length 462429039 bp.
--
-- Contig sizes based on genome size 85mbp:
--
--            NG (bp)  LG (contigs)    sum (bp)
--         ----------  ------------  ----------
--     10    10866007             1    10866007
--     20     7946447             2    18812454
--     30     7932655             3    26745109
--     40     5936263             5    38779412
--     50     5896387             6    44675799
--     60     5238482             8    55455262
--     70     4663589             9    60118851
--     80     3078784            12    70893017
--     90     2686576            14    76535768
--    100      619136            20    85393530
--
-- Finished stage 'consensusLoad', reset canuIteration.
----------------------------------------
-- Starting command on Tue Jan 20 17:42:40 2026 with 4189399.937 GB free disk space

    cd .
    /share/org/YZWL/yzwl_lixg/miniforge3/envs/canu_v.2.3/bin/tgStoreDump \
      -S ./N3-3.seqStore \
      -T ./unitigging/N3-3.ctgStore 2 \
      -o ./N3-3.contigs \
      -layout \
    > ./N3-3.contigs.layout.err 2>&1

-- Finished on Tue Jan 20 17:42:40 2026 (furiously fast) with 4189399.906 GB free disk space
----------------------------------------
----------------------------------------
-- Starting command on Tue Jan 20 17:42:40 2026 with 4189399.906 GB free disk space

    cd .
    /share/org/YZWL/yzwl_lixg/miniforge3/envs/canu_v.2.3/bin/tgStoreDump \
      -S ./N3-3.seqStore \
      -T ./unitigging/N3-3.ctgStore 2 \
      -consensus -fasta \
      -unassembled \
    > ./N3-3.unassembled.fasta
    2> ./N3-3.unassembled.err
ZERO length suplied to intervalList::add(), ignoring interval.
ZERO length suplied to intervalList::add(), ignoring interval.
ZERO length suplied to intervalList::add(), ignoring interval.
ZERO length suplied to intervalList::add(), ignoring interval.
ZERO length suplied to intervalList::add(), ignoring interval.
ZERO length suplied to intervalList::add(), ignoring interval.
ZERO length suplied to intervalList::add(), ignoring interval.
ZERO length suplied to intervalList::add(), ignoring interval.
ZERO length suplied to intervalList::add(), ignoring interval.

-- Finished on Tue Jan 20 17:42:42 2026 (2 seconds) with 4189399.453 GB free disk space
----------------------------------------
----------------------------------------
-- Starting command on Tue Jan 20 17:42:42 2026 with 4189399.453 GB free disk space

    cd .
    /share/org/YZWL/yzwl_lixg/miniforge3/envs/canu_v.2.3/bin/tgStoreDump \
      -S ./N3-3.seqStore \
      -T ./unitigging/N3-3.ctgStore 2 \
      -consensus -fasta \
      -contigs \
    > ./N3-3.contigs.fasta
    2> ./N3-3.contigs.err
ZERO length suplied to intervalList::add(), ignoring interval.
ZERO length suplied to intervalList::add(), ignoring interval.
ZERO length suplied to intervalList::add(), ignoring interval.
ZERO length suplied to intervalList::add(), ignoring interval.
ZERO length suplied to intervalList::add(), ignoring interval.
ZERO length suplied to intervalList::add(), ignoring interval.
ZERO length suplied to intervalList::add(), ignoring interval.
ZERO length suplied to intervalList::add(), ignoring interval.
ZERO length suplied to intervalList::add(), ignoring interval.

-- Finished on Tue Jan 20 17:42:43 2026 (one second) with 4189360.968 GB free disk space
----------------------------------------
-- Finished stage 'generateOutputs', reset canuIteration.
--
-- Assembly 'N3-3' finished in '/share/org/YZWL/yzwl_lixg/project/28.大豆疫霉菌三代基因组/03.hicanu/N3-3/01.raw_output'.
--
-- Summary saved in 'N3-3.report'.
--
-- Sequences saved:
--   Contigs       -> 'N3-3.contigs.fasta'
--   Unassembled   -> 'N3-3.unassembled.fasta'
--
-- Read layouts saved:
--   Contigs       -> 'N3-3.contigs.layout'.
--
-- Bye.

Job 68952702 stderr output:

