2026-01-20 20:56:36.764 - WARNING - 命令错误输出|Command stderr:
-- canu master +27 changes (r10515 2a41e933b8de6ed66723d75d36dd071b46d2c347)
--
-- CITATIONS
--
-- For assemblies of PacBio HiFi reads:
--   Nurk S, Walenz BP, Rhiea A, Vollger MR, Logsdon GA, Grothe R, Miga KH, Eichler EE, Phillippy AM, Koren S.
--   HiCanu: accurate assembly of segmental duplications, satellites, and allelic variants from high-fidelity long reads.
--   biorXiv. 2020.
--   https://doi.org/10.1101/2020.03.14.992248
-- 
-- Read and contig alignments during correction and consensus use:
--   Šošic M, Šikic M.
--   Edlib: a C/C ++ library for fast, exact sequence alignment using edit distance.
--   Bioinformatics. 2017 May 1;33(9):1394-1395.
--   http://doi.org/10.1093/bioinformatics/btw753
-- 
-- Overlaps are generated using:
--   Berlin K, et al.
--   Assembling large genomes with single-molecule sequencing and locality-sensitive hashing.
--   Nat Biotechnol. 2015 Jun;33(6):623-30.
--   http://doi.org/10.1038/nbt.3238
-- 
--   Myers EW, et al.
--   A Whole-Genome Assembly of Drosophila.
--   Science. 2000 Mar 24;287(5461):2196-204.
--   http://doi.org/10.1126/science.287.5461.2196
-- 
-- Contig consensus sequences are generated using an algorithm derived from pbdagcon:
--   Chin CS, et al.
--   Nonhybrid, finished microbial genome assemblies from long-read SMRT sequencing data.
--   Nat Methods. 2013 Jun;10(6):563-9
--   http://doi.org/10.1038/nmeth.2474
-- 
-- CONFIGURE CANU
--
-- Detected Java(TM) Runtime Environment '17.0.15-internal' (from '/share/org/YZWL/yzwl_lixg/.local/bin/java') without -d64 support.
--
-- WARNING:
-- WARNING:  Failed to run gnuplot using command 'gnuplot'.
-- WARNING:  Plots will be disabled.
-- WARNING:
--
-- Detected samtools version '1.22' / htslib version 'htscodecs=1.6.3' (from 'samtools').
--
-- Detected 88 CPUs and 503 gigabytes of memory on the local machine.
--
-- Detected Slurm with 'sinfo' binary in /opt/skyformai/bin/sinfo.
--          Slurm disabled by useGrid=false
--
-- Detected  '' with 'pbsnodes' binary in /opt/skyformai/bin/pbsnodes.
--           disabled by useGrid=false
--
-- Detected LSF with 'bsub' binary in /opt/skyformai/bin/bsub.
--          LSF disabled by useGrid=false
--
-- Local machine mode enabled; grid support not detected or not allowed.
--
-- Found trimmed raw PacBio HiFi reads in the input files.
--
--                                (tag)Concurrency
--                         (tag)Threads          |
--                (tag)Memory         |          |
--        (tag)             |         |          |       total usage      algorithm
--        -------  ----------  --------   --------  --------------------  -----------------------------
-- Local: meryl     12.000 GB    4 CPUs x  22 jobs   264.000 GB  88 CPUs  (k-mer counting)
-- Local: cormhap   13.000 GB   11 CPUs x   8 jobs   104.000 GB  88 CPUs  (overlap detection with mhap)
-- Local: obtovl     8.000 GB    8 CPUs x  11 jobs    88.000 GB  88 CPUs  (overlap detection)
-- Local: utgovl     8.000 GB    8 CPUs x  11 jobs    88.000 GB  88 CPUs  (overlap detection)
-- Local: cor        -.--- GB    4 CPUs x   - jobs     -.--- GB   - CPUs  (read correction)
-- Local: ovb        4.000 GB    1 CPU  x  88 jobs   352.000 GB  88 CPUs  (overlap store bucketizer)
-- Local: ovs        8.000 GB    1 CPU  x  62 jobs   496.000 GB  62 CPUs  (overlap store sorting)
-- Local: red       16.000 GB    4 CPUs x  22 jobs   352.000 GB  88 CPUs  (read error detection)
-- Local: oea        8.000 GB    1 CPU  x  62 jobs   496.000 GB  62 CPUs  (overlap error adjustment)
-- Local: bat       32.000 GB    8 CPUs x   1 job     32.000 GB   8 CPUs  (contig construction with bogart)
-- Local: cns        -.--- GB    8 CPUs x   - jobs     -.--- GB   - CPUs  (consensus)
--
-- Generating assembly 'N8-4' in '/share/org/YZWL/yzwl_lixg/project/28.大豆疫霉菌三代基因组/03.hicanu/N8-4/01.raw_output':
--   genomeSize:
--     85000000
--
--   Overlap Generation Limits:
--     corOvlErrorRate 0.0000 (  0.00%)
--     obtOvlErrorRate 0.0250 (  2.50%)
--     utgOvlErrorRate 0.0100 (  1.00%)
--
--   Overlap Processing Limits:
--     corErrorRate    0.0000 (  0.00%)
--     obtErrorRate    0.0250 (  2.50%)
--     utgErrorRate    0.0003 (  0.03%)
--     cnsErrorRate    0.0500 (  5.00%)
--
--   Stages to run:
--     assemble HiFi reads.
--
--
-- BEGIN STORE CREATION
----------------------------------------
-- Starting command on Tue Jan 20 18:11:25 2026 with 4183752.906 GB free disk space

    cd .
    ./N8-4.seqStore.sh \
    > ./N8-4.seqStore.err 2>&1

-- Finished on Tue Jan 20 18:18:31 2026 (426 seconds) with 4181816.718 GB free disk space
----------------------------------------
--
-- In sequence store './N8-4.seqStore':
--   Found 240090 reads.
--   Found 4250008672 bases (50 times coverage).
--    Histogram of corrected reads:
--    
--    G=4250008672                       sum of  ||               length     num
--    NG         length     index       lengths  ||                range    seqs
--    ----- ------------ --------- ------------  ||  ------------------- -------
--    00010        25357     15735    425020123  ||       1264-2603         4381|--------
--    00020        23652     33130    850010096  ||       2604-3943         8777|----------------
--    00030        22480     51582   1275016537  ||       3944-5283         8370|----------------
--    00040        21535     70910   1700013469  ||       5284-6623         7275|--------------
--    00050        20709     91043   2125022989  ||       6624-7963         6436|------------
--    00060        19933    111959   2550010265  ||       7964-9303         5677|-----------
--    00070        19107    133726   2975025026  ||       9304-10643        4981|----------
--    00080        18041    156569   3400014501  ||      10644-11983        4396|--------
--    00090        14945    181621   3825010229  ||      11984-13323        3857|-------
--    00100         1264    240090   4250008672  ||      13324-14663        3464|-------
--    001.000x              240090   4250008672  ||      14664-16003        4816|---------
--                                               ||      16004-17343       10695|--------------------
--                                               ||      17344-18683       23141|------------------------------------------
--                                               ||      18684-20023       34264|---------------------------------------------------------------
--                                               ||      20024-21363       34782|---------------------------------------------------------------
--                                               ||      21364-22703       27201|--------------------------------------------------
--                                               ||      22704-24043       19219|-----------------------------------
--                                               ||      24044-25383       12837|------------------------
--                                               ||      25384-26723        7986|---------------
--                                               ||      26724-28063        4437|---------
--                                               ||      28064-29403        2036|----
--                                               ||      29404-30743         767|--
--                                               ||      30744-32083         234|-
--                                               ||      32084-33423          38|-
--                                               ||      33424-34763           6|-
--                                               ||      34764-36103           1|-
--                                               ||      36104-37443           0|
--                                               ||      37444-38783           3|-
--                                               ||      38784-40123           2|-
--                                               ||      40124-41463           2|-
--                                               ||      41464-42803           1|-
--                                               ||      42804-44143           1|-
--                                               ||      44144-45483           1|-
--                                               ||      45484-46823           1|-
--                                               ||      46824-48163           3|-
--                                               ||      48164-49503           0|
--                                               ||      49504-50843           1|-
--                                               ||      50844-52183           0|
--                                               ||      52184-53523           0|
--                                               ||      53524-54863           1|-
--    
--
-- In sequence store './N8-4.seqStore':
--   Found 240090 reads.
--   Found 4250008672 bases (50 times coverage).
--    Histogram of corrected-trimmed reads:
--    
--    G=4250008672                       sum of  ||               length     num
--    NG         length     index       lengths  ||                range    seqs
--    ----- ------------ --------- ------------  ||  ------------------- -------
--    00010        25357     15735    425020123  ||       1264-2603         4381|--------
--    00020        23652     33130    850010096  ||       2604-3943         8777|----------------
--    00030        22480     51582   1275016537  ||       3944-5283         8370|----------------
--    00040        21535     70910   1700013469  ||       5284-6623         7275|--------------
--    00050        20709     91043   2125022989  ||       6624-7963         6436|------------
--    00060        19933    111959   2550010265  ||       7964-9303         5677|-----------
--    00070        19107    133726   2975025026  ||       9304-10643        4981|----------
--    00080        18041    156569   3400014501  ||      10644-11983        4396|--------
--    00090        14945    181621   3825010229  ||      11984-13323        3857|-------
--    00100         1264    240090   4250008672  ||      13324-14663        3464|-------
--    001.000x              240090   4250008672  ||      14664-16003        4816|---------
--                                               ||      16004-17343       10695|--------------------
--                                               ||      17344-18683       23141|------------------------------------------
--                                               ||      18684-20023       34264|---------------------------------------------------------------
--                                               ||      20024-21363       34782|---------------------------------------------------------------
--                                               ||      21364-22703       27201|--------------------------------------------------
--                                               ||      22704-24043       19219|-----------------------------------
--                                               ||      24044-25383       12837|------------------------
--                                               ||      25384-26723        7986|---------------
--                                               ||      26724-28063        4437|---------
--                                               ||      28064-29403        2036|----
--                                               ||      29404-30743         767|--
--                                               ||      30744-32083         234|-
--                                               ||      32084-33423          38|-
--                                               ||      33424-34763           6|-
--                                               ||      34764-36103           1|-
--                                               ||      36104-37443           0|
--                                               ||      37444-38783           3|-
--                                               ||      38784-40123           2|-
--                                               ||      40124-41463           2|-
--                                               ||      41464-42803           1|-
--                                               ||      42804-44143           1|-
--                                               ||      44144-45483           1|-
--                                               ||      45484-46823           1|-
--                                               ||      46824-48163           3|-
--                                               ||      48164-49503           0|
--                                               ||      49504-50843           1|-
--                                               ||      50844-52183           0|
--                                               ||      52184-53523           0|
--                                               ||      53524-54863           1|-
--    
--
-- Correction skipped; not enabled.
--
-- Trimming skipped; not enabled.
--
-- BEGIN ASSEMBLY
----------------------------------------
-- Starting command on Tue Jan 20 18:18:32 2026 with 4181816.625 GB free disk space

    cd unitigging/0-mercounts
    ./meryl-configure.sh \
    > ./meryl-configure.err 2>&1

-- Finished on Tue Jan 20 18:18:33 2026 (one second) with 4181816.625 GB free disk space
----------------------------------------
--  segments   memory batches
--  -------- -------- -------
--        01 10.72 GB       2
--        02  5.68 GB       2
--        04  2.94 GB       2
--        06  2.13 GB       2
--        08  1.60 GB       2
--        12  1.07 GB       2
--        16  0.80 GB       2
--        20  0.64 GB       2
--        24  0.54 GB       2
--        32  0.40 GB       2
--        40  0.32 GB       2
--        48  -.-- GB       -  (segment size too small)
--        56  -.-- GB       -  (segment size too small)
--        64  -.-- GB       -  (segment size too small)
--        96  -.-- GB       -  (segment size too small)
--
--  For 240090 reads with 4250008672 bases, limit to 42 batches.
--  Will count kmers using 01 jobs, each using 12 GB and 4 threads.
--
-- Finished stage 'merylConfigure', reset canuIteration.
--
-- Running jobs.  First attempt out of 2.
----------------------------------------
-- Starting 'meryl' concurrent execution on Tue Jan 20 18:18:33 2026 with 4181816.578 GB free disk space (1 processes; 22 concurrently)

    cd unitigging/0-mercounts
    ./meryl-count.sh 1 > ./meryl-count.000001.out 2>&1

-- Finished on Tue Jan 20 18:22:00 2026 (207 seconds) with 4181330.562 GB free disk space
----------------------------------------
-- Found 1 Kmer counting (meryl) outputs.
-- Finished stage 'utg-merylCountCheck', reset canuIteration.
--
-- Running jobs.  First attempt out of 2.
----------------------------------------
-- Starting 'meryl' concurrent execution on Tue Jan 20 18:22:00 2026 with 4181330.531 GB free disk space (1 processes; 22 concurrently)

    cd unitigging/0-mercounts
    ./meryl-process.sh 1 > ./meryl-process.000001.out 2>&1

-- Finished on Tue Jan 20 18:22:04 2026 (4 seconds) with 4181330.218 GB free disk space
----------------------------------------
-- Meryl finished successfully.  Kmer frequency histogram:
--
-- WARNING: gnuplot failed.
--
----------------------------------------
--
--  22-mers                                                                                           Fraction
--    Occurrences   NumMers                                                                         Unique Total
--       1-     1         0                                                                        0.0000 0.0000
--       2-     2    158974                                                                        0.0035 0.0001
--       3-     4     52974                                                                        0.0044 0.0002
--       5-     7     13150                                                                        0.0049 0.0002
--       8-    11      4035                                                                        0.0050 0.0002
--      12-    16     21826                                                                        0.0051 0.0003
--      17-    22    143040                                                                        0.0058 0.0003
--      23-    29   1184308 ****                                                                   0.0102 0.0017
--      30-    37   6923147 *****************************                                          0.0440 0.0149
--      38-    46  16671386 ********************************************************************** 0.2235 0.1036
--      47-    56  12320403 ***************************************************                    0.6013 0.3318
--      57-    67   2605224 **********                                                             0.8474 0.5095
--      68-    79    747448 ***                                                                    0.8952 0.5505
--      80-    92   1004769 ****                                                                   0.9118 0.5679
--      93-   106    701491 **                                                                     0.9342 0.5952
--     107-   121    300694 *                                                                      0.9489 0.6157
--     122-   137    277873 *                                                                      0.9554 0.6260
--     138-   154    248261 *                                                                      0.9616 0.6373
--     155-   172    159238                                                                        0.9670 0.6485
--     173-   191    155339                                                                        0.9705 0.6565
--     192-   211    132408                                                                        0.9739 0.6653
--     212-   232    106862                                                                        0.9768 0.6735
--     233-   254     99741                                                                        0.9792 0.6809
--     255-   277     82122                                                                        0.9814 0.6885
--     278-   301     80689                                                                        0.9832 0.6953
--     302-   326     58961                                                                        0.9850 0.7024
--     327-   352     57978                                                                        0.9863 0.7082
--     353-   379     42629                                                                        0.9876 0.7143
--     380-   407     40293                                                                        0.9885 0.7192
--     408-   436     34677                                                                        0.9894 0.7241
--     437-   466     32009                                                                        0.9902 0.7287
--     467-   497     31328                                                                        0.9909 0.7332
--     498-   529     23603                                                                        0.9916 0.7379
--     530-   562     24299                                                                        0.9921 0.7417
--     563-   596     18226                                                                        0.9926 0.7458
--     597-   631     17012                                                                        0.9930 0.7491
--     632-   667     15190                                                                        0.9934 0.7523
--     668-   704     13417                                                                        0.9938 0.7554
--     705-   742     11937                                                                        0.9941 0.7582
--     743-   781     13268                                                                        0.9943 0.7610
--     782-   821     12950                                                                        0.9946 0.7642
--
--           0 (max occurrences)
--  3200480594 (total mers, non-unique)
--    44871893 (distinct mers, non-unique)
--           0 (unique mers)
-- Finished stage 'meryl-process', reset canuIteration.
--
-- Removing meryl database 'unitigging/0-mercounts/N8-4.ms22'.
--
-- OVERLAPPER (normal) (assembly) erate=0.01
--
----------------------------------------
-- Starting command on Tue Jan 20 18:22:04 2026 with 4181331.312 GB free disk space

    cd unitigging/1-overlapper
    /share/org/YZWL/yzwl_lixg/miniforge3/envs/canu_v.2.3/bin/overlapInCorePartition \
     -S  ../../N8-4.seqStore \
     -hl 160000000 \
     -rl 5000000000 \
     -ol 500 \
     -o  ./N8-4.partition \
    > ./N8-4.partition.err 2>&1

-- Finished on Tue Jan 20 18:22:04 2026 (furiously fast) with 4181331.296 GB free disk space
----------------------------------------
--
-- Configured 21 overlapInCore jobs.
-- Finished stage 'utg-overlapConfigure', reset canuIteration.
--
-- Running jobs.  First attempt out of 2.
----------------------------------------
-- Starting 'utgovl' concurrent execution on Tue Jan 20 18:22:04 2026 with 4181331.265 GB free disk space (21 processes; 11 concurrently)

    cd unitigging/1-overlapper
    ./overlap.sh 1 > ./overlap.000001.out 2>&1
    ./overlap.sh 2 > ./overlap.000002.out 2>&1
    ./overlap.sh 3 > ./overlap.000003.out 2>&1
    ./overlap.sh 4 > ./overlap.000004.out 2>&1
    ./overlap.sh 5 > ./overlap.000005.out 2>&1
    ./overlap.sh 6 > ./overlap.000006.out 2>&1
    ./overlap.sh 7 > ./overlap.000007.out 2>&1
    ./overlap.sh 8 > ./overlap.000008.out 2>&1
    ./overlap.sh 9 > ./overlap.000009.out 2>&1
    ./overlap.sh 10 > ./overlap.000010.out 2>&1
    ./overlap.sh 11 > ./overlap.000011.out 2>&1
    ./overlap.sh 12 > ./overlap.000012.out 2>&1
    ./overlap.sh 13 > ./overlap.000013.out 2>&1
    ./overlap.sh 14 > ./overlap.000014.out 2>&1
    ./overlap.sh 15 > ./overlap.000015.out 2>&1
    ./overlap.sh 16 > ./overlap.000016.out 2>&1
    ./overlap.sh 17 > ./overlap.000017.out 2>&1
    ./overlap.sh 18 > ./overlap.000018.out 2>&1
    ./overlap.sh 19 > ./overlap.000019.out 2>&1
    ./overlap.sh 20 > ./overlap.000020.out 2>&1
    ./overlap.sh 21 > ./overlap.000021.out 2>&1

-- Finished on Tue Jan 20 19:21:13 2026 (3549 seconds) with 4171649.156 GB free disk space
----------------------------------------
-- Found 21 overlapInCore output files.
--
-- overlapInCore compute 'unitigging/1-overlapper':
--   kmer hits
--     with no overlap       1330846767  55.5714286 +- 40641637.764
--     with an overlap         53206727  3.66666667 +- 1529505.594
--
--   overlaps                  53206727  3.66666667 +- 1529505.594
--     contained               10420050  .857142857 +- 294502.506
--     dovetail                42786677  0.80952381 +- 1240020.397
--
--   overlaps rejected
--     multiple per pair              0           0 +- 0
--     bad short window               0           0 +- 0
--     bad long window                0           0 +- 0
-- Finished stage 'utg-overlapCheck', reset canuIteration.
----------------------------------------
-- Starting command on Tue Jan 20 19:21:13 2026 with 4171649.14 GB free disk space

    cd unitigging
    /share/org/YZWL/yzwl_lixg/miniforge3/envs/canu_v.2.3/bin/ovStoreConfig \
     -S ../N8-4.seqStore \
     -M 4-8 \
     -L ./1-overlapper/ovljob.files \
     -create ./N8-4.ovlStore.config \
     > ./N8-4.ovlStore.config.txt \
    2> ./N8-4.ovlStore.config.err

-- Finished on Tue Jan 20 19:21:13 2026 (like a bat out of hell) with 4171625.937 GB free disk space
----------------------------------------
--
-- Creating overlap store unitigging/N8-4.ovlStore using:
--      1 bucket
--      1 slice
--        using at most 4 GB memory each
--
-- Running jobs.  First attempt out of 2.
----------------------------------------
-- Starting 'ovS' concurrent execution on Tue Jan 20 19:21:13 2026 with 4171625.921 GB free disk space (1 processes; 62 concurrently)

    cd unitigging
    ./N8-4.ovlStore.sh 1 > ./N8-4.ovlStore.000001.out 2>&1

-- Finished on Tue Jan 20 19:21:37 2026 (24 seconds) with 4171600.062 GB free disk space
----------------------------------------
-- Checking store.
----------------------------------------
-- Starting command on Tue Jan 20 19:21:37 2026 with 4171600.062 GB free disk space

    cd unitigging
    /share/org/YZWL/yzwl_lixg/miniforge3/envs/canu_v.2.3/bin/ovStoreDump \
     -S ../N8-4.seqStore \
     -O  ./N8-4.ovlStore \
     -counts \
     > ./N8-4.ovlStore/counts.dat 2> ./N8-4.ovlStore/counts.err

-- Finished on Tue Jan 20 19:21:37 2026 (in the blink of an eye) with 4171600.031 GB free disk space
----------------------------------------
--
-- Overlap store 'unitigging/N8-4.ovlStore' successfully constructed.
-- Found 106413454 overlaps for 233372 reads; 1357494 reads have no overlaps.
--
--
-- Purged 1.005 GB in 63 overlap output files.
----------------------------------------
-- Starting command on Tue Jan 20 19:21:38 2026 with 4171601.062 GB free disk space

    cd unitigging
    /share/org/YZWL/yzwl_lixg/miniforge3/envs/canu_v.2.3/bin/ovStoreStats \
     -C 50 \
     -S ../N8-4.seqStore \
     -O  ./N8-4.ovlStore \
     -o  ./N8-4.ovlStore \
     > ./N8-4.ovlStore.summary.err 2>&1

-- Finished on Tue Jan 20 19:21:53 2026 (15 seconds) with 4171491.203 GB free disk space
----------------------------------------
--
-- Overlap store 'unitigging/N8-4.ovlStore' contains:
--
--   category            reads     %          read length        feature size or coverage  analysis
--   ----------------  -------  -------  ----------------------  ------------------------  --------------------
--   middle-missing        133    0.06    16273.53 +- 6910.83        719.47 +- 955.60     (bad trimming)
--   middle-hump            21    0.01    17166.71 +- 1637.64       5596.71 +- 4245.18    (bad trimming)
--   no-5-prime            631    0.26    14371.37 +- 4473.18       1507.07 +- 2515.34    (bad trimming)
--   no-3-prime            815    0.34    12874.87 +- 5390.46       1524.77 +- 2484.36    (bad trimming)
--   
--   low-coverage         1057    0.44    10905.51 +- 5344.77          5.26 +- 3.48       (easy to assemble, potential for lower quality consensus)
--   unique             185867   77.42    13578.15 +- 5156.14         44.41 +- 8.56       (easy to assemble, perfect, yay)
--   repeat-cont         21446    8.93    11525.36 +- 4362.93       2288.18 +- 1822.26    (potential for consensus errors, no impact on assembly)
--   repeat-dove           300    0.12    19648.07 +- 1682.26        609.39 +- 1028.09    (hard to assemble, likely won't assemble correctly or even at all)
--   
--   span-repeat          2160    0.90    14533.14 +- 4446.77       3152.81 +- 3798.91    (read spans a large repeat, usually easy to assemble)
--   uniq-repeat-cont    12734    5.30    13354.18 +- 4305.83                             (should be uniquely placed, low potential for consensus errors, no impact on assembly)
--   uniq-repeat-dove     3502    1.46    18270.59 +- 2212.06                             (will end contigs, potential to misassemble)
--   uniq-anchor          4706    1.96    14387.51 +- 4173.87       8728.27 +- 4855.42    (repeat read, with unique section, probable bad read)
-- Finished stage 'utg-createOverlapStore', reset canuIteration.
--
-- Loading read lengths.
-- Loading number of overlaps per read.
--
-- Configure RED for 16gb memory.
--                   Batches of at most (unlimited) reads.
--                                      500000000 bases.
--                   Expecting evidence of at most 536870912 bases per iteration.
--
--           Total                                               Reads                 Olaps Evidence
--    Job   Memory      Read Range         Reads        Bases   Memory        Olaps   Memory   Memory  (Memory in MB)
--   ---- -------- ------------------- --------- ------------ -------- ------------ -------- --------
--      1 16385.82         1-34899          5437    108861298 13288.90      2177514    24.92  1024.00
--      2 16384.79     34900-71971          5613    108786861 13279.82      2880686    32.97  1024.00
--      3 16385.30     71972-116071         6633    108857960 13288.53      2164114    24.77  1024.00
--      4 16386.59    116072-153895         5710    108765198 13277.18      3269065    37.41  1024.00
--      5 16384.24    153896-191577         5668    108735302 13273.53      3382692    38.71  1024.00
--      6 16385.91    191578-234026         6503    108959019 13300.87      1139703    13.04  1024.00
--      7 16384.94    234027-278507         6752    108778532 13278.84      2979390    34.10  1024.00
--      8 16384.69    278508-315734         5627    108728117 13272.65      3498702    40.04  1024.00
--      9 16384.24    315735-356357         6116    108844430 13286.87      2216878    25.37  1024.00
--     10 16384.57    356358-406741         7589    108769019 13277.71      3046435    34.86  1024.00
--     11 16385.57    406742-443616         5555    108730331 13272.92      3551947    40.65  1024.00
--     12 16384.33    443617-483298         5901    108829515 13285.04      2384732    27.29  1024.00
--     13 16384.13    483299-534148         7664    108768248 13277.62      3016069    34.52  1024.00
--     14 16384.36    534149-570876         5471    108778099 13278.75      2936757    33.61  1024.00
--     15 16385.11    570877-609384         5826    108810887 13282.76      2651512    30.34  1024.00
--     16 16385.60    609385-658394         7372    108764756 13277.18      3182028    36.42  1024.00
--     17 16386.09    658395-696966         5769    108833288 13285.50      2498604    28.59  1024.00
--     18 16385.06    696967-734287         5621    108761062 13276.67      3179485    36.39  1024.00
--     19 16385.06    734288-777538         6492    108960560 13301.05      1049474    12.01  1024.00
--     20 16386.53    777539-820630         6518    108801537 13281.64      2873352    32.88  1024.00
--     21 16385.33    820631-857116         5471    108727521 13272.57      3560978    40.75  1024.00
--     22 16384.44    857117-895407         5784    108831865 13285.32      2369810    27.12  1024.00
--     23 16384.43    895408-939043         6712    108772461 13278.10      3000164    34.33  1024.00
--     24 16384.73    939044-976365         5510    108747606 13275.03      3294426    37.70  1024.00
--     25 16385.26    976366-1015313        5819    108858763 13288.61      2154212    24.65  1024.00
--     26 16386.87   1015314-1064351        7331    108822762 13284.26      2674992    30.61  1024.00
--     27 16384.01   1064352-1100042        5458    108823957 13284.35      2417295    27.66  1024.00
--     28 16384.11   1100043-1137865        5670    108754738 13275.90      3163458    36.20  1024.00
--     29 16386.04   1137866-1185347        7074    108923561 13296.56      1528105    17.49  1024.00
--     30 16385.16   1185348-1223841        5893    108844652 13286.89      2295514    26.27  1024.00
--     31 16386.26   1223842-1259923        5535    108623153 13259.84      4755179    54.42  1024.00
--     32 16384.14   1259924-1301532        6193    108922746 13296.43      1372737    15.71  1024.00
--     33 16385.76   1301533-1345317        6700    108799774 13281.43      2824339    32.32  1024.00
--     34 16384.21   1345318-1382259        5489    108732836 13273.22      3406929    38.99  1024.00
--     35 16385.82   1382260-1420564        5835    108851481 13287.72      2280423    26.10  1024.00
--     36 16386.60   1420565-1467519        7109    108816326 13283.47      2720330    31.13  1024.00
--     37 16386.37   1467520-1503650        5489    108763491 13276.97      3268721    37.41  1024.00
--     38 16384.24   1503651-1540886        5689    108845536 13286.99      2206958    25.26  1024.00
--     39 16385.10   1540887-1587898        7072    108782898 13279.38      2945725    33.71  1024.00
--     40  3883.46   1587899-1590866         420      6638526   810.38        94020     1.08  1024.00
--   ---- -------- ------------------- --------- ------------ -------- ------------ -------- --------
--                                                 4250008672             106413454
-- Finished stage 'readErrorDetectionConfigure', reset canuIteration.
--
-- Running jobs.  First attempt out of 2.
----------------------------------------
-- Starting 'red' concurrent execution on Tue Jan 20 19:21:59 2026 with 4171491.296 GB free disk space (40 processes; 22 concurrently)

    cd unitigging/3-overlapErrorAdjustment
    ./red.sh 1 > ./red.000001.out 2>&1
    ./red.sh 2 > ./red.000002.out 2>&1
    ./red.sh 3 > ./red.000003.out 2>&1
    ./red.sh 4 > ./red.000004.out 2>&1
    ./red.sh 5 > ./red.000005.out 2>&1
    ./red.sh 6 > ./red.000006.out 2>&1
    ./red.sh 7 > ./red.000007.out 2>&1
    ./red.sh 8 > ./red.000008.out 2>&1
    ./red.sh 9 > ./red.000009.out 2>&1
    ./red.sh 10 > ./red.000010.out 2>&1
    ./red.sh 11 > ./red.000011.out 2>&1
    ./red.sh 12 > ./red.000012.out 2>&1
    ./red.sh 13 > ./red.000013.out 2>&1
    ./red.sh 14 > ./red.000014.out 2>&1
    ./red.sh 15 > ./red.000015.out 2>&1
    ./red.sh 16 > ./red.000016.out 2>&1
    ./red.sh 17 > ./red.000017.out 2>&1
    ./red.sh 18 > ./red.000018.out 2>&1
    ./red.sh 19 > ./red.000019.out 2>&1
    ./red.sh 20 > ./red.000020.out 2>&1
    ./red.sh 21 > ./red.000021.out 2>&1
    ./red.sh 22 > ./red.000022.out 2>&1
    ./red.sh 23 > ./red.000023.out 2>&1
    ./red.sh 24 > ./red.000024.out 2>&1
    ./red.sh 25 > ./red.000025.out 2>&1
    ./red.sh 26 > ./red.000026.out 2>&1
    ./red.sh 27 > ./red.000027.out 2>&1
    ./red.sh 28 > ./red.000028.out 2>&1
    ./red.sh 29 > ./red.000029.out 2>&1
    ./red.sh 30 > ./red.000030.out 2>&1
    ./red.sh 31 > ./red.000031.out 2>&1
    ./red.sh 32 > ./red.000032.out 2>&1
    ./red.sh 33 > ./red.000033.out 2>&1
    ./red.sh 34 > ./red.000034.out 2>&1
    ./red.sh 35 > ./red.000035.out 2>&1
    ./red.sh 36 > ./red.000036.out 2>&1
    ./red.sh 37 > ./red.000037.out 2>&1
    ./red.sh 38 > ./red.000038.out 2>&1
    ./red.sh 39 > ./red.000039.out 2>&1
    ./red.sh 40 > ./red.000040.out 2>&1

-- Finished on Tue Jan 20 19:42:55 2026 (1256 seconds) with 4168483.687 GB free disk space
----------------------------------------
-- Found 40 read error detection output files.
-- Finished stage 'readErrorDetectionCheck', reset canuIteration.
--
-- Loading read lengths.
-- Loading number of overlaps per read.
--
-- Configure OEA for 8gb memory.
--                   Batches of at most (unlimited) reads.
--                                      300000000 bases.
--
--           Total                                               Reads                 Olaps  Adjusts
--    Job   Memory      Read Range         Reads        Bases   Memory        Olaps   Memory   Memory  (Memory in MB)
--   ---- -------- ------------------- --------- ------------ -------- ------------ -------- --------
--      1  2885.05         1-103035        15713    300020931   294.60      5916533   180.56   361.89
--      2  2967.44    103036-211894        16448    300011874   294.62      8615872   262.94   361.89
--      3  2958.51    211895-326531        17374    300005659   294.64      8322579   253.98   361.89
--      4  2932.49    326532-444845        17837    300016613   294.66      7469109   227.94   361.89
--      5  2933.42    444846-562987        17685    300015890   294.66      7499724   228.87   361.89
--      6  2922.46    562988-680370        17638    300006226   294.65      7141054   217.93   361.89
--      7  2968.01    680371-795378        17308    300005443   294.64      8633847   263.48   361.89
--      8  2901.54    795379-897661        15445    300021596   294.59      6457086   197.05   361.89
--      9  2948.19    897662-1007576       16577    300008144   294.62      7985127   243.69   361.89
--     10  2920.06   1007577-1121043       17091    300013808   294.64      7062526   215.53   361.89
--     11  2931.91   1121044-1235599       17259    300025500   294.65      7450466   227.37   361.89
--     12  2917.76   1235600-1348435       17090    300007291   294.63      6987434   213.24   361.89
--     13  2957.10   1348436-1461959       17128    300022824   294.65      8275822   252.56   361.89
--     14  2898.59   1461960-1565510       15772    300005650   294.59      6360565   194.11   361.89
--     15  2533.75   1565511-1590866        3725     49821223    55.63      2235710    68.23   361.89
--   ---- -------- ------------------- --------- ------------ -------- ------------ -------- --------
--                                                 4250008672             106413454
-- Finished stage 'overlapErrorAdjustmentConfigure', reset canuIteration.
--
-- Running jobs.  First attempt out of 2.
----------------------------------------
-- Starting 'oea' concurrent execution on Tue Jan 20 19:43:02 2026 with 4168442.64 GB free disk space (15 processes; 62 concurrently)

    cd unitigging/3-overlapErrorAdjustment
    ./oea.sh 1 > ./oea.000001.out 2>&1
    ./oea.sh 2 > ./oea.000002.out 2>&1
    ./oea.sh 3 > ./oea.000003.out 2>&1
    ./oea.sh 4 > ./oea.000004.out 2>&1
    ./oea.sh 5 > ./oea.000005.out 2>&1
    ./oea.sh 6 > ./oea.000006.out 2>&1
    ./oea.sh 7 > ./oea.000007.out 2>&1
    ./oea.sh 8 > ./oea.000008.out 2>&1
    ./oea.sh 9 > ./oea.000009.out 2>&1
    ./oea.sh 10 > ./oea.000010.out 2>&1
    ./oea.sh 11 > ./oea.000011.out 2>&1
    ./oea.sh 12 > ./oea.000012.out 2>&1
    ./oea.sh 13 > ./oea.000013.out 2>&1
    ./oea.sh 14 > ./oea.000014.out 2>&1
    ./oea.sh 15 > ./oea.000015.out 2>&1

-- Finished on Tue Jan 20 20:45:24 2026 (3742 seconds) with 4158995.546 GB free disk space
----------------------------------------
-- Found 15 overlap error adjustment output files.
-- Finished stage 'overlapErrorAdjustmentCheck', reset canuIteration.
----------------------------------------
-- Starting command on Tue Jan 20 20:45:24 2026 with 4158995.531 GB free disk space

    cd unitigging/3-overlapErrorAdjustment
    /share/org/YZWL/yzwl_lixg/miniforge3/envs/canu_v.2.3/bin/loadErates \
      -S ../../N8-4.seqStore \
      -O ../N8-4.ovlStore \
      -L ./oea.files \
    > ./oea.apply.err 2>&1

-- Finished on Tue Jan 20 20:45:24 2026 (furiously fast) with 4158995.312 GB free disk space
----------------------------------------
-- No report available.
-- Finished stage 'updateOverlapStore', reset canuIteration.
-- Finished stage 'unitig', reset canuIteration.
--
-- Running jobs.  First attempt out of 2.
----------------------------------------
-- Starting 'bat' concurrent execution on Tue Jan 20 20:45:24 2026 with 4158995.265 GB free disk space (1 processes; 1 concurrently)

    cd unitigging/4-unitigger
    ./unitigger.sh 1 > ./unitigger.000001.out 2>&1

-- Finished on Tue Jan 20 20:45:51 2026 (27 seconds) with 4158710.656 GB free disk space
----------------------------------------
-- Unitigger finished successfully.
--  
--  ERROR RATES
--  -----------
--                                                   --------threshold------
--  271164                       fraction error      fraction        percent
--  samples                              (1e-5)         error          error
--                   --------------------------      --------       --------
--  command line (-eg)                           ->     30.00        0.0300%
--  command line (-ef)                           ->  -----.--      ---.----%
--  command line (-eM)                           ->     30.00        0.0300%
--  mean + std.dev       0.36 +-  12 *     2.75  ->     33.34        0.0333%
--  median + mad         0.00 +-  12 *     0.00  ->      0.00        0.0000%
--  90th percentile                              ->      1.00        0.0010%  (enabled)
--  
--  BEST EDGE FILTERING
--  -------------------
--  At graph threshold 0.0300%, reads:
--    available to have edges:        50973
--    with at least one edge:         42999
--  
--  At max threshold 0.0300%, reads:  (not computed)
--    available to have edges:            0
--    with at least one edge:             0
--  
--  At tight threshold 0.0010%, reads with:
--    both edges below error threshold:     38981  (80.00% minReadsBest threshold = 34399)
--    one  edge  above error threshold:      2978
--    both edges above error threshold:      1040
--    at least one edge:                    42999
--  
--  At loose threshold 0.0300%, reads with:
--    both edges below error threshold:     42999  (80.00% minReadsBest threshold = 34399)
--    one  edge  above error threshold:         0
--    both edges above error threshold:         0
--    at least one edge:                    42999
--  
--  
--  INITIAL EDGES
--  -------- ----------------------------------------
--    184142 reads are contained
--   1368735 reads have no best edges (singleton)
--       300 reads have only one best edge (spur) 
--                133 are mutual best
--     37689 reads have two best edges 
--                783 have one mutual best edge
--              36481 have two mutual best edges
--  
--  
--  FINAL EDGES
--  -------- ----------------------------------------
--    184142 reads are contained
--   1369070 reads have no best edges (singleton)
--       172 reads have only one best edge (spur) 
--                136 are mutual best
--     37482 reads have two best edges 
--                650 have one mutual best edge
--              36479 have two mutual best edges
--  
--  
--  EDGE FILTERING
--  -------- ------------------------------------------
--         0 reads are ignored
--      9775 reads have a gap in overlap coverage
--       141 reads have lopsided best edges
-- Found, in version 1, after unitig construction:
--   contigs:      117 sequences, total length 69210564 bp (including 159 repeats of total length 3711212 bp).
--   bubbles:      148 sequences, total length 3579105 bp.
--   unassembled:  18368 sequences, total length 224729837 bp.
--
-- Contig sizes based on genome size 85mbp:
--
--            NG (bp)  LG (contigs)    sum (bp)
--         ----------  ------------  ----------
--     10     6639911             2    14032218
--     20     6223537             3    20255755
--     30     5847101             4    26102856
--     40     4600279             6    35322203
--     50     2935780             9    44624530
--     60     2429491            12    52688066
--     70     1419120            16    60011762
--     80       28194            55    68024515
--
-- Finished stage 'unitigCheck', reset canuIteration.
----------------------------------------
-- Starting command on Tue Jan 20 20:45:51 2026 with 4158710.64 GB free disk space

    cd unitigging
    /share/org/YZWL/yzwl_lixg/miniforge3/envs/canu_v.2.3/bin/utgcns \
      -S ../N8-4.seqStore \
      -T  ./N8-4.ctgStore 1 \
      -partition 0.8 1.5 0.1 \
    > ./N8-4.ctgStore/partitioning.log 2>&1

-- Finished on Tue Jan 20 20:46:00 2026 (9 seconds) with 4158722.828 GB free disk space
----------------------------------------
-- Using slow alignment for consensus (iteration '0').
-- Configured 11 consensus jobs.
-- Finished stage 'consensusConfigure', reset canuIteration.
--
-- Local: cns       11.000 GB    8 CPUs x  11 jobs   121.000 GB  88 CPUs  (consensus)
--
--
-- Running jobs.  First attempt out of 2.
----------------------------------------
-- Starting 'cns' concurrent execution on Tue Jan 20 20:46:00 2026 with 4158722.796 GB free disk space (11 processes; 11 concurrently)

    cd unitigging/5-consensus
    ./consensus.sh 1 > ./consensus.000001.out 2>&1
    ./consensus.sh 2 > ./consensus.000002.out 2>&1
    ./consensus.sh 3 > ./consensus.000003.out 2>&1
    ./consensus.sh 4 > ./consensus.000004.out 2>&1
    ./consensus.sh 5 > ./consensus.000005.out 2>&1
    ./consensus.sh 6 > ./consensus.000006.out 2>&1
    ./consensus.sh 7 > ./consensus.000007.out 2>&1
    ./consensus.sh 8 > ./consensus.000008.out 2>&1
    ./consensus.sh 9 > ./consensus.000009.out 2>&1
    ./consensus.sh 10 > ./consensus.000010.out 2>&1
    ./consensus.sh 11 > ./consensus.000011.out 2>&1

-- Finished on Tue Jan 20 20:52:54 2026 (414 seconds) with 4157853.25 GB free disk space
----------------------------------------
-- Using slow alignment for consensus (iteration '1').
-- Configured 11 consensus jobs.
-- All 11 consensus jobs finished successfully.
-- Finished stage 'consensusCheck', reset canuIteration.
-- Using slow alignment for consensus (iteration '0').
-- Configured 11 consensus jobs.
----------------------------------------
-- Starting command on Tue Jan 20 20:52:54 2026 with 4157853.187 GB free disk space

    cd unitigging
    /share/org/YZWL/yzwl_lixg/miniforge3/envs/canu_v.2.3/bin/tgStoreLoad \
      -S ../N8-4.seqStore \
      -T  ./N8-4.ctgStore 2 \
      -L ./5-consensus/ctgcns.files \
    > ./5-consensus/ctgcns.files.ctgStoreLoad.err 2>&1

-- Finished on Tue Jan 20 20:52:55 2026 (one second) with 4157852.359 GB free disk space
----------------------------------------
----------------------------------------
-- Starting command on Tue Jan 20 20:52:55 2026 with 4157852.359 GB free disk space

    cd unitigging
    /share/org/YZWL/yzwl_lixg/miniforge3/envs/canu_v.2.3/bin/tgTigDisplay \
      -S ../N8-4.seqStore \
      -b \
      -o ../N8-4.contigs.unsorted.bam \
      -L ./5-consensus/ctgcns.files \
    > ./5-consensus/ctgcns.files.contigs.bam.err 2>&1

-- Finished on Tue Jan 20 20:55:34 2026 (159 seconds) with 4157365.171 GB free disk space
----------------------------------------
----------------------------------------
-- Starting command on Tue Jan 20 20:55:34 2026 with 4157365.171 GB free disk space

    cd .
    samtools sort \
      --write-index \
      --threads 2 \
      -o ./N8-4.contigs.bam ./N8-4.contigs.unsorted.bam \
    > ./ctgcns.bam.err 2>&1

-- Finished on Tue Jan 20 20:56:33 2026 (59 seconds) with 4157289.375 GB free disk space
----------------------------------------
-- Purging consensus output after loading to ctgStore.
-- Purged 11 .cns outputs.
----------------------------------------
-- Starting command on Tue Jan 20 20:56:33 2026 with 4157291.14 GB free disk space

    cd unitigging
    /share/org/YZWL/yzwl_lixg/miniforge3/envs/canu_v.2.3/bin/tgStoreDump \
      -S ../N8-4.seqStore \
      -T ./N8-4.ctgStore 2 \
      -sizes -s 85000000 \
    > ./N8-4.ctgStore/seqDB.v002.sizes.txt
ZERO length suplied to intervalList::add(), ignoring interval.
ZERO length suplied to intervalList::add(), ignoring interval.
ZERO length suplied to intervalList::add(), ignoring interval.
ZERO length suplied to intervalList::add(), ignoring interval.
ZERO length suplied to intervalList::add(), ignoring interval.
ZERO length suplied to intervalList::add(), ignoring interval.
ZERO length suplied to intervalList::add(), ignoring interval.
ZERO length suplied to intervalList::add(), ignoring interval.
ZERO length suplied to intervalList::add(), ignoring interval.
ZERO length suplied to intervalList::add(), ignoring interval.
ZERO length suplied to intervalList::add(), ignoring interval.
ZERO length suplied to intervalList::add(), ignoring interval.
ZERO length suplied to intervalList::add(), ignoring interval.
ZERO length suplied to intervalList::add(), ignoring interval.
ZERO length suplied to intervalList::add(), ignoring interval.
ZERO length suplied to intervalList::add(), ignoring interval.
ZERO length suplied to intervalList::add(), ignoring interval.

-- Finished on Tue Jan 20 20:56:34 2026 (one second) with 4157291.14 GB free disk space
----------------------------------------
-- Found, in version 2, after consensus generation:
--   contigs:      117 sequences, total length 90336973 bp (including 159 repeats of total length 5185557 bp).
--   bubbles:      148 sequences, total length 4903012 bp.
--   unassembled:  18368 sequences, total length 314047776 bp.
--
-- Contig sizes based on genome size 85mbp:
--
--            NG (bp)  LG (contigs)    sum (bp)
--         ----------  ------------  ----------
--     10     9634697             1     9634697
--     20     8627540             2    18262237
--     30     8082266             3    26344503
--     40     5995893             5    39934809
--     50     5991698             6    45926507
--     60     3868034             8    54233582
--     70     3780414            10    61847076
--     80     3165477            12    68574474
--     90     1845875            16    78124879
--    100      672316            22    85193839
--
-- Finished stage 'consensusLoad', reset canuIteration.
----------------------------------------
-- Starting command on Tue Jan 20 20:56:34 2026 with 4157291.125 GB free disk space

    cd .
    /share/org/YZWL/yzwl_lixg/miniforge3/envs/canu_v.2.3/bin/tgStoreDump \
      -S ./N8-4.seqStore \
      -T ./unitigging/N8-4.ctgStore 2 \
      -o ./N8-4.contigs \
      -layout \
    > ./N8-4.contigs.layout.err 2>&1

-- Finished on Tue Jan 20 20:56:34 2026 (like a bat out of hell) with 4157291.078 GB free disk space
----------------------------------------
----------------------------------------
-- Starting command on Tue Jan 20 20:56:34 2026 with 4157291.078 GB free disk space

    cd .
    /share/org/YZWL/yzwl_lixg/miniforge3/envs/canu_v.2.3/bin/tgStoreDump \
      -S ./N8-4.seqStore \
      -T ./unitigging/N8-4.ctgStore 2 \
      -consensus -fasta \
      -unassembled \
    > ./N8-4.unassembled.fasta
    2> ./N8-4.unassembled.err
ZERO length suplied to intervalList::add(), ignoring interval.
ZERO length suplied to intervalList::add(), ignoring interval.
ZERO length suplied to intervalList::add(), ignoring interval.
ZERO length suplied to intervalList::add(), ignoring interval.
ZERO length suplied to intervalList::add(), ignoring interval.
ZERO length suplied to intervalList::add(), ignoring interval.
ZERO length suplied to intervalList::add(), ignoring interval.
ZERO length suplied to intervalList::add(), ignoring interval.
ZERO length suplied to intervalList::add(), ignoring interval.
ZERO length suplied to intervalList::add(), ignoring interval.
ZERO length suplied to intervalList::add(), ignoring interval.
ZERO length suplied to intervalList::add(), ignoring interval.
ZERO length suplied to intervalList::add(), ignoring interval.
ZERO length suplied to intervalList::add(), ignoring interval.
ZERO length suplied to intervalList::add(), ignoring interval.
ZERO length suplied to intervalList::add(), ignoring interval.
ZERO length suplied to intervalList::add(), ignoring interval.

-- Finished on Tue Jan 20 20:56:36 2026 (2 seconds) with 4157290.765 GB free disk space
----------------------------------------
----------------------------------------
-- Starting command on Tue Jan 20 20:56:36 2026 with 4157290.765 GB free disk space

    cd .
    /share/org/YZWL/yzwl_lixg/miniforge3/envs/canu_v.2.3/bin/tgStoreDump \
      -S ./N8-4.seqStore \
      -T ./unitigging/N8-4.ctgStore 2 \
      -consensus -fasta \
      -contigs \
    > ./N8-4.contigs.fasta
    2> ./N8-4.contigs.err
ZERO length suplied to intervalList::add(), ignoring interval.
ZERO length suplied to intervalList::add(), ignoring interval.
ZERO length suplied to intervalList::add(), ignoring interval.
ZERO length suplied to intervalList::add(), ignoring interval.
ZERO length suplied to intervalList::add(), ignoring interval.
ZERO length suplied to intervalList::add(), ignoring interval.
ZERO length suplied to intervalList::add(), ignoring interval.
ZERO length suplied to intervalList::add(), ignoring interval.
ZERO length suplied to intervalList::add(), ignoring interval.
ZERO length suplied to intervalList::add(), ignoring interval.
ZERO length suplied to intervalList::add(), ignoring interval.
ZERO length suplied to intervalList::add(), ignoring interval.
ZERO length suplied to intervalList::add(), ignoring interval.
ZERO length suplied to intervalList::add(), ignoring interval.
ZERO length suplied to intervalList::add(), ignoring interval.
ZERO length suplied to intervalList::add(), ignoring interval.
ZERO length suplied to intervalList::add(), ignoring interval.

-- Finished on Tue Jan 20 20:56:36 2026 (like a bat out of hell) with 4157290.671 GB free disk space
----------------------------------------
-- Finished stage 'generateOutputs', reset canuIteration.
--
-- Assembly 'N8-4' finished in '/share/org/YZWL/yzwl_lixg/project/28.大豆疫霉菌三代基因组/03.hicanu/N8-4/01.raw_output'.
--
-- Summary saved in 'N8-4.report'.
--
-- Sequences saved:
--   Contigs       -> 'N8-4.contigs.fasta'
--   Unassembled   -> 'N8-4.unassembled.fasta'
--
-- Read layouts saved:
--   Contigs       -> 'N8-4.contigs.layout'.
--
-- Bye.

Job 68952712 stderr output:

