2026-01-20 19:43:03.085 - WARNING - 命令错误输出|Command stderr:
-- canu master +27 changes (r10515 2a41e933b8de6ed66723d75d36dd071b46d2c347)
--
-- CITATIONS
--
-- For assemblies of PacBio HiFi reads:
--   Nurk S, Walenz BP, Rhiea A, Vollger MR, Logsdon GA, Grothe R, Miga KH, Eichler EE, Phillippy AM, Koren S.
--   HiCanu: accurate assembly of segmental duplications, satellites, and allelic variants from high-fidelity long reads.
--   biorXiv. 2020.
--   https://doi.org/10.1101/2020.03.14.992248
-- 
-- Read and contig alignments during correction and consensus use:
--   Šošic M, Šikic M.
--   Edlib: a C/C ++ library for fast, exact sequence alignment using edit distance.
--   Bioinformatics. 2017 May 1;33(9):1394-1395.
--   http://doi.org/10.1093/bioinformatics/btw753
-- 
-- Overlaps are generated using:
--   Berlin K, et al.
--   Assembling large genomes with single-molecule sequencing and locality-sensitive hashing.
--   Nat Biotechnol. 2015 Jun;33(6):623-30.
--   http://doi.org/10.1038/nbt.3238
-- 
--   Myers EW, et al.
--   A Whole-Genome Assembly of Drosophila.
--   Science. 2000 Mar 24;287(5461):2196-204.
--   http://doi.org/10.1126/science.287.5461.2196
-- 
-- Contig consensus sequences are generated using an algorithm derived from pbdagcon:
--   Chin CS, et al.
--   Nonhybrid, finished microbial genome assemblies from long-read SMRT sequencing data.
--   Nat Methods. 2013 Jun;10(6):563-9
--   http://doi.org/10.1038/nmeth.2474
-- 
-- CONFIGURE CANU
--
-- Detected Java(TM) Runtime Environment '17.0.15-internal' (from '/share/org/YZWL/yzwl_lixg/.local/bin/java') without -d64 support.
--
-- WARNING:
-- WARNING:  Failed to run gnuplot using command 'gnuplot'.
-- WARNING:  Plots will be disabled.
-- WARNING:
--
-- Detected samtools version '1.22' / htslib version 'htscodecs=1.6.3' (from 'samtools').
--
-- Detected 88 CPUs and 503 gigabytes of memory on the local machine.
--
-- Detected Slurm with 'sinfo' binary in /opt/skyformai/bin/sinfo.
--          Slurm disabled by useGrid=false
--
-- Detected  '' with 'pbsnodes' binary in /opt/skyformai/bin/pbsnodes.
--           disabled by useGrid=false
--
-- Detected LSF with 'bsub' binary in /opt/skyformai/bin/bsub.
--          LSF disabled by useGrid=false
--
-- Local machine mode enabled; grid support not detected or not allowed.
--
-- Found trimmed raw PacBio HiFi reads in the input files.
--
--                                (tag)Concurrency
--                         (tag)Threads          |
--                (tag)Memory         |          |
--        (tag)             |         |          |       total usage      algorithm
--        -------  ----------  --------   --------  --------------------  -----------------------------
-- Local: meryl     12.000 GB    4 CPUs x  22 jobs   264.000 GB  88 CPUs  (k-mer counting)
-- Local: cormhap   13.000 GB   11 CPUs x   8 jobs   104.000 GB  88 CPUs  (overlap detection with mhap)
-- Local: obtovl     8.000 GB    8 CPUs x  11 jobs    88.000 GB  88 CPUs  (overlap detection)
-- Local: utgovl     8.000 GB    8 CPUs x  11 jobs    88.000 GB  88 CPUs  (overlap detection)
-- Local: cor        -.--- GB    4 CPUs x   - jobs     -.--- GB   - CPUs  (read correction)
-- Local: ovb        4.000 GB    1 CPU  x  88 jobs   352.000 GB  88 CPUs  (overlap store bucketizer)
-- Local: ovs        8.000 GB    1 CPU  x  62 jobs   496.000 GB  62 CPUs  (overlap store sorting)
-- Local: red       16.000 GB    4 CPUs x  22 jobs   352.000 GB  88 CPUs  (read error detection)
-- Local: oea        8.000 GB    1 CPU  x  62 jobs   496.000 GB  62 CPUs  (overlap error adjustment)
-- Local: bat       32.000 GB    8 CPUs x   1 job     32.000 GB   8 CPUs  (contig construction with bogart)
-- Local: cns        -.--- GB    8 CPUs x   - jobs     -.--- GB   - CPUs  (consensus)
--
-- Generating assembly 'N3-9' in '/share/org/YZWL/yzwl_lixg/project/28.大豆疫霉菌三代基因组/03.hicanu/N3-9/01.raw_output':
--   genomeSize:
--     85000000
--
--   Overlap Generation Limits:
--     corOvlErrorRate 0.0000 (  0.00%)
--     obtOvlErrorRate 0.0250 (  2.50%)
--     utgOvlErrorRate 0.0100 (  1.00%)
--
--   Overlap Processing Limits:
--     corErrorRate    0.0000 (  0.00%)
--     obtErrorRate    0.0250 (  2.50%)
--     utgErrorRate    0.0003 (  0.03%)
--     cnsErrorRate    0.0500 (  5.00%)
--
--   Stages to run:
--     assemble HiFi reads.
--
--
-- BEGIN STORE CREATION
----------------------------------------
-- Starting command on Tue Jan 20 17:58:35 2026 with 4186073.64 GB free disk space

    cd .
    ./N3-9.seqStore.sh \
    > ./N3-9.seqStore.err 2>&1

-- Finished on Tue Jan 20 18:05:46 2026 (431 seconds) with 4184758.734 GB free disk space
----------------------------------------
--
-- In sequence store './N3-9.seqStore':
--   Found 292503 reads.
--   Found 4250009085 bases (50 times coverage).
--    Histogram of corrected reads:
--    
--    G=4250009085                       sum of  ||               length     num
--    NG         length     index       lengths  ||                range    seqs
--    ----- ------------ --------- ------------  ||  ------------------- -------
--    00010        22744     17244    425002261  ||       1238-2192         4730|----------
--    00020        20829     36834    850017661  ||       2193-3147         9976|--------------------
--    00030        19510     57943   1275005306  ||       3148-4102        11585|-----------------------
--    00040        18492     80337   1700021025  ||       4103-5057        10800|---------------------
--    00050        17636    103885   2125019825  ||       5058-6012         9877|-------------------
--    00060        16889    128515   2550014283  ||       6013-6967         8894|------------------
--    00070        16174    154220   2975006797  ||       6968-7922         8120|----------------
--    00080        15184    181232   3400022216  ||       7923-8877         7386|---------------
--    00090         9872    214380   3825016421  ||       8878-9832         6505|-------------
--    00100         1238    292503   4250009085  ||       9833-10787        5679|-----------
--    001.000x              292503   4250009085  ||      10788-11742        5187|----------
--                                               ||      11743-12697        4662|---------
--                                               ||      12698-13652        4845|----------
--                                               ||      13653-14607        5995|------------
--                                               ||      14608-15562       15131|-----------------------------
--                                               ||      15563-16517       31148|------------------------------------------------------------
--                                               ||      16518-17472       32919|---------------------------------------------------------------
--                                               ||      17473-18427       27081|----------------------------------------------------
--                                               ||      18428-19382       21517|------------------------------------------
--                                               ||      19383-20337       16589|--------------------------------
--                                               ||      20338-21292       12885|-------------------------
--                                               ||      21293-22247        9673|-------------------
--                                               ||      22248-23202        7234|--------------
--                                               ||      23203-24157        5151|----------
--                                               ||      24158-25112        3535|-------
--                                               ||      25113-26067        2397|-----
--                                               ||      26068-27022        1390|---
--                                               ||      27023-27977         853|--
--                                               ||      27978-28932         424|-
--                                               ||      28933-29887         204|-
--                                               ||      29888-30842          77|-
--                                               ||      30843-31797          29|-
--                                               ||      31798-32752           7|-
--                                               ||      32753-33707           2|-
--                                               ||      33708-34662           3|-
--                                               ||      34663-35617           5|-
--                                               ||      35618-36572           4|-
--                                               ||      36573-37527           1|-
--                                               ||      37528-38482           0|
--                                               ||      38483-39437           3|-
--    
--
-- In sequence store './N3-9.seqStore':
--   Found 292503 reads.
--   Found 4250009085 bases (50 times coverage).
--    Histogram of corrected-trimmed reads:
--    
--    G=4250009085                       sum of  ||               length     num
--    NG         length     index       lengths  ||                range    seqs
--    ----- ------------ --------- ------------  ||  ------------------- -------
--    00010        22744     17244    425002261  ||       1238-2192         4730|----------
--    00020        20829     36834    850017661  ||       2193-3147         9976|--------------------
--    00030        19510     57943   1275005306  ||       3148-4102        11585|-----------------------
--    00040        18492     80337   1700021025  ||       4103-5057        10800|---------------------
--    00050        17636    103885   2125019825  ||       5058-6012         9877|-------------------
--    00060        16889    128515   2550014283  ||       6013-6967         8894|------------------
--    00070        16174    154220   2975006797  ||       6968-7922         8120|----------------
--    00080        15184    181232   3400022216  ||       7923-8877         7386|---------------
--    00090         9872    214380   3825016421  ||       8878-9832         6505|-------------
--    00100         1238    292503   4250009085  ||       9833-10787        5679|-----------
--    001.000x              292503   4250009085  ||      10788-11742        5187|----------
--                                               ||      11743-12697        4662|---------
--                                               ||      12698-13652        4845|----------
--                                               ||      13653-14607        5995|------------
--                                               ||      14608-15562       15131|-----------------------------
--                                               ||      15563-16517       31148|------------------------------------------------------------
--                                               ||      16518-17472       32919|---------------------------------------------------------------
--                                               ||      17473-18427       27081|----------------------------------------------------
--                                               ||      18428-19382       21517|------------------------------------------
--                                               ||      19383-20337       16589|--------------------------------
--                                               ||      20338-21292       12885|-------------------------
--                                               ||      21293-22247        9673|-------------------
--                                               ||      22248-23202        7234|--------------
--                                               ||      23203-24157        5151|----------
--                                               ||      24158-25112        3535|-------
--                                               ||      25113-26067        2397|-----
--                                               ||      26068-27022        1390|---
--                                               ||      27023-27977         853|--
--                                               ||      27978-28932         424|-
--                                               ||      28933-29887         204|-
--                                               ||      29888-30842          77|-
--                                               ||      30843-31797          29|-
--                                               ||      31798-32752           7|-
--                                               ||      32753-33707           2|-
--                                               ||      33708-34662           3|-
--                                               ||      34663-35617           5|-
--                                               ||      35618-36572           4|-
--                                               ||      36573-37527           1|-
--                                               ||      37528-38482           0|
--                                               ||      38483-39437           3|-
--    
--
-- Correction skipped; not enabled.
--
-- Trimming skipped; not enabled.
--
-- BEGIN ASSEMBLY
----------------------------------------
-- Starting command on Tue Jan 20 18:05:47 2026 with 4184758.687 GB free disk space

    cd unitigging/0-mercounts
    ./meryl-configure.sh \
    > ./meryl-configure.err 2>&1

-- Finished on Tue Jan 20 18:05:47 2026 (like a bat out of hell) with 4184758.687 GB free disk space
----------------------------------------
--  segments   memory batches
--  -------- -------- -------
--        01 10.72 GB       2
--        02  5.68 GB       2
--        04  2.90 GB       2
--        06  2.11 GB       2
--        08  1.58 GB       2
--        12  1.06 GB       2
--        16  0.79 GB       2
--        20  0.64 GB       2
--        24  0.53 GB       2
--        32  0.40 GB       2
--        40  0.32 GB       2
--        48  -.-- GB       -  (segment size too small)
--        56  -.-- GB       -  (segment size too small)
--        64  -.-- GB       -  (segment size too small)
--        96  -.-- GB       -  (segment size too small)
--
--  For 292503 reads with 4250009085 bases, limit to 42 batches.
--  Will count kmers using 01 jobs, each using 12 GB and 4 threads.
--
-- Finished stage 'merylConfigure', reset canuIteration.
--
-- Running jobs.  First attempt out of 2.
----------------------------------------
-- Starting 'meryl' concurrent execution on Tue Jan 20 18:05:47 2026 with 4184758.656 GB free disk space (1 processes; 22 concurrently)

    cd unitigging/0-mercounts
    ./meryl-count.sh 1 > ./meryl-count.000001.out 2>&1

-- Finished on Tue Jan 20 18:09:07 2026 (200 seconds) with 4184192.593 GB free disk space
----------------------------------------
-- Found 1 Kmer counting (meryl) outputs.
-- Finished stage 'utg-merylCountCheck', reset canuIteration.
--
-- Running jobs.  First attempt out of 2.
----------------------------------------
-- Starting 'meryl' concurrent execution on Tue Jan 20 18:09:07 2026 with 4184192.562 GB free disk space (1 processes; 22 concurrently)

    cd unitigging/0-mercounts
    ./meryl-process.sh 1 > ./meryl-process.000001.out 2>&1

-- Finished on Tue Jan 20 18:09:10 2026 (3 seconds) with 4184185 GB free disk space
----------------------------------------
-- Meryl finished successfully.  Kmer frequency histogram:
--
-- WARNING: gnuplot failed.
--
----------------------------------------
--
--  22-mers                                                                                           Fraction
--    Occurrences   NumMers                                                                         Unique Total
--       1-     1         0                                                                        0.0000 0.0000
--       2-     2    222184                                                                        0.0049 0.0001
--       3-     4     94036                                                                        0.0064 0.0002
--       5-     7     37633                                                                        0.0074 0.0003
--       8-    11     18103                                                                        0.0080 0.0003
--      12-    16     27586                                                                        0.0084 0.0004
--      17-    22    279905 *                                                                      0.0092 0.0006
--      23-    29   2590650 **********                                                             0.0180 0.0032
--      30-    37  11102246 *********************************************                          0.0909 0.0320
--      38-    46  16949672 ********************************************************************** 0.3648 0.1678
--      47-    56   7679953 *******************************                                        0.7275 0.3869
--      57-    67   1479004 ******                                                                 0.8742 0.4931
--      68-    79    913005 ***                                                                    0.9030 0.5183
--      80-    92    919620 ***                                                                    0.9237 0.5402
--      93-   106    447854 *                                                                      0.9433 0.5642
--     107-   121    316964 *                                                                      0.9527 0.5775
--     122-   137    273259 *                                                                      0.9597 0.5888
--     138-   154    184957                                                                        0.9657 0.5999
--     155-   172    156401                                                                        0.9697 0.6081
--     173-   191    133953                                                                        0.9731 0.6162
--     192-   211    118420                                                                        0.9761 0.6237
--     212-   232     99138                                                                        0.9787 0.6313
--     233-   254     99026                                                                        0.9809 0.6382
--     255-   277     82015                                                                        0.9831 0.6457
--     278-   301     71552                                                                        0.9849 0.6527
--     302-   326     58284                                                                        0.9865 0.6591
--     327-   352     48400                                                                        0.9878 0.6648
--     353-   379     40872                                                                        0.9888 0.6700
--     380-   407     38014                                                                        0.9897 0.6747
--     408-   436     31061                                                                        0.9906 0.6793
--     437-   466     26324                                                                        0.9913 0.6834
--     467-   497     26314                                                                        0.9919 0.6872
--     498-   529     22995                                                                        0.9924 0.6912
--     530-   562     22308                                                                        0.9929 0.6949
--     563-   596     16890                                                                        0.9934 0.6987
--     597-   631     13763                                                                        0.9938 0.7018
--     632-   667     12485                                                                        0.9941 0.7044
--     668-   704     12306                                                                        0.9944 0.7070
--     705-   742     13886                                                                        0.9947 0.7096
--     743-   781     11892                                                                        0.9950 0.7128
--     782-   821     12892                                                                        0.9952 0.7157
--
--           0 (max occurrences)
--  3172099789 (total mers, non-unique)
--    44906937 (distinct mers, non-unique)
--           0 (unique mers)
-- Finished stage 'meryl-process', reset canuIteration.
--
-- Removing meryl database 'unitigging/0-mercounts/N3-9.ms22'.
--
-- OVERLAPPER (normal) (assembly) erate=0.01
--
----------------------------------------
-- Starting command on Tue Jan 20 18:09:10 2026 with 4184185.937 GB free disk space

    cd unitigging/1-overlapper
    /share/org/YZWL/yzwl_lixg/miniforge3/envs/canu_v.2.3/bin/overlapInCorePartition \
     -S  ../../N3-9.seqStore \
     -hl 160000000 \
     -rl 5000000000 \
     -ol 500 \
     -o  ./N3-9.partition \
    > ./N3-9.partition.err 2>&1

-- Finished on Tue Jan 20 18:09:10 2026 (lickety-split) with 4184185.921 GB free disk space
----------------------------------------
--
-- Configured 20 overlapInCore jobs.
-- Finished stage 'utg-overlapConfigure', reset canuIteration.
--
-- Running jobs.  First attempt out of 2.
----------------------------------------
-- Starting 'utgovl' concurrent execution on Tue Jan 20 18:09:10 2026 with 4184185.89 GB free disk space (20 processes; 11 concurrently)

    cd unitigging/1-overlapper
    ./overlap.sh 1 > ./overlap.000001.out 2>&1
    ./overlap.sh 2 > ./overlap.000002.out 2>&1
    ./overlap.sh 3 > ./overlap.000003.out 2>&1
    ./overlap.sh 4 > ./overlap.000004.out 2>&1
    ./overlap.sh 5 > ./overlap.000005.out 2>&1
    ./overlap.sh 6 > ./overlap.000006.out 2>&1
    ./overlap.sh 7 > ./overlap.000007.out 2>&1
    ./overlap.sh 8 > ./overlap.000008.out 2>&1
    ./overlap.sh 9 > ./overlap.000009.out 2>&1
    ./overlap.sh 10 > ./overlap.000010.out 2>&1
    ./overlap.sh 11 > ./overlap.000011.out 2>&1
    ./overlap.sh 12 > ./overlap.000012.out 2>&1
    ./overlap.sh 13 > ./overlap.000013.out 2>&1
    ./overlap.sh 14 > ./overlap.000014.out 2>&1
    ./overlap.sh 15 > ./overlap.000015.out 2>&1
    ./overlap.sh 16 > ./overlap.000016.out 2>&1
    ./overlap.sh 17 > ./overlap.000017.out 2>&1
    ./overlap.sh 18 > ./overlap.000018.out 2>&1
    ./overlap.sh 19 > ./overlap.000019.out 2>&1
    ./overlap.sh 20 > ./overlap.000020.out 2>&1

-- Finished on Tue Jan 20 18:52:14 2026 (2584 seconds) with 4176189.265 GB free disk space
----------------------------------------
-- Found 20 overlapInCore output files.
--
-- overlapInCore compute 'unitigging/1-overlapper':
--   kmer hits
--     with no overlap       1163512803  8175640.15 +- 33691128.849
--     with an overlap         21312726   1065636.3 +- 640577.643
--
--   overlaps                  21312726   1065636.3 +- 640577.643
--     contained                5227081   261354.05 +- 155313.368
--     dovetail                16085645   804282.25 +- 486613.724
--
--   overlaps rejected
--     multiple per pair              0           0 +- 0
--     bad short window               0           0 +- 0
--     bad long window                0           0 +- 0
-- Finished stage 'utg-overlapCheck', reset canuIteration.
----------------------------------------
-- Starting command on Tue Jan 20 18:52:14 2026 with 4176189.25 GB free disk space

    cd unitigging
    /share/org/YZWL/yzwl_lixg/miniforge3/envs/canu_v.2.3/bin/ovStoreConfig \
     -S ../N3-9.seqStore \
     -M 4-8 \
     -L ./1-overlapper/ovljob.files \
     -create ./N3-9.ovlStore.config \
     > ./N3-9.ovlStore.config.txt \
    2> ./N3-9.ovlStore.config.err

-- Finished on Tue Jan 20 18:52:14 2026 (like a bat out of hell) with 4176189.234 GB free disk space
----------------------------------------
--
-- Creating overlap store unitigging/N3-9.ovlStore using:
--      1 bucket
--      1 slice
--        using at most 2 GB memory each
--
-- Running jobs.  First attempt out of 2.
----------------------------------------
-- Starting 'ovS' concurrent execution on Tue Jan 20 18:52:14 2026 with 4176189.218 GB free disk space (1 processes; 62 concurrently)

    cd unitigging
    ./N3-9.ovlStore.sh 1 > ./N3-9.ovlStore.000001.out 2>&1

-- Finished on Tue Jan 20 18:52:23 2026 (9 seconds) with 4176192.89 GB free disk space
----------------------------------------
-- Checking store.
----------------------------------------
-- Starting command on Tue Jan 20 18:52:23 2026 with 4176192.89 GB free disk space

    cd unitigging
    /share/org/YZWL/yzwl_lixg/miniforge3/envs/canu_v.2.3/bin/ovStoreDump \
     -S ../N3-9.seqStore \
     -O  ./N3-9.ovlStore \
     -counts \
     > ./N3-9.ovlStore/counts.dat 2> ./N3-9.ovlStore/counts.err

-- Finished on Tue Jan 20 18:52:23 2026 (like a bat out of hell) with 4176192.859 GB free disk space
----------------------------------------
--
-- Overlap store 'unitigging/N3-9.ovlStore' successfully constructed.
-- Found 42625452 overlaps for 261074 reads; 1704043 reads have no overlaps.
--
--
-- Purged 0.515 GB in 60 overlap output files.
----------------------------------------
-- Starting command on Tue Jan 20 18:52:24 2026 with 4176192.859 GB free disk space

    cd unitigging
    /share/org/YZWL/yzwl_lixg/miniforge3/envs/canu_v.2.3/bin/ovStoreStats \
     -C 50 \
     -S ../N3-9.seqStore \
     -O  ./N3-9.ovlStore \
     -o  ./N3-9.ovlStore \
     > ./N3-9.ovlStore.summary.err 2>&1

-- Finished on Tue Jan 20 18:52:30 2026 (6 seconds) with 4176192.828 GB free disk space
----------------------------------------
--
-- Overlap store 'unitigging/N3-9.ovlStore' contains:
--
--   category            reads     %          read length        feature size or coverage  analysis
--   ----------------  -------  -------  ----------------------  ------------------------  --------------------
--   middle-missing        226    0.08    13263.66 +- 5422.85        724.75 +- 1010.42    (bad trimming)
--   middle-hump            71    0.02    12150.45 +- 3302.79       4092.07 +- 3171.39    (bad trimming)
--   no-5-prime           1343    0.46    11930.86 +- 3652.50       2384.96 +- 2719.46    (bad trimming)
--   no-3-prime           1587    0.54    11637.10 +- 3922.24       2418.60 +- 2678.74    (bad trimming)
--   
--   low-coverage         5022    1.72    10064.65 +- 3774.26          5.86 +- 3.67       (easy to assemble, potential for lower quality consensus)
--   unique             209931   71.77    11063.75 +- 4878.33         41.25 +- 8.42       (easy to assemble, perfect, yay)
--   repeat-cont         14427    4.93     9843.64 +- 4726.09        849.09 +- 761.96     (potential for consensus errors, no impact on assembly)
--   repeat-dove           211    0.07    18613.83 +- 1785.34        457.06 +- 498.96     (hard to assemble, likely won't assemble correctly or even at all)
--   
--   span-repeat          4238    1.45    12464.40 +- 3924.12       3322.57 +- 3284.65    (read spans a large repeat, usually easy to assemble)
--   uniq-repeat-cont    15491    5.30    11202.10 +- 3973.13                             (should be uniquely placed, low potential for consensus errors, no impact on assembly)
--   uniq-repeat-dove     3403    1.16    16285.75 +- 2427.93                             (will end contigs, potential to misassemble)
--   uniq-anchor          5124    1.75    12049.14 +- 3918.67       7365.33 +- 4245.96    (repeat read, with unique section, probable bad read)
-- Finished stage 'utg-createOverlapStore', reset canuIteration.
--
-- Loading read lengths.
-- Loading number of overlaps per read.
--
-- Configure RED for 16gb memory.
--                   Batches of at most (unlimited) reads.
--                                      500000000 bases.
--                   Expecting evidence of at most 536870912 bases per iteration.
--
--           Total                                               Reads                 Olaps Evidence
--    Job   Memory      Read Range         Reads        Bases   Memory        Olaps   Memory   Memory  (Memory in MB)
--   ---- -------- ------------------- --------- ------------ -------- ------------ -------- --------
--      1 16385.87         1-44717          6710    108986350 13304.21       844216     9.66  1024.00
--      2 16384.82     44718-89748          6671    108983609 13303.87       781970     8.95  1024.00
--      3 16384.54     89749-140226         7496    108929185 13297.26      1335242    15.28  1024.00
--      4 16384.87    140227-201688         9076    108937279 13298.29      1273574    14.57  1024.00
--      5 16384.21    201689-244677         6620    108977822 13303.17       789943     9.04  1024.00
--      6 16384.24    244678-292389         7193    108931953 13297.58      1280876    14.66  1024.00
--      7 16385.37    292390-357900         9740    108933963 13297.91      1351274    15.46  1024.00
--      8 16384.64    357901-401306         6513    108988703 13304.49       711934     8.15  1024.00
--      9 16385.00    401307-447716         6914    108940067 13298.57      1261612    14.44  1024.00
--     10 16386.47    447717-509840         9161    108939790 13298.60      1386297    15.86  1024.00
--     11 16384.75    509841-558334         7173    108981067 13303.58       801565     9.17  1024.00
--     12 16384.58    558335-603988         6806    108935998 13298.07      1268337    14.51  1024.00
--     13 16384.06    603989-659621         8319    108928425 13297.19      1299260    14.87  1024.00
--     14 16384.45    659622-716124         8361    108972703 13302.60       860978     9.85  1024.00
--     15 16384.53    716125-761371         6728    108939210 13298.46      1229928    14.08  1024.00
--     16 16384.41    761372-814389         7950    108965435 13301.69       936220    10.71  1024.00
--     17 16384.14    814390-875027         9030    108932027 13297.65      1266211    14.49  1024.00
--     18 16384.79    875028-919533         6636    108983207 13303.82       783772     8.97  1024.00
--     19 16385.32    919534-968941         7302    108931325 13297.51      1381620    15.81  1024.00
--     20 16386.30    968942-1029613        8934    108957330 13300.74      1184883    13.56  1024.00
--     21 16386.38   1029614-1073777        6492    108998260 13305.66       762736     8.73  1024.00
--     22 16385.01   1073778-1119672        6910    108935373 13297.99      1312685    15.02  1024.00
--     23 16384.24   1119673-1178813        8829    108937829 13298.35      1213762    13.89  1024.00
--     24 16385.90   1178814-1221811        6385    109001535 13306.05       685338     7.84  1024.00
--     25 16384.49   1221812-1267322        6765    108932027 13297.58      1303297    14.92  1024.00
--     26 16385.05   1267323-1325937        8773    108931258 13297.55      1354410    15.50  1024.00
--     27 16387.38   1325938-1372217        6923    109013266 13307.50       688072     7.87  1024.00
--     28 16384.50   1372218-1417447        6638    108933207 13297.72      1291729    14.78  1024.00
--     29 16385.02   1417448-1470136        7723    108948080 13299.57      1174972    13.45  1024.00
--     30 16384.25   1470137-1521408        7759    108966278 13301.79       914085    10.46  1024.00
--     31 16384.00   1521409-1564975        6478    108954677 13300.34      1019298    11.66  1024.00
--     32 16385.29   1564976-1614096        7286    108959733 13300.98      1075546    12.31  1024.00
--     33 16384.83   1614097-1669481        8208    108943115 13298.98      1210209    13.85  1024.00
--     34 16385.73   1669482-1712877        6423    108992817 13304.99       763503     8.74  1024.00
--     35 16385.47   1712878-1759752        6931    108943389 13298.97      1266621    14.50  1024.00
--     36 16385.21   1759753-1817571        8701    108944149 13299.12      1231621    14.09  1024.00
--     37 16385.55   1817572-1860402        6436    108996030 13305.38       713513     8.17  1024.00
--     38 16385.21   1860403-1905491        6774    108932690 13297.66      1358619    15.55  1024.00
--     39 16385.18   1905492-1964590        8674    108942700 13298.94      1244229    14.24  1024.00
--     40  3160.91   1964591-1965117          62       727224    88.77        11495     0.13  1024.00
--   ---- -------- ------------------- --------- ------------ -------- ------------ -------- --------
--                                                 4250009085              42625452
-- Finished stage 'readErrorDetectionConfigure', reset canuIteration.
--
-- Running jobs.  First attempt out of 2.
----------------------------------------
-- Starting 'red' concurrent execution on Tue Jan 20 18:52:37 2026 with 4176192.781 GB free disk space (40 processes; 22 concurrently)

    cd unitigging/3-overlapErrorAdjustment
    ./red.sh 1 > ./red.000001.out 2>&1
    ./red.sh 2 > ./red.000002.out 2>&1
    ./red.sh 3 > ./red.000003.out 2>&1
    ./red.sh 4 > ./red.000004.out 2>&1
    ./red.sh 5 > ./red.000005.out 2>&1
    ./red.sh 6 > ./red.000006.out 2>&1
    ./red.sh 7 > ./red.000007.out 2>&1
    ./red.sh 8 > ./red.000008.out 2>&1
    ./red.sh 9 > ./red.000009.out 2>&1
    ./red.sh 10 > ./red.000010.out 2>&1
    ./red.sh 11 > ./red.000011.out 2>&1
    ./red.sh 12 > ./red.000012.out 2>&1
    ./red.sh 13 > ./red.000013.out 2>&1
    ./red.sh 14 > ./red.000014.out 2>&1
    ./red.sh 15 > ./red.000015.out 2>&1
    ./red.sh 16 > ./red.000016.out 2>&1
    ./red.sh 17 > ./red.000017.out 2>&1
    ./red.sh 18 > ./red.000018.out 2>&1
    ./red.sh 19 > ./red.000019.out 2>&1
    ./red.sh 20 > ./red.000020.out 2>&1
    ./red.sh 21 > ./red.000021.out 2>&1
    ./red.sh 22 > ./red.000022.out 2>&1
    ./red.sh 23 > ./red.000023.out 2>&1
    ./red.sh 24 > ./red.000024.out 2>&1
    ./red.sh 25 > ./red.000025.out 2>&1
    ./red.sh 26 > ./red.000026.out 2>&1
    ./red.sh 27 > ./red.000027.out 2>&1
    ./red.sh 28 > ./red.000028.out 2>&1
    ./red.sh 29 > ./red.000029.out 2>&1
    ./red.sh 30 > ./red.000030.out 2>&1
    ./red.sh 31 > ./red.000031.out 2>&1
    ./red.sh 32 > ./red.000032.out 2>&1
    ./red.sh 33 > ./red.000033.out 2>&1
    ./red.sh 34 > ./red.000034.out 2>&1
    ./red.sh 35 > ./red.000035.out 2>&1
    ./red.sh 36 > ./red.000036.out 2>&1
    ./red.sh 37 > ./red.000037.out 2>&1
    ./red.sh 38 > ./red.000038.out 2>&1
    ./red.sh 39 > ./red.000039.out 2>&1
    ./red.sh 40 > ./red.000040.out 2>&1

-- Finished on Tue Jan 20 19:02:49 2026 (612 seconds) with 4174579.234 GB free disk space
----------------------------------------
-- Found 40 read error detection output files.
-- Finished stage 'readErrorDetectionCheck', reset canuIteration.
--
-- Loading read lengths.
-- Loading number of overlaps per read.
--
-- Configure OEA for 8gb memory.
--                   Batches of at most (unlimited) reads.
--                                      300000000 bases.
--
--           Total                                               Reads                 Olaps  Adjusts
--    Job   Memory      Read Range         Reads        Bases   Memory        Olaps   Memory   Memory  (Memory in MB)
--   ---- -------- ------------------- --------- ------------ -------- ------------ -------- --------
--      1  2797.72         1-126413        18843    300007376   294.68      2749802    83.92   371.11
--      2  2808.88    126414-267791        21226    300002361   294.75      3113267    95.01   371.11
--      3  2797.84    267792-413265        21724    300001646   294.77      2751084    83.96   371.11
--      4  2813.12    413266-558908        21567    300015883   294.78      3251472    99.23   371.11
--      5  2812.64    558909-705932        21886    300003782   294.77      3235890    98.75   371.11
--      6  2812.14    705933-854290        22081    300001602   294.78      3219295    98.25   371.11
--      7  2798.84    854291-986869        19696    300014344   294.72      2785581    85.01   371.11
--      8  2805.87    986870-1120988       19914    300014116   294.72      3015820    92.04   371.11
--      9  2806.34   1120989-1257300       20250    300012170   294.73      3030937    92.50   371.11
--     10  2796.16   1257301-1396218       20740    300009468   294.74      2696692    82.30   371.11
--     11  2809.12   1396219-1533981       20456    300013884   294.74      3121550    95.26   371.11
--     12  2808.19   1533982-1671290       20385    300020803   294.74      3091040    94.33   371.11
--     13  2808.84   1671291-1809096       20502    300015172   294.74      3112557    94.99   371.11
--     14  2795.02   1809097-1935204       18900    300000720   294.68      2661616    81.23   371.11
--     15  2498.89   1935205-1965117        4333     49875758    55.70       788849    24.07   371.11
--   ---- -------- ------------------- --------- ------------ -------- ------------ -------- --------
--                                                 4250009085              42625452
-- Finished stage 'overlapErrorAdjustmentConfigure', reset canuIteration.
--
-- Running jobs.  First attempt out of 2.
----------------------------------------
-- Starting 'oea' concurrent execution on Tue Jan 20 19:02:57 2026 with 4174579.156 GB free disk space (15 processes; 62 concurrently)

    cd unitigging/3-overlapErrorAdjustment
    ./oea.sh 1 > ./oea.000001.out 2>&1
    ./oea.sh 2 > ./oea.000002.out 2>&1
    ./oea.sh 3 > ./oea.000003.out 2>&1
    ./oea.sh 4 > ./oea.000004.out 2>&1
    ./oea.sh 5 > ./oea.000005.out 2>&1
    ./oea.sh 6 > ./oea.000006.out 2>&1
    ./oea.sh 7 > ./oea.000007.out 2>&1
    ./oea.sh 8 > ./oea.000008.out 2>&1
    ./oea.sh 9 > ./oea.000009.out 2>&1
    ./oea.sh 10 > ./oea.000010.out 2>&1
    ./oea.sh 11 > ./oea.000011.out 2>&1
    ./oea.sh 12 > ./oea.000012.out 2>&1
    ./oea.sh 13 > ./oea.000013.out 2>&1
    ./oea.sh 14 > ./oea.000014.out 2>&1
    ./oea.sh 15 > ./oea.000015.out 2>&1

-- Finished on Tue Jan 20 19:30:10 2026 (1633 seconds) with 4170406.921 GB free disk space
----------------------------------------
-- Found 15 overlap error adjustment output files.
-- Finished stage 'overlapErrorAdjustmentCheck', reset canuIteration.
----------------------------------------
-- Starting command on Tue Jan 20 19:30:10 2026 with 4170406.906 GB free disk space

    cd unitigging/3-overlapErrorAdjustment
    /share/org/YZWL/yzwl_lixg/miniforge3/envs/canu_v.2.3/bin/loadErates \
      -S ../../N3-9.seqStore \
      -O ../N3-9.ovlStore \
      -L ./oea.files \
    > ./oea.apply.err 2>&1

-- Finished on Tue Jan 20 19:30:10 2026 (lickety-split) with 4170406.812 GB free disk space
----------------------------------------
-- No report available.
-- Finished stage 'updateOverlapStore', reset canuIteration.
-- Finished stage 'unitig', reset canuIteration.
--
-- Running jobs.  First attempt out of 2.
----------------------------------------
-- Starting 'bat' concurrent execution on Tue Jan 20 19:30:10 2026 with 4170406.765 GB free disk space (1 processes; 1 concurrently)

    cd unitigging/4-unitigger
    ./unitigger.sh 1 > ./unitigger.000001.out 2>&1

-- Finished on Tue Jan 20 19:30:22 2026 (12 seconds) with 4170406.593 GB free disk space
----------------------------------------
-- Unitigger finished successfully.
--  
--  ERROR RATES
--  -----------
--                                                   --------threshold------
--  295868                       fraction error      fraction        percent
--  samples                              (1e-5)         error          error
--                   --------------------------      --------       --------
--  command line (-eg)                           ->     30.00        0.0300%
--  command line (-ef)                           ->  -----.--      ---.----%
--  command line (-eM)                           ->     30.00        0.0300%
--  mean + std.dev       0.57 +-  12 *     3.48  ->     42.38        0.0424%
--  median + mad         0.00 +-  12 *     0.00  ->      0.00        0.0000%
--  90th percentile                              ->      1.00        0.0010%  (enabled)
--  
--  BEST EDGE FILTERING
--  -------------------
--  At graph threshold 0.0300%, reads:
--    available to have edges:        80153
--    with at least one edge:         44795
--  
--  At max threshold 0.0300%, reads:
--    available to have edges:        80153
--    with at least one edge:         44795
--  
--  At tight threshold 0.0010%, reads with:
--    both edges below error threshold:     38368  (80.00% minReadsBest threshold = 35836)
--    one  edge  above error threshold:      4881
--    both edges above error threshold:      1546
--    at least one edge:                    44795
--  
--  At loose threshold 0.0300%, reads with:
--    both edges below error threshold:     44795  (80.00% minReadsBest threshold = 35836)
--    one  edge  above error threshold:         0
--    both edges above error threshold:         0
--    at least one edge:                    44795
--  
--  
--  INITIAL EDGES
--  -------- ----------------------------------------
--    206662 reads are contained
--   1722174 reads have no best edges (singleton)
--       866 reads have only one best edge (spur) 
--                564 are mutual best
--     35415 reads have two best edges 
--                820 have one mutual best edge
--              34121 have two mutual best edges
--  
--  
--  FINAL EDGES
--  -------- ----------------------------------------
--    206662 reads are contained
--   1722559 reads have no best edges (singleton)
--       754 reads have only one best edge (spur) 
--                576 are mutual best
--     35142 reads have two best edges 
--                634 have one mutual best edge
--              34127 have two mutual best edges
--  
--  
--  EDGE FILTERING
--  -------- ------------------------------------------
--         0 reads are ignored
--     12823 reads have a gap in overlap coverage
--       167 reads have lopsided best edges
-- Found, in version 1, after unitig construction:
--   contigs:      158 sequences, total length 69117678 bp (including 107 repeats of total length 2286226 bp).
--   bubbles:      104 sequences, total length 2148823 bp.
--   unassembled:  50923 sequences, total length 513251348 bp.
--
-- Contig sizes based on genome size 85mbp:
--
--            NG (bp)  LG (contigs)    sum (bp)
--         ----------  ------------  ----------
--     10     9567817             1     9567817
--     20     4977899             3    20432693
--     30     4466019             5    29485831
--     40     3580754             7    37358259
--     50     2983652             9    43716023
--     60     2066451            12    51149785
--     70     1076351            18    60354813
--     80       20447            90    68000019
--
-- Finished stage 'unitigCheck', reset canuIteration.
----------------------------------------
-- Starting command on Tue Jan 20 19:30:22 2026 with 4170406.578 GB free disk space

    cd unitigging
    /share/org/YZWL/yzwl_lixg/miniforge3/envs/canu_v.2.3/bin/utgcns \
      -S ../N3-9.seqStore \
      -T  ./N3-9.ctgStore 1 \
      -partition 0.8 1.5 0.1 \
    > ./N3-9.ctgStore/partitioning.log 2>&1

-- Finished on Tue Jan 20 19:30:31 2026 (9 seconds) with 4170405.421 GB free disk space
----------------------------------------
-- Using slow alignment for consensus (iteration '0').
-- Configured 10 consensus jobs.
-- Finished stage 'consensusConfigure', reset canuIteration.
--
-- Local: cns       14.125 GB    8 CPUs x  11 jobs   155.375 GB  88 CPUs  (consensus)
--
--
-- Running jobs.  First attempt out of 2.
----------------------------------------
-- Starting 'cns' concurrent execution on Tue Jan 20 19:30:32 2026 with 4170405.39 GB free disk space (10 processes; 11 concurrently)

    cd unitigging/5-consensus
    ./consensus.sh 1 > ./consensus.000001.out 2>&1
    ./consensus.sh 2 > ./consensus.000002.out 2>&1
    ./consensus.sh 3 > ./consensus.000003.out 2>&1
    ./consensus.sh 4 > ./consensus.000004.out 2>&1
    ./consensus.sh 5 > ./consensus.000005.out 2>&1
    ./consensus.sh 6 > ./consensus.000006.out 2>&1
    ./consensus.sh 7 > ./consensus.000007.out 2>&1
    ./consensus.sh 8 > ./consensus.000008.out 2>&1
    ./consensus.sh 9 > ./consensus.000009.out 2>&1
    ./consensus.sh 10 > ./consensus.000010.out 2>&1

-- Finished on Tue Jan 20 19:38:41 2026 (489 seconds) with 4168969 GB free disk space
----------------------------------------
-- Using slow alignment for consensus (iteration '1').
-- Configured 10 consensus jobs.
-- All 10 consensus jobs finished successfully.
-- Finished stage 'consensusCheck', reset canuIteration.
-- Using slow alignment for consensus (iteration '0').
-- Configured 10 consensus jobs.
----------------------------------------
-- Starting command on Tue Jan 20 19:38:41 2026 with 4168968.953 GB free disk space

    cd unitigging
    /share/org/YZWL/yzwl_lixg/miniforge3/envs/canu_v.2.3/bin/tgStoreLoad \
      -S ../N3-9.seqStore \
      -T  ./N3-9.ctgStore 2 \
      -L ./5-consensus/ctgcns.files \
    > ./5-consensus/ctgcns.files.ctgStoreLoad.err 2>&1

-- Finished on Tue Jan 20 19:38:42 2026 (one second) with 4168967.296 GB free disk space
----------------------------------------
----------------------------------------
-- Starting command on Tue Jan 20 19:38:42 2026 with 4168967.296 GB free disk space

    cd unitigging
    /share/org/YZWL/yzwl_lixg/miniforge3/envs/canu_v.2.3/bin/tgTigDisplay \
      -S ../N3-9.seqStore \
      -b \
      -o ../N3-9.contigs.unsorted.bam \
      -L ./5-consensus/ctgcns.files \
    > ./5-consensus/ctgcns.files.contigs.bam.err 2>&1

-- Finished on Tue Jan 20 19:42:02 2026 (200 seconds) with 4168586.421 GB free disk space
----------------------------------------
----------------------------------------
-- Starting command on Tue Jan 20 19:42:02 2026 with 4168586.421 GB free disk space

    cd .
    samtools sort \
      --write-index \
      --threads 2 \
      -o ./N3-9.contigs.bam ./N3-9.contigs.unsorted.bam \
    > ./ctgcns.bam.err 2>&1

-- Finished on Tue Jan 20 19:42:57 2026 (55 seconds) with 4168510.765 GB free disk space
----------------------------------------
-- Purging consensus output after loading to ctgStore.
-- Purged 10 .cns outputs.
----------------------------------------
-- Starting command on Tue Jan 20 19:42:57 2026 with 4168514.078 GB free disk space

    cd unitigging
    /share/org/YZWL/yzwl_lixg/miniforge3/envs/canu_v.2.3/bin/tgStoreDump \
      -S ../N3-9.seqStore \
      -T ./N3-9.ctgStore 2 \
      -sizes -s 85000000 \
    > ./N3-9.ctgStore/seqDB.v002.sizes.txt
ZERO length suplied to intervalList::add(), ignoring interval.
ZERO length suplied to intervalList::add(), ignoring interval.
ZERO length suplied to intervalList::add(), ignoring interval.
ZERO length suplied to intervalList::add(), ignoring interval.
ZERO length suplied to intervalList::add(), ignoring interval.
ZERO length suplied to intervalList::add(), ignoring interval.
ZERO length suplied to intervalList::add(), ignoring interval.
ZERO length suplied to intervalList::add(), ignoring interval.
ZERO length suplied to intervalList::add(), ignoring interval.
ZERO length suplied to intervalList::add(), ignoring interval.
ZERO length suplied to intervalList::add(), ignoring interval.
ZERO length suplied to intervalList::add(), ignoring interval.
ZERO length suplied to intervalList::add(), ignoring interval.
ZERO length suplied to intervalList::add(), ignoring interval.
ZERO length suplied to intervalList::add(), ignoring interval.
ZERO length suplied to intervalList::add(), ignoring interval.
ZERO length suplied to intervalList::add(), ignoring interval.
ZERO length suplied to intervalList::add(), ignoring interval.
ZERO length suplied to intervalList::add(), ignoring interval.
ZERO length suplied to intervalList::add(), ignoring interval.
ZERO length suplied to intervalList::add(), ignoring interval.
ZERO length suplied to intervalList::add(), ignoring interval.
ZERO length suplied to intervalList::add(), ignoring interval.
ZERO length suplied to intervalList::add(), ignoring interval.
ZERO length suplied to intervalList::add(), ignoring interval.
ZERO length suplied to intervalList::add(), ignoring interval.
ZERO length suplied to intervalList::add(), ignoring interval.
ZERO length suplied to intervalList::add(), ignoring interval.
ZERO length suplied to intervalList::add(), ignoring interval.
ZERO length suplied to intervalList::add(), ignoring interval.
ZERO length suplied to intervalList::add(), ignoring interval.
ZERO length suplied to intervalList::add(), ignoring interval.
ZERO length suplied to intervalList::add(), ignoring interval.
ZERO length suplied to intervalList::add(), ignoring interval.
ZERO length suplied to intervalList::add(), ignoring interval.
ZERO length suplied to intervalList::add(), ignoring interval.
ZERO length suplied to intervalList::add(), ignoring interval.

-- Finished on Tue Jan 20 19:42:57 2026 (furiously fast) with 4168514.078 GB free disk space
----------------------------------------
-- Found, in version 2, after consensus generation:
--   contigs:      158 sequences, total length 90590513 bp (including 107 repeats of total length 3175479 bp).
--   bubbles:      104 sequences, total length 2995113 bp.
--   unassembled:  50923 sequences, total length 757029214 bp.
--
-- Contig sizes based on genome size 85mbp:
--
--            NG (bp)  LG (contigs)    sum (bp)
--         ----------  ------------  ----------
--     10    12448754             1    12448754
--     20     7641848             2    20090602
--     30     6464038             3    26554640
--     40     5838422             5    38345699
--     50     5593791             6    43939490
--     60     4397157             8    53007933
--     70     3808199            10    60714134
--     80     2619447            13    69206502
--     90     1698728            17    77183283
--    100      555474            24    85119732
--
-- Finished stage 'consensusLoad', reset canuIteration.
----------------------------------------
-- Starting command on Tue Jan 20 19:42:57 2026 with 4168514.062 GB free disk space

    cd .
    /share/org/YZWL/yzwl_lixg/miniforge3/envs/canu_v.2.3/bin/tgStoreDump \
      -S ./N3-9.seqStore \
      -T ./unitigging/N3-9.ctgStore 2 \
      -o ./N3-9.contigs \
      -layout \
    > ./N3-9.contigs.layout.err 2>&1

-- Finished on Tue Jan 20 19:42:58 2026 (one second) with 4168514.015 GB free disk space
----------------------------------------
----------------------------------------
-- Starting command on Tue Jan 20 19:42:58 2026 with 4168514.015 GB free disk space

    cd .
    /share/org/YZWL/yzwl_lixg/miniforge3/envs/canu_v.2.3/bin/tgStoreDump \
      -S ./N3-9.seqStore \
      -T ./unitigging/N3-9.ctgStore 2 \
      -consensus -fasta \
      -unassembled \
    > ./N3-9.unassembled.fasta
    2> ./N3-9.unassembled.err
ZERO length suplied to intervalList::add(), ignoring interval.
ZERO length suplied to intervalList::add(), ignoring interval.
ZERO length suplied to intervalList::add(), ignoring interval.
ZERO length suplied to intervalList::add(), ignoring interval.
ZERO length suplied to intervalList::add(), ignoring interval.
ZERO length suplied to intervalList::add(), ignoring interval.
ZERO length suplied to intervalList::add(), ignoring interval.
ZERO length suplied to intervalList::add(), ignoring interval.
ZERO length suplied to intervalList::add(), ignoring interval.
ZERO length suplied to intervalList::add(), ignoring interval.
ZERO length suplied to intervalList::add(), ignoring interval.
ZERO length suplied to intervalList::add(), ignoring interval.
ZERO length suplied to intervalList::add(), ignoring interval.
ZERO length suplied to intervalList::add(), ignoring interval.
ZERO length suplied to intervalList::add(), ignoring interval.
ZERO length suplied to intervalList::add(), ignoring interval.
ZERO length suplied to intervalList::add(), ignoring interval.
ZERO length suplied to intervalList::add(), ignoring interval.
ZERO length suplied to intervalList::add(), ignoring interval.
ZERO length suplied to intervalList::add(), ignoring interval.
ZERO length suplied to intervalList::add(), ignoring interval.
ZERO length suplied to intervalList::add(), ignoring interval.
ZERO length suplied to intervalList::add(), ignoring interval.
ZERO length suplied to intervalList::add(), ignoring interval.
ZERO length suplied to intervalList::add(), ignoring interval.
ZERO length suplied to intervalList::add(), ignoring interval.
ZERO length suplied to intervalList::add(), ignoring interval.
ZERO length suplied to intervalList::add(), ignoring interval.
ZERO length suplied to intervalList::add(), ignoring interval.
ZERO length suplied to intervalList::add(), ignoring interval.
ZERO length suplied to intervalList::add(), ignoring interval.
ZERO length suplied to intervalList::add(), ignoring interval.
ZERO length suplied to intervalList::add(), ignoring interval.
ZERO length suplied to intervalList::add(), ignoring interval.
ZERO length suplied to intervalList::add(), ignoring interval.
ZERO length suplied to intervalList::add(), ignoring interval.
ZERO length suplied to intervalList::add(), ignoring interval.

-- Finished on Tue Jan 20 19:43:02 2026 (4 seconds) with 4168513.281 GB free disk space
----------------------------------------
----------------------------------------
-- Starting command on Tue Jan 20 19:43:02 2026 with 4168513.281 GB free disk space

    cd .
    /share/org/YZWL/yzwl_lixg/miniforge3/envs/canu_v.2.3/bin/tgStoreDump \
      -S ./N3-9.seqStore \
      -T ./unitigging/N3-9.ctgStore 2 \
      -consensus -fasta \
      -contigs \
    > ./N3-9.contigs.fasta
    2> ./N3-9.contigs.err
ZERO length suplied to intervalList::add(), ignoring interval.
ZERO length suplied to intervalList::add(), ignoring interval.
ZERO length suplied to intervalList::add(), ignoring interval.
ZERO length suplied to intervalList::add(), ignoring interval.
ZERO length suplied to intervalList::add(), ignoring interval.
ZERO length suplied to intervalList::add(), ignoring interval.
ZERO length suplied to intervalList::add(), ignoring interval.
ZERO length suplied to intervalList::add(), ignoring interval.
ZERO length suplied to intervalList::add(), ignoring interval.
ZERO length suplied to intervalList::add(), ignoring interval.
ZERO length suplied to intervalList::add(), ignoring interval.
ZERO length suplied to intervalList::add(), ignoring interval.
ZERO length suplied to intervalList::add(), ignoring interval.
ZERO length suplied to intervalList::add(), ignoring interval.
ZERO length suplied to intervalList::add(), ignoring interval.
ZERO length suplied to intervalList::add(), ignoring interval.
ZERO length suplied to intervalList::add(), ignoring interval.
ZERO length suplied to intervalList::add(), ignoring interval.
ZERO length suplied to intervalList::add(), ignoring interval.
ZERO length suplied to intervalList::add(), ignoring interval.
ZERO length suplied to intervalList::add(), ignoring interval.
ZERO length suplied to intervalList::add(), ignoring interval.
ZERO length suplied to intervalList::add(), ignoring interval.
ZERO length suplied to intervalList::add(), ignoring interval.
ZERO length suplied to intervalList::add(), ignoring interval.
ZERO length suplied to intervalList::add(), ignoring interval.
ZERO length suplied to intervalList::add(), ignoring interval.
ZERO length suplied to intervalList::add(), ignoring interval.
ZERO length suplied to intervalList::add(), ignoring interval.
ZERO length suplied to intervalList::add(), ignoring interval.
ZERO length suplied to intervalList::add(), ignoring interval.
ZERO length suplied to intervalList::add(), ignoring interval.
ZERO length suplied to intervalList::add(), ignoring interval.
ZERO length suplied to intervalList::add(), ignoring interval.
ZERO length suplied to intervalList::add(), ignoring interval.
ZERO length suplied to intervalList::add(), ignoring interval.
ZERO length suplied to intervalList::add(), ignoring interval.

-- Finished on Tue Jan 20 19:43:03 2026 (one second) with 4168513.171 GB free disk space
----------------------------------------
-- Finished stage 'generateOutputs', reset canuIteration.
--
-- Assembly 'N3-9' finished in '/share/org/YZWL/yzwl_lixg/project/28.大豆疫霉菌三代基因组/03.hicanu/N3-9/01.raw_output'.
--
-- Summary saved in 'N3-9.report'.
--
-- Sequences saved:
--   Contigs       -> 'N3-9.contigs.fasta'
--   Unassembled   -> 'N3-9.unassembled.fasta'
--
-- Read layouts saved:
--   Contigs       -> 'N3-9.contigs.layout'.
--
-- Bye.

Job 68952705 stderr output:

