2026-01-26 09:49:23.106 - INFO - 开始丰度矩阵构建模式|Starting abundance matrix building mode
2026-01-26 09:49:23.106 - INFO - 使用自定义输入目录|Using custom input directory: database/kmc_databases
2026-01-26 09:49:23.119 - INFO - 从count metadata读取k-mer大小|Read k-mer size from count metadata: 21 → 51
2026-01-26 09:49:23.119 - INFO - 未指定样本名称，自动扫描数据库|No sample names specified, auto-scanning databases
2026-01-26 09:49:23.120 - INFO - 扫描已存在的KMC数据库|Scanning existing KMC databases
2026-01-26 09:49:23.145 - INFO - 找到 181 个KMC数据库|Found 181 KMC databases
2026-01-26 09:49:23.145 - INFO - 开始构建丰度矩阵|Starting to build abundance matrix: 181 样本|samples
2026-01-26 09:49:23.145 - INFO - 检测到已存在的k-mer文件，跳过union步骤|Found existing k-mer file, skipping union: /share/org/YZWL/yzwl_lixg/project/21.野生大豆群体/05.所有样品/23.kmerGWAS_KMC流程/database/global_kmers_with_id.txt
2026-01-26 09:49:23.146 - INFO - 从元数据加载 9,022,641,810 个k-mer|Loaded 9,022,641,810 k-mers from metadata
2026-01-26 09:49:23.146 - INFO - 初始化矩阵文件|Initializing matrix file
2026-01-26 09:49:23.153 - INFO - 矩阵文件初始化完成|Matrix file initialized
2026-01-26 09:49:23.153 - INFO - k-mer文件大小|K-mer file size: 550.42GB
2026-01-26 09:49:23.153 - INFO - 加载或构建索引|Loading or building index
2026-01-26 09:49:23.153 - INFO - 文件大小 550.42GB >= 阈值 1.0GB，使用数据库索引|File size 550.42GB >= threshold 1.0GB, using database index
2026-01-26 09:49:23.163 - INFO - 检测到已存在的RocksDB索引，直接加载|Found existing RocksDB index, loading: /share/org/YZWL/yzwl_lixg/project/21.野生大豆群体/05.所有样品/23.kmerGWAS_KMC流程/database/kmer_index.rdb
2026-01-26 09:49:36.824 - INFO - 处理样本|Processing sample 1/181: SDW032A
2026-01-26 09:49:36.824 - INFO - 查询样本丰度|Querying sample abundances: SDW032A
2026-01-26 09:49:36.824 - INFO - 使用已有dump文件|Using existing dump file: /share/org/YZWL/yzwl_lixg/project/21.野生大豆群体/05.所有样品/23.kmerGWAS_KMC流程/database/dump_files/SDW032A_dump.txt
2026-01-26 09:57:20.172 - INFO - 从dump文件读取|Read from dump: 848,334,110 k-mers
2026-01-26 09:57:20.172 - INFO - 使用 12 线程并行查询|Using 12 threads for parallel query
2026-01-26 09:57:25.678 - INFO - 数据分块|Data chunks: 12, 每块约|~70,694,510 条
2026-01-26 11:54:47.891 - INFO - 查询完成|Query completed: 848,334,110 个k-mer
2026-01-26 11:55:26.586 - INFO - 保存样本丰度|Saving sample abundances: SDW032A
2026-01-26 11:55:26.831 - INFO - 存储类型|Storage type: sparse (类型|type: <class 'str'>)
2026-01-26 11:55:26.831 - INFO - 使用稀疏存储|Using sparse storage
2026-01-26 11:55:26.925 - INFO - 当前数据集大小|Current dataset size: 81654908380, 新增|new: 848334110
2026-01-26 11:55:26.949 - INFO - 数据集已扩展|Dataset resized to: 82503242490
2026-01-26 11:59:23.081 - INFO - 样本丰度已保存|Sample abundances saved: SDW032A
2026-01-26 11:59:23.101 - INFO - 处理样本|Processing sample 2/181: WJ46A
2026-01-26 11:59:23.101 - INFO - 查询样本丰度|Querying sample abundances: WJ46A
2026-01-26 12:08:18.612 - INFO - 从dump文件读取|Read from dump: 890,623,244 k-mers
2026-01-26 12:08:18.613 - INFO - 使用 12 线程并行查询|Using 12 threads for parallel query
2026-01-26 12:08:24.539 - INFO - 数据分块|Data chunks: 12, 每块约|~74,218,604 条
2026-01-26 13:36:00.964 - INFO - 查询完成|Query completed: 890,623,244 个k-mer
2026-01-26 13:37:05.402 - INFO - 保存样本丰度|Saving sample abundances: WJ46A
2026-01-26 13:37:05.451 - INFO - 存储类型|Storage type: sparse (类型|type: <class 'str'>)
2026-01-26 13:37:05.451 - INFO - 使用稀疏存储|Using sparse storage
2026-01-26 13:37:05.452 - INFO - 当前数据集大小|Current dataset size: 82503242490, 新增|new: 890623244
2026-01-26 13:37:05.456 - INFO - 数据集已扩展|Dataset resized to: 83393865734
2026-01-26 13:41:16.908 - INFO - 样本丰度已保存|Sample abundances saved: WJ46A
2026-01-26 13:41:16.928 - INFO - 处理样本|Processing sample 3/181: GDW061A
2026-01-26 13:41:16.928 - INFO - 查询样本丰度|Querying sample abundances: GDW061A
2026-01-26 13:50:30.761 - INFO - 从dump文件读取|Read from dump: 918,203,875 k-mers
2026-01-26 13:50:30.761 - INFO - 使用 12 线程并行查询|Using 12 threads for parallel query
2026-01-26 13:50:38.072 - INFO - 数据分块|Data chunks: 12, 每块约|~76,516,990 条
2026-01-26 15:22:21.719 - INFO - 查询完成|Query completed: 918,203,875 个k-mer
2026-01-26 15:23:31.057 - INFO - 保存样本丰度|Saving sample abundances: GDW061A
2026-01-26 15:23:31.059 - INFO - 存储类型|Storage type: sparse (类型|type: <class 'str'>)
2026-01-26 15:23:31.059 - INFO - 使用稀疏存储|Using sparse storage
2026-01-26 15:23:31.059 - INFO - 当前数据集大小|Current dataset size: 83393865734, 新增|new: 918203875
2026-01-26 15:23:31.059 - INFO - 数据集已扩展|Dataset resized to: 84312069609
2026-01-26 15:27:54.239 - INFO - 样本丰度已保存|Sample abundances saved: GDW061A
2026-01-26 15:27:54.258 - INFO - 处理样本|Processing sample 4/181: GDW98A
2026-01-26 15:27:54.259 - INFO - 查询样本丰度|Querying sample abundances: GDW98A
2026-01-26 15:38:53.221 - INFO - 从dump文件读取|Read from dump: 1,054,806,331 k-mers
2026-01-26 15:38:53.247 - INFO - 使用 12 线程并行查询|Using 12 threads for parallel query
2026-01-26 15:39:01.413 - INFO - 数据分块|Data chunks: 12, 每块约|~87,900,528 条
2026-01-26 17:22:54.898 - INFO - 查询完成|Query completed: 1,054,806,331 个k-mer
2026-01-26 17:24:14.717 - INFO - 保存样本丰度|Saving sample abundances: GDW98A
2026-01-26 17:24:14.719 - INFO - 存储类型|Storage type: sparse (类型|type: <class 'str'>)
2026-01-26 17:24:14.719 - INFO - 使用稀疏存储|Using sparse storage
2026-01-26 17:24:14.719 - INFO - 当前数据集大小|Current dataset size: 84312069609, 新增|new: 1054806331
2026-01-26 17:24:14.720 - INFO - 数据集已扩展|Dataset resized to: 85366875940
2026-01-26 17:29:13.257 - INFO - 样本丰度已保存|Sample abundances saved: GDW98A
2026-01-26 17:29:13.281 - INFO - 处理样本|Processing sample 5/181: GDW95A
2026-01-26 17:29:13.281 - INFO - 查询样本丰度|Querying sample abundances: GDW95A
2026-01-26 17:38:06.110 - INFO - 从dump文件读取|Read from dump: 881,649,932 k-mers
2026-01-26 17:38:06.110 - INFO - 使用 12 线程并行查询|Using 12 threads for parallel query
2026-01-26 17:38:10.893 - INFO - 数据分块|Data chunks: 12, 每块约|~73,470,828 条
2026-01-26 19:04:14.779 - INFO - 查询完成|Query completed: 881,649,932 个k-mer
2026-01-26 19:05:31.404 - INFO - 保存样本丰度|Saving sample abundances: GDW95A
2026-01-26 19:05:31.455 - INFO - 存储类型|Storage type: sparse (类型|type: <class 'str'>)
2026-01-26 19:05:31.455 - INFO - 使用稀疏存储|Using sparse storage
2026-01-26 19:05:31.455 - INFO - 当前数据集大小|Current dataset size: 85366875940, 新增|new: 881649932
2026-01-26 19:05:31.456 - INFO - 数据集已扩展|Dataset resized to: 86248525872
2026-01-26 19:09:41.738 - INFO - 样本丰度已保存|Sample abundances saved: GDW95A
2026-01-26 19:09:41.758 - INFO - 处理样本|Processing sample 6/181: GDW057A
2026-01-26 19:09:41.758 - INFO - 查询样本丰度|Querying sample abundances: GDW057A
2026-01-26 19:19:24.570 - INFO - 从dump文件读取|Read from dump: 948,242,841 k-mers
2026-01-26 19:19:24.571 - INFO - 使用 12 线程并行查询|Using 12 threads for parallel query
2026-01-26 19:19:31.847 - INFO - 数据分块|Data chunks: 12, 每块约|~79,020,237 条
2026-01-26 20:59:11.394 - INFO - 查询完成|Query completed: 948,242,841 个k-mer
2026-01-26 21:00:18.075 - INFO - 保存样本丰度|Saving sample abundances: GDW057A
2026-01-26 21:00:18.077 - INFO - 存储类型|Storage type: sparse (类型|type: <class 'str'>)
2026-01-26 21:00:18.077 - INFO - 使用稀疏存储|Using sparse storage
2026-01-26 21:00:18.077 - INFO - 当前数据集大小|Current dataset size: 86248525872, 新增|new: 948242841
2026-01-26 21:00:18.109 - INFO - 数据集已扩展|Dataset resized to: 87196768713
2026-01-26 21:05:46.967 - INFO - 样本丰度已保存|Sample abundances saved: GDW057A
2026-01-26 21:05:46.988 - INFO - 处理样本|Processing sample 7/181: WJ66A
2026-01-26 21:05:46.988 - INFO - 查询样本丰度|Querying sample abundances: WJ66A
2026-01-26 21:15:12.603 - INFO - 从dump文件读取|Read from dump: 931,603,234 k-mers
2026-01-26 21:15:12.603 - INFO - 使用 12 线程并行查询|Using 12 threads for parallel query
2026-01-26 21:15:18.967 - INFO - 数据分块|Data chunks: 12, 每块约|~77,633,603 条
2026-01-26 23:00:55.709 - INFO - 查询完成|Query completed: 931,603,234 个k-mer
2026-01-26 23:02:16.223 - INFO - 保存样本丰度|Saving sample abundances: WJ66A
2026-01-26 23:02:16.225 - INFO - 存储类型|Storage type: sparse (类型|type: <class 'str'>)
2026-01-26 23:02:16.225 - INFO - 使用稀疏存储|Using sparse storage
2026-01-26 23:02:16.225 - INFO - 当前数据集大小|Current dataset size: 87196768713, 新增|new: 931603234
2026-01-26 23:02:16.225 - INFO - 数据集已扩展|Dataset resized to: 88128371947
2026-01-26 23:07:12.622 - INFO - 样本丰度已保存|Sample abundances saved: WJ66A
2026-01-26 23:07:12.643 - INFO - 处理样本|Processing sample 8/181: GDW120A
2026-01-26 23:07:12.643 - INFO - 查询样本丰度|Querying sample abundances: GDW120A
2026-01-26 23:16:13.384 - INFO - 从dump文件读取|Read from dump: 893,723,432 k-mers
2026-01-26 23:16:13.384 - INFO - 使用 12 线程并行查询|Using 12 threads for parallel query
2026-01-26 23:16:19.833 - INFO - 数据分块|Data chunks: 12, 每块约|~74,476,953 条
2026-01-27 00:58:40.709 - INFO - 查询完成|Query completed: 893,723,432 个k-mer
2026-01-27 00:59:57.270 - INFO - 保存样本丰度|Saving sample abundances: GDW120A
2026-01-27 00:59:57.305 - INFO - 存储类型|Storage type: sparse (类型|type: <class 'str'>)
2026-01-27 00:59:57.305 - INFO - 使用稀疏存储|Using sparse storage
2026-01-27 00:59:57.305 - INFO - 当前数据集大小|Current dataset size: 88128371947, 新增|new: 893723432
2026-01-27 00:59:57.306 - INFO - 数据集已扩展|Dataset resized to: 89022095379
2026-01-27 01:04:42.410 - INFO - 样本丰度已保存|Sample abundances saved: GDW120A
2026-01-27 01:04:42.430 - INFO - 处理样本|Processing sample 9/181: DB22A
2026-01-27 01:04:42.430 - INFO - 查询样本丰度|Querying sample abundances: DB22A
2026-01-27 01:13:19.618 - INFO - 从dump文件读取|Read from dump: 873,469,454 k-mers
2026-01-27 01:13:19.618 - INFO - 使用 12 线程并行查询|Using 12 threads for parallel query
2026-01-27 01:13:27.646 - INFO - 数据分块|Data chunks: 12, 每块约|~72,789,122 条
2026-01-27 02:51:19.091 - INFO - 查询完成|Query completed: 873,469,454 个k-mer
2026-01-27 02:52:34.837 - INFO - 保存样本丰度|Saving sample abundances: DB22A
2026-01-27 02:52:34.839 - INFO - 存储类型|Storage type: sparse (类型|type: <class 'str'>)
2026-01-27 02:52:34.839 - INFO - 使用稀疏存储|Using sparse storage
2026-01-27 02:52:34.839 - INFO - 当前数据集大小|Current dataset size: 89022095379, 新增|new: 873469454
2026-01-27 02:52:34.839 - INFO - 数据集已扩展|Dataset resized to: 89895564833
2026-01-27 02:57:18.774 - INFO - 样本丰度已保存|Sample abundances saved: DB22A
2026-01-27 02:57:18.793 - INFO - 处理样本|Processing sample 10/181: WJ92-2A
2026-01-27 02:57:18.793 - INFO - 查询样本丰度|Querying sample abundances: WJ92-2A
2026-01-27 03:06:05.006 - INFO - 从dump文件读取|Read from dump: 881,929,968 k-mers
2026-01-27 03:06:05.007 - INFO - 使用 12 线程并行查询|Using 12 threads for parallel query
2026-01-27 03:06:12.745 - INFO - 数据分块|Data chunks: 12, 每块约|~73,494,165 条
2026-01-27 04:31:42.807 - INFO - 查询完成|Query completed: 881,929,968 个k-mer
2026-01-27 04:33:20.095 - INFO - 保存样本丰度|Saving sample abundances: WJ92-2A
2026-01-27 04:33:20.096 - INFO - 存储类型|Storage type: sparse (类型|type: <class 'str'>)
2026-01-27 04:33:20.121 - INFO - 使用稀疏存储|Using sparse storage
2026-01-27 04:33:20.121 - INFO - 当前数据集大小|Current dataset size: 89895564833, 新增|new: 881929968
2026-01-27 04:33:20.121 - INFO - 数据集已扩展|Dataset resized to: 90777494801
2026-01-27 04:37:48.522 - INFO - 样本丰度已保存|Sample abundances saved: WJ92-2A
2026-01-27 04:37:48.540 - INFO - 处理样本|Processing sample 11/181: SDW129A
2026-01-27 04:37:48.541 - INFO - 查询样本丰度|Querying sample abundances: SDW129A
2026-01-27 04:45:46.003 - INFO - 从dump文件读取|Read from dump: 805,556,998 k-mers
2026-01-27 04:45:46.003 - INFO - 使用 12 线程并行查询|Using 12 threads for parallel query
2026-01-27 04:45:51.323 - INFO - 数据分块|Data chunks: 12, 每块约|~67,129,750 条
2026-01-27 06:09:05.966 - INFO - 查询完成|Query completed: 805,556,998 个k-mer
2026-01-27 06:10:35.332 - INFO - 保存样本丰度|Saving sample abundances: SDW129A
2026-01-27 06:10:35.334 - INFO - 存储类型|Storage type: sparse (类型|type: <class 'str'>)
2026-01-27 06:10:35.334 - INFO - 使用稀疏存储|Using sparse storage
2026-01-27 06:10:35.334 - INFO - 当前数据集大小|Current dataset size: 90777494801, 新增|new: 805556998
2026-01-27 06:10:35.334 - INFO - 数据集已扩展|Dataset resized to: 91583051799
2026-01-27 06:14:59.733 - INFO - 样本丰度已保存|Sample abundances saved: SDW129A
2026-01-27 06:14:59.751 - INFO - 处理样本|Processing sample 12/181: SDW111A
2026-01-27 06:14:59.751 - INFO - 查询样本丰度|Querying sample abundances: SDW111A
2026-01-27 06:22:55.277 - INFO - 从dump文件读取|Read from dump: 815,400,300 k-mers
2026-01-27 06:22:55.277 - INFO - 使用 12 线程并行查询|Using 12 threads for parallel query
2026-01-27 06:23:02.300 - INFO - 数据分块|Data chunks: 12, 每块约|~67,950,026 条
2026-01-27 07:43:38.817 - INFO - 查询完成|Query completed: 815,400,300 个k-mer
2026-01-27 07:45:02.704 - INFO - 保存样本丰度|Saving sample abundances: SDW111A
2026-01-27 07:45:02.705 - INFO - 存储类型|Storage type: sparse (类型|type: <class 'str'>)
2026-01-27 07:45:02.705 - INFO - 使用稀疏存储|Using sparse storage
2026-01-27 07:45:02.706 - INFO - 当前数据集大小|Current dataset size: 91583051799, 新增|new: 815400300
2026-01-27 07:45:02.706 - INFO - 数据集已扩展|Dataset resized to: 92398452099
2026-01-27 07:49:40.438 - INFO - 样本丰度已保存|Sample abundances saved: SDW111A
2026-01-27 07:49:40.455 - INFO - 处理样本|Processing sample 13/181: SDW139A
2026-01-27 07:49:40.456 - INFO - 查询样本丰度|Querying sample abundances: SDW139A
2026-01-27 07:57:35.399 - INFO - 从dump文件读取|Read from dump: 804,287,225 k-mers
2026-01-27 07:57:35.399 - INFO - 使用 12 线程并行查询|Using 12 threads for parallel query
2026-01-27 07:57:41.166 - INFO - 数据分块|Data chunks: 12, 每块约|~67,023,936 条
2026-01-27 09:15:33.681 - INFO - 查询完成|Query completed: 804,287,225 个k-mer
2026-01-27 09:16:54.305 - INFO - 保存样本丰度|Saving sample abundances: SDW139A
2026-01-27 09:16:54.308 - INFO - 存储类型|Storage type: sparse (类型|type: <class 'str'>)
2026-01-27 09:16:54.308 - INFO - 使用稀疏存储|Using sparse storage
2026-01-27 09:16:54.308 - INFO - 当前数据集大小|Current dataset size: 92398452099, 新增|new: 804287225
2026-01-27 09:16:54.308 - INFO - 数据集已扩展|Dataset resized to: 93202739324
2026-01-27 09:20:42.697 - INFO - 样本丰度已保存|Sample abundances saved: SDW139A
2026-01-27 09:20:42.716 - INFO - 处理样本|Processing sample 14/181: WJ88A
2026-01-27 09:20:42.716 - INFO - 查询样本丰度|Querying sample abundances: WJ88A
2026-01-27 09:29:34.937 - INFO - 从dump文件读取|Read from dump: 873,725,600 k-mers
2026-01-27 09:29:34.937 - INFO - 使用 12 线程并行查询|Using 12 threads for parallel query
2026-01-27 09:29:39.961 - INFO - 数据分块|Data chunks: 12, 每块约|~72,810,467 条
2026-01-27 10:53:33.001 - INFO - 查询完成|Query completed: 873,725,600 个k-mer
2026-01-27 10:55:03.122 - INFO - 保存样本丰度|Saving sample abundances: WJ88A
2026-01-27 10:55:03.123 - INFO - 存储类型|Storage type: sparse (类型|type: <class 'str'>)
2026-01-27 10:55:03.123 - INFO - 使用稀疏存储|Using sparse storage
2026-01-27 10:55:03.123 - INFO - 当前数据集大小|Current dataset size: 93202739324, 新增|new: 873725600
2026-01-27 10:55:03.124 - INFO - 数据集已扩展|Dataset resized to: 94076464924
2026-01-27 10:59:53.633 - INFO - 样本丰度已保存|Sample abundances saved: WJ88A
2026-01-27 10:59:53.653 - INFO - 处理样本|Processing sample 15/181: SDW031A
2026-01-27 10:59:53.653 - INFO - 查询样本丰度|Querying sample abundances: SDW031A
2026-01-27 11:08:26.937 - INFO - 从dump文件读取|Read from dump: 854,533,453 k-mers
2026-01-27 11:08:26.937 - INFO - 使用 12 线程并行查询|Using 12 threads for parallel query
2026-01-27 11:08:32.282 - INFO - 数据分块|Data chunks: 12, 每块约|~71,211,122 条
2026-01-27 12:32:47.475 - INFO - 查询完成|Query completed: 854,533,453 个k-mer
2026-01-27 12:34:11.195 - INFO - 保存样本丰度|Saving sample abundances: SDW031A
2026-01-27 12:34:11.197 - INFO - 存储类型|Storage type: sparse (类型|type: <class 'str'>)
2026-01-27 12:34:11.197 - INFO - 使用稀疏存储|Using sparse storage
2026-01-27 12:34:11.197 - INFO - 当前数据集大小|Current dataset size: 94076464924, 新增|new: 854533453
2026-01-27 12:34:11.197 - INFO - 数据集已扩展|Dataset resized to: 94930998377
2026-01-27 12:38:47.956 - INFO - 样本丰度已保存|Sample abundances saved: SDW031A
2026-01-27 12:38:47.975 - INFO - 处理样本|Processing sample 16/181: SDW188A
2026-01-27 12:38:47.975 - INFO - 查询样本丰度|Querying sample abundances: SDW188A
2026-01-27 12:47:46.015 - INFO - 从dump文件读取|Read from dump: 904,481,320 k-mers
2026-01-27 12:47:46.015 - INFO - 使用 12 线程并行查询|Using 12 threads for parallel query
2026-01-27 12:47:53.749 - INFO - 数据分块|Data chunks: 12, 每块约|~75,373,444 条
2026-01-27 14:16:03.542 - INFO - 查询完成|Query completed: 904,481,320 个k-mer
2026-01-27 14:17:42.367 - INFO - 保存样本丰度|Saving sample abundances: SDW188A
2026-01-27 14:17:42.375 - INFO - 存储类型|Storage type: sparse (类型|type: <class 'str'>)
2026-01-27 14:17:42.375 - INFO - 使用稀疏存储|Using sparse storage
2026-01-27 14:17:42.375 - INFO - 当前数据集大小|Current dataset size: 94930998377, 新增|new: 904481320
2026-01-27 14:17:42.376 - INFO - 数据集已扩展|Dataset resized to: 95835479697
2026-01-27 14:22:27.791 - INFO - 样本丰度已保存|Sample abundances saved: SDW188A
2026-01-27 14:22:27.810 - INFO - 处理样本|Processing sample 17/181: DB67A
2026-01-27 14:22:27.810 - INFO - 查询样本丰度|Querying sample abundances: DB67A
2026-01-27 14:31:52.578 - INFO - 从dump文件读取|Read from dump: 926,347,655 k-mers
2026-01-27 14:31:52.578 - INFO - 使用 12 线程并行查询|Using 12 threads for parallel query
2026-01-27 14:31:59.298 - INFO - 数据分块|Data chunks: 12, 每块约|~77,195,638 条
2026-01-27 16:02:00.059 - INFO - 查询完成|Query completed: 926,347,655 个k-mer
2026-01-27 16:03:39.334 - INFO - 保存样本丰度|Saving sample abundances: DB67A
2026-01-27 16:03:39.335 - INFO - 存储类型|Storage type: sparse (类型|type: <class 'str'>)
2026-01-27 16:03:39.336 - INFO - 使用稀疏存储|Using sparse storage
2026-01-27 16:03:39.336 - INFO - 当前数据集大小|Current dataset size: 95835479697, 新增|new: 926347655
2026-01-27 16:03:39.336 - INFO - 数据集已扩展|Dataset resized to: 96761827352
2026-01-27 16:09:00.974 - INFO - 样本丰度已保存|Sample abundances saved: DB67A
2026-01-27 16:09:00.994 - INFO - 处理样本|Processing sample 18/181: SDW107A
2026-01-27 16:09:00.994 - INFO - 查询样本丰度|Querying sample abundances: SDW107A
2026-01-27 16:16:50.669 - INFO - 从dump文件读取|Read from dump: 800,335,891 k-mers
2026-01-27 16:16:50.669 - INFO - 使用 12 线程并行查询|Using 12 threads for parallel query
2026-01-27 16:16:58.126 - INFO - 数据分块|Data chunks: 12, 每块约|~66,694,658 条
2026-01-27 17:42:45.806 - INFO - 查询完成|Query completed: 800,335,891 个k-mer
2026-01-27 17:44:00.622 - INFO - 保存样本丰度|Saving sample abundances: SDW107A
2026-01-27 17:44:00.624 - INFO - 存储类型|Storage type: sparse (类型|type: <class 'str'>)
2026-01-27 17:44:00.625 - INFO - 使用稀疏存储|Using sparse storage
2026-01-27 17:44:00.625 - INFO - 当前数据集大小|Current dataset size: 96761827352, 新增|new: 800335891
2026-01-27 17:44:00.625 - INFO - 数据集已扩展|Dataset resized to: 97562163243
2026-01-27 17:47:53.855 - INFO - 样本丰度已保存|Sample abundances saved: SDW107A
2026-01-27 17:47:53.872 - INFO - 处理样本|Processing sample 19/181: GDW91A
2026-01-27 17:47:53.872 - INFO - 查询样本丰度|Querying sample abundances: GDW91A
2026-01-27 17:56:33.481 - INFO - 从dump文件读取|Read from dump: 864,069,571 k-mers
2026-01-27 17:56:33.481 - INFO - 使用 12 线程并行查询|Using 12 threads for parallel query
2026-01-27 17:56:38.186 - INFO - 数据分块|Data chunks: 12, 每块约|~72,005,798 条
2026-01-27 19:26:41.230 - INFO - 查询完成|Query completed: 864,069,571 个k-mer
2026-01-27 19:28:13.231 - INFO - 保存样本丰度|Saving sample abundances: GDW91A
2026-01-27 19:28:13.234 - INFO - 存储类型|Storage type: sparse (类型|type: <class 'str'>)
2026-01-27 19:28:13.234 - INFO - 使用稀疏存储|Using sparse storage
2026-01-27 19:28:13.235 - INFO - 当前数据集大小|Current dataset size: 97562163243, 新增|new: 864069571
2026-01-27 19:28:13.235 - INFO - 数据集已扩展|Dataset resized to: 98426232814
2026-01-27 19:32:21.796 - INFO - 样本丰度已保存|Sample abundances saved: GDW91A
2026-01-27 19:32:21.820 - INFO - 处理样本|Processing sample 20/181: GDW105A
2026-01-27 19:32:21.820 - INFO - 查询样本丰度|Querying sample abundances: GDW105A
2026-01-27 19:40:43.820 - INFO - 从dump文件读取|Read from dump: 835,207,553 k-mers
2026-01-27 19:40:43.820 - INFO - 使用 12 线程并行查询|Using 12 threads for parallel query
2026-01-27 19:40:49.720 - INFO - 数据分块|Data chunks: 12, 每块约|~69,600,630 条
2026-01-27 21:05:29.821 - INFO - 查询完成|Query completed: 835,207,553 个k-mer
2026-01-27 21:07:06.607 - INFO - 保存样本丰度|Saving sample abundances: GDW105A
2026-01-27 21:07:06.609 - INFO - 存储类型|Storage type: sparse (类型|type: <class 'str'>)
2026-01-27 21:07:06.609 - INFO - 使用稀疏存储|Using sparse storage
2026-01-27 21:07:06.609 - INFO - 当前数据集大小|Current dataset size: 98426232814, 新增|new: 835207553
2026-01-27 21:07:06.610 - INFO - 数据集已扩展|Dataset resized to: 99261440367
2026-01-27 21:11:37.015 - INFO - 样本丰度已保存|Sample abundances saved: GDW105A
2026-01-27 21:11:37.034 - INFO - 处理样本|Processing sample 21/181: DB76A
2026-01-27 21:11:37.034 - INFO - 查询样本丰度|Querying sample abundances: DB76A
2026-01-27 21:20:17.967 - INFO - 从dump文件读取|Read from dump: 856,981,030 k-mers
2026-01-27 21:20:17.968 - INFO - 使用 12 线程并行查询|Using 12 threads for parallel query
2026-01-27 21:20:25.701 - INFO - 数据分块|Data chunks: 12, 每块约|~71,415,086 条
2026-01-27 22:46:43.992 - INFO - 查询完成|Query completed: 856,981,030 个k-mer
2026-01-27 22:48:16.220 - INFO - 保存样本丰度|Saving sample abundances: DB76A
2026-01-27 22:48:16.222 - INFO - 存储类型|Storage type: sparse (类型|type: <class 'str'>)
2026-01-27 22:48:16.222 - INFO - 使用稀疏存储|Using sparse storage
2026-01-27 22:48:16.222 - INFO - 当前数据集大小|Current dataset size: 99261440367, 新增|new: 856981030
2026-01-27 22:48:16.222 - INFO - 数据集已扩展|Dataset resized to: 100118421397
2026-01-27 22:52:46.960 - INFO - 样本丰度已保存|Sample abundances saved: DB76A
2026-01-27 22:52:46.979 - INFO - 处理样本|Processing sample 22/181: GDW27A
2026-01-27 22:52:46.979 - INFO - 查询样本丰度|Querying sample abundances: GDW27A
2026-01-27 23:00:38.848 - INFO - 从dump文件读取|Read from dump: 802,590,185 k-mers
2026-01-27 23:00:39.024 - INFO - 使用 12 线程并行查询|Using 12 threads for parallel query
2026-01-27 23:00:47.302 - INFO - 数据分块|Data chunks: 12, 每块约|~66,882,516 条
2026-01-28 00:17:43.862 - INFO - 查询完成|Query completed: 802,590,185 个k-mer
2026-01-28 00:19:04.115 - INFO - 保存样本丰度|Saving sample abundances: GDW27A
2026-01-28 00:19:04.116 - INFO - 存储类型|Storage type: sparse (类型|type: <class 'str'>)
2026-01-28 00:19:04.116 - INFO - 使用稀疏存储|Using sparse storage
2026-01-28 00:19:04.117 - INFO - 当前数据集大小|Current dataset size: 100118421397, 新增|new: 802590185
2026-01-28 00:19:04.117 - INFO - 数据集已扩展|Dataset resized to: 100921011582
2026-01-28 00:23:27.683 - INFO - 样本丰度已保存|Sample abundances saved: GDW27A
2026-01-28 00:23:27.701 - INFO - 处理样本|Processing sample 23/181: SDW175A
2026-01-28 00:23:27.701 - INFO - 查询样本丰度|Querying sample abundances: SDW175A
2026-01-28 00:31:35.072 - INFO - 从dump文件读取|Read from dump: 815,867,574 k-mers
2026-01-28 00:31:35.072 - INFO - 使用 12 线程并行查询|Using 12 threads for parallel query
2026-01-28 00:31:43.195 - INFO - 数据分块|Data chunks: 12, 每块约|~67,988,965 条
2026-01-28 01:58:04.574 - INFO - 查询完成|Query completed: 815,867,574 个k-mer
2026-01-28 01:59:32.645 - INFO - 保存样本丰度|Saving sample abundances: SDW175A
2026-01-28 01:59:32.648 - INFO - 存储类型|Storage type: sparse (类型|type: <class 'str'>)
2026-01-28 01:59:32.648 - INFO - 使用稀疏存储|Using sparse storage
2026-01-28 01:59:32.648 - INFO - 当前数据集大小|Current dataset size: 100921011582, 新增|new: 815867574
2026-01-28 01:59:32.649 - INFO - 数据集已扩展|Dataset resized to: 101736879156
2026-01-28 02:03:28.913 - INFO - 样本丰度已保存|Sample abundances saved: SDW175A
2026-01-28 02:03:28.931 - INFO - 处理样本|Processing sample 24/181: GDW38A
2026-01-28 02:03:28.932 - INFO - 查询样本丰度|Querying sample abundances: GDW38A
2026-01-28 02:13:03.201 - INFO - 从dump文件读取|Read from dump: 932,473,098 k-mers
2026-01-28 02:13:03.202 - INFO - 使用 12 线程并行查询|Using 12 threads for parallel query
2026-01-28 02:13:11.415 - INFO - 数据分块|Data chunks: 12, 每块约|~77,706,092 条
2026-01-28 03:43:15.995 - INFO - 查询完成|Query completed: 932,473,098 个k-mer
2026-01-28 03:44:42.054 - INFO - 保存样本丰度|Saving sample abundances: GDW38A
2026-01-28 03:44:42.056 - INFO - 存储类型|Storage type: sparse (类型|type: <class 'str'>)
2026-01-28 03:44:42.056 - INFO - 使用稀疏存储|Using sparse storage
2026-01-28 03:44:42.056 - INFO - 当前数据集大小|Current dataset size: 101736879156, 新增|new: 932473098
2026-01-28 03:44:42.057 - INFO - 数据集已扩展|Dataset resized to: 102669352254
2026-01-28 03:49:29.417 - INFO - 样本丰度已保存|Sample abundances saved: GDW38A
2026-01-28 03:49:29.436 - INFO - 处理样本|Processing sample 25/181: WK38A
2026-01-28 03:49:29.436 - INFO - 查询样本丰度|Querying sample abundances: WK38A
2026-01-28 03:58:45.237 - INFO - 从dump文件读取|Read from dump: 911,128,353 k-mers
2026-01-28 03:58:45.237 - INFO - 使用 12 线程并行查询|Using 12 threads for parallel query
2026-01-28 03:58:54.702 - INFO - 数据分块|Data chunks: 12, 每块约|~75,927,363 条
2026-01-28 05:29:43.073 - INFO - 查询完成|Query completed: 911,128,353 个k-mer
2026-01-28 05:31:15.082 - INFO - 保存样本丰度|Saving sample abundances: WK38A
2026-01-28 05:31:15.084 - INFO - 存储类型|Storage type: sparse (类型|type: <class 'str'>)
2026-01-28 05:31:15.084 - INFO - 使用稀疏存储|Using sparse storage
2026-01-28 05:31:15.084 - INFO - 当前数据集大小|Current dataset size: 102669352254, 新增|new: 911128353
2026-01-28 05:31:15.084 - INFO - 数据集已扩展|Dataset resized to: 103580480607
2026-01-28 05:36:23.468 - INFO - 样本丰度已保存|Sample abundances saved: WK38A
2026-01-28 05:36:23.489 - INFO - 处理样本|Processing sample 26/181: GDW022A
2026-01-28 05:36:23.547 - INFO - 查询样本丰度|Querying sample abundances: GDW022A
2026-01-28 05:45:21.245 - INFO - 从dump文件读取|Read from dump: 891,188,913 k-mers
2026-01-28 05:45:21.245 - INFO - 使用 12 线程并行查询|Using 12 threads for parallel query
2026-01-28 05:45:30.255 - INFO - 数据分块|Data chunks: 12, 每块约|~74,265,743 条
2026-01-28 07:16:37.336 - INFO - 查询完成|Query completed: 891,188,913 个k-mer
2026-01-28 07:18:12.261 - INFO - 保存样本丰度|Saving sample abundances: GDW022A
2026-01-28 07:18:12.262 - INFO - 存储类型|Storage type: sparse (类型|type: <class 'str'>)
2026-01-28 07:18:12.262 - INFO - 使用稀疏存储|Using sparse storage
2026-01-28 07:18:12.262 - INFO - 当前数据集大小|Current dataset size: 103580480607, 新增|new: 891188913
2026-01-28 07:18:12.263 - INFO - 数据集已扩展|Dataset resized to: 104471669520
2026-01-28 07:22:41.300 - INFO - 样本丰度已保存|Sample abundances saved: GDW022A
2026-01-28 07:22:41.319 - INFO - 处理样本|Processing sample 27/181: SDW097-1A
2026-01-28 07:22:41.319 - INFO - 查询样本丰度|Querying sample abundances: SDW097-1A
2026-01-28 07:30:50.323 - INFO - 从dump文件读取|Read from dump: 818,146,008 k-mers
2026-01-28 07:30:50.323 - INFO - 使用 12 线程并行查询|Using 12 threads for parallel query
2026-01-28 07:30:56.093 - INFO - 数据分块|Data chunks: 12, 每块约|~68,178,835 条
2026-01-28 08:50:37.136 - INFO - 查询完成|Query completed: 818,146,008 个k-mer
2026-01-28 08:52:07.584 - INFO - 保存样本丰度|Saving sample abundances: SDW097-1A
2026-01-28 08:52:07.586 - INFO - 存储类型|Storage type: sparse (类型|type: <class 'str'>)
2026-01-28 08:52:07.586 - INFO - 使用稀疏存储|Using sparse storage
2026-01-28 08:52:07.586 - INFO - 当前数据集大小|Current dataset size: 104471669520, 新增|new: 818146008
2026-01-28 08:52:07.587 - INFO - 数据集已扩展|Dataset resized to: 105289815528
2026-01-28 08:56:18.225 - INFO - 样本丰度已保存|Sample abundances saved: SDW097-1A
2026-01-28 08:56:18.243 - INFO - 处理样本|Processing sample 28/181: GDW008A
2026-01-28 08:56:18.243 - INFO - 查询样本丰度|Querying sample abundances: GDW008A
2026-01-28 09:06:56.359 - INFO - 从dump文件读取|Read from dump: 1,021,430,410 k-mers
2026-01-28 09:06:56.359 - INFO - 使用 12 线程并行查询|Using 12 threads for parallel query
2026-01-28 09:07:07.467 - INFO - 数据分块|Data chunks: 12, 每块约|~85,119,201 条
2026-01-28 10:47:11.522 - INFO - 查询完成|Query completed: 1,021,430,410 个k-mer
2026-01-28 10:48:50.885 - INFO - 保存样本丰度|Saving sample abundances: GDW008A
2026-01-28 10:48:50.888 - INFO - 存储类型|Storage type: sparse (类型|type: <class 'str'>)
2026-01-28 10:48:50.888 - INFO - 使用稀疏存储|Using sparse storage
2026-01-28 10:48:50.888 - INFO - 当前数据集大小|Current dataset size: 105289815528, 新增|new: 1021430410
2026-01-28 10:48:50.888 - INFO - 数据集已扩展|Dataset resized to: 106311245938
2026-01-28 10:54:14.489 - INFO - 样本丰度已保存|Sample abundances saved: GDW008A
2026-01-28 10:54:14.510 - INFO - 处理样本|Processing sample 29/181: WK057A
2026-01-28 10:54:14.510 - INFO - 查询样本丰度|Querying sample abundances: WK057A
2026-01-28 11:03:18.668 - INFO - 从dump文件读取|Read from dump: 894,119,935 k-mers
2026-01-28 11:03:18.668 - INFO - 使用 12 线程并行查询|Using 12 threads for parallel query
2026-01-28 11:03:28.845 - INFO - 数据分块|Data chunks: 12, 每块约|~74,509,995 条
2026-01-28 12:31:48.045 - INFO - 查询完成|Query completed: 894,119,935 个k-mer
2026-01-28 12:33:13.285 - INFO - 保存样本丰度|Saving sample abundances: WK057A
2026-01-28 12:33:13.286 - INFO - 存储类型|Storage type: sparse (类型|type: <class 'str'>)
2026-01-28 12:33:13.286 - INFO - 使用稀疏存储|Using sparse storage
2026-01-28 12:33:13.287 - INFO - 当前数据集大小|Current dataset size: 106311245938, 新增|new: 894119935
2026-01-28 12:33:13.287 - INFO - 数据集已扩展|Dataset resized to: 107205365873
2026-01-28 12:38:00.172 - INFO - 样本丰度已保存|Sample abundances saved: WK057A
2026-01-28 12:38:00.191 - INFO - 处理样本|Processing sample 30/181: SDW109A
2026-01-28 12:38:00.191 - INFO - 查询样本丰度|Querying sample abundances: SDW109A
2026-01-28 12:46:00.214 - INFO - 从dump文件读取|Read from dump: 803,916,230 k-mers
2026-01-28 12:46:00.214 - INFO - 使用 12 线程并行查询|Using 12 threads for parallel query
2026-01-28 12:46:06.923 - INFO - 数据分块|Data chunks: 12, 每块约|~66,993,020 条
2026-01-28 14:05:13.223 - INFO - 查询完成|Query completed: 803,916,230 个k-mer
2026-01-28 14:06:44.125 - INFO - 保存样本丰度|Saving sample abundances: SDW109A
2026-01-28 14:06:44.129 - INFO - 存储类型|Storage type: sparse (类型|type: <class 'str'>)
2026-01-28 14:06:44.129 - INFO - 使用稀疏存储|Using sparse storage
2026-01-28 14:06:44.130 - INFO - 当前数据集大小|Current dataset size: 107205365873, 新增|new: 803916230
2026-01-28 14:06:44.130 - INFO - 数据集已扩展|Dataset resized to: 108009282103
2026-01-28 14:10:34.874 - INFO - 样本丰度已保存|Sample abundances saved: SDW109A
2026-01-28 14:10:34.897 - INFO - 处理样本|Processing sample 31/181: SDW120A
2026-01-28 14:10:34.897 - INFO - 查询样本丰度|Querying sample abundances: SDW120A
2026-01-28 14:18:26.890 - INFO - 从dump文件读取|Read from dump: 799,680,761 k-mers
2026-01-28 14:18:26.890 - INFO - 使用 12 线程并行查询|Using 12 threads for parallel query
2026-01-28 14:18:34.023 - INFO - 数据分块|Data chunks: 12, 每块约|~66,640,064 条
2026-01-28 15:37:55.821 - INFO - 查询完成|Query completed: 799,680,761 个k-mer
2026-01-28 15:39:26.275 - INFO - 保存样本丰度|Saving sample abundances: SDW120A
2026-01-28 15:39:26.277 - INFO - 存储类型|Storage type: sparse (类型|type: <class 'str'>)
2026-01-28 15:39:26.277 - INFO - 使用稀疏存储|Using sparse storage
2026-01-28 15:39:26.277 - INFO - 当前数据集大小|Current dataset size: 108009282103, 新增|new: 799680761
2026-01-28 15:39:26.278 - INFO - 数据集已扩展|Dataset resized to: 108808962864
2026-01-28 15:43:20.127 - INFO - 样本丰度已保存|Sample abundances saved: SDW120A
2026-01-28 15:43:20.145 - INFO - 处理样本|Processing sample 32/181: GDW111A
2026-01-28 15:43:20.145 - INFO - 查询样本丰度|Querying sample abundances: GDW111A
2026-01-28 15:52:08.096 - INFO - 从dump文件读取|Read from dump: 871,133,902 k-mers
2026-01-28 15:52:08.096 - INFO - 使用 12 线程并行查询|Using 12 threads for parallel query
2026-01-28 15:52:13.748 - INFO - 数据分块|Data chunks: 12, 每块约|~72,594,492 条
2026-01-28 17:18:08.694 - INFO - 查询完成|Query completed: 871,133,902 个k-mer
2026-01-28 17:19:33.135 - INFO - 保存样本丰度|Saving sample abundances: GDW111A
2026-01-28 17:19:33.180 - INFO - 存储类型|Storage type: sparse (类型|type: <class 'str'>)
2026-01-28 17:19:33.180 - INFO - 使用稀疏存储|Using sparse storage
2026-01-28 17:19:33.181 - INFO - 当前数据集大小|Current dataset size: 108808962864, 新增|new: 871133902
2026-01-28 17:19:33.181 - INFO - 数据集已扩展|Dataset resized to: 109680096766
2026-01-28 17:23:53.440 - INFO - 样本丰度已保存|Sample abundances saved: GDW111A
2026-01-28 17:23:53.459 - INFO - 处理样本|Processing sample 33/181: DB107A
2026-01-28 17:23:53.459 - INFO - 查询样本丰度|Querying sample abundances: DB107A
2026-01-28 17:32:33.493 - INFO - 从dump文件读取|Read from dump: 875,186,413 k-mers
2026-01-28 17:32:33.493 - INFO - 使用 12 线程并行查询|Using 12 threads for parallel query
2026-01-28 17:32:53.319 - INFO - 数据分块|Data chunks: 12, 每块约|~72,932,202 条
2026-01-28 18:58:20.580 - INFO - 查询完成|Query completed: 875,186,413 个k-mer
2026-01-28 18:59:49.757 - INFO - 保存样本丰度|Saving sample abundances: DB107A
2026-01-28 18:59:49.759 - INFO - 存储类型|Storage type: sparse (类型|type: <class 'str'>)
2026-01-28 18:59:49.759 - INFO - 使用稀疏存储|Using sparse storage
2026-01-28 18:59:49.781 - INFO - 当前数据集大小|Current dataset size: 109680096766, 新增|new: 875186413
2026-01-28 18:59:49.782 - INFO - 数据集已扩展|Dataset resized to: 110555283179
2026-01-28 19:04:33.780 - INFO - 样本丰度已保存|Sample abundances saved: DB107A
2026-01-28 19:04:33.799 - INFO - 处理样本|Processing sample 34/181: SDW176A
2026-01-28 19:04:33.799 - INFO - 查询样本丰度|Querying sample abundances: SDW176A
2026-01-28 19:12:59.488 - INFO - 从dump文件读取|Read from dump: 846,324,068 k-mers
2026-01-28 19:12:59.488 - INFO - 使用 12 线程并行查询|Using 12 threads for parallel query
2026-01-28 19:13:06.308 - INFO - 数据分块|Data chunks: 12, 每块约|~70,527,006 条
2026-01-28 20:38:45.587 - INFO - 查询完成|Query completed: 846,324,068 个k-mer
2026-01-28 20:39:59.211 - INFO - 保存样本丰度|Saving sample abundances: SDW176A
2026-01-28 20:39:59.213 - INFO - 存储类型|Storage type: sparse (类型|type: <class 'str'>)
2026-01-28 20:39:59.213 - INFO - 使用稀疏存储|Using sparse storage
2026-01-28 20:39:59.213 - INFO - 当前数据集大小|Current dataset size: 110555283179, 新增|new: 846324068
2026-01-28 20:39:59.213 - INFO - 数据集已扩展|Dataset resized to: 111401607247
2026-01-28 20:44:55.740 - INFO - 样本丰度已保存|Sample abundances saved: SDW176A
2026-01-28 20:44:55.762 - INFO - 处理样本|Processing sample 35/181: GDW87A
2026-01-28 20:44:55.762 - INFO - 查询样本丰度|Querying sample abundances: GDW87A
2026-01-28 20:54:04.855 - INFO - 从dump文件读取|Read from dump: 900,123,214 k-mers
2026-01-28 20:54:04.855 - INFO - 使用 12 线程并行查询|Using 12 threads for parallel query
2026-01-28 20:54:11.639 - INFO - 数据分块|Data chunks: 12, 每块约|~75,010,268 条
2026-01-28 22:20:19.792 - INFO - 查询完成|Query completed: 900,123,214 个k-mer
2026-01-28 22:21:45.036 - INFO - 保存样本丰度|Saving sample abundances: GDW87A
2026-01-28 22:21:45.055 - INFO - 存储类型|Storage type: sparse (类型|type: <class 'str'>)
2026-01-28 22:21:45.055 - INFO - 使用稀疏存储|Using sparse storage
2026-01-28 22:21:45.055 - INFO - 当前数据集大小|Current dataset size: 111401607247, 新增|new: 900123214
2026-01-28 22:21:45.055 - INFO - 数据集已扩展|Dataset resized to: 112301730461
2026-01-28 22:26:36.205 - INFO - 样本丰度已保存|Sample abundances saved: GDW87A
2026-01-28 22:26:36.225 - INFO - 处理样本|Processing sample 36/181: WK42A
2026-01-28 22:26:36.225 - INFO - 查询样本丰度|Querying sample abundances: WK42A
2026-01-28 22:34:42.852 - INFO - 从dump文件读取|Read from dump: 821,847,132 k-mers
2026-01-28 22:34:42.853 - INFO - 使用 12 线程并行查询|Using 12 threads for parallel query
2026-01-28 22:34:48.070 - INFO - 数据分块|Data chunks: 12, 每块约|~68,487,262 条
2026-01-28 23:57:18.440 - INFO - 查询完成|Query completed: 821,847,132 个k-mer
2026-01-28 23:58:45.345 - INFO - 保存样本丰度|Saving sample abundances: WK42A
2026-01-28 23:58:45.347 - INFO - 存储类型|Storage type: sparse (类型|type: <class 'str'>)
2026-01-28 23:58:45.347 - INFO - 使用稀疏存储|Using sparse storage
2026-01-28 23:58:45.348 - INFO - 当前数据集大小|Current dataset size: 112301730461, 新增|new: 821847132
2026-01-28 23:58:45.348 - INFO - 数据集已扩展|Dataset resized to: 113123577593
2026-01-29 00:03:10.530 - INFO - 样本丰度已保存|Sample abundances saved: WK42A
2026-01-29 00:03:10.547 - INFO - 处理样本|Processing sample 37/181: DB63A
2026-01-29 00:03:10.548 - INFO - 查询样本丰度|Querying sample abundances: DB63A
2026-01-29 00:11:46.565 - INFO - 从dump文件读取|Read from dump: 854,336,812 k-mers
2026-01-29 00:11:46.565 - INFO - 使用 12 线程并行查询|Using 12 threads for parallel query
2026-01-29 00:11:51.209 - INFO - 数据分块|Data chunks: 12, 每块约|~71,194,735 条
2026-01-29 01:42:23.399 - INFO - 查询完成|Query completed: 854,336,812 个k-mer
2026-01-29 01:43:44.454 - INFO - 保存样本丰度|Saving sample abundances: DB63A
2026-01-29 01:43:44.478 - INFO - 存储类型|Storage type: sparse (类型|type: <class 'str'>)
2026-01-29 01:43:44.478 - INFO - 使用稀疏存储|Using sparse storage
2026-01-29 01:43:44.478 - INFO - 当前数据集大小|Current dataset size: 113123577593, 新增|new: 854336812
2026-01-29 01:43:44.478 - INFO - 数据集已扩展|Dataset resized to: 113977914405
2026-01-29 01:48:21.832 - INFO - 样本丰度已保存|Sample abundances saved: DB63A
2026-01-29 01:48:21.850 - INFO - 处理样本|Processing sample 38/181: SDW008A
2026-01-29 01:48:21.850 - INFO - 查询样本丰度|Querying sample abundances: SDW008A
2026-01-29 01:59:01.951 - INFO - 从dump文件读取|Read from dump: 1,035,067,898 k-mers
2026-01-29 01:59:01.951 - INFO - 使用 12 线程并行查询|Using 12 threads for parallel query
2026-01-29 01:59:13.379 - INFO - 数据分块|Data chunks: 12, 每块约|~86,255,659 条
2026-01-29 03:41:29.941 - INFO - 查询完成|Query completed: 1,035,067,898 个k-mer
2026-01-29 03:43:01.754 - INFO - 保存样本丰度|Saving sample abundances: SDW008A
2026-01-29 03:43:01.756 - INFO - 存储类型|Storage type: sparse (类型|type: <class 'str'>)
2026-01-29 03:43:01.756 - INFO - 使用稀疏存储|Using sparse storage
2026-01-29 03:43:01.756 - INFO - 当前数据集大小|Current dataset size: 113977914405, 新增|new: 1035067898
2026-01-29 03:43:01.756 - INFO - 数据集已扩展|Dataset resized to: 115012982303
2026-01-29 03:48:34.098 - INFO - 样本丰度已保存|Sample abundances saved: SDW008A
2026-01-29 03:48:34.121 - INFO - 处理样本|Processing sample 39/181: SDW073-2A
2026-01-29 03:48:34.121 - INFO - 查询样本丰度|Querying sample abundances: SDW073-2A
2026-01-29 03:57:24.975 - INFO - 从dump文件读取|Read from dump: 882,686,015 k-mers
2026-01-29 03:57:24.975 - INFO - 使用 12 线程并行查询|Using 12 threads for parallel query
2026-01-29 03:57:34.058 - INFO - 数据分块|Data chunks: 12, 每块约|~73,557,168 条
2026-01-29 05:29:19.642 - INFO - 查询完成|Query completed: 882,686,015 个k-mer
2026-01-29 05:31:03.406 - INFO - 保存样本丰度|Saving sample abundances: SDW073-2A
2026-01-29 05:31:03.409 - INFO - 存储类型|Storage type: sparse (类型|type: <class 'str'>)
2026-01-29 05:31:03.409 - INFO - 使用稀疏存储|Using sparse storage
2026-01-29 05:31:03.409 - INFO - 当前数据集大小|Current dataset size: 115012982303, 新增|new: 882686015
2026-01-29 05:31:03.409 - INFO - 数据集已扩展|Dataset resized to: 115895668318
2026-01-29 05:35:47.471 - INFO - 样本丰度已保存|Sample abundances saved: SDW073-2A
2026-01-29 05:35:47.490 - INFO - 处理样本|Processing sample 40/181: GDW018A
2026-01-29 05:35:47.490 - INFO - 查询样本丰度|Querying sample abundances: GDW018A
2026-01-29 05:45:24.561 - INFO - 从dump文件读取|Read from dump: 945,409,979 k-mers
2026-01-29 05:45:24.561 - INFO - 使用 12 线程并行查询|Using 12 threads for parallel query
2026-01-29 05:45:30.433 - INFO - 数据分块|Data chunks: 12, 每块约|~78,784,165 条
2026-01-29 07:14:50.019 - INFO - 查询完成|Query completed: 945,409,979 个k-mer
2026-01-29 07:16:21.411 - INFO - 保存样本丰度|Saving sample abundances: GDW018A
2026-01-29 07:16:21.413 - INFO - 存储类型|Storage type: sparse (类型|type: <class 'str'>)
2026-01-29 07:16:21.413 - INFO - 使用稀疏存储|Using sparse storage
2026-01-29 07:16:21.413 - INFO - 当前数据集大小|Current dataset size: 115895668318, 新增|new: 945409979
2026-01-29 07:16:21.414 - INFO - 数据集已扩展|Dataset resized to: 116841078297
2026-01-29 07:21:51.327 - INFO - 样本丰度已保存|Sample abundances saved: GDW018A
2026-01-29 07:21:51.347 - INFO - 处理样本|Processing sample 41/181: GDW052A
2026-01-29 07:21:51.347 - INFO - 查询样本丰度|Querying sample abundances: GDW052A
2026-01-29 07:30:45.122 - INFO - 从dump文件读取|Read from dump: 880,139,971 k-mers
2026-01-29 07:30:45.122 - INFO - 使用 12 线程并行查询|Using 12 threads for parallel query
2026-01-29 07:30:52.889 - INFO - 数据分块|Data chunks: 12, 每块约|~73,344,998 条
2026-01-29 08:58:12.948 - INFO - 查询完成|Query completed: 880,139,971 个k-mer
2026-01-29 08:59:29.955 - INFO - 保存样本丰度|Saving sample abundances: GDW052A
2026-01-29 08:59:29.957 - INFO - 存储类型|Storage type: sparse (类型|type: <class 'str'>)
2026-01-29 08:59:29.957 - INFO - 使用稀疏存储|Using sparse storage
2026-01-29 08:59:29.957 - INFO - 当前数据集大小|Current dataset size: 116841078297, 新增|new: 880139971
2026-01-29 08:59:29.958 - INFO - 数据集已扩展|Dataset resized to: 117721218268
2026-01-29 09:04:00.790 - INFO - 样本丰度已保存|Sample abundances saved: GDW052A
2026-01-29 09:04:00.809 - INFO - 处理样本|Processing sample 42/181: DB72A
2026-01-29 09:04:00.809 - INFO - 查询样本丰度|Querying sample abundances: DB72A
2026-01-29 09:12:32.900 - INFO - 从dump文件读取|Read from dump: 873,969,858 k-mers
2026-01-29 09:12:32.900 - INFO - 使用 12 线程并行查询|Using 12 threads for parallel query
2026-01-29 09:12:38.302 - INFO - 数据分块|Data chunks: 12, 每块约|~72,830,822 条
2026-01-29 10:37:42.901 - INFO - 查询完成|Query completed: 873,969,858 个k-mer
2026-01-29 10:39:15.098 - INFO - 保存样本丰度|Saving sample abundances: DB72A
2026-01-29 10:39:15.101 - INFO - 存储类型|Storage type: sparse (类型|type: <class 'str'>)
2026-01-29 10:39:15.101 - INFO - 使用稀疏存储|Using sparse storage
2026-01-29 10:39:15.101 - INFO - 当前数据集大小|Current dataset size: 117721218268, 新增|new: 873969858
2026-01-29 10:39:15.101 - INFO - 数据集已扩展|Dataset resized to: 118595188126
2026-01-29 10:44:21.154 - INFO - 样本丰度已保存|Sample abundances saved: DB72A
2026-01-29 10:44:21.173 - INFO - 处理样本|Processing sample 43/181: SDW054A
2026-01-29 10:44:21.173 - INFO - 查询样本丰度|Querying sample abundances: SDW054A
2026-01-29 10:52:38.257 - INFO - 从dump文件读取|Read from dump: 843,541,016 k-mers
2026-01-29 10:52:38.257 - INFO - 使用 12 线程并行查询|Using 12 threads for parallel query
2026-01-29 10:52:45.898 - INFO - 数据分块|Data chunks: 12, 每块约|~70,295,085 条
2026-01-29 12:14:29.614 - INFO - 查询完成|Query completed: 843,541,016 个k-mer
2026-01-29 12:16:03.123 - INFO - 保存样本丰度|Saving sample abundances: SDW054A
2026-01-29 12:16:03.125 - INFO - 存储类型|Storage type: sparse (类型|type: <class 'str'>)
2026-01-29 12:16:03.125 - INFO - 使用稀疏存储|Using sparse storage
2026-01-29 12:16:03.126 - INFO - 当前数据集大小|Current dataset size: 118595188126, 新增|new: 843541016
2026-01-29 12:16:03.126 - INFO - 数据集已扩展|Dataset resized to: 119438729142
2026-01-29 12:20:24.205 - INFO - 样本丰度已保存|Sample abundances saved: SDW054A
2026-01-29 12:20:24.225 - INFO - 处理样本|Processing sample 44/181: SDW043A
2026-01-29 12:20:24.225 - INFO - 查询样本丰度|Querying sample abundances: SDW043A
2026-01-29 12:28:53.102 - INFO - 从dump文件读取|Read from dump: 854,667,913 k-mers
2026-01-29 12:28:53.102 - INFO - 使用 12 线程并行查询|Using 12 threads for parallel query
2026-01-29 12:29:00.064 - INFO - 数据分块|Data chunks: 12, 每块约|~71,222,327 条
2026-01-29 13:53:07.909 - INFO - 查询完成|Query completed: 854,667,913 个k-mer
2026-01-29 13:54:38.599 - INFO - 保存样本丰度|Saving sample abundances: SDW043A
2026-01-29 13:54:38.600 - INFO - 存储类型|Storage type: sparse (类型|type: <class 'str'>)
2026-01-29 13:54:38.600 - INFO - 使用稀疏存储|Using sparse storage
2026-01-29 13:54:38.600 - INFO - 当前数据集大小|Current dataset size: 119438729142, 新增|new: 854667913
2026-01-29 13:54:38.601 - INFO - 数据集已扩展|Dataset resized to: 120293397055
2026-01-29 13:59:00.723 - INFO - 样本丰度已保存|Sample abundances saved: SDW043A
2026-01-29 13:59:00.741 - INFO - 处理样本|Processing sample 45/181: GDW13A
2026-01-29 13:59:00.742 - INFO - 查询样本丰度|Querying sample abundances: GDW13A
2026-01-29 14:08:00.745 - INFO - 从dump文件读取|Read from dump: 895,546,757 k-mers
2026-01-29 14:08:00.847 - INFO - 使用 12 线程并行查询|Using 12 threads for parallel query
2026-01-29 14:08:06.559 - INFO - 数据分块|Data chunks: 12, 每块约|~74,628,897 条
2026-01-29 15:35:18.297 - INFO - 查询完成|Query completed: 895,546,757 个k-mer
2026-01-29 15:36:51.683 - INFO - 保存样本丰度|Saving sample abundances: GDW13A
2026-01-29 15:36:51.686 - INFO - 存储类型|Storage type: sparse (类型|type: <class 'str'>)
2026-01-29 15:36:51.686 - INFO - 使用稀疏存储|Using sparse storage
2026-01-29 15:36:51.686 - INFO - 当前数据集大小|Current dataset size: 120293397055, 新增|new: 895546757
2026-01-29 15:36:51.687 - INFO - 数据集已扩展|Dataset resized to: 121188943812
2026-01-29 15:41:49.439 - INFO - 样本丰度已保存|Sample abundances saved: GDW13A
2026-01-29 15:41:49.458 - INFO - 处理样本|Processing sample 46/181: WJ5A
2026-01-29 15:41:49.458 - INFO - 查询样本丰度|Querying sample abundances: WJ5A
2026-01-29 15:51:29.145 - INFO - 从dump文件读取|Read from dump: 937,323,707 k-mers
2026-01-29 15:51:29.145 - INFO - 使用 12 线程并行查询|Using 12 threads for parallel query
2026-01-29 15:51:37.304 - INFO - 数据分块|Data chunks: 12, 每块约|~78,110,309 条
2026-01-29 17:23:02.420 - INFO - 查询完成|Query completed: 937,323,707 个k-mer
2026-01-29 17:24:31.429 - INFO - 保存样本丰度|Saving sample abundances: WJ5A
2026-01-29 17:24:31.481 - INFO - 存储类型|Storage type: sparse (类型|type: <class 'str'>)
2026-01-29 17:24:31.481 - INFO - 使用稀疏存储|Using sparse storage
2026-01-29 17:24:31.481 - INFO - 当前数据集大小|Current dataset size: 121188943812, 新增|new: 937323707
2026-01-29 17:24:31.481 - INFO - 数据集已扩展|Dataset resized to: 122126267519
2026-01-29 17:29:30.290 - INFO - 样本丰度已保存|Sample abundances saved: WJ5A
2026-01-29 17:29:30.310 - INFO - 处理样本|Processing sample 47/181: SDW084A
2026-01-29 17:29:30.311 - INFO - 查询样本丰度|Querying sample abundances: SDW084A
2026-01-29 17:37:31.861 - INFO - 从dump文件读取|Read from dump: 803,223,720 k-mers
2026-01-29 17:37:31.874 - INFO - 使用 12 线程并行查询|Using 12 threads for parallel query
2026-01-29 17:37:37.206 - INFO - 数据分块|Data chunks: 12, 每块约|~66,935,311 条
2026-01-29 19:00:52.006 - INFO - 查询完成|Query completed: 803,223,720 个k-mer
2026-01-29 19:02:24.596 - INFO - 保存样本丰度|Saving sample abundances: SDW084A
2026-01-29 19:02:24.599 - INFO - 存储类型|Storage type: sparse (类型|type: <class 'str'>)
2026-01-29 19:02:24.599 - INFO - 使用稀疏存储|Using sparse storage
2026-01-29 19:02:24.599 - INFO - 当前数据集大小|Current dataset size: 122126267519, 新增|new: 803223720
2026-01-29 19:02:24.600 - INFO - 数据集已扩展|Dataset resized to: 122929491239
2026-01-29 19:06:13.229 - INFO - 样本丰度已保存|Sample abundances saved: SDW084A
2026-01-29 19:06:13.248 - INFO - 处理样本|Processing sample 48/181: DB104A
2026-01-29 19:06:13.248 - INFO - 查询样本丰度|Querying sample abundances: DB104A
2026-01-29 19:14:57.153 - INFO - 从dump文件读取|Read from dump: 851,725,477 k-mers
2026-01-29 19:14:57.154 - INFO - 使用 12 线程并行查询|Using 12 threads for parallel query
2026-01-29 19:15:03.049 - INFO - 数据分块|Data chunks: 12, 每块约|~70,977,124 条
2026-01-29 20:46:09.962 - INFO - 查询完成|Query completed: 851,725,477 个k-mer
2026-01-29 20:47:46.451 - INFO - 保存样本丰度|Saving sample abundances: DB104A
2026-01-29 20:47:46.454 - INFO - 存储类型|Storage type: sparse (类型|type: <class 'str'>)
2026-01-29 20:47:46.454 - INFO - 使用稀疏存储|Using sparse storage
2026-01-29 20:47:46.454 - INFO - 当前数据集大小|Current dataset size: 122929491239, 新增|new: 851725477
2026-01-29 20:47:46.455 - INFO - 数据集已扩展|Dataset resized to: 123781216716
2026-01-29 20:52:15.601 - INFO - 样本丰度已保存|Sample abundances saved: DB104A
2026-01-29 20:52:15.619 - INFO - 处理样本|Processing sample 49/181: DB102A
2026-01-29 20:52:15.654 - INFO - 查询样本丰度|Querying sample abundances: DB102A
2026-01-29 21:01:19.872 - INFO - 从dump文件读取|Read from dump: 888,097,740 k-mers
2026-01-29 21:01:19.872 - INFO - 使用 12 线程并行查询|Using 12 threads for parallel query
2026-01-29 21:01:27.452 - INFO - 数据分块|Data chunks: 12, 每块约|~74,008,146 条
2026-01-29 22:27:51.136 - INFO - 查询完成|Query completed: 888,097,740 个k-mer
2026-01-29 22:29:26.157 - INFO - 保存样本丰度|Saving sample abundances: DB102A
2026-01-29 22:29:26.159 - INFO - 存储类型|Storage type: sparse (类型|type: <class 'str'>)
2026-01-29 22:29:26.159 - INFO - 使用稀疏存储|Using sparse storage
2026-01-29 22:29:26.159 - INFO - 当前数据集大小|Current dataset size: 123781216716, 新增|new: 888097740
2026-01-29 22:29:26.159 - INFO - 数据集已扩展|Dataset resized to: 124669314456
2026-01-29 22:34:18.840 - INFO - 样本丰度已保存|Sample abundances saved: DB102A
2026-01-29 22:34:18.859 - INFO - 处理样本|Processing sample 50/181: SDW019A
2026-01-29 22:34:18.859 - INFO - 查询样本丰度|Querying sample abundances: SDW019A
2026-01-29 22:42:59.485 - INFO - 从dump文件读取|Read from dump: 867,185,536 k-mers
2026-01-29 22:42:59.485 - INFO - 使用 12 线程并行查询|Using 12 threads for parallel query
2026-01-29 22:43:08.370 - INFO - 数据分块|Data chunks: 12, 每块约|~72,265,462 条
2026-01-30 00:07:54.297 - INFO - 查询完成|Query completed: 867,185,536 个k-mer
2026-01-30 00:09:13.176 - INFO - 保存样本丰度|Saving sample abundances: SDW019A
2026-01-30 00:09:13.220 - INFO - 存储类型|Storage type: sparse (类型|type: <class 'str'>)
2026-01-30 00:09:13.220 - INFO - 使用稀疏存储|Using sparse storage
2026-01-30 00:09:13.220 - INFO - 当前数据集大小|Current dataset size: 124669314456, 新增|new: 867185536
2026-01-30 00:09:13.220 - INFO - 数据集已扩展|Dataset resized to: 125536499992
2026-01-30 00:13:51.868 - INFO - 样本丰度已保存|Sample abundances saved: SDW019A
2026-01-30 00:13:51.887 - INFO - 处理样本|Processing sample 51/181: WJ28A
2026-01-30 00:13:51.887 - INFO - 查询样本丰度|Querying sample abundances: WJ28A
2026-01-30 00:22:57.425 - INFO - 从dump文件读取|Read from dump: 907,330,342 k-mers
2026-01-30 00:22:57.425 - INFO - 使用 12 线程并行查询|Using 12 threads for parallel query
2026-01-30 00:23:02.797 - INFO - 数据分块|Data chunks: 12, 每块约|~75,610,862 条
2026-01-30 01:49:48.067 - INFO - 查询完成|Query completed: 907,330,342 个k-mer
2026-01-30 01:51:23.956 - INFO - 保存样本丰度|Saving sample abundances: WJ28A
2026-01-30 01:51:23.957 - INFO - 存储类型|Storage type: sparse (类型|type: <class 'str'>)
2026-01-30 01:51:23.957 - INFO - 使用稀疏存储|Using sparse storage
2026-01-30 01:51:23.957 - INFO - 当前数据集大小|Current dataset size: 125536499992, 新增|new: 907330342
2026-01-30 01:51:23.958 - INFO - 数据集已扩展|Dataset resized to: 126443830334
2026-01-30 01:56:05.997 - INFO - 样本丰度已保存|Sample abundances saved: WJ28A
2026-01-30 01:56:06.016 - INFO - 处理样本|Processing sample 52/181: WK085-1A
2026-01-30 01:56:06.016 - INFO - 查询样本丰度|Querying sample abundances: WK085-1A
2026-01-30 02:05:19.960 - INFO - 从dump文件读取|Read from dump: 902,504,831 k-mers
2026-01-30 02:05:19.961 - INFO - 使用 12 线程并行查询|Using 12 threads for parallel query
2026-01-30 02:05:26.116 - INFO - 数据分块|Data chunks: 12, 每块约|~75,208,736 条
2026-01-30 03:29:56.195 - INFO - 查询完成|Query completed: 902,504,831 个k-mer
2026-01-30 03:31:34.950 - INFO - 保存样本丰度|Saving sample abundances: WK085-1A
2026-01-30 03:31:34.951 - INFO - 存储类型|Storage type: sparse (类型|type: <class 'str'>)
2026-01-30 03:31:34.951 - INFO - 使用稀疏存储|Using sparse storage
2026-01-30 03:31:34.952 - INFO - 当前数据集大小|Current dataset size: 126443830334, 新增|new: 902504831
2026-01-30 03:31:34.952 - INFO - 数据集已扩展|Dataset resized to: 127346335165
2026-01-30 03:36:31.927 - INFO - 样本丰度已保存|Sample abundances saved: WK085-1A
2026-01-30 03:36:31.947 - INFO - 处理样本|Processing sample 53/181: WK084-2A
2026-01-30 03:36:31.947 - INFO - 查询样本丰度|Querying sample abundances: WK084-2A
2026-01-30 03:45:45.242 - INFO - 从dump文件读取|Read from dump: 911,801,049 k-mers
2026-01-30 03:45:45.242 - INFO - 使用 12 线程并行查询|Using 12 threads for parallel query
2026-01-30 03:45:53.708 - INFO - 数据分块|Data chunks: 12, 每块约|~75,983,421 条
2026-01-30 05:15:37.669 - INFO - 查询完成|Query completed: 911,801,049 个k-mer
2026-01-30 05:17:02.351 - INFO - 保存样本丰度|Saving sample abundances: WK084-2A
2026-01-30 05:17:02.353 - INFO - 存储类型|Storage type: sparse (类型|type: <class 'str'>)
2026-01-30 05:17:02.353 - INFO - 使用稀疏存储|Using sparse storage
2026-01-30 05:17:02.353 - INFO - 当前数据集大小|Current dataset size: 127346335165, 新增|new: 911801049
2026-01-30 05:17:02.353 - INFO - 数据集已扩展|Dataset resized to: 128258136214
2026-01-30 05:21:58.782 - INFO - 样本丰度已保存|Sample abundances saved: WK084-2A
2026-01-30 05:21:58.805 - INFO - 处理样本|Processing sample 54/181: GDW47A
2026-01-30 05:21:58.805 - INFO - 查询样本丰度|Querying sample abundances: GDW47A
2026-01-30 05:30:49.782 - INFO - 从dump文件读取|Read from dump: 870,821,014 k-mers
2026-01-30 05:30:49.782 - INFO - 使用 12 线程并行查询|Using 12 threads for parallel query
2026-01-30 05:30:57.056 - INFO - 数据分块|Data chunks: 12, 每块约|~72,568,418 条
2026-01-30 06:56:25.173 - INFO - 查询完成|Query completed: 870,821,014 个k-mer
2026-01-30 06:57:42.298 - INFO - 保存样本丰度|Saving sample abundances: GDW47A
2026-01-30 06:57:42.299 - INFO - 存储类型|Storage type: sparse (类型|type: <class 'str'>)
2026-01-30 06:57:42.300 - INFO - 使用稀疏存储|Using sparse storage
2026-01-30 06:57:42.300 - INFO - 当前数据集大小|Current dataset size: 128258136214, 新增|new: 870821014
2026-01-30 06:57:42.300 - INFO - 数据集已扩展|Dataset resized to: 129128957228
2026-01-30 07:02:40.503 - INFO - 样本丰度已保存|Sample abundances saved: GDW47A
2026-01-30 07:02:40.521 - INFO - 处理样本|Processing sample 55/181: DB57A
2026-01-30 07:02:40.521 - INFO - 查询样本丰度|Querying sample abundances: DB57A
2026-01-30 07:11:43.540 - INFO - 从dump文件读取|Read from dump: 880,589,961 k-mers
2026-01-30 07:11:43.540 - INFO - 使用 12 线程并行查询|Using 12 threads for parallel query
2026-01-30 07:11:48.668 - INFO - 数据分块|Data chunks: 12, 每块约|~73,382,497 条
2026-01-30 08:35:41.494 - INFO - 查询完成|Query completed: 880,589,961 个k-mer
2026-01-30 08:37:09.476 - INFO - 保存样本丰度|Saving sample abundances: DB57A
2026-01-30 08:37:09.506 - INFO - 存储类型|Storage type: sparse (类型|type: <class 'str'>)
2026-01-30 08:37:09.506 - INFO - 使用稀疏存储|Using sparse storage
2026-01-30 08:37:09.506 - INFO - 当前数据集大小|Current dataset size: 129128957228, 新增|new: 880589961
2026-01-30 08:37:09.506 - INFO - 数据集已扩展|Dataset resized to: 130009547189
2026-01-30 08:42:04.517 - INFO - 样本丰度已保存|Sample abundances saved: DB57A
2026-01-30 08:42:04.536 - INFO - 处理样本|Processing sample 56/181: SDW162-1A
2026-01-30 08:42:04.536 - INFO - 查询样本丰度|Querying sample abundances: SDW162-1A
2026-01-30 08:50:11.052 - INFO - 从dump文件读取|Read from dump: 824,382,183 k-mers
2026-01-30 08:50:11.052 - INFO - 使用 12 线程并行查询|Using 12 threads for parallel query
2026-01-30 08:50:18.838 - INFO - 数据分块|Data chunks: 12, 每块约|~68,698,516 条
2026-01-30 10:11:17.251 - INFO - 查询完成|Query completed: 824,382,183 个k-mer
2026-01-30 10:12:41.530 - INFO - 保存样本丰度|Saving sample abundances: SDW162-1A
2026-01-30 10:12:41.533 - INFO - 存储类型|Storage type: sparse (类型|type: <class 'str'>)
2026-01-30 10:12:41.533 - INFO - 使用稀疏存储|Using sparse storage
2026-01-30 10:12:41.533 - INFO - 当前数据集大小|Current dataset size: 130009547189, 新增|new: 824382183
2026-01-30 10:12:41.556 - INFO - 数据集已扩展|Dataset resized to: 130833929372
2026-01-30 10:17:05.875 - INFO - 样本丰度已保存|Sample abundances saved: SDW162-1A
2026-01-30 10:17:05.893 - INFO - 处理样本|Processing sample 57/181: DB68A
2026-01-30 10:17:05.893 - INFO - 查询样本丰度|Querying sample abundances: DB68A
2026-01-30 10:25:59.054 - INFO - 从dump文件读取|Read from dump: 877,947,083 k-mers
2026-01-30 10:25:59.055 - INFO - 使用 12 线程并行查询|Using 12 threads for parallel query
2026-01-30 10:26:06.404 - INFO - 数据分块|Data chunks: 12, 每块约|~73,162,257 条
2026-01-30 11:48:55.952 - INFO - 查询完成|Query completed: 877,947,083 个k-mer
2026-01-30 11:50:30.610 - INFO - 保存样本丰度|Saving sample abundances: DB68A
2026-01-30 11:50:30.624 - INFO - 存储类型|Storage type: sparse (类型|type: <class 'str'>)
2026-01-30 11:50:30.624 - INFO - 使用稀疏存储|Using sparse storage
2026-01-30 11:50:30.625 - INFO - 当前数据集大小|Current dataset size: 130833929372, 新增|new: 877947083
2026-01-30 11:50:30.625 - INFO - 数据集已扩展|Dataset resized to: 131711876455
2026-01-30 11:55:17.406 - INFO - 样本丰度已保存|Sample abundances saved: DB68A
2026-01-30 11:55:17.425 - INFO - 处理样本|Processing sample 58/181: SDW064A
2026-01-30 11:55:17.425 - INFO - 查询样本丰度|Querying sample abundances: SDW064A
2026-01-30 12:04:30.109 - INFO - 从dump文件读取|Read from dump: 910,272,031 k-mers
2026-01-30 12:04:30.109 - INFO - 使用 12 线程并行查询|Using 12 threads for parallel query
2026-01-30 12:04:36.942 - INFO - 数据分块|Data chunks: 12, 每块约|~75,856,003 条
2026-01-30 13:35:30.642 - INFO - 查询完成|Query completed: 910,272,031 个k-mer
2026-01-30 13:37:00.404 - INFO - 保存样本丰度|Saving sample abundances: SDW064A
2026-01-30 13:37:00.406 - INFO - 存储类型|Storage type: sparse (类型|type: <class 'str'>)
2026-01-30 13:37:00.406 - INFO - 使用稀疏存储|Using sparse storage
2026-01-30 13:37:00.406 - INFO - 当前数据集大小|Current dataset size: 131711876455, 新增|new: 910272031
2026-01-30 13:37:00.406 - INFO - 数据集已扩展|Dataset resized to: 132622148486
2026-01-30 13:41:51.266 - INFO - 样本丰度已保存|Sample abundances saved: SDW064A
2026-01-30 13:41:51.288 - INFO - 处理样本|Processing sample 59/181: SDW062A
2026-01-30 13:41:51.288 - INFO - 查询样本丰度|Querying sample abundances: SDW062A
2026-01-30 13:50:23.931 - INFO - 从dump文件读取|Read from dump: 843,215,745 k-mers
2026-01-30 13:50:23.932 - INFO - 使用 12 线程并行查询|Using 12 threads for parallel query
2026-01-30 13:50:30.306 - INFO - 数据分块|Data chunks: 12, 每块约|~70,267,979 条
2026-01-30 15:13:52.292 - INFO - 查询完成|Query completed: 843,215,745 个k-mer
2026-01-30 15:15:10.334 - INFO - 保存样本丰度|Saving sample abundances: SDW062A
2026-01-30 15:15:10.494 - ERROR - 程序执行出错|Program execution error: Unable to synchronously open file (can't retrieve stat info for file)
