2026-01-29 19:11:57.931 - INFO - 开始KmerPAV流程|Starting KmerPAV pipeline
2026-01-29 19:11:57.945 - INFO - 生成FOF文件|Generating FOF file
2026-01-29 19:11:57.964 - INFO - 检测到双末端数据|Detected paired-end data: 99 samples
2026-01-29 19:11:58.008 - INFO - FOF文件已生成（双末端）|FOF file generated (paired-end): 01.kmer_db/input.fof
2026-01-29 19:11:58.008 - INFO - 运行kmtricks pipeline|Running kmtricks pipeline
2026-01-29 19:11:58.009 - INFO - 执行kmtricks pipeline|Executing kmtricks pipeline|执行kmtricks pipeline|Executing kmtricks pipeline
2026-01-30 02:40:52.934 - INFO - kmtricks pipeline完成|kmtricks pipeline completed
2026-01-30 02:40:52.947 - INFO - 运行kmtricks aggregate|Running kmtricks aggregate
2026-01-30 02:40:52.947 - INFO - 执行kmtricks aggregate|Executing kmtricks aggregate|执行kmtricks aggregate|Executing kmtricks aggregate
2026-01-30 03:48:45.303 - INFO - kmtricks aggregate完成|kmtricks aggregate completed: 01.kmer_db/kmer_matrix.txt
2026-01-30 03:48:45.303 - INFO - 压缩矩阵文件|Compressing matrix file
2026-01-30 03:48:45.456 - INFO - 压缩矩阵文件|Compressing matrix file|压缩矩阵文件|Compressing matrix file
2026-01-30 04:01:50.636 - INFO - 矩阵文件已压缩|Matrix file compressed: 01.kmer_db/kmer_matrix.txt.gz
2026-01-30 04:01:50.637 - INFO - 提取样本名|Extracting sample names
2026-01-30 04:01:50.676 - INFO - 样本名已提取|Sample names extracted: 01.kmer_db/header.txt
2026-01-30 04:01:50.677 - INFO - 导入矩阵到RocksDB|Importing matrix to RocksDB
2026-01-30 04:01:51.278 - INFO - RocksDB导入功能需要python-rocksdb库|RocksDB import requires python-rocksdb library
2026-01-30 04:01:51.278 - INFO - 请确保已安装: pip install python-rocksdb|Please ensure installed: pip install python-rocksdb
2026-01-30 04:01:51.279 - INFO - RocksDB数据库路径|RocksDB database path: 01.kmer_db/kmer_rocksdb
2026-01-30 04:01:51.279 - INFO - KmerPAV流程完成|KmerPAV pipeline completed
2026-01-30 04:01:51.279 - INFO - kmer数据库构建完成|kmer database building completed
