2026-01-20 21:18:51.582 - WARNING - 命令错误输出|Command stderr:
-- canu master +27 changes (r10515 2a41e933b8de6ed66723d75d36dd071b46d2c347)
--
-- CITATIONS
--
-- For assemblies of PacBio HiFi reads:
--   Nurk S, Walenz BP, Rhiea A, Vollger MR, Logsdon GA, Grothe R, Miga KH, Eichler EE, Phillippy AM, Koren S.
--   HiCanu: accurate assembly of segmental duplications, satellites, and allelic variants from high-fidelity long reads.
--   biorXiv. 2020.
--   https://doi.org/10.1101/2020.03.14.992248
-- 
-- Read and contig alignments during correction and consensus use:
--   Šošic M, Šikic M.
--   Edlib: a C/C ++ library for fast, exact sequence alignment using edit distance.
--   Bioinformatics. 2017 May 1;33(9):1394-1395.
--   http://doi.org/10.1093/bioinformatics/btw753
-- 
-- Overlaps are generated using:
--   Berlin K, et al.
--   Assembling large genomes with single-molecule sequencing and locality-sensitive hashing.
--   Nat Biotechnol. 2015 Jun;33(6):623-30.
--   http://doi.org/10.1038/nbt.3238
-- 
--   Myers EW, et al.
--   A Whole-Genome Assembly of Drosophila.
--   Science. 2000 Mar 24;287(5461):2196-204.
--   http://doi.org/10.1126/science.287.5461.2196
-- 
-- Contig consensus sequences are generated using an algorithm derived from pbdagcon:
--   Chin CS, et al.
--   Nonhybrid, finished microbial genome assemblies from long-read SMRT sequencing data.
--   Nat Methods. 2013 Jun;10(6):563-9
--   http://doi.org/10.1038/nmeth.2474
-- 
-- CONFIGURE CANU
--
-- Detected Java(TM) Runtime Environment '17.0.15-internal' (from '/share/org/YZWL/yzwl_lixg/.local/bin/java') without -d64 support.
--
-- WARNING:
-- WARNING:  Failed to run gnuplot using command 'gnuplot'.
-- WARNING:  Plots will be disabled.
-- WARNING:
--
-- Detected samtools version '1.22' / htslib version 'htscodecs=1.6.3' (from 'samtools').
--
-- Detected 88 CPUs and 503 gigabytes of memory on the local machine.
--
-- Detected Slurm with 'sinfo' binary in /opt/skyformai/bin/sinfo.
--          Slurm disabled by useGrid=false
--
-- Detected  '' with 'pbsnodes' binary in /opt/skyformai/bin/pbsnodes.
--           disabled by useGrid=false
--
-- Detected LSF with 'bsub' binary in /opt/skyformai/bin/bsub.
--          LSF disabled by useGrid=false
--
-- Local machine mode enabled; grid support not detected or not allowed.
--
-- Found trimmed raw PacBio HiFi reads in the input files.
--
--                                (tag)Concurrency
--                         (tag)Threads          |
--                (tag)Memory         |          |
--        (tag)             |         |          |       total usage      algorithm
--        -------  ----------  --------   --------  --------------------  -----------------------------
-- Local: meryl     12.000 GB    4 CPUs x  22 jobs   264.000 GB  88 CPUs  (k-mer counting)
-- Local: cormhap   13.000 GB   11 CPUs x   8 jobs   104.000 GB  88 CPUs  (overlap detection with mhap)
-- Local: obtovl     8.000 GB    8 CPUs x  11 jobs    88.000 GB  88 CPUs  (overlap detection)
-- Local: utgovl     8.000 GB    8 CPUs x  11 jobs    88.000 GB  88 CPUs  (overlap detection)
-- Local: cor        -.--- GB    4 CPUs x   - jobs     -.--- GB   - CPUs  (read correction)
-- Local: ovb        4.000 GB    1 CPU  x  88 jobs   352.000 GB  88 CPUs  (overlap store bucketizer)
-- Local: ovs        8.000 GB    1 CPU  x  62 jobs   496.000 GB  62 CPUs  (overlap store sorting)
-- Local: red       16.000 GB    4 CPUs x  22 jobs   352.000 GB  88 CPUs  (read error detection)
-- Local: oea        8.000 GB    1 CPU  x  62 jobs   496.000 GB  62 CPUs  (overlap error adjustment)
-- Local: bat       32.000 GB    8 CPUs x   1 job     32.000 GB   8 CPUs  (contig construction with bogart)
-- Local: cns        -.--- GB    8 CPUs x   - jobs     -.--- GB   - CPUs  (consensus)
--
-- Generating assembly 'D2-11' in '/share/org/YZWL/yzwl_lixg/project/28.大豆疫霉菌三代基因组/03.hicanu/D2-11/01.raw_output':
--   genomeSize:
--     85000000
--
--   Overlap Generation Limits:
--     corOvlErrorRate 0.0000 (  0.00%)
--     obtOvlErrorRate 0.0250 (  2.50%)
--     utgOvlErrorRate 0.0100 (  1.00%)
--
--   Overlap Processing Limits:
--     corErrorRate    0.0000 (  0.00%)
--     obtErrorRate    0.0250 (  2.50%)
--     utgErrorRate    0.0003 (  0.03%)
--     cnsErrorRate    0.0500 (  5.00%)
--
--   Stages to run:
--     assemble HiFi reads.
--
--
-- BEGIN STORE CREATION
----------------------------------------
-- Starting command on Tue Jan 20 19:40:29 2026 with 4168839.828 GB free disk space

    cd .
    ./D2-11.seqStore.sh \
    > ./D2-11.seqStore.err 2>&1

-- Finished on Tue Jan 20 19:48:39 2026 (490 seconds) with 4167548.109 GB free disk space
----------------------------------------
--
-- In sequence store './D2-11.seqStore':
--   Found 274202 reads.
--   Found 4250003415 bases (50 times coverage).
--    Histogram of corrected reads:
--    
--    G=4250003415                       sum of  ||               length     num
--    NG         length     index       lengths  ||                range    seqs
--    ----- ------------ --------- ------------  ||  ------------------- -------
--    00010        24690     15716    425003875  ||       1247-2450         4975|-----------
--    00020        22377     33868    850016979  ||       2451-3654        10624|-----------------------
--    00030        20813     53589   1275012671  ||       3655-4858        10988|-----------------------
--    00040        19558     74667   1700003418  ||       4859-6062        10202|----------------------
--    00050        18490     97028   2125011484  ||       6063-7266         8978|-------------------
--    00060        17507    120658   2550010731  ||       7267-8470         8537|------------------
--    00070        16527    145633   2975012886  ||       8471-9674         8140|-----------------
--    00080        15223    172326   3400010007  ||       9675-10878        7688|-----------------
--    00090        10885    204033   3825007860  ||      10879-12082        7073|---------------
--    00100         1247    274202   4250003415  ||      12083-13286        6756|---------------
--    001.000x              274202   4250003415  ||      13287-14490        8640|-------------------
--                                               ||      14491-15694       17569|-------------------------------------
--                                               ||      15695-16898       27879|-----------------------------------------------------------
--                                               ||      16899-18102       30228|---------------------------------------------------------------
--                                               ||      18103-19306       26448|--------------------------------------------------------
--                                               ||      19307-20510       21273|---------------------------------------------
--                                               ||      20511-21714       16764|-----------------------------------
--                                               ||      21715-22918       12873|---------------------------
--                                               ||      22919-24122        9339|--------------------
--                                               ||      24123-25326        6794|---------------
--                                               ||      25327-26530        4767|----------
--                                               ||      26531-27734        3066|-------
--                                               ||      27735-28938        2011|-----
--                                               ||      28939-30142        1216|---
--                                               ||      30143-31346         644|--
--                                               ||      31347-32550         409|-
--                                               ||      32551-33754         182|-
--                                               ||      33755-34958          79|-
--                                               ||      34959-36162          34|-
--                                               ||      36163-37366           9|-
--                                               ||      37367-38570           9|-
--                                               ||      38571-39774           1|-
--                                               ||      39775-40978           0|
--                                               ||      40979-42182           0|
--                                               ||      42183-43386           1|-
--                                               ||      43387-44590           3|-
--                                               ||      44591-45794           0|
--                                               ||      45795-46998           1|-
--                                               ||      46999-48202           1|-
--                                               ||      48203-49406           1|-
--    
--
-- In sequence store './D2-11.seqStore':
--   Found 274202 reads.
--   Found 4250003415 bases (50 times coverage).
--    Histogram of corrected-trimmed reads:
--    
--    G=4250003415                       sum of  ||               length     num
--    NG         length     index       lengths  ||                range    seqs
--    ----- ------------ --------- ------------  ||  ------------------- -------
--    00010        24690     15716    425003875  ||       1247-2450         4975|-----------
--    00020        22377     33868    850016979  ||       2451-3654        10624|-----------------------
--    00030        20813     53589   1275012671  ||       3655-4858        10988|-----------------------
--    00040        19558     74667   1700003418  ||       4859-6062        10202|----------------------
--    00050        18490     97028   2125011484  ||       6063-7266         8978|-------------------
--    00060        17507    120658   2550010731  ||       7267-8470         8537|------------------
--    00070        16527    145633   2975012886  ||       8471-9674         8140|-----------------
--    00080        15223    172326   3400010007  ||       9675-10878        7688|-----------------
--    00090        10885    204033   3825007860  ||      10879-12082        7073|---------------
--    00100         1247    274202   4250003415  ||      12083-13286        6756|---------------
--    001.000x              274202   4250003415  ||      13287-14490        8640|-------------------
--                                               ||      14491-15694       17569|-------------------------------------
--                                               ||      15695-16898       27879|-----------------------------------------------------------
--                                               ||      16899-18102       30228|---------------------------------------------------------------
--                                               ||      18103-19306       26448|--------------------------------------------------------
--                                               ||      19307-20510       21273|---------------------------------------------
--                                               ||      20511-21714       16764|-----------------------------------
--                                               ||      21715-22918       12873|---------------------------
--                                               ||      22919-24122        9339|--------------------
--                                               ||      24123-25326        6794|---------------
--                                               ||      25327-26530        4767|----------
--                                               ||      26531-27734        3066|-------
--                                               ||      27735-28938        2011|-----
--                                               ||      28939-30142        1216|---
--                                               ||      30143-31346         644|--
--                                               ||      31347-32550         409|-
--                                               ||      32551-33754         182|-
--                                               ||      33755-34958          79|-
--                                               ||      34959-36162          34|-
--                                               ||      36163-37366           9|-
--                                               ||      37367-38570           9|-
--                                               ||      38571-39774           1|-
--                                               ||      39775-40978           0|
--                                               ||      40979-42182           0|
--                                               ||      42183-43386           1|-
--                                               ||      43387-44590           3|-
--                                               ||      44591-45794           0|
--                                               ||      45795-46998           1|-
--                                               ||      46999-48202           1|-
--                                               ||      48203-49406           1|-
--    
--
-- Correction skipped; not enabled.
--
-- Trimming skipped; not enabled.
--
-- BEGIN ASSEMBLY
----------------------------------------
-- Starting command on Tue Jan 20 19:48:40 2026 with 4167548.062 GB free disk space

    cd unitigging/0-mercounts
    ./meryl-configure.sh \
    > ./meryl-configure.err 2>&1

-- Finished on Tue Jan 20 19:48:41 2026 (one second) with 4167548.062 GB free disk space
----------------------------------------
--  segments   memory batches
--  -------- -------- -------
--        01 10.72 GB       2
--        02  5.61 GB       2
--        04  2.94 GB       2
--        06  2.12 GB       2
--        08  1.60 GB       2
--        12  1.06 GB       2
--        16  0.80 GB       2
--        20  0.64 GB       2
--        24  0.54 GB       2
--        32  0.40 GB       2
--        40  0.32 GB       2
--        48  -.-- GB       -  (segment size too small)
--        56  -.-- GB       -  (segment size too small)
--        64  -.-- GB       -  (segment size too small)
--        96  -.-- GB       -  (segment size too small)
--
--  For 274202 reads with 4250003415 bases, limit to 42 batches.
--  Will count kmers using 01 jobs, each using 12 GB and 4 threads.
--
-- Finished stage 'merylConfigure', reset canuIteration.
--
-- Running jobs.  First attempt out of 2.
----------------------------------------
-- Starting 'meryl' concurrent execution on Tue Jan 20 19:48:41 2026 with 4167548.031 GB free disk space (1 processes; 22 concurrently)

    cd unitigging/0-mercounts
    ./meryl-count.sh 1 > ./meryl-count.000001.out 2>&1

-- Finished on Tue Jan 20 19:52:01 2026 (200 seconds) with 4167686.906 GB free disk space
----------------------------------------
-- Found 1 Kmer counting (meryl) outputs.
-- Finished stage 'utg-merylCountCheck', reset canuIteration.
--
-- Running jobs.  First attempt out of 2.
----------------------------------------
-- Starting 'meryl' concurrent execution on Tue Jan 20 19:52:01 2026 with 4167686.875 GB free disk space (1 processes; 22 concurrently)

    cd unitigging/0-mercounts
    ./meryl-process.sh 1 > ./meryl-process.000001.out 2>&1

-- Finished on Tue Jan 20 19:52:05 2026 (4 seconds) with 4167686.515 GB free disk space
----------------------------------------
-- Meryl finished successfully.  Kmer frequency histogram:
--
-- WARNING: gnuplot failed.
--
----------------------------------------
--
--  22-mers                                                                                           Fraction
--    Occurrences   NumMers                                                                         Unique Total
--       1-     1         0                                                                        0.0000 0.0000
--       2-     2    158436                                                                        0.0035 0.0001
--       3-     4     58388                                                                        0.0044 0.0002
--       5-     7     19737                                                                        0.0050 0.0002
--       8-    11     10374                                                                        0.0053 0.0002
--      12-    16     31224                                                                        0.0056 0.0003
--      17-    22    210631                                                                        0.0065 0.0004
--      23-    29   1616730 ******                                                                 0.0129 0.0024
--      30-    37   8835606 **********************************                                     0.0594 0.0207
--      38-    46  17738787 ********************************************************************** 0.2842 0.1319
--      47-    56   9836269 **************************************                                 0.6744 0.3672
--      57-    67   1646946 ******                                                                 0.8646 0.5043
--      68-    79    796408 ***                                                                    0.8950 0.5305
--      80-    92   1090317 ****                                                                   0.9134 0.5499
--      93-   106    606678 **                                                                     0.9372 0.5789
--     107-   121    271555 *                                                                      0.9498 0.5965
--     122-   137    298251 *                                                                      0.9557 0.6061
--     138-   154    196323                                                                        0.9623 0.6180
--     155-   172    186604                                                                        0.9665 0.6268
--     173-   191    166753                                                                        0.9707 0.6365
--     192-   211    124604                                                                        0.9743 0.6458
--     212-   232    110917                                                                        0.9771 0.6536
--     233-   254     90717                                                                        0.9795 0.6613
--     255-   277     72278                                                                        0.9815 0.6681
--     278-   301     72457                                                                        0.9831 0.6741
--     302-   326     64586                                                                        0.9847 0.6807
--     327-   352     58279                                                                        0.9861 0.6869
--     353-   379     48714                                                                        0.9874 0.6931
--     380-   407     46858                                                                        0.9885 0.6987
--     408-   436     36813                                                                        0.9895 0.7045
--     437-   466     32605                                                                        0.9903 0.7093
--     467-   497     27539                                                                        0.9911 0.7139
--     498-   529     22016                                                                        0.9917 0.7180
--     530-   562     20773                                                                        0.9922 0.7215
--     563-   596     19265                                                                        0.9926 0.7251
--     597-   631     20919                                                                        0.9930 0.7286
--     632-   667     19792                                                                        0.9935 0.7326
--     668-   704     15845                                                                        0.9940 0.7366
--     705-   742     14461                                                                        0.9943 0.7400
--     743-   781     13748                                                                        0.9946 0.7433
--     782-   821     11170                                                                        0.9949 0.7465
--
--           0 (max occurrences)
--  3194539936 (total mers, non-unique)
--    44937324 (distinct mers, non-unique)
--           0 (unique mers)
-- Finished stage 'meryl-process', reset canuIteration.
--
-- Removing meryl database 'unitigging/0-mercounts/D2-11.ms22'.
--
-- OVERLAPPER (normal) (assembly) erate=0.01
--
----------------------------------------
-- Starting command on Tue Jan 20 19:52:05 2026 with 4167687.64 GB free disk space

    cd unitigging/1-overlapper
    /share/org/YZWL/yzwl_lixg/miniforge3/envs/canu_v.2.3/bin/overlapInCorePartition \
     -S  ../../D2-11.seqStore \
     -hl 160000000 \
     -rl 5000000000 \
     -ol 500 \
     -o  ./D2-11.partition \
    > ./D2-11.partition.err 2>&1

-- Finished on Tue Jan 20 19:52:05 2026 (furiously fast) with 4167687.625 GB free disk space
----------------------------------------
--
-- Configured 21 overlapInCore jobs.
-- Finished stage 'utg-overlapConfigure', reset canuIteration.
--
-- Running jobs.  First attempt out of 2.
----------------------------------------
-- Starting 'utgovl' concurrent execution on Tue Jan 20 19:52:05 2026 with 4167687.593 GB free disk space (21 processes; 11 concurrently)

    cd unitigging/1-overlapper
    ./overlap.sh 1 > ./overlap.000001.out 2>&1
    ./overlap.sh 2 > ./overlap.000002.out 2>&1
    ./overlap.sh 3 > ./overlap.000003.out 2>&1
    ./overlap.sh 4 > ./overlap.000004.out 2>&1
    ./overlap.sh 5 > ./overlap.000005.out 2>&1
    ./overlap.sh 6 > ./overlap.000006.out 2>&1
    ./overlap.sh 7 > ./overlap.000007.out 2>&1
    ./overlap.sh 8 > ./overlap.000008.out 2>&1
    ./overlap.sh 9 > ./overlap.000009.out 2>&1
    ./overlap.sh 10 > ./overlap.000010.out 2>&1
    ./overlap.sh 11 > ./overlap.000011.out 2>&1
    ./overlap.sh 12 > ./overlap.000012.out 2>&1
    ./overlap.sh 13 > ./overlap.000013.out 2>&1
    ./overlap.sh 14 > ./overlap.000014.out 2>&1
    ./overlap.sh 15 > ./overlap.000015.out 2>&1
    ./overlap.sh 16 > ./overlap.000016.out 2>&1
    ./overlap.sh 17 > ./overlap.000017.out 2>&1
    ./overlap.sh 18 > ./overlap.000018.out 2>&1
    ./overlap.sh 19 > ./overlap.000019.out 2>&1
    ./overlap.sh 20 > ./overlap.000020.out 2>&1
    ./overlap.sh 21 > ./overlap.000021.out 2>&1

-- Finished on Tue Jan 20 20:45:51 2026 (3226 seconds) with 4158710.734 GB free disk space
----------------------------------------
-- Found 21 overlapInCore output files.
--
-- overlapInCore compute 'unitigging/1-overlapper':
--   kmer hits
--     with no overlap       1295490410  19.5238095 +- 39389186.587
--     with an overlap         59531823  8.71428571 +- 1753221.351
--
--   overlaps                  59531823  8.71428571 +- 1753221.351
--     contained               14254275      678775 +- 409066.637
--     dovetail                45277548  3.71428571 +- 1344879.359
--
--   overlaps rejected
--     multiple per pair              0           0 +- 0
--     bad short window               0           0 +- 0
--     bad long window                0           0 +- 0
-- Finished stage 'utg-overlapCheck', reset canuIteration.
----------------------------------------
-- Starting command on Tue Jan 20 20:45:51 2026 with 4158710.718 GB free disk space

    cd unitigging
    /share/org/YZWL/yzwl_lixg/miniforge3/envs/canu_v.2.3/bin/ovStoreConfig \
     -S ../D2-11.seqStore \
     -M 4-8 \
     -L ./1-overlapper/ovljob.files \
     -create ./D2-11.ovlStore.config \
     > ./D2-11.ovlStore.config.txt \
    2> ./D2-11.ovlStore.config.err

-- Finished on Tue Jan 20 20:45:52 2026 (one second) with 4158710.703 GB free disk space
----------------------------------------
--
-- Creating overlap store unitigging/D2-11.ovlStore using:
--      1 bucket
--      1 slice
--        using at most 4 GB memory each
--
-- Running jobs.  First attempt out of 2.
----------------------------------------
-- Starting 'ovS' concurrent execution on Tue Jan 20 20:45:52 2026 with 4158710.687 GB free disk space (1 processes; 62 concurrently)

    cd unitigging
    ./D2-11.ovlStore.sh 1 > ./D2-11.ovlStore.000001.out 2>&1

-- Finished on Tue Jan 20 20:46:17 2026 (25 seconds) with 4158708.203 GB free disk space
----------------------------------------
-- Checking store.
----------------------------------------
-- Starting command on Tue Jan 20 20:46:17 2026 with 4158708.203 GB free disk space

    cd unitigging
    /share/org/YZWL/yzwl_lixg/miniforge3/envs/canu_v.2.3/bin/ovStoreDump \
     -S ../D2-11.seqStore \
     -O  ./D2-11.ovlStore \
     -counts \
     > ./D2-11.ovlStore/counts.dat 2> ./D2-11.ovlStore/counts.err

-- Finished on Tue Jan 20 20:46:18 2026 (one second) with 4158708.171 GB free disk space
----------------------------------------
--
-- Overlap store 'unitigging/D2-11.ovlStore' successfully constructed.
-- Found 119063646 overlaps for 262551 reads; 1850347 reads have no overlaps.
--
--
-- Purged 1.157 GB in 63 overlap output files.
----------------------------------------
-- Starting command on Tue Jan 20 20:46:18 2026 with 4158709.171 GB free disk space

    cd unitigging
    /share/org/YZWL/yzwl_lixg/miniforge3/envs/canu_v.2.3/bin/ovStoreStats \
     -C 50 \
     -S ../D2-11.seqStore \
     -O  ./D2-11.ovlStore \
     -o  ./D2-11.ovlStore \
     > ./D2-11.ovlStore.summary.err 2>&1

-- Finished on Tue Jan 20 20:46:36 2026 (18 seconds) with 4158677.906 GB free disk space
----------------------------------------
--
-- Overlap store 'unitigging/D2-11.ovlStore' contains:
--
--   category            reads     %          read length        feature size or coverage  analysis
--   ----------------  -------  -------  ----------------------  ------------------------  --------------------
--   middle-missing        166    0.06    15510.82 +- 7114.21        687.10 +- 1125.67    (bad trimming)
--   middle-hump            21    0.01    12444.29 +- 5046.50       4071.38 +- 3060.10    (bad trimming)
--   no-5-prime            644    0.23    12805.91 +- 5066.13       1692.46 +- 2587.91    (bad trimming)
--   no-3-prime            756    0.28    11665.09 +- 5477.97       1638.19 +- 2725.63    (bad trimming)
--   
--   low-coverage         1577    0.58     9655.56 +- 4982.98          5.74 +- 3.63       (easy to assemble, potential for lower quality consensus)
--   unique             202760   73.95    11828.65 +- 5090.27         42.71 +- 8.18       (easy to assemble, perfect, yay)
--   repeat-cont         28030   10.22    10762.72 +- 4188.07       2091.68 +- 1642.83    (potential for consensus errors, no impact on assembly)
--   repeat-dove           326    0.12    20050.92 +- 2078.26        899.74 +- 1219.01    (hard to assemble, likely won't assemble correctly or even at all)
--   
--   span-repeat          3594    1.31    13069.42 +- 4581.71       3381.95 +- 3712.95    (read spans a large repeat, usually easy to assemble)
--   uniq-repeat-cont    16497    6.02    11797.92 +- 4241.23                             (should be uniquely placed, low potential for consensus errors, no impact on assembly)
--   uniq-repeat-dove     2966    1.08    17977.42 +- 2870.58                             (will end contigs, potential to misassemble)
--   uniq-anchor          5214    1.90    12788.67 +- 4277.30       7396.80 +- 4598.07    (repeat read, with unique section, probable bad read)
-- Finished stage 'utg-createOverlapStore', reset canuIteration.
--
-- Loading read lengths.
-- Loading number of overlaps per read.
--
-- Configure RED for 16gb memory.
--                   Batches of at most (unlimited) reads.
--                                      500000000 bases.
--                   Expecting evidence of at most 536870912 bases per iteration.
--
--           Total                                               Reads                 Olaps Evidence
--    Job   Memory      Read Range         Reads        Bases   Memory        Olaps   Memory   Memory  (Memory in MB)
--   ---- -------- ------------------- --------- ------------ -------- ------------ -------- --------
--      1 16385.41         1-49818          6388    108831951 13285.35      2451746    28.06  1024.00
--      2 16384.17     49819-97030          6224    108768134 13277.56      3024815    34.62  1024.00
--      3 16385.11     97031-150928         6934    108803316 13281.87      2729150    31.23  1024.00
--      4 16384.35    150929-215819         8229    108768272 13277.64      3033153    34.71  1024.00
--      5 16384.26    215820-266480         6410    108640277 13261.95      4396144    50.31  1024.00
--      6 16385.99    266481-326036         7721    108888919 13292.35      1890739    21.64  1024.00
--      7 16385.65    326037-383749         7457    108749236 13275.29      3352207    38.36  1024.00
--      8 16385.47    383750-433303         6488    108744544 13274.68      3389483    38.79  1024.00
--      9 16384.62    433304-500727         8878    108726301 13272.53      3502599    40.08  1024.00
--     10 16384.68    500728-548875         6137    108776563 13278.58      2979872    34.10  1024.00
--     11 16385.37    548876-601406         6770    108801061 13281.59      2776572    31.78  1024.00
--     12 16384.59    601407-667952         8590    108756784 13276.24      3175649    36.34  1024.00
--     13 16384.76    667953-715269         6267    108741160 13274.26      3363796    38.50  1024.00
--     14 16384.44    715270-770808         7145    108811565 13282.89      2582740    29.56  1024.00
--     15 16384.31    770809-831926         7917    108769298 13277.75      3019465    34.56  1024.00
--     16 16384.95    831927-880359         6345    108629491 13260.64      4570989    52.31  1024.00
--     17 16386.08    880360-940483         7757    108905794 13294.41      1719073    19.67  1024.00
--     18 16384.09    940484-994577         7056    108731617 13273.12      3404811    38.96  1024.00
--     19 16386.68    994578-1043409        6351    108744120 13274.63      3500057    40.05  1024.00
--     20 16384.96   1043410-1105051        8092    108772024 13278.09      3046703    34.87  1024.00
--     21 16386.30   1105052-1152564        6091    108798727 13281.29      2884473    33.01  1024.00
--     22 16385.48   1152565-1204969        6681    108811522 13282.87      2674678    30.61  1024.00
--     23 16384.14   1204970-1266044        7992    108769643 13277.80      3001206    34.35  1024.00
--     24 16385.62   1266045-1313560        6243    108745246 13274.76      3395759    38.86  1024.00
--     25 16384.47   1313561-1368398        7116    108870116 13290.03      1960288    22.43  1024.00
--     26 16384.63   1368399-1426214        7592    108786186 13279.80      2868363    32.83  1024.00
--     27 16384.01   1426215-1474260        6273    108610076 13258.26      4696685    53.75  1024.00
--     28 16384.70   1474261-1534628        7788    108887932 13292.23      1789083    20.47  1024.00
--     29 16384.20   1534629-1584178        6483    108757220 13276.23      3142516    35.96  1024.00
--     30 16385.30   1584179-1633394        6335    108756545 13276.14      3246459    37.15  1024.00
--     31 16385.11   1633395-1694338        7862    108792840 13280.62      2838731    32.49  1024.00
--     32 16385.00   1694339-1739841        6006    108803154 13281.82      2724058    31.17  1024.00
--     33 16385.56   1739842-1790713        6565    108817543 13283.60      2618287    29.96  1024.00
--     34 16385.09   1790714-1848472        7518    108775032 13278.44      3027822    34.65  1024.00
--     35 16386.55   1848473-1894996        6108    108720097 13271.69      3745629    42.87  1024.00
--     36 16386.20   1894997-1948945        7021    108885777 13291.94      1944827    22.26  1024.00
--     37 16384.17   1948946-2004014        7131    108728918 13272.80      3440624    39.37  1024.00
--     38 16384.04   2004015-2050793        6158    108674502 13266.12      4012238    45.92  1024.00
--     39 16384.16   2050794-2107911        7456    108806239 13282.25      2614103    29.92  1024.00
--     40  4035.79   2107912-2112898         627      7845673   957.74       528054     6.04  1024.00
--   ---- -------- ------------------- --------- ------------ -------- ------------ -------- --------
--                                                 4250003415             119063646
-- Finished stage 'readErrorDetectionConfigure', reset canuIteration.
--
-- Running jobs.  First attempt out of 2.
----------------------------------------
-- Starting 'red' concurrent execution on Tue Jan 20 20:46:44 2026 with 4158677.859 GB free disk space (40 processes; 22 concurrently)

    cd unitigging/3-overlapErrorAdjustment
    ./red.sh 1 > ./red.000001.out 2>&1
    ./red.sh 2 > ./red.000002.out 2>&1
    ./red.sh 3 > ./red.000003.out 2>&1
    ./red.sh 4 > ./red.000004.out 2>&1
    ./red.sh 5 > ./red.000005.out 2>&1
    ./red.sh 6 > ./red.000006.out 2>&1
    ./red.sh 7 > ./red.000007.out 2>&1
    ./red.sh 8 > ./red.000008.out 2>&1
    ./red.sh 9 > ./red.000009.out 2>&1
    ./red.sh 10 > ./red.000010.out 2>&1
    ./red.sh 11 > ./red.000011.out 2>&1
    ./red.sh 12 > ./red.000012.out 2>&1
    ./red.sh 13 > ./red.000013.out 2>&1
    ./red.sh 14 > ./red.000014.out 2>&1
    ./red.sh 15 > ./red.000015.out 2>&1
    ./red.sh 16 > ./red.000016.out 2>&1
    ./red.sh 17 > ./red.000017.out 2>&1
    ./red.sh 18 > ./red.000018.out 2>&1
    ./red.sh 19 > ./red.000019.out 2>&1
    ./red.sh 20 > ./red.000020.out 2>&1
    ./red.sh 21 > ./red.000021.out 2>&1
    ./red.sh 22 > ./red.000022.out 2>&1
    ./red.sh 23 > ./red.000023.out 2>&1
    ./red.sh 24 > ./red.000024.out 2>&1
    ./red.sh 25 > ./red.000025.out 2>&1
    ./red.sh 26 > ./red.000026.out 2>&1
    ./red.sh 27 > ./red.000027.out 2>&1
    ./red.sh 28 > ./red.000028.out 2>&1
    ./red.sh 29 > ./red.000029.out 2>&1
    ./red.sh 30 > ./red.000030.out 2>&1
    ./red.sh 31 > ./red.000031.out 2>&1
    ./red.sh 32 > ./red.000032.out 2>&1
    ./red.sh 33 > ./red.000033.out 2>&1
    ./red.sh 34 > ./red.000034.out 2>&1
    ./red.sh 35 > ./red.000035.out 2>&1
    ./red.sh 36 > ./red.000036.out 2>&1
    ./red.sh 37 > ./red.000037.out 2>&1
    ./red.sh 38 > ./red.000038.out 2>&1
    ./red.sh 39 > ./red.000039.out 2>&1
    ./red.sh 40 > ./red.000040.out 2>&1

-- Finished on Tue Jan 20 21:03:23 2026 (999 seconds) with 4156204.312 GB free disk space
----------------------------------------
--
-- Read error detection jobs failed, retry.
--   job 00001.red FAILED.
--   job 00003.red FAILED.
--   job 00005.red FAILED.
--   job 00006.red FAILED.
--   job 00011.red FAILED.
--   job 00014.red FAILED.
--   job 00017.red FAILED.
--   job 00022.red FAILED.
--   job 00023.red FAILED.
--   job 00024.red FAILED.
--   job 00025.red FAILED.
--   job 00026.red FAILED.
--   job 00027.red FAILED.
--   job 00028.red FAILED.
--   job 00029.red FAILED.
--   job 00030.red FAILED.
--   job 00031.red FAILED.
--   job 00032.red FAILED.
--   job 00033.red FAILED.
--   job 00037.red FAILED.
--   job 00039.red FAILED.
--
--
-- Running jobs.  Second attempt out of 2.
----------------------------------------
-- Starting 'red' concurrent execution on Tue Jan 20 21:03:23 2026 with 4156204.296 GB free disk space (21 processes; 22 concurrently)

    cd unitigging/3-overlapErrorAdjustment
    ./red.sh 1 > ./red.000001.out 2>&1
    ./red.sh 3 > ./red.000003.out 2>&1
    ./red.sh 5 > ./red.000005.out 2>&1
    ./red.sh 6 > ./red.000006.out 2>&1
    ./red.sh 11 > ./red.000011.out 2>&1
    ./red.sh 14 > ./red.000014.out 2>&1
    ./red.sh 17 > ./red.000017.out 2>&1
    ./red.sh 22 > ./red.000022.out 2>&1
    ./red.sh 23 > ./red.000023.out 2>&1
    ./red.sh 24 > ./red.000024.out 2>&1
    ./red.sh 25 > ./red.000025.out 2>&1
    ./red.sh 26 > ./red.000026.out 2>&1
    ./red.sh 27 > ./red.000027.out 2>&1
    ./red.sh 28 > ./red.000028.out 2>&1
    ./red.sh 29 > ./red.000029.out 2>&1
    ./red.sh 30 > ./red.000030.out 2>&1
    ./red.sh 31 > ./red.000031.out 2>&1
    ./red.sh 32 > ./red.000032.out 2>&1
    ./red.sh 33 > ./red.000033.out 2>&1
    ./red.sh 37 > ./red.000037.out 2>&1
    ./red.sh 39 > ./red.000039.out 2>&1

-- Finished on Tue Jan 20 21:18:51 2026 (928 seconds) with 4154414.343 GB free disk space
----------------------------------------
--
-- Read error detection jobs failed, tried 2 times, giving up.
--   job 00011.red FAILED.
--   job 00017.red FAILED.
--   job 00024.red FAILED.
--

ABORT:
ABORT: canu master +27 changes (r10515 2a41e933b8de6ed66723d75d36dd071b46d2c347)
ABORT: Don't panic, but a mostly harmless error occurred and Canu stopped.
ABORT: Try restarting.  If that doesn't work, ask for help.
ABORT:

2026-01-20 21:18:51.585 - ERROR - 命令执行失败|Command execution failed with return code 1
2026-01-20 21:18:51.585 - ERROR - HiCanu组装失败|HiCanu assembly failed
2026-01-20 21:18:51.585 - ERROR - 组装流程失败|Assembly pipeline failed
Usage: biopytools ragtag [OPTIONS]
Try 'biopytools ragtag -h' for help.

Error: Invalid value for '-q' / '--query': 文件不存在|File does not exist: /share/org/YZWL/yzwl_lixg/project/28.大豆疫霉菌三代基因组/03.hicanu/D2-11/02.fasta/D2-11.contigs.fasta
Usage: biopytools genomesyn [OPTIONS]
Try 'biopytools genomesyn -h' for help.

Error: Invalid value for '-i' / '--ref': Path '04.ragtag/D2-11/hicanu/D2-11_RagTag_scaffolded.fa' does not exist.
Job 68952669 stderr output:

