2026-01-18 12:15:08.758 - INFO - ==================================================
2026-01-18 12:15:08.758 - INFO - BAM to FASTQ转换工具|BAM to FASTQ Conversion Tool
2026-01-18 12:15:08.758 - INFO - ==================================================
2026-01-18 12:15:08.840 - INFO - 找到bam2fastq|Found bam2fastq: bam2fastq 3.5.0 (commit v3.5.0)

Using:
  pbbam     : 2.8.0 (commit v2.8.0)
  pbcopper  : 2.7.0 (commit v2.7.0)
  boost     : 1.81
  htslib    : 1.17
  zlib      : 1.2.13
2026-01-18 12:15:08.841 - INFO - 找到|Found 72 个BAM文件|BAM files
2026-01-18 12:15:08.841 - INFO - 每个文件使用|Each file uses 64 个线程|threads
2026-01-18 12:15:08.841 - INFO - 并行处理|Parallel processing 1 个文件|files
2026-01-18 12:15:08.841 - INFO - 正在处理|Processing: A3-57.hifi_reads.bam
2026-01-18 15:12:55.094 - INFO - 完成|Completed: A3-57.hifi_reads.bam
2026-01-18 15:12:55.095 - INFO - 正在处理|Processing: B3-2.hifi_reads.bam
2026-01-18 17:55:40.565 - INFO - 完成|Completed: B3-2.hifi_reads.bam
2026-01-18 17:55:40.565 - INFO - 正在处理|Processing: D3-3.hifi_reads.bam
2026-01-18 20:21:32.090 - INFO - 完成|Completed: D3-3.hifi_reads.bam
2026-01-18 20:21:32.090 - INFO - 正在处理|Processing: M-8.hifi_reads.bam
2026-01-18 22:34:38.886 - INFO - 完成|Completed: M-8.hifi_reads.bam
2026-01-18 22:34:38.887 - INFO - 正在处理|Processing: B3-12.hifi_reads.bam
2026-01-19 01:14:17.461 - INFO - 完成|Completed: B3-12.hifi_reads.bam
2026-01-19 01:14:17.461 - INFO - 正在处理|Processing: A1-8.hifi_reads.bam
2026-01-19 03:49:19.656 - INFO - 完成|Completed: A1-8.hifi_reads.bam
2026-01-19 03:49:19.656 - INFO - 正在处理|Processing: B4-5.hifi_reads.bam
2026-01-19 06:39:22.137 - INFO - 完成|Completed: B4-5.hifi_reads.bam
2026-01-19 06:39:22.137 - INFO - 正在处理|Processing: B2-1.hifi_reads.bam
2026-01-19 09:16:43.617 - INFO - 完成|Completed: B2-1.hifi_reads.bam
2026-01-19 09:16:43.618 - INFO - 正在处理|Processing: A1-10.hifi_reads.bam
2026-01-19 11:41:59.047 - INFO - 完成|Completed: A1-10.hifi_reads.bam
2026-01-19 11:41:59.048 - INFO - 正在处理|Processing: D4-1.hifi_reads.bam
2026-01-19 14:04:12.778 - INFO - 完成|Completed: D4-1.hifi_reads.bam
2026-01-19 14:04:12.779 - INFO - 正在处理|Processing: A3-27.hifi_reads.bam
2026-01-19 15:58:10.859 - ERROR - 转换失败|Conversion failed for A3-27.hifi_reads.bam: 
2026-01-19 15:58:10.860 - INFO - 正在处理|Processing: B3-5.hifi_reads.bam
