2026-01-20 21:41:18.915 - WARNING - 命令错误输出|Command stderr:
-- canu master +27 changes (r10515 2a41e933b8de6ed66723d75d36dd071b46d2c347)
--
-- CITATIONS
--
-- For assemblies of PacBio HiFi reads:
--   Nurk S, Walenz BP, Rhiea A, Vollger MR, Logsdon GA, Grothe R, Miga KH, Eichler EE, Phillippy AM, Koren S.
--   HiCanu: accurate assembly of segmental duplications, satellites, and allelic variants from high-fidelity long reads.
--   biorXiv. 2020.
--   https://doi.org/10.1101/2020.03.14.992248
-- 
-- Read and contig alignments during correction and consensus use:
--   Šošic M, Šikic M.
--   Edlib: a C/C ++ library for fast, exact sequence alignment using edit distance.
--   Bioinformatics. 2017 May 1;33(9):1394-1395.
--   http://doi.org/10.1093/bioinformatics/btw753
-- 
-- Overlaps are generated using:
--   Berlin K, et al.
--   Assembling large genomes with single-molecule sequencing and locality-sensitive hashing.
--   Nat Biotechnol. 2015 Jun;33(6):623-30.
--   http://doi.org/10.1038/nbt.3238
-- 
--   Myers EW, et al.
--   A Whole-Genome Assembly of Drosophila.
--   Science. 2000 Mar 24;287(5461):2196-204.
--   http://doi.org/10.1126/science.287.5461.2196
-- 
-- Contig consensus sequences are generated using an algorithm derived from pbdagcon:
--   Chin CS, et al.
--   Nonhybrid, finished microbial genome assemblies from long-read SMRT sequencing data.
--   Nat Methods. 2013 Jun;10(6):563-9
--   http://doi.org/10.1038/nmeth.2474
-- 
-- CONFIGURE CANU
--
-- Detected Java(TM) Runtime Environment '17.0.15-internal' (from '/share/org/YZWL/yzwl_lixg/.local/bin/java') without -d64 support.
--
-- WARNING:
-- WARNING:  Failed to run gnuplot using command 'gnuplot'.
-- WARNING:  Plots will be disabled.
-- WARNING:
--
-- Detected samtools version '1.22' / htslib version 'htscodecs=1.6.3' (from 'samtools').
--
-- Detected 88 CPUs and 503 gigabytes of memory on the local machine.
--
-- Detected Slurm with 'sinfo' binary in /opt/skyformai/bin/sinfo.
--          Slurm disabled by useGrid=false
--
-- Detected  '' with 'pbsnodes' binary in /opt/skyformai/bin/pbsnodes.
--           disabled by useGrid=false
--
-- Detected LSF with 'bsub' binary in /opt/skyformai/bin/bsub.
--          LSF disabled by useGrid=false
--
-- Local machine mode enabled; grid support not detected or not allowed.
--
-- Found trimmed raw PacBio HiFi reads in the input files.
--
--                                (tag)Concurrency
--                         (tag)Threads          |
--                (tag)Memory         |          |
--        (tag)             |         |          |       total usage      algorithm
--        -------  ----------  --------   --------  --------------------  -----------------------------
-- Local: meryl     12.000 GB    4 CPUs x  22 jobs   264.000 GB  88 CPUs  (k-mer counting)
-- Local: cormhap   13.000 GB   11 CPUs x   8 jobs   104.000 GB  88 CPUs  (overlap detection with mhap)
-- Local: obtovl     8.000 GB    8 CPUs x  11 jobs    88.000 GB  88 CPUs  (overlap detection)
-- Local: utgovl     8.000 GB    8 CPUs x  11 jobs    88.000 GB  88 CPUs  (overlap detection)
-- Local: cor        -.--- GB    4 CPUs x   - jobs     -.--- GB   - CPUs  (read correction)
-- Local: ovb        4.000 GB    1 CPU  x  88 jobs   352.000 GB  88 CPUs  (overlap store bucketizer)
-- Local: ovs        8.000 GB    1 CPU  x  62 jobs   496.000 GB  62 CPUs  (overlap store sorting)
-- Local: red       16.000 GB    4 CPUs x  22 jobs   352.000 GB  88 CPUs  (read error detection)
-- Local: oea        8.000 GB    1 CPU  x  62 jobs   496.000 GB  62 CPUs  (overlap error adjustment)
-- Local: bat       32.000 GB    8 CPUs x   1 job     32.000 GB   8 CPUs  (contig construction with bogart)
-- Local: cns        -.--- GB    8 CPUs x   - jobs     -.--- GB   - CPUs  (consensus)
--
-- Generating assembly 'D2-8' in '/share/org/YZWL/yzwl_lixg/project/28.大豆疫霉菌三代基因组/03.hicanu/D2-8/01.raw_output':
--   genomeSize:
--     85000000
--
--   Overlap Generation Limits:
--     corOvlErrorRate 0.0000 (  0.00%)
--     obtOvlErrorRate 0.0250 (  2.50%)
--     utgOvlErrorRate 0.0100 (  1.00%)
--
--   Overlap Processing Limits:
--     corErrorRate    0.0000 (  0.00%)
--     obtErrorRate    0.0250 (  2.50%)
--     utgErrorRate    0.0003 (  0.03%)
--     cnsErrorRate    0.0500 (  5.00%)
--
--   Stages to run:
--     assemble HiFi reads.
--
--
-- BEGIN STORE CREATION
----------------------------------------
-- Starting command on Tue Jan 20 19:38:14 2026 with 4169095.531 GB free disk space

    cd .
    ./D2-8.seqStore.sh \
    > ./D2-8.seqStore.err 2>&1

-- Finished on Tue Jan 20 19:46:45 2026 (511 seconds) with 4168015.218 GB free disk space
----------------------------------------
--
-- In sequence store './D2-8.seqStore':
--   Found 255473 reads.
--   Found 4250010225 bases (50 times coverage).
--    Histogram of corrected reads:
--    
--    G=4250010225                       sum of  ||               length     num
--    NG         length     index       lengths  ||                range    seqs
--    ----- ------------ --------- ------------  ||  ------------------- -------
--    00010        26001     14854    425011908  ||       1257-2509         4675|----------
--    00020        23409     32154    850019181  ||       2510-3762         8821|------------------
--    00030        21620     51083   1275023124  ||       3763-5015         8498|------------------
--    00040        20213     71429   1700011148  ||       5016-6268         7463|---------------
--    00050        19023     93119   2125014530  ||       6269-7521         6607|--------------
--    00060        17978    116110   2550008582  ||       7522-8774         6013|-------------
--    00070        16993    140419   2975009068  ||       8775-10027        5416|-----------
--    00080        15949    166209   3400018310  ||      10028-11280        4780|----------
--    00090        13805    194276   3825012782  ||      11281-12533        4222|---------
--    00100         1257    255473   4250010225  ||      12534-13786        4617|----------
--    001.000x              255473   4250010225  ||      13787-15039       11105|-----------------------
--                                               ||      15040-16292       25176|---------------------------------------------------
--                                               ||      16293-17545       31375|---------------------------------------------------------------
--                                               ||      17546-18798       28941|-----------------------------------------------------------
--                                               ||      18799-20051       23658|------------------------------------------------
--                                               ||      20052-21304       18857|--------------------------------------
--                                               ||      21305-22557       15098|-------------------------------
--                                               ||      22558-23810       11426|-----------------------
--                                               ||      23811-25063        8871|------------------
--                                               ||      25064-26316        6411|-------------
--                                               ||      26317-27569        4658|----------
--                                               ||      27570-28822        3366|-------
--                                               ||      28823-30075        2162|-----
--                                               ||      30076-31328        1429|---
--                                               ||      31329-32581         866|--
--                                               ||      32582-33834         499|--
--                                               ||      33835-35087         249|-
--                                               ||      35088-36340         108|-
--                                               ||      36341-37593          62|-
--                                               ||      37594-38846          17|-
--                                               ||      38847-40099           7|-
--                                               ||      40100-41352           7|-
--                                               ||      41353-42605           4|-
--                                               ||      42606-43858           4|-
--                                               ||      43859-45111           2|-
--                                               ||      45112-46364           1|-
--                                               ||      46365-47617           0|
--                                               ||      47618-48870           0|
--                                               ||      48871-50123           0|
--                                               ||      50124-51376           2|-
--    
--
-- In sequence store './D2-8.seqStore':
--   Found 255473 reads.
--   Found 4250010225 bases (50 times coverage).
--    Histogram of corrected-trimmed reads:
--    
--    G=4250010225                       sum of  ||               length     num
--    NG         length     index       lengths  ||                range    seqs
--    ----- ------------ --------- ------------  ||  ------------------- -------
--    00010        26001     14854    425011908  ||       1257-2509         4675|----------
--    00020        23409     32154    850019181  ||       2510-3762         8821|------------------
--    00030        21620     51083   1275023124  ||       3763-5015         8498|------------------
--    00040        20213     71429   1700011148  ||       5016-6268         7463|---------------
--    00050        19023     93119   2125014530  ||       6269-7521         6607|--------------
--    00060        17978    116110   2550008582  ||       7522-8774         6013|-------------
--    00070        16993    140419   2975009068  ||       8775-10027        5416|-----------
--    00080        15949    166209   3400018310  ||      10028-11280        4780|----------
--    00090        13805    194276   3825012782  ||      11281-12533        4222|---------
--    00100         1257    255473   4250010225  ||      12534-13786        4617|----------
--    001.000x              255473   4250010225  ||      13787-15039       11105|-----------------------
--                                               ||      15040-16292       25176|---------------------------------------------------
--                                               ||      16293-17545       31375|---------------------------------------------------------------
--                                               ||      17546-18798       28941|-----------------------------------------------------------
--                                               ||      18799-20051       23658|------------------------------------------------
--                                               ||      20052-21304       18857|--------------------------------------
--                                               ||      21305-22557       15098|-------------------------------
--                                               ||      22558-23810       11426|-----------------------
--                                               ||      23811-25063        8871|------------------
--                                               ||      25064-26316        6411|-------------
--                                               ||      26317-27569        4658|----------
--                                               ||      27570-28822        3366|-------
--                                               ||      28823-30075        2162|-----
--                                               ||      30076-31328        1429|---
--                                               ||      31329-32581         866|--
--                                               ||      32582-33834         499|--
--                                               ||      33835-35087         249|-
--                                               ||      35088-36340         108|-
--                                               ||      36341-37593          62|-
--                                               ||      37594-38846          17|-
--                                               ||      38847-40099           7|-
--                                               ||      40100-41352           7|-
--                                               ||      41353-42605           4|-
--                                               ||      42606-43858           4|-
--                                               ||      43859-45111           2|-
--                                               ||      45112-46364           1|-
--                                               ||      46365-47617           0|
--                                               ||      47618-48870           0|
--                                               ||      48871-50123           0|
--                                               ||      50124-51376           2|-
--    
--
-- Correction skipped; not enabled.
--
-- Trimming skipped; not enabled.
--
-- BEGIN ASSEMBLY
----------------------------------------
-- Starting command on Tue Jan 20 19:46:45 2026 with 4168015.171 GB free disk space

    cd unitigging/0-mercounts
    ./meryl-configure.sh \
    > ./meryl-configure.err 2>&1

-- Finished on Tue Jan 20 19:46:47 2026 (2 seconds) with 4168015.171 GB free disk space
----------------------------------------
--  segments   memory batches
--  -------- -------- -------
--        01 10.72 GB       2
--        02  5.46 GB       2
--        04  2.94 GB       2
--        06  2.12 GB       2
--        08  1.59 GB       2
--        12  1.06 GB       2
--        16  0.80 GB       2
--        20  0.64 GB       2
--        24  0.53 GB       2
--        32  0.40 GB       2
--        40  0.32 GB       2
--        48  -.-- GB       -  (segment size too small)
--        56  -.-- GB       -  (segment size too small)
--        64  -.-- GB       -  (segment size too small)
--        96  -.-- GB       -  (segment size too small)
--
--  For 255473 reads with 4250010225 bases, limit to 42 batches.
--  Will count kmers using 01 jobs, each using 12 GB and 4 threads.
--
-- Finished stage 'merylConfigure', reset canuIteration.
--
-- Running jobs.  First attempt out of 2.
----------------------------------------
-- Starting 'meryl' concurrent execution on Tue Jan 20 19:46:47 2026 with 4168015.14 GB free disk space (1 processes; 22 concurrently)

    cd unitigging/0-mercounts
    ./meryl-count.sh 1 > ./meryl-count.000001.out 2>&1

-- Finished on Tue Jan 20 19:50:10 2026 (203 seconds) with 4168122.531 GB free disk space
----------------------------------------
-- Found 1 Kmer counting (meryl) outputs.
-- Finished stage 'utg-merylCountCheck', reset canuIteration.
--
-- Running jobs.  First attempt out of 2.
----------------------------------------
-- Starting 'meryl' concurrent execution on Tue Jan 20 19:50:10 2026 with 4168122.5 GB free disk space (1 processes; 22 concurrently)

    cd unitigging/0-mercounts
    ./meryl-process.sh 1 > ./meryl-process.000001.out 2>&1

-- Finished on Tue Jan 20 19:50:14 2026 (4 seconds) with 4168122.093 GB free disk space
----------------------------------------
-- Meryl finished successfully.  Kmer frequency histogram:
--
-- WARNING: gnuplot failed.
--
----------------------------------------
--
--  22-mers                                                                                           Fraction
--    Occurrences   NumMers                                                                         Unique Total
--       1-     1         0                                                                        0.0000 0.0000
--       2-     2    168191                                                                        0.0037 0.0001
--       3-     4     61855                                                                        0.0047 0.0002
--       5-     7     17922                                                                        0.0053 0.0002
--       8-    11      7274                                                                        0.0056 0.0002
--      12-    16     36200                                                                        0.0057 0.0003
--      17-    22    223925                                                                        0.0068 0.0005
--      23-    29   1814414 *******                                                                0.0137 0.0025
--      30-    37   8802947 ***********************************                                    0.0647 0.0227
--      38-    46  17582931 ********************************************************************** 0.2883 0.1339
--      47-    56  10059849 ****************************************                               0.6756 0.3687
--      57-    67   1573572 ******                                                                 0.8710 0.5104
--      68-    79    794642 ***                                                                    0.8996 0.5352
--      80-    92    975659 ***                                                                    0.9177 0.5544
--      93-   106    581344 **                                                                     0.9389 0.5804
--     107-   121    299270 *                                                                      0.9511 0.5975
--     122-   137    278040 *                                                                      0.9577 0.6082
--     138-   154    214185                                                                        0.9638 0.6194
--     155-   172    177582                                                                        0.9685 0.6291
--     173-   191    148623                                                                        0.9724 0.6381
--     192-   211    119806                                                                        0.9757 0.6466
--     212-   232    101243                                                                        0.9783 0.6541
--     233-   254     81767                                                                        0.9805 0.6612
--     255-   277     77296                                                                        0.9823 0.6673
--     278-   301     67636                                                                        0.9840 0.6738
--     302-   326     69405                                                                        0.9855 0.6799
--     327-   352     46959                                                                        0.9871 0.6868
--     353-   379     44151                                                                        0.9881 0.6917
--     380-   407     35929                                                                        0.9891 0.6968
--     408-   436     33966                                                                        0.9899 0.7013
--     437-   466     31530                                                                        0.9906 0.7057
--     467-   497     26958                                                                        0.9913 0.7102
--     498-   529     24628                                                                        0.9919 0.7143
--     530-   562     22974                                                                        0.9925 0.7183
--     563-   596     17485                                                                        0.9930 0.7222
--     597-   631     17541                                                                        0.9934 0.7254
--     632-   667     14835                                                                        0.9938 0.7287
--     668-   704     14038                                                                        0.9941 0.7318
--     705-   742     11118                                                                        0.9944 0.7348
--     743-   781     10837                                                                        0.9946 0.7373
--     782-   821     10439                                                                        0.9949 0.7399
--
--           0 (max occurrences)
--  3177125732 (total mers, non-unique)
--    44918637 (distinct mers, non-unique)
--           0 (unique mers)
-- Finished stage 'meryl-process', reset canuIteration.
--
-- Removing meryl database 'unitigging/0-mercounts/D2-8.ms22'.
--
-- OVERLAPPER (normal) (assembly) erate=0.01
--
----------------------------------------
-- Starting command on Tue Jan 20 19:50:14 2026 with 4168123.203 GB free disk space

    cd unitigging/1-overlapper
    /share/org/YZWL/yzwl_lixg/miniforge3/envs/canu_v.2.3/bin/overlapInCorePartition \
     -S  ../../D2-8.seqStore \
     -hl 160000000 \
     -rl 5000000000 \
     -ol 500 \
     -o  ./D2-8.partition \
    > ./D2-8.partition.err 2>&1

-- Finished on Tue Jan 20 19:50:14 2026 (in the blink of an eye) with 4168123.187 GB free disk space
----------------------------------------
--
-- Configured 20 overlapInCore jobs.
-- Finished stage 'utg-overlapConfigure', reset canuIteration.
--
-- Running jobs.  First attempt out of 2.
----------------------------------------
-- Starting 'utgovl' concurrent execution on Tue Jan 20 19:50:14 2026 with 4168123.156 GB free disk space (20 processes; 11 concurrently)

    cd unitigging/1-overlapper
    ./overlap.sh 1 > ./overlap.000001.out 2>&1
    ./overlap.sh 2 > ./overlap.000002.out 2>&1
    ./overlap.sh 3 > ./overlap.000003.out 2>&1
    ./overlap.sh 4 > ./overlap.000004.out 2>&1
    ./overlap.sh 5 > ./overlap.000005.out 2>&1
    ./overlap.sh 6 > ./overlap.000006.out 2>&1
    ./overlap.sh 7 > ./overlap.000007.out 2>&1
    ./overlap.sh 8 > ./overlap.000008.out 2>&1
    ./overlap.sh 9 > ./overlap.000009.out 2>&1
    ./overlap.sh 10 > ./overlap.000010.out 2>&1
    ./overlap.sh 11 > ./overlap.000011.out 2>&1
    ./overlap.sh 12 > ./overlap.000012.out 2>&1
    ./overlap.sh 13 > ./overlap.000013.out 2>&1
    ./overlap.sh 14 > ./overlap.000014.out 2>&1
    ./overlap.sh 15 > ./overlap.000015.out 2>&1
    ./overlap.sh 16 > ./overlap.000016.out 2>&1
    ./overlap.sh 17 > ./overlap.000017.out 2>&1
    ./overlap.sh 18 > ./overlap.000018.out 2>&1
    ./overlap.sh 19 > ./overlap.000019.out 2>&1
    ./overlap.sh 20 > ./overlap.000020.out 2>&1

-- Finished on Tue Jan 20 20:35:15 2026 (2701 seconds) with 4160010.046 GB free disk space
----------------------------------------
-- Found 20 overlapInCore output files.
--
-- overlapInCore compute 'unitigging/1-overlapper':
--   kmer hits
--     with no overlap       1219643601  0982180.05 +- 35082339.788
--     with an overlap         40018165  2000908.25 +- 1263422.49
--
--   overlaps                  40018165  2000908.25 +- 1263422.49
--     contained                9545409   477270.45 +- 298727.518
--     dovetail                30472756   1523637.8 +- 965980.924
--
--   overlaps rejected
--     multiple per pair              0           0 +- 0
--     bad short window               0           0 +- 0
--     bad long window                0           0 +- 0
-- Finished stage 'utg-overlapCheck', reset canuIteration.
----------------------------------------
-- Starting command on Tue Jan 20 20:35:16 2026 with 4160010.031 GB free disk space

    cd unitigging
    /share/org/YZWL/yzwl_lixg/miniforge3/envs/canu_v.2.3/bin/ovStoreConfig \
     -S ../D2-8.seqStore \
     -M 4-8 \
     -L ./1-overlapper/ovljob.files \
     -create ./D2-8.ovlStore.config \
     > ./D2-8.ovlStore.config.txt \
    2> ./D2-8.ovlStore.config.err

-- Finished on Tue Jan 20 20:35:16 2026 (lickety-split) with 4160010.015 GB free disk space
----------------------------------------
--
-- Creating overlap store unitigging/D2-8.ovlStore using:
--      1 bucket
--      1 slice
--        using at most 3 GB memory each
--
-- Running jobs.  First attempt out of 2.
----------------------------------------
-- Starting 'ovS' concurrent execution on Tue Jan 20 20:35:16 2026 with 4160010 GB free disk space (1 processes; 62 concurrently)

    cd unitigging
    ./D2-8.ovlStore.sh 1 > ./D2-8.ovlStore.000001.out 2>&1

-- Finished on Tue Jan 20 20:35:34 2026 (18 seconds) with 4159939.078 GB free disk space
----------------------------------------
-- Checking store.
----------------------------------------
-- Starting command on Tue Jan 20 20:35:34 2026 with 4159939.078 GB free disk space

    cd unitigging
    /share/org/YZWL/yzwl_lixg/miniforge3/envs/canu_v.2.3/bin/ovStoreDump \
     -S ../D2-8.seqStore \
     -O  ./D2-8.ovlStore \
     -counts \
     > ./D2-8.ovlStore/counts.dat 2> ./D2-8.ovlStore/counts.err

-- Finished on Tue Jan 20 20:35:34 2026 (lickety-split) with 4159939.046 GB free disk space
----------------------------------------
--
-- Overlap store 'unitigging/D2-8.ovlStore' successfully constructed.
-- Found 80036330 overlaps for 237928 reads; 1805858 reads have no overlaps.
--
--
-- Purged 0.822 GB in 60 overlap output files.
----------------------------------------
-- Starting command on Tue Jan 20 20:35:35 2026 with 4159940.078 GB free disk space

    cd unitigging
    /share/org/YZWL/yzwl_lixg/miniforge3/envs/canu_v.2.3/bin/ovStoreStats \
     -C 50 \
     -S ../D2-8.seqStore \
     -O  ./D2-8.ovlStore \
     -o  ./D2-8.ovlStore \
     > ./D2-8.ovlStore.summary.err 2>&1

-- Finished on Tue Jan 20 20:35:47 2026 (12 seconds) with 4159660.89 GB free disk space
----------------------------------------
--
-- Overlap store 'unitigging/D2-8.ovlStore' contains:
--
--   category            reads     %          read length        feature size or coverage  analysis
--   ----------------  -------  -------  ----------------------  ------------------------  --------------------
--   middle-missing        210    0.08    16956.23 +- 7611.07        859.58 +- 1299.80    (bad trimming)
--   middle-hump            77    0.03    12731.05 +- 3799.58       4085.69 +- 3114.08    (bad trimming)
--   no-5-prime            996    0.39    13066.48 +- 4473.49       2274.48 +- 2849.65    (bad trimming)
--   no-3-prime           1300    0.51    11604.90 +- 5253.16       2218.62 +- 2990.91    (bad trimming)
--   
--   low-coverage         2780    1.09    10217.42 +- 4513.16          5.49 +- 3.60       (easy to assemble, potential for lower quality consensus)
--   unique             188810   73.91    12774.48 +- 5101.36         42.53 +- 8.24       (easy to assemble, perfect, yay)
--   repeat-cont         18474    7.23    10983.50 +- 4333.46       1953.93 +- 1467.85    (potential for consensus errors, no impact on assembly)
--   repeat-dove           147    0.06    21353.97 +- 2272.91        873.07 +- 1071.60    (hard to assemble, likely won't assemble correctly or even at all)
--   
--   span-repeat          2917    1.14    13994.64 +- 4236.97       3727.90 +- 3837.93    (read spans a large repeat, usually easy to assemble)
--   uniq-repeat-cont    14357    5.62    12547.65 +- 4040.96                             (should be uniquely placed, low potential for consensus errors, no impact on assembly)
--   uniq-repeat-dove     2919    1.14    18217.14 +- 3257.89                             (will end contigs, potential to misassemble)
--   uniq-anchor          4941    1.93    13453.52 +- 4299.75       8062.48 +- 4732.70    (repeat read, with unique section, probable bad read)
-- Finished stage 'utg-createOverlapStore', reset canuIteration.
--
-- Loading read lengths.
-- Loading number of overlaps per read.
--
-- Configure RED for 16gb memory.
--                   Batches of at most (unlimited) reads.
--                                      500000000 bases.
--                   Expecting evidence of at most 536870912 bases per iteration.
--
--           Total                                               Reads                 Olaps Evidence
--    Job   Memory      Read Range         Reads        Bases   Memory        Olaps   Memory   Memory  (Memory in MB)
--   ---- -------- ------------------- --------- ------------ -------- ------------ -------- --------
--      1 16385.86         1-48926          6060    108908885 13294.73      1671163    19.12  1024.00
--      2 16384.15     48927-96371          5916    108912938 13295.22      1479529    16.93  1024.00
--      3 16384.19     96372-148652         6513    108917068 13295.75      1437242    16.45  1024.00
--      4 16386.09    148653-208674         7453    108793715 13280.72      2916082    33.37  1024.00
--      5 16384.28    208675-257281         5994    108879295 13291.12      1849281    21.16  1024.00
--      6 16384.56    257282-316100         7245    108913862 13295.38      1501139    17.18  1024.00
--      7 16384.54    316101-370624         6890    108821354 13284.07      2487285    28.46  1024.00
--      8 16384.63    370625-419431         6140    108863133 13289.15      2052125    23.48  1024.00
--      9 16385.76    419432-483824         8113    108773356 13278.25      3102354    35.50  1024.00
--     10 16385.96    483825-530313         5881    108923246 13296.48      1527047    17.48  1024.00
--     11 16386.33    530314-581325         6327    108937443 13298.23      1407058    16.10  1024.00
--     12 16386.57    581326-644032         7722    108787685 13279.99      3021284    34.58  1024.00
--     13 16385.32    644033-690545         5925    108902711 13293.97      1690374    19.34  1024.00
--     14 16385.42    690546-742831         6583    108924621 13296.67      1463950    16.75  1024.00
--     15 16385.33    742832-801182         7266    108780932 13279.15      2986847    34.18  1024.00
--     16 16384.62    801183-849619         6028    108845225 13286.96      2242458    25.66  1024.00
--     17 16385.15    849620-909371         7335    108917138 13295.78      1518254    17.38  1024.00
--     18 16386.09    909372-961391         6303    108830243 13285.14      2529490    28.95  1024.00
--     19 16385.63    961392-1008902        6053    108869029 13289.87      2076181    23.76  1024.00
--     20 16384.72   1008903-1067747        7410    108789117 13280.15      2845578    32.57  1024.00
--     21 16385.44   1067748-1112838        5804    108918952 13295.95      1527831    17.48  1024.00
--     22 16385.02   1112839-1163230        6255    108930498 13297.38      1366871    15.64  1024.00
--     23 16384.91   1163231-1220888        7256    108785378 13279.69      2902277    33.21  1024.00
--     24 16384.73   1220889-1267797        5873    108926115 13296.83      1389624    15.90  1024.00
--     25 16385.54   1267798-1320740        6615    108929936 13297.32      1417057    16.22  1024.00
--     26 16385.55   1320741-1375388        6908    108797341 13281.14      2831781    32.41  1024.00
--     27 16384.95   1375389-1423135        5930    108846471 13287.11      2257888    25.84  1024.00
--     28 16384.14   1423136-1480288        7313    108898350 13293.49      1630305    18.66  1024.00
--     29 16385.92   1480289-1528986        6076    108871231 13290.14      2078043    23.78  1024.00
--     30 16386.38   1528987-1577041        5996    108891612 13292.62      1901294    21.76  1024.00
--     31 16384.85   1577042-1635068        7337    108795675 13280.95      2786801    31.89  1024.00
--     32 16384.31   1635069-1681151        5724    108919778 13296.05      1420865    16.26  1024.00
--     33 16384.46   1681152-1731329        6164    108923107 13296.47      1397190    15.99  1024.00
--     34 16384.46   1731330-1787620        7008    108799092 13281.36      2717822    31.10  1024.00
--     35 16385.95   1787621-1834311        5868    108926748 13296.91      1489244    17.04  1024.00
--     36 16384.64   1834312-1887386        6638    108907618 13294.60      1576662    18.04  1024.00
--     37 16384.20   1887387-1938722        6434    108803273 13281.85      2651540    30.34  1024.00
--     38 16384.25   1938723-1985936        5874    108858376 13288.56      2069627    23.69  1024.00
--     39 16384.22   1985937-2041240        6938    108794484 13280.80      2745939    31.42  1024.00
--     40  3584.95   2041241-2043786         305      4195194   512.12        72948     0.83  1024.00
--   ---- -------- ------------------- --------- ------------ -------- ------------ -------- --------
--                                                 4250010225              80036330
-- Finished stage 'readErrorDetectionConfigure', reset canuIteration.
--
-- Running jobs.  First attempt out of 2.
----------------------------------------
-- Starting 'red' concurrent execution on Tue Jan 20 20:35:55 2026 with 4159595.671 GB free disk space (40 processes; 22 concurrently)

    cd unitigging/3-overlapErrorAdjustment
    ./red.sh 1 > ./red.000001.out 2>&1
    ./red.sh 2 > ./red.000002.out 2>&1
    ./red.sh 3 > ./red.000003.out 2>&1
    ./red.sh 4 > ./red.000004.out 2>&1
    ./red.sh 5 > ./red.000005.out 2>&1
    ./red.sh 6 > ./red.000006.out 2>&1
    ./red.sh 7 > ./red.000007.out 2>&1
    ./red.sh 8 > ./red.000008.out 2>&1
    ./red.sh 9 > ./red.000009.out 2>&1
    ./red.sh 10 > ./red.000010.out 2>&1
    ./red.sh 11 > ./red.000011.out 2>&1
    ./red.sh 12 > ./red.000012.out 2>&1
    ./red.sh 13 > ./red.000013.out 2>&1
    ./red.sh 14 > ./red.000014.out 2>&1
    ./red.sh 15 > ./red.000015.out 2>&1
    ./red.sh 16 > ./red.000016.out 2>&1
    ./red.sh 17 > ./red.000017.out 2>&1
    ./red.sh 18 > ./red.000018.out 2>&1
    ./red.sh 19 > ./red.000019.out 2>&1
    ./red.sh 20 > ./red.000020.out 2>&1
    ./red.sh 21 > ./red.000021.out 2>&1
    ./red.sh 22 > ./red.000022.out 2>&1
    ./red.sh 23 > ./red.000023.out 2>&1
    ./red.sh 24 > ./red.000024.out 2>&1
    ./red.sh 25 > ./red.000025.out 2>&1
    ./red.sh 26 > ./red.000026.out 2>&1
    ./red.sh 27 > ./red.000027.out 2>&1
    ./red.sh 28 > ./red.000028.out 2>&1
    ./red.sh 29 > ./red.000029.out 2>&1
    ./red.sh 30 > ./red.000030.out 2>&1
    ./red.sh 31 > ./red.000031.out 2>&1
    ./red.sh 32 > ./red.000032.out 2>&1
    ./red.sh 33 > ./red.000033.out 2>&1
    ./red.sh 34 > ./red.000034.out 2>&1
    ./red.sh 35 > ./red.000035.out 2>&1
    ./red.sh 36 > ./red.000036.out 2>&1
    ./red.sh 37 > ./red.000037.out 2>&1
    ./red.sh 38 > ./red.000038.out 2>&1
    ./red.sh 39 > ./red.000039.out 2>&1
    ./red.sh 40 > ./red.000040.out 2>&1

-- Finished on Tue Jan 20 20:50:32 2026 (877 seconds) with 4158315.703 GB free disk space
----------------------------------------
-- Found 40 read error detection output files.
-- Finished stage 'readErrorDetectionCheck', reset canuIteration.
--
-- Loading read lengths.
-- Loading number of overlaps per read.
--
-- Configure OEA for 8gb memory.
--                   Batches of at most (unlimited) reads.
--                                      300000000 bases.
--
--           Total                                               Reads                 Olaps  Adjusts
--    Job   Memory      Read Range         Reads        Bases   Memory        Olaps   Memory   Memory  (Memory in MB)
--   ---- -------- ------------------- --------- ------------ -------- ------------ -------- --------
--      1  2847.78         1-134854        16752    300000366   294.61      4402051   134.34   370.83
--      2  2886.20    134855-284155        18523    300003515   294.67      5659185   172.70   370.83
--      3  2884.80    284156-433430        18722    300000051   294.67      5612971   171.29   370.83
--      4  2889.70    433431-582310        18683    300001982   294.67      5773684   176.20   370.83
--      5  2895.87    582311-729881        18433    300005819   294.67      5975957   182.37   370.83
--      6  2892.63    729882-877913        18402    300004538   294.67      5869962   179.14   370.83
--      7  2893.86    877914-1023943       18127    300000663   294.66      5910686   180.38   370.83
--      8  2882.22   1023944-1165639       17872    300005887   294.65      5529156   168.74   370.83
--      9  2881.36   1165640-1309067       17946    300012314   294.66      5500764   167.87   370.83
--     10  2889.28   1309068-1451487       17991    300001264   294.65      5760710   175.80   370.83
--     11  2877.68   1451488-1593687       17800    300005262   294.65      5380676   164.21   370.83
--     12  2878.02   1593688-1735070       17623    300018220   294.66      5391541   164.54   370.83
--     13  2881.30   1735071-1876004       17644    300013107   294.65      5498997   167.82   370.83
--     14  2880.67   1876005-2015182       17399    300006327   294.64      5478820   167.20   370.83
--     15  2544.47   2015183-2043786        3556     49930910    55.73      2291170    69.92   370.83
--   ---- -------- ------------------- --------- ------------ -------- ------------ -------- --------
--                                                 4250010225              80036330
-- Finished stage 'overlapErrorAdjustmentConfigure', reset canuIteration.
--
-- Running jobs.  First attempt out of 2.
----------------------------------------
-- Starting 'oea' concurrent execution on Tue Jan 20 20:50:40 2026 with 4158182.421 GB free disk space (15 processes; 62 concurrently)

    cd unitigging/3-overlapErrorAdjustment
    ./oea.sh 1 > ./oea.000001.out 2>&1
    ./oea.sh 2 > ./oea.000002.out 2>&1
    ./oea.sh 3 > ./oea.000003.out 2>&1
    ./oea.sh 4 > ./oea.000004.out 2>&1
    ./oea.sh 5 > ./oea.000005.out 2>&1
    ./oea.sh 6 > ./oea.000006.out 2>&1
    ./oea.sh 7 > ./oea.000007.out 2>&1
    ./oea.sh 8 > ./oea.000008.out 2>&1
    ./oea.sh 9 > ./oea.000009.out 2>&1
    ./oea.sh 10 > ./oea.000010.out 2>&1
    ./oea.sh 11 > ./oea.000011.out 2>&1
    ./oea.sh 12 > ./oea.000012.out 2>&1
    ./oea.sh 13 > ./oea.000013.out 2>&1
    ./oea.sh 14 > ./oea.000014.out 2>&1
    ./oea.sh 15 > ./oea.000015.out 2>&1

-- Finished on Tue Jan 20 21:29:13 2026 (2313 seconds) with 4153379.046 GB free disk space
----------------------------------------
-- Found 15 overlap error adjustment output files.
-- Finished stage 'overlapErrorAdjustmentCheck', reset canuIteration.
----------------------------------------
-- Starting command on Tue Jan 20 21:29:13 2026 with 4153379.031 GB free disk space

    cd unitigging/3-overlapErrorAdjustment
    /share/org/YZWL/yzwl_lixg/miniforge3/envs/canu_v.2.3/bin/loadErates \
      -S ../../D2-8.seqStore \
      -O ../D2-8.ovlStore \
      -L ./oea.files \
    > ./oea.apply.err 2>&1

-- Finished on Tue Jan 20 21:29:14 2026 (one second) with 4153378.875 GB free disk space
----------------------------------------
-- No report available.
-- Finished stage 'updateOverlapStore', reset canuIteration.
-- Finished stage 'unitig', reset canuIteration.
--
-- Running jobs.  First attempt out of 2.
----------------------------------------
-- Starting 'bat' concurrent execution on Tue Jan 20 21:29:14 2026 with 4153378.828 GB free disk space (1 processes; 1 concurrently)

    cd unitigging/4-unitigger
    ./unitigger.sh 1 > ./unitigger.000001.out 2>&1

-- Finished on Tue Jan 20 21:29:40 2026 (26 seconds) with 4153378.625 GB free disk space
----------------------------------------
-- Unitigger finished successfully.
--  
--  ERROR RATES
--  -----------
--                                                   --------threshold------
--  266026                       fraction error      fraction        percent
--  samples                              (1e-5)         error          error
--                   --------------------------      --------       --------
--  command line (-eg)                           ->     30.00        0.0300%
--  command line (-ef)                           ->  -----.--      ---.----%
--  command line (-eM)                           ->     30.00        0.0300%
--  mean + std.dev       0.43 +-  12 *     2.90  ->     35.25        0.0352%
--  median + mad         0.00 +-  12 *     0.00  ->      0.00        0.0000%
--  90th percentile                              ->      1.00        0.0010%  (enabled)
--  
--  BEST EDGE FILTERING
--  -------------------
--  At graph threshold 0.0300%, reads:
--    available to have edges:        54180
--    with at least one edge:         34518
--  
--  At max threshold 0.0300%, reads:
--    available to have edges:        54180
--    with at least one edge:         34518
--  
--  At tight threshold 0.0010%, reads with:
--    both edges below error threshold:     29232  (80.00% minReadsBest threshold = 27614)
--    one  edge  above error threshold:      3956
--    both edges above error threshold:      1330
--    at least one edge:                    34518
--  
--  At loose threshold 0.0300%, reads with:
--    both edges below error threshold:     34518  (80.00% minReadsBest threshold = 27614)
--    one  edge  above error threshold:         0
--    both edges above error threshold:         0
--    at least one edge:                    34518
--  
--  
--  INITIAL EDGES
--  -------- ----------------------------------------
--    194769 reads are contained
--   1819445 reads have no best edges (singleton)
--       622 reads have only one best edge (spur) 
--                367 are mutual best
--     28950 reads have two best edges 
--               1091 have one mutual best edge
--              27479 have two mutual best edges
--  
--  
--  FINAL EDGES
--  -------- ----------------------------------------
--    194769 reads are contained
--   1819773 reads have no best edges (singleton)
--       530 reads have only one best edge (spur) 
--                415 are mutual best
--     28714 reads have two best edges 
--                959 have one mutual best edge
--              27458 have two mutual best edges
--  
--  
--  EDGE FILTERING
--  -------- ------------------------------------------
--         0 reads are ignored
--     11052 reads have a gap in overlap coverage
--       146 reads have lopsided best edges
-- Found, in version 1, after unitig construction:
--   contigs:      82 sequences, total length 68678477 bp (including 91 repeats of total length 1997276 bp).
--   bubbles:      345 sequences, total length 10076498 bp.
--   unassembled:  31493 sequences, total length 344740421 bp.
--
-- Contig sizes based on genome size 85mbp:
--
--            NG (bp)  LG (contigs)    sum (bp)
--         ----------  ------------  ----------
--     10     8904718             1     8904718
--     20     6531392             3    23318704
--     30     6525629             4    29844333
--     40     4548907             5    34393240
--     50     3808263             8    45942507
--     60     2607065            10    51654721
--     70     1949904            14    59849195
--     80       27035            49    68017643
--
-- Finished stage 'unitigCheck', reset canuIteration.
----------------------------------------
-- Starting command on Tue Jan 20 21:29:40 2026 with 4153378.609 GB free disk space

    cd unitigging
    /share/org/YZWL/yzwl_lixg/miniforge3/envs/canu_v.2.3/bin/utgcns \
      -S ../D2-8.seqStore \
      -T  ./D2-8.ctgStore 1 \
      -partition 0.8 1.5 0.1 \
    > ./D2-8.ctgStore/partitioning.log 2>&1

-- Finished on Tue Jan 20 21:29:49 2026 (9 seconds) with 4153377.437 GB free disk space
----------------------------------------
-- Using slow alignment for consensus (iteration '0').
-- Configured 10 consensus jobs.
-- Finished stage 'consensusConfigure', reset canuIteration.
--
-- Local: cns       13.125 GB    8 CPUs x  11 jobs   144.375 GB  88 CPUs  (consensus)
--
--
-- Running jobs.  First attempt out of 2.
----------------------------------------
-- Starting 'cns' concurrent execution on Tue Jan 20 21:29:49 2026 with 4153377.406 GB free disk space (10 processes; 11 concurrently)

    cd unitigging/5-consensus
    ./consensus.sh 1 > ./consensus.000001.out 2>&1
    ./consensus.sh 2 > ./consensus.000002.out 2>&1
    ./consensus.sh 3 > ./consensus.000003.out 2>&1
    ./consensus.sh 4 > ./consensus.000004.out 2>&1
    ./consensus.sh 5 > ./consensus.000005.out 2>&1
    ./consensus.sh 6 > ./consensus.000006.out 2>&1
    ./consensus.sh 7 > ./consensus.000007.out 2>&1
    ./consensus.sh 8 > ./consensus.000008.out 2>&1
    ./consensus.sh 9 > ./consensus.000009.out 2>&1
    ./consensus.sh 10 > ./consensus.000010.out 2>&1

-- Finished on Tue Jan 20 21:37:37 2026 (468 seconds) with 4152732.687 GB free disk space
----------------------------------------
-- Using slow alignment for consensus (iteration '1').
-- Configured 10 consensus jobs.
-- All 10 consensus jobs finished successfully.
-- Finished stage 'consensusCheck', reset canuIteration.
-- Using slow alignment for consensus (iteration '0').
-- Configured 10 consensus jobs.
----------------------------------------
-- Starting command on Tue Jan 20 21:37:38 2026 with 4152732.64 GB free disk space

    cd unitigging
    /share/org/YZWL/yzwl_lixg/miniforge3/envs/canu_v.2.3/bin/tgStoreLoad \
      -S ../D2-8.seqStore \
      -T  ./D2-8.ctgStore 2 \
      -L ./5-consensus/ctgcns.files \
    > ./5-consensus/ctgcns.files.ctgStoreLoad.err 2>&1

-- Finished on Tue Jan 20 21:37:39 2026 (one second) with 4152731.437 GB free disk space
----------------------------------------
----------------------------------------
-- Starting command on Tue Jan 20 21:37:39 2026 with 4152731.437 GB free disk space

    cd unitigging
    /share/org/YZWL/yzwl_lixg/miniforge3/envs/canu_v.2.3/bin/tgTigDisplay \
      -S ../D2-8.seqStore \
      -b \
      -o ../D2-8.contigs.unsorted.bam \
      -L ./5-consensus/ctgcns.files \
    > ./5-consensus/ctgcns.files.contigs.bam.err 2>&1

-- Finished on Tue Jan 20 21:40:19 2026 (160 seconds) with 4152454.453 GB free disk space
----------------------------------------
----------------------------------------
-- Starting command on Tue Jan 20 21:40:19 2026 with 4152454.453 GB free disk space

    cd .
    samtools sort \
      --write-index \
      --threads 2 \
      -o ./D2-8.contigs.bam ./D2-8.contigs.unsorted.bam \
    > ./ctgcns.bam.err 2>&1

-- Finished on Tue Jan 20 21:41:14 2026 (55 seconds) with 4152455.421 GB free disk space
----------------------------------------
-- Purging consensus output after loading to ctgStore.
-- Purged 10 .cns outputs.
----------------------------------------
-- Starting command on Tue Jan 20 21:41:14 2026 with 4152458.281 GB free disk space

    cd unitigging
    /share/org/YZWL/yzwl_lixg/miniforge3/envs/canu_v.2.3/bin/tgStoreDump \
      -S ../D2-8.seqStore \
      -T ./D2-8.ctgStore 2 \
      -sizes -s 85000000 \
    > ./D2-8.ctgStore/seqDB.v002.sizes.txt
ZERO length suplied to intervalList::add(), ignoring interval.
ZERO length suplied to intervalList::add(), ignoring interval.
ZERO length suplied to intervalList::add(), ignoring interval.
ZERO length suplied to intervalList::add(), ignoring interval.
ZERO length suplied to intervalList::add(), ignoring interval.
ZERO length suplied to intervalList::add(), ignoring interval.
ZERO length suplied to intervalList::add(), ignoring interval.
ZERO length suplied to intervalList::add(), ignoring interval.
ZERO length suplied to intervalList::add(), ignoring interval.
ZERO length suplied to intervalList::add(), ignoring interval.
ZERO length suplied to intervalList::add(), ignoring interval.
ZERO length suplied to intervalList::add(), ignoring interval.
ZERO length suplied to intervalList::add(), ignoring interval.
ZERO length suplied to intervalList::add(), ignoring interval.
ZERO length suplied to intervalList::add(), ignoring interval.
ZERO length suplied to intervalList::add(), ignoring interval.
ZERO length suplied to intervalList::add(), ignoring interval.
ZERO length suplied to intervalList::add(), ignoring interval.
ZERO length suplied to intervalList::add(), ignoring interval.
ZERO length suplied to intervalList::add(), ignoring interval.
ZERO length suplied to intervalList::add(), ignoring interval.
ZERO length suplied to intervalList::add(), ignoring interval.
ZERO length suplied to intervalList::add(), ignoring interval.
ZERO length suplied to intervalList::add(), ignoring interval.
ZERO length suplied to intervalList::add(), ignoring interval.
ZERO length suplied to intervalList::add(), ignoring interval.
ZERO length suplied to intervalList::add(), ignoring interval.
ZERO length suplied to intervalList::add(), ignoring interval.
ZERO length suplied to intervalList::add(), ignoring interval.
ZERO length suplied to intervalList::add(), ignoring interval.
ZERO length suplied to intervalList::add(), ignoring interval.
ZERO length suplied to intervalList::add(), ignoring interval.
ZERO length suplied to intervalList::add(), ignoring interval.

-- Finished on Tue Jan 20 21:41:15 2026 (one second) with 4152458.281 GB free disk space
----------------------------------------
-- Found, in version 2, after consensus generation:
--   contigs:      82 sequences, total length 89741441 bp (including 91 repeats of total length 2702727 bp).
--   bubbles:      345 sequences, total length 13377624 bp.
--   unassembled:  31493 sequences, total length 507347344 bp.
--
-- Contig sizes based on genome size 85mbp:
--
--            NG (bp)  LG (contigs)    sum (bp)
--         ----------  ------------  ----------
--     10    11575303             1    11575303
--     20    10273612             2    21848915
--     30     8483653             3    30332568
--     40     8470930             4    38803498
--     50     5952455             5    44755953
--     60     4990140             7    54842670
--     70     4963884             8    59806554
--     80     2758031            11    70015653
--     90     2547001            14    77935095
--    100     1219877            19    85392656
--
-- Finished stage 'consensusLoad', reset canuIteration.
----------------------------------------
-- Starting command on Tue Jan 20 21:41:15 2026 with 4152458.265 GB free disk space

    cd .
    /share/org/YZWL/yzwl_lixg/miniforge3/envs/canu_v.2.3/bin/tgStoreDump \
      -S ./D2-8.seqStore \
      -T ./unitigging/D2-8.ctgStore 2 \
      -o ./D2-8.contigs \
      -layout \
    > ./D2-8.contigs.layout.err 2>&1

-- Finished on Tue Jan 20 21:41:15 2026 (fast as lightning) with 4152458.203 GB free disk space
----------------------------------------
----------------------------------------
-- Starting command on Tue Jan 20 21:41:15 2026 with 4152458.203 GB free disk space

    cd .
    /share/org/YZWL/yzwl_lixg/miniforge3/envs/canu_v.2.3/bin/tgStoreDump \
      -S ./D2-8.seqStore \
      -T ./unitigging/D2-8.ctgStore 2 \
      -consensus -fasta \
      -unassembled \
    > ./D2-8.unassembled.fasta
    2> ./D2-8.unassembled.err
ZERO length suplied to intervalList::add(), ignoring interval.
ZERO length suplied to intervalList::add(), ignoring interval.
ZERO length suplied to intervalList::add(), ignoring interval.
ZERO length suplied to intervalList::add(), ignoring interval.
ZERO length suplied to intervalList::add(), ignoring interval.
ZERO length suplied to intervalList::add(), ignoring interval.
ZERO length suplied to intervalList::add(), ignoring interval.
ZERO length suplied to intervalList::add(), ignoring interval.
ZERO length suplied to intervalList::add(), ignoring interval.
ZERO length suplied to intervalList::add(), ignoring interval.
ZERO length suplied to intervalList::add(), ignoring interval.
ZERO length suplied to intervalList::add(), ignoring interval.
ZERO length suplied to intervalList::add(), ignoring interval.
ZERO length suplied to intervalList::add(), ignoring interval.
ZERO length suplied to intervalList::add(), ignoring interval.
ZERO length suplied to intervalList::add(), ignoring interval.
ZERO length suplied to intervalList::add(), ignoring interval.
ZERO length suplied to intervalList::add(), ignoring interval.
ZERO length suplied to intervalList::add(), ignoring interval.
ZERO length suplied to intervalList::add(), ignoring interval.
ZERO length suplied to intervalList::add(), ignoring interval.
ZERO length suplied to intervalList::add(), ignoring interval.
ZERO length suplied to intervalList::add(), ignoring interval.
ZERO length suplied to intervalList::add(), ignoring interval.
ZERO length suplied to intervalList::add(), ignoring interval.
ZERO length suplied to intervalList::add(), ignoring interval.
ZERO length suplied to intervalList::add(), ignoring interval.
ZERO length suplied to intervalList::add(), ignoring interval.
ZERO length suplied to intervalList::add(), ignoring interval.
ZERO length suplied to intervalList::add(), ignoring interval.
ZERO length suplied to intervalList::add(), ignoring interval.
ZERO length suplied to intervalList::add(), ignoring interval.
ZERO length suplied to intervalList::add(), ignoring interval.

-- Finished on Tue Jan 20 21:41:18 2026 (3 seconds) with 4152457.703 GB free disk space
----------------------------------------
----------------------------------------
-- Starting command on Tue Jan 20 21:41:18 2026 with 4152457.703 GB free disk space

    cd .
    /share/org/YZWL/yzwl_lixg/miniforge3/envs/canu_v.2.3/bin/tgStoreDump \
      -S ./D2-8.seqStore \
      -T ./unitigging/D2-8.ctgStore 2 \
      -consensus -fasta \
      -contigs \
    > ./D2-8.contigs.fasta
    2> ./D2-8.contigs.err
ZERO length suplied to intervalList::add(), ignoring interval.
ZERO length suplied to intervalList::add(), ignoring interval.
ZERO length suplied to intervalList::add(), ignoring interval.
ZERO length suplied to intervalList::add(), ignoring interval.
ZERO length suplied to intervalList::add(), ignoring interval.
ZERO length suplied to intervalList::add(), ignoring interval.
ZERO length suplied to intervalList::add(), ignoring interval.
ZERO length suplied to intervalList::add(), ignoring interval.
ZERO length suplied to intervalList::add(), ignoring interval.
ZERO length suplied to intervalList::add(), ignoring interval.
ZERO length suplied to intervalList::add(), ignoring interval.
ZERO length suplied to intervalList::add(), ignoring interval.
ZERO length suplied to intervalList::add(), ignoring interval.
ZERO length suplied to intervalList::add(), ignoring interval.
ZERO length suplied to intervalList::add(), ignoring interval.
ZERO length suplied to intervalList::add(), ignoring interval.
ZERO length suplied to intervalList::add(), ignoring interval.
ZERO length suplied to intervalList::add(), ignoring interval.
ZERO length suplied to intervalList::add(), ignoring interval.
ZERO length suplied to intervalList::add(), ignoring interval.
ZERO length suplied to intervalList::add(), ignoring interval.
ZERO length suplied to intervalList::add(), ignoring interval.
ZERO length suplied to intervalList::add(), ignoring interval.
ZERO length suplied to intervalList::add(), ignoring interval.
ZERO length suplied to intervalList::add(), ignoring interval.
ZERO length suplied to intervalList::add(), ignoring interval.
ZERO length suplied to intervalList::add(), ignoring interval.
ZERO length suplied to intervalList::add(), ignoring interval.
ZERO length suplied to intervalList::add(), ignoring interval.
ZERO length suplied to intervalList::add(), ignoring interval.
ZERO length suplied to intervalList::add(), ignoring interval.
ZERO length suplied to intervalList::add(), ignoring interval.
ZERO length suplied to intervalList::add(), ignoring interval.

-- Finished on Tue Jan 20 21:41:18 2026 (like a bat out of hell) with 4152457.593 GB free disk space
----------------------------------------
-- Finished stage 'generateOutputs', reset canuIteration.
--
-- Assembly 'D2-8' finished in '/share/org/YZWL/yzwl_lixg/project/28.大豆疫霉菌三代基因组/03.hicanu/D2-8/01.raw_output'.
--
-- Summary saved in 'D2-8.report'.
--
-- Sequences saved:
--   Contigs       -> 'D2-8.contigs.fasta'
--   Unassembled   -> 'D2-8.unassembled.fasta'
--
-- Read layouts saved:
--   Contigs       -> 'D2-8.contigs.layout'.
--
-- Bye.

Job 68952668 stderr output:

