2026-02-01 13:46:31.272 - INFO - ====================================================================================================
2026-02-01 13:46:31.298 - INFO -  Kmer交集提取工具|Kmer Intersection Extraction Tool
2026-02-01 13:46:31.298 - INFO - ====================================================================================================
2026-02-01 13:46:31.298 - INFO - kmer矩阵文件|Kmer matrix file: /share/org/YZWL/yzwl_lixg/project/06.longliuxing_BSA/68.三代数据组装和注释/52.候选区间上下游10M区间的交换图/03.kmer_db/kmer_matrix_with_header.txt
2026-02-01 13:46:31.298 - INFO - 目标kmer fasta|Target kmer fasta: /share/org/YZWL/yzwl_lixg/project/06.longliuxing_BSA/68.三代数据组装和注释/52.候选区间上下游10M区间的交换图/05.hap2/hap2_group9_chr12_kmer_51.fa
2026-02-01 13:46:31.298 - INFO - 输出文件|Output file: /share/org/YZWL/yzwl_lixg/project/06.longliuxing_BSA/68.三代数据组装和注释/52.候选区间上下游10M区间的交换图/05.hap2/hap1_group2_chr12_matrix.txt
2026-02-01 13:46:31.298 - INFO - 线程数|Threads: 64
2026-02-01 13:46:31.298 - INFO - 使用反向互补查询|Use reverse complement: True
2026-02-01 13:46:31.298 - INFO - 
2026-02-01 13:46:31.298 - INFO - ====================================================================================================
2026-02-01 13:46:31.298 - INFO -  加载目标kmer|Loading Target Kmers
2026-02-01 13:46:31.298 - INFO - ====================================================================================================
2026-02-01 13:46:31.298 - INFO - fasta文件|Fasta file: /share/org/YZWL/yzwl_lixg/project/06.longliuxing_BSA/68.三代数据组装和注释/52.候选区间上下游10M区间的交换图/05.hap2/hap2_group9_chr12_kmer_51.fa
2026-02-01 13:48:01.199 - INFO - 总kmer数|Total kmers: 86.71M
2026-02-01 13:48:01.199 - INFO - 唯一kmer数|Unique kmers: 63.69M
2026-02-01 13:48:01.199 - WARNING - 重复kmer数|Duplicate kmers: 23.02M
2026-02-01 13:48:02.299 - INFO - 
2026-02-01 13:48:02.299 - INFO - ====================================================================================================
2026-02-01 13:48:02.299 - INFO -  提取kmer丰度（多进程模式）|Extracting Kmer Abundance (Multi-Process Mode)
2026-02-01 13:48:02.299 - INFO - ====================================================================================================
2026-02-01 13:48:02.299 - INFO - kmer矩阵文件|Kmer matrix file: /share/org/YZWL/yzwl_lixg/project/06.longliuxing_BSA/68.三代数据组装和注释/52.候选区间上下游10M区间的交换图/03.kmer_db/kmer_matrix_with_header.txt
2026-02-01 13:48:02.299 - INFO - 目标kmer数|Target kmers: 63.69M
2026-02-01 13:48:02.299 - INFO - 进程数|Number of processes: 64
2026-02-01 13:48:02.299 - INFO - 估算文件行数|Estimating file lines...
2026-02-01 13:49:22.379 - INFO - 文件总行数|Total lines in file: 359.30M
2026-02-01 13:49:22.379 - WARNING - 目标kmer数过大|Large target kmer count: 63.69M
2026-02-01 13:49:22.379 - WARNING - 为避免内存溢出，将进程数从|To avoid OOM, reducing processes from 64 到|to 8
2026-02-01 13:49:22.379 - INFO - 分块信息|Chunking info:
2026-02-01 13:49:22.379 - INFO -   进程数|Processes: 8
2026-02-01 13:49:22.379 - INFO -   每进程行数|Lines per process: 44.91M
2026-02-01 13:49:22.379 - INFO - 开始并行处理（使用共享内存）|Starting parallel processing (using shared memory)...

分析被用户中断|Analysis interrupted by user
