2026-01-17 13:24:40.235 - INFO - ============================================================
2026-01-17 13:24:40.235 - INFO - 开始KMERIA完整分析流程|Starting KMERIA complete analysis pipeline
2026-01-17 13:24:40.235 - INFO - ============================================================
2026-01-17 13:24:40.235 - INFO - ============================================================
2026-01-17 13:24:40.235 - INFO - 执行步骤|Executing step: COUNT
2026-01-17 13:24:40.235 - INFO - ============================================================
2026-01-17 13:24:40.235 - INFO - 开始k-mer计数|Starting k-mer counting
2026-01-17 13:24:40.235 - INFO - 样本数量|Sample count: 181
2026-01-17 13:24:41.402 - INFO - 找到|Found 181 个样本的FASTQ文件|samples with FASTQ files
2026-01-17 13:24:41.403 - INFO - 处理批次|Processing batch 1/46: 4 个样本|samples
2026-01-17 13:24:41.413 - INFO - 跳过样本|Skip sample: GDW012A (输出文件已存在|output file exists: output/01_kmer_counts/GDW012A_k31.bin, 14555.47M)
2026-01-17 13:24:41.423 - INFO - 跳过样本|Skip sample: SDW020A (输出文件已存在|output file exists: output/01_kmer_counts/SDW020A_k31.bin, 11218.21M)
2026-01-17 13:24:41.423 - INFO - 跳过样本|Skip sample: SDW115A (输出文件已存在|output file exists: output/01_kmer_counts/SDW115A_k31.bin, 8101.80M)
2026-01-17 13:24:41.424 - INFO - 跳过样本|Skip sample: SDW144A (输出文件已存在|output file exists: output/01_kmer_counts/SDW144A_k31.bin, 8590.02M)
2026-01-17 13:24:41.424 - INFO - 处理批次|Processing batch 2/46: 4 个样本|samples
2026-01-17 13:24:41.424 - INFO - 跳过样本|Skip sample: SDW145A (输出文件已存在|output file exists: output/01_kmer_counts/SDW145A_k31.bin, 8234.40M)
2026-01-17 13:24:41.424 - INFO - 跳过样本|Skip sample: SDW141A (输出文件已存在|output file exists: output/01_kmer_counts/SDW141A_k31.bin, 8435.82M)
2026-01-17 13:24:41.424 - INFO - 跳过样本|Skip sample: SDW142-1A (输出文件已存在|output file exists: output/01_kmer_counts/SDW142-1A_k31.bin, 8861.05M)
2026-01-17 13:24:41.424 - INFO - 跳过样本|Skip sample: SDW139A (输出文件已存在|output file exists: output/01_kmer_counts/SDW139A_k31.bin, 8045.07M)
2026-01-17 13:24:41.424 - INFO - 处理批次|Processing batch 3/46: 4 个样本|samples
2026-01-17 13:24:41.425 - INFO - 跳过样本|Skip sample: SDW126A (输出文件已存在|output file exists: output/01_kmer_counts/SDW126A_k31.bin, 8194.68M)
2026-01-17 13:24:41.425 - INFO - 跳过样本|Skip sample: SDW128A (输出文件已存在|output file exists: output/01_kmer_counts/SDW128A_k31.bin, 9145.05M)
2026-01-17 13:24:41.425 - INFO - 跳过样本|Skip sample: SDW129A (输出文件已存在|output file exists: output/01_kmer_counts/SDW129A_k31.bin, 8137.80M)
2026-01-17 13:24:41.425 - INFO - 跳过样本|Skip sample: SDW130A (输出文件已存在|output file exists: output/01_kmer_counts/SDW130A_k31.bin, 8184.04M)
2026-01-17 13:24:41.425 - INFO - 处理批次|Processing batch 4/46: 4 个样本|samples
2026-01-17 13:24:41.426 - INFO - 跳过样本|Skip sample: SDW176A (输出文件已存在|output file exists: output/01_kmer_counts/SDW176A_k31.bin, 8888.28M)
2026-01-17 13:24:41.426 - INFO - 跳过样本|Skip sample: SDW175A (输出文件已存在|output file exists: output/01_kmer_counts/SDW175A_k31.bin, 8372.27M)
2026-01-17 13:24:41.426 - INFO - 跳过样本|Skip sample: SDW181A (输出文件已存在|output file exists: output/01_kmer_counts/SDW181A_k31.bin, 8229.43M)
2026-01-17 13:24:41.426 - INFO - 跳过样本|Skip sample: SDW178A (输出文件已存在|output file exists: output/01_kmer_counts/SDW178A_k31.bin, 9920.72M)
2026-01-17 13:24:41.426 - INFO - 处理批次|Processing batch 5/46: 4 个样本|samples
2026-01-17 13:24:41.426 - INFO - 跳过样本|Skip sample: GDW120A (输出文件已存在|output file exists: output/01_kmer_counts/GDW120A_k31.bin, 17893.43M)
2026-01-17 13:24:41.427 - INFO - 跳过样本|Skip sample: SDW082A (输出文件已存在|output file exists: output/01_kmer_counts/SDW082A_k31.bin, 9447.52M)
2026-01-17 13:24:41.429 - INFO - 跳过样本|Skip sample: SDW072A (输出文件已存在|output file exists: output/01_kmer_counts/SDW072A_k31.bin, 15268.51M)
2026-01-17 13:24:41.429 - INFO - 跳过样本|Skip sample: SDW057A (输出文件已存在|output file exists: output/01_kmer_counts/SDW057A_k31.bin, 16188.17M)
2026-01-17 13:24:41.429 - INFO - 处理批次|Processing batch 6/46: 4 个样本|samples
2026-01-17 13:24:41.429 - INFO - 跳过样本|Skip sample: SDW074A (输出文件已存在|output file exists: output/01_kmer_counts/SDW074A_k31.bin, 9533.57M)
2026-01-17 13:24:41.429 - INFO - 跳过样本|Skip sample: SDW048A (输出文件已存在|output file exists: output/01_kmer_counts/SDW048A_k31.bin, 17116.80M)
2026-01-17 13:24:41.429 - INFO - 跳过样本|Skip sample: SDW095A (输出文件已存在|output file exists: output/01_kmer_counts/SDW095A_k31.bin, 8475.22M)
2026-01-17 13:24:41.430 - INFO - 跳过样本|Skip sample: SDW85A (输出文件已存在|output file exists: output/01_kmer_counts/SDW85A_k31.bin, 8761.71M)
2026-01-17 13:24:41.430 - INFO - 处理批次|Processing batch 7/46: 4 个样本|samples
2026-01-17 13:24:41.430 - INFO - 跳过样本|Skip sample: SDW043A (输出文件已存在|output file exists: output/01_kmer_counts/SDW043A_k31.bin, 15681.72M)
2026-01-17 13:24:41.430 - INFO - 跳过样本|Skip sample: SDW089A (输出文件已存在|output file exists: output/01_kmer_counts/SDW089A_k31.bin, 10026.40M)
2026-01-17 13:24:41.430 - INFO - 跳过样本|Skip sample: SDW084A (输出文件已存在|output file exists: output/01_kmer_counts/SDW084A_k31.bin, 8087.24M)
2026-01-17 13:24:41.431 - INFO - 跳过样本|Skip sample: SDW164A (输出文件已存在|output file exists: output/01_kmer_counts/SDW164A_k31.bin, 8579.07M)
2026-01-17 13:24:41.431 - INFO - 处理批次|Processing batch 8/46: 4 个样本|samples
2026-01-17 13:24:41.431 - INFO - 跳过样本|Skip sample: SDW192A (输出文件已存在|output file exists: output/01_kmer_counts/SDW192A_k31.bin, 8261.73M)
2026-01-17 13:24:41.431 - INFO - 跳过样本|Skip sample: SDW193A (输出文件已存在|output file exists: output/01_kmer_counts/SDW193A_k31.bin, 8752.79M)
2026-01-17 13:24:41.431 - INFO - 跳过样本|Skip sample: SDW194A (输出文件已存在|output file exists: output/01_kmer_counts/SDW194A_k31.bin, 9690.31M)
2026-01-17 13:24:41.431 - INFO - 跳过样本|Skip sample: SDW152A (输出文件已存在|output file exists: output/01_kmer_counts/SDW152A_k31.bin, 8410.73M)
2026-01-17 13:24:41.431 - INFO - 处理批次|Processing batch 9/46: 4 个样本|samples
2026-01-17 13:24:41.432 - INFO - 跳过样本|Skip sample: SDW188A (输出文件已存在|output file exists: output/01_kmer_counts/SDW188A_k31.bin, 8829.22M)
2026-01-17 13:24:41.432 - INFO - 跳过样本|Skip sample: SDW179A (输出文件已存在|output file exists: output/01_kmer_counts/SDW179A_k31.bin, 10641.81M)
2026-01-17 13:24:41.432 - INFO - 跳过样本|Skip sample: SDW162-1A (输出文件已存在|output file exists: output/01_kmer_counts/SDW162-1A_k31.bin, 8803.30M)
2026-01-17 13:24:41.432 - INFO - 跳过样本|Skip sample: SDW023A (输出文件已存在|output file exists: output/01_kmer_counts/SDW023A_k31.bin, 16692.64M)
2026-01-17 13:24:41.432 - INFO - 处理批次|Processing batch 10/46: 4 个样本|samples
2026-01-17 13:24:41.433 - INFO - 跳过样本|Skip sample: SDW016A (输出文件已存在|output file exists: output/01_kmer_counts/SDW016A_k31.bin, 18411.14M)
2026-01-17 13:24:41.433 - INFO - 跳过样本|Skip sample: SDW038A (输出文件已存在|output file exists: output/01_kmer_counts/SDW038A_k31.bin, 16580.16M)
2026-01-17 13:24:41.433 - INFO - 跳过样本|Skip sample: GDW111A (输出文件已存在|output file exists: output/01_kmer_counts/GDW111A_k31.bin, 17547.39M)
2026-01-17 13:24:41.433 - INFO - 跳过样本|Skip sample: SDW017A (输出文件已存在|output file exists: output/01_kmer_counts/SDW017A_k31.bin, 17899.29M)
2026-01-17 13:24:41.433 - INFO - 处理批次|Processing batch 11/46: 4 个样本|samples
2026-01-17 13:24:41.434 - INFO - 跳过样本|Skip sample: SDW170A (输出文件已存在|output file exists: output/01_kmer_counts/SDW170A_k31.bin, 8864.61M)
2026-01-17 13:24:41.434 - INFO - 跳过样本|Skip sample: SDW171A (输出文件已存在|output file exists: output/01_kmer_counts/SDW171A_k31.bin, 8985.57M)
2026-01-17 13:24:41.434 - INFO - 跳过样本|Skip sample: SDW008A (输出文件已存在|output file exists: output/01_kmer_counts/SDW008A_k31.bin, 17011.93M)
2026-01-17 13:24:41.434 - INFO - 跳过样本|Skip sample: SDW109A (输出文件已存在|output file exists: output/01_kmer_counts/SDW109A_k31.bin, 8344.61M)
2026-01-17 13:24:41.434 - INFO - 处理批次|Processing batch 12/46: 4 个样本|samples
2026-01-17 13:24:41.434 - INFO - 跳过样本|Skip sample: SDW116A (输出文件已存在|output file exists: output/01_kmer_counts/SDW116A_k31.bin, 9413.33M)
2026-01-17 13:24:41.435 - INFO - 跳过样本|Skip sample: SDW107A (输出文件已存在|output file exists: output/01_kmer_counts/SDW107A_k31.bin, 8154.27M)
2026-01-17 13:24:41.435 - INFO - 跳过样本|Skip sample: SDW099A (输出文件已存在|output file exists: output/01_kmer_counts/SDW099A_k31.bin, 9687.90M)
2026-01-17 13:24:41.435 - INFO - 跳过样本|Skip sample: SDW097-1A (输出文件已存在|output file exists: output/01_kmer_counts/SDW097-1A_k31.bin, 8599.65M)
2026-01-17 13:24:41.435 - INFO - 处理批次|Processing batch 13/46: 4 个样本|samples
2026-01-17 13:24:41.435 - INFO - 跳过样本|Skip sample: SDW097-2A (输出文件已存在|output file exists: output/01_kmer_counts/SDW097-2A_k31.bin, 8495.46M)
2026-01-17 13:24:41.435 - INFO - 跳过样本|Skip sample: SDW022A (输出文件已存在|output file exists: output/01_kmer_counts/SDW022A_k31.bin, 15520.46M)
2026-01-17 13:24:41.436 - INFO - 跳过样本|Skip sample: SDW114A (输出文件已存在|output file exists: output/01_kmer_counts/SDW114A_k31.bin, 9350.42M)
2026-01-17 13:24:41.436 - INFO - 跳过样本|Skip sample: SDW110A (输出文件已存在|output file exists: output/01_kmer_counts/SDW110A_k31.bin, 8268.12M)
2026-01-17 13:24:41.436 - INFO - 处理批次|Processing batch 14/46: 4 个样本|samples
2026-01-17 13:24:41.436 - INFO - 跳过样本|Skip sample: SDW111A (输出文件已存在|output file exists: output/01_kmer_counts/SDW111A_k31.bin, 8931.12M)
2026-01-17 13:24:41.436 - INFO - 跳过样本|Skip sample: SDW003A (输出文件已存在|output file exists: output/01_kmer_counts/SDW003A_k31.bin, 16173.81M)
2026-01-17 13:24:41.436 - INFO - 跳过样本|Skip sample: SDW034A (输出文件已存在|output file exists: output/01_kmer_counts/SDW034A_k31.bin, 16596.81M)
2026-01-17 13:24:41.437 - INFO - 跳过样本|Skip sample: SDW096A (输出文件已存在|output file exists: output/01_kmer_counts/SDW096A_k31.bin, 8484.25M)
2026-01-17 13:24:41.437 - INFO - 处理批次|Processing batch 15/46: 4 个样本|samples
2026-01-17 13:24:41.437 - INFO - 跳过样本|Skip sample: SDW054A (输出文件已存在|output file exists: output/01_kmer_counts/SDW054A_k31.bin, 14151.77M)
2026-01-17 13:24:41.437 - INFO - 跳过样本|Skip sample: SDW056A (输出文件已存在|output file exists: output/01_kmer_counts/SDW056A_k31.bin, 15565.84M)
2026-01-17 13:24:41.437 - INFO - 跳过样本|Skip sample: SDW053A (输出文件已存在|output file exists: output/01_kmer_counts/SDW053A_k31.bin, 15931.42M)
2026-01-17 13:24:41.437 - INFO - 跳过样本|Skip sample: SDW055A (输出文件已存在|output file exists: output/01_kmer_counts/SDW055A_k31.bin, 16987.09M)
2026-01-17 13:24:41.437 - INFO - 处理批次|Processing batch 16/46: 4 个样本|samples
2026-01-17 13:24:41.438 - INFO - 跳过样本|Skip sample: SDW007A (输出文件已存在|output file exists: output/01_kmer_counts/SDW007A_k31.bin, 17040.31M)
2026-01-17 13:24:41.438 - INFO - 跳过样本|Skip sample: SDW030A (输出文件已存在|output file exists: output/01_kmer_counts/SDW030A_k31.bin, 13785.66M)
2026-01-17 13:24:41.438 - INFO - 跳过样本|Skip sample: SDW018A (输出文件已存在|output file exists: output/01_kmer_counts/SDW018A_k31.bin, 16839.86M)
2026-01-17 13:24:41.438 - INFO - 跳过样本|Skip sample: SDW032A (输出文件已存在|output file exists: output/01_kmer_counts/SDW032A_k31.bin, 14898.67M)
2026-01-17 13:24:41.438 - INFO - 处理批次|Processing batch 17/46: 4 个样本|samples
2026-01-17 13:24:41.438 - INFO - 跳过样本|Skip sample: SDW031A (输出文件已存在|output file exists: output/01_kmer_counts/SDW031A_k31.bin, 15501.83M)
2026-01-17 13:24:41.439 - INFO - 跳过样本|Skip sample: SDW25A (输出文件已存在|output file exists: output/01_kmer_counts/SDW25A_k31.bin, 15324.25M)
2026-01-17 13:24:41.439 - INFO - 跳过样本|Skip sample: SDW019A (输出文件已存在|output file exists: output/01_kmer_counts/SDW019A_k31.bin, 16805.28M)
2026-01-17 13:24:41.439 - INFO - 跳过样本|Skip sample: SDW26A (输出文件已存在|output file exists: output/01_kmer_counts/SDW26A_k31.bin, 14729.51M)
2026-01-17 13:24:41.439 - INFO - 处理批次|Processing batch 18/46: 4 个样本|samples
2026-01-17 13:24:41.439 - INFO - 跳过样本|Skip sample: GDW105A (输出文件已存在|output file exists: output/01_kmer_counts/GDW105A_k31.bin, 9236.29M)
2026-01-17 13:24:41.439 - INFO - 跳过样本|Skip sample: SDW062A (输出文件已存在|output file exists: output/01_kmer_counts/SDW062A_k31.bin, 14575.83M)
2026-01-17 13:24:41.440 - INFO - 跳过样本|Skip sample: WJ98A (输出文件已存在|output file exists: output/01_kmer_counts/WJ98A_k31.bin, 15572.58M)
2026-01-17 13:24:41.440 - INFO - 跳过样本|Skip sample: GDW65A (输出文件已存在|output file exists: output/01_kmer_counts/GDW65A_k31.bin, 18413.23M)
2026-01-17 13:24:41.440 - INFO - 处理批次|Processing batch 19/46: 4 个样本|samples
2026-01-17 13:24:41.440 - INFO - 跳过样本|Skip sample: GDW069-1A (输出文件已存在|output file exists: output/01_kmer_counts/GDW069-1A_k31.bin, 8913.66M)
2026-01-17 13:24:41.440 - INFO - 跳过样本|Skip sample: GDW69-2A (输出文件已存在|output file exists: output/01_kmer_counts/GDW69-2A_k31.bin, 17444.82M)
2026-01-17 13:24:41.441 - INFO - 跳过样本|Skip sample: GDW44-2A (输出文件已存在|output file exists: output/01_kmer_counts/GDW44-2A_k31.bin, 20006.32M)
2026-01-17 13:24:41.441 - INFO - 跳过样本|Skip sample: GDW089A (输出文件已存在|output file exists: output/01_kmer_counts/GDW089A_k31.bin, 18512.65M)
2026-01-17 13:24:41.441 - INFO - 处理批次|Processing batch 20/46: 4 个样本|samples
2026-01-17 13:24:41.441 - INFO - 跳过样本|Skip sample: GDW98A (输出文件已存在|output file exists: output/01_kmer_counts/GDW98A_k31.bin, 18579.38M)
2026-01-17 13:24:41.441 - INFO - 跳过样本|Skip sample: GDW004A (输出文件已存在|output file exists: output/01_kmer_counts/GDW004A_k31.bin, 20863.69M)
2026-01-17 13:24:41.441 - INFO - 跳过样本|Skip sample: GDW061A (输出文件已存在|output file exists: output/01_kmer_counts/GDW061A_k31.bin, 20179.28M)
2026-01-17 13:24:41.442 - INFO - 跳过样本|Skip sample: GDW95A (输出文件已存在|output file exists: output/01_kmer_counts/GDW95A_k31.bin, 17606.09M)
2026-01-17 13:24:41.442 - INFO - 处理批次|Processing batch 21/46: 4 个样本|samples
2026-01-17 13:24:41.442 - INFO - 跳过样本|Skip sample: GDW018A (输出文件已存在|output file exists: output/01_kmer_counts/GDW018A_k31.bin, 21425.40M)
2026-01-17 13:24:41.442 - INFO - 跳过样本|Skip sample: GDW47A (输出文件已存在|output file exists: output/01_kmer_counts/GDW47A_k31.bin, 17228.83M)
2026-01-17 13:24:41.442 - INFO - 跳过样本|Skip sample: GDW68A (输出文件已存在|output file exists: output/01_kmer_counts/GDW68A_k31.bin, 18772.30M)
2026-01-17 13:24:41.442 - INFO - 跳过样本|Skip sample: GDW007A (输出文件已存在|output file exists: output/01_kmer_counts/GDW007A_k31.bin, 18940.58M)
2026-01-17 13:24:41.442 - INFO - 处理批次|Processing batch 22/46: 4 个样本|samples
2026-01-17 13:24:41.443 - INFO - 跳过样本|Skip sample: GDW008A (输出文件已存在|output file exists: output/01_kmer_counts/GDW008A_k31.bin, 21328.01M)
2026-01-17 13:24:41.443 - INFO - 跳过样本|Skip sample: GDW040A (输出文件已存在|output file exists: output/01_kmer_counts/GDW040A_k31.bin, 20347.38M)
2026-01-17 13:24:41.443 - INFO - 跳过样本|Skip sample: GDW21A (输出文件已存在|output file exists: output/01_kmer_counts/GDW21A_k31.bin, 22092.25M)
2026-01-17 13:24:41.443 - INFO - 跳过样本|Skip sample: GDW011A (输出文件已存在|output file exists: output/01_kmer_counts/GDW011A_k31.bin, 20782.78M)
2026-01-17 13:24:41.443 - INFO - 处理批次|Processing batch 23/46: 4 个样本|samples
2026-01-17 13:24:41.443 - INFO - 跳过样本|Skip sample: GDW055A (输出文件已存在|output file exists: output/01_kmer_counts/GDW055A_k31.bin, 19433.82M)
2026-01-17 13:24:41.444 - INFO - 跳过样本|Skip sample: GDW075A (输出文件已存在|output file exists: output/01_kmer_counts/GDW075A_k31.bin, 16986.14M)
2026-01-17 13:24:41.444 - INFO - 跳过样本|Skip sample: GDW078A (输出文件已存在|output file exists: output/01_kmer_counts/GDW078A_k31.bin, 18573.81M)
2026-01-17 13:24:41.444 - INFO - 跳过样本|Skip sample: SDW125A (输出文件已存在|output file exists: output/01_kmer_counts/SDW125A_k31.bin, 8095.31M)
2026-01-17 13:24:41.444 - INFO - 处理批次|Processing batch 24/46: 4 个样本|samples
2026-01-17 13:24:41.444 - INFO - 跳过样本|Skip sample: SDW155A (输出文件已存在|output file exists: output/01_kmer_counts/SDW155A_k31.bin, 9305.09M)
2026-01-17 13:24:41.444 - INFO - 跳过样本|Skip sample: SDW160A (输出文件已存在|output file exists: output/01_kmer_counts/SDW160A_k31.bin, 9852.30M)
2026-01-17 13:24:41.445 - INFO - 跳过样本|Skip sample: SDW190A (输出文件已存在|output file exists: output/01_kmer_counts/SDW190A_k31.bin, 8588.57M)
2026-01-17 13:24:41.445 - INFO - 跳过样本|Skip sample: GDW048A (输出文件已存在|output file exists: output/01_kmer_counts/GDW048A_k31.bin, 19450.13M)
2026-01-17 13:24:41.445 - INFO - 处理批次|Processing batch 25/46: 4 个样本|samples
2026-01-17 13:24:41.445 - INFO - 跳过样本|Skip sample: GDW022A (输出文件已存在|output file exists: output/01_kmer_counts/GDW022A_k31.bin, 19869.71M)
2026-01-17 13:24:41.445 - INFO - 跳过样本|Skip sample: GDW052A (输出文件已存在|output file exists: output/01_kmer_counts/GDW052A_k31.bin, 18798.19M)
2026-01-17 13:24:41.445 - INFO - 跳过样本|Skip sample: GDW049A (输出文件已存在|output file exists: output/01_kmer_counts/GDW049A_k31.bin, 19642.66M)
2026-01-17 13:24:41.446 - INFO - 跳过样本|Skip sample: GDW41A (输出文件已存在|output file exists: output/01_kmer_counts/GDW41A_k31.bin, 20149.61M)
2026-01-17 13:24:41.446 - INFO - 处理批次|Processing batch 26/46: 4 个样本|samples
2026-01-17 13:24:41.446 - INFO - 跳过样本|Skip sample: GDW030A (输出文件已存在|output file exists: output/01_kmer_counts/GDW030A_k31.bin, 19458.08M)
2026-01-17 13:24:41.446 - INFO - 跳过样本|Skip sample: GDW13A (输出文件已存在|output file exists: output/01_kmer_counts/GDW13A_k31.bin, 19628.67M)
2026-01-17 13:24:41.446 - INFO - 跳过样本|Skip sample: SDW121A (输出文件已存在|output file exists: output/01_kmer_counts/SDW121A_k31.bin, 8080.06M)
2026-01-17 13:24:41.446 - INFO - 跳过样本|Skip sample: SDW120A (输出文件已存在|output file exists: output/01_kmer_counts/SDW120A_k31.bin, 8140.59M)
2026-01-17 13:24:41.446 - INFO - 处理批次|Processing batch 27/46: 4 个样本|samples
2026-01-17 13:24:41.447 - INFO - 跳过样本|Skip sample: GDW27A (输出文件已存在|output file exists: output/01_kmer_counts/GDW27A_k31.bin, 8372.80M)
2026-01-17 13:24:41.447 - INFO - 跳过样本|Skip sample: GDW074A (输出文件已存在|output file exists: output/01_kmer_counts/GDW074A_k31.bin, 15398.89M)
2026-01-17 13:24:41.447 - INFO - 跳过样本|Skip sample: GDW38A (输出文件已存在|output file exists: output/01_kmer_counts/GDW38A_k31.bin, 20381.97M)
2026-01-17 13:24:41.447 - INFO - 跳过样本|Skip sample: GDW020A (输出文件已存在|output file exists: output/01_kmer_counts/GDW020A_k31.bin, 20470.21M)
2026-01-17 13:24:41.447 - INFO - 处理批次|Processing batch 28/46: 4 个样本|samples
2026-01-17 13:24:41.447 - INFO - 跳过样本|Skip sample: GDW032A (输出文件已存在|output file exists: output/01_kmer_counts/GDW032A_k31.bin, 19507.37M)
2026-01-17 13:24:41.448 - INFO - 跳过样本|Skip sample: GDW023A (输出文件已存在|output file exists: output/01_kmer_counts/GDW023A_k31.bin, 19674.42M)
2026-01-17 13:24:41.448 - INFO - 跳过样本|Skip sample: GDW057A (输出文件已存在|output file exists: output/01_kmer_counts/GDW057A_k31.bin, 21299.86M)
2026-01-17 13:24:41.448 - INFO - 跳过样本|Skip sample: GDW067A (输出文件已存在|output file exists: output/01_kmer_counts/GDW067A_k31.bin, 21461.34M)
2026-01-17 13:24:41.448 - INFO - 处理批次|Processing batch 29/46: 4 个样本|samples
2026-01-17 13:24:41.448 - INFO - 跳过样本|Skip sample: GDW31A (输出文件已存在|output file exists: output/01_kmer_counts/GDW31A_k31.bin, 18686.16M)
2026-01-17 13:24:41.448 - INFO - 跳过样本|Skip sample: GDW91A (输出文件已存在|output file exists: output/01_kmer_counts/GDW91A_k31.bin, 15724.85M)
2026-01-17 13:24:41.449 - INFO - 跳过样本|Skip sample: WK027A (输出文件已存在|output file exists: output/01_kmer_counts/WK027A_k31.bin, 19966.64M)
2026-01-17 13:24:41.449 - INFO - 跳过样本|Skip sample: WJ65A (输出文件已存在|output file exists: output/01_kmer_counts/WJ65A_k31.bin, 17206.64M)
2026-01-17 13:24:41.449 - INFO - 处理批次|Processing batch 30/46: 4 个样本|samples
2026-01-17 13:24:41.449 - INFO - 跳过样本|Skip sample: WJ23A (输出文件已存在|output file exists: output/01_kmer_counts/WJ23A_k31.bin, 21223.04M)
2026-01-17 13:24:41.449 - INFO - 跳过样本|Skip sample: WJ5A (输出文件已存在|output file exists: output/01_kmer_counts/WJ5A_k31.bin, 21444.66M)
2026-01-17 13:24:41.449 - INFO - 跳过样本|Skip sample: WJ44A (输出文件已存在|output file exists: output/01_kmer_counts/WJ44A_k31.bin, 17719.91M)
2026-01-17 13:24:41.450 - INFO - 跳过样本|Skip sample: WJ31A (输出文件已存在|output file exists: output/01_kmer_counts/WJ31A_k31.bin, 21717.85M)
2026-01-17 13:24:41.450 - INFO - 处理批次|Processing batch 31/46: 4 个样本|samples
2026-01-17 13:24:41.450 - INFO - 跳过样本|Skip sample: WJ28A (输出文件已存在|output file exists: output/01_kmer_counts/WJ28A_k31.bin, 21100.32M)
2026-01-17 13:24:41.450 - INFO - 跳过样本|Skip sample: SDW064A (输出文件已存在|output file exists: output/01_kmer_counts/SDW064A_k31.bin, 17579.98M)
2026-01-17 13:24:41.450 - INFO - 跳过样本|Skip sample: WJ9A (输出文件已存在|output file exists: output/01_kmer_counts/WJ9A_k31.bin, 21609.71M)
2026-01-17 13:24:41.450 - INFO - 跳过样本|Skip sample: WJ110A (输出文件已存在|output file exists: output/01_kmer_counts/WJ110A_k31.bin, 19525.41M)
2026-01-17 13:24:41.450 - INFO - 处理批次|Processing batch 32/46: 4 个样本|samples
2026-01-17 13:24:41.451 - INFO - 跳过样本|Skip sample: WJ11-1A (输出文件已存在|output file exists: output/01_kmer_counts/WJ11-1A_k31.bin, 20447.43M)
2026-01-17 13:24:41.451 - INFO - 跳过样本|Skip sample: WJ32A (输出文件已存在|output file exists: output/01_kmer_counts/WJ32A_k31.bin, 21908.14M)
2026-01-17 13:24:41.451 - INFO - 跳过样本|Skip sample: WJ36A (输出文件已存在|output file exists: output/01_kmer_counts/WJ36A_k31.bin, 21407.83M)
2026-01-17 13:24:41.451 - INFO - 跳过样本|Skip sample: WJ84A (输出文件已存在|output file exists: output/01_kmer_counts/WJ84A_k31.bin, 18575.80M)
2026-01-17 13:24:41.451 - INFO - 处理批次|Processing batch 33/46: 4 个样本|samples
2026-01-17 13:24:41.451 - INFO - 跳过样本|Skip sample: WJ19A (输出文件已存在|output file exists: output/01_kmer_counts/WJ19A_k31.bin, 20715.10M)
2026-01-17 13:24:41.452 - INFO - 跳过样本|Skip sample: WJ88A (输出文件已存在|output file exists: output/01_kmer_counts/WJ88A_k31.bin, 18431.00M)
2026-01-17 13:24:41.452 - INFO - 跳过样本|Skip sample: WJ33A (输出文件已存在|output file exists: output/01_kmer_counts/WJ33A_k31.bin, 22547.09M)
2026-01-17 13:24:41.452 - INFO - 跳过样本|Skip sample: WJ78A (输出文件已存在|output file exists: output/01_kmer_counts/WJ78A_k31.bin, 18837.50M)
2026-01-17 13:24:41.452 - INFO - 处理批次|Processing batch 34/46: 4 个样本|samples
2026-01-17 13:24:41.452 - INFO - 跳过样本|Skip sample: WJ56A (输出文件已存在|output file exists: output/01_kmer_counts/WJ56A_k31.bin, 18830.74M)
2026-01-17 13:24:41.452 - INFO - 跳过样本|Skip sample: WJ92-2A (输出文件已存在|output file exists: output/01_kmer_counts/WJ92-2A_k31.bin, 19120.26M)
2026-01-17 13:24:41.453 - INFO - 跳过样本|Skip sample: WJ46A (输出文件已存在|output file exists: output/01_kmer_counts/WJ46A_k31.bin, 18798.26M)
2026-01-17 13:24:41.453 - INFO - 跳过样本|Skip sample: WJ66A (输出文件已存在|output file exists: output/01_kmer_counts/WJ66A_k31.bin, 19448.82M)
2026-01-17 13:24:41.453 - INFO - 处理批次|Processing batch 35/46: 4 个样本|samples
2026-01-17 13:24:41.453 - INFO - 跳过样本|Skip sample: WJ100A (输出文件已存在|output file exists: output/01_kmer_counts/WJ100A_k31.bin, 18626.87M)
2026-01-17 13:24:41.453 - INFO - 跳过样本|Skip sample: WJ52A (输出文件已存在|output file exists: output/01_kmer_counts/WJ52A_k31.bin, 19409.39M)
2026-01-17 13:24:41.453 - INFO - 跳过样本|Skip sample: WJ49A (输出文件已存在|output file exists: output/01_kmer_counts/WJ49A_k31.bin, 19844.01M)
2026-01-17 13:24:41.454 - INFO - 跳过样本|Skip sample: WJ58A (输出文件已存在|output file exists: output/01_kmer_counts/WJ58A_k31.bin, 9262.66M)
2026-01-17 13:24:41.454 - INFO - 处理批次|Processing batch 36/46: 4 个样本|samples
2026-01-17 13:24:41.454 - INFO - 跳过样本|Skip sample: WK085-1A (输出文件已存在|output file exists: output/01_kmer_counts/WK085-1A_k31.bin, 19887.18M)
2026-01-17 13:24:41.454 - INFO - 跳过样本|Skip sample: WK018A (输出文件已存在|output file exists: output/01_kmer_counts/WK018A_k31.bin, 19322.28M)
2026-01-17 13:24:41.454 - INFO - 跳过样本|Skip sample: WK38A (输出文件已存在|output file exists: output/01_kmer_counts/WK38A_k31.bin, 21109.14M)
2026-01-17 13:24:41.454 - INFO - 跳过样本|Skip sample: WK002A (输出文件已存在|output file exists: output/01_kmer_counts/WK002A_k31.bin, 20461.85M)
2026-01-17 13:24:41.454 - INFO - 处理批次|Processing batch 37/46: 4 个样本|samples
2026-01-17 13:24:41.455 - INFO - 跳过样本|Skip sample: WK003A (输出文件已存在|output file exists: output/01_kmer_counts/WK003A_k31.bin, 20663.06M)
2026-01-17 13:24:41.455 - INFO - 跳过样本|Skip sample: WK42A (输出文件已存在|output file exists: output/01_kmer_counts/WK42A_k31.bin, 9101.57M)
2026-01-17 13:24:41.455 - INFO - 跳过样本|Skip sample: WJ45A (输出文件已存在|output file exists: output/01_kmer_counts/WJ45A_k31.bin, 19045.57M)
2026-01-17 13:24:41.455 - INFO - 跳过样本|Skip sample: WK057A (输出文件已存在|output file exists: output/01_kmer_counts/WK057A_k31.bin, 19603.08M)
2026-01-17 13:24:41.455 - INFO - 处理批次|Processing batch 38/46: 4 个样本|samples
2026-01-17 13:24:41.455 - INFO - 跳过样本|Skip sample: WK084-2A (输出文件已存在|output file exists: output/01_kmer_counts/WK084-2A_k31.bin, 20956.66M)
2026-01-17 13:24:41.456 - INFO - 跳过样本|Skip sample: WK084-1A (输出文件已存在|output file exists: output/01_kmer_counts/WK084-1A_k31.bin, 18180.38M)
2026-01-17 13:24:41.456 - INFO - 跳过样本|Skip sample: SDW073-2A (输出文件已存在|output file exists: output/01_kmer_counts/SDW073-2A_k31.bin, 15582.56M)
2026-01-17 13:24:41.456 - INFO - 跳过样本|Skip sample: GDW87A (输出文件已存在|output file exists: output/01_kmer_counts/GDW87A_k31.bin, 17721.68M)
2026-01-17 13:24:41.456 - INFO - 处理批次|Processing batch 39/46: 4 个样本|samples
2026-01-17 13:24:41.456 - INFO - 跳过样本|Skip sample: DB65A (输出文件已存在|output file exists: output/01_kmer_counts/DB65A_k31.bin, 20049.47M)
2026-01-17 13:24:41.456 - INFO - 跳过样本|Skip sample: DB103A (输出文件已存在|output file exists: output/01_kmer_counts/DB103A_k31.bin, 20754.18M)
2026-01-17 13:24:41.457 - INFO - 跳过样本|Skip sample: DB45A (输出文件已存在|output file exists: output/01_kmer_counts/DB45A_k31.bin, 18349.35M)
2026-01-17 13:24:41.457 - INFO - 跳过样本|Skip sample: DB27A (输出文件已存在|output file exists: output/01_kmer_counts/DB27A_k31.bin, 20367.07M)
2026-01-17 13:24:41.457 - INFO - 处理批次|Processing batch 40/46: 4 个样本|samples
2026-01-17 13:24:41.457 - INFO - 跳过样本|Skip sample: DB61A (输出文件已存在|output file exists: output/01_kmer_counts/DB61A_k31.bin, 19418.27M)
2026-01-17 13:24:41.457 - INFO - 跳过样本|Skip sample: DB95A (输出文件已存在|output file exists: output/01_kmer_counts/DB95A_k31.bin, 20138.68M)
2026-01-17 13:24:41.457 - INFO - 跳过样本|Skip sample: DB97A (输出文件已存在|output file exists: output/01_kmer_counts/DB97A_k31.bin, 18373.84M)
2026-01-17 13:24:41.458 - INFO - 跳过样本|Skip sample: DB41A (输出文件已存在|output file exists: output/01_kmer_counts/DB41A_k31.bin, 18251.10M)
2026-01-17 13:24:41.458 - INFO - 处理批次|Processing batch 41/46: 4 个样本|samples
2026-01-17 13:24:41.458 - INFO - 跳过样本|Skip sample: DB40A (输出文件已存在|output file exists: output/01_kmer_counts/DB40A_k31.bin, 24661.49M)
2026-01-17 13:24:41.458 - INFO - 跳过样本|Skip sample: DB104A (输出文件已存在|output file exists: output/01_kmer_counts/DB104A_k31.bin, 15415.24M)
2026-01-17 13:24:41.458 - INFO - 跳过样本|Skip sample: DB93A (输出文件已存在|output file exists: output/01_kmer_counts/DB93A_k31.bin, 27480.26M)
2026-01-17 13:24:41.458 - INFO - 跳过样本|Skip sample: DB107A (输出文件已存在|output file exists: output/01_kmer_counts/DB107A_k31.bin, 19848.36M)
2026-01-17 13:24:41.458 - INFO - 处理批次|Processing batch 42/46: 4 个样本|samples
2026-01-17 13:24:41.459 - INFO - 跳过样本|Skip sample: DB30A (输出文件已存在|output file exists: output/01_kmer_counts/DB30A_k31.bin, 19506.42M)
2026-01-17 13:24:41.459 - INFO - 跳过样本|Skip sample: WJ51A (输出文件已存在|output file exists: output/01_kmer_counts/WJ51A_k31.bin, 20285.73M)
2026-01-17 13:24:41.459 - INFO - 跳过样本|Skip sample: DB57A (输出文件已存在|output file exists: output/01_kmer_counts/DB57A_k31.bin, 20933.24M)
2026-01-17 13:24:41.459 - INFO - 跳过样本|Skip sample: DB67A (输出文件已存在|output file exists: output/01_kmer_counts/DB67A_k31.bin, 21240.66M)
2026-01-17 13:24:41.459 - INFO - 处理批次|Processing batch 43/46: 4 个样本|samples
2026-01-17 13:24:41.459 - INFO - 跳过样本|Skip sample: DB75A (输出文件已存在|output file exists: output/01_kmer_counts/DB75A_k31.bin, 26325.32M)
2026-01-17 13:24:41.460 - INFO - 跳过样本|Skip sample: DB79A (输出文件已存在|output file exists: output/01_kmer_counts/DB79A_k31.bin, 19592.54M)
2026-01-17 13:24:41.460 - INFO - 跳过样本|Skip sample: DB76A (输出文件已存在|output file exists: output/01_kmer_counts/DB76A_k31.bin, 18283.86M)
2026-01-17 13:24:41.460 - INFO - 跳过样本|Skip sample: DB68A (输出文件已存在|output file exists: output/01_kmer_counts/DB68A_k31.bin, 20809.42M)
2026-01-17 13:24:41.460 - INFO - 处理批次|Processing batch 44/46: 4 个样本|samples
2026-01-17 13:24:41.460 - INFO - 跳过样本|Skip sample: DB74A (输出文件已存在|output file exists: output/01_kmer_counts/DB74A_k31.bin, 17512.36M)
2026-01-17 13:24:41.460 - INFO - 跳过样本|Skip sample: DB72A (输出文件已存在|output file exists: output/01_kmer_counts/DB72A_k31.bin, 20703.71M)
2026-01-17 13:24:41.461 - INFO - 跳过样本|Skip sample: DB22A (输出文件已存在|output file exists: output/01_kmer_counts/DB22A_k31.bin, 19651.40M)
2026-01-17 13:24:41.461 - INFO - 跳过样本|Skip sample: DB53A (输出文件已存在|output file exists: output/01_kmer_counts/DB53A_k31.bin, 20005.93M)
2026-01-17 13:24:41.461 - INFO - 处理批次|Processing batch 45/46: 4 个样本|samples
2026-01-17 13:24:41.461 - INFO - 跳过样本|Skip sample: DB63A (输出文件已存在|output file exists: output/01_kmer_counts/DB63A_k31.bin, 16526.70M)
2026-01-17 13:24:41.461 - INFO - 跳过样本|Skip sample: DB106A (输出文件已存在|output file exists: output/01_kmer_counts/DB106A_k31.bin, 20765.53M)
2026-01-17 13:24:41.461 - INFO - 跳过样本|Skip sample: DB102A (输出文件已存在|output file exists: output/01_kmer_counts/DB102A_k31.bin, 20541.09M)
2026-01-17 13:24:41.462 - INFO - 跳过样本|Skip sample: DB89A (输出文件已存在|output file exists: output/01_kmer_counts/DB89A_k31.bin, 18798.38M)
2026-01-17 13:24:41.462 - INFO - 处理批次|Processing batch 46/46: 1 个样本|samples
2026-01-17 13:24:41.462 - INFO - 跳过样本|Skip sample: DB8A (输出文件已存在|output file exists: output/01_kmer_counts/DB8A_k31.bin, 21334.13M)
2026-01-17 13:24:41.462 - INFO - k-mer计数完成|K-mer counting completed
2026-01-17 13:24:41.462 - INFO - 成功|Success: 181/181
2026-01-17 13:24:41.462 - INFO - 步骤count完成|Step count completed
2026-01-17 13:24:41.462 - INFO - ============================================================
2026-01-17 13:24:41.462 - INFO - 执行步骤|Executing step: KCTM
2026-01-17 13:24:41.462 - INFO - ============================================================
2026-01-17 13:24:42.789 - INFO - 跳过矩阵构建|Skip matrix construction (输出文件已存在|output files exist: 7473 files, 1954867.47M)
2026-01-17 13:24:42.789 - INFO - 步骤kctm完成|Step kctm completed
2026-01-17 13:24:42.789 - INFO - ============================================================
2026-01-17 13:24:42.789 - INFO - 执行步骤|Executing step: FILTER
2026-01-17 13:24:42.789 - INFO - ============================================================
2026-01-17 13:24:44.127 - INFO - 跳过矩阵过滤|Skip matrix filtering (输出文件已存在|output files exist: 7474 files, 30947.97M)
2026-01-17 13:24:44.127 - INFO - 步骤filter完成|Step filter completed
2026-01-17 13:24:44.127 - INFO - ============================================================
2026-01-17 13:24:44.127 - INFO - 执行步骤|Executing step: M2B
2026-01-17 13:24:44.127 - INFO - ============================================================
2026-01-17 13:24:45.466 - INFO - 跳过格式转换|Skip format conversion (输出文件已存在|output files exist: 7473 files, 8612.29M)
2026-01-17 13:24:45.467 - INFO - 步骤m2b完成|Step m2b completed
2026-01-17 13:24:45.467 - INFO - ============================================================
2026-01-17 13:24:45.467 - INFO - 执行步骤|Executing step: ASSO
2026-01-17 13:24:45.467 - INFO - ============================================================
2026-01-17 13:24:45.467 - INFO - 开始k-mer关联分析|Starting k-mer association analysis
2026-01-17 13:24:48.666 - INFO - 跳过关联分析|Skip association analysis (输出文件已存在|output files exist: 14946 files, 3731.39M)
2026-01-17 13:24:48.666 - INFO - 步骤asso完成|Step asso completed
2026-01-17 13:24:48.666 - INFO - 
2026-01-17 13:24:48.666 - INFO - ============================================================
2026-01-17 13:24:48.666 - INFO - 执行质控统计|Executing QC statistics
2026-01-17 13:24:48.666 - INFO - ============================================================
2026-01-17 13:24:48.666 - INFO - 开始质控统计|Starting QC statistics
2026-01-17 13:24:48.682 - INFO - k-mer文件数|K-mer file count: 181
2026-01-17 13:24:48.682 - INFO - 总大小|Total size: 2897853.52M bytes
2026-01-17 13:24:48.771 - INFO - QC报告已保存|QC report saved: output/06_qc_reports/qc_report.json
2026-01-17 13:24:48.771 - INFO - 
2026-01-17 13:24:48.771 - INFO - ============================================================
2026-01-17 13:24:48.771 - INFO - 执行Post-GWAS分析|Executing Post-GWAS analysis
2026-01-17 13:24:48.771 - INFO - ============================================================
2026-01-17 13:24:48.771 - INFO - 开始Post-GWAS分析|Starting Post-GWAS analysis
2026-01-17 13:24:48.796 - INFO - 找到|Found 7473 个关联结果文件|association result files
2026-01-17 13:24:48.807 - INFO - 输出目录|Output directory: output/07_post_gwas_bwa
2026-01-17 13:24:48.807 - INFO - 比对工具|Alignment tool: bwa
2026-01-17 13:24:48.807 - INFO - 合并|Merging 7473 个关联结果文件|association result files
2026-01-17 13:26:57.799 - INFO - 合并完成|Merge completed
2026-01-17 13:27:05.235 - INFO - 总k-mer数|Total k-mers: 77.37M
2026-01-17 13:27:05.235 - INFO - 阈值设置|Threshold settings:
2026-01-17 13:27:05.235 - INFO -   严格阈值|Strict threshold: 1e-05
2026-01-17 13:27:05.235 - INFO -   Bonferroni校正阈值|Bonferroni threshold: 6.462301633512173e-10
2026-01-17 13:27:05.235 - INFO - 创建所有k-mer的FASTA文件|Creating FASTA file for all k-mers
2026-01-17 13:28:47.487 - INFO - 创建了|Created 77.37M 个k-mer记录|k-mer records
2026-01-17 13:28:47.487 - INFO - k-mer映射文件|K-mer mapping file: output/07_post_gwas_bwa/all_kmers.mapping.txt
2026-01-17 13:28:47.487 - INFO - 使用BWA进行k-mer比对|Using BWA for k-mer alignment
2026-01-17 13:28:47.487 - INFO - BWA参数|BWA parameters: -k 9 -T 10 -a
2026-01-17 13:28:47.487 - INFO - 智能过滤阈值|Smart filtering threshold: AS_ratio = 0.95
2026-01-17 13:28:47.487 - INFO - 运行BWA比对|Running BWA alignment
2026-01-17 13:28:47.487 - INFO - 这可能需要较长时间...|This may take a while...
2026-01-17 13:28:47.488 - INFO - 创建BWA索引|Creating BWA index for /share/org/YZWL/yzwl_lixg/project/21.野生大豆群体/05.所有样品/19.第一批369个有表型的样品去冗余做kmer-GWAS-分级作为表型/genome.fa
2026-01-17 13:28:47.488 - INFO - 这可能需要几分钟...|This may take a few minutes...
2026-01-17 13:28:47.488 - INFO - 创建BWA索引|Creating BWA index|创建BWA索引|Creating BWA index
2026-01-17 13:42:08.947 - INFO - BWA索引创建完成|BWA index created: /share/org/YZWL/yzwl_lixg/project/21.野生大豆群体/05.所有样品/19.第一批369个有表型的样品去冗余做kmer-GWAS-分级作为表型/genome
2026-01-17 13:42:08.947 - ERROR - 执行出错|Execution error: CommandRunner.run_command() got an unexpected keyword argument 'output_file'
2026-01-17 13:42:08.992 - ERROR - Traceback (most recent call last):
  File "/share/org/YZWL/yzwl_lixg/software/biopytools/biopytools/kmeria/main.py", line 80, in run
    return self._run_pipeline(logger)
  File "/share/org/YZWL/yzwl_lixg/software/biopytools/biopytools/kmeria/main.py", line 111, in _run_pipeline
    return processor.run()
  File "/share/org/YZWL/yzwl_lixg/software/biopytools/biopytools/kmeria/processors/pipeline.py", line 77, in run
    self._run_post_gwas()
  File "/share/org/YZWL/yzwl_lixg/software/biopytools/biopytools/kmeria/processors/pipeline.py", line 200, in _run_post_gwas
    return post_gwas_processor.run()
  File "/share/org/YZWL/yzwl_lixg/software/biopytools/biopytools/kmeria/processors/post_gwas.py", line 89, in run
    if not self._run_bwa_alignment(kmer_fasta, alignment_result):
  File "/share/org/YZWL/yzwl_lixg/software/biopytools/biopytools/kmeria/processors/post_gwas.py", line 350, in _run_bwa_alignment
    success, _ = self.cmd_runner.run_command(
TypeError: CommandRunner.run_command() got an unexpected keyword argument 'output_file'

