2026-02-06 16:52:41.486 - WARNING - 命令错误输出|Command stderr:
-- canu master +27 changes (r10515 2a41e933b8de6ed66723d75d36dd071b46d2c347)
--
-- CITATIONS
--
-- For assemblies of PacBio HiFi reads:
--   Nurk S, Walenz BP, Rhiea A, Vollger MR, Logsdon GA, Grothe R, Miga KH, Eichler EE, Phillippy AM, Koren S.
--   HiCanu: accurate assembly of segmental duplications, satellites, and allelic variants from high-fidelity long reads.
--   biorXiv. 2020.
--   https://doi.org/10.1101/2020.03.14.992248
-- 
-- Read and contig alignments during correction and consensus use:
--   Šošic M, Šikic M.
--   Edlib: a C/C ++ library for fast, exact sequence alignment using edit distance.
--   Bioinformatics. 2017 May 1;33(9):1394-1395.
--   http://doi.org/10.1093/bioinformatics/btw753
-- 
-- Overlaps are generated using:
--   Berlin K, et al.
--   Assembling large genomes with single-molecule sequencing and locality-sensitive hashing.
--   Nat Biotechnol. 2015 Jun;33(6):623-30.
--   http://doi.org/10.1038/nbt.3238
-- 
--   Myers EW, et al.
--   A Whole-Genome Assembly of Drosophila.
--   Science. 2000 Mar 24;287(5461):2196-204.
--   http://doi.org/10.1126/science.287.5461.2196
-- 
-- Contig consensus sequences are generated using an algorithm derived from pbdagcon:
--   Chin CS, et al.
--   Nonhybrid, finished microbial genome assemblies from long-read SMRT sequencing data.
--   Nat Methods. 2013 Jun;10(6):563-9
--   http://doi.org/10.1038/nmeth.2474
-- 
-- CONFIGURE CANU
--
-- Detected Java(TM) Runtime Environment '17.0.15-internal' (from '/share/org/YZWL/yzwl_lixg/.local/bin/java') without -d64 support.
--
-- WARNING:
-- WARNING:  Failed to run gnuplot using command 'gnuplot'.
-- WARNING:  Plots will be disabled.
-- WARNING:
--
-- Detected samtools version '1.22' / htslib version 'htscodecs=1.6.3' (from 'samtools').
--
-- Detected 88 CPUs and 1007 gigabytes of memory on the local machine.
--
-- Detected Slurm with 'sinfo' binary in /opt/skyformai/bin/sinfo.
--          Slurm disabled by useGrid=false
--
-- Detected  '' with 'pbsnodes' binary in /opt/skyformai/bin/pbsnodes.
--           disabled by useGrid=false
--
-- Detected LSF with 'bsub' binary in /opt/skyformai/bin/bsub.
--          LSF disabled by useGrid=false
--
-- Local machine mode enabled; grid support not detected or not allowed.
--
-- Found trimmed raw PacBio HiFi reads in the input files.
--
--                                (tag)Concurrency
--                         (tag)Threads          |
--                (tag)Memory         |          |
--        (tag)             |         |          |       total usage      algorithm
--        -------  ----------  --------   --------  --------------------  -----------------------------
-- Local: meryl     24.000 GB    8 CPUs x  11 jobs   264.000 GB  88 CPUs  (k-mer counting)
-- Local: cormhap   13.000 GB   11 CPUs x   8 jobs   104.000 GB  88 CPUs  (overlap detection with mhap)
-- Local: obtovl     8.000 GB    8 CPUs x  11 jobs    88.000 GB  88 CPUs  (overlap detection)
-- Local: utgovl     8.000 GB    8 CPUs x  11 jobs    88.000 GB  88 CPUs  (overlap detection)
-- Local: cor        -.--- GB    4 CPUs x   - jobs     -.--- GB   - CPUs  (read correction)
-- Local: ovb        4.000 GB    1 CPU  x  88 jobs   352.000 GB  88 CPUs  (overlap store bucketizer)
-- Local: ovs        8.000 GB    1 CPU  x  88 jobs   704.000 GB  88 CPUs  (overlap store sorting)
-- Local: red       16.000 GB    4 CPUs x  22 jobs   352.000 GB  88 CPUs  (read error detection)
-- Local: oea        8.000 GB    1 CPU  x  88 jobs   704.000 GB  88 CPUs  (overlap error adjustment)
-- Local: bat       32.000 GB    8 CPUs x   1 job     32.000 GB   8 CPUs  (contig construction with bogart)
-- Local: cns        -.--- GB    8 CPUs x   - jobs     -.--- GB   - CPUs  (consensus)
--
-- Generating assembly '68_1' in '/share/org/YZWL/yzwl_lixg/project/18.小花糖芥/13.68-1基因组/04.hicanu/68_1/01.raw_output':
--   genomeSize:
--     180000000
--
--   Overlap Generation Limits:
--     corOvlErrorRate 0.0000 (  0.00%)
--     obtOvlErrorRate 0.0250 (  2.50%)
--     utgOvlErrorRate 0.0100 (  1.00%)
--
--   Overlap Processing Limits:
--     corErrorRate    0.0000 (  0.00%)
--     obtErrorRate    0.0250 (  2.50%)
--     utgErrorRate    0.0003 (  0.03%)
--     cnsErrorRate    0.0500 (  5.00%)
--
--   Stages to run:
--     assemble HiFi reads.
--
--
-- BEGIN STORE CREATION
----------------------------------------
-- Starting command on Fri Feb  6 08:22:55 2026 with 4038628.515 GB free disk space

    cd .
    ./68_1.seqStore.sh \
    > ./68_1.seqStore.err 2>&1

-- Finished on Fri Feb  6 08:59:20 2026 (2185 seconds) with 4035309.828 GB free disk space
----------------------------------------
--
-- In sequence store './68_1.seqStore':
--   Found 475164 reads.
--   Found 9000031786 bases (50 times coverage).
--    Histogram of corrected reads:
--    
--    G=9000031786                       sum of  ||               length     num
--    NG         length     index       lengths  ||                range    seqs
--    ----- ------------ --------- ------------  ||  ------------------- -------
--    00010        29196     27542    900011133  ||       1418-2972           84|-
--    00020        25704     60556   1800010506  ||       2973-4527           94|-
--    00030        23316     97384   2700011262  ||       4528-6082          125|-
--    00040        21405    137701   3600032288  ||       6083-7637          222|-
--    00050        19726    181519   4500032670  ||       7638-9192          411|-
--    00060        18163    229068   5400021127  ||       9193-10747        5705|-------
--    00070        16635    280826   6300036930  ||      10748-12302       29778|---------------------------------
--    00080        15074    337620   7200027534  ||      12303-13857       55307|------------------------------------------------------------
--    00090        13393    400844   8100036940  ||      13858-15412       58424|---------------------------------------------------------------
--    00100         1418    475164   9000031786  ||      15413-16967       55711|-------------------------------------------------------------
--    001.000x              475164   9000031786  ||      16968-18522       51669|--------------------------------------------------------
--                                               ||      18523-20077       45859|--------------------------------------------------
--                                               ||      20078-21632       39343|-------------------------------------------
--                                               ||      21633-23187       32559|------------------------------------
--                                               ||      23188-24742       26100|-----------------------------
--                                               ||      24743-26297       20376|----------------------
--                                               ||      26298-27852       15717|-----------------
--                                               ||      27853-29407       11553|-------------
--                                               ||      29408-30962        8516|----------
--                                               ||      30963-32517        6067|-------
--                                               ||      32518-34072        4203|-----
--                                               ||      34073-35627        2898|----
--                                               ||      35628-37182        1897|---
--                                               ||      37183-38737        1224|--
--                                               ||      38738-40292         694|-
--                                               ||      40293-41847         383|-
--                                               ||      41848-43402         141|-
--                                               ||      43403-44957          61|-
--                                               ||      44958-46512          21|-
--                                               ||      46513-48067          12|-
--                                               ||      48068-49622           4|-
--                                               ||      49623-51177           0|
--                                               ||      51178-52732           2|-
--                                               ||      52733-54287           1|-
--                                               ||      54288-55842           0|
--                                               ||      55843-57397           1|-
--                                               ||      57398-58952           1|-
--                                               ||      58953-60507           0|
--                                               ||      60508-62062           0|
--                                               ||      62063-63617           1|-
--    
--
-- In sequence store './68_1.seqStore':
--   Found 475164 reads.
--   Found 9000031786 bases (50 times coverage).
--    Histogram of corrected-trimmed reads:
--    
--    G=9000031786                       sum of  ||               length     num
--    NG         length     index       lengths  ||                range    seqs
--    ----- ------------ --------- ------------  ||  ------------------- -------
--    00010        29196     27542    900011133  ||       1418-2972           84|-
--    00020        25704     60556   1800010506  ||       2973-4527           94|-
--    00030        23316     97384   2700011262  ||       4528-6082          125|-
--    00040        21405    137701   3600032288  ||       6083-7637          222|-
--    00050        19726    181519   4500032670  ||       7638-9192          411|-
--    00060        18163    229068   5400021127  ||       9193-10747        5705|-------
--    00070        16635    280826   6300036930  ||      10748-12302       29778|---------------------------------
--    00080        15074    337620   7200027534  ||      12303-13857       55307|------------------------------------------------------------
--    00090        13393    400844   8100036940  ||      13858-15412       58424|---------------------------------------------------------------
--    00100         1418    475164   9000031786  ||      15413-16967       55711|-------------------------------------------------------------
--    001.000x              475164   9000031786  ||      16968-18522       51669|--------------------------------------------------------
--                                               ||      18523-20077       45859|--------------------------------------------------
--                                               ||      20078-21632       39343|-------------------------------------------
--                                               ||      21633-23187       32559|------------------------------------
--                                               ||      23188-24742       26100|-----------------------------
--                                               ||      24743-26297       20376|----------------------
--                                               ||      26298-27852       15717|-----------------
--                                               ||      27853-29407       11553|-------------
--                                               ||      29408-30962        8516|----------
--                                               ||      30963-32517        6067|-------
--                                               ||      32518-34072        4203|-----
--                                               ||      34073-35627        2898|----
--                                               ||      35628-37182        1897|---
--                                               ||      37183-38737        1224|--
--                                               ||      38738-40292         694|-
--                                               ||      40293-41847         383|-
--                                               ||      41848-43402         141|-
--                                               ||      43403-44957          61|-
--                                               ||      44958-46512          21|-
--                                               ||      46513-48067          12|-
--                                               ||      48068-49622           4|-
--                                               ||      49623-51177           0|
--                                               ||      51178-52732           2|-
--                                               ||      52733-54287           1|-
--                                               ||      54288-55842           0|
--                                               ||      55843-57397           1|-
--                                               ||      57398-58952           1|-
--                                               ||      58953-60507           0|
--                                               ||      60508-62062           0|
--                                               ||      62063-63617           1|-
--    
--
-- Correction skipped; not enabled.
--
-- Trimming skipped; not enabled.
--
-- BEGIN ASSEMBLY
----------------------------------------
-- Starting command on Fri Feb  6 08:59:21 2026 with 4035309.781 GB free disk space

    cd unitigging/0-mercounts
    ./meryl-configure.sh \
    > ./meryl-configure.err 2>&1

-- Finished on Fri Feb  6 08:59:23 2026 (2 seconds) with 4035309.781 GB free disk space
----------------------------------------
--  segments   memory batches
--  -------- -------- -------
--        01 19.83 GB       2
--        02 10.47 GB       2
--        04  5.66 GB       2
--        06  3.90 GB       2
--        08  2.84 GB       2
--        12  2.06 GB       2
--        16  1.55 GB       2
--        20  1.24 GB       2
--        24  1.03 GB       2
--        32  0.78 GB       2
--        40  0.62 GB       2
--        48  0.52 GB       2
--        56  0.45 GB       2
--        64  0.39 GB       2
--        96  -.-- GB       -  (segment size too small)
--
--  For 475164 reads with 9000031786 bases, limit to 90 batches.
--  Will count kmers using 01 jobs, each using 21 GB and 8 threads.
--
-- Finished stage 'merylConfigure', reset canuIteration.
--
-- Running jobs.  First attempt out of 2.
----------------------------------------
-- Starting 'meryl' concurrent execution on Fri Feb  6 08:59:23 2026 with 4035309.75 GB free disk space (1 processes; 11 concurrently)

    cd unitigging/0-mercounts
    ./meryl-count.sh 1 > ./meryl-count.000001.out 2>&1

-- Finished on Fri Feb  6 09:03:11 2026 (228 seconds) with 4034920.921 GB free disk space
----------------------------------------
-- Found 1 Kmer counting (meryl) outputs.
-- Finished stage 'utg-merylCountCheck', reset canuIteration.
--
-- Running jobs.  First attempt out of 2.
----------------------------------------
-- Starting 'meryl' concurrent execution on Fri Feb  6 09:03:11 2026 with 4034920.875 GB free disk space (1 processes; 11 concurrently)

    cd unitigging/0-mercounts
    ./meryl-process.sh 1 > ./meryl-process.000001.out 2>&1

-- Finished on Fri Feb  6 09:03:16 2026 (5 seconds) with 4034921.265 GB free disk space
----------------------------------------
-- Meryl finished successfully.  Kmer frequency histogram:
--
-- WARNING: gnuplot failed.
--
----------------------------------------
--
--  22-mers                                                                                           Fraction
--    Occurrences   NumMers                                                                         Unique Total
--       1-     1         0                                                                        0.0000 0.0000
--       2-     2   2794140 ****                                                                   0.0307 0.0009
--       3-     4    738506 *                                                                      0.0364 0.0012
--       5-     7    233098                                                                        0.0400 0.0014
--       8-    11     88244                                                                        0.0417 0.0016
--      12-    16     74267                                                                        0.0424 0.0017
--      17-    22    266525                                                                        0.0433 0.0019
--      23-    29   2574003 ****                                                                   0.0472 0.0031
--      30-    37  18225713 ********************************                                       0.0851 0.0188
--      38-    46  39559298 ********************************************************************** 0.3191 0.1408
--      47-    56  18355016 ********************************                                       0.7467 0.4111
--      57-    67   1853987 ***                                                                    0.9148 0.5376
--      68-    79   1284221 **                                                                     0.9308 0.5521
--      80-    92   1885946 ***                                                                    0.9459 0.5688
--      93-   106    757462 *                                                                      0.9660 0.5945
--     107-   121    375946                                                                        0.9735 0.6054
--     122-   137    403683                                                                        0.9777 0.6125
--     138-   154    208616                                                                        0.9820 0.6208
--     155-   172    182387                                                                        0.9842 0.6255
--     173-   191    139503                                                                        0.9862 0.6304
--     192-   211    105752                                                                        0.9877 0.6344
--     212-   232     90764                                                                        0.9888 0.6378
--     233-   254     72521                                                                        0.9898 0.6410
--     255-   277     60596                                                                        0.9906 0.6439
--     278-   301     52482                                                                        0.9912 0.6465
--     302-   326     69797                                                                        0.9918 0.6489
--     327-   352     79236                                                                        0.9926 0.6526
--     353-   379     71338                                                                        0.9935 0.6569
--     380-   407     57776                                                                        0.9942 0.6611
--     408-   436     44930                                                                        0.9949 0.6647
--     437-   466     51874                                                                        0.9954 0.6679
--     467-   497     35373                                                                        0.9959 0.6716
--     498-   529     17291                                                                        0.9963 0.6743
--     530-   562     15821                                                                        0.9965 0.6758
--     563-   596     19668                                                                        0.9967 0.6772
--     597-   631     11932                                                                        0.9969 0.6790
--     632-   667     11084                                                                        0.9970 0.6802
--     668-   704     10906                                                                        0.9971 0.6813
--     705-   742      9417                                                                        0.9972 0.6825
--     743-   781     11253                                                                        0.9974 0.6837
--     782-   821      8083                                                                        0.9975 0.6850
--
--           0 (max occurrences)
--  6172777427 (total mers, non-unique)
--    91130696 (distinct mers, non-unique)
--           0 (unique mers)
-- Finished stage 'meryl-process', reset canuIteration.
--
-- Removing meryl database 'unitigging/0-mercounts/68_1.ms22'.
--
-- OVERLAPPER (normal) (assembly) erate=0.01
--
----------------------------------------
-- Starting command on Fri Feb  6 09:03:16 2026 with 4034921.25 GB free disk space

    cd unitigging/1-overlapper
    /share/org/YZWL/yzwl_lixg/miniforge3/envs/canu_v.2.3/bin/overlapInCorePartition \
     -S  ../../68_1.seqStore \
     -hl 160000000 \
     -rl 5000000000 \
     -ol 500 \
     -o  ./68_1.partition \
    > ./68_1.partition.err 2>&1

-- Finished on Fri Feb  6 09:03:16 2026 (furiously fast) with 4034921.234 GB free disk space
----------------------------------------
--
-- Configured 47 overlapInCore jobs.
-- Finished stage 'utg-overlapConfigure', reset canuIteration.
--
-- Running jobs.  First attempt out of 2.
----------------------------------------
-- Starting 'utgovl' concurrent execution on Fri Feb  6 09:03:16 2026 with 4034921.187 GB free disk space (47 processes; 11 concurrently)

    cd unitigging/1-overlapper
    ./overlap.sh 1 > ./overlap.000001.out 2>&1
    ./overlap.sh 2 > ./overlap.000002.out 2>&1
    ./overlap.sh 3 > ./overlap.000003.out 2>&1
    ./overlap.sh 4 > ./overlap.000004.out 2>&1
    ./overlap.sh 5 > ./overlap.000005.out 2>&1
    ./overlap.sh 6 > ./overlap.000006.out 2>&1
    ./overlap.sh 7 > ./overlap.000007.out 2>&1
    ./overlap.sh 8 > ./overlap.000008.out 2>&1
    ./overlap.sh 9 > ./overlap.000009.out 2>&1
    ./overlap.sh 10 > ./overlap.000010.out 2>&1
    ./overlap.sh 11 > ./overlap.000011.out 2>&1
    ./overlap.sh 12 > ./overlap.000012.out 2>&1
    ./overlap.sh 13 > ./overlap.000013.out 2>&1
    ./overlap.sh 14 > ./overlap.000014.out 2>&1
    ./overlap.sh 15 > ./overlap.000015.out 2>&1
    ./overlap.sh 16 > ./overlap.000016.out 2>&1
    ./overlap.sh 17 > ./overlap.000017.out 2>&1
    ./overlap.sh 18 > ./overlap.000018.out 2>&1
    ./overlap.sh 19 > ./overlap.000019.out 2>&1
    ./overlap.sh 20 > ./overlap.000020.out 2>&1
    ./overlap.sh 21 > ./overlap.000021.out 2>&1
    ./overlap.sh 22 > ./overlap.000022.out 2>&1
    ./overlap.sh 23 > ./overlap.000023.out 2>&1
    ./overlap.sh 24 > ./overlap.000024.out 2>&1
    ./overlap.sh 25 > ./overlap.000025.out 2>&1
    ./overlap.sh 26 > ./overlap.000026.out 2>&1
    ./overlap.sh 27 > ./overlap.000027.out 2>&1
    ./overlap.sh 28 > ./overlap.000028.out 2>&1
    ./overlap.sh 29 > ./overlap.000029.out 2>&1
    ./overlap.sh 30 > ./overlap.000030.out 2>&1
    ./overlap.sh 31 > ./overlap.000031.out 2>&1
    ./overlap.sh 32 > ./overlap.000032.out 2>&1
    ./overlap.sh 33 > ./overlap.000033.out 2>&1
    ./overlap.sh 34 > ./overlap.000034.out 2>&1
    ./overlap.sh 35 > ./overlap.000035.out 2>&1
    ./overlap.sh 36 > ./overlap.000036.out 2>&1
    ./overlap.sh 37 > ./overlap.000037.out 2>&1
    ./overlap.sh 38 > ./overlap.000038.out 2>&1
    ./overlap.sh 39 > ./overlap.000039.out 2>&1
    ./overlap.sh 40 > ./overlap.000040.out 2>&1
    ./overlap.sh 41 > ./overlap.000041.out 2>&1
    ./overlap.sh 42 > ./overlap.000042.out 2>&1
    ./overlap.sh 43 > ./overlap.000043.out 2>&1
    ./overlap.sh 44 > ./overlap.000044.out 2>&1
    ./overlap.sh 45 > ./overlap.000045.out 2>&1
    ./overlap.sh 46 > ./overlap.000046.out 2>&1
    ./overlap.sh 47 > ./overlap.000047.out 2>&1

-- Finished on Fri Feb  6 10:57:27 2026 (6851 seconds) with 4022192.484 GB free disk space
----------------------------------------
-- Found 47 overlapInCore output files.
--
-- overlapInCore compute 'unitigging/1-overlapper':
--   kmer hits
--     with no overlap      12690928737  760.361702 +- 185021356.645
--     with an overlap        297730821  8.31914894 +- 5194163.988
--
--   overlaps                 297730821  8.31914894 +- 5194163.988
--     contained               65039956  8.85106383 +- 1121793.274
--     dovetail               232690865  9.46808511 +- 4073300.169
--
--   overlaps rejected
--     multiple per pair              0           0 +- 0
--     bad short window               0           0 +- 0
--     bad long window                0           0 +- 0
-- Finished stage 'utg-overlapCheck', reset canuIteration.
----------------------------------------
-- Starting command on Fri Feb  6 10:57:27 2026 with 4022192.468 GB free disk space

    cd unitigging
    /share/org/YZWL/yzwl_lixg/miniforge3/envs/canu_v.2.3/bin/ovStoreConfig \
     -S ../68_1.seqStore \
     -M 4-8 \
     -L ./1-overlapper/ovljob.files \
     -create ./68_1.ovlStore.config \
     > ./68_1.ovlStore.config.txt \
    2> ./68_1.ovlStore.config.err

-- Finished on Fri Feb  6 10:57:30 2026 (3 seconds) with 4022192.453 GB free disk space
----------------------------------------
--
-- Creating overlap store unitigging/68_1.ovlStore using:
--      2 buckets
--      2 slices
--        using at most 8 GB memory each
-- Finished stage 'utg-overlapStoreConfigure', reset canuIteration.
--
-- Running jobs.  First attempt out of 2.
----------------------------------------
-- Starting 'ovB' concurrent execution on Fri Feb  6 10:57:30 2026 with 4022192.421 GB free disk space (2 processes; 88 concurrently)

    cd unitigging/68_1.ovlStore.BUILDING
    ./scripts/1-bucketize.sh 1 > ./logs/1-bucketize.000001.out 2>&1
    ./scripts/1-bucketize.sh 2 > ./logs/1-bucketize.000002.out 2>&1

-- Finished on Fri Feb  6 10:58:15 2026 (45 seconds) with 4022161.359 GB free disk space
----------------------------------------
-- Overlap store bucketizer finished.
-- Finished stage 'utg-overlapStoreBucketizerCheck', reset canuIteration.
--
-- Running jobs.  First attempt out of 2.
----------------------------------------
-- Starting 'ovS' concurrent execution on Fri Feb  6 10:58:15 2026 with 4022161.328 GB free disk space (2 processes; 88 concurrently)

    cd unitigging/68_1.ovlStore.BUILDING
    ./scripts/2-sort.sh 1 > ./logs/2-sort.000001.out 2>&1
    ./scripts/2-sort.sh 2 > ./logs/2-sort.000002.out 2>&1

-- Finished on Fri Feb  6 10:59:22 2026 (67 seconds) with 4022035.468 GB free disk space
----------------------------------------
-- Overlap store sorter finished.
-- Finished stage 'utg-overlapStoreSorterCheck', reset canuIteration.
----------------------------------------
-- Starting command on Fri Feb  6 10:59:22 2026 with 4022036.468 GB free disk space

    cd unitigging
    /share/org/YZWL/yzwl_lixg/miniforge3/envs/canu_v.2.3/bin/ovStoreIndexer \
      -O  ./68_1.ovlStore.BUILDING \
      -S ../68_1.seqStore \
      -C  ./68_1.ovlStore.config \
      -delete \
    > ./68_1.ovlStore.BUILDING.index.err 2>&1

-- Finished on Fri Feb  6 10:59:23 2026 (one second) with 4022035.812 GB free disk space
----------------------------------------
-- Overlap store indexer finished.
-- Checking store.
----------------------------------------
-- Starting command on Fri Feb  6 10:59:23 2026 with 4022035.812 GB free disk space

    cd unitigging
    /share/org/YZWL/yzwl_lixg/miniforge3/envs/canu_v.2.3/bin/ovStoreDump \
     -S ../68_1.seqStore \
     -O  ./68_1.ovlStore \
     -counts \
     > ./68_1.ovlStore/counts.dat 2> ./68_1.ovlStore/counts.err

-- Finished on Fri Feb  6 10:59:24 2026 (one second) with 4022035.734 GB free disk space
----------------------------------------
--
-- Overlap store 'unitigging/68_1.ovlStore' successfully constructed.
-- Found 595461642 overlaps for 454299 reads; 7159175 reads have no overlaps.
--
--
-- Purged 6.255 GB in 141 overlap output files.
----------------------------------------
-- Starting command on Fri Feb  6 10:59:27 2026 with 4022041.515 GB free disk space

    cd unitigging
    /share/org/YZWL/yzwl_lixg/miniforge3/envs/canu_v.2.3/bin/ovStoreStats \
     -C 50 \
     -S ../68_1.seqStore \
     -O  ./68_1.ovlStore \
     -o  ./68_1.ovlStore \
     > ./68_1.ovlStore.summary.err 2>&1

-- Finished on Fri Feb  6 11:01:02 2026 (95 seconds) with 4021756.39 GB free disk space
----------------------------------------
--
-- Overlap store 'unitigging/68_1.ovlStore' contains:
--
--   category            reads     %          read length        feature size or coverage  analysis
--   ----------------  -------  -------  ----------------------  ------------------------  --------------------
--   middle-missing        816    0.17    15405.42 +- 5752.45        810.66 +- 1556.21    (bad trimming)
--   middle-hump            93    0.02    15937.25 +- 3681.96       5512.49 +- 3604.66    (bad trimming)
--   no-5-prime           1593    0.34    13072.38 +- 3910.04       2711.44 +- 3425.86    (bad trimming)
--   no-3-prime           1835    0.39    12619.98 +- 4088.17       2762.20 +- 3304.22    (bad trimming)
--   
--   low-coverage         4907    1.03    11500.39 +- 3098.03          5.56 +- 3.65       (easy to assemble, potential for lower quality consensus)
--   unique             355253   74.76    13202.31 +- 3929.55         41.79 +- 8.49       (easy to assemble, perfect, yay)
--   repeat-cont         61912   13.03    12882.54 +- 3774.76       5230.41 +- 3274.52    (potential for consensus errors, no impact on assembly)
--   repeat-dove           321    0.07    24511.61 +- 3073.71       1777.50 +- 2830.03    (hard to assemble, likely won't assemble correctly or even at all)
--   
--   span-repeat          7282    1.53    14019.08 +- 4170.63       3897.79 +- 4132.61    (read spans a large repeat, usually easy to assemble)
--   uniq-repeat-cont    14745    3.10    12977.00 +- 3527.61                             (should be uniquely placed, low potential for consensus errors, no impact on assembly)
--   uniq-repeat-dove     2217    0.47    18306.50 +- 4636.05                             (will end contigs, potential to misassemble)
--   uniq-anchor          3325    0.70    14300.22 +- 4272.91       7166.25 +- 4803.18    (repeat read, with unique section, probable bad read)
-- Finished stage 'utg-createOverlapStore', reset canuIteration.
--
-- Loading read lengths.
-- Loading number of overlaps per read.
--
-- Configure RED for 16gb memory.
--                   Batches of at most (unlimited) reads.
--                                      500000000 bases.
--                   Expecting evidence of at most 536870912 bases per iteration.
--
--           Total                                               Reads                 Olaps Evidence
--    Job   Memory      Read Range         Reads        Bases   Memory        Olaps   Memory   Memory  (Memory in MB)
--   ---- -------- ------------------- --------- ------------ -------- ------------ -------- --------
--      1 16384.94         1-86990          5400    108713817 13270.90      3673833    42.04  1024.00
--      2 16384.18     86991-182368         5892    108098360 13195.79     10170232   116.39  1024.00
--      3 16384.88    182369-272065         5579    108743213 13274.49      3354286    38.39  1024.00
--      4 16384.24    272066-359498         5432    108380840 13230.25      7163818    81.98  1024.00
--      5 16385.38    359499-448705         5593    108651827 13263.34      4372997    50.04  1024.00
--      6 16385.62    448706-542946         5842    108268369 13216.54      8483159    97.08  1024.00
--      7 16385.44    542947-641626         6300    107635211 13139.26     15220186   174.18  1024.00
--      8 16386.26    641627-734267         5775    108739230 13274.01      3516998    40.25  1024.00
--      9 16384.01    734268-821606         5368    108629772 13260.64      4488418    51.37  1024.00
--     10 16384.19    821607-911343         5557    108502426 13245.10      5862735    67.09  1024.00
--     11 16384.03    911344-1002309        5731    108500660 13244.89      5867103    67.14  1024.00
--     12 16385.41   1002310-1098450        6047    107935136 13175.87     12018939   137.55  1024.00
--     13 16385.51   1098451-1196502        6104    108112986 13197.58     10130668   115.94  1024.00
--     14 16386.11   1196503-1283859        5352    108674959 13266.15      4190248    47.95  1024.00
--     15 16384.09   1283860-1374283        5517    108752614 13275.64      3185100    36.45  1024.00
--     16 16384.44   1374284-1464542        5623    108373863 13229.41      7255165    83.03  1024.00
--     17 16384.80   1464543-1562130        5995    108198074 13207.96      9161259   104.84  1024.00
--     18 16384.38   1562131-1661706        6267    107750541 13153.34     13896953   159.04  1024.00
--     19 16384.19   1661707-1749028        5519    108996579 13305.42       591682     6.77  1024.00
--     20 16386.57   1749029-1835436        5430    108420090 13235.05      6949035    79.53  1024.00
--     21 16385.32   1835437-1926641        5551    108699256 13269.13      3861518    44.19  1024.00
--     22 16385.29   1926642-2020642        5837    108504380 13245.35      5937227    67.95  1024.00
--     23 16384.09   2020643-2117921        6188    107415361 13112.42     17447280   199.67  1024.00
--     24 16386.88   2117922-2211760        5822    108737513 13273.81      3589176    41.07  1024.00
--     25 16386.64   2211761-2298200        5379    108652206 13263.38      4479733    51.27  1024.00
--     26 16386.16   2298201-2388077        5574    108756152 13276.07      3327995    38.09  1024.00
--     27 16385.46   2388078-2477651        5711    108248778 13214.14      8678562    99.32  1024.00
--     28 16385.68   2477652-2574007        6030    108169141 13204.43      9546243   109.25  1024.00
--     29 16384.66   2574008-2673962        6135    107926146 13174.77     12048996   137.89  1024.00
--     30 16384.81   2673963-2759813        5424    108624601 13260.01      4614031    52.80  1024.00
--     31 16386.59   2759814-2847763        5447    108765308 13277.19      3268745    37.41  1024.00
--     32 16384.54   2847764-2937823        5597    108370786 13229.03      7297451    83.51  1024.00
--     33 16384.90   2937824-3031852        5905    108387388 13231.07      7150781    81.83  1024.00
--     34 16384.68   3031853-3133624        6354    107634555 13139.18     15160341   173.50  1024.00
--     35 16386.54   3133625-3223438        5568    108980423 13303.45       969385    11.09  1024.00
--     36 16384.08   3223439-3309838        5357    108382704 13230.48      7130569    81.60  1024.00
--     37 16387.55   3309839-3400279        5519    108734462 13273.42      3680822    42.12  1024.00
--     38 16384.49   3400280-3490724        5800    108419620 13235.00      6771368    77.49  1024.00
--     39 16385.25   3490725-3589036        6069    107841353 13164.42     13005201   148.83  1024.00
--     40 16386.60   3589037-3685602        6045    108326795 13223.68      7945179    90.93  1024.00
--     41 16387.07   3685603-3771822        5394    108640574 13261.96      4641021    53.11  1024.00
--     42 16386.00   3771823-3858785        5484    108740985 13274.22      3475789    39.78  1024.00
--     43 16385.96   3858786-3949123        5662    108373683 13229.39      7390365    84.58  1024.00
--     44 16384.62   3949124-4043460        5950    108157979 13203.07      9573290   109.56  1024.00
--     45 16385.79   4043461-4144203        6264    107731743 13151.04     14221227   162.75  1024.00
--     46 16385.27   4144204-4231444        5450    109002391 13306.13       624407     7.15  1024.00
--     47 16384.44   4231445-4318319        5437    108389899 13231.36      7084959    81.08  1024.00
--     48 16387.14   4318320-4408518        5626    108692170 13268.26      4096367    46.88  1024.00
--     49 16384.10   4408519-4501902        5865    108117716 13198.15      9956896   113.95  1024.00
--     50 16384.39   4501903-4603936        6332    107629496 13138.57     15189160   173.83  1024.00
--     51 16384.06   4603937-4692180        5612    108909349 13294.77      1510550    17.29  1024.00
--     52 16385.27   4692181-4777602        5322    108626527 13260.24      4633420    53.03  1024.00
--     53 16386.63   4777603-4864697        5507    108744404 13274.64      3494958    40.00  1024.00
--     54 16385.04   4864698-4956344        5663    108272486 13217.03      8389325    96.01  1024.00
--     55 16385.20   4956345-5054194        6018    108039779 13188.64     10884590   124.56  1024.00
--     56 16386.01   5054195-5149414        6062    108040667 13188.75     10945481   125.26  1024.00
--     57 16386.27   5149415-5234076        5369    108608927 13258.09      4909029    56.18  1024.00
--     58 16385.03   5234077-5321420        5434    108768112 13277.53      3102340    35.50  1024.00
--     59 16385.00   5321421-5408766        5557    108324900 13223.43      7827202    89.58  1024.00
--     60 16384.87   5408767-5503354        5793    108335428 13224.72      7702246    88.15  1024.00
--     61 16385.68   5503355-5604500        6284    107646411 13140.63     15121630   173.05  1024.00
--     62 16385.54   5604501-5689781        5470    109008953 13306.93       577882     6.61  1024.00
--     63 16384.67   5689782-5774429        5336    108341726 13225.48      7619318    87.20  1024.00
--     64 16385.59   5774430-5862610        5533    108685630 13267.46      4030419    46.12  1024.00
--     65 16385.57   5862611-5954495        5737    108428675 13236.10      6769307    77.47  1024.00
--     66 16386.02   5954496-6050472        5991    107807713 13160.31     13431465   153.71  1024.00
--     67 16384.26   6050473-6146401        5915    108414082 13234.33      6810206    77.94  1024.00
--     68 16384.46   6146402-6229836        5299    108614625 13258.79      4689924    53.67  1024.00
--     69 16386.05   6229837-6316361        5439    108738369 13273.90      3508766    40.15  1024.00
--     70 16385.02   6316362-6405256        5586    108389806 13231.35      7136458    81.67  1024.00
--     71 16386.18   6405257-6500930        5920    108136053 13200.39      9943255   113.79  1024.00
--     72 16385.54   6500931-6601261        6127    107866343 13167.47     12763597   146.07  1024.00
--     73 16385.34   6601262-6687261        5456    108924527 13296.62      1460826    16.72  1024.00
--     74 16385.34   6687262-6771227        5379    108376297 13229.70      7308481    83.64  1024.00
--     75 16384.58   6771228-6861751        5591    108671182 13265.70      4096146    46.88  1024.00
--     76 16384.38   6861752-6954645        5774    108314443 13222.16      7883509    90.22  1024.00
--     77 16387.42   6954646-7053790        6203    107624140 13137.91     15511635   177.52  1024.00
--     78 16384.96   7053791-7144778        5700    108727318 13272.56      3530170    40.40  1024.00
--     79 16384.78   7144779-7231811        5373    108596928 13256.63      4906429    56.15  1024.00
--     80 16384.36   7231812-7321468        5533    108584117 13255.07      5006339    57.29  1024.00
--     81 16384.59   7321469-7415757        5739    108479229 13242.27      6144113    70.31  1024.00
--     82 16385.88   7415758-7512530        6048    108011841 13185.23     11241217   128.65  1024.00
--     83 16385.32   7512531-7610049        6084    108046192 13189.42     10826491   123.90  1024.00
--     84  3535.52   7610050-7613474         211      3794476   463.20        28020     0.32  1024.00
--   ---- -------- ------------------- --------- ------------ -------- ------------ -------- --------
--                                                 9000031786             595461642
-- Finished stage 'readErrorDetectionConfigure', reset canuIteration.
--
-- Running jobs.  First attempt out of 2.
----------------------------------------
-- Starting 'red' concurrent execution on Fri Feb  6 11:01:31 2026 with 4021746.093 GB free disk space (84 processes; 22 concurrently)

    cd unitigging/3-overlapErrorAdjustment
    ./red.sh 1 > ./red.000001.out 2>&1
    ./red.sh 2 > ./red.000002.out 2>&1
    ./red.sh 3 > ./red.000003.out 2>&1
    ./red.sh 4 > ./red.000004.out 2>&1
    ./red.sh 5 > ./red.000005.out 2>&1
    ./red.sh 6 > ./red.000006.out 2>&1
    ./red.sh 7 > ./red.000007.out 2>&1
    ./red.sh 8 > ./red.000008.out 2>&1
    ./red.sh 9 > ./red.000009.out 2>&1
    ./red.sh 10 > ./red.000010.out 2>&1
    ./red.sh 11 > ./red.000011.out 2>&1
    ./red.sh 12 > ./red.000012.out 2>&1
    ./red.sh 13 > ./red.000013.out 2>&1
    ./red.sh 14 > ./red.000014.out 2>&1
    ./red.sh 15 > ./red.000015.out 2>&1
    ./red.sh 16 > ./red.000016.out 2>&1
    ./red.sh 17 > ./red.000017.out 2>&1
    ./red.sh 18 > ./red.000018.out 2>&1
    ./red.sh 19 > ./red.000019.out 2>&1
    ./red.sh 20 > ./red.000020.out 2>&1
    ./red.sh 21 > ./red.000021.out 2>&1
    ./red.sh 22 > ./red.000022.out 2>&1
    ./red.sh 23 > ./red.000023.out 2>&1
    ./red.sh 24 > ./red.000024.out 2>&1
    ./red.sh 25 > ./red.000025.out 2>&1
    ./red.sh 26 > ./red.000026.out 2>&1
    ./red.sh 27 > ./red.000027.out 2>&1
    ./red.sh 28 > ./red.000028.out 2>&1
    ./red.sh 29 > ./red.000029.out 2>&1
    ./red.sh 30 > ./red.000030.out 2>&1
    ./red.sh 31 > ./red.000031.out 2>&1
    ./red.sh 32 > ./red.000032.out 2>&1
    ./red.sh 33 > ./red.000033.out 2>&1
    ./red.sh 34 > ./red.000034.out 2>&1
    ./red.sh 35 > ./red.000035.out 2>&1
    ./red.sh 36 > ./red.000036.out 2>&1
    ./red.sh 37 > ./red.000037.out 2>&1
    ./red.sh 38 > ./red.000038.out 2>&1
    ./red.sh 39 > ./red.000039.out 2>&1
    ./red.sh 40 > ./red.000040.out 2>&1
    ./red.sh 41 > ./red.000041.out 2>&1
    ./red.sh 42 > ./red.000042.out 2>&1
    ./red.sh 43 > ./red.000043.out 2>&1
    ./red.sh 44 > ./red.000044.out 2>&1
    ./red.sh 45 > ./red.000045.out 2>&1
    ./red.sh 46 > ./red.000046.out 2>&1
    ./red.sh 47 > ./red.000047.out 2>&1
    ./red.sh 48 > ./red.000048.out 2>&1
    ./red.sh 49 > ./red.000049.out 2>&1
    ./red.sh 50 > ./red.000050.out 2>&1
    ./red.sh 51 > ./red.000051.out 2>&1
    ./red.sh 52 > ./red.000052.out 2>&1
    ./red.sh 53 > ./red.000053.out 2>&1
    ./red.sh 54 > ./red.000054.out 2>&1
    ./red.sh 55 > ./red.000055.out 2>&1
    ./red.sh 56 > ./red.000056.out 2>&1
    ./red.sh 57 > ./red.000057.out 2>&1
    ./red.sh 58 > ./red.000058.out 2>&1
    ./red.sh 59 > ./red.000059.out 2>&1
    ./red.sh 60 > ./red.000060.out 2>&1
    ./red.sh 61 > ./red.000061.out 2>&1
    ./red.sh 62 > ./red.000062.out 2>&1
    ./red.sh 63 > ./red.000063.out 2>&1
    ./red.sh 64 > ./red.000064.out 2>&1
    ./red.sh 65 > ./red.000065.out 2>&1
    ./red.sh 66 > ./red.000066.out 2>&1
    ./red.sh 67 > ./red.000067.out 2>&1
    ./red.sh 68 > ./red.000068.out 2>&1
    ./red.sh 69 > ./red.000069.out 2>&1
    ./red.sh 70 > ./red.000070.out 2>&1
    ./red.sh 71 > ./red.000071.out 2>&1
    ./red.sh 72 > ./red.000072.out 2>&1
    ./red.sh 73 > ./red.000073.out 2>&1
    ./red.sh 74 > ./red.000074.out 2>&1
    ./red.sh 75 > ./red.000075.out 2>&1
    ./red.sh 76 > ./red.000076.out 2>&1
    ./red.sh 77 > ./red.000077.out 2>&1
    ./red.sh 78 > ./red.000078.out 2>&1
    ./red.sh 79 > ./red.000079.out 2>&1
    ./red.sh 80 > ./red.000080.out 2>&1
    ./red.sh 81 > ./red.000081.out 2>&1
    ./red.sh 82 > ./red.000082.out 2>&1
    ./red.sh 83 > ./red.000083.out 2>&1
    ./red.sh 84 > ./red.000084.out 2>&1

-- Finished on Fri Feb  6 12:24:54 2026 (5003 seconds) with 4009871.703 GB free disk space
----------------------------------------
-- Found 84 read error detection output files.
-- Finished stage 'readErrorDetectionCheck', reset canuIteration.
--
-- Loading read lengths.
-- Loading number of overlaps per read.
--
-- Configure OEA for 8gb memory.
--                   Batches of at most (unlimited) reads.
--                                      300000000 bases.
--
--           Total                                               Reads                 Olaps  Adjusts
--    Job   Memory      Read Range         Reads        Bases   Memory        Olaps   Memory   Memory  (Memory in MB)
--   ---- -------- ------------------- --------- ------------ -------- ------------ -------- --------
--      1  3367.82         1-251682        15598    300005794   294.58     17055358   520.49   504.75
--      2  3322.05    251683-498063        15365    300009030   294.58     15555697   474.72   504.75
--      3  3565.97    498064-760454        16454    300010027   294.61     23547391   718.61   504.75
--      4  3346.06    760455-1008999       15451    300004762   294.58     16342322   498.73   504.75
--      5  3638.62   1009000-1269679       16246    300010707   294.61     25928103   791.26   504.75
--      6  3249.68   1269680-1522961       15599    300004868   294.58     13184175   402.35   504.75
--      7  3603.82   1522962-1781301       16177    300031379   294.63     24787221   756.45   504.75
--      8  3370.69   1781302-2032703       15589    300008581   294.59     17149295   523.35   504.75
--      9  3494.88   2032704-2290589       16125    300014970   294.61     21218087   647.52   504.75
--     10  3421.68   2290590-2540260       15760    300014123   294.60     18819929   574.34   504.75
--     11  3451.85   2540261-2799149       15996    300007429   294.60     19808502   604.51   504.75
--     12  3463.52   2799150-3051938       15877    300009542   294.60     20190922   616.18   504.75
--     13  3471.88   3051939-3307716       15850    300001863   294.59     20464900   624.54   504.75
--     14  3394.98   3307717-3563934       15946    300014274   294.60     17944662   547.63   504.75
--     15  3497.75   3563935-3816660       15788    300008837   294.59     21312467   650.40   504.75
--     16  3479.30   3816661-4072207       16098    300016488   294.61     20707532   631.94   504.75
--     17  3411.34   4072208-4322760       15632    300008251   294.59     18481288   564.00   504.75
--     18  3572.65   4322761-4583988       16316    300002200   294.60     23766700   725.30   504.75
--     19  3296.04   4583989-4828134       15363    300007493   294.58     14703479   448.71   504.75
--     20  3684.94   4828135-5089994       16311    300016901   294.62     27445754   837.58   504.75
--     21  3190.46   5089995-5331927       15208    300013738   294.58     11243721   343.13   504.75
--     22  3766.50   5331928-5594863       16390    300013853   294.62     30118213   919.13   504.75
--     23  3124.14   5594864-5832819       15023    300030799   294.59      9070173   276.80   504.75
--     24  3772.16   5832820-6095835       16407    300009971   294.61     30303777   924.80   504.75
--     25  3112.40   6095836-6333434       14949    300025899   294.58      8685652   265.07   504.75
--     26  3752.65   6333435-6598012       16380    300002439   294.60     29664901   905.30   504.75
--     27  3224.21   6598013-6836720       15047    300022612   294.58     12349671   376.88   504.75
--     28  3676.47   6836721-7099948       16477    300003417   294.61     27168377   829.11   504.75
--     29  3214.72   7099949-7345556       15146    300015448   294.58     12038770   367.39   504.75
--     30  3652.86   7345557-7613474       16596    299686091   294.31     26404603   805.80   504.75
--   ---- -------- ------------------- --------- ------------ -------- ------------ -------- --------
--                                                 9000031786             595461642
-- Finished stage 'overlapErrorAdjustmentConfigure', reset canuIteration.
--
-- Running jobs.  First attempt out of 2.
----------------------------------------
-- Starting 'oea' concurrent execution on Fri Feb  6 12:25:30 2026 with 4009772.375 GB free disk space (30 processes; 88 concurrently)

    cd unitigging/3-overlapErrorAdjustment
    ./oea.sh 1 > ./oea.000001.out 2>&1
    ./oea.sh 2 > ./oea.000002.out 2>&1
    ./oea.sh 3 > ./oea.000003.out 2>&1
    ./oea.sh 4 > ./oea.000004.out 2>&1
    ./oea.sh 5 > ./oea.000005.out 2>&1
    ./oea.sh 6 > ./oea.000006.out 2>&1
    ./oea.sh 7 > ./oea.000007.out 2>&1
    ./oea.sh 8 > ./oea.000008.out 2>&1
    ./oea.sh 9 > ./oea.000009.out 2>&1
    ./oea.sh 10 > ./oea.000010.out 2>&1
    ./oea.sh 11 > ./oea.000011.out 2>&1
    ./oea.sh 12 > ./oea.000012.out 2>&1
    ./oea.sh 13 > ./oea.000013.out 2>&1
    ./oea.sh 14 > ./oea.000014.out 2>&1
    ./oea.sh 15 > ./oea.000015.out 2>&1
    ./oea.sh 16 > ./oea.000016.out 2>&1
    ./oea.sh 17 > ./oea.000017.out 2>&1
    ./oea.sh 18 > ./oea.000018.out 2>&1
    ./oea.sh 19 > ./oea.000019.out 2>&1
    ./oea.sh 20 > ./oea.000020.out 2>&1
    ./oea.sh 21 > ./oea.000021.out 2>&1
    ./oea.sh 22 > ./oea.000022.out 2>&1
    ./oea.sh 23 > ./oea.000023.out 2>&1
    ./oea.sh 24 > ./oea.000024.out 2>&1
    ./oea.sh 25 > ./oea.000025.out 2>&1
    ./oea.sh 26 > ./oea.000026.out 2>&1
    ./oea.sh 27 > ./oea.000027.out 2>&1
    ./oea.sh 28 > ./oea.000028.out 2>&1
    ./oea.sh 29 > ./oea.000029.out 2>&1
    ./oea.sh 30 > ./oea.000030.out 2>&1

-- Finished on Fri Feb  6 15:36:51 2026 (11481 seconds, like watching paint dry) with 3984107.421 GB free disk space
----------------------------------------
-- Found 30 overlap error adjustment output files.
-- Finished stage 'overlapErrorAdjustmentCheck', reset canuIteration.
----------------------------------------
-- Starting command on Fri Feb  6 15:36:51 2026 with 3984107.406 GB free disk space

    cd unitigging/3-overlapErrorAdjustment
    /share/org/YZWL/yzwl_lixg/miniforge3/envs/canu_v.2.3/bin/loadErates \
      -S ../../68_1.seqStore \
      -O ../68_1.ovlStore \
      -L ./oea.files \
    > ./oea.apply.err 2>&1

-- Finished on Fri Feb  6 15:36:52 2026 (one second) with 3984107.812 GB free disk space
----------------------------------------
-- No report available.
-- Finished stage 'updateOverlapStore', reset canuIteration.
-- Finished stage 'unitig', reset canuIteration.
--
-- Running jobs.  First attempt out of 2.
----------------------------------------
-- Starting 'bat' concurrent execution on Fri Feb  6 15:36:52 2026 with 3984107.765 GB free disk space (1 processes; 1 concurrently)

    cd unitigging/4-unitigger
    ./unitigger.sh 1 > ./unitigger.000001.out 2>&1

-- Finished on Fri Feb  6 15:39:25 2026 (153 seconds) with 3983369.984 GB free disk space
----------------------------------------
-- Unitigger finished successfully.
--  
--  ERROR RATES
--  -----------
--                                                   --------threshold------
--  496556                       fraction error      fraction        percent
--  samples                              (1e-5)         error          error
--                   --------------------------      --------       --------
--  command line (-eg)                           ->     30.00        0.0300%
--  command line (-ef)                           ->  -----.--      ---.----%
--  command line (-eM)                           ->     30.00        0.0300%
--  mean + std.dev       0.67 +-  12 *     3.88  ->     47.18        0.0472%
--  median + mad         0.00 +-  12 *     0.00  ->      0.00        0.0000%
--  90th percentile                              ->      1.00        0.0010%  (enabled)
--  
--  BEST EDGE FILTERING
--  -------------------
--  At graph threshold 0.0300%, reads:
--    available to have edges:        89773
--    with at least one edge:         62145
--  
--  At max threshold 0.0300%, reads:
--    available to have edges:        89773
--    with at least one edge:         62145
--  
--  At tight threshold 0.0010%, reads with:
--    both edges below error threshold:     50563  (80.00% minReadsBest threshold = 49716)
--    one  edge  above error threshold:      9602
--    both edges above error threshold:      1980
--    at least one edge:                    62145
--  
--  At loose threshold 0.0300%, reads with:
--    both edges below error threshold:     62145  (80.00% minReadsBest threshold = 49716)
--    one  edge  above error threshold:         0
--    both edges above error threshold:         0
--    at least one edge:                    62145
--  
--  
--  INITIAL EDGES
--  -------- ----------------------------------------
--    368263 reads are contained
--   7200826 reads have no best edges (singleton)
--      1124 reads have only one best edge (spur) 
--                440 are mutual best
--     43261 reads have two best edges 
--                836 have one mutual best edge
--              42146 have two mutual best edges
--  
--  
--  FINAL EDGES
--  -------- ----------------------------------------
--    368263 reads are contained
--   7201694 reads have no best edges (singleton)
--       721 reads have only one best edge (spur) 
--                538 are mutual best
--     42796 reads have two best edges 
--                526 have one mutual best edge
--              42112 have two mutual best edges
--  
--  
--  EDGE FILTERING
--  -------- ------------------------------------------
--         0 reads are ignored
--     32686 reads have a gap in overlap coverage
--       141 reads have lopsided best edges
-- Found, in version 1, after unitig construction:
--   contigs:      97 sequences, total length 124655109 bp (including 82 repeats of total length 2047765 bp).
--   bubbles:      142 sequences, total length 3628458 bp.
--   unassembled:  59221 sequences, total length 756488213 bp.
--
-- Contig sizes based on genome size 180mbp:
--
--            NG (bp)  LG (contigs)    sum (bp)
--         ----------  ------------  ----------
--     10    16533934             2    34454766
--     20    16486774             3    50941540
--     30    14504125             4    65445665
--     40    13723158             5    79168823
--     50    11548901             6    90717724
--     60    10243072             8   111847352
--
-- Finished stage 'unitigCheck', reset canuIteration.
----------------------------------------
-- Starting command on Fri Feb  6 15:39:25 2026 with 3983369.968 GB free disk space

    cd unitigging
    /share/org/YZWL/yzwl_lixg/miniforge3/envs/canu_v.2.3/bin/utgcns \
      -S ../68_1.seqStore \
      -T  ./68_1.ctgStore 1 \
      -partition 0.8 1.5 0.1 \
    > ./68_1.ctgStore/partitioning.log 2>&1

-- Finished on Fri Feb  6 15:40:15 2026 (50 seconds) with 3983110.015 GB free disk space
----------------------------------------
-- Using slow alignment for consensus (iteration '0').
-- Configured 10 consensus jobs.
-- Finished stage 'consensusConfigure', reset canuIteration.
--
-- Local: cns       26.125 GB    8 CPUs x  11 jobs   287.375 GB  88 CPUs  (consensus)
--
--
-- Running jobs.  First attempt out of 2.
----------------------------------------
-- Starting 'cns' concurrent execution on Fri Feb  6 15:40:15 2026 with 3983109.984 GB free disk space (10 processes; 11 concurrently)

    cd unitigging/5-consensus
    ./consensus.sh 1 > ./consensus.000001.out 2>&1
    ./consensus.sh 2 > ./consensus.000002.out 2>&1
    ./consensus.sh 3 > ./consensus.000003.out 2>&1
    ./consensus.sh 4 > ./consensus.000004.out 2>&1
    ./consensus.sh 5 > ./consensus.000005.out 2>&1
    ./consensus.sh 6 > ./consensus.000006.out 2>&1
    ./consensus.sh 7 > ./consensus.000007.out 2>&1
    ./consensus.sh 8 > ./consensus.000008.out 2>&1
    ./consensus.sh 9 > ./consensus.000009.out 2>&1
    ./consensus.sh 10 > ./consensus.000010.out 2>&1

-- Finished on Fri Feb  6 15:59:14 2026 (1139 seconds) with 3973855.765 GB free disk space
----------------------------------------
-- Using slow alignment for consensus (iteration '1').
-- Configured 10 consensus jobs.
-- All 10 consensus jobs finished successfully.
-- Finished stage 'consensusCheck', reset canuIteration.
-- Using slow alignment for consensus (iteration '0').
-- Configured 10 consensus jobs.
----------------------------------------
-- Starting command on Fri Feb  6 15:59:14 2026 with 3973855.718 GB free disk space

    cd unitigging
    /share/org/YZWL/yzwl_lixg/miniforge3/envs/canu_v.2.3/bin/tgStoreLoad \
      -S ../68_1.seqStore \
      -T  ./68_1.ctgStore 2 \
      -L ./5-consensus/ctgcns.files \
    > ./5-consensus/ctgcns.files.ctgStoreLoad.err 2>&1

-- Finished on Fri Feb  6 15:59:23 2026 (9 seconds) with 3973751.406 GB free disk space
----------------------------------------
----------------------------------------
-- Starting command on Fri Feb  6 15:59:23 2026 with 3973751.406 GB free disk space

    cd unitigging
    /share/org/YZWL/yzwl_lixg/miniforge3/envs/canu_v.2.3/bin/tgTigDisplay \
      -S ../68_1.seqStore \
      -b \
      -o ../68_1.contigs.unsorted.bam \
      -L ./5-consensus/ctgcns.files \
    > ./5-consensus/ctgcns.files.contigs.bam.err 2>&1

-- Finished on Fri Feb  6 16:48:50 2026 (2967 seconds) with 3959035.39 GB free disk space
----------------------------------------
----------------------------------------
-- Starting command on Fri Feb  6 16:48:50 2026 with 3959035.39 GB free disk space

    cd .
    samtools sort \
      --write-index \
      --threads 2 \
      -o ./68_1.contigs.bam ./68_1.contigs.unsorted.bam \
    > ./ctgcns.bam.err 2>&1

-- Finished on Fri Feb  6 16:52:27 2026 (217 seconds) with 3957985.234 GB free disk space
----------------------------------------
-- Purging consensus output after loading to ctgStore.
-- Purged 10 .cns outputs.
----------------------------------------
-- Starting command on Fri Feb  6 16:52:27 2026 with 3957988.078 GB free disk space

    cd unitigging
    /share/org/YZWL/yzwl_lixg/miniforge3/envs/canu_v.2.3/bin/tgStoreDump \
      -S ../68_1.seqStore \
      -T ./68_1.ctgStore 2 \
      -sizes -s 180000000 \
    > ./68_1.ctgStore/seqDB.v002.sizes.txt
ZERO length suplied to intervalList::add(), ignoring interval.
ZERO length suplied to intervalList::add(), ignoring interval.
ZERO length suplied to intervalList::add(), ignoring interval.

-- Finished on Fri Feb  6 16:52:32 2026 (5 seconds) with 3957989.453 GB free disk space
----------------------------------------
-- Found, in version 2, after consensus generation:
--   contigs:      97 sequences, total length 179802578 bp (including 82 repeats of total length 2921097 bp).
--   bubbles:      142 sequences, total length 5214869 bp.
--   unassembled:  59221 sequences, total length 1098889056 bp.
--
-- Contig sizes based on genome size 180mbp:
--
--            NG (bp)  LG (contigs)    sum (bp)
--         ----------  ------------  ----------
--     10    25801270             1    25801270
--     20    23833094             2    49634364
--     30    23785845             3    73420209
--     40    23785845             3    73420209
--     50    20970625             4    94390834
--     60    19862348             5   114253182
--     70    16605726             6   130858908
--     80    15773589             7   146632497
--     90     4248539             9   165693469
--
-- Finished stage 'consensusLoad', reset canuIteration.
----------------------------------------
-- Starting command on Fri Feb  6 16:52:32 2026 with 3957989.437 GB free disk space

    cd .
    /share/org/YZWL/yzwl_lixg/miniforge3/envs/canu_v.2.3/bin/tgStoreDump \
      -S ./68_1.seqStore \
      -T ./unitigging/68_1.ctgStore 2 \
      -o ./68_1.contigs \
      -layout \
    > ./68_1.contigs.layout.err 2>&1

-- Finished on Fri Feb  6 16:52:33 2026 (one second) with 3957989.39 GB free disk space
----------------------------------------
----------------------------------------
-- Starting command on Fri Feb  6 16:52:33 2026 with 3957989.39 GB free disk space

    cd .
    /share/org/YZWL/yzwl_lixg/miniforge3/envs/canu_v.2.3/bin/tgStoreDump \
      -S ./68_1.seqStore \
      -T ./unitigging/68_1.ctgStore 2 \
      -consensus -fasta \
      -unassembled \
    > ./68_1.unassembled.fasta
    2> ./68_1.unassembled.err
ZERO length suplied to intervalList::add(), ignoring interval.
ZERO length suplied to intervalList::add(), ignoring interval.
ZERO length suplied to intervalList::add(), ignoring interval.

-- Finished on Fri Feb  6 16:52:39 2026 (6 seconds) with 3957988.343 GB free disk space
----------------------------------------
----------------------------------------
-- Starting command on Fri Feb  6 16:52:39 2026 with 3957988.343 GB free disk space

    cd .
    /share/org/YZWL/yzwl_lixg/miniforge3/envs/canu_v.2.3/bin/tgStoreDump \
      -S ./68_1.seqStore \
      -T ./unitigging/68_1.ctgStore 2 \
      -consensus -fasta \
      -contigs \
    > ./68_1.contigs.fasta
    2> ./68_1.contigs.err
ZERO length suplied to intervalList::add(), ignoring interval.
ZERO length suplied to intervalList::add(), ignoring interval.
ZERO length suplied to intervalList::add(), ignoring interval.

-- Finished on Fri Feb  6 16:52:41 2026 (2 seconds) with 3957988.156 GB free disk space
----------------------------------------
-- Finished stage 'generateOutputs', reset canuIteration.
--
-- Assembly '68_1' finished in '/share/org/YZWL/yzwl_lixg/project/18.小花糖芥/13.68-1基因组/04.hicanu/68_1/01.raw_output'.
--
-- Summary saved in '68_1.report'.
--
-- Sequences saved:
--   Contigs       -> '68_1.contigs.fasta'
--   Unassembled   -> '68_1.unassembled.fasta'
--
-- Read layouts saved:
--   Contigs       -> '68_1.contigs.layout'.
--
-- Bye.

Job 69283042 stderr output:

