2026-01-16 17:00:24.785 - WARNING - 命令错误输出|Command stderr:
-- canu master +27 changes (r10515 2a41e933b8de6ed66723d75d36dd071b46d2c347)
--
-- CITATIONS
--
-- For assemblies of PacBio HiFi reads:
--   Nurk S, Walenz BP, Rhiea A, Vollger MR, Logsdon GA, Grothe R, Miga KH, Eichler EE, Phillippy AM, Koren S.
--   HiCanu: accurate assembly of segmental duplications, satellites, and allelic variants from high-fidelity long reads.
--   biorXiv. 2020.
--   https://doi.org/10.1101/2020.03.14.992248
-- 
-- Read and contig alignments during correction and consensus use:
--   Šošic M, Šikic M.
--   Edlib: a C/C ++ library for fast, exact sequence alignment using edit distance.
--   Bioinformatics. 2017 May 1;33(9):1394-1395.
--   http://doi.org/10.1093/bioinformatics/btw753
-- 
-- Overlaps are generated using:
--   Berlin K, et al.
--   Assembling large genomes with single-molecule sequencing and locality-sensitive hashing.
--   Nat Biotechnol. 2015 Jun;33(6):623-30.
--   http://doi.org/10.1038/nbt.3238
-- 
--   Myers EW, et al.
--   A Whole-Genome Assembly of Drosophila.
--   Science. 2000 Mar 24;287(5461):2196-204.
--   http://doi.org/10.1126/science.287.5461.2196
-- 
-- Contig consensus sequences are generated using an algorithm derived from pbdagcon:
--   Chin CS, et al.
--   Nonhybrid, finished microbial genome assemblies from long-read SMRT sequencing data.
--   Nat Methods. 2013 Jun;10(6):563-9
--   http://doi.org/10.1038/nmeth.2474
-- 
-- CONFIGURE CANU
--
-- Detected Java(TM) Runtime Environment '25.0.1-internal' (from '/share/org/YZWL/yzwl_lixg/miniforge3/envs/telocomp/lib/jvm/bin/java') without -d64 support.
--
-- WARNING:
-- WARNING:  Failed to run gnuplot using command 'gnuplot'.
-- WARNING:  Plots will be disabled.
-- WARNING:
--
-- Detected samtools version '1.22' / htslib version 'htscodecs=1.6.3' (from 'samtools').
--
-- Detected 88 CPUs and 503 gigabytes of memory on the local machine.
--
-- Detected Slurm with 'sinfo' binary in /opt/skyformai/bin/sinfo.
--          Slurm disabled by useGrid=false
--
-- Detected  '' with 'pbsnodes' binary in /opt/skyformai/bin/pbsnodes.
--           disabled by useGrid=false
--
-- Detected LSF with 'bsub' binary in /opt/skyformai/bin/bsub.
--          LSF disabled by useGrid=false
--
-- Local machine mode enabled; grid support not detected or not allowed.
--
-- Found trimmed raw PacBio HiFi reads in the input files.
--
--                                (tag)Concurrency
--                         (tag)Threads          |
--                (tag)Memory         |          |
--        (tag)             |         |          |       total usage      algorithm
--        -------  ----------  --------   --------  --------------------  -----------------------------
-- Local: meryl     12.000 GB    4 CPUs x  22 jobs   264.000 GB  88 CPUs  (k-mer counting)
-- Local: cormhap   13.000 GB   11 CPUs x   8 jobs   104.000 GB  88 CPUs  (overlap detection with mhap)
-- Local: obtovl     8.000 GB    8 CPUs x  11 jobs    88.000 GB  88 CPUs  (overlap detection)
-- Local: utgovl     8.000 GB    8 CPUs x  11 jobs    88.000 GB  88 CPUs  (overlap detection)
-- Local: cor        -.--- GB    4 CPUs x   - jobs     -.--- GB   - CPUs  (read correction)
-- Local: ovb        4.000 GB    1 CPU  x  88 jobs   352.000 GB  88 CPUs  (overlap store bucketizer)
-- Local: ovs        8.000 GB    1 CPU  x  62 jobs   496.000 GB  62 CPUs  (overlap store sorting)
-- Local: red       16.000 GB    4 CPUs x  22 jobs   352.000 GB  88 CPUs  (read error detection)
-- Local: oea        8.000 GB    1 CPU  x  62 jobs   496.000 GB  62 CPUs  (overlap error adjustment)
-- Local: bat       32.000 GB    8 CPUs x   1 job     32.000 GB   8 CPUs  (contig construction with bogart)
-- Local: cns        -.--- GB    8 CPUs x   - jobs     -.--- GB   - CPUs  (consensus)
--
-- Generating assembly 'A2-5' in '/share/org/YZWL/yzwl_lixg/project/28.大豆疫霉菌三代基因组/03.hicanu/A2-5/01.raw_output':
--   genomeSize:
--     85000000
--
--   Overlap Generation Limits:
--     corOvlErrorRate 0.0000 (  0.00%)
--     obtOvlErrorRate 0.0250 (  2.50%)
--     utgOvlErrorRate 0.0100 (  1.00%)
--
--   Overlap Processing Limits:
--     corErrorRate    0.0000 (  0.00%)
--     obtErrorRate    0.0250 (  2.50%)
--     utgErrorRate    0.0003 (  0.03%)
--     cnsErrorRate    0.0500 (  5.00%)
--
--   Stages to run:
--     assemble HiFi reads.
--
--
-- BEGIN STORE CREATION
----------------------------------------
-- Starting command on Fri Jan 16 15:18:59 2026 with 4525181.765 GB free disk space

    cd .
    ./A2-5.seqStore.sh \
    > ./A2-5.seqStore.err 2>&1

-- Finished on Fri Jan 16 15:26:43 2026 (464 seconds) with 4524407.937 GB free disk space
----------------------------------------
--
-- In sequence store './A2-5.seqStore':
--   Found 401939 reads.
--   Found 4250002119 bases (50 times coverage).
--    Histogram of corrected reads:
--    
--    G=4250002119                       sum of  ||               length     num
--    NG         length     index       lengths  ||                range    seqs
--    ----- ------------ --------- ------------  ||  ------------------- -------
--    00010        24014     16324    425021657  ||       1249-2351        26567|------------------------------------------
--    00020        22033     34861    850017829  ||       2352-3454        40477|---------------------------------------------------------------
--    00030        20587     54826   1275007919  ||       3455-4557        37630|-----------------------------------------------------------
--    00040        19086     76229   1700012907  ||       4558-5660        33336|----------------------------------------------------
--    00050        16723     99838   2125002957  ||       5661-6763        28674|---------------------------------------------
--    00060        13451    128144   2550010638  ||       6764-7866        24638|---------------------------------------
--    00070        10594    163764   2975001812  ||       7867-8969        20778|---------------------------------
--    00080         7894    210097   3400008671  ||       8970-10072       18188|-----------------------------
--    00090         5257    275537   3825007082  ||      10073-11175       16418|--------------------------
--    00100         1249    401939   4250002119  ||      11176-12278       14065|----------------------
--    001.000x              401939   4250002119  ||      12279-13381       12331|--------------------
--                                               ||      13382-14484       10675|-----------------
--                                               ||      14485-15587        9094|---------------
--                                               ||      15588-16690        8962|--------------
--                                               ||      16691-17793        9473|---------------
--                                               ||      17794-18896       12063|-------------------
--                                               ||      18897-19999       14988|------------------------
--                                               ||      20000-21102       16279|--------------------------
--                                               ||      21103-22205       14509|-----------------------
--                                               ||      22206-23308       11046|------------------
--                                               ||      23309-24411        7961|-------------
--                                               ||      24412-25514        5363|---------
--                                               ||      25515-26617        3602|------
--                                               ||      26618-27720        2196|----
--                                               ||      27721-28823        1327|---
--                                               ||      28824-29926         679|--
--                                               ||      29927-31029         376|-
--                                               ||      31030-32132         163|-
--                                               ||      32133-33235          48|-
--                                               ||      33236-34338          20|-
--                                               ||      34339-35441           5|-
--                                               ||      35442-36544           1|-
--                                               ||      36545-37647           0|
--                                               ||      37648-38750           1|-
--                                               ||      38751-39853           2|-
--                                               ||      39854-40956           0|
--                                               ||      40957-42059           1|-
--                                               ||      42060-43162           1|-
--                                               ||      43163-44265           0|
--                                               ||      44266-45368           2|-
--    
--
-- In sequence store './A2-5.seqStore':
--   Found 401939 reads.
--   Found 4250002119 bases (50 times coverage).
--    Histogram of corrected-trimmed reads:
--    
--    G=4250002119                       sum of  ||               length     num
--    NG         length     index       lengths  ||                range    seqs
--    ----- ------------ --------- ------------  ||  ------------------- -------
--    00010        24014     16324    425021657  ||       1249-2351        26567|------------------------------------------
--    00020        22033     34861    850017829  ||       2352-3454        40477|---------------------------------------------------------------
--    00030        20587     54826   1275007919  ||       3455-4557        37630|-----------------------------------------------------------
--    00040        19086     76229   1700012907  ||       4558-5660        33336|----------------------------------------------------
--    00050        16723     99838   2125002957  ||       5661-6763        28674|---------------------------------------------
--    00060        13451    128144   2550010638  ||       6764-7866        24638|---------------------------------------
--    00070        10594    163764   2975001812  ||       7867-8969        20778|---------------------------------
--    00080         7894    210097   3400008671  ||       8970-10072       18188|-----------------------------
--    00090         5257    275537   3825007082  ||      10073-11175       16418|--------------------------
--    00100         1249    401939   4250002119  ||      11176-12278       14065|----------------------
--    001.000x              401939   4250002119  ||      12279-13381       12331|--------------------
--                                               ||      13382-14484       10675|-----------------
--                                               ||      14485-15587        9094|---------------
--                                               ||      15588-16690        8962|--------------
--                                               ||      16691-17793        9473|---------------
--                                               ||      17794-18896       12063|-------------------
--                                               ||      18897-19999       14988|------------------------
--                                               ||      20000-21102       16279|--------------------------
--                                               ||      21103-22205       14509|-----------------------
--                                               ||      22206-23308       11046|------------------
--                                               ||      23309-24411        7961|-------------
--                                               ||      24412-25514        5363|---------
--                                               ||      25515-26617        3602|------
--                                               ||      26618-27720        2196|----
--                                               ||      27721-28823        1327|---
--                                               ||      28824-29926         679|--
--                                               ||      29927-31029         376|-
--                                               ||      31030-32132         163|-
--                                               ||      32133-33235          48|-
--                                               ||      33236-34338          20|-
--                                               ||      34339-35441           5|-
--                                               ||      35442-36544           1|-
--                                               ||      36545-37647           0|
--                                               ||      37648-38750           1|-
--                                               ||      38751-39853           2|-
--                                               ||      39854-40956           0|
--                                               ||      40957-42059           1|-
--                                               ||      42060-43162           1|-
--                                               ||      43163-44265           0|
--                                               ||      44266-45368           2|-
--    
--
-- Correction skipped; not enabled.
--
-- Trimming skipped; not enabled.
--
-- BEGIN ASSEMBLY
----------------------------------------
-- Starting command on Fri Jan 16 15:26:44 2026 with 4524407.89 GB free disk space

    cd unitigging/0-mercounts
    ./meryl-configure.sh \
    > ./meryl-configure.err 2>&1

-- Finished on Fri Jan 16 15:26:45 2026 (one second) with 4524407.89 GB free disk space
----------------------------------------
--  segments   memory batches
--  -------- -------- -------
--        01 10.81 GB       2
--        02  5.61 GB       2
--        04  2.97 GB       2
--        06  2.14 GB       2
--        08  1.61 GB       2
--        12  1.07 GB       2
--        16  0.81 GB       2
--        20  0.65 GB       2
--        24  0.54 GB       2
--        32  0.41 GB       2
--        40  0.32 GB       2
--        48  -.-- GB       -  (segment size too small)
--        56  -.-- GB       -  (segment size too small)
--        64  -.-- GB       -  (segment size too small)
--        96  -.-- GB       -  (segment size too small)
--
--  For 401939 reads with 4250002119 bases, limit to 42 batches.
--  Will count kmers using 01 jobs, each using 12 GB and 4 threads.
--
-- Finished stage 'merylConfigure', reset canuIteration.
--
-- Running jobs.  First attempt out of 2.
----------------------------------------
-- Starting 'meryl' concurrent execution on Fri Jan 16 15:26:45 2026 with 4524407.859 GB free disk space (1 processes; 22 concurrently)

    cd unitigging/0-mercounts
    ./meryl-count.sh 1 > ./meryl-count.000001.out 2>&1

-- Finished on Fri Jan 16 15:30:10 2026 (205 seconds) with 4523731.328 GB free disk space
----------------------------------------
-- Found 1 Kmer counting (meryl) outputs.
-- Finished stage 'utg-merylCountCheck', reset canuIteration.
--
-- Running jobs.  First attempt out of 2.
----------------------------------------
-- Starting 'meryl' concurrent execution on Fri Jan 16 15:30:10 2026 with 4523731.296 GB free disk space (1 processes; 22 concurrently)

    cd unitigging/0-mercounts
    ./meryl-process.sh 1 > ./meryl-process.000001.out 2>&1

-- Finished on Fri Jan 16 15:30:16 2026 (6 seconds) with 4523732.015 GB free disk space
----------------------------------------
-- Meryl finished successfully.  Kmer frequency histogram:
--
-- WARNING: gnuplot failed.
--
----------------------------------------
--
--  22-mers                                                                                           Fraction
--    Occurrences   NumMers                                                                         Unique Total
--       1-     1         0                                                                        0.0000 0.0000
--       2-     2    261850 *                                                                      0.0058 0.0002
--       3-     4     88209                                                                        0.0072 0.0003
--       5-     7     28941                                                                        0.0081 0.0003
--       8-    11      9658                                                                        0.0085 0.0003
--      12-    16      8576                                                                        0.0087 0.0004
--      17-    22     65393                                                                        0.0089 0.0004
--      23-    29    655993 **                                                                     0.0109 0.0010
--      30-    37   5128641 *********************                                                  0.0309 0.0089
--      38-    46  16540088 ********************************************************************** 0.1673 0.0767
--      47-    56  14570378 *************************************************************          0.5513 0.3096
--      57-    67   2891492 ************                                                           0.8438 0.5210
--      68-    79    558279 **                                                                     0.8947 0.5643
--      80-    92   1063312 ****                                                                   0.9075 0.5778
--      93-   106    821917 ***                                                                    0.9315 0.6071
--     107-   121    297925 *                                                                      0.9486 0.6310
--     122-   137    291011 *                                                                      0.9549 0.6410
--     138-   154    259574 *                                                                      0.9614 0.6530
--     155-   172    142019                                                                        0.9670 0.6644
--     173-   191    163493                                                                        0.9701 0.6715
--     192-   211    113571                                                                        0.9737 0.6808
--     212-   232    114240                                                                        0.9762 0.6879
--     233-   254     94780                                                                        0.9787 0.6959
--     255-   277     83727                                                                        0.9808 0.7029
--     278-   301     73368                                                                        0.9826 0.7098
--     302-   326     73067                                                                        0.9843 0.7164
--     327-   352     60505                                                                        0.9859 0.7235
--     353-   379     48899                                                                        0.9872 0.7298
--     380-   407     38520                                                                        0.9883 0.7354
--     408-   436     36218                                                                        0.9891 0.7401
--     437-   466     33379                                                                        0.9899 0.7448
--     467-   497     32402                                                                        0.9907 0.7495
--     498-   529     25901                                                                        0.9914 0.7544
--     530-   562     23841                                                                        0.9920 0.7585
--     563-   596     21203                                                                        0.9925 0.7625
--     597-   631     18223                                                                        0.9930 0.7663
--     632-   667     15952                                                                        0.9934 0.7698
--     668-   704     14137                                                                        0.9937 0.7730
--     705-   742     12996                                                                        0.9940 0.7760
--     743-   781     12069                                                                        0.9943 0.7789
--     782-   821     10836                                                                        0.9946 0.7818
--
--           0 (max occurrences)
--  3212382387 (total mers, non-unique)
--    45037833 (distinct mers, non-unique)
--           0 (unique mers)
-- Finished stage 'meryl-process', reset canuIteration.
--
-- Removing meryl database 'unitigging/0-mercounts/A2-5.ms22'.
--
-- OVERLAPPER (normal) (assembly) erate=0.01
--
----------------------------------------
-- Starting command on Fri Jan 16 15:30:16 2026 with 4523732 GB free disk space

    cd unitigging/1-overlapper
    /share/org/YZWL/yzwl_lixg/miniforge3/envs/canu_v.2.3/bin/overlapInCorePartition \
     -S  ../../A2-5.seqStore \
     -hl 160000000 \
     -rl 5000000000 \
     -ol 500 \
     -o  ./A2-5.partition \
    > ./A2-5.partition.err 2>&1

-- Finished on Fri Jan 16 15:30:16 2026 (like a bat out of hell) with 4523731.984 GB free disk space
----------------------------------------
--
-- Configured 21 overlapInCore jobs.
-- Finished stage 'utg-overlapConfigure', reset canuIteration.
--
-- Running jobs.  First attempt out of 2.
----------------------------------------
-- Starting 'utgovl' concurrent execution on Fri Jan 16 15:30:16 2026 with 4523731.953 GB free disk space (21 processes; 11 concurrently)

    cd unitigging/1-overlapper
    ./overlap.sh 1 > ./overlap.000001.out 2>&1
    ./overlap.sh 2 > ./overlap.000002.out 2>&1
    ./overlap.sh 3 > ./overlap.000003.out 2>&1
    ./overlap.sh 4 > ./overlap.000004.out 2>&1
    ./overlap.sh 5 > ./overlap.000005.out 2>&1
    ./overlap.sh 6 > ./overlap.000006.out 2>&1
    ./overlap.sh 7 > ./overlap.000007.out 2>&1
    ./overlap.sh 8 > ./overlap.000008.out 2>&1
    ./overlap.sh 9 > ./overlap.000009.out 2>&1
    ./overlap.sh 10 > ./overlap.000010.out 2>&1
    ./overlap.sh 11 > ./overlap.000011.out 2>&1
    ./overlap.sh 12 > ./overlap.000012.out 2>&1
    ./overlap.sh 13 > ./overlap.000013.out 2>&1
    ./overlap.sh 14 > ./overlap.000014.out 2>&1
    ./overlap.sh 15 > ./overlap.000015.out 2>&1
    ./overlap.sh 16 > ./overlap.000016.out 2>&1
    ./overlap.sh 17 > ./overlap.000017.out 2>&1
    ./overlap.sh 18 > ./overlap.000018.out 2>&1
    ./overlap.sh 19 > ./overlap.000019.out 2>&1
    ./overlap.sh 20 > ./overlap.000020.out 2>&1
    ./overlap.sh 21 > ./overlap.000021.out 2>&1

-- Finished on Fri Jan 16 15:50:20 2026 (1204 seconds) with 4521727.953 GB free disk space
----------------------------------------
-- Found 21 overlapInCore output files.
--
-- overlapInCore compute 'unitigging/1-overlapper':
--   kmer hits
--     with no overlap       1424205155  93.0952381 +- 41279858.766
--     with an overlap         46927927  3.19047619 +- 1297076.046
--
--   overlaps                  46927927  3.19047619 +- 1297076.046
--     contained               18040862  .666666667 +- 497914.581
--     dovetail                28887065  4.52380952 +- 801668.459
--
--   overlaps rejected
--     multiple per pair              0           0 +- 0
--     bad short window               0           0 +- 0
--     bad long window                0           0 +- 0
-- Finished stage 'utg-overlapCheck', reset canuIteration.
----------------------------------------
-- Starting command on Fri Jan 16 15:50:20 2026 with 4521727.921 GB free disk space

    cd unitigging
    /share/org/YZWL/yzwl_lixg/miniforge3/envs/canu_v.2.3/bin/ovStoreConfig \
     -S ../A2-5.seqStore \
     -M 4-8 \
     -L ./1-overlapper/ovljob.files \
     -create ./A2-5.ovlStore.config \
     > ./A2-5.ovlStore.config.txt \
    2> ./A2-5.ovlStore.config.err

-- Finished on Fri Jan 16 15:50:21 2026 (one second) with 4521727.906 GB free disk space
----------------------------------------
--
-- Creating overlap store unitigging/A2-5.ovlStore using:
--      1 bucket
--      1 slice
--        using at most 3 GB memory each
--
-- Running jobs.  First attempt out of 2.
----------------------------------------
-- Starting 'ovS' concurrent execution on Fri Jan 16 15:50:21 2026 with 4521727.89 GB free disk space (1 processes; 62 concurrently)

    cd unitigging
    ./A2-5.ovlStore.sh 1 > ./A2-5.ovlStore.000001.out 2>&1

-- Finished on Fri Jan 16 15:50:40 2026 (19 seconds) with 4521680.718 GB free disk space
----------------------------------------
-- Checking store.
----------------------------------------
-- Starting command on Fri Jan 16 15:50:40 2026 with 4521680.718 GB free disk space

    cd unitigging
    /share/org/YZWL/yzwl_lixg/miniforge3/envs/canu_v.2.3/bin/ovStoreDump \
     -S ../A2-5.seqStore \
     -O  ./A2-5.ovlStore \
     -counts \
     > ./A2-5.ovlStore/counts.dat 2> ./A2-5.ovlStore/counts.err

-- Finished on Fri Jan 16 15:50:40 2026 (furiously fast) with 4521680.687 GB free disk space
----------------------------------------
--
-- Overlap store 'unitigging/A2-5.ovlStore' successfully constructed.
-- Found 93855854 overlaps for 387766 reads; 2523423 reads have no overlaps.
--
--
-- Purged 1.004 GB in 63 overlap output files.
----------------------------------------
-- Starting command on Fri Jan 16 15:50:42 2026 with 4521681.687 GB free disk space

    cd unitigging
    /share/org/YZWL/yzwl_lixg/miniforge3/envs/canu_v.2.3/bin/ovStoreStats \
     -C 50 \
     -S ../A2-5.seqStore \
     -O  ./A2-5.ovlStore \
     -o  ./A2-5.ovlStore \
     > ./A2-5.ovlStore.summary.err 2>&1

-- Finished on Fri Jan 16 15:50:55 2026 (13 seconds) with 4521681.656 GB free disk space
----------------------------------------
--
-- Overlap store 'unitigging/A2-5.ovlStore' contains:
--
--   category            reads     %          read length        feature size or coverage  analysis
--   ----------------  -------  -------  ----------------------  ------------------------  --------------------
--   middle-missing        209    0.05    11978.79 +- 7272.23        552.31 +- 944.30     (bad trimming)
--   middle-hump            40    0.01    13157.85 +- 4638.20       6695.80 +- 4101.26    (bad trimming)
--   no-5-prime           1023    0.25     9443.80 +- 5957.45       1053.12 +- 1947.19    (bad trimming)
--   no-3-prime           1647    0.41     7340.32 +- 5813.22        725.80 +- 1609.17    (bad trimming)
--   
--   low-coverage         2577    0.64     6508.84 +- 4899.02          5.81 +- 3.67       (easy to assemble, potential for lower quality consensus)
--   unique             314463   78.24     8086.00 +- 5528.95         45.30 +- 7.92       (easy to assemble, perfect, yay)
--   repeat-cont         31854    7.93     6569.47 +- 4714.04       1100.50 +- 919.83     (potential for consensus errors, no impact on assembly)
--   repeat-dove           290    0.07    19095.33 +- 1840.80        547.23 +- 641.86     (hard to assemble, likely won't assemble correctly or even at all)
--   
--   span-repeat          5147    1.28    10347.90 +- 5563.44       2620.02 +- 3025.40    (read spans a large repeat, usually easy to assemble)
--   uniq-repeat-cont    20553    5.11     8587.71 +- 4827.80                             (should be uniquely placed, low potential for consensus errors, no impact on assembly)
--   uniq-repeat-dove     3354    0.83    17166.33 +- 2936.43                             (will end contigs, potential to misassemble)
--   uniq-anchor          6609    1.64     9957.48 +- 4883.97       5327.39 +- 4473.52    (repeat read, with unique section, probable bad read)
-- Finished stage 'utg-createOverlapStore', reset canuIteration.
--
-- Loading read lengths.
-- Loading number of overlaps per read.
--
-- Configure RED for 16gb memory.
--                   Batches of at most (unlimited) reads.
--                                      500000000 bases.
--                   Expecting evidence of at most 536870912 bases per iteration.
--
--           Total                                               Reads                 Olaps Evidence
--    Job   Memory      Read Range         Reads        Bases   Memory        Olaps   Memory   Memory  (Memory in MB)
--   ---- -------- ------------------- --------- ------------ -------- ------------ -------- --------
--      1 16386.42         1-51972          7289    108877618 13290.95      2050675    23.47  1024.00
--      2 16384.03     51973-124340        10057    108896180 13293.31      1636408    18.73  1024.00
--      3 16384.36    124341-193657         9699    108796879 13281.17      2725264    31.19  1024.00
--      4 16384.33    193658-253560         8339    108818275 13283.74      2497889    28.59  1024.00
--      5 16385.39    253561-332490        10928    108929422 13297.39      1397552    15.99  1024.00
--      6 16387.09    332491-441933        14993    108710038 13270.74      3875182    44.35  1024.00
--      7 16384.52    441934-499459         7918    108835550 13285.84      2331632    26.68  1024.00
--      8 16384.51    499460-566043         9234    108872899 13290.44      1928164    22.07  1024.00
--      9 16384.32    566044-676354        15288    108782778 13279.63      2856542    32.69  1024.00
--     10 16385.06    676355-743048         9097    108819955 13283.97      2542146    29.09  1024.00
--     11 16385.67    743049-803707         8253    108847871 13287.35      2299459    26.32  1024.00
--     12 16384.22    803708-886613        11443    108900635 13293.89      1600995    18.32  1024.00
--     13 16384.70    886614-977736        12785    108746475 13275.12      3283941    37.58  1024.00
--     14 16384.96    977737-1034399        7772    108793968 13280.76      2814132    32.21  1024.00
--     15 16384.12   1034400-1105276        9662    108905603 13294.45      1544790    17.68  1024.00
--     16 16384.28   1105277-1211618       14581    108724524 13272.50      3476296    39.78  1024.00
--     17 16384.02   1211619-1266223        7551    108850622 13287.67      2128420    24.36  1024.00
--     18 16384.54   1266224-1330835        8882    108861164 13289.00      2057221    23.54  1024.00
--     19 16385.06   1330836-1436305       14596    108794395 13281.03      2799380    32.04  1024.00
--     20 16385.04   1436306-1499041        8643    108837487 13286.10      2354386    26.94  1024.00
--     21 16384.75   1499042-1558087        8097    108835482 13285.84      2352005    26.92  1024.00
--     22 16384.02   1558088-1635796       10833    108904210 13294.31      1547378    17.71  1024.00
--     23 16384.52   1635797-1722373       11829    108769840 13277.94      3021625    34.58  1024.00
--     24 16384.36   1722374-1779780        7891    108788470 13280.09      2819994    32.27  1024.00
--     25 16384.85   1779781-1852494       10025    108920149 13296.23      1451822    16.61  1024.00
--     26 16384.13   1852495-1961612       15071    108724779 13272.54      3459673    39.59  1024.00
--     27 16384.28   1961613-2016060        7526    108845495 13287.04      2205835    25.24  1024.00
--     28 16384.12   2016061-2079987        8773    108869379 13290.00      1933144    22.12  1024.00
--     29 16386.12   2079988-2177528       13559    108877184 13291.10      2011862    23.02  1024.00
--     30 16386.21   2177529-2248857        9719    108778942 13278.99      3078334    35.23  1024.00
--     31 16385.97   2248858-2307513        8019    108845444 13287.05      2352271    26.92  1024.00
--     32 16385.61   2307514-2385867       11038    108922772 13296.58      1487729    17.03  1024.00
--     33 16385.51   2385868-2471230       11711    108774624 13278.52      3056990    34.98  1024.00
--     34 16384.43   2471231-2525569        7486    108809024 13282.59      2607542    29.84  1024.00
--     35 16385.43   2525570-2593141        9369    108913069 13295.35      1580064    18.08  1024.00
--     36 16387.16   2593142-2689892       13259    108767854 13277.74      3269271    37.41  1024.00
--     37 16384.93   2689893-2743418        7383    108857597 13288.51      2133478    24.42  1024.00
--     38 16384.79   2743419-2804591        8553    108867087 13289.71      2017001    23.08  1024.00
--     39 16385.51   2804592-2905512       13965    108777552 13278.95      3019598    34.56  1024.00
--     40  3752.48   2905513-2911189         823      5550828   677.62       249764     2.86  1024.00
--   ---- -------- ------------------- --------- ------------ -------- ------------ -------- --------
--                                                 4250002119              93855854
-- Finished stage 'readErrorDetectionConfigure', reset canuIteration.
--
-- Running jobs.  First attempt out of 2.
----------------------------------------
-- Starting 'red' concurrent execution on Fri Jan 16 15:51:07 2026 with 4521681.609 GB free disk space (40 processes; 22 concurrently)

    cd unitigging/3-overlapErrorAdjustment
    ./red.sh 1 > ./red.000001.out 2>&1
    ./red.sh 2 > ./red.000002.out 2>&1
    ./red.sh 3 > ./red.000003.out 2>&1
    ./red.sh 4 > ./red.000004.out 2>&1
    ./red.sh 5 > ./red.000005.out 2>&1
    ./red.sh 6 > ./red.000006.out 2>&1
    ./red.sh 7 > ./red.000007.out 2>&1
    ./red.sh 8 > ./red.000008.out 2>&1
    ./red.sh 9 > ./red.000009.out 2>&1
    ./red.sh 10 > ./red.000010.out 2>&1
    ./red.sh 11 > ./red.000011.out 2>&1
    ./red.sh 12 > ./red.000012.out 2>&1
    ./red.sh 13 > ./red.000013.out 2>&1
    ./red.sh 14 > ./red.000014.out 2>&1
    ./red.sh 15 > ./red.000015.out 2>&1
    ./red.sh 16 > ./red.000016.out 2>&1
    ./red.sh 17 > ./red.000017.out 2>&1
    ./red.sh 18 > ./red.000018.out 2>&1
    ./red.sh 19 > ./red.000019.out 2>&1
    ./red.sh 20 > ./red.000020.out 2>&1
    ./red.sh 21 > ./red.000021.out 2>&1
    ./red.sh 22 > ./red.000022.out 2>&1
    ./red.sh 23 > ./red.000023.out 2>&1
    ./red.sh 24 > ./red.000024.out 2>&1
    ./red.sh 25 > ./red.000025.out 2>&1
    ./red.sh 26 > ./red.000026.out 2>&1
    ./red.sh 27 > ./red.000027.out 2>&1
    ./red.sh 28 > ./red.000028.out 2>&1
    ./red.sh 29 > ./red.000029.out 2>&1
    ./red.sh 30 > ./red.000030.out 2>&1
    ./red.sh 31 > ./red.000031.out 2>&1
    ./red.sh 32 > ./red.000032.out 2>&1
    ./red.sh 33 > ./red.000033.out 2>&1
    ./red.sh 34 > ./red.000034.out 2>&1
    ./red.sh 35 > ./red.000035.out 2>&1
    ./red.sh 36 > ./red.000036.out 2>&1
    ./red.sh 37 > ./red.000037.out 2>&1
    ./red.sh 38 > ./red.000038.out 2>&1
    ./red.sh 39 > ./red.000039.out 2>&1
    ./red.sh 40 > ./red.000040.out 2>&1

-- Finished on Fri Jan 16 16:05:48 2026 (881 seconds) with 4521339.265 GB free disk space
----------------------------------------
-- Found 40 read error detection output files.
-- Finished stage 'readErrorDetectionCheck', reset canuIteration.
--
-- Loading read lengths.
-- Loading number of overlaps per read.
--
-- Configure OEA for 8gb memory.
--                   Batches of at most (unlimited) reads.
--                                      300000000 bases.
--
--           Total                                               Reads                 Olaps  Adjusts
--    Job   Memory      Read Range         Reads        Bases   Memory        Olaps   Memory   Memory  (Memory in MB)
--   ---- -------- ------------------- --------- ------------ -------- ------------ -------- --------
--      1  2908.08         1-180436        25189    300003943   294.87      5630919   171.84   393.36
--      2  2923.88    180437-395439        29763    300002214   295.01      6144317   187.51   393.36
--      3  2951.49    395440-588316        26592    300010319   294.92      7051978   215.21   393.36
--      4  2960.42    588317-805452        29786    300007404   295.02      7341483   224.04   393.36
--      5  2951.42    805453-1021644       30031    300007941   295.03      7046136   215.03   393.36
--      6  2937.86   1021645-1240472       29949    300001743   295.02      6602331   201.49   393.36
--      7  2947.85   1240473-1461170       30523    300000733   295.03      6929047   211.46   393.36
--      8  2903.88   1461171-1640738       24790    300010578   294.87      5493509   167.65   393.36
--      9  2945.95   1640739-1836806       26898    300016663   294.94      6869926   209.65   393.36
--     10  2957.18   1836807-2050179       29418    300000583   295.00      7235934   220.82   393.36
--     11  2940.69   2050180-2266955       29850    300011824   295.02      6694587   204.30   393.36
--     12  2920.18   2266956-2475571       28873    300014167   295.00      6023445   183.82   393.36
--     13  2955.81   2475572-2682146       28421    300006280   294.98      7191871   219.48   393.36
--     14  2893.86   2682147-2855255       24094    300009434   294.85      5165889   157.65   393.36
--     15  2571.48   2855256-2911189        7762     49898293    55.82      2434482    74.29   393.36
--   ---- -------- ------------------- --------- ------------ -------- ------------ -------- --------
--                                                 4250002119              93855854
-- Finished stage 'overlapErrorAdjustmentConfigure', reset canuIteration.
--
-- Running jobs.  First attempt out of 2.
----------------------------------------
-- Starting 'oea' concurrent execution on Fri Jan 16 16:06:00 2026 with 4521339.187 GB free disk space (15 processes; 62 concurrently)

    cd unitigging/3-overlapErrorAdjustment
    ./oea.sh 1 > ./oea.000001.out 2>&1
    ./oea.sh 2 > ./oea.000002.out 2>&1
    ./oea.sh 3 > ./oea.000003.out 2>&1
    ./oea.sh 4 > ./oea.000004.out 2>&1
    ./oea.sh 5 > ./oea.000005.out 2>&1
    ./oea.sh 6 > ./oea.000006.out 2>&1
    ./oea.sh 7 > ./oea.000007.out 2>&1
    ./oea.sh 8 > ./oea.000008.out 2>&1
    ./oea.sh 9 > ./oea.000009.out 2>&1
    ./oea.sh 10 > ./oea.000010.out 2>&1
    ./oea.sh 11 > ./oea.000011.out 2>&1
    ./oea.sh 12 > ./oea.000012.out 2>&1
    ./oea.sh 13 > ./oea.000013.out 2>&1
    ./oea.sh 14 > ./oea.000014.out 2>&1
    ./oea.sh 15 > ./oea.000015.out 2>&1

-- Finished on Fri Jan 16 16:47:21 2026 (2481 seconds) with 4519403.515 GB free disk space
----------------------------------------
-- Found 15 overlap error adjustment output files.
-- Finished stage 'overlapErrorAdjustmentCheck', reset canuIteration.
----------------------------------------
-- Starting command on Fri Jan 16 16:47:21 2026 with 4519403.5 GB free disk space

    cd unitigging/3-overlapErrorAdjustment
    /share/org/YZWL/yzwl_lixg/miniforge3/envs/canu_v.2.3/bin/loadErates \
      -S ../../A2-5.seqStore \
      -O ../A2-5.ovlStore \
      -L ./oea.files \
    > ./oea.apply.err 2>&1

-- Finished on Fri Jan 16 16:47:23 2026 (2 seconds) with 4519403.312 GB free disk space
----------------------------------------
-- No report available.
-- Finished stage 'updateOverlapStore', reset canuIteration.
-- Finished stage 'unitig', reset canuIteration.
--
-- Running jobs.  First attempt out of 2.
----------------------------------------
-- Starting 'bat' concurrent execution on Fri Jan 16 16:47:23 2026 with 4519403.265 GB free disk space (1 processes; 1 concurrently)

    cd unitigging/4-unitigger
    ./unitigger.sh 1 > ./unitigger.000001.out 2>&1

-- Finished on Fri Jan 16 16:47:48 2026 (25 seconds) with 4519403.062 GB free disk space
----------------------------------------
-- Unitigger finished successfully.
--  
--  ERROR RATES
--  -----------
--                                                   --------threshold------
--  419299                       fraction error      fraction        percent
--  samples                              (1e-5)         error          error
--                   --------------------------      --------       --------
--  command line (-eg)                           ->     30.00        0.0300%
--  command line (-ef)                           ->  -----.--      ---.----%
--  command line (-eM)                           ->     30.00        0.0300%
--  mean + std.dev       0.27 +-  12 *     2.35  ->     28.52        0.0285%
--  median + mad         0.00 +-  12 *     0.00  ->      0.00        0.0000%
--  90th percentile                              ->      1.00        0.0010%  (enabled)
--  
--  BEST EDGE FILTERING
--  -------------------
--  At graph threshold 0.0300%, reads:
--    available to have edges:        60079
--    with at least one edge:         41925
--  
--  At max threshold 0.0300%, reads:
--    available to have edges:        60079
--    with at least one edge:         41925
--  
--  At tight threshold 0.0010%, reads with:
--    both edges below error threshold:     37145  (80.00% minReadsBest threshold = 33540)
--    one  edge  above error threshold:      3626
--    both edges above error threshold:      1154
--    at least one edge:                    41925
--  
--  At loose threshold 0.0285%, reads with:
--    both edges below error threshold:     41404  (80.00% minReadsBest threshold = 33540)
--    one  edge  above error threshold:       512
--    both edges above error threshold:         9
--    at least one edge:                    41925
--  
--  
--  INITIAL EDGES
--  -------- ----------------------------------------
--    336195 reads are contained
--   2542715 reads have no best edges (singleton)
--       391 reads have only one best edge (spur) 
--                181 are mutual best
--     31888 reads have two best edges 
--                667 have one mutual best edge
--              30875 have two mutual best edges
--  
--  
--  FINAL EDGES
--  -------- ----------------------------------------
--    336195 reads are contained
--   2543100 reads have no best edges (singleton)
--       235 reads have only one best edge (spur) 
--                194 are mutual best
--     31659 reads have two best edges 
--                552 have one mutual best edge
--              30855 have two mutual best edges
--  
--  
--  EDGE FILTERING
--  -------- ------------------------------------------
--         0 reads are ignored
--     16378 reads have a gap in overlap coverage
--       197 reads have lopsided best edges
-- Found, in version 1, after unitig construction:
--   contigs:      151 sequences, total length 69077828 bp (including 147 repeats of total length 3484797 bp).
--   bubbles:      114 sequences, total length 2850789 bp.
--   unassembled:  34713 sequences, total length 278971113 bp.
--
-- Contig sizes based on genome size 85mbp:
--
--            NG (bp)  LG (contigs)    sum (bp)
--         ----------  ------------  ----------
--     10     8860417             1     8860417
--     20     8605814             2    17466231
--     30     5813162             4    29155945
--     40     3413217             6    36460776
--     50     2524487             9    44958650
--     60     2053849            12    51846627
--     70     1192554            18    60188935
--     80       19654            87    68018956
--
-- Finished stage 'unitigCheck', reset canuIteration.
----------------------------------------
-- Starting command on Fri Jan 16 16:47:48 2026 with 4519403.046 GB free disk space

    cd unitigging
    /share/org/YZWL/yzwl_lixg/miniforge3/envs/canu_v.2.3/bin/utgcns \
      -S ../A2-5.seqStore \
      -T  ./A2-5.ctgStore 1 \
      -partition 0.8 1.5 0.1 \
    > ./A2-5.ctgStore/partitioning.log 2>&1

-- Finished on Fri Jan 16 16:47:57 2026 (9 seconds) with 4519401.828 GB free disk space
----------------------------------------
-- Using slow alignment for consensus (iteration '0').
-- Configured 10 consensus jobs.
-- Finished stage 'consensusConfigure', reset canuIteration.
--
-- Local: cns       13.125 GB    8 CPUs x  11 jobs   144.375 GB  88 CPUs  (consensus)
--
--
-- Running jobs.  First attempt out of 2.
----------------------------------------
-- Starting 'cns' concurrent execution on Fri Jan 16 16:47:58 2026 with 4519401.796 GB free disk space (10 processes; 11 concurrently)

    cd unitigging/5-consensus
    ./consensus.sh 1 > ./consensus.000001.out 2>&1
    ./consensus.sh 2 > ./consensus.000002.out 2>&1
    ./consensus.sh 3 > ./consensus.000003.out 2>&1
    ./consensus.sh 4 > ./consensus.000004.out 2>&1
    ./consensus.sh 5 > ./consensus.000005.out 2>&1
    ./consensus.sh 6 > ./consensus.000006.out 2>&1
    ./consensus.sh 7 > ./consensus.000007.out 2>&1
    ./consensus.sh 8 > ./consensus.000008.out 2>&1
    ./consensus.sh 9 > ./consensus.000009.out 2>&1
    ./consensus.sh 10 > ./consensus.000010.out 2>&1

-- Finished on Fri Jan 16 16:55:47 2026 (469 seconds) with 4517647.875 GB free disk space
----------------------------------------
-- Using slow alignment for consensus (iteration '1').
-- Configured 10 consensus jobs.
-- All 10 consensus jobs finished successfully.
-- Finished stage 'consensusCheck', reset canuIteration.
-- Using slow alignment for consensus (iteration '0').
-- Configured 10 consensus jobs.
----------------------------------------
-- Starting command on Fri Jan 16 16:55:48 2026 with 4517647.828 GB free disk space

    cd unitigging
    /share/org/YZWL/yzwl_lixg/miniforge3/envs/canu_v.2.3/bin/tgStoreLoad \
      -S ../A2-5.seqStore \
      -T  ./A2-5.ctgStore 2 \
      -L ./5-consensus/ctgcns.files \
    > ./5-consensus/ctgcns.files.ctgStoreLoad.err 2>&1

-- Finished on Fri Jan 16 16:55:50 2026 (2 seconds) with 4517646.859 GB free disk space
----------------------------------------
----------------------------------------
-- Starting command on Fri Jan 16 16:55:50 2026 with 4517646.859 GB free disk space

    cd unitigging
    /share/org/YZWL/yzwl_lixg/miniforge3/envs/canu_v.2.3/bin/tgTigDisplay \
      -S ../A2-5.seqStore \
      -b \
      -o ../A2-5.contigs.unsorted.bam \
      -L ./5-consensus/ctgcns.files \
    > ./5-consensus/ctgcns.files.contigs.bam.err 2>&1

-- Finished on Fri Jan 16 16:58:34 2026 (164 seconds) with 4517015.828 GB free disk space
----------------------------------------
----------------------------------------
-- Starting command on Fri Jan 16 16:58:34 2026 with 4517015.828 GB free disk space

    cd .
    samtools sort \
      --write-index \
      --threads 2 \
      -o ./A2-5.contigs.bam ./A2-5.contigs.unsorted.bam \
    > ./ctgcns.bam.err 2>&1

-- Finished on Fri Jan 16 17:00:21 2026 (107 seconds) with 4516714.109 GB free disk space
----------------------------------------
-- Purging consensus output after loading to ctgStore.
-- Purged 10 .cns outputs.
----------------------------------------
-- Starting command on Fri Jan 16 17:00:21 2026 with 4516715.89 GB free disk space

    cd unitigging
    /share/org/YZWL/yzwl_lixg/miniforge3/envs/canu_v.2.3/bin/tgStoreDump \
      -S ../A2-5.seqStore \
      -T ./A2-5.ctgStore 2 \
      -sizes -s 85000000 \
    > ./A2-5.ctgStore/seqDB.v002.sizes.txt
ZERO length suplied to intervalList::add(), ignoring interval.
ZERO length suplied to intervalList::add(), ignoring interval.
ZERO length suplied to intervalList::add(), ignoring interval.
ZERO length suplied to intervalList::add(), ignoring interval.
ZERO length suplied to intervalList::add(), ignoring interval.
ZERO length suplied to intervalList::add(), ignoring interval.
ZERO length suplied to intervalList::add(), ignoring interval.
ZERO length suplied to intervalList::add(), ignoring interval.
ZERO length suplied to intervalList::add(), ignoring interval.
ZERO length suplied to intervalList::add(), ignoring interval.
ZERO length suplied to intervalList::add(), ignoring interval.
ZERO length suplied to intervalList::add(), ignoring interval.
ZERO length suplied to intervalList::add(), ignoring interval.
ZERO length suplied to intervalList::add(), ignoring interval.
ZERO length suplied to intervalList::add(), ignoring interval.
ZERO length suplied to intervalList::add(), ignoring interval.
ZERO length suplied to intervalList::add(), ignoring interval.
ZERO length suplied to intervalList::add(), ignoring interval.

-- Finished on Fri Jan 16 17:00:21 2026 (like a bat out of hell) with 4516715.89 GB free disk space
----------------------------------------
-- Found, in version 2, after consensus generation:
--   contigs:      151 sequences, total length 90158165 bp (including 147 repeats of total length 4768788 bp).
--   bubbles:      114 sequences, total length 3831687 bp.
--   unassembled:  34713 sequences, total length 382371535 bp.
--
-- Contig sizes based on genome size 85mbp:
--
--            NG (bp)  LG (contigs)    sum (bp)
--         ----------  ------------  ----------
--     10    11515659             1    11515659
--     20    11187053             2    22702712
--     30     7634380             3    30337092
--     40     7568476             4    37905568
--     50     5080339             5    42985907
--     60     4379367             7    51808193
--     70     3206736            10    61690748
--     80     2120410            13    69591448
--     90     1654137            17    76789941
--    100      372793            27    85327890
--
-- Finished stage 'consensusLoad', reset canuIteration.
----------------------------------------
-- Starting command on Fri Jan 16 17:00:21 2026 with 4516715.875 GB free disk space

    cd .
    /share/org/YZWL/yzwl_lixg/miniforge3/envs/canu_v.2.3/bin/tgStoreDump \
      -S ./A2-5.seqStore \
      -T ./unitigging/A2-5.ctgStore 2 \
      -o ./A2-5.contigs \
      -layout \
    > ./A2-5.contigs.layout.err 2>&1

-- Finished on Fri Jan 16 17:00:22 2026 (one second) with 4516715.828 GB free disk space
----------------------------------------
----------------------------------------
-- Starting command on Fri Jan 16 17:00:22 2026 with 4516715.828 GB free disk space

    cd .
    /share/org/YZWL/yzwl_lixg/miniforge3/envs/canu_v.2.3/bin/tgStoreDump \
      -S ./A2-5.seqStore \
      -T ./unitigging/A2-5.ctgStore 2 \
      -consensus -fasta \
      -unassembled \
    > ./A2-5.unassembled.fasta
    2> ./A2-5.unassembled.err
ZERO length suplied to intervalList::add(), ignoring interval.
ZERO length suplied to intervalList::add(), ignoring interval.
ZERO length suplied to intervalList::add(), ignoring interval.
ZERO length suplied to intervalList::add(), ignoring interval.
ZERO length suplied to intervalList::add(), ignoring interval.
ZERO length suplied to intervalList::add(), ignoring interval.
ZERO length suplied to intervalList::add(), ignoring interval.
ZERO length suplied to intervalList::add(), ignoring interval.
ZERO length suplied to intervalList::add(), ignoring interval.
ZERO length suplied to intervalList::add(), ignoring interval.
ZERO length suplied to intervalList::add(), ignoring interval.
ZERO length suplied to intervalList::add(), ignoring interval.
ZERO length suplied to intervalList::add(), ignoring interval.
ZERO length suplied to intervalList::add(), ignoring interval.
ZERO length suplied to intervalList::add(), ignoring interval.
ZERO length suplied to intervalList::add(), ignoring interval.
ZERO length suplied to intervalList::add(), ignoring interval.
ZERO length suplied to intervalList::add(), ignoring interval.

-- Finished on Fri Jan 16 17:00:24 2026 (2 seconds) with 4516716.453 GB free disk space
----------------------------------------
----------------------------------------
-- Starting command on Fri Jan 16 17:00:24 2026 with 4516716.453 GB free disk space

    cd .
    /share/org/YZWL/yzwl_lixg/miniforge3/envs/canu_v.2.3/bin/tgStoreDump \
      -S ./A2-5.seqStore \
      -T ./unitigging/A2-5.ctgStore 2 \
      -consensus -fasta \
      -contigs \
    > ./A2-5.contigs.fasta
    2> ./A2-5.contigs.err
ZERO length suplied to intervalList::add(), ignoring interval.
ZERO length suplied to intervalList::add(), ignoring interval.
ZERO length suplied to intervalList::add(), ignoring interval.
ZERO length suplied to intervalList::add(), ignoring interval.
ZERO length suplied to intervalList::add(), ignoring interval.
ZERO length suplied to intervalList::add(), ignoring interval.
ZERO length suplied to intervalList::add(), ignoring interval.
ZERO length suplied to intervalList::add(), ignoring interval.
ZERO length suplied to intervalList::add(), ignoring interval.
ZERO length suplied to intervalList::add(), ignoring interval.
ZERO length suplied to intervalList::add(), ignoring interval.
ZERO length suplied to intervalList::add(), ignoring interval.
ZERO length suplied to intervalList::add(), ignoring interval.
ZERO length suplied to intervalList::add(), ignoring interval.
ZERO length suplied to intervalList::add(), ignoring interval.
ZERO length suplied to intervalList::add(), ignoring interval.
ZERO length suplied to intervalList::add(), ignoring interval.
ZERO length suplied to intervalList::add(), ignoring interval.

-- Finished on Fri Jan 16 17:00:24 2026 (in the blink of an eye) with 4516716.359 GB free disk space
----------------------------------------
-- Finished stage 'generateOutputs', reset canuIteration.
--
-- Assembly 'A2-5' finished in '/share/org/YZWL/yzwl_lixg/project/28.大豆疫霉菌三代基因组/03.hicanu/A2-5/01.raw_output'.
--
-- Summary saved in 'A2-5.report'.
--
-- Sequences saved:
--   Contigs       -> 'A2-5.contigs.fasta'
--   Unassembled   -> 'A2-5.unassembled.fasta'
--
-- Read layouts saved:
--   Contigs       -> 'A2-5.contigs.layout'.
--
-- Bye.

2026-01-16 17:00:24.788 - WARNING - 输出文件不存在|Output file does not exist: /share/org/YZWL/yzwl_lixg/project/28.大豆疫霉菌三代基因组/03.hicanu/A2-5/01.raw_output/A2-5.unitigs.fasta
Job 68889947 stderr output:

