2026-02-10 15:03:29.703 - INFO - ============================================================
2026-02-10 15:03:29.703 - INFO - Program: FASTQ Quality Control Batch Processing
2026-02-10 15:03:29.703 - INFO - Version: 1.0.0
2026-02-10 15:03:29.703 - INFO - ============================================================
2026-02-10 15:03:29.703 - INFO - ============================================================
2026-02-10 15:03:29.703 - INFO - 开始FASTQ数据质控批处理|Starting FASTQ data quality control batch processing
2026-02-10 15:03:29.703 - INFO - ============================================================
2026-02-10 15:03:29.703 - INFO - 输入|Input: 目录|Directory: /share/org/YZWL/yzwl_lixg/project/06.longliuxing_BSA/68.三代数据组装和注释/60.二代转录组/01.data/raw
2026-02-10 15:03:29.703 - INFO - 输出目录|Output directory: /share/org/YZWL/yzwl_lixg/project/06.longliuxing_BSA/68.三代数据组装和注释/60.二代转录组/01.data/clean
2026-02-10 15:03:29.703 - INFO - 数据模式|Data mode: 双末端|Paired-end
2026-02-10 15:03:29.703 - INFO - 文件模式|File pattern: *_1.fq.gz, *_2.fq.gz
2026-02-10 15:03:29.703 - INFO - 线程数|Threads: 12
2026-02-10 15:03:29.703 - INFO - 质量阈值|Quality threshold: 30
2026-02-10 15:03:29.703 - INFO - 最小长度|Minimum length: 50
2026-02-10 15:03:29.703 - INFO - ============================================================
2026-02-10 15:03:29.993 - INFO - Fastp可执行文件验证成功|Fastp executable validated: fastp
2026-02-10 15:03:29.993 - INFO - 创建清洁数据输出目录|Created clean data output directory: 01.data/clean
2026-02-10 15:03:29.993 - INFO - 创建报告文件输出目录|Created report output directory: 01.data/clean/fastp_reports
2026-02-10 15:03:29.993 - INFO - 找到 7 个read1文件|Found 7 read1 files
2026-02-10 15:03:30.021 - INFO - 找到 7 个有效样本配对|Found 7 valid sample pairs:
2026-02-10 15:03:30.021 - INFO -   - 44-23-4
2026-02-10 15:03:30.021 - INFO -   - 45-15-M8
2026-02-10 15:03:30.021 - INFO -   - 45-15-J1
2026-02-10 15:03:30.021 - INFO -   - 45-15-J9
2026-02-10 15:03:30.021 - INFO -   - 45-15-J10
2026-02-10 15:03:30.021 - INFO -   - 44-23-6
2026-02-10 15:03:30.021 - INFO -   - 45-15-M5
2026-02-10 15:03:30.021 - INFO - ---
2026-02-10 15:03:30.021 - INFO - 正在处理样本（双末端模式）|Processing sample (paired-end mode): 44-23-4
2026-02-10 15:03:30.021 - INFO -   Read 1 (输入|input): 01.data/raw/44-23-4_1.fq.gz
2026-02-10 15:03:30.021 - INFO -   Read 2 (输入|input): 01.data/raw/44-23-4_2.fq.gz
2026-02-10 15:03:30.021 - INFO -   Read 1 (输出|output): 01.data/clean/44-23-4_1.clean.fq.gz
2026-02-10 15:03:30.021 - INFO -   Read 2 (输出|output): 01.data/clean/44-23-4_2.clean.fq.gz
2026-02-10 15:03:30.021 - INFO -   HTML report (报告): 01.data/clean/fastp_reports/44-23-4.html
2026-02-10 15:03:30.021 - INFO - ---
2026-02-10 15:03:30.021 - INFO - 执行步骤|Executing step: FASTP质控处理|FASTP quality control -> 44-23-4
2026-02-10 15:03:30.022 - INFO - 命令|Command: fastp -i 01.data/raw/44-23-4_1.fq.gz -I 01.data/raw/44-23-4_2.fq.gz -o 01.data/clean/44-23-4_1.clean.fq.gz -O 01.data/clean/44-23-4_2.clean.fq.gz -h 01.data/clean/fastp_reports/44-23-4.html -j 01.data/clean/fastp_reports/44-23-4.json -w 12 -q 30 -l 50 -u 40 -n 10
2026-02-10 15:05:08.207 - INFO - 命令执行成功|Command executed successfully: FASTP质控处理|FASTP quality control -> 44-23-4
2026-02-10 15:05:08.210 - INFO - 样本 44-23-4 处理完成|Sample 44-23-4 processing completed
2026-02-10 15:05:08.210 - INFO - ---
2026-02-10 15:05:08.210 - INFO - 正在处理样本（双末端模式）|Processing sample (paired-end mode): 45-15-M8
2026-02-10 15:05:08.210 - INFO -   Read 1 (输入|input): 01.data/raw/45-15-M8_1.fq.gz
2026-02-10 15:05:08.210 - INFO -   Read 2 (输入|input): 01.data/raw/45-15-M8_2.fq.gz
2026-02-10 15:05:08.210 - INFO -   Read 1 (输出|output): 01.data/clean/45-15-M8_1.clean.fq.gz
2026-02-10 15:05:08.212 - INFO -   Read 2 (输出|output): 01.data/clean/45-15-M8_2.clean.fq.gz
2026-02-10 15:05:08.212 - INFO -   HTML report (报告): 01.data/clean/fastp_reports/45-15-M8.html
2026-02-10 15:05:08.212 - INFO - ---
2026-02-10 15:05:08.212 - INFO - 执行步骤|Executing step: FASTP质控处理|FASTP quality control -> 45-15-M8
2026-02-10 15:05:08.212 - INFO - 命令|Command: fastp -i 01.data/raw/45-15-M8_1.fq.gz -I 01.data/raw/45-15-M8_2.fq.gz -o 01.data/clean/45-15-M8_1.clean.fq.gz -O 01.data/clean/45-15-M8_2.clean.fq.gz -h 01.data/clean/fastp_reports/45-15-M8.html -j 01.data/clean/fastp_reports/45-15-M8.json -w 12 -q 30 -l 50 -u 40 -n 10
2026-02-10 15:06:47.527 - INFO - 命令执行成功|Command executed successfully: FASTP质控处理|FASTP quality control -> 45-15-M8
2026-02-10 15:06:47.528 - INFO - 样本 45-15-M8 处理完成|Sample 45-15-M8 processing completed
2026-02-10 15:06:47.528 - INFO - ---
2026-02-10 15:06:47.528 - INFO - 正在处理样本（双末端模式）|Processing sample (paired-end mode): 45-15-J1
2026-02-10 15:06:47.528 - INFO -   Read 1 (输入|input): 01.data/raw/45-15-J1_1.fq.gz
2026-02-10 15:06:47.528 - INFO -   Read 2 (输入|input): 01.data/raw/45-15-J1_2.fq.gz
2026-02-10 15:06:47.528 - INFO -   Read 1 (输出|output): 01.data/clean/45-15-J1_1.clean.fq.gz
2026-02-10 15:06:47.528 - INFO -   Read 2 (输出|output): 01.data/clean/45-15-J1_2.clean.fq.gz
2026-02-10 15:06:47.528 - INFO -   HTML report (报告): 01.data/clean/fastp_reports/45-15-J1.html
2026-02-10 15:06:47.528 - INFO - ---
2026-02-10 15:06:47.528 - INFO - 执行步骤|Executing step: FASTP质控处理|FASTP quality control -> 45-15-J1
2026-02-10 15:06:47.528 - INFO - 命令|Command: fastp -i 01.data/raw/45-15-J1_1.fq.gz -I 01.data/raw/45-15-J1_2.fq.gz -o 01.data/clean/45-15-J1_1.clean.fq.gz -O 01.data/clean/45-15-J1_2.clean.fq.gz -h 01.data/clean/fastp_reports/45-15-J1.html -j 01.data/clean/fastp_reports/45-15-J1.json -w 12 -q 30 -l 50 -u 40 -n 10
2026-02-10 15:08:20.927 - INFO - 命令执行成功|Command executed successfully: FASTP质控处理|FASTP quality control -> 45-15-J1
2026-02-10 15:08:20.927 - INFO - 样本 45-15-J1 处理完成|Sample 45-15-J1 processing completed
2026-02-10 15:08:20.927 - INFO - ---
2026-02-10 15:08:20.927 - INFO - 正在处理样本（双末端模式）|Processing sample (paired-end mode): 45-15-J9
2026-02-10 15:08:20.927 - INFO -   Read 1 (输入|input): 01.data/raw/45-15-J9_1.fq.gz
2026-02-10 15:08:20.927 - INFO -   Read 2 (输入|input): 01.data/raw/45-15-J9_2.fq.gz
2026-02-10 15:08:20.927 - INFO -   Read 1 (输出|output): 01.data/clean/45-15-J9_1.clean.fq.gz
2026-02-10 15:08:20.927 - INFO -   Read 2 (输出|output): 01.data/clean/45-15-J9_2.clean.fq.gz
2026-02-10 15:08:20.927 - INFO -   HTML report (报告): 01.data/clean/fastp_reports/45-15-J9.html
2026-02-10 15:08:20.927 - INFO - ---
2026-02-10 15:08:20.927 - INFO - 执行步骤|Executing step: FASTP质控处理|FASTP quality control -> 45-15-J9
2026-02-10 15:08:20.927 - INFO - 命令|Command: fastp -i 01.data/raw/45-15-J9_1.fq.gz -I 01.data/raw/45-15-J9_2.fq.gz -o 01.data/clean/45-15-J9_1.clean.fq.gz -O 01.data/clean/45-15-J9_2.clean.fq.gz -h 01.data/clean/fastp_reports/45-15-J9.html -j 01.data/clean/fastp_reports/45-15-J9.json -w 12 -q 30 -l 50 -u 40 -n 10
2026-02-10 15:09:52.308 - INFO - 命令执行成功|Command executed successfully: FASTP质控处理|FASTP quality control -> 45-15-J9
2026-02-10 15:09:52.309 - INFO - 样本 45-15-J9 处理完成|Sample 45-15-J9 processing completed
2026-02-10 15:09:52.309 - INFO - ---
2026-02-10 15:09:52.309 - INFO - 正在处理样本（双末端模式）|Processing sample (paired-end mode): 45-15-J10
2026-02-10 15:09:52.309 - INFO -   Read 1 (输入|input): 01.data/raw/45-15-J10_1.fq.gz
2026-02-10 15:09:52.309 - INFO -   Read 2 (输入|input): 01.data/raw/45-15-J10_2.fq.gz
2026-02-10 15:09:52.309 - INFO -   Read 1 (输出|output): 01.data/clean/45-15-J10_1.clean.fq.gz
2026-02-10 15:09:52.309 - INFO -   Read 2 (输出|output): 01.data/clean/45-15-J10_2.clean.fq.gz
2026-02-10 15:09:52.309 - INFO -   HTML report (报告): 01.data/clean/fastp_reports/45-15-J10.html
2026-02-10 15:09:52.309 - INFO - ---
2026-02-10 15:09:52.309 - INFO - 执行步骤|Executing step: FASTP质控处理|FASTP quality control -> 45-15-J10
2026-02-10 15:09:52.309 - INFO - 命令|Command: fastp -i 01.data/raw/45-15-J10_1.fq.gz -I 01.data/raw/45-15-J10_2.fq.gz -o 01.data/clean/45-15-J10_1.clean.fq.gz -O 01.data/clean/45-15-J10_2.clean.fq.gz -h 01.data/clean/fastp_reports/45-15-J10.html -j 01.data/clean/fastp_reports/45-15-J10.json -w 12 -q 30 -l 50 -u 40 -n 10
2026-02-10 15:11:22.448 - INFO - 命令执行成功|Command executed successfully: FASTP质控处理|FASTP quality control -> 45-15-J10
2026-02-10 15:11:22.448 - INFO - 样本 45-15-J10 处理完成|Sample 45-15-J10 processing completed
2026-02-10 15:11:22.448 - INFO - ---
2026-02-10 15:11:22.448 - INFO - 正在处理样本（双末端模式）|Processing sample (paired-end mode): 44-23-6
2026-02-10 15:11:22.448 - INFO -   Read 1 (输入|input): 01.data/raw/44-23-6_1.fq.gz
2026-02-10 15:11:22.448 - INFO -   Read 2 (输入|input): 01.data/raw/44-23-6_2.fq.gz
2026-02-10 15:11:22.448 - INFO -   Read 1 (输出|output): 01.data/clean/44-23-6_1.clean.fq.gz
2026-02-10 15:11:22.448 - INFO -   Read 2 (输出|output): 01.data/clean/44-23-6_2.clean.fq.gz
2026-02-10 15:11:22.448 - INFO -   HTML report (报告): 01.data/clean/fastp_reports/44-23-6.html
2026-02-10 15:11:22.448 - INFO - ---
2026-02-10 15:11:22.448 - INFO - 执行步骤|Executing step: FASTP质控处理|FASTP quality control -> 44-23-6
2026-02-10 15:11:22.448 - INFO - 命令|Command: fastp -i 01.data/raw/44-23-6_1.fq.gz -I 01.data/raw/44-23-6_2.fq.gz -o 01.data/clean/44-23-6_1.clean.fq.gz -O 01.data/clean/44-23-6_2.clean.fq.gz -h 01.data/clean/fastp_reports/44-23-6.html -j 01.data/clean/fastp_reports/44-23-6.json -w 12 -q 30 -l 50 -u 40 -n 10
2026-02-10 15:12:57.736 - INFO - 命令执行成功|Command executed successfully: FASTP质控处理|FASTP quality control -> 44-23-6
2026-02-10 15:12:57.736 - INFO - 样本 44-23-6 处理完成|Sample 44-23-6 processing completed
2026-02-10 15:12:57.736 - INFO - ---
2026-02-10 15:12:57.736 - INFO - 正在处理样本（双末端模式）|Processing sample (paired-end mode): 45-15-M5
2026-02-10 15:12:57.736 - INFO -   Read 1 (输入|input): 01.data/raw/45-15-M5_1.fq.gz
2026-02-10 15:12:57.736 - INFO -   Read 2 (输入|input): 01.data/raw/45-15-M5_2.fq.gz
2026-02-10 15:12:57.736 - INFO -   Read 1 (输出|output): 01.data/clean/45-15-M5_1.clean.fq.gz
2026-02-10 15:12:57.736 - INFO -   Read 2 (输出|output): 01.data/clean/45-15-M5_2.clean.fq.gz
2026-02-10 15:12:57.736 - INFO -   HTML report (报告): 01.data/clean/fastp_reports/45-15-M5.html
2026-02-10 15:12:57.736 - INFO - ---
2026-02-10 15:12:57.736 - INFO - 执行步骤|Executing step: FASTP质控处理|FASTP quality control -> 45-15-M5
2026-02-10 15:12:57.736 - INFO - 命令|Command: fastp -i 01.data/raw/45-15-M5_1.fq.gz -I 01.data/raw/45-15-M5_2.fq.gz -o 01.data/clean/45-15-M5_1.clean.fq.gz -O 01.data/clean/45-15-M5_2.clean.fq.gz -h 01.data/clean/fastp_reports/45-15-M5.html -j 01.data/clean/fastp_reports/45-15-M5.json -w 12 -q 30 -l 50 -u 40 -n 10
2026-02-10 15:14:24.909 - INFO - 命令执行成功|Command executed successfully: FASTP质控处理|FASTP quality control -> 45-15-M5
2026-02-10 15:14:24.910 - INFO - 样本 45-15-M5 处理完成|Sample 45-15-M5 processing completed
2026-02-10 15:14:25.309 - INFO - 总结报告已生成|Summary report generated: 01.data/clean/fastp_processing_summary.txt
2026-02-10 15:14:25.309 - INFO - ============================================================
2026-02-10 15:14:25.309 - INFO - FASTQ质控批处理完成|FASTQ quality control batch processing completed!
2026-02-10 15:14:25.309 - INFO - 总样本数|Total samples: 7
2026-02-10 15:14:25.309 - INFO - 成功处理|Successfully processed: 7
2026-02-10 15:14:25.309 - INFO - 失败样本|Failed samples: 0
2026-02-10 15:14:25.309 - INFO - 成功率|Success rate: 100.0%
2026-02-10 15:14:25.309 - INFO - 质控后的清洁数据位于|Clean data location: /share/org/YZWL/yzwl_lixg/project/06.longliuxing_BSA/68.三代数据组装和注释/60.二代转录组/01.data/clean
2026-02-10 15:14:25.309 - INFO - 质控报告位于|QC reports location: 01.data/clean/fastp_reports
2026-02-10 15:14:25.309 - INFO - ============================================================
2026-02-10 15:14:25.309 - INFO - ============================================================
2026-02-10 15:14:25.309 - INFO - Pipeline Summary
2026-02-10 15:14:25.309 - INFO - ============================================================
2026-02-10 15:14:25.309 - INFO - Total runtime: 655.72 seconds
2026-02-10 15:14:25.309 - INFO - Output directory: 01.data/clean
2026-02-10 15:14:25.309 - INFO - Pipeline completed successfully
2026-02-10 15:14:34.710 - INFO - ============================================================
2026-02-10 15:14:34.710 - INFO - RNA-seq分析流程开始|RNA-seq analysis pipeline started
2026-02-10 15:14:34.710 - INFO - ============================================================
2026-02-10 15:14:34.710 - INFO - 基因组文件|Genome file: /share/org/YZWL/yzwl_lixg/project/06.longliuxing_BSA/68.三代数据组装和注释/60.二代转录组/01.data/genome/OV53_Chr.fa
2026-02-10 15:14:34.710 - INFO - 输入路径|Input path: /share/org/YZWL/yzwl_lixg/project/06.longliuxing_BSA/68.三代数据组装和注释/60.二代转录组/01.data/clean
2026-02-10 15:14:34.710 - INFO - 输出目录|Output directory: /share/org/YZWL/yzwl_lixg/project/06.longliuxing_BSA/68.三代数据组装和注释/60.二代转录组/02.rnaseq
2026-02-10 15:14:34.710 - INFO - GTF文件|GTF file: /share/org/YZWL/yzwl_lixg/project/06.longliuxing_BSA/68.三代数据组装和注释/60.二代转录组/01.data/genome/OV53_Chr.gtf
2026-02-10 15:14:34.710 - INFO - 线程数|Threads: 64
2026-02-10 15:14:34.710 - INFO - 删除BAM文件|Remove BAM files: no
2026-02-10 15:14:34.710 - INFO - 文件模式|File pattern: *_1.clean.fq.gz
2026-02-10 15:14:34.710 - INFO - ============================================================
2026-02-10 15:14:34.710 - INFO - 步骤1: 构建HISAT2索引|Step 1: Building HISAT2 index
2026-02-10 15:14:34.710 - INFO - ============================================================
2026-02-10 15:14:34.710 - INFO - 提取剪接位点|Extracting splice sites: /share/org/YZWL/yzwl_lixg/project/06.longliuxing_BSA/68.三代数据组装和注释/60.二代转录组/01.data/genome/OV53_Chr.gtf -> /share/org/YZWL/yzwl_lixg/project/06.longliuxing_BSA/68.三代数据组装和注释/60.二代转录组/01.data/genome/OV53_Chr.ss
2026-02-10 15:14:34.710 - INFO - 运行|Running: 提取剪接位点|Extract splice sites
2026-02-10 15:14:34.710 - INFO - 命令|Command: extract_splice_sites.py /share/org/YZWL/yzwl_lixg/project/06.longliuxing_BSA/68.三代数据组装和注释/60.二代转录组/01.data/genome/OV53_Chr.gtf > /share/org/YZWL/yzwl_lixg/project/06.longliuxing_BSA/68.三代数据组装和注释/60.二代转录组/01.data/genome/OV53_Chr.ss
2026-02-10 15:14:38.128 - INFO - 提取剪接位点|Extract splice sites 完成|completed
2026-02-10 15:14:38.128 - INFO - 剪接位点提取完成|Splice sites extraction completed: /share/org/YZWL/yzwl_lixg/project/06.longliuxing_BSA/68.三代数据组装和注释/60.二代转录组/01.data/genome/OV53_Chr.ss
2026-02-10 15:14:38.128 - INFO - 提取外显子|Extracting exons: /share/org/YZWL/yzwl_lixg/project/06.longliuxing_BSA/68.三代数据组装和注释/60.二代转录组/01.data/genome/OV53_Chr.gtf -> /share/org/YZWL/yzwl_lixg/project/06.longliuxing_BSA/68.三代数据组装和注释/60.二代转录组/01.data/genome/OV53_Chr.exon
2026-02-10 15:14:38.128 - INFO - 运行|Running: 提取外显子|Extract exons
2026-02-10 15:14:38.128 - INFO - 命令|Command: extract_exons.py /share/org/YZWL/yzwl_lixg/project/06.longliuxing_BSA/68.三代数据组装和注释/60.二代转录组/01.data/genome/OV53_Chr.gtf > /share/org/YZWL/yzwl_lixg/project/06.longliuxing_BSA/68.三代数据组装和注释/60.二代转录组/01.data/genome/OV53_Chr.exon
2026-02-10 15:14:40.860 - INFO - 提取外显子|Extract exons 完成|completed
2026-02-10 15:14:40.860 - INFO - 外显子提取完成|Exons extraction completed: /share/org/YZWL/yzwl_lixg/project/06.longliuxing_BSA/68.三代数据组装和注释/60.二代转录组/01.data/genome/OV53_Chr.exon
2026-02-10 15:14:40.860 - INFO - 使用剪接位点文件|Using splice sites file: /share/org/YZWL/yzwl_lixg/project/06.longliuxing_BSA/68.三代数据组装和注释/60.二代转录组/01.data/genome/OV53_Chr.ss
2026-02-10 15:14:40.860 - INFO - 使用外显子文件|Using exons file: /share/org/YZWL/yzwl_lixg/project/06.longliuxing_BSA/68.三代数据组装和注释/60.二代转录组/01.data/genome/OV53_Chr.exon
2026-02-10 15:14:40.863 - INFO - 构建HISAT2索引|Building HISAT2 index with command: hisat2-build --ss /share/org/YZWL/yzwl_lixg/project/06.longliuxing_BSA/68.三代数据组装和注释/60.二代转录组/01.data/genome/OV53_Chr.ss --exon /share/org/YZWL/yzwl_lixg/project/06.longliuxing_BSA/68.三代数据组装和注释/60.二代转录组/01.data/genome/OV53_Chr.exon -p 64 /share/org/YZWL/yzwl_lixg/project/06.longliuxing_BSA/68.三代数据组装和注释/60.二代转录组/01.data/genome/OV53_Chr.fa /share/org/YZWL/yzwl_lixg/project/06.longliuxing_BSA/68.三代数据组装和注释/60.二代转录组/01.data/genome/OV53_Chr.hisat2.index
2026-02-10 15:14:40.863 - INFO - 运行|Running: 构建HISAT2索引|Building HISAT2 index
2026-02-10 15:14:40.863 - INFO - 命令|Command: hisat2-build --ss /share/org/YZWL/yzwl_lixg/project/06.longliuxing_BSA/68.三代数据组装和注释/60.二代转录组/01.data/genome/OV53_Chr.ss --exon /share/org/YZWL/yzwl_lixg/project/06.longliuxing_BSA/68.三代数据组装和注释/60.二代转录组/01.data/genome/OV53_Chr.exon -p 64 /share/org/YZWL/yzwl_lixg/project/06.longliuxing_BSA/68.三代数据组装和注释/60.二代转录组/01.data/genome/OV53_Chr.fa /share/org/YZWL/yzwl_lixg/project/06.longliuxing_BSA/68.三代数据组装和注释/60.二代转录组/01.data/genome/OV53_Chr.hisat2.index
2026-02-10 15:27:54.086 - INFO - 构建HISAT2索引|Building HISAT2 index 完成|completed
2026-02-10 15:27:54.087 - INFO - HISAT2索引构建完成|HISAT2 index building completed: /share/org/YZWL/yzwl_lixg/project/06.longliuxing_BSA/68.三代数据组装和注释/60.二代转录组/01.data/genome/OV53_Chr.hisat2.index
2026-02-10 15:27:54.087 - INFO - ============================================================
2026-02-10 15:27:54.087 - INFO - 步骤2: 解析输入样本|Step 2: Parsing input samples
2026-02-10 15:27:54.087 - INFO - ============================================================
2026-02-10 15:27:54.087 - INFO - 使用指定的文件模式|Using specified file pattern: *_1.clean.fq.gz
2026-02-10 15:27:54.087 - INFO - 检测到read标识符|Detected read indicator: _1 <-> _2
2026-02-10 15:27:54.087 - INFO - 搜索模式|Search pattern: /share/org/YZWL/yzwl_lixg/project/06.longliuxing_BSA/68.三代数据组装和注释/60.二代转录组/01.data/clean/*_1.clean.fq.gz
2026-02-10 15:27:54.087 - INFO - 找到 7 个read1文件|Found 7 read1 files
2026-02-10 15:27:54.087 - INFO - 样本|Sample: 44-23-4
2026-02-10 15:27:54.087 - INFO -   Read1: 44-23-4_1.clean.fq.gz
2026-02-10 15:27:54.087 - INFO -   Read2: 44-23-4_2.clean.fq.gz (期望|expected)
2026-02-10 15:27:54.087 - INFO - 配对成功|Paired successfully
2026-02-10 15:27:54.087 - INFO - 样本|Sample: 44-23-6
2026-02-10 15:27:54.087 - INFO -   Read1: 44-23-6_1.clean.fq.gz
2026-02-10 15:27:54.087 - INFO -   Read2: 44-23-6_2.clean.fq.gz (期望|expected)
2026-02-10 15:27:54.087 - INFO - 配对成功|Paired successfully
2026-02-10 15:27:54.087 - INFO - 样本|Sample: 45-15-J10
2026-02-10 15:27:54.087 - INFO -   Read1: 45-15-J10_1.clean.fq.gz
2026-02-10 15:27:54.087 - INFO -   Read2: 45-15-J10_2.clean.fq.gz (期望|expected)
2026-02-10 15:27:54.087 - INFO - 配对成功|Paired successfully
2026-02-10 15:27:54.088 - INFO - 样本|Sample: 45-15-J1
2026-02-10 15:27:54.088 - INFO -   Read1: 45-15-J1_1.clean.fq.gz
2026-02-10 15:27:54.088 - INFO -   Read2: 45-15-J1_2.clean.fq.gz (期望|expected)
2026-02-10 15:27:54.088 - INFO - 配对成功|Paired successfully
2026-02-10 15:27:54.088 - INFO - 样本|Sample: 45-15-J9
2026-02-10 15:27:54.088 - INFO -   Read1: 45-15-J9_1.clean.fq.gz
2026-02-10 15:27:54.088 - INFO -   Read2: 45-15-J9_2.clean.fq.gz (期望|expected)
2026-02-10 15:27:54.088 - INFO - 配对成功|Paired successfully
2026-02-10 15:27:54.088 - INFO - 样本|Sample: 45-15-M5
2026-02-10 15:27:54.088 - INFO -   Read1: 45-15-M5_1.clean.fq.gz
2026-02-10 15:27:54.088 - INFO -   Read2: 45-15-M5_2.clean.fq.gz (期望|expected)
2026-02-10 15:27:54.088 - INFO - 配对成功|Paired successfully
2026-02-10 15:27:54.088 - INFO - 样本|Sample: 45-15-M8
2026-02-10 15:27:54.088 - INFO -   Read1: 45-15-M8_1.clean.fq.gz
2026-02-10 15:27:54.088 - INFO -   Read2: 45-15-M8_2.clean.fq.gz (期望|expected)
2026-02-10 15:27:54.088 - INFO - 配对成功|Paired successfully
2026-02-10 15:27:54.088 - INFO - 找到 7 个样本|Found 7 samples:
2026-02-10 15:27:54.088 - INFO -   - 44-23-4: /share/org/YZWL/yzwl_lixg/project/06.longliuxing_BSA/68.三代数据组装和注释/60.二代转录组/01.data/clean/44-23-4_1.clean.fq.gz, /share/org/YZWL/yzwl_lixg/project/06.longliuxing_BSA/68.三代数据组装和注释/60.二代转录组/01.data/clean/44-23-4_2.clean.fq.gz
2026-02-10 15:27:54.088 - INFO -   - 44-23-6: /share/org/YZWL/yzwl_lixg/project/06.longliuxing_BSA/68.三代数据组装和注释/60.二代转录组/01.data/clean/44-23-6_1.clean.fq.gz, /share/org/YZWL/yzwl_lixg/project/06.longliuxing_BSA/68.三代数据组装和注释/60.二代转录组/01.data/clean/44-23-6_2.clean.fq.gz
2026-02-10 15:27:54.088 - INFO -   - 45-15-J10: /share/org/YZWL/yzwl_lixg/project/06.longliuxing_BSA/68.三代数据组装和注释/60.二代转录组/01.data/clean/45-15-J10_1.clean.fq.gz, /share/org/YZWL/yzwl_lixg/project/06.longliuxing_BSA/68.三代数据组装和注释/60.二代转录组/01.data/clean/45-15-J10_2.clean.fq.gz
2026-02-10 15:27:54.088 - INFO -   - 45-15-J1: /share/org/YZWL/yzwl_lixg/project/06.longliuxing_BSA/68.三代数据组装和注释/60.二代转录组/01.data/clean/45-15-J1_1.clean.fq.gz, /share/org/YZWL/yzwl_lixg/project/06.longliuxing_BSA/68.三代数据组装和注释/60.二代转录组/01.data/clean/45-15-J1_2.clean.fq.gz
2026-02-10 15:27:54.088 - INFO -   - 45-15-J9: /share/org/YZWL/yzwl_lixg/project/06.longliuxing_BSA/68.三代数据组装和注释/60.二代转录组/01.data/clean/45-15-J9_1.clean.fq.gz, /share/org/YZWL/yzwl_lixg/project/06.longliuxing_BSA/68.三代数据组装和注释/60.二代转录组/01.data/clean/45-15-J9_2.clean.fq.gz
2026-02-10 15:27:54.088 - INFO -   - 45-15-M5: /share/org/YZWL/yzwl_lixg/project/06.longliuxing_BSA/68.三代数据组装和注释/60.二代转录组/01.data/clean/45-15-M5_1.clean.fq.gz, /share/org/YZWL/yzwl_lixg/project/06.longliuxing_BSA/68.三代数据组装和注释/60.二代转录组/01.data/clean/45-15-M5_2.clean.fq.gz
2026-02-10 15:27:54.088 - INFO -   - 45-15-M8: /share/org/YZWL/yzwl_lixg/project/06.longliuxing_BSA/68.三代数据组装和注释/60.二代转录组/01.data/clean/45-15-M8_1.clean.fq.gz, /share/org/YZWL/yzwl_lixg/project/06.longliuxing_BSA/68.三代数据组装和注释/60.二代转录组/01.data/clean/45-15-M8_2.clean.fq.gz
2026-02-10 15:27:54.088 - INFO - ============================================================
2026-02-10 15:27:54.088 - INFO - 步骤3: 处理所有样本|Step 3: Processing all samples
2026-02-10 15:27:54.088 - INFO - ============================================================
2026-02-10 15:27:54.088 - INFO - ============================================================
2026-02-10 15:27:54.088 - INFO - 处理样本|Processing sample: 44-23-4
2026-02-10 15:27:54.088 - INFO - ============================================================
2026-02-10 15:27:54.089 - INFO - 运行|Running: HISAT2比对和排序|HISAT2 alignment and sorting -> /share/org/YZWL/yzwl_lixg/project/06.longliuxing_BSA/68.三代数据组装和注释/60.二代转录组/02.rnaseq/01.bam/44-23-4.sorted.bam
2026-02-10 15:27:54.089 - INFO - 命令|Command: hisat2 -x /share/org/YZWL/yzwl_lixg/project/06.longliuxing_BSA/68.三代数据组装和注释/60.二代转录组/01.data/genome/OV53_Chr.hisat2.index -1 /share/org/YZWL/yzwl_lixg/project/06.longliuxing_BSA/68.三代数据组装和注释/60.二代转录组/01.data/clean/44-23-4_1.clean.fq.gz -2 /share/org/YZWL/yzwl_lixg/project/06.longliuxing_BSA/68.三代数据组装和注释/60.二代转录组/01.data/clean/44-23-4_2.clean.fq.gz -p 64|samtools sort -@ 64 -O BAM -o /share/org/YZWL/yzwl_lixg/project/06.longliuxing_BSA/68.三代数据组装和注释/60.二代转录组/02.rnaseq/01.bam/44-23-4.sorted.bam -
2026-02-10 15:27:54.089 - INFO - 超时设置|Timeout: 21600秒|seconds (6.0小时|hours)
2026-02-10 15:38:23.993 - INFO - HISAT2比对和排序|HISAT2 alignment and sorting -> /share/org/YZWL/yzwl_lixg/project/06.longliuxing_BSA/68.三代数据组装和注释/60.二代转录组/02.rnaseq/01.bam/44-23-4.sorted.bam 完成|completed
2026-02-10 15:38:23.994 - INFO - 比对完成|Alignment completed: /share/org/YZWL/yzwl_lixg/project/06.longliuxing_BSA/68.三代数据组装和注释/60.二代转录组/02.rnaseq/01.bam/44-23-4.sorted.bam
2026-02-10 15:38:23.995 - INFO - 运行|Running: StringTie定量|StringTie quantification -> /share/org/YZWL/yzwl_lixg/project/06.longliuxing_BSA/68.三代数据组装和注释/60.二代转录组/02.rnaseq/02.stringtie/44-23-4.gtf
2026-02-10 15:38:23.995 - INFO - 命令|Command: stringtie -p 64 -G /share/org/YZWL/yzwl_lixg/project/06.longliuxing_BSA/68.三代数据组装和注释/60.二代转录组/01.data/genome/OV53_Chr.gtf -o /share/org/YZWL/yzwl_lixg/project/06.longliuxing_BSA/68.三代数据组装和注释/60.二代转录组/02.rnaseq/02.stringtie/44-23-4.gtf -e /share/org/YZWL/yzwl_lixg/project/06.longliuxing_BSA/68.三代数据组装和注释/60.二代转录组/02.rnaseq/01.bam/44-23-4.sorted.bam
2026-02-10 15:40:01.994 - INFO - StringTie定量|StringTie quantification -> /share/org/YZWL/yzwl_lixg/project/06.longliuxing_BSA/68.三代数据组装和注释/60.二代转录组/02.rnaseq/02.stringtie/44-23-4.gtf 完成|completed
2026-02-10 15:40:01.994 - INFO - 定量完成|Quantification completed: /share/org/YZWL/yzwl_lixg/project/06.longliuxing_BSA/68.三代数据组装和注释/60.二代转录组/02.rnaseq/02.stringtie/44-23-4.gtf
2026-02-10 15:40:01.994 - INFO - 提取FPKM和TPM值|Extracting FPKM and TPM values: /share/org/YZWL/yzwl_lixg/project/06.longliuxing_BSA/68.三代数据组装和注释/60.二代转录组/02.rnaseq/02.stringtie/44-23-4.gtf
2026-02-10 15:40:02.485 - INFO - GTF值提取完成|GTF value extraction completed: /share/org/YZWL/yzwl_lixg/project/06.longliuxing_BSA/68.三代数据组装和注释/60.二代转录组/02.rnaseq/03.fpkm_tpm/44-23-4.fpkm.txt
2026-02-10 15:40:02.485 - INFO - 提取了|Extracted 102358个转录本|transcripts
2026-02-10 15:40:02.485 - INFO - 保留BAM文件|BAM file retained: /share/org/YZWL/yzwl_lixg/project/06.longliuxing_BSA/68.三代数据组装和注释/60.二代转录组/02.rnaseq/01.bam/44-23-4.sorted.bam
2026-02-10 15:40:02.485 - INFO - ============================================================
2026-02-10 15:40:02.485 - INFO - 处理样本|Processing sample: 44-23-6
2026-02-10 15:40:02.485 - INFO - ============================================================
2026-02-10 15:40:02.485 - INFO - 运行|Running: HISAT2比对和排序|HISAT2 alignment and sorting -> /share/org/YZWL/yzwl_lixg/project/06.longliuxing_BSA/68.三代数据组装和注释/60.二代转录组/02.rnaseq/01.bam/44-23-6.sorted.bam
2026-02-10 15:40:02.485 - INFO - 命令|Command: hisat2 -x /share/org/YZWL/yzwl_lixg/project/06.longliuxing_BSA/68.三代数据组装和注释/60.二代转录组/01.data/genome/OV53_Chr.hisat2.index -1 /share/org/YZWL/yzwl_lixg/project/06.longliuxing_BSA/68.三代数据组装和注释/60.二代转录组/01.data/clean/44-23-6_1.clean.fq.gz -2 /share/org/YZWL/yzwl_lixg/project/06.longliuxing_BSA/68.三代数据组装和注释/60.二代转录组/01.data/clean/44-23-6_2.clean.fq.gz -p 64|samtools sort -@ 64 -O BAM -o /share/org/YZWL/yzwl_lixg/project/06.longliuxing_BSA/68.三代数据组装和注释/60.二代转录组/02.rnaseq/01.bam/44-23-6.sorted.bam -
2026-02-10 15:40:02.485 - INFO - 超时设置|Timeout: 21600秒|seconds (6.0小时|hours)
2026-02-10 15:47:00.513 - INFO - HISAT2比对和排序|HISAT2 alignment and sorting -> /share/org/YZWL/yzwl_lixg/project/06.longliuxing_BSA/68.三代数据组装和注释/60.二代转录组/02.rnaseq/01.bam/44-23-6.sorted.bam 完成|completed
2026-02-10 15:47:00.513 - INFO - 比对完成|Alignment completed: /share/org/YZWL/yzwl_lixg/project/06.longliuxing_BSA/68.三代数据组装和注释/60.二代转录组/02.rnaseq/01.bam/44-23-6.sorted.bam
2026-02-10 15:47:00.513 - INFO - 运行|Running: StringTie定量|StringTie quantification -> /share/org/YZWL/yzwl_lixg/project/06.longliuxing_BSA/68.三代数据组装和注释/60.二代转录组/02.rnaseq/02.stringtie/44-23-6.gtf
2026-02-10 15:47:00.513 - INFO - 命令|Command: stringtie -p 64 -G /share/org/YZWL/yzwl_lixg/project/06.longliuxing_BSA/68.三代数据组装和注释/60.二代转录组/01.data/genome/OV53_Chr.gtf -o /share/org/YZWL/yzwl_lixg/project/06.longliuxing_BSA/68.三代数据组装和注释/60.二代转录组/02.rnaseq/02.stringtie/44-23-6.gtf -e /share/org/YZWL/yzwl_lixg/project/06.longliuxing_BSA/68.三代数据组装和注释/60.二代转录组/02.rnaseq/01.bam/44-23-6.sorted.bam
2026-02-10 15:48:32.569 - INFO - StringTie定量|StringTie quantification -> /share/org/YZWL/yzwl_lixg/project/06.longliuxing_BSA/68.三代数据组装和注释/60.二代转录组/02.rnaseq/02.stringtie/44-23-6.gtf 完成|completed
2026-02-10 15:48:32.569 - INFO - 定量完成|Quantification completed: /share/org/YZWL/yzwl_lixg/project/06.longliuxing_BSA/68.三代数据组装和注释/60.二代转录组/02.rnaseq/02.stringtie/44-23-6.gtf
2026-02-10 15:48:32.569 - INFO - 提取FPKM和TPM值|Extracting FPKM and TPM values: /share/org/YZWL/yzwl_lixg/project/06.longliuxing_BSA/68.三代数据组装和注释/60.二代转录组/02.rnaseq/02.stringtie/44-23-6.gtf
2026-02-10 15:48:33.061 - INFO - GTF值提取完成|GTF value extraction completed: /share/org/YZWL/yzwl_lixg/project/06.longliuxing_BSA/68.三代数据组装和注释/60.二代转录组/02.rnaseq/03.fpkm_tpm/44-23-6.fpkm.txt
2026-02-10 15:48:33.062 - INFO - 提取了|Extracted 102373个转录本|transcripts
2026-02-10 15:48:33.062 - INFO - 保留BAM文件|BAM file retained: /share/org/YZWL/yzwl_lixg/project/06.longliuxing_BSA/68.三代数据组装和注释/60.二代转录组/02.rnaseq/01.bam/44-23-6.sorted.bam
2026-02-10 15:48:33.062 - INFO - ============================================================
2026-02-10 15:48:33.062 - INFO - 处理样本|Processing sample: 45-15-J10
2026-02-10 15:48:33.062 - INFO - ============================================================
2026-02-10 15:48:33.062 - INFO - 运行|Running: HISAT2比对和排序|HISAT2 alignment and sorting -> /share/org/YZWL/yzwl_lixg/project/06.longliuxing_BSA/68.三代数据组装和注释/60.二代转录组/02.rnaseq/01.bam/45-15-J10.sorted.bam
2026-02-10 15:48:33.062 - INFO - 命令|Command: hisat2 -x /share/org/YZWL/yzwl_lixg/project/06.longliuxing_BSA/68.三代数据组装和注释/60.二代转录组/01.data/genome/OV53_Chr.hisat2.index -1 /share/org/YZWL/yzwl_lixg/project/06.longliuxing_BSA/68.三代数据组装和注释/60.二代转录组/01.data/clean/45-15-J10_1.clean.fq.gz -2 /share/org/YZWL/yzwl_lixg/project/06.longliuxing_BSA/68.三代数据组装和注释/60.二代转录组/01.data/clean/45-15-J10_2.clean.fq.gz -p 64|samtools sort -@ 64 -O BAM -o /share/org/YZWL/yzwl_lixg/project/06.longliuxing_BSA/68.三代数据组装和注释/60.二代转录组/02.rnaseq/01.bam/45-15-J10.sorted.bam -
2026-02-10 15:48:33.062 - INFO - 超时设置|Timeout: 21600秒|seconds (6.0小时|hours)
2026-02-10 15:58:13.159 - INFO - HISAT2比对和排序|HISAT2 alignment and sorting -> /share/org/YZWL/yzwl_lixg/project/06.longliuxing_BSA/68.三代数据组装和注释/60.二代转录组/02.rnaseq/01.bam/45-15-J10.sorted.bam 完成|completed
2026-02-10 15:58:13.159 - INFO - 比对完成|Alignment completed: /share/org/YZWL/yzwl_lixg/project/06.longliuxing_BSA/68.三代数据组装和注释/60.二代转录组/02.rnaseq/01.bam/45-15-J10.sorted.bam
2026-02-10 15:58:13.159 - INFO - 运行|Running: StringTie定量|StringTie quantification -> /share/org/YZWL/yzwl_lixg/project/06.longliuxing_BSA/68.三代数据组装和注释/60.二代转录组/02.rnaseq/02.stringtie/45-15-J10.gtf
2026-02-10 15:58:13.159 - INFO - 命令|Command: stringtie -p 64 -G /share/org/YZWL/yzwl_lixg/project/06.longliuxing_BSA/68.三代数据组装和注释/60.二代转录组/01.data/genome/OV53_Chr.gtf -o /share/org/YZWL/yzwl_lixg/project/06.longliuxing_BSA/68.三代数据组装和注释/60.二代转录组/02.rnaseq/02.stringtie/45-15-J10.gtf -e /share/org/YZWL/yzwl_lixg/project/06.longliuxing_BSA/68.三代数据组装和注释/60.二代转录组/02.rnaseq/01.bam/45-15-J10.sorted.bam
2026-02-10 15:59:46.989 - INFO - StringTie定量|StringTie quantification -> /share/org/YZWL/yzwl_lixg/project/06.longliuxing_BSA/68.三代数据组装和注释/60.二代转录组/02.rnaseq/02.stringtie/45-15-J10.gtf 完成|completed
2026-02-10 15:59:46.989 - INFO - 定量完成|Quantification completed: /share/org/YZWL/yzwl_lixg/project/06.longliuxing_BSA/68.三代数据组装和注释/60.二代转录组/02.rnaseq/02.stringtie/45-15-J10.gtf
2026-02-10 15:59:46.990 - INFO - 提取FPKM和TPM值|Extracting FPKM and TPM values: /share/org/YZWL/yzwl_lixg/project/06.longliuxing_BSA/68.三代数据组装和注释/60.二代转录组/02.rnaseq/02.stringtie/45-15-J10.gtf
2026-02-10 15:59:47.477 - INFO - GTF值提取完成|GTF value extraction completed: /share/org/YZWL/yzwl_lixg/project/06.longliuxing_BSA/68.三代数据组装和注释/60.二代转录组/02.rnaseq/03.fpkm_tpm/45-15-J10.fpkm.txt
2026-02-10 15:59:47.477 - INFO - 提取了|Extracted 102374个转录本|transcripts
2026-02-10 15:59:47.477 - INFO - 保留BAM文件|BAM file retained: /share/org/YZWL/yzwl_lixg/project/06.longliuxing_BSA/68.三代数据组装和注释/60.二代转录组/02.rnaseq/01.bam/45-15-J10.sorted.bam
2026-02-10 15:59:47.477 - INFO - ============================================================
2026-02-10 15:59:47.477 - INFO - 处理样本|Processing sample: 45-15-J1
2026-02-10 15:59:47.477 - INFO - ============================================================
2026-02-10 15:59:47.477 - INFO - 运行|Running: HISAT2比对和排序|HISAT2 alignment and sorting -> /share/org/YZWL/yzwl_lixg/project/06.longliuxing_BSA/68.三代数据组装和注释/60.二代转录组/02.rnaseq/01.bam/45-15-J1.sorted.bam
2026-02-10 15:59:47.477 - INFO - 命令|Command: hisat2 -x /share/org/YZWL/yzwl_lixg/project/06.longliuxing_BSA/68.三代数据组装和注释/60.二代转录组/01.data/genome/OV53_Chr.hisat2.index -1 /share/org/YZWL/yzwl_lixg/project/06.longliuxing_BSA/68.三代数据组装和注释/60.二代转录组/01.data/clean/45-15-J1_1.clean.fq.gz -2 /share/org/YZWL/yzwl_lixg/project/06.longliuxing_BSA/68.三代数据组装和注释/60.二代转录组/01.data/clean/45-15-J1_2.clean.fq.gz -p 64|samtools sort -@ 64 -O BAM -o /share/org/YZWL/yzwl_lixg/project/06.longliuxing_BSA/68.三代数据组装和注释/60.二代转录组/02.rnaseq/01.bam/45-15-J1.sorted.bam -
2026-02-10 15:59:47.477 - INFO - 超时设置|Timeout: 21600秒|seconds (6.0小时|hours)
2026-02-10 16:09:43.036 - INFO - HISAT2比对和排序|HISAT2 alignment and sorting -> /share/org/YZWL/yzwl_lixg/project/06.longliuxing_BSA/68.三代数据组装和注释/60.二代转录组/02.rnaseq/01.bam/45-15-J1.sorted.bam 完成|completed
2026-02-10 16:09:43.037 - INFO - 比对完成|Alignment completed: /share/org/YZWL/yzwl_lixg/project/06.longliuxing_BSA/68.三代数据组装和注释/60.二代转录组/02.rnaseq/01.bam/45-15-J1.sorted.bam
2026-02-10 16:09:43.037 - INFO - 运行|Running: StringTie定量|StringTie quantification -> /share/org/YZWL/yzwl_lixg/project/06.longliuxing_BSA/68.三代数据组装和注释/60.二代转录组/02.rnaseq/02.stringtie/45-15-J1.gtf
2026-02-10 16:09:43.037 - INFO - 命令|Command: stringtie -p 64 -G /share/org/YZWL/yzwl_lixg/project/06.longliuxing_BSA/68.三代数据组装和注释/60.二代转录组/01.data/genome/OV53_Chr.gtf -o /share/org/YZWL/yzwl_lixg/project/06.longliuxing_BSA/68.三代数据组装和注释/60.二代转录组/02.rnaseq/02.stringtie/45-15-J1.gtf -e /share/org/YZWL/yzwl_lixg/project/06.longliuxing_BSA/68.三代数据组装和注释/60.二代转录组/02.rnaseq/01.bam/45-15-J1.sorted.bam
2026-02-10 16:11:24.602 - INFO - StringTie定量|StringTie quantification -> /share/org/YZWL/yzwl_lixg/project/06.longliuxing_BSA/68.三代数据组装和注释/60.二代转录组/02.rnaseq/02.stringtie/45-15-J1.gtf 完成|completed
2026-02-10 16:11:24.603 - INFO - 定量完成|Quantification completed: /share/org/YZWL/yzwl_lixg/project/06.longliuxing_BSA/68.三代数据组装和注释/60.二代转录组/02.rnaseq/02.stringtie/45-15-J1.gtf
2026-02-10 16:11:24.603 - INFO - 提取FPKM和TPM值|Extracting FPKM and TPM values: /share/org/YZWL/yzwl_lixg/project/06.longliuxing_BSA/68.三代数据组装和注释/60.二代转录组/02.rnaseq/02.stringtie/45-15-J1.gtf
2026-02-10 16:11:25.085 - INFO - GTF值提取完成|GTF value extraction completed: /share/org/YZWL/yzwl_lixg/project/06.longliuxing_BSA/68.三代数据组装和注释/60.二代转录组/02.rnaseq/03.fpkm_tpm/45-15-J1.fpkm.txt
2026-02-10 16:11:25.086 - INFO - 提取了|Extracted 102371个转录本|transcripts
2026-02-10 16:11:25.086 - INFO - 保留BAM文件|BAM file retained: /share/org/YZWL/yzwl_lixg/project/06.longliuxing_BSA/68.三代数据组装和注释/60.二代转录组/02.rnaseq/01.bam/45-15-J1.sorted.bam
2026-02-10 16:11:25.086 - INFO - ============================================================
2026-02-10 16:11:25.086 - INFO - 处理样本|Processing sample: 45-15-J9
2026-02-10 16:11:25.086 - INFO - ============================================================
2026-02-10 16:11:25.086 - INFO - 运行|Running: HISAT2比对和排序|HISAT2 alignment and sorting -> /share/org/YZWL/yzwl_lixg/project/06.longliuxing_BSA/68.三代数据组装和注释/60.二代转录组/02.rnaseq/01.bam/45-15-J9.sorted.bam
2026-02-10 16:11:25.086 - INFO - 命令|Command: hisat2 -x /share/org/YZWL/yzwl_lixg/project/06.longliuxing_BSA/68.三代数据组装和注释/60.二代转录组/01.data/genome/OV53_Chr.hisat2.index -1 /share/org/YZWL/yzwl_lixg/project/06.longliuxing_BSA/68.三代数据组装和注释/60.二代转录组/01.data/clean/45-15-J9_1.clean.fq.gz -2 /share/org/YZWL/yzwl_lixg/project/06.longliuxing_BSA/68.三代数据组装和注释/60.二代转录组/01.data/clean/45-15-J9_2.clean.fq.gz -p 64|samtools sort -@ 64 -O BAM -o /share/org/YZWL/yzwl_lixg/project/06.longliuxing_BSA/68.三代数据组装和注释/60.二代转录组/02.rnaseq/01.bam/45-15-J9.sorted.bam -
2026-02-10 16:11:25.086 - INFO - 超时设置|Timeout: 21600秒|seconds (6.0小时|hours)
2026-02-10 16:21:20.101 - INFO - HISAT2比对和排序|HISAT2 alignment and sorting -> /share/org/YZWL/yzwl_lixg/project/06.longliuxing_BSA/68.三代数据组装和注释/60.二代转录组/02.rnaseq/01.bam/45-15-J9.sorted.bam 完成|completed
2026-02-10 16:21:20.101 - INFO - 比对完成|Alignment completed: /share/org/YZWL/yzwl_lixg/project/06.longliuxing_BSA/68.三代数据组装和注释/60.二代转录组/02.rnaseq/01.bam/45-15-J9.sorted.bam
2026-02-10 16:21:20.101 - INFO - 运行|Running: StringTie定量|StringTie quantification -> /share/org/YZWL/yzwl_lixg/project/06.longliuxing_BSA/68.三代数据组装和注释/60.二代转录组/02.rnaseq/02.stringtie/45-15-J9.gtf
2026-02-10 16:21:20.101 - INFO - 命令|Command: stringtie -p 64 -G /share/org/YZWL/yzwl_lixg/project/06.longliuxing_BSA/68.三代数据组装和注释/60.二代转录组/01.data/genome/OV53_Chr.gtf -o /share/org/YZWL/yzwl_lixg/project/06.longliuxing_BSA/68.三代数据组装和注释/60.二代转录组/02.rnaseq/02.stringtie/45-15-J9.gtf -e /share/org/YZWL/yzwl_lixg/project/06.longliuxing_BSA/68.三代数据组装和注释/60.二代转录组/02.rnaseq/01.bam/45-15-J9.sorted.bam
2026-02-10 16:22:56.591 - INFO - StringTie定量|StringTie quantification -> /share/org/YZWL/yzwl_lixg/project/06.longliuxing_BSA/68.三代数据组装和注释/60.二代转录组/02.rnaseq/02.stringtie/45-15-J9.gtf 完成|completed
2026-02-10 16:22:56.591 - INFO - 定量完成|Quantification completed: /share/org/YZWL/yzwl_lixg/project/06.longliuxing_BSA/68.三代数据组装和注释/60.二代转录组/02.rnaseq/02.stringtie/45-15-J9.gtf
2026-02-10 16:22:56.591 - INFO - 提取FPKM和TPM值|Extracting FPKM and TPM values: /share/org/YZWL/yzwl_lixg/project/06.longliuxing_BSA/68.三代数据组装和注释/60.二代转录组/02.rnaseq/02.stringtie/45-15-J9.gtf
2026-02-10 16:22:57.080 - INFO - GTF值提取完成|GTF value extraction completed: /share/org/YZWL/yzwl_lixg/project/06.longliuxing_BSA/68.三代数据组装和注释/60.二代转录组/02.rnaseq/03.fpkm_tpm/45-15-J9.fpkm.txt
2026-02-10 16:22:57.080 - INFO - 提取了|Extracted 102354个转录本|transcripts
2026-02-10 16:22:57.080 - INFO - 保留BAM文件|BAM file retained: /share/org/YZWL/yzwl_lixg/project/06.longliuxing_BSA/68.三代数据组装和注释/60.二代转录组/02.rnaseq/01.bam/45-15-J9.sorted.bam
2026-02-10 16:22:57.080 - INFO - ============================================================
2026-02-10 16:22:57.080 - INFO - 处理样本|Processing sample: 45-15-M5
2026-02-10 16:22:57.080 - INFO - ============================================================
2026-02-10 16:22:57.080 - INFO - 运行|Running: HISAT2比对和排序|HISAT2 alignment and sorting -> /share/org/YZWL/yzwl_lixg/project/06.longliuxing_BSA/68.三代数据组装和注释/60.二代转录组/02.rnaseq/01.bam/45-15-M5.sorted.bam
2026-02-10 16:22:57.081 - INFO - 命令|Command: hisat2 -x /share/org/YZWL/yzwl_lixg/project/06.longliuxing_BSA/68.三代数据组装和注释/60.二代转录组/01.data/genome/OV53_Chr.hisat2.index -1 /share/org/YZWL/yzwl_lixg/project/06.longliuxing_BSA/68.三代数据组装和注释/60.二代转录组/01.data/clean/45-15-M5_1.clean.fq.gz -2 /share/org/YZWL/yzwl_lixg/project/06.longliuxing_BSA/68.三代数据组装和注释/60.二代转录组/01.data/clean/45-15-M5_2.clean.fq.gz -p 64|samtools sort -@ 64 -O BAM -o /share/org/YZWL/yzwl_lixg/project/06.longliuxing_BSA/68.三代数据组装和注释/60.二代转录组/02.rnaseq/01.bam/45-15-M5.sorted.bam -
2026-02-10 16:22:57.081 - INFO - 超时设置|Timeout: 21600秒|seconds (6.0小时|hours)
2026-02-10 16:32:21.523 - INFO - HISAT2比对和排序|HISAT2 alignment and sorting -> /share/org/YZWL/yzwl_lixg/project/06.longliuxing_BSA/68.三代数据组装和注释/60.二代转录组/02.rnaseq/01.bam/45-15-M5.sorted.bam 完成|completed
2026-02-10 16:32:21.523 - INFO - 比对完成|Alignment completed: /share/org/YZWL/yzwl_lixg/project/06.longliuxing_BSA/68.三代数据组装和注释/60.二代转录组/02.rnaseq/01.bam/45-15-M5.sorted.bam
2026-02-10 16:32:21.524 - INFO - 运行|Running: StringTie定量|StringTie quantification -> /share/org/YZWL/yzwl_lixg/project/06.longliuxing_BSA/68.三代数据组装和注释/60.二代转录组/02.rnaseq/02.stringtie/45-15-M5.gtf
2026-02-10 16:32:21.524 - INFO - 命令|Command: stringtie -p 64 -G /share/org/YZWL/yzwl_lixg/project/06.longliuxing_BSA/68.三代数据组装和注释/60.二代转录组/01.data/genome/OV53_Chr.gtf -o /share/org/YZWL/yzwl_lixg/project/06.longliuxing_BSA/68.三代数据组装和注释/60.二代转录组/02.rnaseq/02.stringtie/45-15-M5.gtf -e /share/org/YZWL/yzwl_lixg/project/06.longliuxing_BSA/68.三代数据组装和注释/60.二代转录组/02.rnaseq/01.bam/45-15-M5.sorted.bam
2026-02-10 16:33:40.485 - INFO - StringTie定量|StringTie quantification -> /share/org/YZWL/yzwl_lixg/project/06.longliuxing_BSA/68.三代数据组装和注释/60.二代转录组/02.rnaseq/02.stringtie/45-15-M5.gtf 完成|completed
2026-02-10 16:33:40.485 - INFO - 定量完成|Quantification completed: /share/org/YZWL/yzwl_lixg/project/06.longliuxing_BSA/68.三代数据组装和注释/60.二代转录组/02.rnaseq/02.stringtie/45-15-M5.gtf
2026-02-10 16:33:40.485 - INFO - 提取FPKM和TPM值|Extracting FPKM and TPM values: /share/org/YZWL/yzwl_lixg/project/06.longliuxing_BSA/68.三代数据组装和注释/60.二代转录组/02.rnaseq/02.stringtie/45-15-M5.gtf
2026-02-10 16:33:40.968 - INFO - GTF值提取完成|GTF value extraction completed: /share/org/YZWL/yzwl_lixg/project/06.longliuxing_BSA/68.三代数据组装和注释/60.二代转录组/02.rnaseq/03.fpkm_tpm/45-15-M5.fpkm.txt
2026-02-10 16:33:40.968 - INFO - 提取了|Extracted 102368个转录本|transcripts
2026-02-10 16:33:40.969 - INFO - 保留BAM文件|BAM file retained: /share/org/YZWL/yzwl_lixg/project/06.longliuxing_BSA/68.三代数据组装和注释/60.二代转录组/02.rnaseq/01.bam/45-15-M5.sorted.bam
2026-02-10 16:33:40.969 - INFO - ============================================================
2026-02-10 16:33:40.969 - INFO - 处理样本|Processing sample: 45-15-M8
2026-02-10 16:33:40.969 - INFO - ============================================================
2026-02-10 16:33:40.969 - INFO - 运行|Running: HISAT2比对和排序|HISAT2 alignment and sorting -> /share/org/YZWL/yzwl_lixg/project/06.longliuxing_BSA/68.三代数据组装和注释/60.二代转录组/02.rnaseq/01.bam/45-15-M8.sorted.bam
2026-02-10 16:33:40.969 - INFO - 命令|Command: hisat2 -x /share/org/YZWL/yzwl_lixg/project/06.longliuxing_BSA/68.三代数据组装和注释/60.二代转录组/01.data/genome/OV53_Chr.hisat2.index -1 /share/org/YZWL/yzwl_lixg/project/06.longliuxing_BSA/68.三代数据组装和注释/60.二代转录组/01.data/clean/45-15-M8_1.clean.fq.gz -2 /share/org/YZWL/yzwl_lixg/project/06.longliuxing_BSA/68.三代数据组装和注释/60.二代转录组/01.data/clean/45-15-M8_2.clean.fq.gz -p 64|samtools sort -@ 64 -O BAM -o /share/org/YZWL/yzwl_lixg/project/06.longliuxing_BSA/68.三代数据组装和注释/60.二代转录组/02.rnaseq/01.bam/45-15-M8.sorted.bam -
2026-02-10 16:33:40.969 - INFO - 超时设置|Timeout: 21600秒|seconds (6.0小时|hours)
2026-02-10 16:44:21.513 - INFO - HISAT2比对和排序|HISAT2 alignment and sorting -> /share/org/YZWL/yzwl_lixg/project/06.longliuxing_BSA/68.三代数据组装和注释/60.二代转录组/02.rnaseq/01.bam/45-15-M8.sorted.bam 完成|completed
2026-02-10 16:44:21.515 - INFO - 比对完成|Alignment completed: /share/org/YZWL/yzwl_lixg/project/06.longliuxing_BSA/68.三代数据组装和注释/60.二代转录组/02.rnaseq/01.bam/45-15-M8.sorted.bam
2026-02-10 16:44:21.515 - INFO - 运行|Running: StringTie定量|StringTie quantification -> /share/org/YZWL/yzwl_lixg/project/06.longliuxing_BSA/68.三代数据组装和注释/60.二代转录组/02.rnaseq/02.stringtie/45-15-M8.gtf
2026-02-10 16:44:21.515 - INFO - 命令|Command: stringtie -p 64 -G /share/org/YZWL/yzwl_lixg/project/06.longliuxing_BSA/68.三代数据组装和注释/60.二代转录组/01.data/genome/OV53_Chr.gtf -o /share/org/YZWL/yzwl_lixg/project/06.longliuxing_BSA/68.三代数据组装和注释/60.二代转录组/02.rnaseq/02.stringtie/45-15-M8.gtf -e /share/org/YZWL/yzwl_lixg/project/06.longliuxing_BSA/68.三代数据组装和注释/60.二代转录组/02.rnaseq/01.bam/45-15-M8.sorted.bam
2026-02-10 16:46:02.570 - INFO - StringTie定量|StringTie quantification -> /share/org/YZWL/yzwl_lixg/project/06.longliuxing_BSA/68.三代数据组装和注释/60.二代转录组/02.rnaseq/02.stringtie/45-15-M8.gtf 完成|completed
2026-02-10 16:46:02.570 - INFO - 定量完成|Quantification completed: /share/org/YZWL/yzwl_lixg/project/06.longliuxing_BSA/68.三代数据组装和注释/60.二代转录组/02.rnaseq/02.stringtie/45-15-M8.gtf
2026-02-10 16:46:02.571 - INFO - 提取FPKM和TPM值|Extracting FPKM and TPM values: /share/org/YZWL/yzwl_lixg/project/06.longliuxing_BSA/68.三代数据组装和注释/60.二代转录组/02.rnaseq/02.stringtie/45-15-M8.gtf
2026-02-10 16:46:03.059 - INFO - GTF值提取完成|GTF value extraction completed: /share/org/YZWL/yzwl_lixg/project/06.longliuxing_BSA/68.三代数据组装和注释/60.二代转录组/02.rnaseq/03.fpkm_tpm/45-15-M8.fpkm.txt
2026-02-10 16:46:03.060 - INFO - 提取了|Extracted 102372个转录本|transcripts
2026-02-10 16:46:03.060 - INFO - 保留BAM文件|BAM file retained: /share/org/YZWL/yzwl_lixg/project/06.longliuxing_BSA/68.三代数据组装和注释/60.二代转录组/02.rnaseq/01.bam/45-15-M8.sorted.bam
2026-02-10 16:46:03.060 - INFO - ============================================================
2026-02-10 16:46:03.060 - INFO - 步骤4: 合并表达矩阵|Step 4: Merging expression matrix
2026-02-10 16:46:03.060 - INFO - ============================================================
2026-02-10 16:46:03.060 - INFO - 合并表达矩阵|Merging expression matrix
2026-02-10 16:46:03.060 - INFO - 读取文件|Reading file: /share/org/YZWL/yzwl_lixg/project/06.longliuxing_BSA/68.三代数据组装和注释/60.二代转录组/02.rnaseq/03.fpkm_tpm/44-23-4.fpkm.txt
2026-02-10 16:46:03.169 - INFO - 成功读取|Successfully read 102358行|rows of data
2026-02-10 16:46:03.169 - INFO - 读取文件|Reading file: /share/org/YZWL/yzwl_lixg/project/06.longliuxing_BSA/68.三代数据组装和注释/60.二代转录组/02.rnaseq/03.fpkm_tpm/44-23-6.fpkm.txt
2026-02-10 16:46:03.271 - INFO - 成功读取|Successfully read 102373行|rows of data
2026-02-10 16:46:03.272 - INFO - 读取文件|Reading file: /share/org/YZWL/yzwl_lixg/project/06.longliuxing_BSA/68.三代数据组装和注释/60.二代转录组/02.rnaseq/03.fpkm_tpm/45-15-J10.fpkm.txt
2026-02-10 16:46:03.366 - INFO - 成功读取|Successfully read 102374行|rows of data
2026-02-10 16:46:03.366 - INFO - 读取文件|Reading file: /share/org/YZWL/yzwl_lixg/project/06.longliuxing_BSA/68.三代数据组装和注释/60.二代转录组/02.rnaseq/03.fpkm_tpm/45-15-J1.fpkm.txt
2026-02-10 16:46:03.460 - INFO - 成功读取|Successfully read 102371行|rows of data
2026-02-10 16:46:03.460 - INFO - 读取文件|Reading file: /share/org/YZWL/yzwl_lixg/project/06.longliuxing_BSA/68.三代数据组装和注释/60.二代转录组/02.rnaseq/03.fpkm_tpm/45-15-J9.fpkm.txt
2026-02-10 16:46:03.555 - INFO - 成功读取|Successfully read 102354行|rows of data
2026-02-10 16:46:03.555 - INFO - 读取文件|Reading file: /share/org/YZWL/yzwl_lixg/project/06.longliuxing_BSA/68.三代数据组装和注释/60.二代转录组/02.rnaseq/03.fpkm_tpm/45-15-M5.fpkm.txt
2026-02-10 16:46:03.649 - INFO - 成功读取|Successfully read 102368行|rows of data
2026-02-10 16:46:03.650 - INFO - 读取文件|Reading file: /share/org/YZWL/yzwl_lixg/project/06.longliuxing_BSA/68.三代数据组装和注释/60.二代转录组/02.rnaseq/03.fpkm_tpm/45-15-M8.fpkm.txt
2026-02-10 16:46:03.741 - INFO - 成功读取|Successfully read 102372行|rows of data
2026-02-10 16:46:03.741 - INFO - 找到|Found 7个有效数据文件|valid data files
2026-02-10 16:46:03.758 - INFO - 合并后总计|Total 716570行|rows after merging
2026-02-10 16:46:03.775 - INFO - 样本名称|Sample names: 44-23-4, 44-23-6, 45-15-J1, 45-15-J10, 45-15-J9, 45-15-M5, 45-15-M8
2026-02-10 16:46:03.775 - INFO - 生成all_fpkm_tpm.txt文件|Generating all_fpkm_tpm.txt...
2026-02-10 16:46:05.605 - INFO - 保存完成|Save completed: /share/org/YZWL/yzwl_lixg/project/06.longliuxing_BSA/68.三代数据组装和注释/60.二代转录组/02.rnaseq/all_fpkm_tpm.txt (716570行|rows)
2026-02-10 16:46:05.651 - INFO - 生成总结报告|Generating summary report
2026-02-10 16:46:05.652 - INFO - 总结报告已生成|Summary report generated: /share/org/YZWL/yzwl_lixg/project/06.longliuxing_BSA/68.三代数据组装和注释/60.二代转录组/02.rnaseq/rnaseq_summary.txt
2026-02-10 16:46:05.652 - INFO - ============================================================
2026-02-10 16:46:05.652 - INFO - 分析流程总结|Pipeline Summary
2026-02-10 16:46:05.652 - INFO - ============================================================
2026-02-10 16:46:05.652 - INFO - 总运行时间|Total runtime: 5490.94 秒|seconds
2026-02-10 16:46:05.652 - INFO - 输出目录|Output directory: /share/org/YZWL/yzwl_lixg/project/06.longliuxing_BSA/68.三代数据组装和注释/60.二代转录组/02.rnaseq
2026-02-10 16:46:05.652 - INFO - 分析流程成功完成|Pipeline completed successfully
2026-02-10 16:46:05.652 - INFO - 主要输出文件|Main output file: all_fpkm_tpm.txt
2026-02-10 16:46:05.652 - INFO - ============================================================
