2026-01-20 21:32:11.934 - WARNING - 命令错误输出|Command stderr:
-- canu master +27 changes (r10515 2a41e933b8de6ed66723d75d36dd071b46d2c347)
--
-- CITATIONS
--
-- For assemblies of PacBio HiFi reads:
--   Nurk S, Walenz BP, Rhiea A, Vollger MR, Logsdon GA, Grothe R, Miga KH, Eichler EE, Phillippy AM, Koren S.
--   HiCanu: accurate assembly of segmental duplications, satellites, and allelic variants from high-fidelity long reads.
--   biorXiv. 2020.
--   https://doi.org/10.1101/2020.03.14.992248
-- 
-- Read and contig alignments during correction and consensus use:
--   Šošic M, Šikic M.
--   Edlib: a C/C ++ library for fast, exact sequence alignment using edit distance.
--   Bioinformatics. 2017 May 1;33(9):1394-1395.
--   http://doi.org/10.1093/bioinformatics/btw753
-- 
-- Overlaps are generated using:
--   Berlin K, et al.
--   Assembling large genomes with single-molecule sequencing and locality-sensitive hashing.
--   Nat Biotechnol. 2015 Jun;33(6):623-30.
--   http://doi.org/10.1038/nbt.3238
-- 
--   Myers EW, et al.
--   A Whole-Genome Assembly of Drosophila.
--   Science. 2000 Mar 24;287(5461):2196-204.
--   http://doi.org/10.1126/science.287.5461.2196
-- 
-- Contig consensus sequences are generated using an algorithm derived from pbdagcon:
--   Chin CS, et al.
--   Nonhybrid, finished microbial genome assemblies from long-read SMRT sequencing data.
--   Nat Methods. 2013 Jun;10(6):563-9
--   http://doi.org/10.1038/nmeth.2474
-- 
-- CONFIGURE CANU
--
-- Detected Java(TM) Runtime Environment '17.0.15-internal' (from '/share/org/YZWL/yzwl_lixg/.local/bin/java') without -d64 support.
--
-- WARNING:
-- WARNING:  Failed to run gnuplot using command 'gnuplot'.
-- WARNING:  Plots will be disabled.
-- WARNING:
--
-- Detected samtools version '1.22' / htslib version 'htscodecs=1.6.3' (from 'samtools').
--
-- Detected 88 CPUs and 503 gigabytes of memory on the local machine.
--
-- Detected Slurm with 'sinfo' binary in /opt/skyformai/bin/sinfo.
--          Slurm disabled by useGrid=false
--
-- Detected  '' with 'pbsnodes' binary in /opt/skyformai/bin/pbsnodes.
--           disabled by useGrid=false
--
-- Detected LSF with 'bsub' binary in /opt/skyformai/bin/bsub.
--          LSF disabled by useGrid=false
--
-- Local machine mode enabled; grid support not detected or not allowed.
--
-- Found trimmed raw PacBio HiFi reads in the input files.
--
--                                (tag)Concurrency
--                         (tag)Threads          |
--                (tag)Memory         |          |
--        (tag)             |         |          |       total usage      algorithm
--        -------  ----------  --------   --------  --------------------  -----------------------------
-- Local: meryl     12.000 GB    4 CPUs x  22 jobs   264.000 GB  88 CPUs  (k-mer counting)
-- Local: cormhap   13.000 GB   11 CPUs x   8 jobs   104.000 GB  88 CPUs  (overlap detection with mhap)
-- Local: obtovl     8.000 GB    8 CPUs x  11 jobs    88.000 GB  88 CPUs  (overlap detection)
-- Local: utgovl     8.000 GB    8 CPUs x  11 jobs    88.000 GB  88 CPUs  (overlap detection)
-- Local: cor        -.--- GB    4 CPUs x   - jobs     -.--- GB   - CPUs  (read correction)
-- Local: ovb        4.000 GB    1 CPU  x  88 jobs   352.000 GB  88 CPUs  (overlap store bucketizer)
-- Local: ovs        8.000 GB    1 CPU  x  62 jobs   496.000 GB  62 CPUs  (overlap store sorting)
-- Local: red       16.000 GB    4 CPUs x  22 jobs   352.000 GB  88 CPUs  (read error detection)
-- Local: oea        8.000 GB    1 CPU  x  62 jobs   496.000 GB  62 CPUs  (overlap error adjustment)
-- Local: bat       32.000 GB    8 CPUs x   1 job     32.000 GB   8 CPUs  (contig construction with bogart)
-- Local: cns        -.--- GB    8 CPUs x   - jobs     -.--- GB   - CPUs  (consensus)
--
-- Generating assembly 'D6-3' in '/share/org/YZWL/yzwl_lixg/project/28.大豆疫霉菌三代基因组/03.hicanu/D6-3/01.raw_output':
--   genomeSize:
--     85000000
--
--   Overlap Generation Limits:
--     corOvlErrorRate 0.0000 (  0.00%)
--     obtOvlErrorRate 0.0250 (  2.50%)
--     utgOvlErrorRate 0.0100 (  1.00%)
--
--   Overlap Processing Limits:
--     corErrorRate    0.0000 (  0.00%)
--     obtErrorRate    0.0250 (  2.50%)
--     utgErrorRate    0.0003 (  0.03%)
--     cnsErrorRate    0.0500 (  5.00%)
--
--   Stages to run:
--     assemble HiFi reads.
--
--
-- BEGIN STORE CREATION
----------------------------------------
-- Starting command on Tue Jan 20 19:08:18 2026 with 4173800.187 GB free disk space

    cd .
    ./D6-3.seqStore.sh \
    > ./D6-3.seqStore.err 2>&1

-- Finished on Tue Jan 20 19:16:27 2026 (489 seconds) with 4172230.218 GB free disk space
----------------------------------------
--
-- In sequence store './D6-3.seqStore':
--   Found 257788 reads.
--   Found 4250011295 bases (50 times coverage).
--    Histogram of corrected reads:
--    
--    G=4250011295                       sum of  ||               length     num
--    NG         length     index       lengths  ||                range    seqs
--    ----- ------------ --------- ------------  ||  ------------------- -------
--    00010        24097     16276    425024303  ||       1245-2437         4316|--------
--    00020        22083     34760    850007405  ||       2438-3630         7328|-------------
--    00030        20696     54667   1275003679  ||       3631-4823         7555|-------------
--    00040        19594     75793   1700017077  ||       4824-6016         6791|------------
--    00050        18669     98023   2125018650  ||       6017-7209         5941|-----------
--    00060        17857    121308   2550023497  ||       7210-8402         5578|----------
--    00070        17074    145647   2975011734  ||       8403-9595         5112|---------
--    00080        16205    171161   3400022716  ||       9596-10788        4615|--------
--    00090        14195    198656   3825016967  ||      10789-11981        3914|-------
--    00100         1245    257788   4250011295  ||      11982-13174        3781|-------
--    001.000x              257788   4250011295  ||      13175-14367        5190|---------
--                                               ||      14368-15560       12705|----------------------
--                                               ||      15561-16753       29119|--------------------------------------------------
--                                               ||      16754-17946       37252|---------------------------------------------------------------
--                                               ||      17947-19139       32322|-------------------------------------------------------
--                                               ||      19140-20332       25321|-------------------------------------------
--                                               ||      20333-21525       19014|---------------------------------
--                                               ||      21526-22718       14217|-------------------------
--                                               ||      22719-23911       10140|------------------
--                                               ||      23912-25104        7059|------------
--                                               ||      25105-26297        4570|--------
--                                               ||      26298-27490        2841|-----
--                                               ||      27491-28683        1642|---
--                                               ||      28684-29876         849|--
--                                               ||      29877-31069         400|-
--                                               ||      31070-32262         137|-
--                                               ||      32263-33455          48|-
--                                               ||      33456-34648          11|-
--                                               ||      34649-35841           3|-
--                                               ||      35842-37034           1|-
--                                               ||      37035-38227           2|-
--                                               ||      38228-39420           4|-
--                                               ||      39421-40613           3|-
--                                               ||      40614-41806           2|-
--                                               ||      41807-42999           1|-
--                                               ||      43000-44192           1|-
--                                               ||      44193-45385           1|-
--                                               ||      45386-46578           1|-
--                                               ||      46579-47771           0|
--                                               ||      47772-48964           1|-
--    
--
-- In sequence store './D6-3.seqStore':
--   Found 257788 reads.
--   Found 4250011295 bases (50 times coverage).
--    Histogram of corrected-trimmed reads:
--    
--    G=4250011295                       sum of  ||               length     num
--    NG         length     index       lengths  ||                range    seqs
--    ----- ------------ --------- ------------  ||  ------------------- -------
--    00010        24097     16276    425024303  ||       1245-2437         4316|--------
--    00020        22083     34760    850007405  ||       2438-3630         7328|-------------
--    00030        20696     54667   1275003679  ||       3631-4823         7555|-------------
--    00040        19594     75793   1700017077  ||       4824-6016         6791|------------
--    00050        18669     98023   2125018650  ||       6017-7209         5941|-----------
--    00060        17857    121308   2550023497  ||       7210-8402         5578|----------
--    00070        17074    145647   2975011734  ||       8403-9595         5112|---------
--    00080        16205    171161   3400022716  ||       9596-10788        4615|--------
--    00090        14195    198656   3825016967  ||      10789-11981        3914|-------
--    00100         1245    257788   4250011295  ||      11982-13174        3781|-------
--    001.000x              257788   4250011295  ||      13175-14367        5190|---------
--                                               ||      14368-15560       12705|----------------------
--                                               ||      15561-16753       29119|--------------------------------------------------
--                                               ||      16754-17946       37252|---------------------------------------------------------------
--                                               ||      17947-19139       32322|-------------------------------------------------------
--                                               ||      19140-20332       25321|-------------------------------------------
--                                               ||      20333-21525       19014|---------------------------------
--                                               ||      21526-22718       14217|-------------------------
--                                               ||      22719-23911       10140|------------------
--                                               ||      23912-25104        7059|------------
--                                               ||      25105-26297        4570|--------
--                                               ||      26298-27490        2841|-----
--                                               ||      27491-28683        1642|---
--                                               ||      28684-29876         849|--
--                                               ||      29877-31069         400|-
--                                               ||      31070-32262         137|-
--                                               ||      32263-33455          48|-
--                                               ||      33456-34648          11|-
--                                               ||      34649-35841           3|-
--                                               ||      35842-37034           1|-
--                                               ||      37035-38227           2|-
--                                               ||      38228-39420           4|-
--                                               ||      39421-40613           3|-
--                                               ||      40614-41806           2|-
--                                               ||      41807-42999           1|-
--                                               ||      43000-44192           1|-
--                                               ||      44193-45385           1|-
--                                               ||      45386-46578           1|-
--                                               ||      46579-47771           0|
--                                               ||      47772-48964           1|-
--    
--
-- Correction skipped; not enabled.
--
-- Trimming skipped; not enabled.
--
-- BEGIN ASSEMBLY
----------------------------------------
-- Starting command on Tue Jan 20 19:16:27 2026 with 4172230.171 GB free disk space

    cd unitigging/0-mercounts
    ./meryl-configure.sh \
    > ./meryl-configure.err 2>&1

-- Finished on Tue Jan 20 19:16:28 2026 (one second) with 4172230.171 GB free disk space
----------------------------------------
--  segments   memory batches
--  -------- -------- -------
--        01 10.72 GB       2
--        02  5.46 GB       2
--        04  2.94 GB       2
--        06  2.12 GB       2
--        08  1.59 GB       2
--        12  1.06 GB       2
--        16  0.80 GB       2
--        20  0.64 GB       2
--        24  0.53 GB       2
--        32  0.40 GB       2
--        40  0.32 GB       2
--        48  -.-- GB       -  (segment size too small)
--        56  -.-- GB       -  (segment size too small)
--        64  -.-- GB       -  (segment size too small)
--        96  -.-- GB       -  (segment size too small)
--
--  For 257788 reads with 4250011295 bases, limit to 42 batches.
--  Will count kmers using 01 jobs, each using 12 GB and 4 threads.
--
-- Finished stage 'merylConfigure', reset canuIteration.
--
-- Running jobs.  First attempt out of 2.
----------------------------------------
-- Starting 'meryl' concurrent execution on Tue Jan 20 19:16:28 2026 with 4172230.14 GB free disk space (1 processes; 22 concurrently)

    cd unitigging/0-mercounts
    ./meryl-count.sh 1 > ./meryl-count.000001.out 2>&1

-- Finished on Tue Jan 20 19:19:47 2026 (199 seconds) with 4171643.671 GB free disk space
----------------------------------------
-- Found 1 Kmer counting (meryl) outputs.
-- Finished stage 'utg-merylCountCheck', reset canuIteration.
--
-- Running jobs.  First attempt out of 2.
----------------------------------------
-- Starting 'meryl' concurrent execution on Tue Jan 20 19:19:47 2026 with 4171643.64 GB free disk space (1 processes; 22 concurrently)

    cd unitigging/0-mercounts
    ./meryl-process.sh 1 > ./meryl-process.000001.out 2>&1

-- Finished on Tue Jan 20 19:19:51 2026 (4 seconds) with 4171643.437 GB free disk space
----------------------------------------
-- Meryl finished successfully.  Kmer frequency histogram:
--
-- WARNING: gnuplot failed.
--
----------------------------------------
--
--  22-mers                                                                                           Fraction
--    Occurrences   NumMers                                                                         Unique Total
--       1-     1         0                                                                        0.0000 0.0000
--       2-     2    187113                                                                        0.0042 0.0001
--       3-     4     69808                                                                        0.0052 0.0002
--       5-     7     19154                                                                        0.0059 0.0002
--       8-    11      7859                                                                        0.0062 0.0002
--      12-    16     22842                                                                        0.0064 0.0003
--      17-    22    167505                                                                        0.0070 0.0004
--      23-    29   1518016 ******                                                                 0.0122 0.0020
--      30-    37   8430411 *********************************                                      0.0560 0.0193
--      38-    46  17495421 ********************************************************************** 0.2718 0.1269
--      47-    56  10488093 *****************************************                              0.6586 0.3619
--      57-    67   1940705 *******                                                                0.8625 0.5099
--      68-    79    772128 ***                                                                    0.8980 0.5407
--      80-    92   1033018 ****                                                                   0.9157 0.5594
--      93-   106    635904 **                                                                     0.9382 0.5871
--     107-   121    266997 *                                                                      0.9514 0.6056
--     122-   137    284570 *                                                                      0.9573 0.6151
--     138-   154    215429                                                                        0.9636 0.6268
--     155-   172    155238                                                                        0.9682 0.6363
--     173-   191    148256                                                                        0.9716 0.6443
--     192-   211    119826                                                                        0.9749 0.6527
--     212-   232    102282                                                                        0.9775 0.6602
--     233-   254     88732                                                                        0.9798 0.6674
--     255-   277     81070                                                                        0.9817 0.6741
--     278-   301     73611                                                                        0.9835 0.6809
--     302-   326     60584                                                                        0.9851 0.6875
--     327-   352     56812                                                                        0.9865 0.6935
--     353-   379     58997                                                                        0.9877 0.6995
--     380-   407     37205                                                                        0.9890 0.7062
--     408-   436     38797                                                                        0.9898 0.7108
--     437-   466     30478                                                                        0.9907 0.7160
--     467-   497     29239                                                                        0.9914 0.7203
--     498-   529     23953                                                                        0.9920 0.7247
--     530-   562     18575                                                                        0.9925 0.7285
--     563-   596     17812                                                                        0.9930 0.7317
--     597-   631     16615                                                                        0.9933 0.7350
--     632-   667     15756                                                                        0.9937 0.7382
--     668-   704     14551                                                                        0.9941 0.7414
--     705-   742     12951                                                                        0.9944 0.7445
--     743-   781     11793                                                                        0.9947 0.7474
--     782-   821     11169                                                                        0.9949 0.7503
--
--           0 (max occurrences)
--  3179684524 (total mers, non-unique)
--    44996249 (distinct mers, non-unique)
--           0 (unique mers)
-- Finished stage 'meryl-process', reset canuIteration.
--
-- Removing meryl database 'unitigging/0-mercounts/D6-3.ms22'.
--
-- OVERLAPPER (normal) (assembly) erate=0.01
--
----------------------------------------
-- Starting command on Tue Jan 20 19:19:51 2026 with 4171644.218 GB free disk space

    cd unitigging/1-overlapper
    /share/org/YZWL/yzwl_lixg/miniforge3/envs/canu_v.2.3/bin/overlapInCorePartition \
     -S  ../../D6-3.seqStore \
     -hl 160000000 \
     -rl 5000000000 \
     -ol 500 \
     -o  ./D6-3.partition \
    > ./D6-3.partition.err 2>&1

-- Finished on Tue Jan 20 19:19:51 2026 (furiously fast) with 4171644.203 GB free disk space
----------------------------------------
--
-- Configured 20 overlapInCore jobs.
-- Finished stage 'utg-overlapConfigure', reset canuIteration.
--
-- Running jobs.  First attempt out of 2.
----------------------------------------
-- Starting 'utgovl' concurrent execution on Tue Jan 20 19:19:51 2026 with 4171644.171 GB free disk space (20 processes; 11 concurrently)

    cd unitigging/1-overlapper
    ./overlap.sh 1 > ./overlap.000001.out 2>&1
    ./overlap.sh 2 > ./overlap.000002.out 2>&1
    ./overlap.sh 3 > ./overlap.000003.out 2>&1
    ./overlap.sh 4 > ./overlap.000004.out 2>&1
    ./overlap.sh 5 > ./overlap.000005.out 2>&1
    ./overlap.sh 6 > ./overlap.000006.out 2>&1
    ./overlap.sh 7 > ./overlap.000007.out 2>&1
    ./overlap.sh 8 > ./overlap.000008.out 2>&1
    ./overlap.sh 9 > ./overlap.000009.out 2>&1
    ./overlap.sh 10 > ./overlap.000010.out 2>&1
    ./overlap.sh 11 > ./overlap.000011.out 2>&1
    ./overlap.sh 12 > ./overlap.000012.out 2>&1
    ./overlap.sh 13 > ./overlap.000013.out 2>&1
    ./overlap.sh 14 > ./overlap.000014.out 2>&1
    ./overlap.sh 15 > ./overlap.000015.out 2>&1
    ./overlap.sh 16 > ./overlap.000016.out 2>&1
    ./overlap.sh 17 > ./overlap.000017.out 2>&1
    ./overlap.sh 18 > ./overlap.000018.out 2>&1
    ./overlap.sh 19 > ./overlap.000019.out 2>&1
    ./overlap.sh 20 > ./overlap.000020.out 2>&1

-- Finished on Tue Jan 20 20:08:59 2026 (2948 seconds) with 4165519.062 GB free disk space
----------------------------------------
-- Found 20 overlapInCore output files.
--
-- overlapInCore compute 'unitigging/1-overlapper':
--   kmer hits
--     with no overlap       1271904040    63595202 +- 36640876.481
--     with an overlap         34794194   1739709.7 +- 1142756.813
--
--   overlaps                  34794194   1739709.7 +- 1142756.813
--     contained                7517508    375875.4 +- 247101.699
--     dovetail                27276686   1363834.3 +- 898105.88
--
--   overlaps rejected
--     multiple per pair              0           0 +- 0
--     bad short window               0           0 +- 0
--     bad long window                0           0 +- 0
-- Finished stage 'utg-overlapCheck', reset canuIteration.
----------------------------------------
-- Starting command on Tue Jan 20 20:08:59 2026 with 4165519.046 GB free disk space

    cd unitigging
    /share/org/YZWL/yzwl_lixg/miniforge3/envs/canu_v.2.3/bin/ovStoreConfig \
     -S ../D6-3.seqStore \
     -M 4-8 \
     -L ./1-overlapper/ovljob.files \
     -create ./D6-3.ovlStore.config \
     > ./D6-3.ovlStore.config.txt \
    2> ./D6-3.ovlStore.config.err

-- Finished on Tue Jan 20 20:08:59 2026 (furiously fast) with 4165519.031 GB free disk space
----------------------------------------
--
-- Creating overlap store unitigging/D6-3.ovlStore using:
--      1 bucket
--      1 slice
--        using at most 3 GB memory each
--
-- Running jobs.  First attempt out of 2.
----------------------------------------
-- Starting 'ovS' concurrent execution on Tue Jan 20 20:08:59 2026 with 4165519.015 GB free disk space (1 processes; 62 concurrently)

    cd unitigging
    ./D6-3.ovlStore.sh 1 > ./D6-3.ovlStore.000001.out 2>&1

-- Finished on Tue Jan 20 20:09:14 2026 (15 seconds) with 4165463.796 GB free disk space
----------------------------------------
-- Checking store.
----------------------------------------
-- Starting command on Tue Jan 20 20:09:14 2026 with 4165463.796 GB free disk space

    cd unitigging
    /share/org/YZWL/yzwl_lixg/miniforge3/envs/canu_v.2.3/bin/ovStoreDump \
     -S ../D6-3.seqStore \
     -O  ./D6-3.ovlStore \
     -counts \
     > ./D6-3.ovlStore/counts.dat 2> ./D6-3.ovlStore/counts.err

-- Finished on Tue Jan 20 20:09:14 2026 (lickety-split) with 4165463.765 GB free disk space
----------------------------------------
--
-- Overlap store 'unitigging/D6-3.ovlStore' successfully constructed.
-- Found 69588388 overlaps for 242619 reads; 1711296 reads have no overlaps.
--
--
-- Purged 0.742 GB in 60 overlap output files.
----------------------------------------
-- Starting command on Tue Jan 20 20:09:15 2026 with 4165463.765 GB free disk space

    cd unitigging
    /share/org/YZWL/yzwl_lixg/miniforge3/envs/canu_v.2.3/bin/ovStoreStats \
     -C 50 \
     -S ../D6-3.seqStore \
     -O  ./D6-3.ovlStore \
     -o  ./D6-3.ovlStore \
     > ./D6-3.ovlStore.summary.err 2>&1

-- Finished on Tue Jan 20 20:09:25 2026 (10 seconds) with 4165463.75 GB free disk space
----------------------------------------
--
-- Overlap store 'unitigging/D6-3.ovlStore' contains:
--
--   category            reads     %          read length        feature size or coverage  analysis
--   ----------------  -------  -------  ----------------------  ------------------------  --------------------
--   middle-missing        241    0.09    14277.14 +- 5522.66       1200.47 +- 1690.19    (bad trimming)
--   middle-hump            59    0.02    13658.12 +- 2031.98       4316.00 +- 2747.14    (bad trimming)
--   no-5-prime            996    0.39    12347.70 +- 3646.59       2431.56 +- 2767.06    (bad trimming)
--   no-3-prime           1072    0.42    11991.48 +- 4028.79       2462.98 +- 2810.35    (bad trimming)
--   
--   low-coverage         2426    0.94    10030.96 +- 3655.81          5.36 +- 3.54       (easy to assemble, potential for lower quality consensus)
--   unique             194623   75.50    12619.21 +- 4624.44         43.06 +- 8.28       (easy to assemble, perfect, yay)
--   repeat-cont         19423    7.53    11360.93 +- 4281.94       1452.65 +- 942.13     (potential for consensus errors, no impact on assembly)
--   repeat-dove           400    0.16    19210.72 +- 1789.93        831.09 +- 830.03     (hard to assemble, likely won't assemble correctly or even at all)
--   
--   span-repeat          2477    0.96    13375.52 +- 3945.70       3456.32 +- 3548.55    (read spans a large repeat, usually easy to assemble)
--   uniq-repeat-cont    13441    5.21    12282.43 +- 3680.04                             (should be uniquely placed, low potential for consensus errors, no impact on assembly)
--   uniq-repeat-dove     3118    1.21    17193.51 +- 2555.05                             (will end contigs, potential to misassemble)
--   uniq-anchor          4343    1.68    13205.18 +- 3882.67       8160.09 +- 4479.21    (repeat read, with unique section, probable bad read)
-- Finished stage 'utg-createOverlapStore', reset canuIteration.
--
-- Loading read lengths.
-- Loading number of overlaps per read.
--
-- Configure RED for 16gb memory.
--                   Batches of at most (unlimited) reads.
--                                      500000000 bases.
--                   Expecting evidence of at most 536870912 bases per iteration.
--
--           Total                                               Reads                 Olaps Evidence
--    Job   Memory      Read Range         Reads        Bases   Memory        Olaps   Memory   Memory  (Memory in MB)
--   ---- -------- ------------------- --------- ------------ -------- ------------ -------- --------
--      1 16385.76         1-47144          6225    108942393 13298.83      1305214    14.94  1024.00
--      2 16384.91     47145-92816          6024    108947182 13299.41      1179863    13.50  1024.00
--      3 16384.41     92817-140999         6379    108812336 13282.96      2573396    29.45  1024.00
--      4 16386.06    141000-199192         7617    108895287 13293.12      1829511    20.94  1024.00
--      5 16384.20    199193-244845         6009    108961856 13301.20       961433    11.00  1024.00
--      6 16384.58    244846-291869         6266    108804936 13282.05      2668171    30.53  1024.00
--      7 16384.03    291870-351698         7841    108869350 13289.96      1927887    22.06  1024.00
--      8 16386.66    351699-395791         5939    108977456 13303.10      1010383    11.56  1024.00
--      9 16385.05    395792-443479         6169    108812886 13283.02      2624383    30.03  1024.00
--     10 16385.67    443480-500706         7593    108880442 13291.31      1953616    22.36  1024.00
--     11 16385.39    500707-548665         6335    108978139 13303.19       890800    10.19  1024.00
--     12 16384.82    548666-594912         6106    108801845 13281.67      2722570    31.16  1024.00
--     13 16385.16    594913-647131         6972    108968519 13302.04       971607    11.12  1024.00
--     14 16386.87    647132-701673         7082    108915455 13295.57      1687051    19.31  1024.00
--     15 16384.69    701674-747612         6115    108933698 13297.76      1304620    14.93  1024.00
--     16 16384.45    747613-797340         6637    108817574 13283.60      2520567    28.85  1024.00
--     17 16385.38    797341-855985         7655    108886851 13292.09      1860458    21.29  1024.00
--     18 16384.63    855986-901552         6035    108953007 13300.12      1093697    12.52  1024.00
--     19 16384.74    901553-950215         6431    108827593 13284.82      2439761    27.92  1024.00
--     20 16386.05    950216-1010625        7941    108881902 13291.50      1970305    22.55  1024.00
--     21 16386.15   1010626-1056186        5943    108980426 13303.46       934017    10.69  1024.00
--     22 16385.92   1056187-1102549        6173    108808366 13282.47      2748846    31.46  1024.00
--     23 16385.41   1102550-1159701        7577    108889790 13292.45      1831295    20.96  1024.00
--     24 16385.38   1159702-1204282        5890    108976030 13302.92       913736    10.46  1024.00
--     25 16384.62   1204283-1250836        6108    108790913 13280.33      2821065    32.28  1024.00
--     26 16385.99   1250837-1306297        7369    108894625 13293.03      1831229    20.96  1024.00
--     27 16386.55   1306298-1353062        6153    108990297 13304.67       863455     9.88  1024.00
--     28 16384.74   1353063-1399044        6051    108784355 13279.53      2901457    33.20  1024.00
--     29 16384.92   1399045-1449684        6802    108968756 13302.06       948994    10.86  1024.00
--     30 16384.71   1449685-1501327        6879    108888187 13292.23      1789082    20.47  1024.00
--     31 16385.36   1501328-1546158        5946    108947874 13299.49      1212271    13.87  1024.00
--     32 16385.04   1546159-1595045        6426    108835981 13285.84      2376781    27.20  1024.00
--     33 16384.59   1595046-1650631        7267    108889891 13292.45      1759572    20.14  1024.00
--     34 16385.39   1650632-1695754        5975    108972156 13302.45       956013    10.94  1024.00
--     35 16385.05   1695755-1742650        6238    108802304 13281.73      2736564    31.32  1024.00
--     36 16384.59   1742651-1799711        7629    108879273 13291.17      1871729    21.42  1024.00
--     37 16386.24   1799712-1845618        5953    108979300 13303.32       954094    10.92  1024.00
--     38 16384.54   1845619-1892983        6167    108799713 13281.41      2720534    31.13  1024.00
--     39 16384.03   1892984-1952283        7637    108872856 13290.38      1891084    21.64  1024.00
--     40  3461.95   1952284-1953915         234      3191495   389.59        31277     0.36  1024.00
--   ---- -------- ------------------- --------- ------------ -------- ------------ -------- --------
--                                                 4250011295              69588388
-- Finished stage 'readErrorDetectionConfigure', reset canuIteration.
--
-- Running jobs.  First attempt out of 2.
----------------------------------------
-- Starting 'red' concurrent execution on Tue Jan 20 20:09:32 2026 with 4165464.484 GB free disk space (40 processes; 22 concurrently)

    cd unitigging/3-overlapErrorAdjustment
    ./red.sh 1 > ./red.000001.out 2>&1
    ./red.sh 2 > ./red.000002.out 2>&1
    ./red.sh 3 > ./red.000003.out 2>&1
    ./red.sh 4 > ./red.000004.out 2>&1
    ./red.sh 5 > ./red.000005.out 2>&1
    ./red.sh 6 > ./red.000006.out 2>&1
    ./red.sh 7 > ./red.000007.out 2>&1
    ./red.sh 8 > ./red.000008.out 2>&1
    ./red.sh 9 > ./red.000009.out 2>&1
    ./red.sh 10 > ./red.000010.out 2>&1
    ./red.sh 11 > ./red.000011.out 2>&1
    ./red.sh 12 > ./red.000012.out 2>&1
    ./red.sh 13 > ./red.000013.out 2>&1
    ./red.sh 14 > ./red.000014.out 2>&1
    ./red.sh 15 > ./red.000015.out 2>&1
    ./red.sh 16 > ./red.000016.out 2>&1
    ./red.sh 17 > ./red.000017.out 2>&1
    ./red.sh 18 > ./red.000018.out 2>&1
    ./red.sh 19 > ./red.000019.out 2>&1
    ./red.sh 20 > ./red.000020.out 2>&1
    ./red.sh 21 > ./red.000021.out 2>&1
    ./red.sh 22 > ./red.000022.out 2>&1
    ./red.sh 23 > ./red.000023.out 2>&1
    ./red.sh 24 > ./red.000024.out 2>&1
    ./red.sh 25 > ./red.000025.out 2>&1
    ./red.sh 26 > ./red.000026.out 2>&1
    ./red.sh 27 > ./red.000027.out 2>&1
    ./red.sh 28 > ./red.000028.out 2>&1
    ./red.sh 29 > ./red.000029.out 2>&1
    ./red.sh 30 > ./red.000030.out 2>&1
    ./red.sh 31 > ./red.000031.out 2>&1
    ./red.sh 32 > ./red.000032.out 2>&1
    ./red.sh 33 > ./red.000033.out 2>&1
    ./red.sh 34 > ./red.000034.out 2>&1
    ./red.sh 35 > ./red.000035.out 2>&1
    ./red.sh 36 > ./red.000036.out 2>&1
    ./red.sh 37 > ./red.000037.out 2>&1
    ./red.sh 38 > ./red.000038.out 2>&1
    ./red.sh 39 > ./red.000039.out 2>&1
    ./red.sh 40 > ./red.000040.out 2>&1

-- Finished on Tue Jan 20 20:27:44 2026 (1092 seconds) with 4161011.39 GB free disk space
----------------------------------------
-- Found 40 read error detection output files.
-- Finished stage 'readErrorDetectionCheck', reset canuIteration.
--
-- Loading read lengths.
-- Loading number of overlaps per read.
--
-- Configure OEA for 8gb memory.
--                   Batches of at most (unlimited) reads.
--                                      300000000 bases.
--
--           Total                                               Reads                 Olaps  Adjusts
--    Job   Memory      Read Range         Reads        Bases   Memory        Olaps   Memory   Memory  (Memory in MB)
--   ---- -------- ------------------- --------- ------------ -------- ------------ -------- --------
--      1  2859.30         1-128421        16990    300021481   294.64      4822175   147.16   369.50
--      2  2873.14    128422-268786        18412    300000070   294.66      5274824   160.97   369.50
--      3  2819.05    268787-407696        18481    300010903   294.68      3501974   106.87   369.50
--      4  2875.07    407697-549437        18635    300011095   294.68      5337696   162.89   369.50
--      5  2871.66    549438-691260        18685    300025445   294.70      5225336   159.46   369.50
--      6  2880.72    691261-834700        18972    300017337   294.70      5522097   168.52   369.50
--      7  2836.91    834701-966110        17370    300001452   294.63      4088849   124.78   369.50
--      8  2877.88    966111-1104669       18204    300008973   294.67      5430020   165.71   369.50
--      9  2877.59   1104670-1240953       18022    300016990   294.67      5420509   165.42   369.50
--     10  2815.39   1240954-1378496       18110    300003479   294.66      3382933   103.24   369.50
--     11  2877.42   1378497-1515064       18243    300008460   294.67      5414936   165.25   369.50
--     12  2866.08   1515065-1653210       18186    300011638   294.67      5043616   153.92   369.50
--     13  2876.70   1653211-1791111       18333    300006178   294.67      5391374   164.53   369.50
--     14  2844.09   1791112-1923150       17161    300014524   294.64      4323699   131.95   369.50
--     15  2516.14   1923151-1953915        3984     49853270    55.67      1408350    42.98   369.50
--   ---- -------- ------------------- --------- ------------ -------- ------------ -------- --------
--                                                 4250011295              69588388
-- Finished stage 'overlapErrorAdjustmentConfigure', reset canuIteration.
--
-- Running jobs.  First attempt out of 2.
----------------------------------------
-- Starting 'oea' concurrent execution on Tue Jan 20 20:27:52 2026 with 4161005.546 GB free disk space (15 processes; 62 concurrently)

    cd unitigging/3-overlapErrorAdjustment
    ./oea.sh 1 > ./oea.000001.out 2>&1
    ./oea.sh 2 > ./oea.000002.out 2>&1
    ./oea.sh 3 > ./oea.000003.out 2>&1
    ./oea.sh 4 > ./oea.000004.out 2>&1
    ./oea.sh 5 > ./oea.000005.out 2>&1
    ./oea.sh 6 > ./oea.000006.out 2>&1
    ./oea.sh 7 > ./oea.000007.out 2>&1
    ./oea.sh 8 > ./oea.000008.out 2>&1
    ./oea.sh 9 > ./oea.000009.out 2>&1
    ./oea.sh 10 > ./oea.000010.out 2>&1
    ./oea.sh 11 > ./oea.000011.out 2>&1
    ./oea.sh 12 > ./oea.000012.out 2>&1
    ./oea.sh 13 > ./oea.000013.out 2>&1
    ./oea.sh 14 > ./oea.000014.out 2>&1
    ./oea.sh 15 > ./oea.000015.out 2>&1

-- Finished on Tue Jan 20 21:21:17 2026 (3205 seconds) with 4154251.25 GB free disk space
----------------------------------------
-- Found 15 overlap error adjustment output files.
-- Finished stage 'overlapErrorAdjustmentCheck', reset canuIteration.
----------------------------------------
-- Starting command on Tue Jan 20 21:21:17 2026 with 4154251.234 GB free disk space

    cd unitigging/3-overlapErrorAdjustment
    /share/org/YZWL/yzwl_lixg/miniforge3/envs/canu_v.2.3/bin/loadErates \
      -S ../../D6-3.seqStore \
      -O ../D6-3.ovlStore \
      -L ./oea.files \
    > ./oea.apply.err 2>&1

-- Finished on Tue Jan 20 21:21:17 2026 (furiously fast) with 4154251.078 GB free disk space
----------------------------------------
-- No report available.
-- Finished stage 'updateOverlapStore', reset canuIteration.
-- Finished stage 'unitig', reset canuIteration.
--
-- Running jobs.  First attempt out of 2.
----------------------------------------
-- Starting 'bat' concurrent execution on Tue Jan 20 21:21:17 2026 with 4154251.031 GB free disk space (1 processes; 1 concurrently)

    cd unitigging/4-unitigger
    ./unitigger.sh 1 > ./unitigger.000001.out 2>&1

-- Finished on Tue Jan 20 21:21:40 2026 (23 seconds) with 4154232.39 GB free disk space
----------------------------------------
-- Unitigger finished successfully.
--  
--  ERROR RATES
--  -----------
--                                                   --------threshold------
--  277346                       fraction error      fraction        percent
--  samples                              (1e-5)         error          error
--                   --------------------------      --------       --------
--  command line (-eg)                           ->     30.00        0.0300%
--  command line (-ef)                           ->  -----.--      ---.----%
--  command line (-eM)                           ->     30.00        0.0300%
--  mean + std.dev       0.42 +-  12 *     2.97  ->     36.11        0.0361%
--  median + mad         0.00 +-  12 *     0.00  ->      0.00        0.0000%
--  90th percentile                              ->      1.00        0.0010%  (enabled)
--  
--  BEST EDGE FILTERING
--  -------------------
--  At graph threshold 0.0300%, reads:
--    available to have edges:        57250
--    with at least one edge:         40419
--  
--  At max threshold 0.0300%, reads:
--    available to have edges:        57250
--    with at least one edge:         40419
--  
--  At tight threshold 0.0010%, reads with:
--    both edges below error threshold:     35709  (80.00% minReadsBest threshold = 32335)
--    one  edge  above error threshold:      3386
--    both edges above error threshold:      1324
--    at least one edge:                    40419
--  
--  At loose threshold 0.0300%, reads with:
--    both edges below error threshold:     40419  (80.00% minReadsBest threshold = 32335)
--    one  edge  above error threshold:         0
--    both edges above error threshold:         0
--    at least one edge:                    40419
--  
--  
--  INITIAL EDGES
--  -------- ----------------------------------------
--    195028 reads are contained
--   1723653 reads have no best edges (singleton)
--       630 reads have only one best edge (spur) 
--                375 are mutual best
--     34604 reads have two best edges 
--                933 have one mutual best edge
--              33172 have two mutual best edges
--  
--  
--  FINAL EDGES
--  -------- ----------------------------------------
--    195028 reads are contained
--   1724037 reads have no best edges (singleton)
--       497 reads have only one best edge (spur) 
--                369 are mutual best
--     34353 reads have two best edges 
--                789 have one mutual best edge
--              33160 have two mutual best edges
--  
--  
--  EDGE FILTERING
--  -------- ------------------------------------------
--         0 reads are ignored
--     10485 reads have a gap in overlap coverage
--       164 reads have lopsided best edges
-- Found, in version 1, after unitig construction:
--   contigs:      204 sequences, total length 70690200 bp (including 267 repeats of total length 5741578 bp).
--   bubbles:      243 sequences, total length 5650237 bp.
--   unassembled:  28403 sequences, total length 307608363 bp.
--
-- Contig sizes based on genome size 85mbp:
--
--            NG (bp)  LG (contigs)    sum (bp)
--         ----------  ------------  ----------
--     10     5845926             2    12820122
--     20     4583614             3    17403736
--     30     4391067             5    26311060
--     40     4067696             7    34640672
--     50     3373475            10    45449235
--     60     2100299            13    53003931
--     70     1159572            18    59943788
--     80       30321            66    68002433
--
-- Finished stage 'unitigCheck', reset canuIteration.
----------------------------------------
-- Starting command on Tue Jan 20 21:21:40 2026 with 4154232.375 GB free disk space

    cd unitigging
    /share/org/YZWL/yzwl_lixg/miniforge3/envs/canu_v.2.3/bin/utgcns \
      -S ../D6-3.seqStore \
      -T  ./D6-3.ctgStore 1 \
      -partition 0.8 1.5 0.1 \
    > ./D6-3.ctgStore/partitioning.log 2>&1

-- Finished on Tue Jan 20 21:21:49 2026 (9 seconds) with 4154143.734 GB free disk space
----------------------------------------
-- Using slow alignment for consensus (iteration '0').
-- Configured 11 consensus jobs.
-- Finished stage 'consensusConfigure', reset canuIteration.
--
-- Local: cns       10.375 GB    8 CPUs x  11 jobs   114.125 GB  88 CPUs  (consensus)
--
--
-- Running jobs.  First attempt out of 2.
----------------------------------------
-- Starting 'cns' concurrent execution on Tue Jan 20 21:21:50 2026 with 4154143.703 GB free disk space (11 processes; 11 concurrently)

    cd unitigging/5-consensus
    ./consensus.sh 1 > ./consensus.000001.out 2>&1
    ./consensus.sh 2 > ./consensus.000002.out 2>&1
    ./consensus.sh 3 > ./consensus.000003.out 2>&1
    ./consensus.sh 4 > ./consensus.000004.out 2>&1
    ./consensus.sh 5 > ./consensus.000005.out 2>&1
    ./consensus.sh 6 > ./consensus.000006.out 2>&1
    ./consensus.sh 7 > ./consensus.000007.out 2>&1
    ./consensus.sh 8 > ./consensus.000008.out 2>&1
    ./consensus.sh 9 > ./consensus.000009.out 2>&1
    ./consensus.sh 10 > ./consensus.000010.out 2>&1
    ./consensus.sh 11 > ./consensus.000011.out 2>&1

-- Finished on Tue Jan 20 21:28:36 2026 (406 seconds) with 4153413.546 GB free disk space
----------------------------------------
-- Using slow alignment for consensus (iteration '1').
-- Configured 11 consensus jobs.
-- All 11 consensus jobs finished successfully.
-- Finished stage 'consensusCheck', reset canuIteration.
-- Using slow alignment for consensus (iteration '0').
-- Configured 11 consensus jobs.
----------------------------------------
-- Starting command on Tue Jan 20 21:28:36 2026 with 4153413.5 GB free disk space

    cd unitigging
    /share/org/YZWL/yzwl_lixg/miniforge3/envs/canu_v.2.3/bin/tgStoreLoad \
      -S ../D6-3.seqStore \
      -T  ./D6-3.ctgStore 2 \
      -L ./5-consensus/ctgcns.files \
    > ./5-consensus/ctgcns.files.ctgStoreLoad.err 2>&1

-- Finished on Tue Jan 20 21:28:37 2026 (one second) with 4153412.375 GB free disk space
----------------------------------------
----------------------------------------
-- Starting command on Tue Jan 20 21:28:37 2026 with 4153412.375 GB free disk space

    cd unitigging
    /share/org/YZWL/yzwl_lixg/miniforge3/envs/canu_v.2.3/bin/tgTigDisplay \
      -S ../D6-3.seqStore \
      -b \
      -o ../D6-3.contigs.unsorted.bam \
      -L ./5-consensus/ctgcns.files \
    > ./5-consensus/ctgcns.files.contigs.bam.err 2>&1

-- Finished on Tue Jan 20 21:31:17 2026 (160 seconds) with 4153159.718 GB free disk space
----------------------------------------
----------------------------------------
-- Starting command on Tue Jan 20 21:31:17 2026 with 4153159.718 GB free disk space

    cd .
    samtools sort \
      --write-index \
      --threads 2 \
      -o ./D6-3.contigs.bam ./D6-3.contigs.unsorted.bam \
    > ./ctgcns.bam.err 2>&1

-- Finished on Tue Jan 20 21:32:07 2026 (50 seconds) with 4153059.171 GB free disk space
----------------------------------------
-- Purging consensus output after loading to ctgStore.
-- Purged 11 .cns outputs.
----------------------------------------
-- Starting command on Tue Jan 20 21:32:07 2026 with 4153060.843 GB free disk space

    cd unitigging
    /share/org/YZWL/yzwl_lixg/miniforge3/envs/canu_v.2.3/bin/tgStoreDump \
      -S ../D6-3.seqStore \
      -T ./D6-3.ctgStore 2 \
      -sizes -s 85000000 \
    > ./D6-3.ctgStore/seqDB.v002.sizes.txt
ZERO length suplied to intervalList::add(), ignoring interval.
ZERO length suplied to intervalList::add(), ignoring interval.
ZERO length suplied to intervalList::add(), ignoring interval.
ZERO length suplied to intervalList::add(), ignoring interval.
ZERO length suplied to intervalList::add(), ignoring interval.
ZERO length suplied to intervalList::add(), ignoring interval.
ZERO length suplied to intervalList::add(), ignoring interval.
ZERO length suplied to intervalList::add(), ignoring interval.
ZERO length suplied to intervalList::add(), ignoring interval.
ZERO length suplied to intervalList::add(), ignoring interval.
ZERO length suplied to intervalList::add(), ignoring interval.
ZERO length suplied to intervalList::add(), ignoring interval.
ZERO length suplied to intervalList::add(), ignoring interval.
ZERO length suplied to intervalList::add(), ignoring interval.
ZERO length suplied to intervalList::add(), ignoring interval.
ZERO length suplied to intervalList::add(), ignoring interval.
ZERO length suplied to intervalList::add(), ignoring interval.
ZERO length suplied to intervalList::add(), ignoring interval.
ZERO length suplied to intervalList::add(), ignoring interval.
ZERO length suplied to intervalList::add(), ignoring interval.
ZERO length suplied to intervalList::add(), ignoring interval.
ZERO length suplied to intervalList::add(), ignoring interval.
ZERO length suplied to intervalList::add(), ignoring interval.
ZERO length suplied to intervalList::add(), ignoring interval.
ZERO length suplied to intervalList::add(), ignoring interval.
ZERO length suplied to intervalList::add(), ignoring interval.
ZERO length suplied to intervalList::add(), ignoring interval.
ZERO length suplied to intervalList::add(), ignoring interval.
ZERO length suplied to intervalList::add(), ignoring interval.
ZERO length suplied to intervalList::add(), ignoring interval.
ZERO length suplied to intervalList::add(), ignoring interval.
ZERO length suplied to intervalList::add(), ignoring interval.
ZERO length suplied to intervalList::add(), ignoring interval.
ZERO length suplied to intervalList::add(), ignoring interval.
ZERO length suplied to intervalList::add(), ignoring interval.
ZERO length suplied to intervalList::add(), ignoring interval.
ZERO length suplied to intervalList::add(), ignoring interval.
ZERO length suplied to intervalList::add(), ignoring interval.
ZERO length suplied to intervalList::add(), ignoring interval.
ZERO length suplied to intervalList::add(), ignoring interval.
ZERO length suplied to intervalList::add(), ignoring interval.
ZERO length suplied to intervalList::add(), ignoring interval.
ZERO length suplied to intervalList::add(), ignoring interval.
ZERO length suplied to intervalList::add(), ignoring interval.
ZERO length suplied to intervalList::add(), ignoring interval.
ZERO length suplied to intervalList::add(), ignoring interval.
ZERO length suplied to intervalList::add(), ignoring interval.
ZERO length suplied to intervalList::add(), ignoring interval.
ZERO length suplied to intervalList::add(), ignoring interval.
ZERO length suplied to intervalList::add(), ignoring interval.
ZERO length suplied to intervalList::add(), ignoring interval.
ZERO length suplied to intervalList::add(), ignoring interval.
ZERO length suplied to intervalList::add(), ignoring interval.
ZERO length suplied to intervalList::add(), ignoring interval.
ZERO length suplied to intervalList::add(), ignoring interval.
ZERO length suplied to intervalList::add(), ignoring interval.
ZERO length suplied to intervalList::add(), ignoring interval.
ZERO length suplied to intervalList::add(), ignoring interval.
ZERO length suplied to intervalList::add(), ignoring interval.
ZERO length suplied to intervalList::add(), ignoring interval.
ZERO length suplied to intervalList::add(), ignoring interval.
ZERO length suplied to intervalList::add(), ignoring interval.
ZERO length suplied to intervalList::add(), ignoring interval.
ZERO length suplied to intervalList::add(), ignoring interval.
ZERO length suplied to intervalList::add(), ignoring interval.
ZERO length suplied to intervalList::add(), ignoring interval.
ZERO length suplied to intervalList::add(), ignoring interval.
ZERO length suplied to intervalList::add(), ignoring interval.
ZERO length suplied to intervalList::add(), ignoring interval.
ZERO length suplied to intervalList::add(), ignoring interval.
ZERO length suplied to intervalList::add(), ignoring interval.
ZERO length suplied to intervalList::add(), ignoring interval.
ZERO length suplied to intervalList::add(), ignoring interval.
ZERO length suplied to intervalList::add(), ignoring interval.
ZERO length suplied to intervalList::add(), ignoring interval.
ZERO length suplied to intervalList::add(), ignoring interval.
ZERO length suplied to intervalList::add(), ignoring interval.
ZERO length suplied to intervalList::add(), ignoring interval.
ZERO length suplied to intervalList::add(), ignoring interval.
ZERO length suplied to intervalList::add(), ignoring interval.
ZERO length suplied to intervalList::add(), ignoring interval.
ZERO length suplied to intervalList::add(), ignoring interval.
ZERO length suplied to intervalList::add(), ignoring interval.
ZERO length suplied to intervalList::add(), ignoring interval.
ZERO length suplied to intervalList::add(), ignoring interval.
ZERO length suplied to intervalList::add(), ignoring interval.
ZERO length suplied to intervalList::add(), ignoring interval.
ZERO length suplied to intervalList::add(), ignoring interval.
ZERO length suplied to intervalList::add(), ignoring interval.
ZERO length suplied to intervalList::add(), ignoring interval.
ZERO length suplied to intervalList::add(), ignoring interval.
ZERO length suplied to intervalList::add(), ignoring interval.
ZERO length suplied to intervalList::add(), ignoring interval.
ZERO length suplied to intervalList::add(), ignoring interval.
ZERO length suplied to intervalList::add(), ignoring interval.
ZERO length suplied to intervalList::add(), ignoring interval.
ZERO length suplied to intervalList::add(), ignoring interval.
ZERO length suplied to intervalList::add(), ignoring interval.
ZERO length suplied to intervalList::add(), ignoring interval.
ZERO length suplied to intervalList::add(), ignoring interval.
ZERO length suplied to intervalList::add(), ignoring interval.
ZERO length suplied to intervalList::add(), ignoring interval.
ZERO length suplied to intervalList::add(), ignoring interval.
ZERO length suplied to intervalList::add(), ignoring interval.
ZERO length suplied to intervalList::add(), ignoring interval.
ZERO length suplied to intervalList::add(), ignoring interval.
ZERO length suplied to intervalList::add(), ignoring interval.
ZERO length suplied to intervalList::add(), ignoring interval.
ZERO length suplied to intervalList::add(), ignoring interval.
ZERO length suplied to intervalList::add(), ignoring interval.
ZERO length suplied to intervalList::add(), ignoring interval.
ZERO length suplied to intervalList::add(), ignoring interval.

-- Finished on Tue Jan 20 21:32:08 2026 (one second) with 4153060.843 GB free disk space
----------------------------------------
-- Found, in version 2, after consensus generation:
--   contigs:      204 sequences, total length 92578498 bp (including 267 repeats of total length 7851701 bp).
--   bubbles:      243 sequences, total length 7765831 bp.
--   unassembled:  28403 sequences, total length 470150827 bp.
--
-- Contig sizes based on genome size 85mbp:
--
--            NG (bp)  LG (contigs)    sum (bp)
--         ----------  ------------  ----------
--     10     9067646             1     9067646
--     20     5952885             3    22609514
--     30     5884388             4    28493902
--     40     5699465             5    34193367
--     50     5311605             7    45053404
--     60     4450075             9    54764820
--     70     4243362            11    63393661
--     80     2744781            13    69000129
--     90     1649707            17    76532861
--    100      621214            25    85046810
--
-- Finished stage 'consensusLoad', reset canuIteration.
----------------------------------------
-- Starting command on Tue Jan 20 21:32:08 2026 with 4153061.796 GB free disk space

    cd .
    /share/org/YZWL/yzwl_lixg/miniforge3/envs/canu_v.2.3/bin/tgStoreDump \
      -S ./D6-3.seqStore \
      -T ./unitigging/D6-3.ctgStore 2 \
      -o ./D6-3.contigs \
      -layout \
    > ./D6-3.contigs.layout.err 2>&1

-- Finished on Tue Jan 20 21:32:08 2026 (lickety-split) with 4153061.75 GB free disk space
----------------------------------------
----------------------------------------
-- Starting command on Tue Jan 20 21:32:08 2026 with 4153061.75 GB free disk space

    cd .
    /share/org/YZWL/yzwl_lixg/miniforge3/envs/canu_v.2.3/bin/tgStoreDump \
      -S ./D6-3.seqStore \
      -T ./unitigging/D6-3.ctgStore 2 \
      -consensus -fasta \
      -unassembled \
    > ./D6-3.unassembled.fasta
    2> ./D6-3.unassembled.err
ZERO length suplied to intervalList::add(), ignoring interval.
ZERO length suplied to intervalList::add(), ignoring interval.
ZERO length suplied to intervalList::add(), ignoring interval.
ZERO length suplied to intervalList::add(), ignoring interval.
ZERO length suplied to intervalList::add(), ignoring interval.
ZERO length suplied to intervalList::add(), ignoring interval.
ZERO length suplied to intervalList::add(), ignoring interval.
ZERO length suplied to intervalList::add(), ignoring interval.
ZERO length suplied to intervalList::add(), ignoring interval.
ZERO length suplied to intervalList::add(), ignoring interval.
ZERO length suplied to intervalList::add(), ignoring interval.
ZERO length suplied to intervalList::add(), ignoring interval.
ZERO length suplied to intervalList::add(), ignoring interval.
ZERO length suplied to intervalList::add(), ignoring interval.
ZERO length suplied to intervalList::add(), ignoring interval.
ZERO length suplied to intervalList::add(), ignoring interval.
ZERO length suplied to intervalList::add(), ignoring interval.
ZERO length suplied to intervalList::add(), ignoring interval.
ZERO length suplied to intervalList::add(), ignoring interval.
ZERO length suplied to intervalList::add(), ignoring interval.
ZERO length suplied to intervalList::add(), ignoring interval.
ZERO length suplied to intervalList::add(), ignoring interval.
ZERO length suplied to intervalList::add(), ignoring interval.
ZERO length suplied to intervalList::add(), ignoring interval.
ZERO length suplied to intervalList::add(), ignoring interval.
ZERO length suplied to intervalList::add(), ignoring interval.
ZERO length suplied to intervalList::add(), ignoring interval.
ZERO length suplied to intervalList::add(), ignoring interval.
ZERO length suplied to intervalList::add(), ignoring interval.
ZERO length suplied to intervalList::add(), ignoring interval.
ZERO length suplied to intervalList::add(), ignoring interval.
ZERO length suplied to intervalList::add(), ignoring interval.
ZERO length suplied to intervalList::add(), ignoring interval.
ZERO length suplied to intervalList::add(), ignoring interval.
ZERO length suplied to intervalList::add(), ignoring interval.
ZERO length suplied to intervalList::add(), ignoring interval.
ZERO length suplied to intervalList::add(), ignoring interval.
ZERO length suplied to intervalList::add(), ignoring interval.
ZERO length suplied to intervalList::add(), ignoring interval.
ZERO length suplied to intervalList::add(), ignoring interval.
ZERO length suplied to intervalList::add(), ignoring interval.
ZERO length suplied to intervalList::add(), ignoring interval.
ZERO length suplied to intervalList::add(), ignoring interval.
ZERO length suplied to intervalList::add(), ignoring interval.
ZERO length suplied to intervalList::add(), ignoring interval.
ZERO length suplied to intervalList::add(), ignoring interval.
ZERO length suplied to intervalList::add(), ignoring interval.
ZERO length suplied to intervalList::add(), ignoring interval.
ZERO length suplied to intervalList::add(), ignoring interval.
ZERO length suplied to intervalList::add(), ignoring interval.
ZERO length suplied to intervalList::add(), ignoring interval.
ZERO length suplied to intervalList::add(), ignoring interval.
ZERO length suplied to intervalList::add(), ignoring interval.
ZERO length suplied to intervalList::add(), ignoring interval.
ZERO length suplied to intervalList::add(), ignoring interval.
ZERO length suplied to intervalList::add(), ignoring interval.
ZERO length suplied to intervalList::add(), ignoring interval.
ZERO length suplied to intervalList::add(), ignoring interval.
ZERO length suplied to intervalList::add(), ignoring interval.
ZERO length suplied to intervalList::add(), ignoring interval.
ZERO length suplied to intervalList::add(), ignoring interval.
ZERO length suplied to intervalList::add(), ignoring interval.
ZERO length suplied to intervalList::add(), ignoring interval.
ZERO length suplied to intervalList::add(), ignoring interval.
ZERO length suplied to intervalList::add(), ignoring interval.
ZERO length suplied to intervalList::add(), ignoring interval.
ZERO length suplied to intervalList::add(), ignoring interval.
ZERO length suplied to intervalList::add(), ignoring interval.
ZERO length suplied to intervalList::add(), ignoring interval.
ZERO length suplied to intervalList::add(), ignoring interval.
ZERO length suplied to intervalList::add(), ignoring interval.
ZERO length suplied to intervalList::add(), ignoring interval.
ZERO length suplied to intervalList::add(), ignoring interval.
ZERO length suplied to intervalList::add(), ignoring interval.
ZERO length suplied to intervalList::add(), ignoring interval.
ZERO length suplied to intervalList::add(), ignoring interval.
ZERO length suplied to intervalList::add(), ignoring interval.
ZERO length suplied to intervalList::add(), ignoring interval.
ZERO length suplied to intervalList::add(), ignoring interval.
ZERO length suplied to intervalList::add(), ignoring interval.
ZERO length suplied to intervalList::add(), ignoring interval.
ZERO length suplied to intervalList::add(), ignoring interval.
ZERO length suplied to intervalList::add(), ignoring interval.
ZERO length suplied to intervalList::add(), ignoring interval.
ZERO length suplied to intervalList::add(), ignoring interval.
ZERO length suplied to intervalList::add(), ignoring interval.
ZERO length suplied to intervalList::add(), ignoring interval.
ZERO length suplied to intervalList::add(), ignoring interval.
ZERO length suplied to intervalList::add(), ignoring interval.
ZERO length suplied to intervalList::add(), ignoring interval.
ZERO length suplied to intervalList::add(), ignoring interval.
ZERO length suplied to intervalList::add(), ignoring interval.
ZERO length suplied to intervalList::add(), ignoring interval.
ZERO length suplied to intervalList::add(), ignoring interval.
ZERO length suplied to intervalList::add(), ignoring interval.
ZERO length suplied to intervalList::add(), ignoring interval.
ZERO length suplied to intervalList::add(), ignoring interval.
ZERO length suplied to intervalList::add(), ignoring interval.
ZERO length suplied to intervalList::add(), ignoring interval.
ZERO length suplied to intervalList::add(), ignoring interval.
ZERO length suplied to intervalList::add(), ignoring interval.
ZERO length suplied to intervalList::add(), ignoring interval.
ZERO length suplied to intervalList::add(), ignoring interval.
ZERO length suplied to intervalList::add(), ignoring interval.
ZERO length suplied to intervalList::add(), ignoring interval.
ZERO length suplied to intervalList::add(), ignoring interval.
ZERO length suplied to intervalList::add(), ignoring interval.
ZERO length suplied to intervalList::add(), ignoring interval.
ZERO length suplied to intervalList::add(), ignoring interval.
ZERO length suplied to intervalList::add(), ignoring interval.
ZERO length suplied to intervalList::add(), ignoring interval.
ZERO length suplied to intervalList::add(), ignoring interval.

-- Finished on Tue Jan 20 21:32:11 2026 (3 seconds) with 4153061.281 GB free disk space
----------------------------------------
----------------------------------------
-- Starting command on Tue Jan 20 21:32:11 2026 with 4153061.281 GB free disk space

    cd .
    /share/org/YZWL/yzwl_lixg/miniforge3/envs/canu_v.2.3/bin/tgStoreDump \
      -S ./D6-3.seqStore \
      -T ./unitigging/D6-3.ctgStore 2 \
      -consensus -fasta \
      -contigs \
    > ./D6-3.contigs.fasta
    2> ./D6-3.contigs.err
ZERO length suplied to intervalList::add(), ignoring interval.
ZERO length suplied to intervalList::add(), ignoring interval.
ZERO length suplied to intervalList::add(), ignoring interval.
ZERO length suplied to intervalList::add(), ignoring interval.
ZERO length suplied to intervalList::add(), ignoring interval.
ZERO length suplied to intervalList::add(), ignoring interval.
ZERO length suplied to intervalList::add(), ignoring interval.
ZERO length suplied to intervalList::add(), ignoring interval.
ZERO length suplied to intervalList::add(), ignoring interval.
ZERO length suplied to intervalList::add(), ignoring interval.
ZERO length suplied to intervalList::add(), ignoring interval.
ZERO length suplied to intervalList::add(), ignoring interval.
ZERO length suplied to intervalList::add(), ignoring interval.
ZERO length suplied to intervalList::add(), ignoring interval.
ZERO length suplied to intervalList::add(), ignoring interval.
ZERO length suplied to intervalList::add(), ignoring interval.
ZERO length suplied to intervalList::add(), ignoring interval.
ZERO length suplied to intervalList::add(), ignoring interval.
ZERO length suplied to intervalList::add(), ignoring interval.
ZERO length suplied to intervalList::add(), ignoring interval.
ZERO length suplied to intervalList::add(), ignoring interval.
ZERO length suplied to intervalList::add(), ignoring interval.
ZERO length suplied to intervalList::add(), ignoring interval.
ZERO length suplied to intervalList::add(), ignoring interval.
ZERO length suplied to intervalList::add(), ignoring interval.
ZERO length suplied to intervalList::add(), ignoring interval.
ZERO length suplied to intervalList::add(), ignoring interval.
ZERO length suplied to intervalList::add(), ignoring interval.
ZERO length suplied to intervalList::add(), ignoring interval.
ZERO length suplied to intervalList::add(), ignoring interval.
ZERO length suplied to intervalList::add(), ignoring interval.
ZERO length suplied to intervalList::add(), ignoring interval.
ZERO length suplied to intervalList::add(), ignoring interval.
ZERO length suplied to intervalList::add(), ignoring interval.
ZERO length suplied to intervalList::add(), ignoring interval.
ZERO length suplied to intervalList::add(), ignoring interval.
ZERO length suplied to intervalList::add(), ignoring interval.
ZERO length suplied to intervalList::add(), ignoring interval.
ZERO length suplied to intervalList::add(), ignoring interval.
ZERO length suplied to intervalList::add(), ignoring interval.
ZERO length suplied to intervalList::add(), ignoring interval.
ZERO length suplied to intervalList::add(), ignoring interval.
ZERO length suplied to intervalList::add(), ignoring interval.
ZERO length suplied to intervalList::add(), ignoring interval.
ZERO length suplied to intervalList::add(), ignoring interval.
ZERO length suplied to intervalList::add(), ignoring interval.
ZERO length suplied to intervalList::add(), ignoring interval.
ZERO length suplied to intervalList::add(), ignoring interval.
ZERO length suplied to intervalList::add(), ignoring interval.
ZERO length suplied to intervalList::add(), ignoring interval.
ZERO length suplied to intervalList::add(), ignoring interval.
ZERO length suplied to intervalList::add(), ignoring interval.
ZERO length suplied to intervalList::add(), ignoring interval.
ZERO length suplied to intervalList::add(), ignoring interval.
ZERO length suplied to intervalList::add(), ignoring interval.
ZERO length suplied to intervalList::add(), ignoring interval.
ZERO length suplied to intervalList::add(), ignoring interval.
ZERO length suplied to intervalList::add(), ignoring interval.
ZERO length suplied to intervalList::add(), ignoring interval.
ZERO length suplied to intervalList::add(), ignoring interval.
ZERO length suplied to intervalList::add(), ignoring interval.
ZERO length suplied to intervalList::add(), ignoring interval.
ZERO length suplied to intervalList::add(), ignoring interval.
ZERO length suplied to intervalList::add(), ignoring interval.
ZERO length suplied to intervalList::add(), ignoring interval.
ZERO length suplied to intervalList::add(), ignoring interval.
ZERO length suplied to intervalList::add(), ignoring interval.
ZERO length suplied to intervalList::add(), ignoring interval.
ZERO length suplied to intervalList::add(), ignoring interval.
ZERO length suplied to intervalList::add(), ignoring interval.
ZERO length suplied to intervalList::add(), ignoring interval.
ZERO length suplied to intervalList::add(), ignoring interval.
ZERO length suplied to intervalList::add(), ignoring interval.
ZERO length suplied to intervalList::add(), ignoring interval.
ZERO length suplied to intervalList::add(), ignoring interval.
ZERO length suplied to intervalList::add(), ignoring interval.
ZERO length suplied to intervalList::add(), ignoring interval.
ZERO length suplied to intervalList::add(), ignoring interval.
ZERO length suplied to intervalList::add(), ignoring interval.
ZERO length suplied to intervalList::add(), ignoring interval.
ZERO length suplied to intervalList::add(), ignoring interval.
ZERO length suplied to intervalList::add(), ignoring interval.
ZERO length suplied to intervalList::add(), ignoring interval.
ZERO length suplied to intervalList::add(), ignoring interval.
ZERO length suplied to intervalList::add(), ignoring interval.
ZERO length suplied to intervalList::add(), ignoring interval.
ZERO length suplied to intervalList::add(), ignoring interval.
ZERO length suplied to intervalList::add(), ignoring interval.
ZERO length suplied to intervalList::add(), ignoring interval.
ZERO length suplied to intervalList::add(), ignoring interval.
ZERO length suplied to intervalList::add(), ignoring interval.
ZERO length suplied to intervalList::add(), ignoring interval.
ZERO length suplied to intervalList::add(), ignoring interval.
ZERO length suplied to intervalList::add(), ignoring interval.
ZERO length suplied to intervalList::add(), ignoring interval.
ZERO length suplied to intervalList::add(), ignoring interval.
ZERO length suplied to intervalList::add(), ignoring interval.
ZERO length suplied to intervalList::add(), ignoring interval.
ZERO length suplied to intervalList::add(), ignoring interval.
ZERO length suplied to intervalList::add(), ignoring interval.
ZERO length suplied to intervalList::add(), ignoring interval.
ZERO length suplied to intervalList::add(), ignoring interval.
ZERO length suplied to intervalList::add(), ignoring interval.
ZERO length suplied to intervalList::add(), ignoring interval.
ZERO length suplied to intervalList::add(), ignoring interval.
ZERO length suplied to intervalList::add(), ignoring interval.
ZERO length suplied to intervalList::add(), ignoring interval.
ZERO length suplied to intervalList::add(), ignoring interval.
ZERO length suplied to intervalList::add(), ignoring interval.
ZERO length suplied to intervalList::add(), ignoring interval.
ZERO length suplied to intervalList::add(), ignoring interval.
ZERO length suplied to intervalList::add(), ignoring interval.

-- Finished on Tue Jan 20 21:32:11 2026 (like a bat out of hell) with 4153061.171 GB free disk space
----------------------------------------
-- Finished stage 'generateOutputs', reset canuIteration.
--
-- Assembly 'D6-3' finished in '/share/org/YZWL/yzwl_lixg/project/28.大豆疫霉菌三代基因组/03.hicanu/D6-3/01.raw_output'.
--
-- Summary saved in 'D6-3.report'.
--
-- Sequences saved:
--   Contigs       -> 'D6-3.contigs.fasta'
--   Unassembled   -> 'D6-3.unassembled.fasta'
--
-- Read layouts saved:
--   Contigs       -> 'D6-3.contigs.layout'.
--
-- Bye.

Job 68952679 stderr output:

