2026-01-30 01:05:29.871 - INFO - 开始KmerPAV流程|Starting KmerPAV pipeline
2026-01-30 01:05:29.872 - INFO - 生成FOF文件|Generating FOF file
2026-01-30 01:05:29.886 - INFO - 未检测到双末端数据，尝试查找单末端数据|No paired-end data detected, trying single-end data
2026-01-30 01:05:29.886 - INFO - 检测到单末端数据|Detected single-end data: 99 samples
2026-01-30 01:05:29.887 - INFO - FOF文件已生成（单末端）|FOF file generated (single-end): 03.kmer_db/input.fof
2026-01-30 01:05:29.887 - INFO - 运行kmtricks pipeline|Running kmtricks pipeline
2026-01-30 01:05:29.901 - INFO - 执行kmtricks pipeline|Executing kmtricks pipeline|执行kmtricks pipeline|Executing kmtricks pipeline
2026-01-30 09:26:54.771 - INFO - kmtricks pipeline完成|kmtricks pipeline completed
2026-01-30 09:26:54.772 - INFO - 运行kmtricks aggregate|Running kmtricks aggregate
2026-01-30 09:26:54.772 - INFO - 执行kmtricks aggregate|Executing kmtricks aggregate|执行kmtricks aggregate|Executing kmtricks aggregate
2026-01-30 09:34:30.528 - INFO - kmtricks aggregate完成|kmtricks aggregate completed: 03.kmer_db/kmer_matrix.txt
2026-01-30 09:34:30.528 - INFO - 压缩矩阵文件|Compressing matrix file
2026-01-30 09:34:30.696 - INFO - 压缩矩阵文件|Compressing matrix file|压缩矩阵文件|Compressing matrix file
2026-01-30 09:36:46.249 - INFO - 矩阵文件已压缩|Matrix file compressed: 03.kmer_db/kmer_matrix.txt.gz
2026-01-30 09:36:46.249 - INFO - 提取样本名|Extracting sample names
2026-01-30 09:36:46.249 - INFO - 样本名已提取|Sample names extracted: 03.kmer_db/header.txt
2026-01-30 09:36:46.249 - INFO - 导入矩阵到RocksDB|Importing matrix to RocksDB
2026-01-30 09:36:46.729 - INFO - RocksDB导入功能需要python-rocksdb库|RocksDB import requires python-rocksdb library
2026-01-30 09:36:46.729 - INFO - 请确保已安装: pip install python-rocksdb|Please ensure installed: pip install python-rocksdb
2026-01-30 09:36:46.729 - INFO - RocksDB数据库路径|RocksDB database path: 03.kmer_db/kmer_rocksdb
2026-01-30 09:36:46.729 - INFO - KmerPAV流程完成|KmerPAV pipeline completed
2026-01-30 09:36:46.729 - INFO - kmer数据库构建完成|kmer database building completed
