Process ForkPoolWorker-21:
Process ForkPoolWorker-1:
Process ForkPoolWorker-7:
Process ForkPoolWorker-18:
Process ForkPoolWorker-11:
Process ForkPoolWorker-14:
Process ForkPoolWorker-6:
Process ForkPoolWorker-17:
Process ForkPoolWorker-3:
Process ForkPoolWorker-19:
Process ForkPoolWorker-16:
Process ForkPoolWorker-15:
Process ForkPoolWorker-5:
Process ForkPoolWorker-8:
Process ForkPoolWorker-9:
Process ForkPoolWorker-13:
Process ForkPoolWorker-4:
Process ForkPoolWorker-12:
Process ForkPoolWorker-2:
Process ForkPoolWorker-10:
Process ForkPoolWorker-20:
Traceback (most recent call last):
  File "/share/org/YZWL/yzwl_lixg/miniforge3/envs/biopytools/lib/python3.10/multiprocessing/process.py", line 314, in _bootstrap
    self.run()
  File "/share/org/YZWL/yzwl_lixg/miniforge3/envs/biopytools/lib/python3.10/multiprocessing/process.py", line 108, in run
    self._target(*self._args, **self._kwargs)
  File "/share/org/YZWL/yzwl_lixg/miniforge3/envs/biopytools/lib/python3.10/multiprocessing/pool.py", line 114, in worker
    task = get()
  File "/share/org/YZWL/yzwl_lixg/miniforge3/envs/biopytools/lib/python3.10/multiprocessing/queues.py", line 365, in get
    res = self._reader.recv_bytes()
  File "/share/org/YZWL/yzwl_lixg/miniforge3/envs/biopytools/lib/python3.10/multiprocessing/connection.py", line 216, in recv_bytes
    buf = self._recv_bytes(maxlength)
  File "/share/org/YZWL/yzwl_lixg/miniforge3/envs/biopytools/lib/python3.10/multiprocessing/connection.py", line 414, in _recv_bytes
    buf = self._recv(4)
  File "/share/org/YZWL/yzwl_lixg/miniforge3/envs/biopytools/lib/python3.10/multiprocessing/connection.py", line 379, in _recv
    chunk = read(handle, remaining)
KeyboardInterrupt
Traceback (most recent call last):
  File "/share/org/YZWL/yzwl_lixg/miniforge3/envs/biopytools/lib/python3.10/multiprocessing/process.py", line 314, in _bootstrap
    self.run()
  File "/share/org/YZWL/yzwl_lixg/miniforge3/envs/biopytools/lib/python3.10/multiprocessing/process.py", line 108, in run
    self._target(*self._args, **self._kwargs)
  File "/share/org/YZWL/yzwl_lixg/miniforge3/envs/biopytools/lib/python3.10/multiprocessing/pool.py", line 114, in worker
    task = get()
  File "/share/org/YZWL/yzwl_lixg/miniforge3/envs/biopytools/lib/python3.10/multiprocessing/queues.py", line 364, in get
    with self._rlock:
Traceback (most recent call last):
  File "/share/org/YZWL/yzwl_lixg/miniforge3/envs/biopytools/lib/python3.10/multiprocessing/synchronize.py", line 95, in __enter__
    return self._semlock.__enter__()
KeyboardInterrupt
Traceback (most recent call last):
  File "/share/org/YZWL/yzwl_lixg/miniforge3/envs/biopytools/lib/python3.10/multiprocessing/process.py", line 314, in _bootstrap
    self.run()
  File "/share/org/YZWL/yzwl_lixg/miniforge3/envs/biopytools/lib/python3.10/multiprocessing/process.py", line 108, in run
    self._target(*self._args, **self._kwargs)
  File "/share/org/YZWL/yzwl_lixg/miniforge3/envs/biopytools/lib/python3.10/multiprocessing/pool.py", line 114, in worker
    task = get()
  File "/share/org/YZWL/yzwl_lixg/miniforge3/envs/biopytools/lib/python3.10/multiprocessing/queues.py", line 364, in get
    with self._rlock:
Traceback (most recent call last):
  File "/share/org/YZWL/yzwl_lixg/miniforge3/envs/biopytools/lib/python3.10/multiprocessing/process.py", line 314, in _bootstrap
    self.run()
  File "/share/org/YZWL/yzwl_lixg/miniforge3/envs/biopytools/lib/python3.10/multiprocessing/synchronize.py", line 95, in __enter__
    return self._semlock.__enter__()
Traceback (most recent call last):
  File "/share/org/YZWL/yzwl_lixg/miniforge3/envs/biopytools/lib/python3.10/multiprocessing/process.py", line 108, in run
    self._target(*self._args, **self._kwargs)
Traceback (most recent call last):
  File "/share/org/YZWL/yzwl_lixg/miniforge3/envs/biopytools/lib/python3.10/multiprocessing/process.py", line 314, in _bootstrap
    self.run()
KeyboardInterrupt
  File "/share/org/YZWL/yzwl_lixg/miniforge3/envs/biopytools/lib/python3.10/multiprocessing/pool.py", line 114, in worker
    task = get()
  File "/share/org/YZWL/yzwl_lixg/miniforge3/envs/biopytools/lib/python3.10/multiprocessing/queues.py", line 364, in get
    with self._rlock:
Traceback (most recent call last):
  File "/share/org/YZWL/yzwl_lixg/miniforge3/envs/biopytools/lib/python3.10/multiprocessing/synchronize.py", line 95, in __enter__
    return self._semlock.__enter__()
  File "/share/org/YZWL/yzwl_lixg/miniforge3/envs/biopytools/lib/python3.10/multiprocessing/process.py", line 314, in _bootstrap
    self.run()
  File "/share/org/YZWL/yzwl_lixg/miniforge3/envs/biopytools/lib/python3.10/multiprocessing/process.py", line 108, in run
    self._target(*self._args, **self._kwargs)
  File "/share/org/YZWL/yzwl_lixg/miniforge3/envs/biopytools/lib/python3.10/multiprocessing/process.py", line 314, in _bootstrap
    self.run()
KeyboardInterrupt
  File "/share/org/YZWL/yzwl_lixg/miniforge3/envs/biopytools/lib/python3.10/multiprocessing/process.py", line 108, in run
    self._target(*self._args, **self._kwargs)
  File "/share/org/YZWL/yzwl_lixg/miniforge3/envs/biopytools/lib/python3.10/multiprocessing/pool.py", line 114, in worker
    task = get()
  File "/share/org/YZWL/yzwl_lixg/miniforge3/envs/biopytools/lib/python3.10/multiprocessing/process.py", line 314, in _bootstrap
    self.run()
Traceback (most recent call last):
  File "/share/org/YZWL/yzwl_lixg/miniforge3/envs/biopytools/lib/python3.10/multiprocessing/process.py", line 108, in run
    self._target(*self._args, **self._kwargs)
Traceback (most recent call last):
  File "/share/org/YZWL/yzwl_lixg/miniforge3/envs/biopytools/lib/python3.10/multiprocessing/pool.py", line 114, in worker
    task = get()
Traceback (most recent call last):
  File "/share/org/YZWL/yzwl_lixg/miniforge3/envs/biopytools/lib/python3.10/multiprocessing/queues.py", line 364, in get
    with self._rlock:
Traceback (most recent call last):
  File "/share/org/YZWL/yzwl_lixg/miniforge3/envs/biopytools/lib/python3.10/multiprocessing/process.py", line 108, in run
    self._target(*self._args, **self._kwargs)
Traceback (most recent call last):
  File "/share/org/YZWL/yzwl_lixg/miniforge3/envs/biopytools/lib/python3.10/multiprocessing/pool.py", line 114, in worker
    task = get()
Traceback (most recent call last):
  File "/share/org/YZWL/yzwl_lixg/miniforge3/envs/biopytools/lib/python3.10/multiprocessing/process.py", line 314, in _bootstrap
    self.run()
  File "/share/org/YZWL/yzwl_lixg/miniforge3/envs/biopytools/lib/python3.10/multiprocessing/queues.py", line 364, in get
    with self._rlock:
Traceback (most recent call last):
  File "/share/org/YZWL/yzwl_lixg/miniforge3/envs/biopytools/lib/python3.10/multiprocessing/synchronize.py", line 95, in __enter__
    return self._semlock.__enter__()
Traceback (most recent call last):
  File "/share/org/YZWL/yzwl_lixg/miniforge3/envs/biopytools/lib/python3.10/multiprocessing/process.py", line 314, in _bootstrap
    self.run()
Traceback (most recent call last):
  File "/share/org/YZWL/yzwl_lixg/miniforge3/envs/biopytools/lib/python3.10/multiprocessing/pool.py", line 114, in worker
    task = get()
Traceback (most recent call last):
  File "/share/org/YZWL/yzwl_lixg/miniforge3/envs/biopytools/lib/python3.10/multiprocessing/process.py", line 314, in _bootstrap
    self.run()
Traceback (most recent call last):
  File "/share/org/YZWL/yzwl_lixg/miniforge3/envs/biopytools/lib/python3.10/multiprocessing/queues.py", line 364, in get
    with self._rlock:
Traceback (most recent call last):
  File "/share/org/YZWL/yzwl_lixg/miniforge3/envs/biopytools/lib/python3.10/multiprocessing/process.py", line 314, in _bootstrap
    self.run()
Traceback (most recent call last):
  File "/share/org/YZWL/yzwl_lixg/miniforge3/envs/biopytools/lib/python3.10/multiprocessing/process.py", line 314, in _bootstrap
    self.run()
  File "/share/org/YZWL/yzwl_lixg/miniforge3/envs/biopytools/lib/python3.10/multiprocessing/process.py", line 108, in run
    self._target(*self._args, **self._kwargs)
  File "/share/org/YZWL/yzwl_lixg/miniforge3/envs/biopytools/lib/python3.10/multiprocessing/synchronize.py", line 95, in __enter__
    return self._semlock.__enter__()
  File "/share/org/YZWL/yzwl_lixg/miniforge3/envs/biopytools/lib/python3.10/multiprocessing/process.py", line 314, in _bootstrap
    self.run()
KeyboardInterrupt
  File "/share/org/YZWL/yzwl_lixg/miniforge3/envs/biopytools/lib/python3.10/multiprocessing/process.py", line 314, in _bootstrap
    self.run()
  File "/share/org/YZWL/yzwl_lixg/miniforge3/envs/biopytools/lib/python3.10/multiprocessing/process.py", line 108, in run
    self._target(*self._args, **self._kwargs)
  File "/share/org/YZWL/yzwl_lixg/miniforge3/envs/biopytools/lib/python3.10/multiprocessing/process.py", line 314, in _bootstrap
    self.run()
  File "/share/org/YZWL/yzwl_lixg/miniforge3/envs/biopytools/lib/python3.10/multiprocessing/queues.py", line 364, in get
    with self._rlock:
  File "/share/org/YZWL/yzwl_lixg/miniforge3/envs/biopytools/lib/python3.10/multiprocessing/process.py", line 108, in run
    self._target(*self._args, **self._kwargs)
  File "/share/org/YZWL/yzwl_lixg/miniforge3/envs/biopytools/lib/python3.10/multiprocessing/process.py", line 314, in _bootstrap
    self.run()
  File "/share/org/YZWL/yzwl_lixg/miniforge3/envs/biopytools/lib/python3.10/multiprocessing/synchronize.py", line 95, in __enter__
    return self._semlock.__enter__()
  File "/share/org/YZWL/yzwl_lixg/miniforge3/envs/biopytools/lib/python3.10/multiprocessing/process.py", line 314, in _bootstrap
    self.run()
  File "/share/org/YZWL/yzwl_lixg/miniforge3/envs/biopytools/lib/python3.10/multiprocessing/process.py", line 108, in run
    self._target(*self._args, **self._kwargs)
  File "/share/org/YZWL/yzwl_lixg/miniforge3/envs/biopytools/lib/python3.10/multiprocessing/process.py", line 314, in _bootstrap
    self.run()
  File "/share/org/YZWL/yzwl_lixg/miniforge3/envs/biopytools/lib/python3.10/multiprocessing/process.py", line 314, in _bootstrap
    self.run()
  File "/share/org/YZWL/yzwl_lixg/miniforge3/envs/biopytools/lib/python3.10/multiprocessing/process.py", line 108, in run
    self._target(*self._args, **self._kwargs)
  File "/share/org/YZWL/yzwl_lixg/miniforge3/envs/biopytools/lib/python3.10/multiprocessing/pool.py", line 114, in worker
    task = get()
  File "/share/org/YZWL/yzwl_lixg/miniforge3/envs/biopytools/lib/python3.10/multiprocessing/process.py", line 314, in _bootstrap
    self.run()
KeyboardInterrupt
  File "/share/org/YZWL/yzwl_lixg/miniforge3/envs/biopytools/lib/python3.10/multiprocessing/process.py", line 108, in run
    self._target(*self._args, **self._kwargs)
  File "/share/org/YZWL/yzwl_lixg/miniforge3/envs/biopytools/lib/python3.10/multiprocessing/process.py", line 108, in run
    self._target(*self._args, **self._kwargs)
  File "/share/org/YZWL/yzwl_lixg/miniforge3/envs/biopytools/lib/python3.10/multiprocessing/pool.py", line 114, in worker
    task = get()
  File "/share/org/YZWL/yzwl_lixg/miniforge3/envs/biopytools/lib/python3.10/multiprocessing/process.py", line 108, in run
    self._target(*self._args, **self._kwargs)
  File "/share/org/YZWL/yzwl_lixg/miniforge3/envs/biopytools/lib/python3.10/multiprocessing/synchronize.py", line 95, in __enter__
    return self._semlock.__enter__()
  File "/share/org/YZWL/yzwl_lixg/miniforge3/envs/biopytools/lib/python3.10/multiprocessing/pool.py", line 114, in worker
    task = get()
  File "/share/org/YZWL/yzwl_lixg/miniforge3/envs/biopytools/lib/python3.10/multiprocessing/process.py", line 108, in run
    self._target(*self._args, **self._kwargs)
  File "/share/org/YZWL/yzwl_lixg/miniforge3/envs/biopytools/lib/python3.10/multiprocessing/process.py", line 108, in run
    self._target(*self._args, **self._kwargs)
KeyboardInterrupt
  File "/share/org/YZWL/yzwl_lixg/miniforge3/envs/biopytools/lib/python3.10/multiprocessing/pool.py", line 114, in worker
    task = get()
  File "/share/org/YZWL/yzwl_lixg/miniforge3/envs/biopytools/lib/python3.10/multiprocessing/process.py", line 108, in run
    self._target(*self._args, **self._kwargs)
  File "/share/org/YZWL/yzwl_lixg/miniforge3/envs/biopytools/lib/python3.10/multiprocessing/process.py", line 108, in run
    self._target(*self._args, **self._kwargs)
  File "/share/org/YZWL/yzwl_lixg/miniforge3/envs/biopytools/lib/python3.10/multiprocessing/pool.py", line 114, in worker
    task = get()
  File "/share/org/YZWL/yzwl_lixg/miniforge3/envs/biopytools/lib/python3.10/multiprocessing/queues.py", line 364, in get
    with self._rlock:
  File "/share/org/YZWL/yzwl_lixg/miniforge3/envs/biopytools/lib/python3.10/multiprocessing/process.py", line 108, in run
    self._target(*self._args, **self._kwargs)
  File "/share/org/YZWL/yzwl_lixg/miniforge3/envs/biopytools/lib/python3.10/multiprocessing/pool.py", line 114, in worker
    task = get()
  File "/share/org/YZWL/yzwl_lixg/miniforge3/envs/biopytools/lib/python3.10/multiprocessing/pool.py", line 114, in worker
    task = get()
  File "/share/org/YZWL/yzwl_lixg/miniforge3/envs/biopytools/lib/python3.10/multiprocessing/queues.py", line 364, in get
    with self._rlock:
  File "/share/org/YZWL/yzwl_lixg/miniforge3/envs/biopytools/lib/python3.10/multiprocessing/pool.py", line 114, in worker
    task = get()
  File "/share/org/YZWL/yzwl_lixg/miniforge3/envs/biopytools/lib/python3.10/multiprocessing/queues.py", line 364, in get
    with self._rlock:
KeyboardInterrupt
  File "/share/org/YZWL/yzwl_lixg/miniforge3/envs/biopytools/lib/python3.10/multiprocessing/pool.py", line 114, in worker
    task = get()
  File "/share/org/YZWL/yzwl_lixg/miniforge3/envs/biopytools/lib/python3.10/multiprocessing/pool.py", line 114, in worker
    task = get()
  File "/share/org/YZWL/yzwl_lixg/miniforge3/envs/biopytools/lib/python3.10/multiprocessing/queues.py", line 364, in get
    with self._rlock:
  File "/share/org/YZWL/yzwl_lixg/miniforge3/envs/biopytools/lib/python3.10/multiprocessing/pool.py", line 114, in worker
    task = get()
  File "/share/org/YZWL/yzwl_lixg/miniforge3/envs/biopytools/lib/python3.10/multiprocessing/pool.py", line 114, in worker
    task = get()
  File "/share/org/YZWL/yzwl_lixg/miniforge3/envs/biopytools/lib/python3.10/multiprocessing/queues.py", line 364, in get
    with self._rlock:
  File "/share/org/YZWL/yzwl_lixg/miniforge3/envs/biopytools/lib/python3.10/multiprocessing/synchronize.py", line 95, in __enter__
    return self._semlock.__enter__()
  File "/share/org/YZWL/yzwl_lixg/miniforge3/envs/biopytools/lib/python3.10/multiprocessing/pool.py", line 114, in worker
    task = get()
  File "/share/org/YZWL/yzwl_lixg/miniforge3/envs/biopytools/lib/python3.10/multiprocessing/queues.py", line 364, in get
    with self._rlock:
  File "/share/org/YZWL/yzwl_lixg/miniforge3/envs/biopytools/lib/python3.10/multiprocessing/queues.py", line 364, in get
    with self._rlock:
  File "/share/org/YZWL/yzwl_lixg/miniforge3/envs/biopytools/lib/python3.10/multiprocessing/synchronize.py", line 95, in __enter__
    return self._semlock.__enter__()
  File "/share/org/YZWL/yzwl_lixg/miniforge3/envs/biopytools/lib/python3.10/multiprocessing/queues.py", line 364, in get
    with self._rlock:
  File "/share/org/YZWL/yzwl_lixg/miniforge3/envs/biopytools/lib/python3.10/multiprocessing/synchronize.py", line 95, in __enter__
    return self._semlock.__enter__()
  File "/share/org/YZWL/yzwl_lixg/miniforge3/envs/biopytools/lib/python3.10/multiprocessing/queues.py", line 364, in get
    with self._rlock:
  File "/share/org/YZWL/yzwl_lixg/miniforge3/envs/biopytools/lib/python3.10/multiprocessing/queues.py", line 364, in get
    with self._rlock:
  File "/share/org/YZWL/yzwl_lixg/miniforge3/envs/biopytools/lib/python3.10/multiprocessing/synchronize.py", line 95, in __enter__
    return self._semlock.__enter__()
  File "/share/org/YZWL/yzwl_lixg/miniforge3/envs/biopytools/lib/python3.10/multiprocessing/queues.py", line 364, in get
    with self._rlock:
  File "/share/org/YZWL/yzwl_lixg/miniforge3/envs/biopytools/lib/python3.10/multiprocessing/queues.py", line 364, in get
    with self._rlock:
  File "/share/org/YZWL/yzwl_lixg/miniforge3/envs/biopytools/lib/python3.10/multiprocessing/synchronize.py", line 95, in __enter__
    return self._semlock.__enter__()
  File "/share/org/YZWL/yzwl_lixg/miniforge3/envs/biopytools/lib/python3.10/multiprocessing/queues.py", line 364, in get
    with self._rlock:
KeyboardInterrupt
  File "/share/org/YZWL/yzwl_lixg/miniforge3/envs/biopytools/lib/python3.10/multiprocessing/synchronize.py", line 95, in __enter__
    return self._semlock.__enter__()
  File "/share/org/YZWL/yzwl_lixg/miniforge3/envs/biopytools/lib/python3.10/multiprocessing/synchronize.py", line 95, in __enter__
    return self._semlock.__enter__()
  File "/share/org/YZWL/yzwl_lixg/miniforge3/envs/biopytools/lib/python3.10/multiprocessing/synchronize.py", line 95, in __enter__
    return self._semlock.__enter__()
KeyboardInterrupt
  File "/share/org/YZWL/yzwl_lixg/miniforge3/envs/biopytools/lib/python3.10/multiprocessing/synchronize.py", line 95, in __enter__
    return self._semlock.__enter__()
KeyboardInterrupt
  File "/share/org/YZWL/yzwl_lixg/miniforge3/envs/biopytools/lib/python3.10/multiprocessing/synchronize.py", line 95, in __enter__
    return self._semlock.__enter__()
  File "/share/org/YZWL/yzwl_lixg/miniforge3/envs/biopytools/lib/python3.10/multiprocessing/synchronize.py", line 95, in __enter__
    return self._semlock.__enter__()
KeyboardInterrupt
KeyboardInterrupt
  File "/share/org/YZWL/yzwl_lixg/miniforge3/envs/biopytools/lib/python3.10/multiprocessing/synchronize.py", line 95, in __enter__
    return self._semlock.__enter__()
  File "/share/org/YZWL/yzwl_lixg/miniforge3/envs/biopytools/lib/python3.10/multiprocessing/synchronize.py", line 95, in __enter__
    return self._semlock.__enter__()
KeyboardInterrupt
KeyboardInterrupt
KeyboardInterrupt
KeyboardInterrupt
KeyboardInterrupt
KeyboardInterrupt
KeyboardInterrupt
KeyboardInterrupt
Exception ignored in: <function _releaseLock at 0x145fbacc65f0>
Traceback (most recent call last):
  File "/share/org/YZWL/yzwl_lixg/miniforge3/envs/biopytools/lib/python3.10/logging/__init__.py", line 228, in _releaseLock
    def _releaseLock():
KeyboardInterrupt: 
Terminated
Job 69165866 stderr output:

