2026-01-20 18:52:06.306 - WARNING - 命令错误输出|Command stderr:
-- canu master +27 changes (r10515 2a41e933b8de6ed66723d75d36dd071b46d2c347)
--
-- CITATIONS
--
-- For assemblies of PacBio HiFi reads:
--   Nurk S, Walenz BP, Rhiea A, Vollger MR, Logsdon GA, Grothe R, Miga KH, Eichler EE, Phillippy AM, Koren S.
--   HiCanu: accurate assembly of segmental duplications, satellites, and allelic variants from high-fidelity long reads.
--   biorXiv. 2020.
--   https://doi.org/10.1101/2020.03.14.992248
-- 
-- Read and contig alignments during correction and consensus use:
--   Šošic M, Šikic M.
--   Edlib: a C/C ++ library for fast, exact sequence alignment using edit distance.
--   Bioinformatics. 2017 May 1;33(9):1394-1395.
--   http://doi.org/10.1093/bioinformatics/btw753
-- 
-- Overlaps are generated using:
--   Berlin K, et al.
--   Assembling large genomes with single-molecule sequencing and locality-sensitive hashing.
--   Nat Biotechnol. 2015 Jun;33(6):623-30.
--   http://doi.org/10.1038/nbt.3238
-- 
--   Myers EW, et al.
--   A Whole-Genome Assembly of Drosophila.
--   Science. 2000 Mar 24;287(5461):2196-204.
--   http://doi.org/10.1126/science.287.5461.2196
-- 
-- Contig consensus sequences are generated using an algorithm derived from pbdagcon:
--   Chin CS, et al.
--   Nonhybrid, finished microbial genome assemblies from long-read SMRT sequencing data.
--   Nat Methods. 2013 Jun;10(6):563-9
--   http://doi.org/10.1038/nmeth.2474
-- 
-- CONFIGURE CANU
--
-- Detected Java(TM) Runtime Environment '17.0.15-internal' (from '/share/org/YZWL/yzwl_lixg/.local/bin/java') without -d64 support.
--
-- WARNING:
-- WARNING:  Failed to run gnuplot using command 'gnuplot'.
-- WARNING:  Plots will be disabled.
-- WARNING:
--
-- Detected samtools version '1.22' / htslib version 'htscodecs=1.6.3' (from 'samtools').
--
-- Detected 88 CPUs and 503 gigabytes of memory on the local machine.
--
-- Detected Slurm with 'sinfo' binary in /opt/skyformai/bin/sinfo.
--          Slurm disabled by useGrid=false
--
-- Detected  '' with 'pbsnodes' binary in /opt/skyformai/bin/pbsnodes.
--           disabled by useGrid=false
--
-- Detected LSF with 'bsub' binary in /opt/skyformai/bin/bsub.
--          LSF disabled by useGrid=false
--
-- Local machine mode enabled; grid support not detected or not allowed.
--
-- Found trimmed raw PacBio HiFi reads in the input files.
--
--                                (tag)Concurrency
--                         (tag)Threads          |
--                (tag)Memory         |          |
--        (tag)             |         |          |       total usage      algorithm
--        -------  ----------  --------   --------  --------------------  -----------------------------
-- Local: meryl     12.000 GB    4 CPUs x  22 jobs   264.000 GB  88 CPUs  (k-mer counting)
-- Local: cormhap   13.000 GB   11 CPUs x   8 jobs   104.000 GB  88 CPUs  (overlap detection with mhap)
-- Local: obtovl     8.000 GB    8 CPUs x  11 jobs    88.000 GB  88 CPUs  (overlap detection)
-- Local: utgovl     8.000 GB    8 CPUs x  11 jobs    88.000 GB  88 CPUs  (overlap detection)
-- Local: cor        -.--- GB    4 CPUs x   - jobs     -.--- GB   - CPUs  (read correction)
-- Local: ovb        4.000 GB    1 CPU  x  88 jobs   352.000 GB  88 CPUs  (overlap store bucketizer)
-- Local: ovs        8.000 GB    1 CPU  x  62 jobs   496.000 GB  62 CPUs  (overlap store sorting)
-- Local: red       16.000 GB    4 CPUs x  22 jobs   352.000 GB  88 CPUs  (read error detection)
-- Local: oea        8.000 GB    1 CPU  x  62 jobs   496.000 GB  62 CPUs  (overlap error adjustment)
-- Local: bat       32.000 GB    8 CPUs x   1 job     32.000 GB   8 CPUs  (contig construction with bogart)
-- Local: cns        -.--- GB    8 CPUs x   - jobs     -.--- GB   - CPUs  (consensus)
--
-- Generating assembly 'N8-7' in '/share/org/YZWL/yzwl_lixg/project/28.大豆疫霉菌三代基因组/03.hicanu/N8-7/01.raw_output':
--   genomeSize:
--     85000000
--
--   Overlap Generation Limits:
--     corOvlErrorRate 0.0000 (  0.00%)
--     obtOvlErrorRate 0.0250 (  2.50%)
--     utgOvlErrorRate 0.0100 (  1.00%)
--
--   Overlap Processing Limits:
--     corErrorRate    0.0000 (  0.00%)
--     obtErrorRate    0.0250 (  2.50%)
--     utgErrorRate    0.0003 (  0.03%)
--     cnsErrorRate    0.0500 (  5.00%)
--
--   Stages to run:
--     assemble HiFi reads.
--
--
-- BEGIN STORE CREATION
----------------------------------------
-- Starting command on Tue Jan 20 17:18:16 2026 with 4193101.593 GB free disk space

    cd .
    ./N8-7.seqStore.sh \
    > ./N8-7.seqStore.err 2>&1

-- Finished on Tue Jan 20 17:24:48 2026 (392 seconds) with 4192150.265 GB free disk space
----------------------------------------
--
-- In sequence store './N8-7.seqStore':
--   Found 287146 reads.
--   Found 4250010804 bases (50 times coverage).
--    Histogram of corrected reads:
--    
--    G=4250010804                       sum of  ||               length     num
--    NG         length     index       lengths  ||                range    seqs
--    ----- ------------ --------- ------------  ||  ------------------- -------
--    00010        21677     17939    425022397  ||       1256-2274         3773|------
--    00020        19770     38549    850007814  ||       2275-3293         8170|-------------
--    00030        18506     60803   1275010225  ||       3294-4312         8659|--------------
--    00040        17539     84411   1700012778  ||       4313-5331         8148|-------------
--    00050        16731    109232   2125010635  ||       5332-6350         7147|-----------
--    00060        16040    135181   2550011622  ||       6351-7369         6507|----------
--    00070        15405    162220   2975014340  ||       7370-8388         6028|----------
--    00080        14736    190403   3400020622  ||       8389-9407         5169|--------
--    00090        12680    220466   3825017634  ||       9408-10426        4624|--------
--    00100         1256    287146   4250010804  ||      10427-11445        4113|-------
--    001.000x              287146   4250010804  ||      11446-12464        3591|------
--                                               ||      12465-13483        4316|-------
--                                               ||      13484-14502       18392|-----------------------------
--                                               ||      14503-15521       41349|---------------------------------------------------------------
--                                               ||      15522-16540       41097|---------------------------------------------------------------
--                                               ||      16541-17559       32214|--------------------------------------------------
--                                               ||      17560-18578       24616|--------------------------------------
--                                               ||      18579-19597       18077|----------------------------
--                                               ||      19598-20616       13432|---------------------
--                                               ||      20617-21635        9499|---------------
--                                               ||      21636-22654        6523|----------
--                                               ||      22655-23673        4655|--------
--                                               ||      23674-24692        2853|-----
--                                               ||      24693-25711        1847|---
--                                               ||      25712-26730        1125|--
--                                               ||      26731-27749         625|-
--                                               ||      27750-28768         311|-
--                                               ||      28769-29787         147|-
--                                               ||      29788-30806          74|-
--                                               ||      30807-31825          25|-
--                                               ||      31826-32844          21|-
--                                               ||      32845-33863           5|-
--                                               ||      33864-34882           4|-
--                                               ||      34883-35901           0|
--                                               ||      35902-36920           2|-
--                                               ||      36921-37939           2|-
--                                               ||      37940-38958           0|
--                                               ||      38959-39977           1|-
--                                               ||      39978-40996           2|-
--                                               ||      40997-42015           3|-
--    
--
-- In sequence store './N8-7.seqStore':
--   Found 287146 reads.
--   Found 4250010804 bases (50 times coverage).
--    Histogram of corrected-trimmed reads:
--    
--    G=4250010804                       sum of  ||               length     num
--    NG         length     index       lengths  ||                range    seqs
--    ----- ------------ --------- ------------  ||  ------------------- -------
--    00010        21677     17939    425022397  ||       1256-2274         3773|------
--    00020        19770     38549    850007814  ||       2275-3293         8170|-------------
--    00030        18506     60803   1275010225  ||       3294-4312         8659|--------------
--    00040        17539     84411   1700012778  ||       4313-5331         8148|-------------
--    00050        16731    109232   2125010635  ||       5332-6350         7147|-----------
--    00060        16040    135181   2550011622  ||       6351-7369         6507|----------
--    00070        15405    162220   2975014340  ||       7370-8388         6028|----------
--    00080        14736    190403   3400020622  ||       8389-9407         5169|--------
--    00090        12680    220466   3825017634  ||       9408-10426        4624|--------
--    00100         1256    287146   4250010804  ||      10427-11445        4113|-------
--    001.000x              287146   4250010804  ||      11446-12464        3591|------
--                                               ||      12465-13483        4316|-------
--                                               ||      13484-14502       18392|-----------------------------
--                                               ||      14503-15521       41349|---------------------------------------------------------------
--                                               ||      15522-16540       41097|---------------------------------------------------------------
--                                               ||      16541-17559       32214|--------------------------------------------------
--                                               ||      17560-18578       24616|--------------------------------------
--                                               ||      18579-19597       18077|----------------------------
--                                               ||      19598-20616       13432|---------------------
--                                               ||      20617-21635        9499|---------------
--                                               ||      21636-22654        6523|----------
--                                               ||      22655-23673        4655|--------
--                                               ||      23674-24692        2853|-----
--                                               ||      24693-25711        1847|---
--                                               ||      25712-26730        1125|--
--                                               ||      26731-27749         625|-
--                                               ||      27750-28768         311|-
--                                               ||      28769-29787         147|-
--                                               ||      29788-30806          74|-
--                                               ||      30807-31825          25|-
--                                               ||      31826-32844          21|-
--                                               ||      32845-33863           5|-
--                                               ||      33864-34882           4|-
--                                               ||      34883-35901           0|
--                                               ||      35902-36920           2|-
--                                               ||      36921-37939           2|-
--                                               ||      37940-38958           0|
--                                               ||      38959-39977           1|-
--                                               ||      39978-40996           2|-
--                                               ||      40997-42015           3|-
--    
--
-- Correction skipped; not enabled.
--
-- Trimming skipped; not enabled.
--
-- BEGIN ASSEMBLY
----------------------------------------
-- Starting command on Tue Jan 20 17:24:49 2026 with 4192150.218 GB free disk space

    cd unitigging/0-mercounts
    ./meryl-configure.sh \
    > ./meryl-configure.err 2>&1

-- Finished on Tue Jan 20 17:24:49 2026 (fast as lightning) with 4192150.218 GB free disk space
----------------------------------------
--  segments   memory batches
--  -------- -------- -------
--        01 10.72 GB       2
--        02  5.46 GB       2
--        04  2.94 GB       2
--        06  2.12 GB       2
--        08  1.59 GB       2
--        12  1.06 GB       2
--        16  0.80 GB       2
--        20  0.64 GB       2
--        24  0.53 GB       2
--        32  0.40 GB       2
--        40  0.32 GB       2
--        48  -.-- GB       -  (segment size too small)
--        56  -.-- GB       -  (segment size too small)
--        64  -.-- GB       -  (segment size too small)
--        96  -.-- GB       -  (segment size too small)
--
--  For 287146 reads with 4250010804 bases, limit to 42 batches.
--  Will count kmers using 01 jobs, each using 12 GB and 4 threads.
--
-- Finished stage 'merylConfigure', reset canuIteration.
--
-- Running jobs.  First attempt out of 2.
----------------------------------------
-- Starting 'meryl' concurrent execution on Tue Jan 20 17:24:49 2026 with 4192150.187 GB free disk space (1 processes; 22 concurrently)

    cd unitigging/0-mercounts
    ./meryl-count.sh 1 > ./meryl-count.000001.out 2>&1

-- Finished on Tue Jan 20 17:28:08 2026 (199 seconds) with 4191720.64 GB free disk space
----------------------------------------
-- Found 1 Kmer counting (meryl) outputs.
-- Finished stage 'utg-merylCountCheck', reset canuIteration.
--
-- Running jobs.  First attempt out of 2.
----------------------------------------
-- Starting 'meryl' concurrent execution on Tue Jan 20 17:28:08 2026 with 4191720.609 GB free disk space (1 processes; 22 concurrently)

    cd unitigging/0-mercounts
    ./meryl-process.sh 1 > ./meryl-process.000001.out 2>&1

-- Finished on Tue Jan 20 17:28:11 2026 (3 seconds) with 4191720.375 GB free disk space
----------------------------------------
-- Meryl finished successfully.  Kmer frequency histogram:
--
-- WARNING: gnuplot failed.
--
----------------------------------------
--
--  22-mers                                                                                           Fraction
--    Occurrences   NumMers                                                                         Unique Total
--       1-     1         0                                                                        0.0000 0.0000
--       2-     2    111518                                                                        0.0023 0.0001
--       3-     4     33915                                                                        0.0028 0.0001
--       5-     7      7646                                                                        0.0031 0.0001
--       8-    11      3819                                                                        0.0032 0.0001
--      12-    16     35411                                                                        0.0033 0.0002
--      17-    22    449781 *                                                                      0.0044 0.0004
--      23-    29   3675206 ***************                                                        0.0174 0.0047
--      30-    37  13820337 ***********************************************************            0.1121 0.0450
--      38-    46  16220465 ********************************************************************** 0.4179 0.2081
--      47-    56   5299165 **********************                                                 0.7283 0.4095
--      57-    67   1020100 ****                                                                   0.8183 0.4796
--      68-    79   1860500 ********                                                               0.8385 0.4989
--      80-    92   2631411 ***********                                                            0.8794 0.5461
--      93-   106   1236775 *****                                                                  0.9320 0.6158
--     107-   121    411008 *                                                                      0.9550 0.6506
--     122-   137    258233 *                                                                      0.9631 0.6648
--     138-   154    205294                                                                        0.9682 0.6750
--     155-   172    200139                                                                        0.9725 0.6845
--     173-   191    148418                                                                        0.9765 0.6948
--     192-   211    113749                                                                        0.9795 0.7031
--     212-   232     93628                                                                        0.9818 0.7102
--     233-   254     86618                                                                        0.9837 0.7167
--     255-   277     77912                                                                        0.9855 0.7233
--     278-   301     61758                                                                        0.9871 0.7298
--     302-   326     54987                                                                        0.9883 0.7354
--     327-   352     43252                                                                        0.9895 0.7407
--     353-   379     37462                                                                        0.9903 0.7453
--     380-   407     31347                                                                        0.9911 0.7497
--     408-   436     29545                                                                        0.9918 0.7535
--     437-   466     27737                                                                        0.9924 0.7574
--     467-   497     25258                                                                        0.9929 0.7614
--     498-   529     19142                                                                        0.9934 0.7651
--     530-   562     16226                                                                        0.9938 0.7682
--     563-   596     15705                                                                        0.9942 0.7710
--     597-   631     15122                                                                        0.9945 0.7739
--     632-   667     14480                                                                        0.9948 0.7768
--     668-   704     13509                                                                        0.9951 0.7797
--     705-   742     10527                                                                        0.9954 0.7826
--     743-   781     10157                                                                        0.9956 0.7850
--     782-   821      9557                                                                        0.9958 0.7875
--
--           0 (max occurrences)
--  3179269972 (total mers, non-unique)
--    48631859 (distinct mers, non-unique)
--           0 (unique mers)
-- Finished stage 'meryl-process', reset canuIteration.
--
-- Removing meryl database 'unitigging/0-mercounts/N8-7.ms22'.
--
-- OVERLAPPER (normal) (assembly) erate=0.01
--
----------------------------------------
-- Starting command on Tue Jan 20 17:28:11 2026 with 4191721.109 GB free disk space

    cd unitigging/1-overlapper
    /share/org/YZWL/yzwl_lixg/miniforge3/envs/canu_v.2.3/bin/overlapInCorePartition \
     -S  ../../N8-7.seqStore \
     -hl 160000000 \
     -rl 5000000000 \
     -ol 500 \
     -o  ./N8-7.partition \
    > ./N8-7.partition.err 2>&1

-- Finished on Tue Jan 20 17:28:12 2026 (one second) with 4191721.093 GB free disk space
----------------------------------------
--
-- Configured 20 overlapInCore jobs.
-- Finished stage 'utg-overlapConfigure', reset canuIteration.
--
-- Running jobs.  First attempt out of 2.
----------------------------------------
-- Starting 'utgovl' concurrent execution on Tue Jan 20 17:28:12 2026 with 4191721.062 GB free disk space (20 processes; 11 concurrently)

    cd unitigging/1-overlapper
    ./overlap.sh 1 > ./overlap.000001.out 2>&1
    ./overlap.sh 2 > ./overlap.000002.out 2>&1
    ./overlap.sh 3 > ./overlap.000003.out 2>&1
    ./overlap.sh 4 > ./overlap.000004.out 2>&1
    ./overlap.sh 5 > ./overlap.000005.out 2>&1
    ./overlap.sh 6 > ./overlap.000006.out 2>&1
    ./overlap.sh 7 > ./overlap.000007.out 2>&1
    ./overlap.sh 8 > ./overlap.000008.out 2>&1
    ./overlap.sh 9 > ./overlap.000009.out 2>&1
    ./overlap.sh 10 > ./overlap.000010.out 2>&1
    ./overlap.sh 11 > ./overlap.000011.out 2>&1
    ./overlap.sh 12 > ./overlap.000012.out 2>&1
    ./overlap.sh 13 > ./overlap.000013.out 2>&1
    ./overlap.sh 14 > ./overlap.000014.out 2>&1
    ./overlap.sh 15 > ./overlap.000015.out 2>&1
    ./overlap.sh 16 > ./overlap.000016.out 2>&1
    ./overlap.sh 17 > ./overlap.000017.out 2>&1
    ./overlap.sh 18 > ./overlap.000018.out 2>&1
    ./overlap.sh 19 > ./overlap.000019.out 2>&1
    ./overlap.sh 20 > ./overlap.000020.out 2>&1

-- Finished on Tue Jan 20 18:04:16 2026 (2164 seconds, at least I didn't crash) with 4185231.765 GB free disk space
----------------------------------------
-- Found 20 overlapInCore output files.
--
-- overlapInCore compute 'unitigging/1-overlapper':
--   kmer hits
--     with no overlap       1244842188  62242109.4 +- 36056090.08
--     with an overlap         25654079  1282703.95 +- 812900.214
--
--   overlaps                  25654079  1282703.95 +- 812900.214
--     contained                5369357   268467.85 +- 173928.403
--     dovetail                20284722   1014236.1 +- 640716.367
--
--   overlaps rejected
--     multiple per pair              0           0 +- 0
--     bad short window               0           0 +- 0
--     bad long window                0           0 +- 0
-- Finished stage 'utg-overlapCheck', reset canuIteration.
----------------------------------------
-- Starting command on Tue Jan 20 18:04:16 2026 with 4185231.75 GB free disk space

    cd unitigging
    /share/org/YZWL/yzwl_lixg/miniforge3/envs/canu_v.2.3/bin/ovStoreConfig \
     -S ../N8-7.seqStore \
     -M 4-8 \
     -L ./1-overlapper/ovljob.files \
     -create ./N8-7.ovlStore.config \
     > ./N8-7.ovlStore.config.txt \
    2> ./N8-7.ovlStore.config.err

-- Finished on Tue Jan 20 18:04:16 2026 (fast as lightning) with 4185231.734 GB free disk space
----------------------------------------
--
-- Creating overlap store unitigging/N8-7.ovlStore using:
--      1 bucket
--      1 slice
--        using at most 2 GB memory each
--
-- Running jobs.  First attempt out of 2.
----------------------------------------
-- Starting 'ovS' concurrent execution on Tue Jan 20 18:04:16 2026 with 4185231.718 GB free disk space (1 processes; 62 concurrently)

    cd unitigging
    ./N8-7.ovlStore.sh 1 > ./N8-7.ovlStore.000001.out 2>&1

-- Finished on Tue Jan 20 18:04:26 2026 (10 seconds) with 4185181.125 GB free disk space
----------------------------------------
-- Checking store.
----------------------------------------
-- Starting command on Tue Jan 20 18:04:26 2026 with 4185181.125 GB free disk space

    cd unitigging
    /share/org/YZWL/yzwl_lixg/miniforge3/envs/canu_v.2.3/bin/ovStoreDump \
     -S ../N8-7.seqStore \
     -O  ./N8-7.ovlStore \
     -counts \
     > ./N8-7.ovlStore/counts.dat 2> ./N8-7.ovlStore/counts.err

-- Finished on Tue Jan 20 18:04:26 2026 (fast as lightning) with 4185181.093 GB free disk space
----------------------------------------
--
-- Overlap store 'unitigging/N8-7.ovlStore' successfully constructed.
-- Found 51308158 overlaps for 268803 reads; 1507282 reads have no overlaps.
--
--
-- Purged 0.565 GB in 60 overlap output files.
----------------------------------------
-- Starting command on Tue Jan 20 18:04:27 2026 with 4185181.093 GB free disk space

    cd unitigging
    /share/org/YZWL/yzwl_lixg/miniforge3/envs/canu_v.2.3/bin/ovStoreStats \
     -C 50 \
     -S ../N8-7.seqStore \
     -O  ./N8-7.ovlStore \
     -o  ./N8-7.ovlStore \
     > ./N8-7.ovlStore.summary.err 2>&1

-- Finished on Tue Jan 20 18:04:34 2026 (7 seconds) with 4185181.078 GB free disk space
----------------------------------------
--
-- Overlap store 'unitigging/N8-7.ovlStore' contains:
--
--   category            reads     %          read length        feature size or coverage  analysis
--   ----------------  -------  -------  ----------------------  ------------------------  --------------------
--   middle-missing        167    0.06    14280.07 +- 5990.55        759.23 +- 1004.81    (bad trimming)
--   middle-hump            63    0.02    11818.22 +- 1944.74       3601.87 +- 2589.66    (bad trimming)
--   no-5-prime           1049    0.37    11311.81 +- 3022.23       2048.13 +- 2477.58    (bad trimming)
--   no-3-prime           1275    0.44    10730.24 +- 3598.27       2014.52 +- 2464.91    (bad trimming)
--   
--   low-coverage         2419    0.84     9096.13 +- 3072.89          5.13 +- 3.57       (easy to assemble, potential for lower quality consensus)
--   unique             198818   69.24    11285.06 +- 4188.95         39.54 +- 8.71       (easy to assemble, perfect, yay)
--   repeat-cont         20357    7.09     9911.79 +- 4198.98        862.27 +- 828.42     (potential for consensus errors, no impact on assembly)
--   repeat-dove           477    0.17    17763.58 +- 1747.53        508.38 +- 612.64     (hard to assemble, likely won't assemble correctly or even at all)
--   
--   span-repeat          9756    3.40    11512.62 +- 3964.43       5375.86 +- 4519.15    (read spans a large repeat, usually easy to assemble)
--   uniq-repeat-cont    23137    8.06    11187.55 +- 3373.64                             (should be uniquely placed, low potential for consensus errors, no impact on assembly)
--   uniq-repeat-dove     4277    1.49    15791.16 +- 2376.12                             (will end contigs, potential to misassemble)
--   uniq-anchor          7008    2.44    12189.46 +- 3267.98       6152.28 +- 4093.80    (repeat read, with unique section, probable bad read)
-- Finished stage 'utg-createOverlapStore', reset canuIteration.
--
-- Loading read lengths.
-- Loading number of overlaps per read.
--
-- Configure RED for 16gb memory.
--                   Batches of at most (unlimited) reads.
--                                      500000000 bases.
--                   Expecting evidence of at most 536870912 bases per iteration.
--
--           Total                                               Reads                 Olaps Evidence
--    Job   Memory      Read Range         Reads        Bases   Memory        Olaps   Memory   Memory  (Memory in MB)
--   ---- -------- ------------------- --------- ------------ -------- ------------ -------- --------
--      1 16385.54         1-41115          6548    109000031 13305.87       670039     7.67  1024.00
--      2 16385.02     41116-83954          6800    108892924 13292.81      1766238    20.21  1024.00
--      3 16385.33     83955-132577         7948    108917480 13295.84      1528308    17.49  1024.00
--      4 16385.11    132578-174034         6729    108991337 13304.82       724429     8.29  1024.00
--      5 16385.65    174035-216729         6854    108895701 13293.15      1791494    20.50  1024.00
--      6 16385.08    216730-264663         7733    108908883 13294.78      1598280    18.29  1024.00
--      7 16385.39    264664-313392         7883    108983396 13303.89       830193     9.50  1024.00
--      8 16384.72    313393-355606         6806    108889033 13292.33      1781188    20.38  1024.00
--      9 16384.92    355607-403261         7566    108981227 13303.61       813514     9.31  1024.00
--     10 16384.63    403262-456669         8746    108902234 13294.00      1627703    18.63  1024.00
--     11 16384.89    456670-498399         6756    108990279 13304.69       716719     8.20  1024.00
--     12 16384.80    498400-543204         7221    108885642 13291.93      1823821    20.87  1024.00
--     13 16385.19    543205-599344         9166    108901409 13293.92      1684168    19.27  1024.00
--     14 16384.64    599345-640294         6653    108992835 13305.00       667348     7.64  1024.00
--     15 16384.74    640295-682580         6956    108874859 13290.61      1934062    22.13  1024.00
--     16 16386.02    682581-735009         8588    108916373 13295.73      1598285    18.29  1024.00
--     17 16385.26    735010-779409         7096    108997641 13305.60       669510     7.66  1024.00
--     18 16384.37    779410-822266         6819    108891897 13292.68      1720104    19.69  1024.00
--     19 16384.92    822267-868466         7582    108973459 13302.66       896353    10.26  1024.00
--     20 16385.63    868467-917071         7919    108923779 13296.61      1487728    17.03  1024.00
--     21 16385.88    917072-957714         6634    109000710 13305.96       691822     7.92  1024.00
--     22 16385.80    957715-1002025        7058    108892948 13292.82      1833056    20.98  1024.00
--     23 16385.44   1002026-1050357        7868    108921556 13296.34      1494308    17.10  1024.00
--     24 16385.19   1050358-1091467        6624    108997314 13305.54       667665     7.64  1024.00
--     25 16384.17   1091468-1134330        6980    108880951 13291.35      1818802    20.81  1024.00
--     26 16384.02   1134331-1188204        8629    108901949 13293.97      1577103    18.05  1024.00
--     27 16384.46   1188205-1228989        6572    108992176 13304.92       659343     7.55  1024.00
--     28 16384.51   1228990-1270737        6878    108882952 13291.59      1827972    20.92  1024.00
--     29 16384.06   1270738-1319044        7887    108907795 13294.66      1520505    17.40  1024.00
--     30 16386.30   1319045-1364813        7583    108997940 13305.65       756106     8.65  1024.00
--     31 16384.70   1364814-1405972        6708    108885540 13291.90      1817460    20.80  1024.00
--     32 16384.31   1405973-1451116        7300    108978434 13303.26       790495     9.05  1024.00
--     33 16385.03   1451117-1501312        7994    108930366 13297.42      1364286    15.61  1024.00
--     34 16385.71   1501313-1541916        6636    108998268 13305.66       703690     8.05  1024.00
--     35 16385.97   1541917-1586189        7045    108888141 13292.23      1899607    21.74  1024.00
--     36 16386.35   1586190-1637922        8336    108927309 13297.05      1511136    17.29  1024.00
--     37 16385.79   1637923-1679629        6605    109002656 13306.20       663227     7.59  1024.00
--     38 16384.87   1679630-1723049        6897    108883974 13291.72      1848315    21.15  1024.00
--     39 16384.58   1723050-1775337        8432    108912148 13295.21      1518444    17.38  1024.00
--     40  3257.39   1775338-1776085         111      1517258   185.22        15332     0.18  1024.00
--   ---- -------- ------------------- --------- ------------ -------- ------------ -------- --------
--                                                 4250010804              51308158
-- Finished stage 'readErrorDetectionConfigure', reset canuIteration.
--
-- Running jobs.  First attempt out of 2.
----------------------------------------
-- Starting 'red' concurrent execution on Tue Jan 20 18:04:41 2026 with 4185181.031 GB free disk space (40 processes; 22 concurrently)

    cd unitigging/3-overlapErrorAdjustment
    ./red.sh 1 > ./red.000001.out 2>&1
    ./red.sh 2 > ./red.000002.out 2>&1
    ./red.sh 3 > ./red.000003.out 2>&1
    ./red.sh 4 > ./red.000004.out 2>&1
    ./red.sh 5 > ./red.000005.out 2>&1
    ./red.sh 6 > ./red.000006.out 2>&1
    ./red.sh 7 > ./red.000007.out 2>&1
    ./red.sh 8 > ./red.000008.out 2>&1
    ./red.sh 9 > ./red.000009.out 2>&1
    ./red.sh 10 > ./red.000010.out 2>&1
    ./red.sh 11 > ./red.000011.out 2>&1
    ./red.sh 12 > ./red.000012.out 2>&1
    ./red.sh 13 > ./red.000013.out 2>&1
    ./red.sh 14 > ./red.000014.out 2>&1
    ./red.sh 15 > ./red.000015.out 2>&1
    ./red.sh 16 > ./red.000016.out 2>&1
    ./red.sh 17 > ./red.000017.out 2>&1
    ./red.sh 18 > ./red.000018.out 2>&1
    ./red.sh 19 > ./red.000019.out 2>&1
    ./red.sh 20 > ./red.000020.out 2>&1
    ./red.sh 21 > ./red.000021.out 2>&1
    ./red.sh 22 > ./red.000022.out 2>&1
    ./red.sh 23 > ./red.000023.out 2>&1
    ./red.sh 24 > ./red.000024.out 2>&1
    ./red.sh 25 > ./red.000025.out 2>&1
    ./red.sh 26 > ./red.000026.out 2>&1
    ./red.sh 27 > ./red.000027.out 2>&1
    ./red.sh 28 > ./red.000028.out 2>&1
    ./red.sh 29 > ./red.000029.out 2>&1
    ./red.sh 30 > ./red.000030.out 2>&1
    ./red.sh 31 > ./red.000031.out 2>&1
    ./red.sh 32 > ./red.000032.out 2>&1
    ./red.sh 33 > ./red.000033.out 2>&1
    ./red.sh 34 > ./red.000034.out 2>&1
    ./red.sh 35 > ./red.000035.out 2>&1
    ./red.sh 36 > ./red.000036.out 2>&1
    ./red.sh 37 > ./red.000037.out 2>&1
    ./red.sh 38 > ./red.000038.out 2>&1
    ./red.sh 39 > ./red.000039.out 2>&1
    ./red.sh 40 > ./red.000040.out 2>&1

-- Finished on Tue Jan 20 18:15:09 2026 (628 seconds) with 4182717.078 GB free disk space
----------------------------------------
-- Found 40 read error detection output files.
-- Finished stage 'readErrorDetectionCheck', reset canuIteration.
--
-- Loading read lengths.
-- Loading number of overlaps per read.
--
-- Configure OEA for 8gb memory.
--                   Batches of at most (unlimited) reads.
--                                      300000000 bases.
--
--           Total                                               Reads                 Olaps  Adjusts
--    Job   Memory      Read Range         Reads        Bases   Memory        Olaps   Memory   Memory  (Memory in MB)
--   ---- -------- ------------------- --------- ------------ -------- ------------ -------- --------
--      1  2819.62         1-118327        18980    300015014   294.70      3705256   113.08   363.85
--      2  2804.46    118328-239955        19607    300010984   294.71      3207964    97.90   363.85
--      3  2827.37    239956-367404        20608    300001450   294.73      3958215   120.80   363.85
--      4  2797.76    367405-499028        21283    300003750   294.76      2987237    91.16   363.85
--      5  2830.19    499029-630893        21376    300016636   294.77      4049149   123.57   363.85
--      6  2830.08    630894-759846        21044    300006026   294.75      4046403   123.49   363.85
--      7  2823.87    759847-885531        20346    300006101   294.73      3843656   117.30   363.85
--      8  2800.50    885532-1003291       19047    300009228   294.69      3079111    93.97   363.85
--      9  2820.91   1003292-1124993       19706    300000616   294.70      3747335   114.36   363.85
--     10  2794.43   1124994-1251481       20420    300005754   294.73      2878941    87.86   363.85
--     11  2825.34   1251482-1376798       20593    300005926   294.74      3891511   118.76   363.85
--     12  2822.05   1376799-1503286       20392    300001752   294.73      3783876   115.47   363.85
--     13  2827.33   1503287-1629599       20405    300008542   294.73      3956843   120.75   363.85
--     14  2802.49   1629600-1749197       19053    300017821   294.70      3143950    95.95   363.85
--     15  2498.96   1749198-1776085        4286     49901204    55.72      1028711    31.39   363.85
--   ---- -------- ------------------- --------- ------------ -------- ------------ -------- --------
--                                                 4250010804              51308158
-- Finished stage 'overlapErrorAdjustmentConfigure', reset canuIteration.
--
-- Running jobs.  First attempt out of 2.
----------------------------------------
-- Starting 'oea' concurrent execution on Tue Jan 20 18:15:17 2026 with 4182717 GB free disk space (15 processes; 62 concurrently)

    cd unitigging/3-overlapErrorAdjustment
    ./oea.sh 1 > ./oea.000001.out 2>&1
    ./oea.sh 2 > ./oea.000002.out 2>&1
    ./oea.sh 3 > ./oea.000003.out 2>&1
    ./oea.sh 4 > ./oea.000004.out 2>&1
    ./oea.sh 5 > ./oea.000005.out 2>&1
    ./oea.sh 6 > ./oea.000006.out 2>&1
    ./oea.sh 7 > ./oea.000007.out 2>&1
    ./oea.sh 8 > ./oea.000008.out 2>&1
    ./oea.sh 9 > ./oea.000009.out 2>&1
    ./oea.sh 10 > ./oea.000010.out 2>&1
    ./oea.sh 11 > ./oea.000011.out 2>&1
    ./oea.sh 12 > ./oea.000012.out 2>&1
    ./oea.sh 13 > ./oea.000013.out 2>&1
    ./oea.sh 14 > ./oea.000014.out 2>&1
    ./oea.sh 15 > ./oea.000015.out 2>&1

-- Finished on Tue Jan 20 18:40:43 2026 (1526 seconds) with 4178363.64 GB free disk space
----------------------------------------
-- Found 15 overlap error adjustment output files.
-- Finished stage 'overlapErrorAdjustmentCheck', reset canuIteration.
----------------------------------------
-- Starting command on Tue Jan 20 18:40:43 2026 with 4178363.625 GB free disk space

    cd unitigging/3-overlapErrorAdjustment
    /share/org/YZWL/yzwl_lixg/miniforge3/envs/canu_v.2.3/bin/loadErates \
      -S ../../N8-7.seqStore \
      -O ../N8-7.ovlStore \
      -L ./oea.files \
    > ./oea.apply.err 2>&1

-- Finished on Tue Jan 20 18:40:43 2026 (in the blink of an eye) with 4178363.515 GB free disk space
----------------------------------------
-- No report available.
-- Finished stage 'updateOverlapStore', reset canuIteration.
-- Finished stage 'unitig', reset canuIteration.
--
-- Running jobs.  First attempt out of 2.
----------------------------------------
-- Starting 'bat' concurrent execution on Tue Jan 20 18:40:43 2026 with 4178363.468 GB free disk space (1 processes; 1 concurrently)

    cd unitigging/4-unitigger
    ./unitigger.sh 1 > ./unitigger.000001.out 2>&1

-- Finished on Tue Jan 20 18:41:01 2026 (18 seconds) with 4178354.984 GB free disk space
----------------------------------------
-- Unitigger finished successfully.
--  
--  ERROR RATES
--  -----------
--                                                   --------threshold------
--  306891                       fraction error      fraction        percent
--  samples                              (1e-5)         error          error
--                   --------------------------      --------       --------
--  command line (-eg)                           ->     30.00        0.0300%
--  command line (-ef)                           ->  -----.--      ---.----%
--  command line (-eM)                           ->     30.00        0.0300%
--  mean + std.dev       0.27 +-  12 *     2.36  ->     28.61        0.0286%
--  median + mad         0.00 +-  12 *     0.00  ->      0.00        0.0000%
--  90th percentile                              ->      1.00        0.0010%  (enabled)
--  
--  BEST EDGE FILTERING
--  -------------------
--  At graph threshold 0.0300%, reads:
--    available to have edges:        62801
--    with at least one edge:         43167
--  
--  At max threshold 0.0300%, reads:
--    available to have edges:        62801
--    with at least one edge:         43167
--  
--  At tight threshold 0.0010%, reads with:
--    both edges below error threshold:     39817  (80.00% minReadsBest threshold = 34533)
--    one  edge  above error threshold:      2512
--    both edges above error threshold:       838
--    at least one edge:                    43167
--  
--  At loose threshold 0.0286%, reads with:
--    both edges below error threshold:     42821  (80.00% minReadsBest threshold = 34533)
--    one  edge  above error threshold:       342
--    both edges above error threshold:         4
--    at least one edge:                    43167
--  
--  
--  INITIAL EDGES
--  -------- ----------------------------------------
--    220505 reads are contained
--   1516856 reads have no best edges (singleton)
--       530 reads have only one best edge (spur) 
--                341 are mutual best
--     38194 reads have two best edges 
--                805 have one mutual best edge
--              36924 have two mutual best edges
--  
--  
--  FINAL EDGES
--  -------- ----------------------------------------
--    220505 reads are contained
--   1517161 reads have no best edges (singleton)
--       458 reads have only one best edge (spur) 
--                358 are mutual best
--     37961 reads have two best edges 
--                678 have one mutual best edge
--              36912 have two mutual best edges
--  
--  
--  EDGE FILTERING
--  -------- ------------------------------------------
--         0 reads are ignored
--      8036 reads have a gap in overlap coverage
--       140 reads have lopsided best edges
-- Found, in version 1, after unitig construction:
--   contigs:      107 sequences, total length 71937197 bp (including 113 repeats of total length 2485225 bp).
--   bubbles:      147 sequences, total length 3444057 bp.
--   unassembled:  29048 sequences, total length 281022778 bp.
--
-- Contig sizes based on genome size 85mbp:
--
--            NG (bp)  LG (contigs)    sum (bp)
--         ----------  ------------  ----------
--     10     8538895             1     8538895
--     20     8536318             2    17075213
--     30     6407958             4    31135411
--     40     6270271             5    37405682
--     50     3676561             7    45531047
--     60     3434841             9    52495687
--     70     2944195            12    62190953
--     80      845230            18    68394292
--
-- Finished stage 'unitigCheck', reset canuIteration.
----------------------------------------
-- Starting command on Tue Jan 20 18:41:01 2026 with 4178354.968 GB free disk space

    cd unitigging
    /share/org/YZWL/yzwl_lixg/miniforge3/envs/canu_v.2.3/bin/utgcns \
      -S ../N8-7.seqStore \
      -T  ./N8-7.ctgStore 1 \
      -partition 0.8 1.5 0.1 \
    > ./N8-7.ctgStore/partitioning.log 2>&1

-- Finished on Tue Jan 20 18:41:10 2026 (9 seconds) with 4178353.828 GB free disk space
----------------------------------------
-- Using slow alignment for consensus (iteration '0').
-- Configured 11 consensus jobs.
-- Finished stage 'consensusConfigure', reset canuIteration.
--
-- Local: cns       12.625 GB    8 CPUs x  11 jobs   138.875 GB  88 CPUs  (consensus)
--
--
-- Running jobs.  First attempt out of 2.
----------------------------------------
-- Starting 'cns' concurrent execution on Tue Jan 20 18:41:10 2026 with 4178353.796 GB free disk space (11 processes; 11 concurrently)

    cd unitigging/5-consensus
    ./consensus.sh 1 > ./consensus.000001.out 2>&1
    ./consensus.sh 2 > ./consensus.000002.out 2>&1
    ./consensus.sh 3 > ./consensus.000003.out 2>&1
    ./consensus.sh 4 > ./consensus.000004.out 2>&1
    ./consensus.sh 5 > ./consensus.000005.out 2>&1
    ./consensus.sh 6 > ./consensus.000006.out 2>&1
    ./consensus.sh 7 > ./consensus.000007.out 2>&1
    ./consensus.sh 8 > ./consensus.000008.out 2>&1
    ./consensus.sh 9 > ./consensus.000009.out 2>&1
    ./consensus.sh 10 > ./consensus.000010.out 2>&1
    ./consensus.sh 11 > ./consensus.000011.out 2>&1

-- Finished on Tue Jan 20 18:48:08 2026 (418 seconds) with 4176834.687 GB free disk space
----------------------------------------
-- Using slow alignment for consensus (iteration '1').
-- Configured 11 consensus jobs.
-- All 11 consensus jobs finished successfully.
-- Finished stage 'consensusCheck', reset canuIteration.
-- Using slow alignment for consensus (iteration '0').
-- Configured 11 consensus jobs.
----------------------------------------
-- Starting command on Tue Jan 20 18:48:08 2026 with 4176834.64 GB free disk space

    cd unitigging
    /share/org/YZWL/yzwl_lixg/miniforge3/envs/canu_v.2.3/bin/tgStoreLoad \
      -S ../N8-7.seqStore \
      -T  ./N8-7.ctgStore 2 \
      -L ./5-consensus/ctgcns.files \
    > ./5-consensus/ctgcns.files.ctgStoreLoad.err 2>&1

-- Finished on Tue Jan 20 18:48:09 2026 (one second) with 4176833.578 GB free disk space
----------------------------------------
----------------------------------------
-- Starting command on Tue Jan 20 18:48:09 2026 with 4176833.578 GB free disk space

    cd unitigging
    /share/org/YZWL/yzwl_lixg/miniforge3/envs/canu_v.2.3/bin/tgTigDisplay \
      -S ../N8-7.seqStore \
      -b \
      -o ../N8-7.contigs.unsorted.bam \
      -L ./5-consensus/ctgcns.files \
    > ./5-consensus/ctgcns.files.contigs.bam.err 2>&1

-- Finished on Tue Jan 20 18:51:06 2026 (177 seconds) with 4176328.453 GB free disk space
----------------------------------------
----------------------------------------
-- Starting command on Tue Jan 20 18:51:06 2026 with 4176328.453 GB free disk space

    cd .
    samtools sort \
      --write-index \
      --threads 2 \
      -o ./N8-7.contigs.bam ./N8-7.contigs.unsorted.bam \
    > ./ctgcns.bam.err 2>&1

-- Finished on Tue Jan 20 18:52:02 2026 (56 seconds) with 4176260.515 GB free disk space
----------------------------------------
-- Purging consensus output after loading to ctgStore.
-- Purged 11 .cns outputs.
----------------------------------------
-- Starting command on Tue Jan 20 18:52:02 2026 with 4176262.109 GB free disk space

    cd unitigging
    /share/org/YZWL/yzwl_lixg/miniforge3/envs/canu_v.2.3/bin/tgStoreDump \
      -S ../N8-7.seqStore \
      -T ./N8-7.ctgStore 2 \
      -sizes -s 85000000 \
    > ./N8-7.ctgStore/seqDB.v002.sizes.txt
ZERO length suplied to intervalList::add(), ignoring interval.
ZERO length suplied to intervalList::add(), ignoring interval.
ZERO length suplied to intervalList::add(), ignoring interval.
ZERO length suplied to intervalList::add(), ignoring interval.
ZERO length suplied to intervalList::add(), ignoring interval.
ZERO length suplied to intervalList::add(), ignoring interval.
ZERO length suplied to intervalList::add(), ignoring interval.
ZERO length suplied to intervalList::add(), ignoring interval.
ZERO length suplied to intervalList::add(), ignoring interval.
ZERO length suplied to intervalList::add(), ignoring interval.
ZERO length suplied to intervalList::add(), ignoring interval.
ZERO length suplied to intervalList::add(), ignoring interval.
ZERO length suplied to intervalList::add(), ignoring interval.
ZERO length suplied to intervalList::add(), ignoring interval.
ZERO length suplied to intervalList::add(), ignoring interval.
ZERO length suplied to intervalList::add(), ignoring interval.
ZERO length suplied to intervalList::add(), ignoring interval.
ZERO length suplied to intervalList::add(), ignoring interval.
ZERO length suplied to intervalList::add(), ignoring interval.
ZERO length suplied to intervalList::add(), ignoring interval.
ZERO length suplied to intervalList::add(), ignoring interval.
ZERO length suplied to intervalList::add(), ignoring interval.
ZERO length suplied to intervalList::add(), ignoring interval.
ZERO length suplied to intervalList::add(), ignoring interval.
ZERO length suplied to intervalList::add(), ignoring interval.
ZERO length suplied to intervalList::add(), ignoring interval.
ZERO length suplied to intervalList::add(), ignoring interval.
ZERO length suplied to intervalList::add(), ignoring interval.
ZERO length suplied to intervalList::add(), ignoring interval.
ZERO length suplied to intervalList::add(), ignoring interval.
ZERO length suplied to intervalList::add(), ignoring interval.

-- Finished on Tue Jan 20 18:52:02 2026 (in the blink of an eye) with 4176262.109 GB free disk space
----------------------------------------
-- Found, in version 2, after consensus generation:
--   contigs:      107 sequences, total length 94181203 bp (including 113 repeats of total length 3446572 bp).
--   bubbles:      147 sequences, total length 4697888 bp.
--   unassembled:  29048 sequences, total length 435504132 bp.
--
-- Contig sizes based on genome size 85mbp:
--
--            NG (bp)  LG (contigs)    sum (bp)
--         ----------  ------------  ----------
--     10    11098495             1    11098495
--     20    11095255             2    22193750
--     30     9976999             3    32170749
--     40     8324377             4    40495126
--     50     8143438             5    48638564
--     60     5806516             6    54445080
--     70     4597220             8    63962358
--     80     4481449             9    68443807
--     90     4382029            11    77241130
--    100     1245161            15    85732715
--    110       25241            76    93506299
--
-- Finished stage 'consensusLoad', reset canuIteration.
----------------------------------------
-- Starting command on Tue Jan 20 18:52:02 2026 with 4176262.093 GB free disk space

    cd .
    /share/org/YZWL/yzwl_lixg/miniforge3/envs/canu_v.2.3/bin/tgStoreDump \
      -S ./N8-7.seqStore \
      -T ./unitigging/N8-7.ctgStore 2 \
      -o ./N8-7.contigs \
      -layout \
    > ./N8-7.contigs.layout.err 2>&1

-- Finished on Tue Jan 20 18:52:03 2026 (one second) with 4176263.031 GB free disk space
----------------------------------------
----------------------------------------
-- Starting command on Tue Jan 20 18:52:03 2026 with 4176263.031 GB free disk space

    cd .
    /share/org/YZWL/yzwl_lixg/miniforge3/envs/canu_v.2.3/bin/tgStoreDump \
      -S ./N8-7.seqStore \
      -T ./unitigging/N8-7.ctgStore 2 \
      -consensus -fasta \
      -unassembled \
    > ./N8-7.unassembled.fasta
    2> ./N8-7.unassembled.err
ZERO length suplied to intervalList::add(), ignoring interval.
ZERO length suplied to intervalList::add(), ignoring interval.
ZERO length suplied to intervalList::add(), ignoring interval.
ZERO length suplied to intervalList::add(), ignoring interval.
ZERO length suplied to intervalList::add(), ignoring interval.
ZERO length suplied to intervalList::add(), ignoring interval.
ZERO length suplied to intervalList::add(), ignoring interval.
ZERO length suplied to intervalList::add(), ignoring interval.
ZERO length suplied to intervalList::add(), ignoring interval.
ZERO length suplied to intervalList::add(), ignoring interval.
ZERO length suplied to intervalList::add(), ignoring interval.
ZERO length suplied to intervalList::add(), ignoring interval.
ZERO length suplied to intervalList::add(), ignoring interval.
ZERO length suplied to intervalList::add(), ignoring interval.
ZERO length suplied to intervalList::add(), ignoring interval.
ZERO length suplied to intervalList::add(), ignoring interval.
ZERO length suplied to intervalList::add(), ignoring interval.
ZERO length suplied to intervalList::add(), ignoring interval.
ZERO length suplied to intervalList::add(), ignoring interval.
ZERO length suplied to intervalList::add(), ignoring interval.
ZERO length suplied to intervalList::add(), ignoring interval.
ZERO length suplied to intervalList::add(), ignoring interval.
ZERO length suplied to intervalList::add(), ignoring interval.
ZERO length suplied to intervalList::add(), ignoring interval.
ZERO length suplied to intervalList::add(), ignoring interval.
ZERO length suplied to intervalList::add(), ignoring interval.
ZERO length suplied to intervalList::add(), ignoring interval.
ZERO length suplied to intervalList::add(), ignoring interval.
ZERO length suplied to intervalList::add(), ignoring interval.
ZERO length suplied to intervalList::add(), ignoring interval.
ZERO length suplied to intervalList::add(), ignoring interval.

-- Finished on Tue Jan 20 18:52:05 2026 (2 seconds) with 4176262.609 GB free disk space
----------------------------------------
----------------------------------------
-- Starting command on Tue Jan 20 18:52:05 2026 with 4176262.609 GB free disk space

    cd .
    /share/org/YZWL/yzwl_lixg/miniforge3/envs/canu_v.2.3/bin/tgStoreDump \
      -S ./N8-7.seqStore \
      -T ./unitigging/N8-7.ctgStore 2 \
      -consensus -fasta \
      -contigs \
    > ./N8-7.contigs.fasta
    2> ./N8-7.contigs.err
ZERO length suplied to intervalList::add(), ignoring interval.
ZERO length suplied to intervalList::add(), ignoring interval.
ZERO length suplied to intervalList::add(), ignoring interval.
ZERO length suplied to intervalList::add(), ignoring interval.
ZERO length suplied to intervalList::add(), ignoring interval.
ZERO length suplied to intervalList::add(), ignoring interval.
ZERO length suplied to intervalList::add(), ignoring interval.
ZERO length suplied to intervalList::add(), ignoring interval.
ZERO length suplied to intervalList::add(), ignoring interval.
ZERO length suplied to intervalList::add(), ignoring interval.
ZERO length suplied to intervalList::add(), ignoring interval.
ZERO length suplied to intervalList::add(), ignoring interval.
ZERO length suplied to intervalList::add(), ignoring interval.
ZERO length suplied to intervalList::add(), ignoring interval.
ZERO length suplied to intervalList::add(), ignoring interval.
ZERO length suplied to intervalList::add(), ignoring interval.
ZERO length suplied to intervalList::add(), ignoring interval.
ZERO length suplied to intervalList::add(), ignoring interval.
ZERO length suplied to intervalList::add(), ignoring interval.
ZERO length suplied to intervalList::add(), ignoring interval.
ZERO length suplied to intervalList::add(), ignoring interval.
ZERO length suplied to intervalList::add(), ignoring interval.
ZERO length suplied to intervalList::add(), ignoring interval.
ZERO length suplied to intervalList::add(), ignoring interval.
ZERO length suplied to intervalList::add(), ignoring interval.
ZERO length suplied to intervalList::add(), ignoring interval.
ZERO length suplied to intervalList::add(), ignoring interval.
ZERO length suplied to intervalList::add(), ignoring interval.
ZERO length suplied to intervalList::add(), ignoring interval.
ZERO length suplied to intervalList::add(), ignoring interval.
ZERO length suplied to intervalList::add(), ignoring interval.

-- Finished on Tue Jan 20 18:52:06 2026 (one second) with 4176262.5 GB free disk space
----------------------------------------
-- Finished stage 'generateOutputs', reset canuIteration.
--
-- Assembly 'N8-7' finished in '/share/org/YZWL/yzwl_lixg/project/28.大豆疫霉菌三代基因组/03.hicanu/N8-7/01.raw_output'.
--
-- Summary saved in 'N8-7.report'.
--
-- Sequences saved:
--   Contigs       -> 'N8-7.contigs.fasta'
--   Unassembled   -> 'N8-7.unassembled.fasta'
--
-- Read layouts saved:
--   Contigs       -> 'N8-7.contigs.layout'.
--
-- Bye.

Job 68952716 stderr output:

