Usage: biopytools ragtag [OPTIONS]
Try 'biopytools ragtag -h' for help.

Error: Invalid value for '-q' / '--query': 文件不存在|File does not exist: /share/org/YZWL/yzwl_lixg/project/28.大豆疫霉菌三代基因组/02.hifiasm/K2-9/02.fasta/K2-9.primary.fa
Usage: biopytools genomesyn [OPTIONS]
Try 'biopytools genomesyn -h' for help.

Error: Invalid value for '-i' / '--ref': Path '04.ragtag/K2-9/hifiasm/K2-9_RagTag_scaffolded.fa' does not exist.
2026-01-20 16:58:40.594 - WARNING - 命令错误输出|Command stderr:
-- canu master +27 changes (r10515 2a41e933b8de6ed66723d75d36dd071b46d2c347)
--
-- CITATIONS
--
-- For assemblies of PacBio HiFi reads:
--   Nurk S, Walenz BP, Rhiea A, Vollger MR, Logsdon GA, Grothe R, Miga KH, Eichler EE, Phillippy AM, Koren S.
--   HiCanu: accurate assembly of segmental duplications, satellites, and allelic variants from high-fidelity long reads.
--   biorXiv. 2020.
--   https://doi.org/10.1101/2020.03.14.992248
-- 
-- Read and contig alignments during correction and consensus use:
--   Šošic M, Šikic M.
--   Edlib: a C/C ++ library for fast, exact sequence alignment using edit distance.
--   Bioinformatics. 2017 May 1;33(9):1394-1395.
--   http://doi.org/10.1093/bioinformatics/btw753
-- 
-- Overlaps are generated using:
--   Berlin K, et al.
--   Assembling large genomes with single-molecule sequencing and locality-sensitive hashing.
--   Nat Biotechnol. 2015 Jun;33(6):623-30.
--   http://doi.org/10.1038/nbt.3238
-- 
--   Myers EW, et al.
--   A Whole-Genome Assembly of Drosophila.
--   Science. 2000 Mar 24;287(5461):2196-204.
--   http://doi.org/10.1126/science.287.5461.2196
-- 
-- Contig consensus sequences are generated using an algorithm derived from pbdagcon:
--   Chin CS, et al.
--   Nonhybrid, finished microbial genome assemblies from long-read SMRT sequencing data.
--   Nat Methods. 2013 Jun;10(6):563-9
--   http://doi.org/10.1038/nmeth.2474
-- 
-- CONFIGURE CANU
--
-- Detected Java(TM) Runtime Environment '17.0.15-internal' (from '/share/org/YZWL/yzwl_lixg/.local/bin/java') without -d64 support.
--
-- WARNING:
-- WARNING:  Failed to run gnuplot using command 'gnuplot'.
-- WARNING:  Plots will be disabled.
-- WARNING:
--
-- Detected samtools version '1.22' / htslib version 'htscodecs=1.6.3' (from 'samtools').
--
-- Detected 88 CPUs and 503 gigabytes of memory on the local machine.
--
-- Detected Slurm with 'sinfo' binary in /opt/skyformai/bin/sinfo.
--          Slurm disabled by useGrid=false
--
-- Detected  '' with 'pbsnodes' binary in /opt/skyformai/bin/pbsnodes.
--           disabled by useGrid=false
--
-- Detected LSF with 'bsub' binary in /opt/skyformai/bin/bsub.
--          LSF disabled by useGrid=false
--
-- Local machine mode enabled; grid support not detected or not allowed.
--
-- Found trimmed raw PacBio HiFi reads in the input files.
--
--                                (tag)Concurrency
--                         (tag)Threads          |
--                (tag)Memory         |          |
--        (tag)             |         |          |       total usage      algorithm
--        -------  ----------  --------   --------  --------------------  -----------------------------
-- Local: meryl     12.000 GB    4 CPUs x  22 jobs   264.000 GB  88 CPUs  (k-mer counting)
-- Local: cormhap   13.000 GB   11 CPUs x   8 jobs   104.000 GB  88 CPUs  (overlap detection with mhap)
-- Local: obtovl     8.000 GB    8 CPUs x  11 jobs    88.000 GB  88 CPUs  (overlap detection)
-- Local: utgovl     8.000 GB    8 CPUs x  11 jobs    88.000 GB  88 CPUs  (overlap detection)
-- Local: cor        -.--- GB    4 CPUs x   - jobs     -.--- GB   - CPUs  (read correction)
-- Local: ovb        4.000 GB    1 CPU  x  88 jobs   352.000 GB  88 CPUs  (overlap store bucketizer)
-- Local: ovs        8.000 GB    1 CPU  x  62 jobs   496.000 GB  62 CPUs  (overlap store sorting)
-- Local: red       16.000 GB    4 CPUs x  22 jobs   352.000 GB  88 CPUs  (read error detection)
-- Local: oea        8.000 GB    1 CPU  x  62 jobs   496.000 GB  62 CPUs  (overlap error adjustment)
-- Local: bat       32.000 GB    8 CPUs x   1 job     32.000 GB   8 CPUs  (contig construction with bogart)
-- Local: cns        -.--- GB    8 CPUs x   - jobs     -.--- GB   - CPUs  (consensus)
--
-- Generating assembly 'K2-9' in '/share/org/YZWL/yzwl_lixg/project/28.大豆疫霉菌三代基因组/03.hicanu/K2-9/01.raw_output':
--   genomeSize:
--     85000000
--
--   Overlap Generation Limits:
--     corOvlErrorRate 0.0000 (  0.00%)
--     obtOvlErrorRate 0.0250 (  2.50%)
--     utgOvlErrorRate 0.0100 (  1.00%)
--
--   Overlap Processing Limits:
--     corErrorRate    0.0000 (  0.00%)
--     obtErrorRate    0.0250 (  2.50%)
--     utgErrorRate    0.0003 (  0.03%)
--     cnsErrorRate    0.0500 (  5.00%)
--
--   Stages to run:
--     assemble HiFi reads.
--
--
-- BEGIN STORE CREATION
----------------------------------------
-- Starting command on Tue Jan 20 15:13:34 2026 with 4209538.953 GB free disk space

    cd .
    ./K2-9.seqStore.sh \
    > ./K2-9.seqStore.err 2>&1

-- Finished on Tue Jan 20 15:18:43 2026 (309 seconds) with 4209272.75 GB free disk space
----------------------------------------
--
-- In sequence store './K2-9.seqStore':
--   Found 300548 reads.
--   Found 4250031211 bases (50 times coverage).
--    Histogram of corrected reads:
--    
--    G=4250031211                       sum of  ||               length     num
--    NG         length     index       lengths  ||                range    seqs
--    ----- ------------ --------- ------------  ||  ------------------- -------
--    00010        24348     16057    425007850  ||       1240-2438        11278|-----------------------
--    00020        22433     34305    850017365  ||       2439-3637        19610|----------------------------------------
--    00030        21185     53828   1275026805  ||       3638-4836        19380|----------------------------------------
--    00040        20236     74369   1700015339  ||       4837-6035        16748|----------------------------------
--    00050        19400     95825   2125025616  ||       6036-7234        14666|------------------------------
--    00060        18593    118191   2550033312  ||       7235-8433        12841|--------------------------
--    00070        17496    141679   2975033114  ||       8434-9632        11182|-----------------------
--    00080        13279    168646   3400033910  ||       9633-10831        9866|--------------------
--    00090         8115    209331   3825034663  ||      10832-12030        8601|------------------
--    00100         1240    300548   4250031211  ||      12031-13229        7449|----------------
--    001.000x              300548   4250031211  ||      13230-14428        6240|-------------
--                                               ||      14429-15627        5595|------------
--                                               ||      15628-16826        7306|---------------
--                                               ||      16827-18025       17802|------------------------------------
--                                               ||      18026-19224       31196|---------------------------------------------------------------
--                                               ||      19225-20423       30897|---------------------------------------------------------------
--                                               ||      20424-21622       23759|------------------------------------------------
--                                               ||      21623-22821       16484|----------------------------------
--                                               ||      22822-24020       11233|-----------------------
--                                               ||      24021-25219        7393|---------------
--                                               ||      25220-26418        4598|----------
--                                               ||      26419-27617        2934|------
--                                               ||      27618-28816        1635|----
--                                               ||      28817-30015         944|--
--                                               ||      30016-31214         457|-
--                                               ||      31215-32413         246|-
--                                               ||      32414-33612         109|-
--                                               ||      33613-34811          40|-
--                                               ||      34812-36010          23|-
--                                               ||      36011-37209          11|-
--                                               ||      37210-38408           4|-
--                                               ||      38409-39607           4|-
--                                               ||      39608-40806           4|-
--                                               ||      40807-42005           4|-
--                                               ||      42006-43204           2|-
--                                               ||      43205-44403           3|-
--                                               ||      44404-45602           2|-
--                                               ||      45603-46801           1|-
--                                               ||      46802-48000           0|
--                                               ||      48001-49199           1|-
--    
--
-- In sequence store './K2-9.seqStore':
--   Found 300548 reads.
--   Found 4250031211 bases (50 times coverage).
--    Histogram of corrected-trimmed reads:
--    
--    G=4250031211                       sum of  ||               length     num
--    NG         length     index       lengths  ||                range    seqs
--    ----- ------------ --------- ------------  ||  ------------------- -------
--    00010        24348     16057    425007850  ||       1240-2438        11278|-----------------------
--    00020        22433     34305    850017365  ||       2439-3637        19610|----------------------------------------
--    00030        21185     53828   1275026805  ||       3638-4836        19380|----------------------------------------
--    00040        20236     74369   1700015339  ||       4837-6035        16748|----------------------------------
--    00050        19400     95825   2125025616  ||       6036-7234        14666|------------------------------
--    00060        18593    118191   2550033312  ||       7235-8433        12841|--------------------------
--    00070        17496    141679   2975033114  ||       8434-9632        11182|-----------------------
--    00080        13279    168646   3400033910  ||       9633-10831        9866|--------------------
--    00090         8115    209331   3825034663  ||      10832-12030        8601|------------------
--    00100         1240    300548   4250031211  ||      12031-13229        7449|----------------
--    001.000x              300548   4250031211  ||      13230-14428        6240|-------------
--                                               ||      14429-15627        5595|------------
--                                               ||      15628-16826        7306|---------------
--                                               ||      16827-18025       17802|------------------------------------
--                                               ||      18026-19224       31196|---------------------------------------------------------------
--                                               ||      19225-20423       30897|---------------------------------------------------------------
--                                               ||      20424-21622       23759|------------------------------------------------
--                                               ||      21623-22821       16484|----------------------------------
--                                               ||      22822-24020       11233|-----------------------
--                                               ||      24021-25219        7393|---------------
--                                               ||      25220-26418        4598|----------
--                                               ||      26419-27617        2934|------
--                                               ||      27618-28816        1635|----
--                                               ||      28817-30015         944|--
--                                               ||      30016-31214         457|-
--                                               ||      31215-32413         246|-
--                                               ||      32414-33612         109|-
--                                               ||      33613-34811          40|-
--                                               ||      34812-36010          23|-
--                                               ||      36011-37209          11|-
--                                               ||      37210-38408           4|-
--                                               ||      38409-39607           4|-
--                                               ||      39608-40806           4|-
--                                               ||      40807-42005           4|-
--                                               ||      42006-43204           2|-
--                                               ||      43205-44403           3|-
--                                               ||      44404-45602           2|-
--                                               ||      45603-46801           1|-
--                                               ||      46802-48000           0|
--                                               ||      48001-49199           1|-
--    
--
-- Correction skipped; not enabled.
--
-- Trimming skipped; not enabled.
--
-- BEGIN ASSEMBLY
----------------------------------------
-- Starting command on Tue Jan 20 15:18:44 2026 with 4209272.703 GB free disk space

    cd unitigging/0-mercounts
    ./meryl-configure.sh \
    > ./meryl-configure.err 2>&1

-- Finished on Tue Jan 20 15:18:44 2026 (furiously fast) with 4209272.703 GB free disk space
----------------------------------------
--  segments   memory batches
--  -------- -------- -------
--        01 10.72 GB       2
--        02  5.68 GB       2
--        04  2.94 GB       2
--        06  2.12 GB       2
--        08  1.59 GB       2
--        12  1.06 GB       2
--        16  0.80 GB       2
--        20  0.64 GB       2
--        24  0.53 GB       2
--        32  0.40 GB       2
--        40  0.32 GB       2
--        48  -.-- GB       -  (segment size too small)
--        56  -.-- GB       -  (segment size too small)
--        64  -.-- GB       -  (segment size too small)
--        96  -.-- GB       -  (segment size too small)
--
--  For 300548 reads with 4250031211 bases, limit to 42 batches.
--  Will count kmers using 01 jobs, each using 12 GB and 4 threads.
--
-- Finished stage 'merylConfigure', reset canuIteration.
--
-- Running jobs.  First attempt out of 2.
----------------------------------------
-- Starting 'meryl' concurrent execution on Tue Jan 20 15:18:44 2026 with 4209272.671 GB free disk space (1 processes; 22 concurrently)

    cd unitigging/0-mercounts
    ./meryl-count.sh 1 > ./meryl-count.000001.out 2>&1

-- Finished on Tue Jan 20 15:22:04 2026 (200 seconds) with 4209253.765 GB free disk space
----------------------------------------
-- Found 1 Kmer counting (meryl) outputs.
-- Finished stage 'utg-merylCountCheck', reset canuIteration.
--
-- Running jobs.  First attempt out of 2.
----------------------------------------
-- Starting 'meryl' concurrent execution on Tue Jan 20 15:22:04 2026 with 4209254.625 GB free disk space (1 processes; 22 concurrently)

    cd unitigging/0-mercounts
    ./meryl-process.sh 1 > ./meryl-process.000001.out 2>&1

-- Finished on Tue Jan 20 15:22:08 2026 (4 seconds) with 4209254.406 GB free disk space
----------------------------------------
-- Meryl finished successfully.  Kmer frequency histogram:
--
-- WARNING: gnuplot failed.
--
----------------------------------------
--
--  22-mers                                                                                           Fraction
--    Occurrences   NumMers                                                                         Unique Total
--       1-     1         0                                                                        0.0000 0.0000
--       2-     2    182357                                                                        0.0041 0.0001
--       3-     4     57011                                                                        0.0050 0.0002
--       5-     7     17064                                                                        0.0055 0.0002
--       8-    11     10429                                                                        0.0058 0.0002
--      12-    16     17380                                                                        0.0060 0.0003
--      17-    22    147418                                                                        0.0066 0.0004
--      23-    29   1305226 *****                                                                  0.0112 0.0018
--      30-    37   7586899 ******************************                                         0.0485 0.0165
--      38-    46  17256036 ********************************************************************** 0.2445 0.1142
--      47-    56  11257112 *********************************************                          0.6298 0.3480
--      57-    67   2418598 *********                                                              0.8526 0.5100
--      68-    79    762606 ***                                                                    0.8970 0.5484
--      80-    92   1018815 ****                                                                   0.9141 0.5664
--      93-   106    669605 **                                                                     0.9367 0.5942
--     107-   121    287873 *                                                                      0.9506 0.6137
--     122-   137    286966 *                                                                      0.9569 0.6238
--     138-   154    221321                                                                        0.9632 0.6355
--     155-   172    147138                                                                        0.9680 0.6454
--     173-   191    143896                                                                        0.9712 0.6530
--     192-   211    113574                                                                        0.9744 0.6611
--     212-   232    111914                                                                        0.9769 0.6683
--     233-   254     97708                                                                        0.9794 0.6761
--     255-   277     91121                                                                        0.9815 0.6834
--     278-   301     70794                                                                        0.9835 0.6911
--     302-   326     61415                                                                        0.9851 0.6974
--     327-   352     49434                                                                        0.9865 0.7035
--     353-   379     52876                                                                        0.9875 0.7087
--     380-   407     42372                                                                        0.9887 0.7148
--     408-   436     40644                                                                        0.9897 0.7200
--     437-   466     31157                                                                        0.9905 0.7254
--     467-   497     28282                                                                        0.9912 0.7298
--     498-   529     23909                                                                        0.9919 0.7340
--     530-   562     23042                                                                        0.9924 0.7379
--     563-   596     20339                                                                        0.9929 0.7419
--     597-   631     15931                                                                        0.9934 0.7456
--     632-   667     15876                                                                        0.9937 0.7486
--     668-   704     13166                                                                        0.9941 0.7518
--     705-   742     13361                                                                        0.9944 0.7546
--     743-   781     13981                                                                        0.9947 0.7577
--     782-   821     11337                                                                        0.9950 0.7610
--
--           0 (max occurrences)
--  3180970711 (total mers, non-unique)
--    44951459 (distinct mers, non-unique)
--           0 (unique mers)
-- Finished stage 'meryl-process', reset canuIteration.
--
-- Removing meryl database 'unitigging/0-mercounts/K2-9.ms22'.
--
-- OVERLAPPER (normal) (assembly) erate=0.01
--
----------------------------------------
-- Starting command on Tue Jan 20 15:22:08 2026 with 4209254.39 GB free disk space

    cd unitigging/1-overlapper
    /share/org/YZWL/yzwl_lixg/miniforge3/envs/canu_v.2.3/bin/overlapInCorePartition \
     -S  ../../K2-9.seqStore \
     -hl 160000000 \
     -rl 5000000000 \
     -ol 500 \
     -o  ./K2-9.partition \
    > ./K2-9.partition.err 2>&1

-- Finished on Tue Jan 20 15:22:08 2026 (furiously fast) with 4209254.375 GB free disk space
----------------------------------------
--
-- Configured 20 overlapInCore jobs.
-- Finished stage 'utg-overlapConfigure', reset canuIteration.
--
-- Running jobs.  First attempt out of 2.
----------------------------------------
-- Starting 'utgovl' concurrent execution on Tue Jan 20 15:22:08 2026 with 4209254.343 GB free disk space (20 processes; 11 concurrently)

    cd unitigging/1-overlapper
    ./overlap.sh 1 > ./overlap.000001.out 2>&1
    ./overlap.sh 2 > ./overlap.000002.out 2>&1
    ./overlap.sh 3 > ./overlap.000003.out 2>&1
    ./overlap.sh 4 > ./overlap.000004.out 2>&1
    ./overlap.sh 5 > ./overlap.000005.out 2>&1
    ./overlap.sh 6 > ./overlap.000006.out 2>&1
    ./overlap.sh 7 > ./overlap.000007.out 2>&1
    ./overlap.sh 8 > ./overlap.000008.out 2>&1
    ./overlap.sh 9 > ./overlap.000009.out 2>&1
    ./overlap.sh 10 > ./overlap.000010.out 2>&1
    ./overlap.sh 11 > ./overlap.000011.out 2>&1
    ./overlap.sh 12 > ./overlap.000012.out 2>&1
    ./overlap.sh 13 > ./overlap.000013.out 2>&1
    ./overlap.sh 14 > ./overlap.000014.out 2>&1
    ./overlap.sh 15 > ./overlap.000015.out 2>&1
    ./overlap.sh 16 > ./overlap.000016.out 2>&1
    ./overlap.sh 17 > ./overlap.000017.out 2>&1
    ./overlap.sh 18 > ./overlap.000018.out 2>&1
    ./overlap.sh 19 > ./overlap.000019.out 2>&1
    ./overlap.sh 20 > ./overlap.000020.out 2>&1

-- Finished on Tue Jan 20 16:10:31 2026 (2903 seconds) with 4201025.359 GB free disk space
----------------------------------------
-- Found 20 overlapInCore output files.
--
-- overlapInCore compute 'unitigging/1-overlapper':
--   kmer hits
--     with no overlap       1339977282  66998864.1 +- 38862344.707
--     with an overlap         22560581  1128029.05 +- 694481.18
--
--   overlaps                  22560581  1128029.05 +- 694481.18
--     contained                6827058    341352.9 +- 213329.381
--     dovetail                15733523   786676.15 +- 482747.081
--
--   overlaps rejected
--     multiple per pair              0           0 +- 0
--     bad short window               0           0 +- 0
--     bad long window                0           0 +- 0
-- Finished stage 'utg-overlapCheck', reset canuIteration.
----------------------------------------
-- Starting command on Tue Jan 20 16:10:31 2026 with 4201025.343 GB free disk space

    cd unitigging
    /share/org/YZWL/yzwl_lixg/miniforge3/envs/canu_v.2.3/bin/ovStoreConfig \
     -S ../K2-9.seqStore \
     -M 4-8 \
     -L ./1-overlapper/ovljob.files \
     -create ./K2-9.ovlStore.config \
     > ./K2-9.ovlStore.config.txt \
    2> ./K2-9.ovlStore.config.err

-- Finished on Tue Jan 20 16:10:31 2026 (lickety-split) with 4201025.328 GB free disk space
----------------------------------------
--
-- Creating overlap store unitigging/K2-9.ovlStore using:
--      1 bucket
--      1 slice
--        using at most 2 GB memory each
--
-- Running jobs.  First attempt out of 2.
----------------------------------------
-- Starting 'ovS' concurrent execution on Tue Jan 20 16:10:31 2026 with 4201025.312 GB free disk space (1 processes; 62 concurrently)

    cd unitigging
    ./K2-9.ovlStore.sh 1 > ./K2-9.ovlStore.000001.out 2>&1

-- Finished on Tue Jan 20 16:10:40 2026 (9 seconds) with 4200963.437 GB free disk space
----------------------------------------
-- Checking store.
----------------------------------------
-- Starting command on Tue Jan 20 16:10:40 2026 with 4200963.437 GB free disk space

    cd unitigging
    /share/org/YZWL/yzwl_lixg/miniforge3/envs/canu_v.2.3/bin/ovStoreDump \
     -S ../K2-9.seqStore \
     -O  ./K2-9.ovlStore \
     -counts \
     > ./K2-9.ovlStore/counts.dat 2> ./K2-9.ovlStore/counts.err

-- Finished on Tue Jan 20 16:10:40 2026 (lickety-split) with 4200963.421 GB free disk space
----------------------------------------
--
-- Overlap store 'unitigging/K2-9.ovlStore' successfully constructed.
-- Found 45121162 overlaps for 279363 reads; 1172924 reads have no overlaps.
--
--
-- Purged 0.491 GB in 60 overlap output files.
----------------------------------------
-- Starting command on Tue Jan 20 16:10:41 2026 with 4200963.421 GB free disk space

    cd unitigging
    /share/org/YZWL/yzwl_lixg/miniforge3/envs/canu_v.2.3/bin/ovStoreStats \
     -C 50 \
     -S ../K2-9.seqStore \
     -O  ./K2-9.ovlStore \
     -o  ./K2-9.ovlStore \
     > ./K2-9.ovlStore.summary.err 2>&1

-- Finished on Tue Jan 20 16:10:47 2026 (6 seconds) with 4200963.671 GB free disk space
----------------------------------------
--
-- Overlap store 'unitigging/K2-9.ovlStore' contains:
--
--   category            reads     %          read length        feature size or coverage  analysis
--   ----------------  -------  -------  ----------------------  ------------------------  --------------------
--   middle-missing        245    0.08    14647.45 +- 7106.05        687.32 +- 884.18     (bad trimming)
--   middle-hump            91    0.03    13165.38 +- 3050.95       5444.10 +- 3733.14    (bad trimming)
--   no-5-prime           1138    0.38    12224.77 +- 4574.49       2382.70 +- 2899.34    (bad trimming)
--   no-3-prime           1500    0.50    10689.76 +- 5499.07       2071.45 +- 2889.05    (bad trimming)
--   
--   low-coverage         3430    1.14     9455.02 +- 4475.34          5.45 +- 3.60       (easy to assemble, potential for lower quality consensus)
--   unique             228394   75.99    10748.21 +- 5777.68         43.77 +- 8.47       (easy to assemble, perfect, yay)
--   repeat-cont         16178    5.38     8931.35 +- 5366.44        707.49 +- 597.69     (potential for consensus errors, no impact on assembly)
--   repeat-dove           252    0.08    19573.14 +- 1911.95        453.30 +- 430.86     (hard to assemble, likely won't assemble correctly or even at all)
--   
--   span-repeat          3850    1.28    13128.05 +- 4814.02       2924.63 +- 3071.17    (read spans a large repeat, usually easy to assemble)
--   uniq-repeat-cont    15337    5.10    11100.59 +- 4811.78                             (should be uniquely placed, low potential for consensus errors, no impact on assembly)
--   uniq-repeat-dove     3162    1.05    17469.33 +- 2740.65                             (will end contigs, potential to misassemble)
--   uniq-anchor          5786    1.93    12281.10 +- 4771.29       7055.18 +- 4820.35    (repeat read, with unique section, probable bad read)
-- Finished stage 'utg-createOverlapStore', reset canuIteration.
--
-- Loading read lengths.
-- Loading number of overlaps per read.
--
-- Configure RED for 16gb memory.
--                   Batches of at most (unlimited) reads.
--                                      500000000 bases.
--                   Expecting evidence of at most 536870912 bases per iteration.
--
--           Total                                               Reads                 Olaps Evidence
--    Job   Memory      Read Range         Reads        Bases   Memory        Olaps   Memory   Memory  (Memory in MB)
--   ---- -------- ------------------- --------- ------------ -------- ------------ -------- --------
--      1 16386.36         1-33807          6840    108973867 13302.69      1019551    11.67  1024.00
--      2 16384.18     33808-65149          6393    108977659 13303.14       790352     9.04  1024.00
--      3 16384.15     65150-100454         7326    108937008 13298.21      1218161    13.94  1024.00
--      4 16385.97    100455-147186         9856    108926366 13296.99      1483939    16.98  1024.00
--      5 16385.14    147187-177591         6286    108988479 13304.46       758523     8.68  1024.00
--      6 16387.39    177592-211731         7014    108953190 13300.17      1330077    15.22  1024.00
--      7 16384.52    211732-262315        10480    108912924 13295.36      1499007    17.15  1024.00
--      8 16384.30    262316-292532         6216    108981869 13303.65       755847     8.65  1024.00
--      9 16385.53    292533-325764         6789    108940897 13298.66      1298752    14.86  1024.00
--     10 16385.89    325765-373769         9920    108929974 13297.43      1438239    16.46  1024.00
--     11 16384.25    373770-407193         6911    108975340 13302.87       819384     9.38  1024.00
--     12 16385.72    407194-439045         6616    108939636 13298.50      1329683    15.22  1024.00
--     13 16384.24    439046-482413         8973    108924000 13296.67      1360880    15.57  1024.00
--     14 16385.87    482414-522869         8420    108969835 13302.25      1015981    11.63  1024.00
--     15 16385.11    522870-554467         6548    108972920 13302.56       921052    10.54  1024.00
--     16 16384.96    554468-592558         7979    108940856 13298.70      1246311    14.26  1024.00
--     17 16386.28    592559-640898        10194    108927113 13297.09      1502361    17.19  1024.00
--     18 16384.08    640899-671687         6417    108975728 13302.90       802053     9.18  1024.00
--     19 16384.10    671688-707517         7314    108932450 13297.65      1263158    14.46  1024.00
--     20 16386.78    707518-758795        10591    108923845 13296.70      1580072    18.08  1024.00
--     21 16385.01    758796-788795         6188    108989522 13304.58       736527     8.43  1024.00
--     22 16385.19    788796-822187         6814    108935330 13297.98      1328387    15.20  1024.00
--     23 16385.88    822188-869633         9839    108932948 13297.79      1406344    16.09  1024.00
--     24 16384.55    869634-899115         6122    108985571 13304.10       739181     8.46  1024.00
--     25 16385.80    899116-930483         6511    108944128 13299.05      1289332    14.76  1024.00
--     26 16385.17    930484-974828         9150    108934635 13297.97      1327944    15.20  1024.00
--     27 16384.54    974829-1007656        6886    108977691 13303.16       819922     9.38  1024.00
--     28 16386.06   1007657-1038283        6451    108949647 13299.72      1252961    14.34  1024.00
--     29 16386.00   1038284-1077233        8139    108974765 13302.84       975057    11.16  1024.00
--     30 16386.71   1077234-1117074        8246    108956538 13300.62      1231706    14.10  1024.00
--     31 16385.10   1117075-1146977        6244    108984629 13303.98       796681     9.12  1024.00
--     32 16384.59   1146978-1182965        7304    108934183 13297.86      1286907    14.73  1024.00
--     33 16385.02   1182966-1227109        9079    108927109 13297.05      1395063    15.97  1024.00
--     34 16386.00   1227110-1257694        6235    108994277 13305.16       772655     8.84  1024.00
--     35 16384.58   1257695-1292226        7019    108933037 13297.71      1299337    14.87  1024.00
--     36 16385.42   1292227-1340091        9911    108925217 13296.85      1448326    16.57  1024.00
--     37 16384.32   1340092-1369964        6199    108982569 13303.73       750112     8.58  1024.00
--     38 16384.07   1369965-1402080        6773    108927338 13297.01      1316494    15.07  1024.00
--     39 16385.45   1402081-1451785       10260    108920783 13296.32      1496702    17.13  1024.00
--     40  3184.19   1451786-1452287          95       917338   111.98        18141     0.21  1024.00
--   ---- -------- ------------------- --------- ------------ -------- ------------ -------- --------
--                                                 4250031211              45121162
-- Finished stage 'readErrorDetectionConfigure', reset canuIteration.
--
-- Running jobs.  First attempt out of 2.
----------------------------------------
-- Starting 'red' concurrent execution on Tue Jan 20 16:10:52 2026 with 4200963.625 GB free disk space (40 processes; 22 concurrently)

    cd unitigging/3-overlapErrorAdjustment
    ./red.sh 1 > ./red.000001.out 2>&1
    ./red.sh 2 > ./red.000002.out 2>&1
    ./red.sh 3 > ./red.000003.out 2>&1
    ./red.sh 4 > ./red.000004.out 2>&1
    ./red.sh 5 > ./red.000005.out 2>&1
    ./red.sh 6 > ./red.000006.out 2>&1
    ./red.sh 7 > ./red.000007.out 2>&1
    ./red.sh 8 > ./red.000008.out 2>&1
    ./red.sh 9 > ./red.000009.out 2>&1
    ./red.sh 10 > ./red.000010.out 2>&1
    ./red.sh 11 > ./red.000011.out 2>&1
    ./red.sh 12 > ./red.000012.out 2>&1
    ./red.sh 13 > ./red.000013.out 2>&1
    ./red.sh 14 > ./red.000014.out 2>&1
    ./red.sh 15 > ./red.000015.out 2>&1
    ./red.sh 16 > ./red.000016.out 2>&1
    ./red.sh 17 > ./red.000017.out 2>&1
    ./red.sh 18 > ./red.000018.out 2>&1
    ./red.sh 19 > ./red.000019.out 2>&1
    ./red.sh 20 > ./red.000020.out 2>&1
    ./red.sh 21 > ./red.000021.out 2>&1
    ./red.sh 22 > ./red.000022.out 2>&1
    ./red.sh 23 > ./red.000023.out 2>&1
    ./red.sh 24 > ./red.000024.out 2>&1
    ./red.sh 25 > ./red.000025.out 2>&1
    ./red.sh 26 > ./red.000026.out 2>&1
    ./red.sh 27 > ./red.000027.out 2>&1
    ./red.sh 28 > ./red.000028.out 2>&1
    ./red.sh 29 > ./red.000029.out 2>&1
    ./red.sh 30 > ./red.000030.out 2>&1
    ./red.sh 31 > ./red.000031.out 2>&1
    ./red.sh 32 > ./red.000032.out 2>&1
    ./red.sh 33 > ./red.000033.out 2>&1
    ./red.sh 34 > ./red.000034.out 2>&1
    ./red.sh 35 > ./red.000035.out 2>&1
    ./red.sh 36 > ./red.000036.out 2>&1
    ./red.sh 37 > ./red.000037.out 2>&1
    ./red.sh 38 > ./red.000038.out 2>&1
    ./red.sh 39 > ./red.000039.out 2>&1
    ./red.sh 40 > ./red.000040.out 2>&1

-- Finished on Tue Jan 20 16:19:52 2026 (540 seconds) with 4200766.218 GB free disk space
----------------------------------------
-- Found 40 read error detection output files.
-- Finished stage 'readErrorDetectionCheck', reset canuIteration.
--
-- Loading read lengths.
-- Loading number of overlaps per read.
--
-- Configure OEA for 8gb memory.
--                   Batches of at most (unlimited) reads.
--                                      300000000 bases.
--
--           Total                                               Reads                 Olaps  Adjusts
--    Job   Memory      Read Range         Reads        Bases   Memory        Olaps   Memory   Memory  (Memory in MB)
--   ---- -------- ------------------- --------- ------------ -------- ------------ -------- --------
--      1  2787.87         1-90782         18561    300016535   294.68      2816378    85.95   359.23
--      2  2803.91     90783-194050        21541    300012215   294.77      3339300   101.91   359.23
--      3  2789.81    194051-301005        22021    300012626   294.79      2876811    87.79   359.23
--      4  2805.41    301006-407610        21998    300017584   294.79      3387591   103.38   359.23
--      5  2809.86    407611-515974        22461    300004734   294.79      3533343   107.83   359.23
--      6  2806.87    515975-625995        23035    300005274   294.81      3434889   104.82   359.23
--      7  2785.55    625996-720505        19521    300001940   294.70      2740041    83.62   359.23
--      8  2805.48    720506-823221        21162    300015748   294.76      3391064   103.49   359.23
--      9  2801.31    823222-923209        20763    300020551   294.76      3254529    99.32   359.23
--     10  2785.10    923210-1024087       20942    300002189   294.74      2723593    83.12   359.23
--     11  2800.42   1024088-1125354       21187    300021298   294.77      3224867    98.42   359.23
--     12  2803.56   1125355-1228318       21119    300006970   294.75      3328464   101.58   359.23
--     13  2804.17   1228319-1333824       21635    300006383   294.77      3347680   102.16   359.23
--     14  2785.59   1333825-1425344       19002    300002547   294.68      2741655    83.67   359.23
--     15  2492.92   1425345-1452287        5600     49884617    55.74       980957    29.94   359.23
--   ---- -------- ------------------- --------- ------------ -------- ------------ -------- --------
--                                                 4250031211              45121162
-- Finished stage 'overlapErrorAdjustmentConfigure', reset canuIteration.
--
-- Running jobs.  First attempt out of 2.
----------------------------------------
-- Starting 'oea' concurrent execution on Tue Jan 20 16:19:58 2026 with 4200766.156 GB free disk space (15 processes; 62 concurrently)

    cd unitigging/3-overlapErrorAdjustment
    ./oea.sh 1 > ./oea.000001.out 2>&1
    ./oea.sh 2 > ./oea.000002.out 2>&1
    ./oea.sh 3 > ./oea.000003.out 2>&1
    ./oea.sh 4 > ./oea.000004.out 2>&1
    ./oea.sh 5 > ./oea.000005.out 2>&1
    ./oea.sh 6 > ./oea.000006.out 2>&1
    ./oea.sh 7 > ./oea.000007.out 2>&1
    ./oea.sh 8 > ./oea.000008.out 2>&1
    ./oea.sh 9 > ./oea.000009.out 2>&1
    ./oea.sh 10 > ./oea.000010.out 2>&1
    ./oea.sh 11 > ./oea.000011.out 2>&1
    ./oea.sh 12 > ./oea.000012.out 2>&1
    ./oea.sh 13 > ./oea.000013.out 2>&1
    ./oea.sh 14 > ./oea.000014.out 2>&1
    ./oea.sh 15 > ./oea.000015.out 2>&1

-- Finished on Tue Jan 20 16:47:48 2026 (1670 seconds) with 4197118.593 GB free disk space
----------------------------------------
-- Found 15 overlap error adjustment output files.
-- Finished stage 'overlapErrorAdjustmentCheck', reset canuIteration.
----------------------------------------
-- Starting command on Tue Jan 20 16:47:48 2026 with 4197118.578 GB free disk space

    cd unitigging/3-overlapErrorAdjustment
    /share/org/YZWL/yzwl_lixg/miniforge3/envs/canu_v.2.3/bin/loadErates \
      -S ../../K2-9.seqStore \
      -O ../K2-9.ovlStore \
      -L ./oea.files \
    > ./oea.apply.err 2>&1

-- Finished on Tue Jan 20 16:47:48 2026 (like a bat out of hell) with 4197118.484 GB free disk space
----------------------------------------
-- No report available.
-- Finished stage 'updateOverlapStore', reset canuIteration.
-- Finished stage 'unitig', reset canuIteration.
--
-- Running jobs.  First attempt out of 2.
----------------------------------------
-- Starting 'bat' concurrent execution on Tue Jan 20 16:47:48 2026 with 4197118.437 GB free disk space (1 processes; 1 concurrently)

    cd unitigging/4-unitigger
    ./unitigger.sh 1 > ./unitigger.000001.out 2>&1

-- Finished on Tue Jan 20 16:48:01 2026 (13 seconds) with 4197113.484 GB free disk space
----------------------------------------
-- Unitigger finished successfully.
--  
--  ERROR RATES
--  -----------
--                                                   --------threshold------
--  314088                       fraction error      fraction        percent
--  samples                              (1e-5)         error          error
--                   --------------------------      --------       --------
--  command line (-eg)                           ->     30.00        0.0300%
--  command line (-ef)                           ->  -----.--      ---.----%
--  command line (-eM)                           ->     30.00        0.0300%
--  mean + std.dev       0.34 +-  12 *     2.64  ->     31.99        0.0320%
--  median + mad         0.00 +-  12 *     0.00  ->      0.00        0.0000%
--  90th percentile                              ->      1.00        0.0010%  (enabled)
--  
--  BEST EDGE FILTERING
--  -------------------
--  At graph threshold 0.0300%, reads:
--    available to have edges:        64389
--    with at least one edge:         41089
--  
--  At max threshold 0.0300%, reads:
--    available to have edges:        64389
--    with at least one edge:         41089
--  
--  At tight threshold 0.0010%, reads with:
--    both edges below error threshold:     36788  (80.00% minReadsBest threshold = 32871)
--    one  edge  above error threshold:      3153
--    both edges above error threshold:      1148
--    at least one edge:                    41089
--  
--  At loose threshold 0.0300%, reads with:
--    both edges below error threshold:     41089  (80.00% minReadsBest threshold = 32871)
--    one  edge  above error threshold:         0
--    both edges above error threshold:         0
--    at least one edge:                    41089
--  
--  
--  INITIAL EDGES
--  -------- ----------------------------------------
--    231338 reads are contained
--   1185446 reads have no best edges (singleton)
--       646 reads have only one best edge (spur) 
--                413 are mutual best
--     34857 reads have two best edges 
--                867 have one mutual best edge
--              33558 have two mutual best edges
--  
--  
--  FINAL EDGES
--  -------- ----------------------------------------
--    231338 reads are contained
--   1185771 reads have no best edges (singleton)
--       560 reads have only one best edge (spur) 
--                436 are mutual best
--     34618 reads have two best edges 
--                708 have one mutual best edge
--              33546 have two mutual best edges
--  
--  
--  EDGE FILTERING
--  -------- ------------------------------------------
--         0 reads are ignored
--     10159 reads have a gap in overlap coverage
--       160 reads have lopsided best edges
-- Found, in version 1, after unitig construction:
--   contigs:      177 sequences, total length 69969252 bp (including 178 repeats of total length 4118044 bp).
--   bubbles:      148 sequences, total length 3534463 bp.
--   unassembled:  34954 sequences, total length 336174475 bp.
--
-- Contig sizes based on genome size 85mbp:
--
--            NG (bp)  LG (contigs)    sum (bp)
--         ----------  ------------  ----------
--     10     6516977             2    13403041
--     20     5826215             3    19229256
--     30     4346865             5    28149015
--     40     3410970             7    35535040
--     50     2937774            10    45184832
--     60     2442830            13    52721427
--     70     1781404            17    60680815
--     80       26492            70    68002995
--
-- Finished stage 'unitigCheck', reset canuIteration.
----------------------------------------
-- Starting command on Tue Jan 20 16:48:01 2026 with 4197113.468 GB free disk space

    cd unitigging
    /share/org/YZWL/yzwl_lixg/miniforge3/envs/canu_v.2.3/bin/utgcns \
      -S ../K2-9.seqStore \
      -T  ./K2-9.ctgStore 1 \
      -partition 0.8 1.5 0.1 \
    > ./K2-9.ctgStore/partitioning.log 2>&1

-- Finished on Tue Jan 20 16:48:09 2026 (8 seconds) with 4197112.312 GB free disk space
----------------------------------------
-- Using slow alignment for consensus (iteration '0').
-- Configured 11 consensus jobs.
-- Finished stage 'consensusConfigure', reset canuIteration.
--
-- Local: cns       10.250 GB    8 CPUs x  11 jobs   112.750 GB  88 CPUs  (consensus)
--
--
-- Running jobs.  First attempt out of 2.
----------------------------------------
-- Starting 'cns' concurrent execution on Tue Jan 20 16:48:09 2026 with 4197112.281 GB free disk space (11 processes; 11 concurrently)

    cd unitigging/5-consensus
    ./consensus.sh 1 > ./consensus.000001.out 2>&1
    ./consensus.sh 2 > ./consensus.000002.out 2>&1
    ./consensus.sh 3 > ./consensus.000003.out 2>&1
    ./consensus.sh 4 > ./consensus.000004.out 2>&1
    ./consensus.sh 5 > ./consensus.000005.out 2>&1
    ./consensus.sh 6 > ./consensus.000006.out 2>&1
    ./consensus.sh 7 > ./consensus.000007.out 2>&1
    ./consensus.sh 8 > ./consensus.000008.out 2>&1
    ./consensus.sh 9 > ./consensus.000009.out 2>&1
    ./consensus.sh 10 > ./consensus.000010.out 2>&1
    ./consensus.sh 11 > ./consensus.000011.out 2>&1

-- Finished on Tue Jan 20 16:54:48 2026 (399 seconds) with 4196213.578 GB free disk space
----------------------------------------
-- Using slow alignment for consensus (iteration '1').
-- Configured 11 consensus jobs.
-- All 11 consensus jobs finished successfully.
-- Finished stage 'consensusCheck', reset canuIteration.
-- Using slow alignment for consensus (iteration '0').
-- Configured 11 consensus jobs.
----------------------------------------
-- Starting command on Tue Jan 20 16:54:49 2026 with 4196213.531 GB free disk space

    cd unitigging
    /share/org/YZWL/yzwl_lixg/miniforge3/envs/canu_v.2.3/bin/tgStoreLoad \
      -S ../K2-9.seqStore \
      -T  ./K2-9.ctgStore 2 \
      -L ./5-consensus/ctgcns.files \
    > ./5-consensus/ctgcns.files.ctgStoreLoad.err 2>&1

-- Finished on Tue Jan 20 16:54:50 2026 (one second) with 4196212.328 GB free disk space
----------------------------------------
----------------------------------------
-- Starting command on Tue Jan 20 16:54:50 2026 with 4196212.328 GB free disk space

    cd unitigging
    /share/org/YZWL/yzwl_lixg/miniforge3/envs/canu_v.2.3/bin/tgTigDisplay \
      -S ../K2-9.seqStore \
      -b \
      -o ../K2-9.contigs.unsorted.bam \
      -L ./5-consensus/ctgcns.files \
    > ./5-consensus/ctgcns.files.contigs.bam.err 2>&1

-- Finished on Tue Jan 20 16:57:36 2026 (166 seconds) with 4195908.296 GB free disk space
----------------------------------------
----------------------------------------
-- Starting command on Tue Jan 20 16:57:36 2026 with 4195908.296 GB free disk space

    cd .
    samtools sort \
      --write-index \
      --threads 2 \
      -o ./K2-9.contigs.bam ./K2-9.contigs.unsorted.bam \
    > ./ctgcns.bam.err 2>&1

-- Finished on Tue Jan 20 16:58:36 2026 (60 seconds) with 4195735.875 GB free disk space
----------------------------------------
-- Purging consensus output after loading to ctgStore.
-- Purged 11 .cns outputs.
----------------------------------------
-- Starting command on Tue Jan 20 16:58:36 2026 with 4195738.843 GB free disk space

    cd unitigging
    /share/org/YZWL/yzwl_lixg/miniforge3/envs/canu_v.2.3/bin/tgStoreDump \
      -S ../K2-9.seqStore \
      -T ./K2-9.ctgStore 2 \
      -sizes -s 85000000 \
    > ./K2-9.ctgStore/seqDB.v002.sizes.txt
ZERO length suplied to intervalList::add(), ignoring interval.
ZERO length suplied to intervalList::add(), ignoring interval.
ZERO length suplied to intervalList::add(), ignoring interval.
ZERO length suplied to intervalList::add(), ignoring interval.
ZERO length suplied to intervalList::add(), ignoring interval.
ZERO length suplied to intervalList::add(), ignoring interval.
ZERO length suplied to intervalList::add(), ignoring interval.
ZERO length suplied to intervalList::add(), ignoring interval.
ZERO length suplied to intervalList::add(), ignoring interval.
ZERO length suplied to intervalList::add(), ignoring interval.
ZERO length suplied to intervalList::add(), ignoring interval.
ZERO length suplied to intervalList::add(), ignoring interval.
ZERO length suplied to intervalList::add(), ignoring interval.
ZERO length suplied to intervalList::add(), ignoring interval.
ZERO length suplied to intervalList::add(), ignoring interval.
ZERO length suplied to intervalList::add(), ignoring interval.
ZERO length suplied to intervalList::add(), ignoring interval.
ZERO length suplied to intervalList::add(), ignoring interval.
ZERO length suplied to intervalList::add(), ignoring interval.
ZERO length suplied to intervalList::add(), ignoring interval.
ZERO length suplied to intervalList::add(), ignoring interval.
ZERO length suplied to intervalList::add(), ignoring interval.
ZERO length suplied to intervalList::add(), ignoring interval.
ZERO length suplied to intervalList::add(), ignoring interval.
ZERO length suplied to intervalList::add(), ignoring interval.
ZERO length suplied to intervalList::add(), ignoring interval.
ZERO length suplied to intervalList::add(), ignoring interval.
ZERO length suplied to intervalList::add(), ignoring interval.
ZERO length suplied to intervalList::add(), ignoring interval.
ZERO length suplied to intervalList::add(), ignoring interval.
ZERO length suplied to intervalList::add(), ignoring interval.
ZERO length suplied to intervalList::add(), ignoring interval.

-- Finished on Tue Jan 20 16:58:36 2026 (like a bat out of hell) with 4195738.843 GB free disk space
----------------------------------------
-- Found, in version 2, after consensus generation:
--   contigs:      177 sequences, total length 91755685 bp (including 178 repeats of total length 5717890 bp).
--   bubbles:      148 sequences, total length 4836633 bp.
--   unassembled:  34954 sequences, total length 510795549 bp.
--
-- Contig sizes based on genome size 85mbp:
--
--            NG (bp)  LG (contigs)    sum (bp)
--         ----------  ------------  ----------
--     10     8947547             1     8947547
--     20     8466703             2    17414250
--     30     5960524             4    30940978
--     40     5641725             5    36582703
--     50     4438226             7    46206370
--     60     4358306             9    54963402
--     70     3340684            11    62130576
--     80     3179985            13    68612576
--     90     2416730            16    76652944
--    100      487804            22    85218495
--
-- Finished stage 'consensusLoad', reset canuIteration.
----------------------------------------
-- Starting command on Tue Jan 20 16:58:36 2026 with 4195738.828 GB free disk space

    cd .
    /share/org/YZWL/yzwl_lixg/miniforge3/envs/canu_v.2.3/bin/tgStoreDump \
      -S ./K2-9.seqStore \
      -T ./unitigging/K2-9.ctgStore 2 \
      -o ./K2-9.contigs \
      -layout \
    > ./K2-9.contigs.layout.err 2>&1

-- Finished on Tue Jan 20 16:58:37 2026 (one second) with 4195738.781 GB free disk space
----------------------------------------
----------------------------------------
-- Starting command on Tue Jan 20 16:58:37 2026 with 4195738.781 GB free disk space

    cd .
    /share/org/YZWL/yzwl_lixg/miniforge3/envs/canu_v.2.3/bin/tgStoreDump \
      -S ./K2-9.seqStore \
      -T ./unitigging/K2-9.ctgStore 2 \
      -consensus -fasta \
      -unassembled \
    > ./K2-9.unassembled.fasta
    2> ./K2-9.unassembled.err
ZERO length suplied to intervalList::add(), ignoring interval.
ZERO length suplied to intervalList::add(), ignoring interval.
ZERO length suplied to intervalList::add(), ignoring interval.
ZERO length suplied to intervalList::add(), ignoring interval.
ZERO length suplied to intervalList::add(), ignoring interval.
ZERO length suplied to intervalList::add(), ignoring interval.
ZERO length suplied to intervalList::add(), ignoring interval.
ZERO length suplied to intervalList::add(), ignoring interval.
ZERO length suplied to intervalList::add(), ignoring interval.
ZERO length suplied to intervalList::add(), ignoring interval.
ZERO length suplied to intervalList::add(), ignoring interval.
ZERO length suplied to intervalList::add(), ignoring interval.
ZERO length suplied to intervalList::add(), ignoring interval.
ZERO length suplied to intervalList::add(), ignoring interval.
ZERO length suplied to intervalList::add(), ignoring interval.
ZERO length suplied to intervalList::add(), ignoring interval.
ZERO length suplied to intervalList::add(), ignoring interval.
ZERO length suplied to intervalList::add(), ignoring interval.
ZERO length suplied to intervalList::add(), ignoring interval.
ZERO length suplied to intervalList::add(), ignoring interval.
ZERO length suplied to intervalList::add(), ignoring interval.
ZERO length suplied to intervalList::add(), ignoring interval.
ZERO length suplied to intervalList::add(), ignoring interval.
ZERO length suplied to intervalList::add(), ignoring interval.
ZERO length suplied to intervalList::add(), ignoring interval.
ZERO length suplied to intervalList::add(), ignoring interval.
ZERO length suplied to intervalList::add(), ignoring interval.
ZERO length suplied to intervalList::add(), ignoring interval.
ZERO length suplied to intervalList::add(), ignoring interval.
ZERO length suplied to intervalList::add(), ignoring interval.
ZERO length suplied to intervalList::add(), ignoring interval.
ZERO length suplied to intervalList::add(), ignoring interval.

-- Finished on Tue Jan 20 16:58:39 2026 (2 seconds) with 4195738.296 GB free disk space
----------------------------------------
----------------------------------------
-- Starting command on Tue Jan 20 16:58:39 2026 with 4195738.296 GB free disk space

    cd .
    /share/org/YZWL/yzwl_lixg/miniforge3/envs/canu_v.2.3/bin/tgStoreDump \
      -S ./K2-9.seqStore \
      -T ./unitigging/K2-9.ctgStore 2 \
      -consensus -fasta \
      -contigs \
    > ./K2-9.contigs.fasta
    2> ./K2-9.contigs.err
ZERO length suplied to intervalList::add(), ignoring interval.
ZERO length suplied to intervalList::add(), ignoring interval.
ZERO length suplied to intervalList::add(), ignoring interval.
ZERO length suplied to intervalList::add(), ignoring interval.
ZERO length suplied to intervalList::add(), ignoring interval.
ZERO length suplied to intervalList::add(), ignoring interval.
ZERO length suplied to intervalList::add(), ignoring interval.
ZERO length suplied to intervalList::add(), ignoring interval.
ZERO length suplied to intervalList::add(), ignoring interval.
ZERO length suplied to intervalList::add(), ignoring interval.
ZERO length suplied to intervalList::add(), ignoring interval.
ZERO length suplied to intervalList::add(), ignoring interval.
ZERO length suplied to intervalList::add(), ignoring interval.
ZERO length suplied to intervalList::add(), ignoring interval.
ZERO length suplied to intervalList::add(), ignoring interval.
ZERO length suplied to intervalList::add(), ignoring interval.
ZERO length suplied to intervalList::add(), ignoring interval.
ZERO length suplied to intervalList::add(), ignoring interval.
ZERO length suplied to intervalList::add(), ignoring interval.
ZERO length suplied to intervalList::add(), ignoring interval.
ZERO length suplied to intervalList::add(), ignoring interval.
ZERO length suplied to intervalList::add(), ignoring interval.
ZERO length suplied to intervalList::add(), ignoring interval.
ZERO length suplied to intervalList::add(), ignoring interval.
ZERO length suplied to intervalList::add(), ignoring interval.
ZERO length suplied to intervalList::add(), ignoring interval.
ZERO length suplied to intervalList::add(), ignoring interval.
ZERO length suplied to intervalList::add(), ignoring interval.
ZERO length suplied to intervalList::add(), ignoring interval.
ZERO length suplied to intervalList::add(), ignoring interval.
ZERO length suplied to intervalList::add(), ignoring interval.
ZERO length suplied to intervalList::add(), ignoring interval.

-- Finished on Tue Jan 20 16:58:40 2026 (one second) with 4195738.203 GB free disk space
----------------------------------------
-- Finished stage 'generateOutputs', reset canuIteration.
--
-- Assembly 'K2-9' finished in '/share/org/YZWL/yzwl_lixg/project/28.大豆疫霉菌三代基因组/03.hicanu/K2-9/01.raw_output'.
--
-- Summary saved in 'K2-9.report'.
--
-- Sequences saved:
--   Contigs       -> 'K2-9.contigs.fasta'
--   Unassembled   -> 'K2-9.unassembled.fasta'
--
-- Read layouts saved:
--   Contigs       -> 'K2-9.contigs.layout'.
--
-- Bye.

Job 68952682 stderr output:

