2026-01-31 13:11:53.827 - INFO - 开始KmerPAV流程|Starting KmerPAV pipeline
2026-01-31 13:11:53.827 - INFO - 生成FOF文件|Generating FOF file
2026-01-31 13:11:53.847 - INFO - 检测到双末端数据|Detected paired-end data: 420 samples
2026-01-31 13:11:53.954 - INFO - FOF文件已生成（双末端）|FOF file generated (paired-end): input.fof
2026-01-31 13:11:53.954 - INFO - 运行kmtricks pipeline|Running kmtricks pipeline
2026-01-31 13:11:53.955 - INFO - 自动计算分区数|Auto-calculated partitions: 640
2026-01-31 13:11:53.955 - INFO - 样本数|Samples: 420, 线程数|Threads: 32
2026-01-31 13:11:53.955 - INFO - 使用分区数|Using partitions: 640
2026-01-31 13:11:53.955 - INFO - 执行kmtricks pipeline|Executing kmtricks pipeline|执行kmtricks pipeline|Executing kmtricks pipeline
2026-01-31 22:42:03.735 - INFO - kmtricks pipeline完成|kmtricks pipeline completed
2026-01-31 22:42:03.737 - INFO - 运行kmtricks aggregate|Running kmtricks aggregate
2026-01-31 22:42:03.737 - INFO - 执行kmtricks aggregate|Executing kmtricks aggregate|执行kmtricks aggregate|Executing kmtricks aggregate
2026-01-31 23:46:04.830 - INFO - kmtricks aggregate完成|kmtricks aggregate completed: kmer_matrix.txt
2026-01-31 23:46:04.831 - INFO - 压缩矩阵文件|Compressing matrix file
2026-01-31 23:46:05.132 - INFO - 压缩矩阵文件|Compressing matrix file|压缩矩阵文件|Compressing matrix file
2026-01-31 23:54:17.944 - INFO - 矩阵文件已压缩|Matrix file compressed: kmer_matrix.txt.gz
2026-01-31 23:54:17.944 - INFO - 提取样本名|Extracting sample names
2026-01-31 23:54:17.986 - INFO - 样本名已提取|Sample names extracted: header.txt
2026-01-31 23:54:17.986 - INFO - 导入矩阵到RocksDB|Importing matrix to RocksDB
2026-01-31 23:54:17.986 - INFO - 开始导入kmer矩阵到RocksDB|Starting kmer matrix import to RocksDB: kmer_rocksdb
Starting import from 'kmer_matrix.txt.gz' to RocksDB at 'kmer_rocksdb'...
INFO: Header file: 'header.txt', DB key: 'kmer_header', Storage delimiter for header fields: '	'
Input delimiter: ' '
Data value join character (for storage): '' (Empty means concatenation)
INFO: Attempting to open DB with ZSTD compression...
SUCCESS: Opened DB with ZSTD compression.
INFO: Added processed header to batch (key='kmer_header'): '41	6497	7076	A1-10	A1-11	A1-12	A1-13	A1-14	A1-15	A1-16	A1-17	A1-18	A1-19	A1-1	A1-20	A1-21	A1-22	A1-23	A1-24	A1-25	A1-26	A1-2	A1-3	A1-4	A1-5	A1-6	A1-7	A1-8	A1-9	A2-1	A2-2	A2-3	A2-4	A2-5	A3-10	A3-11	A3-12	A3-13	A3-14	A3-15	A3-16	A3-17	A3-18	A3-19	A3-1	A3-20	A3-21	A3-22	A3-23	A3-24	A3-25	A3-26	A3-27	A3-28	A3-29	A3-2	A3-30	A3-31	A3-32	A3-33	A3-34	A3-35	A3-36	A3-37	A3-38	A3-39	A3-3	A3-40	A3-41	A3-42	A3-43	A3-44	A3-45	A3-46	A3-47	A3-48	A3-49	A3-4	A3-50	A3-51	A3-52	A3-53	A3-54	A3-55	A3-56	A3-57	A3-58	A3-5	A3-6	A3-7	A3-8	A3-9	B1-1	B1-2	B1-3	B1-4	B1-5	B2-1	B2-2	B2-3	B2-4	B2-5	B2-6	B2-7	B3-10	B3-11	B3-12	B3-13	B3-14	B3-15	B3-16	B3-1	B3-2	B3-3	B3-4	B3-5	B3-6	B3-7	B3-8	B3-9	B4-10	B4-11	B4-12	B4-13	B4-14	B4-15	B4-16	B4-17	B4-18	B4-19	B4-1	B4-20	B4-21	B4-22	B4-23	B4-24	B4-25	B4-26	B4-27	B4-28	B4-29	B4-2	B4-30	B4-31	B4-32	B4-33	B4-34	B4-35	B4-36	B4-37	B4-38	B4-39	B4-3	B4-40	B4-41	B4-42	B4-43	B4-44	B4-45	B4-46	B4-47	B4-48	B4-49	B4-4	B4-50	B4-51	B4-52	B4-53	B4-54	B4-5	B4-6	B4-7	B4-8	B4-9	D1-1	D1-2	D1-3	D1-4	D1-5	D1-6	D2-10	D2-11	D2-12	D2-13	D2-14	D2-15	D2-16	D2-17	D2-18	D2-19	D2-1	D2-20	D2-21	D2-2	D2-3	D2-4	D2-5	D2-6	D2-7	D2-8	D2-9	D3-1	D3-2	D3-3	D4-10	D4-1	D4-2	D4-3	D4-4	D4-5	D4-6	D4-7	D4-8	D4-9	D5-1	D5-2	D5-3	D6-1	D6-2	D6-3	D6-4	D6-5	D6-6	D6-7	D6-8	K1-1	K1-2	K2-10	K2-11	K2-12	K2-14	K2-15	K2-16	K2-17	K2-18	K2-19	K2-1	K2-20	K2-21	K2-22	K2-23	K2-2	K2-3	K2-4	K2-5	K2-7	K2-8	K2-9	M-10	M-11	M-12	M-13	M-14	M-15	M-16	M-1	M-2	M-3	M-4	M-5	M-6	M-7	M-8	M-9	N10-10	N10-11	N10-12	N10-13	N10-14	N10-15	N10-16	N10-1	N10-2	N10-3	N10-4	N10-5	N10-6	N10-7	N10-8	N10-9	N11-1	N11-2	N11-3	N11-4	N11-5	N11-6	N11-7	N11-8	N12-1	N12-2	N12-3	N12-4	N12-5	N12-6	N12-7	N12-8	N12-9	N2-10	N2-11	N2-12	N2-1	N2-2	N2-3	N2-4	N2-5	N2-6	N2-7	N2-8	N2-9	N3-10	N3-11	N3-12	N3-13	N3-14	N3-15	N3-16	N3-17	N3-18	N3-19	N3-1	N3-20	N3-21	N3-22	N3-23	N3-2	N3-3	N3-4	N3-5	N3-6	N3-7	N3-8	N3-9	N4-1	N4-2	N6-1	N8-10	N8-2	N8-4	N8-5	N8-6	N8-7	N8-8	N8-9	Nov-9	P6497	SG30	SRR10321552	SRR10321553	SRR10321554	SRR10321555	SRR10321556	SRR10321557	SRR10321558	SRR10321559	SRR10321560	SRR10321561	SRR10321562	SRR10321563	SRR10321564	SRR10321565	SRR10321566	SRR10321567	SRR10321568	SRR10321569	SRR10321570	SRR10321571	SRR10321572	SRR10321573	SRR10321574	SRR10321575	SRR10321576	SRR1046799	SRR1046800	SRR1047573	SRR12021953	SRR12021954	SRR12021955	SRR12021956	SRR12021957	SRR12021958	SRR22980483	SRR22980484	SRR22980485	SRR22980486	SRR22980487	SRR22980488	SRR22980489	SRR22980490	SRR7532821	SRR7532822	SRR7532823	SRR7532824	SRR7532825	SRR7532826	SRR7532827	SRR7532828	SRR7532829	SRR7532830	SRR7532831	SRR7532832	SRR7532833	SRR7532834	SRR7532835	SRR7532836	SRR7532837	SRR7532838	SRR7532839	SRR7532840	SRR7532841	SRR7532842	SRR7532843	SRR7532844	SRR7532845	SRR7532846	SRR7532847	SRR7532848	SRR7532849	SRR7532850	SRR7532851	T30-4'
------------------------------
Import finished successfully!
Total lines read from input file: 430963295
Total data records imported: 430963295
Header record was also imported.
2026-02-01 01:38:50.357 - INFO - RocksDB导入成功|RocksDB import successful: kmer_rocksdb
2026-02-01 01:38:50.359 - INFO - KmerPAV流程完成|KmerPAV pipeline completed
2026-02-01 01:38:50.359 - INFO - kmer数据库构建完成|kmer database building completed
