2026-01-12 10:08:31.270 - INFO - ============================================================
2026-01-12 10:08:31.270 - INFO - 开始Fastq到VCF (GTX) 流程|Starting Fastq to VCF (GTX) Pipeline
2026-01-12 10:08:31.270 - INFO - ============================================================
2026-01-12 10:08:31.270 - INFO - 系统预检查|System pre-flight checks
2026-01-12 10:08:31.270 - INFO - 开始更新所有组件的基因组路径...|Starting genome path update for all components...
2026-01-12 10:08:31.271 - INFO - 拷贝基因组文件到 /share/org/YZWL/yzwl_lixg/project/26.弯曲碎米芥/07.WTS基因在样品中的存在缺失/F35/01.data/genome/wts.fa|Copying genome file to /share/org/YZWL/yzwl_lixg/project/26.弯曲碎米芥/07.WTS基因在样品中的存在缺失/F35/01.data/genome/wts.fa
2026-01-12 10:08:31.271 - INFO - 强制更新基因组路径: /share/org/YZWL/yzwl_lixg/project/26.弯曲碎米芥/07.WTS基因在样品中的存在缺失/F35/wts.fa -> /share/org/YZWL/yzwl_lixg/project/26.弯曲碎米芥/07.WTS基因在样品中的存在缺失/F35/01.data/genome/wts.fa|Force updated genome path
2026-01-12 10:08:31.272 - INFO - 已更新所有组件的基因组路径为: /share/org/YZWL/yzwl_lixg/project/26.弯曲碎米芥/07.WTS基因在样品中的存在缺失/F35/01.data/genome/wts.fa|Updated all components genome path to: /share/org/YZWL/yzwl_lixg/project/26.弯曲碎米芥/07.WTS基因在样品中的存在缺失/F35/01.data/genome/wts.fa
2026-01-12 10:08:31.272 - INFO - 基因组路径更新完成|Genome path update completed
2026-01-12 10:08:31.317 - INFO - 命令存在|Command exists: samtools
2026-01-12 10:08:31.319 - INFO - 命令存在|Command exists: bcftools
2026-01-12 10:08:31.320 - INFO - 命令存在|Command exists: biopytools
2026-01-12 10:08:31.321 - INFO - 磁盘空间充足|Sufficient disk space: 1508422GB available
2026-01-12 10:08:31.321 - INFO - 系统内存充足|Sufficient system memory: 503GB total
2026-01-12 10:08:31.321 - INFO - 配置摘要|Configuration Summary:
2026-01-12 10:08:31.321 - INFO -   项目路径|Project path: /share/org/YZWL/yzwl_lixg/project/26.弯曲碎米芥/07.WTS基因在样品中的存在缺失/F35
2026-01-12 10:08:31.321 - INFO -   原始数据目录|Raw data directory: /share/org/YZWL/yzwl_lixg/project/26.弯曲碎米芥/07.WTS基因在样品中的存在缺失/F35/fastq
2026-01-12 10:08:31.321 - INFO -   参考基因组|Reference genome: /share/org/YZWL/yzwl_lixg/project/26.弯曲碎米芥/07.WTS基因在样品中的存在缺失/F35/01.data/genome/wts.fa
2026-01-12 10:08:31.321 - INFO -   线程配置|Thread config: Mapping=64, Filtering=64
2026-01-12 10:08:31.321 - INFO -   断点续传|Checkpoint: True
2026-01-12 10:08:31.321 - INFO -   测试模式|Dry run: False
2026-01-12 10:08:31.321 - INFO - 预检查通过|Pre-flight checks passed
2026-01-12 10:08:31.321 - INFO - 执行步骤1|Executing step 1: 质量控制|Quality Control
2026-01-12 10:08:31.321 - INFO - 执行步骤2|Executing step 2: 构建基因组索引|Build Genome Index
2026-01-12 10:08:31.321 - INFO - 准备执行索引构建步骤|Preparing to execute index building step
2026-01-12 10:08:31.321 - INFO - 当前配置中的基因组路径: /share/org/YZWL/yzwl_lixg/project/26.弯曲碎米芥/07.WTS基因在样品中的存在缺失/F35/01.data/genome/wts.fa|Current genome path in config
2026-01-12 10:08:31.321 - INFO - GTX映射器中的基因组路径: /share/org/YZWL/yzwl_lixg/project/26.弯曲碎米芥/07.WTS基因在样品中的存在缺失/F35/01.data/genome/wts.fa|Genome path in GTX mapper
2026-01-12 10:08:31.321 - INFO - 执行步骤3|Executing step 3: 序列比对|Sequence Mapping
2026-01-12 10:08:31.321 - INFO - 执行步骤4|Executing step 4: 联合变异检测|Joint Variant Calling
2026-01-12 10:08:31.321 - INFO - 执行步骤5|Executing step 5: 变异过滤|Variant Filtering
2026-01-12 10:08:31.321 - INFO - 执行步骤1|Executing step 1: 质量控制|Quality Control
2026-01-12 10:08:31.326 - INFO - ============================================================
2026-01-12 10:08:31.326 - INFO - Step 1: 质量控制|Quality Control
2026-01-12 10:08:31.326 - INFO - ============================================================
2026-01-12 10:08:31.326 - INFO - 调试信息: skip_qc = True
2026-01-12 10:08:31.326 - INFO - 调试信息: read1_pattern_fastp = _1.fq.gz
2026-01-12 10:08:31.326 - INFO - 调试信息: read2_pattern_fastp = _2.fq.gz
2026-01-12 10:08:31.326 - INFO - 调试信息: raw_fastq_dir = /share/org/YZWL/yzwl_lixg/project/26.弯曲碎米芥/07.WTS基因在样品中的存在缺失/F35/fastq
2026-01-12 10:08:31.326 - INFO - 用户指定跳过质控步骤|User specified to skip QC step
2026-01-12 10:08:31.326 - INFO - ============================================================
2026-01-12 10:08:31.326 - INFO - 强制构建GTX索引|Force Build GTX Index
2026-01-12 10:08:31.326 - INFO - ============================================================
2026-01-12 10:08:31.327 - INFO - 使用项目目录中的基因组文件: /share/org/YZWL/yzwl_lixg/project/26.弯曲碎米芥/07.WTS基因在样品中的存在缺失/F35/01.data/genome/wts.fa
2026-01-12 10:08:31.327 - INFO - 强制执行GTX索引构建|Force executing GTX index build
2026-01-12 10:08:31.327 - INFO - 命令: faketime '2020-10-20 00:00:00' /share/org/YZWL/yzwl_lixg/software/gtx/bin/gtx index /share/org/YZWL/yzwl_lixg/project/26.弯曲碎米芥/07.WTS基因在样品中的存在缺失/F35/01.data/genome/wts.fa --tmp-dir /share/org/YZWL/yzwl_lixg/project/26.弯曲碎米芥/07.WTS基因在样品中的存在缺失/F35/.tmp
2026-01-12 10:08:31.327 - INFO - 基因组文件: /share/org/YZWL/yzwl_lixg/project/26.弯曲碎米芥/07.WTS基因在样品中的存在缺失/F35/01.data/genome/wts.fa
2026-01-12 10:08:31.327 - INFO - 临时目录: /share/org/YZWL/yzwl_lixg/project/26.弯曲碎米芥/07.WTS基因在样品中的存在缺失/F35/.tmp
2026-01-12 10:08:31.327 - INFO - 强制构建GTX索引|Force build GTX index
2026-01-12 10:08:31.328 - INFO - 执行命令|Running command: faketime '2020-10-20 00:00:00' /share/org/YZWL/yzwl_lixg/software/gtx/bin/gtx index /share/org/YZWL/yzwl_lixg/project/26.弯曲碎米芥/07.WTS基因在样品中的存在缺失/F35/01.data/genome/wts.fa --tmp-dir /share/org/YZWL/yzwl_lixg/project/26.弯曲碎米芥/07.WTS基因在样品中的存在缺失/F35/.tmp
2026-01-12 10:08:31.719 - INFO - 标准输出|Stdout: [2020-10-20 00:00:00.683] [index] [info] Current sys info: /share/org/YZWL/yzwl_lixg/project/26.弯曲碎米芥/07.WTS基因在样品中的存在缺失/F35/.tmp available: 1508422GB, memory available: 461GB, ulimit of open files: 100000
[2020-10-20 00:00:00.684] [index] [info] Job: index, pid: 1944624
[2020-10-20 00:00:00.685] [index] [info] Indexing...
[2020-10-20 00:00:00.686] [index] [info] build optimized BWA2 FM-index
[2020-10-20 00:00:00.716] [index] [info] Read 0 ALT contigs.
[2020-10-20 00:00:00.716] [index] [info] build optimized BWA2 FM-index successed.
[2020-10-20 00:00:00.718] [index] [info] index exited normally.

2026-01-12 10:08:31.719 - INFO - 标准错误|Stderr: indexing finished in 0.01849 CPU sec, 0.0314159 real sec.

2026-01-12 10:08:31.719 - INFO - 命令执行成功|Command executed successfully
2026-01-12 10:08:31.720 - INFO - GTX索引构建成功|GTX index building successful
2026-01-12 10:08:31.720 - INFO - 验证GTX索引文件:
2026-01-12 10:08:31.720 - INFO -    /share/org/YZWL/yzwl_lixg/project/26.弯曲碎米芥/07.WTS基因在样品中的存在缺失/F35/01.data/genome/wts.fa.gtx: ✗ (0 B)
2026-01-12 10:08:31.720 - INFO -    /share/org/YZWL/yzwl_lixg/project/26.弯曲碎米芥/07.WTS基因在样品中的存在缺失/F35/01.data/genome/wts.fa.gtx.bwt: ✗ (0 B)
2026-01-12 10:08:31.720 - INFO -    /share/org/YZWL/yzwl_lixg/project/26.弯曲碎米芥/07.WTS基因在样品中的存在缺失/F35/01.data/genome/wts.fa.gtx.sa: ✗ (0 B)
2026-01-12 10:08:31.720 - INFO -    /share/org/YZWL/yzwl_lixg/project/26.弯曲碎米芥/07.WTS基因在样品中的存在缺失/F35/01.data/genome/wts.fa.gtx.ann: ✗ (0 B)
2026-01-12 10:08:31.720 - INFO -    /share/org/YZWL/yzwl_lixg/project/26.弯曲碎米芥/07.WTS基因在样品中的存在缺失/F35/01.data/genome/wts.fa.gtx.amb: ✗ (0 B)
2026-01-12 10:08:31.720 - INFO - 步骤1 完成|Step 1 completed: 质量控制|Quality Control
2026-01-12 10:08:31.720 - INFO - 执行步骤2|Executing step 2: 构建基因组索引|Build Genome Index
2026-01-12 10:08:31.720 - INFO - ============================================================
2026-01-12 10:08:31.720 - INFO - 构建基因组索引|Building Genome Index
2026-01-12 10:08:31.720 - INFO - ============================================================
2026-01-12 10:08:31.720 - INFO - GTX索引已在step1中构建，跳过|GTX index already built in step1, skipping
2026-01-12 10:08:31.720 - INFO - 步骤2 完成|Step 2 completed: 构建基因组索引|Build Genome Index
2026-01-12 10:08:31.720 - INFO - 执行步骤3|Executing step 3: 序列比对|Sequence Mapping
2026-01-12 10:08:31.720 - INFO - ============================================================
2026-01-12 10:08:31.720 - INFO - Step 3: 序列比对|Sequence Mapping
2026-01-12 10:08:31.720 - INFO - ============================================================
2026-01-12 10:08:31.720 - INFO - 刷新配置后的基因组路径: /share/org/YZWL/yzwl_lixg/project/26.弯曲碎米芥/07.WTS基因在样品中的存在缺失/F35/01.data/genome/wts.fa|Genome path after config refresh
2026-01-12 10:08:31.721 - INFO - 使用GTX WGS进行序列比对 (CPU优化，比对+变异检测一体化)|Using GTX WGS for sequence mapping (CPU optimized, alignment+variant calling integrated)
2026-01-12 10:08:31.721 - INFO - 使用 64 线程进行比对|Using 64 threads for mapping
2026-01-12 10:08:31.721 - INFO - 使用GTX WGS完整流程 (CPU优化，比对+变异检测一体化)|Using GTX WGS complete pipeline (CPU optimized, alignment+variant calling integrated)
2026-01-12 10:08:31.721 - INFO - 使用 64 线程处理|Using 64 threads
2026-01-12 10:08:31.721 - INFO - 跳过质控模式，从原始目录查找FASTQ文件|Skip QC mode, searching for FASTQ files in raw directory: /share/org/YZWL/yzwl_lixg/project/26.弯曲碎米芥/07.WTS基因在样品中的存在缺失/F35/fastq
2026-01-12 10:08:31.721 - INFO - 找到 2 个样品需要处理|Found 2 samples to process
2026-01-12 10:08:31.724 - INFO - [1/2] 处理样品: F35_1|Processing sample: F35_1
2026-01-12 10:08:31.724 - INFO - GTX使用的基因组路径: /share/org/YZWL/yzwl_lixg/project/26.弯曲碎米芥/07.WTS基因在样品中的存在缺失/F35/01.data/genome/wts.fa|Genome path used by GTX
2026-01-12 10:08:31.724 - INFO - GTX WGS处理 F35_1|GTX WGS processing F35_1
2026-01-12 10:08:31.724 - INFO - 执行命令|Running command: faketime '2020-10-20 00:00:00' /share/org/YZWL/yzwl_lixg/software/gtx/bin/gtx wgs -R "@RG\tID:F35_1\tSM:F35_1\tPL:ILLUMINA\tLB:F35_1" -o /share/org/YZWL/yzwl_lixg/project/26.弯曲碎米芥/07.WTS基因在样品中的存在缺失/F35/02.mapping/vcf/F35_1.g.vcf.gz -b /share/org/YZWL/yzwl_lixg/project/26.弯曲碎米芥/07.WTS基因在样品中的存在缺失/F35/02.mapping/bam/F35_1.sorted.bam -t 64 -g --tmp-dir /share/org/YZWL/yzwl_lixg/project/26.弯曲碎米芥/07.WTS基因在样品中的存在缺失/F35/.tmp --pcr-indel-model CONSERVATIVE --standard-min-confidence-threshold-for-calling 30 --min-base-quality-score 20 --ploidy 2 /share/org/YZWL/yzwl_lixg/project/26.弯曲碎米芥/07.WTS基因在样品中的存在缺失/F35/01.data/genome/wts.fa /share/org/YZWL/yzwl_lixg/project/26.弯曲碎米芥/07.WTS基因在样品中的存在缺失/F35/fastq/F35_1_1.clean.fq.gz /share/org/YZWL/yzwl_lixg/project/26.弯曲碎米芥/07.WTS基因在样品中的存在缺失/F35/fastq/F35_1_2.clean.fq.gz
2026-01-12 10:08:31.928 - INFO - [2020-10-20 00:00:00.928] [wgs] [info] Current sys info: /share/org/YZWL/yzwl_lixg/project/26.弯曲碎米芥/07.WTS基因在样品中的存在缺失/F35/.tmp available: 1508422GB, memory available: 461GB, ulimit of open files: 100000
2026-01-12 10:08:32.929 - INFO - [2020-10-20 00:00:00.928] [wgs] [info] Use bwa mem2 to align!
2026-01-12 10:08:33.932 - INFO - [2020-10-20 00:00:00.928] [align] [info] Job: mapping, pid: 1944628
2026-01-12 10:08:34.933 - INFO - [2020-10-20 00:00:00.929] [align] [info] Mapping...
2026-01-12 10:08:35.935 - INFO - [2020-10-20 00:00:00.972] [align] [info] Read 0 ALT contigs.
2026-01-12 10:08:36.936 - INFO - Processed 0 reads in 0.00 seconds. Average speed: 0.00M/s.
2026-01-12 10:08:37.937 - INFO - Processed 1654784 reads in 1.00 seconds. Average speed: 1.65M/s.
2026-01-12 10:08:38.938 - INFO - Processed 2555904 reads in 1.50 seconds. Average speed: 1.70M/s.
2026-01-12 10:08:39.941 - INFO - Processed 3440640 reads in 2.00 seconds. Average speed: 1.72M/s.
2026-01-12 10:08:40.942 - INFO - Processed 4358144 reads in 2.50 seconds. Average speed: 1.74M/s.
2026-01-12 10:08:41.943 - INFO - Processed 6176768 reads in 3.50 seconds. Average speed: 1.76M/s.
2026-01-12 10:08:42.944 - INFO - Processed 7061504 reads in 4.00 seconds. Average speed: 1.76M/s.
2026-01-12 10:08:43.945 - INFO - Processed 8011776 reads in 4.50 seconds. Average speed: 1.78M/s.
2026-01-12 10:08:44.946 - INFO - Processed 8896512 reads in 5.00 seconds. Average speed: 1.78M/s.
2026-01-12 10:08:45.950 - INFO - Processed 9748480 reads in 5.50 seconds. Average speed: 1.77M/s.
2026-01-12 10:08:46.951 - INFO - Processed 10616832 reads in 6.00 seconds. Average speed: 1.77M/s.
2026-01-12 10:08:47.952 - INFO - Processed 11550720 reads in 6.50 seconds. Average speed: 1.77M/s.
2026-01-12 10:08:48.953 - INFO - Processed 13320192 reads in 7.50 seconds. Average speed: 1.77M/s.
2026-01-12 10:08:49.954 - INFO - Processed 14237696 reads in 8.01 seconds. Average speed: 1.78M/s.
2026-01-12 10:08:50.957 - INFO - Processed 15122432 reads in 8.51 seconds. Average speed: 1.78M/s.
2026-01-12 10:08:51.960 - INFO - Processed 16007168 reads in 9.01 seconds. Average speed: 1.78M/s.
2026-01-12 10:08:52.962 - INFO - Processed 16908288 reads in 9.51 seconds. Average speed: 1.78M/s.
2026-01-12 10:08:53.963 - INFO - Processed 18694144 reads in 10.51 seconds. Average speed: 1.78M/s.
2026-01-12 10:08:54.965 - INFO - Processed 19595264 reads in 11.01 seconds. Average speed: 1.78M/s.
2026-01-12 10:08:55.966 - INFO - Processed 20512768 reads in 11.51 seconds. Average speed: 1.78M/s.
2026-01-12 10:08:56.967 - INFO - Processed 21381120 reads in 12.01 seconds. Average speed: 1.78M/s.
2026-01-12 10:08:57.968 - INFO - Processed 22282240 reads in 12.51 seconds. Average speed: 1.78M/s.
2026-01-12 10:08:58.969 - INFO - Processed 23183360 reads in 13.01 seconds. Average speed: 1.78M/s.
2026-01-12 10:08:59.970 - INFO - Processed 24952832 reads in 14.01 seconds. Average speed: 1.78M/s.
2026-01-12 10:09:00.971 - INFO - Processed 25853952 reads in 14.51 seconds. Average speed: 1.78M/s.
2026-01-12 10:09:01.972 - INFO - Processed 26673152 reads in 15.01 seconds. Average speed: 1.78M/s.
2026-01-12 10:09:02.975 - INFO - Processed 27607040 reads in 15.51 seconds. Average speed: 1.78M/s.
2026-01-12 10:09:03.979 - INFO - Processed 28475392 reads in 16.01 seconds. Average speed: 1.78M/s.
2026-01-12 10:09:04.982 - INFO - Processed 29376512 reads in 16.51 seconds. Average speed: 1.78M/s.
2026-01-12 10:09:05.983 - INFO - Processed 31145984 reads in 17.51 seconds. Average speed: 1.78M/s.
2026-01-12 10:09:06.984 - INFO - Processed 32030720 reads in 18.01 seconds. Average speed: 1.78M/s.
2026-01-12 10:09:07.985 - INFO - Processed 32931840 reads in 18.52 seconds. Average speed: 1.78M/s.
2026-01-12 10:09:08.986 - INFO - Processed 33832960 reads in 19.02 seconds. Average speed: 1.78M/s.
2026-01-12 10:09:09.987 - INFO - Processed 34717696 reads in 19.52 seconds. Average speed: 1.78M/s.
2026-01-12 10:09:10.988 - INFO - Processed 36470784 reads in 20.52 seconds. Average speed: 1.78M/s.
2026-01-12 10:09:11.992 - INFO - Processed 37388288 reads in 21.02 seconds. Average speed: 1.78M/s.
2026-01-12 10:09:12.993 - INFO - Processed 38256640 reads in 21.52 seconds. Average speed: 1.78M/s.
2026-01-12 10:09:13.994 - INFO - Processed 39157760 reads in 22.02 seconds. Average speed: 1.78M/s.
2026-01-12 10:09:14.995 - INFO - Processed 40026112 reads in 22.52 seconds. Average speed: 1.78M/s.
2026-01-12 10:09:15.996 - INFO - Processed 40927232 reads in 23.02 seconds. Average speed: 1.78M/s.
2026-01-12 10:09:16.997 - INFO - Processed 42696704 reads in 24.02 seconds. Average speed: 1.78M/s.
2026-01-12 10:09:17.998 - INFO - Processed 43565056 reads in 24.52 seconds. Average speed: 1.78M/s.
2026-01-12 10:09:18.999 - INFO - Processed 44498944 reads in 25.02 seconds. Average speed: 1.78M/s.
2026-01-12 10:09:20.000 - INFO - Processed 45383680 reads in 25.52 seconds. Average speed: 1.78M/s.
2026-01-12 10:09:21.001 - INFO - Processed 46268416 reads in 26.02 seconds. Average speed: 1.78M/s.
2026-01-12 10:09:22.004 - INFO - Processed 47202304 reads in 26.52 seconds. Average speed: 1.78M/s.
2026-01-12 10:09:23.011 - INFO - Processed 48971776 reads in 27.52 seconds. Average speed: 1.78M/s.
2026-01-12 10:09:24.012 - INFO - Processed 49872896 reads in 28.02 seconds. Average speed: 1.78M/s.
2026-01-12 10:09:25.015 - INFO - Processed 50757632 reads in 28.52 seconds. Average speed: 1.78M/s.
2026-01-12 10:09:26.016 - INFO - Processed 51658752 reads in 29.02 seconds. Average speed: 1.78M/s.
2026-01-12 10:09:27.017 - INFO - Processed 52543488 reads in 29.52 seconds. Average speed: 1.78M/s.
2026-01-12 10:09:28.021 - INFO - Processed 54312960 reads in 30.52 seconds. Average speed: 1.78M/s.
2026-01-12 10:09:29.022 - INFO - Processed 55181312 reads in 31.02 seconds. Average speed: 1.78M/s.
2026-01-12 10:09:30.023 - INFO - Processed 56098816 reads in 31.53 seconds. Average speed: 1.78M/s.
2026-01-12 10:09:31.025 - INFO - Processed 56918016 reads in 32.03 seconds. Average speed: 1.78M/s.
2026-01-12 10:09:32.027 - INFO - Processed 57868288 reads in 32.53 seconds. Average speed: 1.78M/s.
2026-01-12 10:09:33.028 - INFO - Processed 58769408 reads in 33.03 seconds. Average speed: 1.78M/s.
2026-01-12 10:09:34.031 - INFO - Processed 60555264 reads in 34.03 seconds. Average speed: 1.78M/s.
2026-01-12 10:09:35.032 - INFO - Processed 61423616 reads in 34.53 seconds. Average speed: 1.78M/s.
2026-01-12 10:09:36.035 - INFO - Processed 62341120 reads in 35.03 seconds. Average speed: 1.78M/s.
2026-01-12 10:09:37.036 - INFO - Processed 63225856 reads in 35.53 seconds. Average speed: 1.78M/s.
2026-01-12 10:09:38.039 - INFO - Processed 64110592 reads in 36.03 seconds. Average speed: 1.78M/s.
2026-01-12 10:09:39.040 - INFO - Processed 65011712 reads in 36.54 seconds. Average speed: 1.78M/s.
2026-01-12 10:09:40.041 - INFO - Processed 66797568 reads in 37.54 seconds. Average speed: 1.78M/s.
2026-01-12 10:09:41.042 - INFO - Processed 67698688 reads in 38.05 seconds. Average speed: 1.78M/s.
2026-01-12 10:09:42.046 - INFO - Processed 68583424 reads in 38.55 seconds. Average speed: 1.78M/s.
2026-01-12 10:09:43.047 - INFO - Processed 69451776 reads in 39.05 seconds. Average speed: 1.78M/s.
2026-01-12 10:09:44.048 - INFO - Processed 70287360 reads in 39.55 seconds. Average speed: 1.78M/s.
2026-01-12 10:09:45.049 - INFO - Processed 72040448 reads in 40.55 seconds. Average speed: 1.78M/s.
2026-01-12 10:09:46.050 - INFO - Processed 72941568 reads in 41.05 seconds. Average speed: 1.78M/s.
2026-01-12 10:09:47.051 - INFO - Processed 73793536 reads in 41.55 seconds. Average speed: 1.77M/s.
2026-01-12 10:09:48.052 - INFO - Processed 74694656 reads in 42.05 seconds. Average speed: 1.78M/s.
2026-01-12 10:09:49.053 - INFO - Processed 75563008 reads in 42.55 seconds. Average speed: 1.77M/s.
2026-01-12 10:09:50.054 - INFO - Processed 77348864 reads in 43.56 seconds. Average speed: 1.77M/s.
2026-01-12 10:09:51.055 - INFO - Processed 78233600 reads in 44.06 seconds. Average speed: 1.77M/s.
2026-01-12 10:09:52.057 - INFO - Processed 79118336 reads in 44.56 seconds. Average speed: 1.77M/s.
2026-01-12 10:09:53.058 - INFO - Processed 80003072 reads in 45.07 seconds. Average speed: 1.77M/s.
2026-01-12 10:09:54.059 - INFO - Processed 80871424 reads in 45.57 seconds. Average speed: 1.77M/s.
2026-01-12 10:09:55.060 - INFO - Processed 82690048 reads in 46.57 seconds. Average speed: 1.77M/s.
2026-01-12 10:09:56.061 - INFO - Processed 83542016 reads in 47.07 seconds. Average speed: 1.77M/s.
2026-01-12 10:09:57.062 - INFO - Processed 84443136 reads in 47.57 seconds. Average speed: 1.77M/s.
2026-01-12 10:09:58.063 - INFO - Processed 85327872 reads in 48.08 seconds. Average speed: 1.77M/s.
2026-01-12 10:09:59.064 - INFO - Processed 86261760 reads in 48.59 seconds. Average speed: 1.77M/s.
2026-01-12 10:10:00.065 - INFO - Processed 87162880 reads in 49.09 seconds. Average speed: 1.77M/s.
2026-01-12 10:10:01.066 - INFO - Processed 88932352 reads in 50.09 seconds. Average speed: 1.77M/s.
2026-01-12 10:10:02.067 - INFO - Processed 89817088 reads in 50.59 seconds. Average speed: 1.77M/s.
2026-01-12 10:10:03.068 - INFO - Processed 90652672 reads in 51.09 seconds. Average speed: 1.77M/s.
2026-01-12 10:10:04.069 - INFO - Processed 91570176 reads in 51.59 seconds. Average speed: 1.77M/s.
2026-01-12 10:10:05.070 - INFO - Processed 92471296 reads in 52.09 seconds. Average speed: 1.77M/s.
2026-01-12 10:10:06.071 - INFO - Processed 93372416 reads in 52.59 seconds. Average speed: 1.77M/s.
2026-01-12 10:10:07.072 - INFO - Processed 95141888 reads in 53.59 seconds. Average speed: 1.77M/s.
2026-01-12 10:10:08.073 - INFO - Processed 96059392 reads in 54.09 seconds. Average speed: 1.77M/s.
2026-01-12 10:10:09.074 - INFO - Processed 96911360 reads in 54.59 seconds. Average speed: 1.77M/s.
2026-01-12 10:10:10.075 - INFO - Processed 97828864 reads in 55.09 seconds. Average speed: 1.77M/s.
2026-01-12 10:10:11.077 - INFO - Processed 98729984 reads in 55.59 seconds. Average speed: 1.78M/s.
2026-01-12 10:10:12.078 - INFO - Processed 99614720 reads in 56.09 seconds. Average speed: 1.77M/s.
2026-01-12 10:10:13.079 - INFO - Processed 101400576 reads in 57.09 seconds. Average speed: 1.77M/s.
2026-01-12 10:10:14.080 - INFO - Processed 102318080 reads in 57.59 seconds. Average speed: 1.78M/s.
2026-01-12 10:10:15.081 - INFO - Processed 103202816 reads in 58.09 seconds. Average speed: 1.78M/s.
2026-01-12 10:10:16.082 - INFO - Processed 104120320 reads in 58.60 seconds. Average speed: 1.78M/s.
2026-01-12 10:10:17.083 - INFO - Processed 104988672 reads in 59.10 seconds. Average speed: 1.78M/s.
2026-01-12 10:10:18.084 - INFO - Processed 105938944 reads in 59.60 seconds. Average speed: 1.78M/s.
2026-01-12 10:10:19.085 - INFO - Processed 107724800 reads in 60.60 seconds. Average speed: 1.78M/s.
2026-01-12 10:10:20.086 - INFO - Processed 108658688 reads in 61.10 seconds. Average speed: 1.78M/s.
2026-01-12 10:10:21.087 - INFO - Processed 109559808 reads in 61.60 seconds. Average speed: 1.78M/s.
2026-01-12 10:10:22.088 - INFO - Processed 110444544 reads in 62.10 seconds. Average speed: 1.78M/s.
2026-01-12 10:10:23.089 - INFO - Processed 111345664 reads in 62.60 seconds. Average speed: 1.78M/s.
2026-01-12 10:10:24.090 - INFO - Processed 112263168 reads in 63.10 seconds. Average speed: 1.78M/s.
2026-01-12 10:10:25.091 - INFO - Processed 114081792 reads in 64.10 seconds. Average speed: 1.78M/s.
2026-01-12 10:10:26.092 - INFO - Processed 114982912 reads in 64.60 seconds. Average speed: 1.78M/s.
2026-01-12 10:10:27.093 - INFO - Processed 115867648 reads in 65.10 seconds. Average speed: 1.78M/s.
2026-01-12 10:10:28.094 - INFO - Processed 116768768 reads in 65.60 seconds. Average speed: 1.78M/s.
2026-01-12 10:10:29.095 - INFO - Processed 117653504 reads in 66.10 seconds. Average speed: 1.78M/s.
2026-01-12 10:10:30.096 - INFO - Processed 118571008 reads in 66.60 seconds. Average speed: 1.78M/s.
2026-01-12 10:10:31.097 - INFO - Processed 120356864 reads in 67.61 seconds. Average speed: 1.78M/s.
2026-01-12 10:10:32.098 - INFO - Processed 121241600 reads in 68.11 seconds. Average speed: 1.78M/s.
2026-01-12 10:10:33.099 - INFO - Processed 122159104 reads in 68.61 seconds. Average speed: 1.78M/s.
2026-01-12 10:10:34.100 - INFO - Processed 123060224 reads in 69.11 seconds. Average speed: 1.78M/s.
2026-01-12 10:10:35.101 - INFO - Processed 123944960 reads in 69.61 seconds. Average speed: 1.78M/s.
2026-01-12 10:10:36.102 - INFO - Processed 124813312 reads in 70.11 seconds. Average speed: 1.78M/s.
2026-01-12 10:10:37.103 - INFO - Processed 126648320 reads in 71.11 seconds. Average speed: 1.78M/s.
2026-01-12 10:10:38.104 - INFO - Processed 127422178 reads in 71.61 seconds. Average speed: 1.78M/s.
2026-01-12 10:12:27.943 - INFO - mapping finished in 3088.30 CPU sec, 236.01 real sec.
2026-01-12 10:12:28.945 - INFO - [2020-10-20 00:03:56.960] [align] [info] mapping exited normally.
2026-01-12 10:12:29.946 - INFO - [2020-10-20 00:03:56.960] [save_bam] [info] Job: bam writing, pid: 1946576
2026-01-12 10:12:30.947 - INFO - [2020-10-20 00:03:56.960] [save_bam] [info] BAM writting...
2026-01-12 10:12:31.948 - INFO - [2020-10-20 00:03:56.960] [save_bam] [info] Sorting and marking duplicates...
2026-01-12 10:14:18.259 - INFO - bam writing finished in 672.557 CPU sec, 110.299 real sec.
2026-01-12 10:14:19.261 - INFO - [2020-10-20 00:05:47.262] [save_bam] [info] bam writing exited normally.
[2020-10-20 00:05:47.263] [haplotype_caller] [info] Job: variants calling, pid: 1947449
[2020-10-20 00:05:47.263] [haplotype_caller] [info] Variants calling...
[                                ] 0%
[#########                       ] 30%
[#########                       ] 30%
[################################] 100%
[################################] 100%
variants calling finished in 0.26197 CPU sec, 0.233472 real sec.
[2020-10-20 00:05:47.498] [haplotype_caller] [info] variants calling exited normally.
2026-01-12 10:14:19.261 - INFO - 命令执行成功|Command executed successfully
2026-01-12 10:14:19.261 - INFO -   样品 F35_1 完成|Sample F35_1 completed
2026-01-12 10:14:19.261 - INFO -     VCF: 5.7 KB|VCF: 5.7 KB
2026-01-12 10:14:19.261 - INFO -     BAM: 14.0 GB|BAM: 14.0 GB
2026-01-12 10:14:19.296 - INFO - [2/2] 处理样品: F35_2|Processing sample: F35_2
2026-01-12 10:14:19.296 - INFO - GTX使用的基因组路径: /share/org/YZWL/yzwl_lixg/project/26.弯曲碎米芥/07.WTS基因在样品中的存在缺失/F35/01.data/genome/wts.fa|Genome path used by GTX
2026-01-12 10:14:19.296 - INFO - GTX WGS处理 F35_2|GTX WGS processing F35_2
2026-01-12 10:14:19.297 - INFO - 执行命令|Running command: faketime '2020-10-20 00:00:00' /share/org/YZWL/yzwl_lixg/software/gtx/bin/gtx wgs -R "@RG\tID:F35_2\tSM:F35_2\tPL:ILLUMINA\tLB:F35_2" -o /share/org/YZWL/yzwl_lixg/project/26.弯曲碎米芥/07.WTS基因在样品中的存在缺失/F35/02.mapping/vcf/F35_2.g.vcf.gz -b /share/org/YZWL/yzwl_lixg/project/26.弯曲碎米芥/07.WTS基因在样品中的存在缺失/F35/02.mapping/bam/F35_2.sorted.bam -t 64 -g --tmp-dir /share/org/YZWL/yzwl_lixg/project/26.弯曲碎米芥/07.WTS基因在样品中的存在缺失/F35/.tmp --pcr-indel-model CONSERVATIVE --standard-min-confidence-threshold-for-calling 30 --min-base-quality-score 20 --ploidy 2 /share/org/YZWL/yzwl_lixg/project/26.弯曲碎米芥/07.WTS基因在样品中的存在缺失/F35/01.data/genome/wts.fa /share/org/YZWL/yzwl_lixg/project/26.弯曲碎米芥/07.WTS基因在样品中的存在缺失/F35/fastq/F35_2_1.clean.fq.gz /share/org/YZWL/yzwl_lixg/project/26.弯曲碎米芥/07.WTS基因在样品中的存在缺失/F35/fastq/F35_2_2.clean.fq.gz
2026-01-12 10:14:19.503 - INFO - [2020-10-20 00:00:00.503] [wgs] [info] Current sys info: /share/org/YZWL/yzwl_lixg/project/26.弯曲碎米芥/07.WTS基因在样品中的存在缺失/F35/.tmp available: 1509400GB, memory available: 461GB, ulimit of open files: 100000
2026-01-12 10:14:20.504 - INFO - [2020-10-20 00:00:00.503] [wgs] [info] Use bwa mem2 to align!
2026-01-12 10:14:21.505 - INFO - [2020-10-20 00:00:00.503] [align] [info] Job: mapping, pid: 1947563
2026-01-12 10:14:22.506 - INFO - [2020-10-20 00:00:00.503] [align] [info] Mapping...
2026-01-12 10:14:23.507 - INFO - [2020-10-20 00:00:00.627] [align] [info] Read 0 ALT contigs.
2026-01-12 10:14:24.508 - INFO - Processed 0 reads in 0.00 seconds. Average speed: 0.00M/s.
2026-01-12 10:14:25.509 - INFO - Processed 1540096 reads in 1.00 seconds. Average speed: 1.54M/s.
2026-01-12 10:14:26.510 - INFO - Processed 2473984 reads in 1.50 seconds. Average speed: 1.65M/s.
2026-01-12 10:14:27.513 - INFO - Processed 3342336 reads in 2.00 seconds. Average speed: 1.67M/s.
2026-01-12 10:14:28.514 - INFO - Processed 4243456 reads in 2.50 seconds. Average speed: 1.70M/s.
2026-01-12 10:14:29.515 - INFO - Processed 5963776 reads in 3.50 seconds. Average speed: 1.70M/s.
2026-01-12 10:14:30.516 - INFO - Processed 6848512 reads in 4.00 seconds. Average speed: 1.71M/s.
2026-01-12 10:14:31.517 - INFO - Processed 7733248 reads in 4.50 seconds. Average speed: 1.72M/s.
2026-01-12 10:14:32.518 - INFO - Processed 8617984 reads in 5.00 seconds. Average speed: 1.72M/s.
2026-01-12 10:14:33.519 - INFO - Processed 9519104 reads in 5.50 seconds. Average speed: 1.73M/s.
2026-01-12 10:14:34.520 - INFO - Processed 11321344 reads in 6.51 seconds. Average speed: 1.74M/s.
2026-01-12 10:14:35.521 - INFO - Processed 12222464 reads in 7.01 seconds. Average speed: 1.74M/s.
2026-01-12 10:14:36.522 - INFO - Processed 13107200 reads in 7.51 seconds. Average speed: 1.75M/s.
2026-01-12 10:14:37.524 - INFO - Processed 14024704 reads in 8.01 seconds. Average speed: 1.75M/s.
2026-01-12 10:14:38.525 - INFO - Processed 14909440 reads in 8.51 seconds. Average speed: 1.75M/s.
2026-01-12 10:14:39.526 - INFO - Processed 15794176 reads in 9.01 seconds. Average speed: 1.75M/s.
2026-01-12 10:14:40.529 - INFO - Processed 17530880 reads in 10.01 seconds. Average speed: 1.75M/s.
2026-01-12 10:14:41.531 - INFO - Processed 18432000 reads in 10.51 seconds. Average speed: 1.75M/s.
2026-01-12 10:14:42.532 - INFO - Processed 19333120 reads in 11.01 seconds. Average speed: 1.76M/s.
2026-01-12 10:14:43.533 - INFO - Processed 20201472 reads in 11.51 seconds. Average speed: 1.75M/s.
2026-01-12 10:14:44.534 - INFO - Processed 21069824 reads in 12.01 seconds. Average speed: 1.75M/s.
2026-01-12 10:14:45.535 - INFO - Processed 22839296 reads in 13.01 seconds. Average speed: 1.75M/s.
2026-01-12 10:14:46.536 - INFO - Processed 23674880 reads in 13.51 seconds. Average speed: 1.75M/s.
2026-01-12 10:14:47.537 - INFO - Processed 24559616 reads in 14.01 seconds. Average speed: 1.75M/s.
2026-01-12 10:14:48.538 - INFO - Processed 25460736 reads in 14.51 seconds. Average speed: 1.75M/s.
2026-01-12 10:14:49.540 - INFO - Processed 26345472 reads in 15.01 seconds. Average speed: 1.75M/s.
2026-01-12 10:14:50.541 - INFO - Processed 28131328 reads in 16.02 seconds. Average speed: 1.76M/s.
2026-01-12 10:14:51.542 - INFO - Processed 28983296 reads in 16.52 seconds. Average speed: 1.75M/s.
2026-01-12 10:14:52.544 - INFO - Processed 29884416 reads in 17.02 seconds. Average speed: 1.76M/s.
2026-01-12 10:14:53.545 - INFO - Processed 30752768 reads in 17.52 seconds. Average speed: 1.75M/s.
2026-01-12 10:14:54.546 - INFO - Processed 31637504 reads in 18.02 seconds. Average speed: 1.75M/s.
2026-01-12 10:14:55.547 - INFO - Processed 32505856 reads in 18.52 seconds. Average speed: 1.75M/s.
2026-01-12 10:14:56.548 - INFO - Processed 34291712 reads in 19.52 seconds. Average speed: 1.76M/s.
2026-01-12 10:14:57.549 - INFO - Processed 35192832 reads in 20.02 seconds. Average speed: 1.76M/s.
2026-01-12 10:14:58.550 - INFO - Processed 36077568 reads in 20.52 seconds. Average speed: 1.76M/s.
2026-01-12 10:14:59.551 - INFO - Processed 36978688 reads in 21.02 seconds. Average speed: 1.76M/s.
2026-01-12 10:15:00.553 - INFO - Processed 37847040 reads in 21.52 seconds. Average speed: 1.76M/s.
2026-01-12 10:15:01.553 - INFO - Processed 39616512 reads in 22.52 seconds. Average speed: 1.76M/s.
2026-01-12 10:15:02.554 - INFO - Processed 40517632 reads in 23.02 seconds. Average speed: 1.76M/s.
2026-01-12 10:15:03.555 - INFO - Processed 41402368 reads in 23.52 seconds. Average speed: 1.76M/s.
2026-01-12 10:15:04.556 - INFO - Processed 42270720 reads in 24.02 seconds. Average speed: 1.76M/s.
2026-01-12 10:15:05.557 - INFO - Processed 43139072 reads in 24.52 seconds. Average speed: 1.76M/s.
2026-01-12 10:15:06.558 - INFO - Processed 44040192 reads in 25.02 seconds. Average speed: 1.76M/s.
2026-01-12 10:15:07.560 - INFO - Processed 45793280 reads in 26.02 seconds. Average speed: 1.76M/s.
2026-01-12 10:15:08.561 - INFO - Processed 46678016 reads in 26.52 seconds. Average speed: 1.76M/s.
2026-01-12 10:15:09.566 - INFO - Processed 47546368 reads in 27.02 seconds. Average speed: 1.76M/s.
2026-01-12 10:15:10.569 - INFO - Processed 48365568 reads in 27.52 seconds. Average speed: 1.76M/s.
2026-01-12 10:15:11.570 - INFO - Processed 49315840 reads in 28.02 seconds. Average speed: 1.76M/s.
2026-01-12 10:15:12.572 - INFO - Processed 51052544 reads in 29.02 seconds. Average speed: 1.76M/s.
2026-01-12 10:15:13.573 - INFO - Processed 51970048 reads in 29.52 seconds. Average speed: 1.76M/s.
2026-01-12 10:15:14.574 - INFO - Processed 52854784 reads in 30.02 seconds. Average speed: 1.76M/s.
2026-01-12 10:15:15.578 - INFO - Processed 53723136 reads in 30.52 seconds. Average speed: 1.76M/s.
2026-01-12 10:15:16.579 - INFO - Processed 54607872 reads in 31.02 seconds. Average speed: 1.76M/s.
2026-01-12 10:15:17.580 - INFO - Processed 56410112 reads in 32.03 seconds. Average speed: 1.76M/s.
2026-01-12 10:15:18.581 - INFO - Processed 57294848 reads in 32.53 seconds. Average speed: 1.76M/s.
2026-01-12 10:15:19.583 - INFO - Processed 58179584 reads in 33.03 seconds. Average speed: 1.76M/s.
2026-01-12 10:15:20.584 - INFO - Processed 59080704 reads in 33.53 seconds. Average speed: 1.76M/s.
2026-01-12 10:15:21.585 - INFO - Processed 59949056 reads in 34.03 seconds. Average speed: 1.76M/s.
2026-01-12 10:15:22.586 - INFO - Processed 60833792 reads in 34.53 seconds. Average speed: 1.76M/s.
2026-01-12 10:15:23.587 - INFO - Processed 62603264 reads in 35.53 seconds. Average speed: 1.76M/s.
2026-01-12 10:15:24.588 - INFO - Processed 63471616 reads in 36.03 seconds. Average speed: 1.76M/s.
2026-01-12 10:15:25.589 - INFO - Processed 64405504 reads in 36.53 seconds. Average speed: 1.76M/s.
2026-01-12 10:15:26.590 - INFO - Processed 65257472 reads in 37.03 seconds. Average speed: 1.76M/s.
2026-01-12 10:15:27.591 - INFO - Processed 66207744 reads in 37.53 seconds. Average speed: 1.76M/s.
2026-01-12 10:15:28.592 - INFO - Processed 67977216 reads in 38.53 seconds. Average speed: 1.76M/s.
2026-01-12 10:15:29.594 - INFO - Processed 68861952 reads in 39.03 seconds. Average speed: 1.76M/s.
2026-01-12 10:15:30.595 - INFO - Processed 69763072 reads in 39.53 seconds. Average speed: 1.76M/s.
2026-01-12 10:15:31.596 - INFO - Processed 70631424 reads in 40.03 seconds. Average speed: 1.76M/s.
2026-01-12 10:15:32.597 - INFO - Processed 71532544 reads in 40.53 seconds. Average speed: 1.76M/s.
2026-01-12 10:15:33.598 - INFO - Processed 72384512 reads in 41.03 seconds. Average speed: 1.76M/s.
2026-01-12 10:15:34.599 - INFO - Processed 74170368 reads in 42.03 seconds. Average speed: 1.76M/s.
2026-01-12 10:15:35.600 - INFO - Processed 75087872 reads in 42.53 seconds. Average speed: 1.76M/s.
2026-01-12 10:15:36.601 - INFO - Processed 75956224 reads in 43.03 seconds. Average speed: 1.76M/s.
2026-01-12 10:15:37.602 - INFO - Processed 76873728 reads in 43.54 seconds. Average speed: 1.76M/s.
2026-01-12 10:15:38.603 - INFO - Processed 77774848 reads in 44.04 seconds. Average speed: 1.76M/s.
2026-01-12 10:15:39.604 - INFO - Processed 78675968 reads in 44.54 seconds. Average speed: 1.77M/s.
2026-01-12 10:15:40.605 - INFO - Processed 80478208 reads in 45.54 seconds. Average speed: 1.77M/s.
2026-01-12 10:15:41.606 - INFO - Processed 81346560 reads in 46.04 seconds. Average speed: 1.77M/s.
2026-01-12 10:15:42.607 - INFO - Processed 82247680 reads in 46.54 seconds. Average speed: 1.77M/s.
2026-01-12 10:15:43.608 - INFO - Processed 83132416 reads in 47.04 seconds. Average speed: 1.77M/s.
2026-01-12 10:15:44.609 - INFO - Processed 84017152 reads in 47.55 seconds. Average speed: 1.77M/s.
2026-01-12 10:15:45.610 - INFO - Processed 85803008 reads in 48.55 seconds. Average speed: 1.77M/s.
2026-01-12 10:15:46.612 - INFO - Processed 86687744 reads in 49.05 seconds. Average speed: 1.77M/s.
2026-01-12 10:15:47.613 - INFO - Processed 87588864 reads in 49.55 seconds. Average speed: 1.77M/s.
2026-01-12 10:15:48.614 - INFO - Processed 88489984 reads in 50.05 seconds. Average speed: 1.77M/s.
2026-01-12 10:15:49.615 - INFO - Processed 89374720 reads in 50.55 seconds. Average speed: 1.77M/s.
2026-01-12 10:15:50.616 - INFO - Processed 90259456 reads in 51.05 seconds. Average speed: 1.77M/s.
2026-01-12 10:15:51.617 - INFO - Processed 92028928 reads in 52.05 seconds. Average speed: 1.77M/s.
2026-01-12 10:15:52.618 - INFO - Processed 92930048 reads in 52.55 seconds. Average speed: 1.77M/s.
2026-01-12 10:15:53.619 - INFO - Processed 93798400 reads in 53.06 seconds. Average speed: 1.77M/s.
2026-01-12 10:15:54.620 - INFO - Processed 94715904 reads in 53.56 seconds. Average speed: 1.77M/s.
2026-01-12 10:15:55.621 - INFO - Processed 95600640 reads in 54.06 seconds. Average speed: 1.77M/s.
2026-01-12 10:15:56.622 - INFO - Processed 96485376 reads in 54.56 seconds. Average speed: 1.77M/s.
2026-01-12 10:15:57.623 - INFO - Processed 98254848 reads in 55.56 seconds. Average speed: 1.77M/s.
2026-01-12 10:15:58.624 - INFO - Processed 99123200 reads in 56.06 seconds. Average speed: 1.77M/s.
2026-01-12 10:15:59.625 - INFO - Processed 99991552 reads in 56.56 seconds. Average speed: 1.77M/s.
2026-01-12 10:16:00.626 - INFO - Processed 100843520 reads in 57.06 seconds. Average speed: 1.77M/s.
2026-01-12 10:16:01.627 - INFO - Processed 101744640 reads in 57.56 seconds. Average speed: 1.77M/s.
2026-01-12 10:16:02.628 - INFO - Processed 103481344 reads in 58.56 seconds. Average speed: 1.77M/s.
2026-01-12 10:16:03.629 - INFO - Processed 104398848 reads in 59.06 seconds. Average speed: 1.77M/s.
2026-01-12 10:16:04.631 - INFO - Processed 105283584 reads in 59.56 seconds. Average speed: 1.77M/s.
2026-01-12 10:16:05.632 - INFO - Processed 106201088 reads in 60.06 seconds. Average speed: 1.77M/s.
2026-01-12 10:16:06.633 - INFO - Processed 107085824 reads in 60.56 seconds. Average speed: 1.77M/s.
2026-01-12 10:16:07.634 - INFO - Processed 108838912 reads in 61.56 seconds. Average speed: 1.77M/s.
2026-01-12 10:16:08.635 - INFO - Processed 109723648 reads in 62.06 seconds. Average speed: 1.77M/s.
2026-01-12 10:16:09.636 - INFO - Processed 110624768 reads in 62.56 seconds. Average speed: 1.77M/s.
2026-01-12 10:16:10.637 - INFO - Processed 111509504 reads in 63.06 seconds. Average speed: 1.77M/s.
2026-01-12 10:16:11.638 - INFO - Processed 112377856 reads in 63.56 seconds. Average speed: 1.77M/s.
2026-01-12 10:16:12.639 - INFO - Processed 113262592 reads in 64.06 seconds. Average speed: 1.77M/s.
2026-01-12 10:16:13.640 - INFO - Processed 115032064 reads in 65.07 seconds. Average speed: 1.77M/s.
2026-01-12 10:16:14.641 - INFO - Processed 115916800 reads in 65.57 seconds. Average speed: 1.77M/s.
2026-01-12 10:16:15.642 - INFO - Processed 116801536 reads in 66.07 seconds. Average speed: 1.77M/s.
2026-01-12 10:16:16.643 - INFO - Processed 117686272 reads in 66.57 seconds. Average speed: 1.77M/s.
2026-01-12 10:16:17.644 - INFO - Processed 118345368 reads in 67.07 seconds. Average speed: 1.76M/s.
2026-01-12 10:18:00.436 - INFO - mapping finished in 2871.84 CPU sec, 220.93 real sec.
2026-01-12 10:18:01.437 - INFO - [2020-10-20 00:03:41.456] [align] [info] mapping exited normally.
2026-01-12 10:18:02.438 - INFO - [2020-10-20 00:03:41.456] [save_bam] [info] Job: bam writing, pid: 1949380
2026-01-12 10:18:03.439 - INFO - [2020-10-20 00:03:41.457] [save_bam] [info] BAM writting...
2026-01-12 10:18:04.440 - INFO - [2020-10-20 00:03:41.457] [save_bam] [info] Sorting and marking duplicates...
2026-01-12 10:19:42.613 - INFO - bam writing finished in 623.562 CPU sec, 102.156 real sec.
2026-01-12 10:19:43.614 - INFO - [2020-10-20 00:05:23.617] [save_bam] [info] bam writing exited normally.
[2020-10-20 00:05:23.618] [haplotype_caller] [info] Job: variants calling, pid: 1950206
[2020-10-20 00:05:23.618] [haplotype_caller] [info] Variants calling...
[                                ] 0%
[#########                       ] 30%
[#########                       ] 30%
[################################] 100%
[################################] 100%
variants calling finished in 0.278794 CPU sec, 0.263223 real sec.
[2020-10-20 00:05:23.883] [haplotype_caller] [info] variants calling exited normally.
2026-01-12 10:19:43.614 - INFO - 命令执行成功|Command executed successfully
2026-01-12 10:19:43.614 - INFO -   样品 F35_2 完成|Sample F35_2 completed
2026-01-12 10:19:43.614 - INFO -     VCF: 5.2 KB|VCF: 5.2 KB
2026-01-12 10:19:43.614 - INFO -     BAM: 13.0 GB|BAM: 13.0 GB
2026-01-12 10:19:43.614 - INFO - GTX WGS处理完成|GTX WGS processing completed:
2026-01-12 10:19:43.614 - INFO -   成功: 2/2|Success: 2/2
2026-01-12 10:19:43.614 - INFO -   失败: 0/2|Failed: 0/2
2026-01-12 10:19:43.615 - INFO - 比对完成: 2 个 gVCF 文件, 2 个 BAM 文件|Mapping completed: 2 gVCF files, 2 BAM files
2026-01-12 10:19:43.627 - INFO - 创建检查点|Create checkpoint: mapping
2026-01-12 10:19:43.627 - INFO - 步骤3 完成|Step 3 completed: 序列比对|Sequence Mapping
2026-01-12 10:19:43.627 - INFO - 执行步骤4|Executing step 4: 联合变异检测|Joint Variant Calling
2026-01-12 10:19:43.627 - INFO - ============================================================
2026-01-12 10:19:43.627 - INFO - Step 4: 联合变异检测|Joint Variant Calling
2026-01-12 10:19:43.627 - INFO - ============================================================
2026-01-12 10:19:43.627 - INFO - 检测到 2 个 gVCF 样本|Found 2 gVCF samples
2026-01-12 10:19:43.627 - INFO - 样本数分析策略选择|Sample count analysis for strategy selection:
2026-01-12 10:19:43.627 - INFO -   < 200 → GTX单机模式
2026-01-12 10:19:43.627 - INFO -   >= 200 → GTX集群模式
2026-01-12 10:19:43.627 - INFO - 使用 GTX 单机模式|Using GTX single machine mode
2026-01-12 10:19:43.628 - INFO - 准备处理 2 个样本|Preparing to process 2 samples
2026-01-12 10:19:43.628 - INFO - GTX联合变异检测|GTX Joint Variant Calling
2026-01-12 10:19:43.628 - INFO - 执行命令|Running command: faketime '2020-10-20 00:00:00' /share/org/YZWL/yzwl_lixg/software/gtx/bin/gtx joint -r /share/org/YZWL/yzwl_lixg/project/26.弯曲碎米芥/07.WTS基因在样品中的存在缺失/F35/01.data/genome/wts.fa -o /share/org/YZWL/yzwl_lixg/project/26.弯曲碎米芥/07.WTS基因在样品中的存在缺失/F35/03.joint_calling/gtx_joint_raw.vcf.gz -t 64 --tmp-dir /share/org/YZWL/yzwl_lixg/project/26.弯曲碎米芥/07.WTS基因在样品中的存在缺失/F35/.tmp/gtx -v /share/org/YZWL/yzwl_lixg/project/26.弯曲碎米芥/07.WTS基因在样品中的存在缺失/F35/02.mapping/vcf/F35_1.g.vcf.gz -v /share/org/YZWL/yzwl_lixg/project/26.弯曲碎米芥/07.WTS基因在样品中的存在缺失/F35/02.mapping/vcf/F35_2.g.vcf.gz
2026-01-12 10:19:43.834 - INFO - [2020-10-20 00:00:00.834] [gtx] [info] Current sys info: /share/org/YZWL/yzwl_lixg/project/26.弯曲碎米芥/07.WTS基因在样品中的存在缺失/F35/.tmp/gtx available: 1508574GB, memory available: 461GB, ulimit of open files: 100000
2026-01-12 10:19:44.835 - INFO - [2020-10-20 00:00:00.834] [gtx] [info] Job: joint, pid: 1950336
[2020-10-20 00:00:00.834] [gtx] [info] joint...
[2020-10-20 00:00:00.982] [genotype_gvcfs] [info] progress_meter -    Current Locus         Elapsed Minutes  Variants Processed    Variants/Minute
[2020-10-20 00:00:00.983] [genotype_gvcfs] [info] Vid Map JSON file will be written to /share/org/YZWL/yzwl_lixg/project/26.弯曲碎米芥/07.WTS基因在样品中的存在缺失/F35/.tmp/gtx/.gtx_joint_1603123200834236042/gendb/vidmap.json
[2020-10-20 00:00:00.983] [genotype_gvcfs] [info] Callset Map JSON file will be written to /share/org/YZWL/yzwl_lixg/project/26.弯曲碎米芥/07.WTS基因在样品中的存在缺失/F35/.tmp/gtx/.gtx_joint_1603123200834236042/gendb/callset.json
[2020-10-20 00:00:00.983] [genotype_gvcfs] [info] Complete VCF Header will be written to /share/org/YZWL/yzwl_lixg/project/26.弯曲碎米芥/07.WTS基因在样品中的存在缺失/F35/.tmp/gtx/.gtx_joint_1603123200834236042/gendb/vcfheader.vcf
[2020-10-20 00:00:00.983] [genotype_gvcfs] [info] Importing to array -  /share/org/YZWL/yzwl_lixg/project/26.弯曲碎米芥/07.WTS基因在样品中的存在缺失/F35/.tmp/gtx/.gtx_joint_1603123200834236042/gendb/genomicsdb_array
00:00:00.990 info  NativeGenomicsDB - pid=1950336 tid=1950335 No valid combination operation found for INFO field MLEAC  - the field will NOT be part of INFO fields in the generated VCF records
00:00:00.990 info  NativeGenomicsDB - pid=1950336 tid=1950335 No valid combination operation found for INFO field MLEAF  - the field will NOT be part of INFO fields in the generated VCF records
[2020-10-20 00:00:01.015] [genotype_gvcfs] [info] progress_meter -    unmapped                          0.0                     0              0.0
[2020-10-20 00:00:01.015] [genotype_gvcfs] [info] 
0.16user 0.01system 0.03elapsed 518.18%CPU (38964maxresident)k
0inputs+8outputs (0major+1549minor)pagefaults 0swaps
[2020-10-20 00:00:01.017] [gtx] [info] joint exited normally.
2026-01-12 10:19:44.835 - INFO - 命令执行成功|Command executed successfully
2026-01-12 10:19:44.835 - INFO - GTX 输出: /share/org/YZWL/yzwl_lixg/project/26.弯曲碎米芥/07.WTS基因在样品中的存在缺失/F35/03.joint_calling/gtx_joint_raw.vcf.gz|GTX output: /share/org/YZWL/yzwl_lixg/project/26.弯曲碎米芥/07.WTS基因在样品中的存在缺失/F35/03.joint_calling/gtx_joint_raw.vcf.gz
2026-01-12 10:19:44.835 - INFO - 创建检查点|Create checkpoint: joint_calling
2026-01-12 10:19:44.835 - INFO - 步骤4 完成|Step 4 completed: 联合变异检测|Joint Variant Calling
2026-01-12 10:19:44.835 - INFO - 执行步骤5|Executing step 5: 变异过滤|Variant Filtering
2026-01-12 10:19:44.835 - INFO - ============================================================
2026-01-12 10:19:44.835 - INFO - Step 5: 变异过滤|Variant Filtering
2026-01-12 10:19:44.835 - INFO - ============================================================
2026-01-12 10:19:44.835 - INFO - 输入 VCF: /share/org/YZWL/yzwl_lixg/project/26.弯曲碎米芥/07.WTS基因在样品中的存在缺失/F35/03.joint_calling/gtx_joint_raw.vcf.gz|Input VCF: /share/org/YZWL/yzwl_lixg/project/26.弯曲碎米芥/07.WTS基因在样品中的存在缺失/F35/03.joint_calling/gtx_joint_raw.vcf.gz
2026-01-12 10:19:44.835 - INFO - 过滤参数|Filtering parameters:
2026-01-12 10:19:44.835 - INFO -   SNP  - 最小深度: 5, 最小质量: 30
2026-01-12 10:19:44.835 - INFO -   InDel - 最小深度: 5, 最小质量: 30
2026-01-12 10:19:44.836 - INFO - 变异过滤|Variant Filtering
2026-01-12 10:19:44.836 - INFO - 执行命令|Running command: biopytools filter-snp-indel -i /share/org/YZWL/yzwl_lixg/project/26.弯曲碎米芥/07.WTS基因在样品中的存在缺失/F35/03.joint_calling/gtx_joint_raw.vcf.gz -o /share/org/YZWL/yzwl_lixg/project/26.弯曲碎米芥/07.WTS基因在样品中的存在缺失/F35/04.filtered_snp_indel -t 64 --snp-dp 5 --indel-dp 5
2026-01-12 10:19:45.171 - INFO - 2026-01-12 10:19:45.171 - INFO - ============================================================
2026-01-12 10:19:46.172 - INFO - 2026-01-12 10:19:45.171 - INFO - Program: VCF SNP/INDEL Filtering
2026-01-12 10:19:47.173 - INFO - 2026-01-12 10:19:45.171 - INFO - Version: 1.0.0
2026-01-12 10:19:45.171 - INFO - ============================================================
2026-01-12 10:19:45.171 - INFO - ============================================================
2026-01-12 10:19:45.171 - INFO - 开始VCF SNP/INDEL过滤流程|Starting VCF SNP/INDEL Filtering Pipeline
2026-01-12 10:19:45.171 - INFO - ============================================================
2026-01-12 10:19:45.171 - INFO - 输入VCF文件|Input VCF file: /share/org/YZWL/yzwl_lixg/project/26.弯曲碎米芥/07.WTS基因在样品中的存在缺失/F35/03.joint_calling/gtx_joint_raw.vcf.gz
2026-01-12 10:19:45.171 - INFO - 输出目录|Output directory: /share/org/YZWL/yzwl_lixg/project/26.弯曲碎米芥/07.WTS基因在样品中的存在缺失/F35/04.filtered_snp_indel
2026-01-12 10:19:45.171 - INFO - 线程数|Threads: 64
2026-01-12 10:19:45.171 - INFO - BCFtools路径|BCFtools path: bcftools
2026-01-12 10:19:45.171 - INFO - ============================================================
2026-01-12 10:19:45.171 - INFO - 检查依赖软件|Checking dependencies
2026-01-12 10:19:45.171 - INFO - 检查依赖软件|Checking dependencies
2026-01-12 10:19:45.757 - INFO - BCFtools可用|BCFtools available
2026-01-12 10:19:45.757 - INFO - ============================================================
2026-01-12 10:19:45.757 - INFO - 步骤1: 分离SNP和INDEL|Step 1: Separating SNPs and INDELs
2026-01-12 10:19:45.757 - INFO - ============================================================
2026-01-12 10:19:45.757 - INFO - 执行步骤|Executing step: 提取SNP变异|Extracting SNP variants
2026-01-12 10:19:45.757 - INFO - 命令|Command: bcftools view --types snps --threads 64 -Oz -o variation.raw.snp.vcf.gz /share/org/YZWL/yzwl_lixg/project/26.弯曲碎米芥/07.WTS基因在样品中的存在缺失/F35/03.joint_calling/gtx_joint_raw.vcf.gz
2026-01-12 10:19:45.861 - INFO - 命令执行成功|Command executed successfully: 提取SNP变异|Extracting SNP variants
2026-01-12 10:19:45.861 - INFO - 执行步骤|Executing step: 提取INDEL变异|Extracting INDEL variants
2026-01-12 10:19:45.861 - INFO - 命令|Command: bcftools view --types indels --threads 64 -Oz -o variation.raw.indel.vcf.gz /share/org/YZWL/yzwl_lixg/project/26.弯曲碎米芥/07.WTS基因在样品中的存在缺失/F35/03.joint_calling/gtx_joint_raw.vcf.gz
2026-01-12 10:19:45.932 - INFO - 命令执行成功|Command executed successfully: 提取INDEL变异|Extracting INDEL variants
2026-01-12 10:19:45.932 - INFO - 创建VCF索引|Creating VCF index
2026-01-12 10:19:45.932 - INFO - 执行步骤|Executing step: 索引文件|Indexing variation.raw.snp.vcf.gz
2026-01-12 10:19:45.932 - INFO - 命令|Command: bcftools index -f variation.raw.snp.vcf.gz
2026-01-12 10:19:45.946 - INFO - 命令执行成功|Command executed successfully: 索引文件|Indexing variation.raw.snp.vcf.gz
2026-01-12 10:19:45.946 - INFO - 执行步骤|Executing step: 索引文件|Indexing variation.raw.indel.vcf.gz
2026-01-12 10:19:45.946 - INFO - 命令|Command: bcftools index -f variation.raw.indel.vcf.gz
2026-01-12 10:19:45.959 - INFO - 命令执行成功|Command executed successfully: 索引文件|Indexing variation.raw.indel.vcf.gz
2026-01-12 10:19:45.959 - INFO - SNP和INDEL分离完成|SNP and INDEL separation completed
2026-01-12 10:19:45.959 - INFO - ============================================================
2026-01-12 10:19:45.959 - INFO - 步骤2a: 过滤SNP|Step 2a: Filtering SNPs
2026-01-12 10:19:45.960 - INFO - ============================================================
2026-01-12 10:19:45.960 - INFO - SNP过滤条件|SNP filter criteria:
2026-01-12 10:19:45.960 - INFO -    • QUAL >= 30.0
2026-01-12 10:19:45.960 - INFO -    • INFO/DP >= 5
2026-01-12 10:19:45.960 - INFO -    • MQ >= 40.0
2026-01-12 10:19:45.961 - INFO -    • QD >= 2.0
2026-01-12 10:19:45.961 - INFO -    • FS <= 60.0
2026-01-12 10:19:45.961 - INFO -    • SOR <= 3.0
2026-01-12 10:19:45.961 - INFO -    • MQRankSum >= -12.5
2026-01-12 10:19:45.961 - INFO -    • ReadPosRankSum >= -8.0
2026-01-12 10:19:45.961 - INFO -    • MAF >= 0.05
2026-01-12 10:19:45.961 - INFO - 执行步骤|Executing step: 应用SNP过滤|Applying SNP filters
2026-01-12 10:19:45.961 - INFO - 命令|Command: bcftools view -i 'QUAL >= 30.0 && INFO/DP >= 5 && MQ >= 40.0 && QD >= 2.0 && FS <= 60.0 && SOR <= 3.0 && MQRankSum >= -12.5 && ReadPosRankSum >= -8.0 && MAF >= 0.05' --threads 64 -Oz -o variation.filtered.snp.vcf.gz variation.raw.snp.vcf.gz
2026-01-12 10:19:46.006 - INFO - 命令执行成功|Command executed successfully: 应用SNP过滤|Applying SNP filters
2026-01-12 10:19:46.006 - INFO - 执行步骤|Executing step: 索引过滤后的SNP文件|Indexing filtered SNP file
2026-01-12 10:19:46.006 - INFO - 命令|Command: bcftools index -f variation.filtered.snp.vcf.gz
2026-01-12 10:19:46.051 - INFO - 命令执行成功|Command executed successfully: 索引过滤后的SNP文件|Indexing filtered SNP file
2026-01-12 10:19:46.051 - INFO - SNP过滤完成|SNP filtering completed
2026-01-12 10:19:46.051 - INFO - ============================================================
2026-01-12 10:19:46.051 - INFO - 步骤2b: 过滤INDEL|Step 2b: Filtering INDELs
2026-01-12 10:19:46.051 - INFO - ============================================================
2026-01-12 10:19:46.051 - INFO - INDEL过滤条件|INDEL filter criteria:
2026-01-12 10:19:46.051 - INFO -    • QUAL >= 30.0
2026-01-12 10:19:46.051 - INFO -    • INFO/DP >= 5
2026-01-12 10:19:46.051 - INFO -    • MQ >= 40.0
2026-01-12 10:19:46.051 - INFO -    • QD >= 2.0
2026-01-12 10:19:46.051 - INFO -    • FS <= 200.0
2026-01-12 10:19:46.051 - INFO -    • SOR <= 10.0
2026-01-12 10:19:46.051 - INFO -    • ReadPosRankSum >= -20.0
2026-01-12 10:19:46.051 - INFO - 执行步骤|Executing step: 应用INDEL过滤|Applying INDEL filters
2026-01-12 10:19:46.051 - INFO - 命令|Command: bcftools view -i 'QUAL >= 30.0 && INFO/DP >= 5 && MQ >= 40.0 && QD >= 2.0 && FS <= 200.0 && SOR <= 10.0 && ReadPosRankSum >= -20.0' --threads 64 -Oz -o variation.filtered.indel.vcf.gz variation.raw.indel.vcf.gz
2026-01-12 10:19:46.103 - INFO - 命令执行成功|Command executed successfully: 应用INDEL过滤|Applying INDEL filters
2026-01-12 10:19:46.103 - INFO - 执行步骤|Executing step: 索引过滤后的INDEL文件|Indexing filtered INDEL file
2026-01-12 10:19:46.103 - INFO - 命令|Command: bcftools index -f variation.filtered.indel.vcf.gz
2026-01-12 10:19:46.116 - INFO - 命令执行成功|Command executed successfully: 索引过滤后的INDEL文件|Indexing filtered INDEL file
2026-01-12 10:19:46.116 - INFO - INDEL过滤完成|INDEL filtering completed
2026-01-12 10:19:46.116 - INFO - ============================================================
2026-01-12 10:19:46.116 - INFO - 步骤2c: 过滤双等位位点SNP|Step 2c: Filtering biallelic SNPs
2026-01-12 10:19:46.116 - INFO - ============================================================
2026-01-12 10:19:46.116 - INFO - 双等位位点过滤条件|Biallelic filter criteria:
2026-01-12 10:19:46.116 - INFO -    • 双等位位点|Biallelic sites only (max 2 alleles)
2026-01-12 10:19:46.116 - INFO -    • MAF > 0.05
2026-01-12 10:19:46.117 - INFO - 执行步骤|Executing step: 应用双等位位点过滤|Applying biallelic filters
2026-01-12 10:19:46.117 - INFO - 命令|Command: bcftools view -m2 -M2 -v snps -i 'MAF > 0.05' --threads 64 -Oz -o variation.filtered.snp.biallelic.vcf.gz variation.filtered.snp.vcf.gz
2026-01-12 10:19:46.166 - INFO - 命令执行成功|Command executed successfully: 应用双等位位点过滤|Applying biallelic filters
2026-01-12 10:19:46.166 - INFO - 执行步骤|Executing step: 索引双等位位点SNP文件|Indexing biallelic SNP file
2026-01-12 10:19:46.166 - INFO - 命令|Command: bcftools index -f variation.filtered.snp.biallelic.vcf.gz
2026-01-12 10:19:46.179 - INFO - 命令执行成功|Command executed successfully: 索引双等位位点SNP文件|Indexing biallelic SNP file
2026-01-12 10:19:46.179 - INFO - 双等位位点SNP过滤完成|Biallelic SNP filtering completed
2026-01-12 10:19:46.179 - INFO - ============================================================
2026-01-12 10:19:46.179 - INFO - 步骤3: 合并过滤后的变异|Step 3: Merging filtered variants
2026-01-12 10:19:46.179 - INFO - ============================================================
2026-01-12 10:19:46.179 - INFO - 使用双等位位点过滤后的SNP|Using biallelic-filtered SNPs
2026-01-12 10:19:46.179 - INFO - 执行步骤|Executing step: 合并SNP和INDEL|Merging SNPs and INDELs
2026-01-12 10:19:46.179 - INFO - 命令|Command: bcftools concat -a -D --threads 64 -Oz -o variation.filtered.merged.unsorted.vcf.gz variation.filtered.snp.biallelic.vcf.gz variation.filtered.indel.vcf.gz
2026-01-12 10:19:46.289 - INFO - 命令执行成功|Command executed successfully: 合并SNP和INDEL|Merging SNPs and INDELs
2026-01-12 10:19:46.289 - INFO - 执行步骤|Executing step: 按位置排序|Sorting by position
2026-01-12 10:19:46.289 - INFO - 命令|Command: bcftools sort -Oz -o variation.filtered.merged.vcf.gz variation.filtered.merged.unsorted.vcf.gz
2026-01-12 10:19:46.306 - INFO - 命令执行成功|Command executed successfully: 按位置排序|Sorting by position
2026-01-12 10:19:46.306 - INFO - 清理临时文件|Cleaning up temporary file: /share/org/YZWL/yzwl_lixg/project/26.弯曲碎米芥/07.WTS基因在样品中的存在缺失/F35/04.filtered_snp_indel/variation.filtered.merged.unsorted.vcf.gz
2026-01-12 10:19:46.306 - INFO - 临时文件已删除|Temporary file deleted.
2026-01-12 10:19:46.306 - INFO - 执行步骤|Executing step: 索引合并文件|Indexing merged file
2026-01-12 10:19:46.306 - INFO - 命令|Command: bcftools index -f variation.filtered.merged.vcf.gz
2026-01-12 10:19:46.351 - INFO - 命令执行成功|Command executed successfully: 索引合并文件|Indexing merged file
2026-01-12 10:19:46.351 - INFO - 变异合并完成|Variant merging completed
2026-01-12 10:19:46.351 - INFO - ============================================================
2026-01-12 10:19:46.351 - INFO - 步骤4: 生成统计报告|Step 4: Generating statistics report
2026-01-12 10:19:46.351 - INFO - ============================================================
2026-01-12 10:19:46.429 - INFO - ============================================================
2026-01-12 10:19:46.429 - INFO - 过滤统计|Filtering Statistics
2026-01-12 10:19:46.429 - INFO - ============================================================
2026-01-12 10:19:46.429 - INFO - 原始SNP|Raw SNPs: 49
2026-01-12 10:19:46.429 - INFO - 过滤后SNP|Filtered SNPs: 17
2026-01-12 10:19:46.429 - INFO - 原始INDEL|Raw INDELs: 2
2026-01-12 10:19:46.429 - INFO - 过滤后INDEL|Filtered INDELs: 1
2026-01-12 10:19:46.429 - INFO - 合并后变异|Merged variants: 18
2026-01-12 10:19:46.429 - INFO - 双等位位点SNP|Biallelic SNPs: 17
2026-01-12 10:19:46.429 - INFO - SNP保留率|SNP retention rate: 34.69%
2026-01-12 10:19:46.429 - INFO - 双等位位点保留率|Biallelic retention rate: 100.00%
2026-01-12 10:19:46.429 - INFO - INDEL保留率|INDEL retention rate: 50.00%
2026-01-12 10:19:46.429 - INFO - 统计报告已保存|Statistics report saved: /share/org/YZWL/yzwl_lixg/project/26.弯曲碎米芥/07.WTS基因在样品中的存在缺失/F35/04.filtered_snp_indel/filtering_statistics.txt
2026-01-12 10:19:46.429 - INFO - ============================================================
2026-01-12 10:19:46.429 - INFO - VCF过滤流程成功完成|VCF Filtering Pipeline Completed Successfully!
2026-01-12 10:19:46.429 - INFO - ============================================================
2026-01-12 10:19:46.429 - INFO - 结果保存在|Results saved in: /share/org/YZWL/yzwl_lixg/project/26.弯曲碎米芥/07.WTS基因在样品中的存在缺失/F35/04.filtered_snp_indel
2026-01-12 10:19:46.429 - INFO - ============================================================

2026-01-12 10:19:46.429 - INFO - ============================================================
2026-01-12 10:19:46.429 - INFO - Pipeline Summary
2026-01-12 10:19:46.429 - INFO - ============================================================
2026-01-12 10:19:46.429 - INFO - Total runtime: 1.26 seconds
2026-01-12 10:19:46.429 - INFO - Output directory: /share/org/YZWL/yzwl_lixg/project/26.弯曲碎米芥/07.WTS基因在样品中的存在缺失/F35/04.filtered_snp_indel
2026-01-12 10:19:46.429 - INFO - Pipeline completed successfully
2026-01-12 10:19:47.173 - INFO - 命令执行成功|Command executed successfully
2026-01-12 10:19:47.173 - INFO - 过滤完成|Filtering completed
2026-01-12 10:19:47.188 - INFO -   variation.raw.indel.vcf.gz: 2 个变异|variants
2026-01-12 10:19:47.201 - INFO -   variation.filtered.indel.vcf.gz: 1 个变异|variants
2026-01-12 10:19:47.214 - INFO -   variation.filtered.merged.vcf.gz: 18 个变异|variants
2026-01-12 10:19:47.227 - INFO -   variation.filtered.snp.biallelic.vcf.gz: 17 个变异|variants
2026-01-12 10:19:47.240 - INFO -   variation.filtered.snp.vcf.gz: 17 个变异|variants
2026-01-12 10:19:47.253 - INFO -   variation.raw.snp.vcf.gz: 49 个变异|variants
2026-01-12 10:19:47.253 - INFO - 创建检查点|Create checkpoint: variant_filtering
2026-01-12 10:19:47.253 - INFO - 步骤5 完成|Step 5 completed: 变异过滤|Variant Filtering
2026-01-12 10:19:47.253 - INFO - 报告已生成|Report generated: /share/org/YZWL/yzwl_lixg/project/26.弯曲碎米芥/07.WTS基因在样品中的存在缺失/F35/ANALYSIS_REPORT.txt
2026-01-12 10:19:47.253 - INFO - Fastq到VCF (GTX) 流程全部完成|Fastq to VCF (GTX) pipeline completed!
