2026-02-03 15:53:03.140 - INFO - 检查JanusX依赖|Checking JanusX dependencies
2026-02-03 15:53:03.169 - INFO - JanusX路径|JanusX path: /share/org/YZWL/yzwl_lixg/software/JanusX/JanusX.bin
2026-02-03 15:53:05.663 - INFO - JanusX可执行文件检查通过|JanusX executable check passed
2026-02-03 15:53:05.663 - INFO - ============================================================
2026-02-03 15:53:05.663 - INFO - 开始JanusX GWAS分析|Starting JanusX GWAS analysis
2026-02-03 15:53:05.663 - INFO - ============================================================
2026-02-03 15:53:05.663 - INFO - 基因型文件|Genotype file: /share/org/YZWL/yzwl_lixg/project/21.野生大豆群体/05.所有样品/23.kmerGWAS_实验室流程/04.gwas/kmer.vcf
2026-02-03 15:53:05.663 - INFO - 表型文件|Phenotype file: /share/org/YZWL/yzwl_lixg/project/21.野生大豆群体/05.所有样品/23.kmerGWAS_实验室流程/04.gwas/114.第一批369个有表型的样品去冗余做GWAS-样品病害登记.txt
2026-02-03 15:53:05.664 - INFO - GWAS模型|GWAS models: farmcpu
2026-02-03 15:53:05.664 - INFO - MAF阈值|MAF threshold: 0.05
2026-02-03 15:53:05.664 - INFO - 缺失率阈值|Missing rate threshold: 0.0
2026-02-03 15:53:05.664 - INFO - 线程数|Threads: 64
2026-02-03 15:53:05.664 - INFO - 输出目录|Output directory: ./janusx_gwas_output
2026-02-03 15:53:05.664 - INFO - 构建命令|Command built: /share/org/YZWL/yzwl_lixg/software/JanusX/JanusX.bin gwas -vcf /share/org/YZWL/yzwl_lixg/project/21.野生大豆群体/05.所有样品/23.kmerGWAS_实验室流程/04.gwas/kmer.vcf -p /share/org/YZWL/yzwl_lixg/project/21.野生大豆群体/05.所有样品/23.kmerGWAS_实验室流程/04.gwas/114.第一批369个有表型的样品去冗余做GWAS-样品病害登记.txt -farmcpu -maf 0.05 -geno 0.0 -t 64 -o ./janusx_gwas_output -prefix kmer
2026-02-03 15:53:05.664 - INFO - 运行GWAS分析|Running GWAS analysis: /share/org/YZWL/yzwl_lixg/software/JanusX/JanusX.bin gwas -vcf /share/org/YZWL/yzwl_lixg/project/21.野生大豆群体/05.所有样品/23.kmerGWAS_实验室流程/04.gwas/kmer.vcf -p /share/org/YZWL/yzwl_lixg/project/21.野生大豆群体/05.所有样品/23.kmerGWAS_实验室流程/04.gwas/114.第一批369个有表型的样品去冗余做GWAS-样品病害登记.txt -farmcpu -maf 0.05 -geno 0.0 -t 64 -o ./janusx_gwas_output -prefix kmer
2026-02-03 16:23:36.920 - INFO - 输出|Output:        _                      __   __
2026-02-03 16:23:37.053 - INFO - 输出|Output:       | |                     \ \ / /
2026-02-03 16:23:37.053 - INFO - 输出|Output:       | | __ _ _ __  _   _ ___ \ V / 
2026-02-03 16:23:37.053 - INFO - 输出|Output:   _   | |/ _` | '_ \| | | / __| > <  
2026-02-03 16:23:37.053 - INFO - 输出|Output:  | |__| | (_| | | | | |_| \__ \/ . \ 
2026-02-03 16:23:37.053 - INFO - 输出|Output:   \____/ \__,_|_| |_|\__,_|___/_/ \_\ Tools for GWAS and GS
2026-02-03 16:23:37.053 - INFO - 输出|Output: JanusX - High Performance GWAS CLI (LMM/LM: streaming low-memory; FarmCPU: full-memory)
2026-02-03 16:23:37.053 - INFO - 输出|Output: Host: c02n0098
2026-02-03 16:23:37.053 - INFO - 输出|Output: ************************************************************
2026-02-03 16:23:37.053 - INFO - 输出|Output: GWAS CONFIGURATION
2026-02-03 16:23:37.053 - INFO - 输出|Output: ************************************************************
2026-02-03 16:23:37.053 - INFO - 输出|Output: Genotype file:    /share/org/YZWL/yzwl_lixg/project/21.野生大豆群体/05.所有样品/23.kmerGWAS_实验室流程/04.gwas/kmer.vcf
2026-02-03 16:23:37.053 - INFO - 输出|Output: Phenotype file:   /share/org/YZWL/yzwl_lixg/project/21.野生大豆群体/05.所有样品/23.kmerGWAS_实验室流程/04.gwas/114.第一批369个有表型的样品去冗余做GWAS-样品病害登记.txt
2026-02-03 16:23:37.053 - INFO - 输出|Output: Phenotype cols:   All
2026-02-03 16:23:37.053 - INFO - 输出|Output: Mmap limit:       False
2026-02-03 16:23:37.053 - INFO - 输出|Output: Models:           FarmCPU
2026-02-03 16:23:37.057 - INFO - 输出|Output: GRM option:       1
2026-02-03 16:23:37.057 - INFO - 输出|Output: Q option:         0
2026-02-03 16:23:37.057 - INFO - 输出|Output: Maf threshold:    0.05
2026-02-03 16:23:37.057 - INFO - 输出|Output: Miss threshold:   0.0
2026-02-03 16:23:37.057 - INFO - 输出|Output: Chunk size:       100000
2026-02-03 16:23:37.057 - INFO - 输出|Output: Threads:          64 (64 available)
2026-02-03 16:23:37.057 - INFO - 输出|Output: Output prefix:    ./janusx_gwas_output/kmer
2026-02-03 16:23:37.057 - INFO - 输出|Output: ************************************************************
2026-02-03 16:23:37.057 - INFO - 输出|Output: ============================================================
2026-02-03 16:23:37.057 - INFO - 输出|Output: Run FarmCPU (full memory)
2026-02-03 16:23:37.057 - INFO - 输出|Output: ============================================================
2026-02-03 16:23:37.057 - INFO - 输出|Output: * FarmCPU pipeline: loading genotype and phenotype
2026-02-03 16:23:37.057 - INFO - 输出|Output: Loading phenotype from /share/org/YZWL/yzwl_lixg/project/21.野生大豆群体/05.所有样品/23.kmerGWAS_实验室流程/04.gwas/114.第一批369个有表型的样品去冗余做GWAS-样品病害登记.txt...
2026-02-03 16:23:37.057 - INFO - 输出|Output: Error in JanusX GWAS pipeline: Unable to allocate 706. GiB for an array with shape (181, 4188800587) and data type int8
2026-02-03 16:23:37.057 - INFO - 输出|Output: Traceback (most recent call last):
2026-02-03 16:23:37.057 - INFO - 输出|Output:   File "/tmp/onefile_1607239_1770105185_665183/janusx/script/gwas.py", line 1052, in main
2026-02-03 16:23:37.057 - INFO - 输出|Output:   File "/tmp/onefile_1607239_1770105185_665183/janusx/script/gwas.py", line 723, in run_farmcpu_fullmem
2026-02-03 16:23:37.057 - INFO - 输出|Output:   File "/tmp/onefile_1607239_1770105185_665183/janusx/gfreader/base.py", line 88, in vcfreader
2026-02-03 16:23:37.057 - INFO - 输出|Output: numpy._core._exceptions._ArrayMemoryError: Unable to allocate 706. GiB for an array with shape (181, 4188800587) and data type int8
2026-02-03 16:23:37.057 - INFO - 输出|Output: Finished. Total wall time: 1828.9 seconds
2026-02-03 16:23:37.057 - INFO - 输出|Output: 2026-2-3 16:23:36
2026-02-03 16:23:37.057 - INFO - ============================================================
2026-02-03 16:23:37.057 - INFO - GWAS分析完成|GWAS analysis completed
2026-02-03 16:23:37.057 - INFO - ============================================================
2026-02-03 16:23:37.057 - INFO - 输出文件|Output files:
2026-02-03 16:23:37.058 - INFO -   kmer.gwas.log (0.00 MB)
2026-02-03 16:23:37.059 - INFO -   kmer.vcf.gwas.log (0.00 MB)
