2026-01-25 15:45:05.023 - INFO - 开始丰度矩阵构建模式|Starting abundance matrix building mode
2026-01-25 15:45:05.023 - INFO - 使用自定义输入目录|Using custom input directory: database/kmc_databases
2026-01-25 15:45:05.024 - INFO - 从count metadata读取k-mer大小|Read k-mer size from count metadata: 21 → 51
2026-01-25 15:45:05.024 - INFO - 未指定样本名称，自动扫描数据库|No sample names specified, auto-scanning databases
2026-01-25 15:45:05.024 - INFO - 扫描已存在的KMC数据库|Scanning existing KMC databases
2026-01-25 15:45:05.043 - INFO - 找到 181 个KMC数据库|Found 181 KMC databases
2026-01-25 15:45:05.043 - INFO - 开始构建丰度矩阵|Starting to build abundance matrix: 181 样本|samples
2026-01-25 15:45:05.043 - INFO - 检测到已存在的k-mer文件，跳过union步骤|Found existing k-mer file, skipping union: /share/org/YZWL/yzwl_lixg/project/21.野生大豆群体/05.所有样品/23.kmerGWAS_KMC流程/database/global_kmers_with_id.txt
2026-01-25 15:45:05.043 - INFO - 从元数据加载 9,022,641,810 个k-mer|Loaded 9,022,641,810 k-mers from metadata
2026-01-25 15:45:05.043 - INFO - 初始化矩阵文件|Initializing matrix file
2026-01-25 15:45:05.049 - INFO - 矩阵文件初始化完成|Matrix file initialized
2026-01-25 15:45:05.049 - INFO - k-mer文件大小|K-mer file size: 550.42GB
2026-01-25 15:45:05.049 - INFO - 加载或构建索引|Loading or building index
2026-01-25 15:45:05.049 - INFO - 文件大小 550.42GB >= 阈值 1.0GB，使用数据库索引|File size 550.42GB >= threshold 1.0GB, using database index
2026-01-25 15:45:05.076 - INFO - 检测到已存在的RocksDB索引，直接加载|Found existing RocksDB index, loading: /share/org/YZWL/yzwl_lixg/project/21.野生大豆群体/05.所有样品/23.kmerGWAS_KMC流程/database/kmer_index.rdb
2026-01-25 15:45:21.006 - INFO - 处理样本|Processing sample 1/181: SDW032A
2026-01-25 15:45:21.006 - INFO - 查询样本丰度|Querying sample abundances: SDW032A
2026-01-25 15:45:21.007 - INFO - 使用已有dump文件|Using existing dump file: /share/org/YZWL/yzwl_lixg/project/21.野生大豆群体/05.所有样品/23.kmerGWAS_KMC流程/database/dump_files/SDW032A_dump.txt
2026-01-25 15:53:06.455 - INFO - 从dump文件读取|Read from dump: 848,334,110 k-mers
2026-01-25 15:53:06.456 - INFO - 使用 12 线程并行查询|Using 12 threads for parallel query
2026-01-25 15:53:12.692 - INFO - 数据分块|Data chunks: 12, 每块约|~70,694,510 条
2026-01-25 17:46:19.393 - INFO - 查询完成|Query completed: 848,334,110 个k-mer
2026-01-25 17:46:56.661 - INFO - 保存样本丰度|Saving sample abundances: SDW032A
2026-01-25 17:46:56.663 - INFO - 存储类型|Storage type: sparse (类型|type: <class 'str'>)
2026-01-25 17:46:56.663 - INFO - 使用稀疏存储|Using sparse storage
2026-01-25 17:46:56.663 - INFO - 当前数据集大小|Current dataset size: 81654908380, 新增|new: 848334110
2026-01-25 17:46:56.663 - INFO - 数据集已扩展|Dataset resized to: 82503242490
2026-01-25 17:47:56.180 - ERROR - 程序执行出错|Program execution error: Python integer 4294967645 out of bounds for uint32
