2026-01-13 11:52:53.473 - INFO - ============================================================
2026-01-13 11:52:53.473 - INFO - 开始K-mer丰度分析|Starting K-mer abundance analysis
2026-01-13 11:52:53.473 - INFO - ============================================================
2026-01-13 11:52:53.473 - INFO - 步骤1: 检查依赖软件|Step 1: Checking dependencies
2026-01-13 11:52:53.473 - INFO - 检查依赖软件|Checking dependencies
2026-01-13 11:52:53.588 - INFO - Jellyfish 可用|available: jellyfish 2.2.10
2026-01-13 11:52:53.588 - INFO - 步骤2: 设置临时目录|Step 2: Setting up temporary directory
2026-01-13 11:52:53.606 - INFO - 临时目录: /share/org/YZWL/yzwl_lixg/project/06.longliuxing_BSA/68.三代数据组装和注释/41.两个单倍型的交换图/04.hap2的kmer存在缺失/tmp/kmer_count_1768276373_3515
2026-01-13 11:52:53.606 - INFO - 步骤3: 查找输入文件|Step 3: Finding input files
2026-01-13 11:52:53.606 - INFO -  查找输入文件|Finding input files
2026-01-13 11:52:53.606 - INFO -  输入目录: /share/org/YZWL/yzwl_lixg/project/06.longliuxing_BSA/01.data/clean
2026-01-13 11:52:53.606 - INFO -  文件模式: *_1.clean.fq.gz
2026-01-13 11:52:53.608 - INFO -  输入目录是否存在: True
2026-01-13 11:52:53.622 - INFO -  目录中的文件: ['OV8-71_1.clean.fq.gz', 'OV8-15_2.clean.fq.gz', 'OV8-4_1.clean.fq.gz', 'OV8-111_1.clean.fq.gz', 'OV8-80_1.clean.fq.gz', 'OV8-105_1.clean.fq.gz', 'OV8-43_2.clean.fq.gz', 'OV8-81_1.clean.fq.gz', 'OV8-68_1.clean.fq.gz', 'fastp_processing_summary.txt']
2026-01-13 11:52:53.622 - INFO -  使用FASTQ文件处理逻辑|Using FASTQ file processing logic
2026-01-13 11:52:53.663 - INFO -  常规文件|Regular file: OV8-71_1.clean.fq.gz
2026-01-13 11:52:53.663 - INFO -  常规文件|Regular file: OV8-4_1.clean.fq.gz
2026-01-13 11:52:53.663 - INFO -  常规文件|Regular file: OV8-111_1.clean.fq.gz
2026-01-13 11:52:53.663 - INFO -  常规文件|Regular file: OV8-80_1.clean.fq.gz
2026-01-13 11:52:53.663 - INFO -  常规文件|Regular file: OV8-105_1.clean.fq.gz
2026-01-13 11:52:53.663 - INFO -  常规文件|Regular file: OV8-81_1.clean.fq.gz
2026-01-13 11:52:53.663 - INFO -  常规文件|Regular file: OV8-68_1.clean.fq.gz
2026-01-13 11:52:53.663 - INFO -  常规文件|Regular file: OV8-74_1.clean.fq.gz
2026-01-13 11:52:53.663 - INFO -  常规文件|Regular file: OV8-77_1.clean.fq.gz
2026-01-13 11:52:53.663 - INFO -  常规文件|Regular file: OV8-39_1.clean.fq.gz
2026-01-13 11:52:53.663 - INFO -  常规文件|Regular file: OV8-157_1.clean.fq.gz
2026-01-13 11:52:53.663 - INFO -  常规文件|Regular file: OV8-206_1.clean.fq.gz
2026-01-13 11:52:53.664 - INFO -  常规文件|Regular file: OV8-258_1.clean.fq.gz
2026-01-13 11:52:53.664 - INFO -  常规文件|Regular file: OV8-28_1.clean.fq.gz
2026-01-13 11:52:53.664 - INFO -  常规文件|Regular file: OV8-113_1.clean.fq.gz
2026-01-13 11:52:53.664 - INFO -  常规文件|Regular file: OV8-136_1.clean.fq.gz
2026-01-13 11:52:53.664 - INFO -  常规文件|Regular file: OV8-179_1.clean.fq.gz
2026-01-13 11:52:53.664 - INFO -  常规文件|Regular file: OV8-268_1.clean.fq.gz
2026-01-13 11:52:53.664 - INFO -  常规文件|Regular file: OV8-7_1.clean.fq.gz
2026-01-13 11:52:53.664 - INFO -  常规文件|Regular file: OV8-76_1.clean.fq.gz
2026-01-13 11:52:53.664 - INFO -  常规文件|Regular file: OV8-106_1.clean.fq.gz
2026-01-13 11:52:53.664 - INFO -  常规文件|Regular file: OV8-112_1.clean.fq.gz
2026-01-13 11:52:53.664 - INFO -  常规文件|Regular file: OV8-271_1.clean.fq.gz
2026-01-13 11:52:53.664 - INFO -  常规文件|Regular file: OV8-99_1.clean.fq.gz
2026-01-13 11:52:53.664 - INFO -  常规文件|Regular file: OV8-79_1.clean.fq.gz
2026-01-13 11:52:53.664 - INFO -  常规文件|Regular file: OV8-1_1.clean.fq.gz
2026-01-13 11:52:53.664 - INFO -  常规文件|Regular file: OV8-180_1.clean.fq.gz
2026-01-13 11:52:53.664 - INFO -  常规文件|Regular file: OV8-88_1.clean.fq.gz
2026-01-13 11:52:53.664 - INFO -  常规文件|Regular file: OV8-31_1.clean.fq.gz
2026-01-13 11:52:53.669 - INFO -  常规文件|Regular file: OV8-265_1.clean.fq.gz
2026-01-13 11:52:53.669 - INFO -  常规文件|Regular file: OV8-3_1.clean.fq.gz
2026-01-13 11:52:53.669 - INFO -  常规文件|Regular file: OV8-27_1.clean.fq.gz
2026-01-13 11:52:53.669 - INFO -  常规文件|Regular file: OV8-67_1.clean.fq.gz
2026-01-13 11:52:53.669 - INFO -  常规文件|Regular file: OV8-115_1.clean.fq.gz
2026-01-13 11:52:53.669 - INFO -  常规文件|Regular file: OV8-196_1.clean.fq.gz
2026-01-13 11:52:53.669 - INFO -  常规文件|Regular file: OV8-17_1.clean.fq.gz
2026-01-13 11:52:53.669 - INFO -  常规文件|Regular file: OV8-142_1.clean.fq.gz
2026-01-13 11:52:53.669 - INFO -  常规文件|Regular file: OV8-35_1.clean.fq.gz
2026-01-13 11:52:53.669 - INFO -  常规文件|Regular file: OV8-117_1.clean.fq.gz
2026-01-13 11:52:53.669 - INFO -  常规文件|Regular file: OV8-269_1.clean.fq.gz
2026-01-13 11:52:53.669 - INFO -  常规文件|Regular file: OV8-21_1.clean.fq.gz
2026-01-13 11:52:53.669 - INFO -  常规文件|Regular file: OV8-107_1.clean.fq.gz
2026-01-13 11:52:53.669 - INFO -  常规文件|Regular file: OV8-95_1.clean.fq.gz
2026-01-13 11:52:53.669 - INFO -  常规文件|Regular file: OV8-276_1.clean.fq.gz
2026-01-13 11:52:53.669 - INFO -  常规文件|Regular file: OV8-9_1.clean.fq.gz
2026-01-13 11:52:53.669 - INFO -  常规文件|Regular file: OV8-78_1.clean.fq.gz
2026-01-13 11:52:53.669 - INFO -  常规文件|Regular file: OV8-138_1.clean.fq.gz
2026-01-13 11:52:53.669 - INFO -  常规文件|Regular file: OV8-108_1.clean.fq.gz
2026-01-13 11:52:53.669 - INFO -  常规文件|Regular file: OV8-277_1.clean.fq.gz
2026-01-13 11:52:53.669 - INFO -  常规文件|Regular file: OV8-43_1.clean.fq.gz
2026-01-13 11:52:53.669 - INFO -  常规文件|Regular file: OV8-72_1.clean.fq.gz
2026-01-13 11:52:53.669 - INFO -  常规文件|Regular file: OV8-30_1.clean.fq.gz
2026-01-13 11:52:53.669 - INFO -  常规文件|Regular file: OV8-11_1.clean.fq.gz
2026-01-13 11:52:53.669 - INFO -  常规文件|Regular file: OV8-263_1.clean.fq.gz
2026-01-13 11:52:53.670 - INFO -  常规文件|Regular file: OV8-137_1.clean.fq.gz
2026-01-13 11:52:53.670 - INFO -  常规文件|Regular file: OV8-139_1.clean.fq.gz
2026-01-13 11:52:53.670 - INFO -  常规文件|Regular file: OV8-33_1.clean.fq.gz
2026-01-13 11:52:53.670 - INFO -  常规文件|Regular file: OV8-8_1.clean.fq.gz
2026-01-13 11:52:53.670 - INFO -  常规文件|Regular file: OV8-217_1.clean.fq.gz
2026-01-13 11:52:53.670 - INFO -  常规文件|Regular file: OV8-260_1.clean.fq.gz
2026-01-13 11:52:53.670 - INFO -  常规文件|Regular file: OV8-143_1.clean.fq.gz
2026-01-13 11:52:53.670 - INFO -  常规文件|Regular file: OV8-40_1.clean.fq.gz
2026-01-13 11:52:53.670 - INFO -  常规文件|Regular file: OV8-29_1.clean.fq.gz
2026-01-13 11:52:53.670 - INFO -  常规文件|Regular file: OV8-141_1.clean.fq.gz
2026-01-13 11:52:53.670 - INFO -  常规文件|Regular file: OV8-44_1.clean.fq.gz
2026-01-13 11:52:53.670 - INFO -  常规文件|Regular file: OV8-172_1.clean.fq.gz
2026-01-13 11:52:53.670 - INFO -  常规文件|Regular file: OV8-273_1.clean.fq.gz
2026-01-13 11:52:53.670 - INFO -  常规文件|Regular file: OV8-32_1.clean.fq.gz
2026-01-13 11:52:53.670 - INFO -  常规文件|Regular file: OV8-274_1.clean.fq.gz
2026-01-13 11:52:53.670 - INFO -  常规文件|Regular file: OV8-26_1.clean.fq.gz
2026-01-13 11:52:53.670 - INFO -  常规文件|Regular file: OV8-34_1.clean.fq.gz
2026-01-13 11:52:53.670 - INFO -  常规文件|Regular file: OV8-20_1.clean.fq.gz
2026-01-13 11:52:53.670 - INFO -  常规文件|Regular file: OV8-171_1.clean.fq.gz
2026-01-13 11:52:53.670 - INFO -  常规文件|Regular file: OV8-73_1.clean.fq.gz
2026-01-13 11:52:53.670 - INFO -  常规文件|Regular file: OV8-42_1.clean.fq.gz
2026-01-13 11:52:53.670 - INFO -  常规文件|Regular file: OV8-5_1.clean.fq.gz
2026-01-13 11:52:53.670 - INFO -  常规文件|Regular file: OV8-118_1.clean.fq.gz
2026-01-13 11:52:53.670 - INFO -  常规文件|Regular file: OV8-144_1.clean.fq.gz
2026-01-13 11:52:53.670 - INFO -  常规文件|Regular file: OV8-216_1.clean.fq.gz
2026-01-13 11:52:53.670 - INFO -  常规文件|Regular file: OV8-83_1.clean.fq.gz
2026-01-13 11:52:53.670 - INFO -  常规文件|Regular file: OV8-87_1.clean.fq.gz
2026-01-13 11:52:53.670 - INFO -  常规文件|Regular file: OV8-267_1.clean.fq.gz
2026-01-13 11:52:53.670 - INFO -  常规文件|Regular file: OV8-19_1.clean.fq.gz
2026-01-13 11:52:53.670 - INFO -  常规文件|Regular file: OV8-94_1.clean.fq.gz
2026-01-13 11:52:53.670 - INFO -  常规文件|Regular file: OV8-259_1.clean.fq.gz
2026-01-13 11:52:53.670 - INFO -  常规文件|Regular file: OV8-275_1.clean.fq.gz
2026-01-13 11:52:53.670 - INFO -  常规文件|Regular file: OV8-272_1.clean.fq.gz
2026-01-13 11:52:53.671 - INFO -  常规文件|Regular file: OV8-98_1.clean.fq.gz
2026-01-13 11:52:53.671 - INFO -  常规文件|Regular file: OV8-158_1.clean.fq.gz
2026-01-13 11:52:53.671 - INFO -  常规文件|Regular file: OV8-6_1.clean.fq.gz
2026-01-13 11:52:53.671 - INFO -  常规文件|Regular file: OV8-70_1.clean.fq.gz
2026-01-13 11:52:53.671 - INFO -  常规文件|Regular file: OV8-264_1.clean.fq.gz
2026-01-13 11:52:53.671 - INFO -  常规文件|Regular file: OV8-15_1.clean.fq.gz
2026-01-13 11:52:53.671 - INFO -  常规文件|Regular file: OV8-89_1.clean.fq.gz
2026-01-13 11:52:53.671 - INFO -  常规文件|Regular file: OV8-114_1.clean.fq.gz
2026-01-13 11:52:53.671 - INFO -  常规文件|Regular file: OV8-45_1.clean.fq.gz
2026-01-13 11:52:53.671 - INFO -  常规文件|Regular file: OV8-2_1.clean.fq.gz
2026-01-13 11:52:53.671 - INFO -  常规文件|Regular file: OV8-75_1.clean.fq.gz
2026-01-13 11:52:53.671 - INFO -  常规文件|Regular file: OV8-116_1.clean.fq.gz
2026-01-13 11:52:53.671 - INFO -  找到99个有效R1文件
2026-01-13 11:52:53.671 - INFO -  提取样本名: OV8-71
2026-01-13 11:52:53.671 - INFO - 找到双端样本|Found paired-end sample: OV8-71
2026-01-13 11:52:53.671 - INFO -    R1: /share/org/YZWL/yzwl_lixg/project/06.longliuxing_BSA/01.data/clean/OV8-71_1.clean.fq.gz
2026-01-13 11:52:53.671 - INFO -    R2: /share/org/YZWL/yzwl_lixg/project/06.longliuxing_BSA/01.data/clean/OV8-71_2.clean.fq.gz
2026-01-13 11:52:53.671 - INFO -  提取样本名: OV8-4
2026-01-13 11:52:53.671 - INFO - 找到双端样本|Found paired-end sample: OV8-4
2026-01-13 11:52:53.671 - INFO -    R1: /share/org/YZWL/yzwl_lixg/project/06.longliuxing_BSA/01.data/clean/OV8-4_1.clean.fq.gz
2026-01-13 11:52:53.671 - INFO -    R2: /share/org/YZWL/yzwl_lixg/project/06.longliuxing_BSA/01.data/clean/OV8-4_2.clean.fq.gz
2026-01-13 11:52:53.671 - INFO -  提取样本名: OV8-111
2026-01-13 11:52:53.671 - INFO - 找到双端样本|Found paired-end sample: OV8-111
2026-01-13 11:52:53.671 - INFO -    R1: /share/org/YZWL/yzwl_lixg/project/06.longliuxing_BSA/01.data/clean/OV8-111_1.clean.fq.gz
2026-01-13 11:52:53.671 - INFO -    R2: /share/org/YZWL/yzwl_lixg/project/06.longliuxing_BSA/01.data/clean/OV8-111_2.clean.fq.gz
2026-01-13 11:52:53.671 - INFO -  提取样本名: OV8-80
2026-01-13 11:52:53.671 - INFO - 找到双端样本|Found paired-end sample: OV8-80
2026-01-13 11:52:53.671 - INFO -    R1: /share/org/YZWL/yzwl_lixg/project/06.longliuxing_BSA/01.data/clean/OV8-80_1.clean.fq.gz
2026-01-13 11:52:53.671 - INFO -    R2: /share/org/YZWL/yzwl_lixg/project/06.longliuxing_BSA/01.data/clean/OV8-80_2.clean.fq.gz
2026-01-13 11:52:53.671 - INFO -  提取样本名: OV8-105
2026-01-13 11:52:53.671 - INFO - 找到双端样本|Found paired-end sample: OV8-105
2026-01-13 11:52:53.671 - INFO -    R1: /share/org/YZWL/yzwl_lixg/project/06.longliuxing_BSA/01.data/clean/OV8-105_1.clean.fq.gz
2026-01-13 11:52:53.671 - INFO -    R2: /share/org/YZWL/yzwl_lixg/project/06.longliuxing_BSA/01.data/clean/OV8-105_2.clean.fq.gz
2026-01-13 11:52:53.671 - INFO -  提取样本名: OV8-81
2026-01-13 11:52:53.671 - INFO - 找到双端样本|Found paired-end sample: OV8-81
2026-01-13 11:52:53.671 - INFO -    R1: /share/org/YZWL/yzwl_lixg/project/06.longliuxing_BSA/01.data/clean/OV8-81_1.clean.fq.gz
2026-01-13 11:52:53.672 - INFO -    R2: /share/org/YZWL/yzwl_lixg/project/06.longliuxing_BSA/01.data/clean/OV8-81_2.clean.fq.gz
2026-01-13 11:52:53.672 - INFO -  提取样本名: OV8-68
2026-01-13 11:52:53.672 - INFO - 找到双端样本|Found paired-end sample: OV8-68
2026-01-13 11:52:53.672 - INFO -    R1: /share/org/YZWL/yzwl_lixg/project/06.longliuxing_BSA/01.data/clean/OV8-68_1.clean.fq.gz
2026-01-13 11:52:53.672 - INFO -    R2: /share/org/YZWL/yzwl_lixg/project/06.longliuxing_BSA/01.data/clean/OV8-68_2.clean.fq.gz
2026-01-13 11:52:53.672 - INFO -  提取样本名: OV8-74
2026-01-13 11:52:53.672 - INFO - 找到双端样本|Found paired-end sample: OV8-74
2026-01-13 11:52:53.672 - INFO -    R1: /share/org/YZWL/yzwl_lixg/project/06.longliuxing_BSA/01.data/clean/OV8-74_1.clean.fq.gz
2026-01-13 11:52:53.672 - INFO -    R2: /share/org/YZWL/yzwl_lixg/project/06.longliuxing_BSA/01.data/clean/OV8-74_2.clean.fq.gz
2026-01-13 11:52:53.672 - INFO -  提取样本名: OV8-77
2026-01-13 11:52:53.672 - INFO - 找到双端样本|Found paired-end sample: OV8-77
2026-01-13 11:52:53.672 - INFO -    R1: /share/org/YZWL/yzwl_lixg/project/06.longliuxing_BSA/01.data/clean/OV8-77_1.clean.fq.gz
2026-01-13 11:52:53.672 - INFO -    R2: /share/org/YZWL/yzwl_lixg/project/06.longliuxing_BSA/01.data/clean/OV8-77_2.clean.fq.gz
2026-01-13 11:52:53.672 - INFO -  提取样本名: OV8-39
2026-01-13 11:52:53.672 - INFO - 找到双端样本|Found paired-end sample: OV8-39
2026-01-13 11:52:53.672 - INFO -    R1: /share/org/YZWL/yzwl_lixg/project/06.longliuxing_BSA/01.data/clean/OV8-39_1.clean.fq.gz
2026-01-13 11:52:53.672 - INFO -    R2: /share/org/YZWL/yzwl_lixg/project/06.longliuxing_BSA/01.data/clean/OV8-39_2.clean.fq.gz
2026-01-13 11:52:53.672 - INFO -  提取样本名: OV8-157
2026-01-13 11:52:53.672 - INFO - 找到双端样本|Found paired-end sample: OV8-157
2026-01-13 11:52:53.672 - INFO -    R1: /share/org/YZWL/yzwl_lixg/project/06.longliuxing_BSA/01.data/clean/OV8-157_1.clean.fq.gz
2026-01-13 11:52:53.672 - INFO -    R2: /share/org/YZWL/yzwl_lixg/project/06.longliuxing_BSA/01.data/clean/OV8-157_2.clean.fq.gz
2026-01-13 11:52:53.672 - INFO -  提取样本名: OV8-206
2026-01-13 11:52:53.672 - INFO - 找到双端样本|Found paired-end sample: OV8-206
2026-01-13 11:52:53.672 - INFO -    R1: /share/org/YZWL/yzwl_lixg/project/06.longliuxing_BSA/01.data/clean/OV8-206_1.clean.fq.gz
2026-01-13 11:52:53.672 - INFO -    R2: /share/org/YZWL/yzwl_lixg/project/06.longliuxing_BSA/01.data/clean/OV8-206_2.clean.fq.gz
2026-01-13 11:52:53.672 - INFO -  提取样本名: OV8-258
2026-01-13 11:52:53.672 - INFO - 找到双端样本|Found paired-end sample: OV8-258
2026-01-13 11:52:53.672 - INFO -    R1: /share/org/YZWL/yzwl_lixg/project/06.longliuxing_BSA/01.data/clean/OV8-258_1.clean.fq.gz
2026-01-13 11:52:53.672 - INFO -    R2: /share/org/YZWL/yzwl_lixg/project/06.longliuxing_BSA/01.data/clean/OV8-258_2.clean.fq.gz
2026-01-13 11:52:53.672 - INFO -  提取样本名: OV8-28
2026-01-13 11:52:53.672 - INFO - 找到双端样本|Found paired-end sample: OV8-28
2026-01-13 11:52:53.672 - INFO -    R1: /share/org/YZWL/yzwl_lixg/project/06.longliuxing_BSA/01.data/clean/OV8-28_1.clean.fq.gz
2026-01-13 11:52:53.672 - INFO -    R2: /share/org/YZWL/yzwl_lixg/project/06.longliuxing_BSA/01.data/clean/OV8-28_2.clean.fq.gz
2026-01-13 11:52:53.672 - INFO -  提取样本名: OV8-113
2026-01-13 11:52:53.672 - INFO - 找到双端样本|Found paired-end sample: OV8-113
2026-01-13 11:52:53.672 - INFO -    R1: /share/org/YZWL/yzwl_lixg/project/06.longliuxing_BSA/01.data/clean/OV8-113_1.clean.fq.gz
2026-01-13 11:52:53.672 - INFO -    R2: /share/org/YZWL/yzwl_lixg/project/06.longliuxing_BSA/01.data/clean/OV8-113_2.clean.fq.gz
2026-01-13 11:52:53.672 - INFO -  提取样本名: OV8-136
2026-01-13 11:52:53.672 - INFO - 找到双端样本|Found paired-end sample: OV8-136
2026-01-13 11:52:53.673 - INFO -    R1: /share/org/YZWL/yzwl_lixg/project/06.longliuxing_BSA/01.data/clean/OV8-136_1.clean.fq.gz
2026-01-13 11:52:53.673 - INFO -    R2: /share/org/YZWL/yzwl_lixg/project/06.longliuxing_BSA/01.data/clean/OV8-136_2.clean.fq.gz
2026-01-13 11:52:53.673 - INFO -  提取样本名: OV8-179
2026-01-13 11:52:53.673 - INFO - 找到双端样本|Found paired-end sample: OV8-179
2026-01-13 11:52:53.673 - INFO -    R1: /share/org/YZWL/yzwl_lixg/project/06.longliuxing_BSA/01.data/clean/OV8-179_1.clean.fq.gz
2026-01-13 11:52:53.673 - INFO -    R2: /share/org/YZWL/yzwl_lixg/project/06.longliuxing_BSA/01.data/clean/OV8-179_2.clean.fq.gz
2026-01-13 11:52:53.673 - INFO -  提取样本名: OV8-268
2026-01-13 11:52:53.673 - INFO - 找到双端样本|Found paired-end sample: OV8-268
2026-01-13 11:52:53.673 - INFO -    R1: /share/org/YZWL/yzwl_lixg/project/06.longliuxing_BSA/01.data/clean/OV8-268_1.clean.fq.gz
2026-01-13 11:52:53.673 - INFO -    R2: /share/org/YZWL/yzwl_lixg/project/06.longliuxing_BSA/01.data/clean/OV8-268_2.clean.fq.gz
2026-01-13 11:52:53.673 - INFO -  提取样本名: OV8-7
2026-01-13 11:52:53.673 - INFO - 找到双端样本|Found paired-end sample: OV8-7
2026-01-13 11:52:53.673 - INFO -    R1: /share/org/YZWL/yzwl_lixg/project/06.longliuxing_BSA/01.data/clean/OV8-7_1.clean.fq.gz
2026-01-13 11:52:53.673 - INFO -    R2: /share/org/YZWL/yzwl_lixg/project/06.longliuxing_BSA/01.data/clean/OV8-7_2.clean.fq.gz
2026-01-13 11:52:53.673 - INFO -  提取样本名: OV8-76
2026-01-13 11:52:53.673 - INFO - 找到双端样本|Found paired-end sample: OV8-76
2026-01-13 11:52:53.673 - INFO -    R1: /share/org/YZWL/yzwl_lixg/project/06.longliuxing_BSA/01.data/clean/OV8-76_1.clean.fq.gz
2026-01-13 11:52:53.673 - INFO -    R2: /share/org/YZWL/yzwl_lixg/project/06.longliuxing_BSA/01.data/clean/OV8-76_2.clean.fq.gz
2026-01-13 11:52:53.673 - INFO -  提取样本名: OV8-106
2026-01-13 11:52:53.673 - INFO - 找到双端样本|Found paired-end sample: OV8-106
2026-01-13 11:52:53.673 - INFO -    R1: /share/org/YZWL/yzwl_lixg/project/06.longliuxing_BSA/01.data/clean/OV8-106_1.clean.fq.gz
2026-01-13 11:52:53.673 - INFO -    R2: /share/org/YZWL/yzwl_lixg/project/06.longliuxing_BSA/01.data/clean/OV8-106_2.clean.fq.gz
2026-01-13 11:52:53.673 - INFO -  提取样本名: OV8-112
2026-01-13 11:52:53.673 - INFO - 找到双端样本|Found paired-end sample: OV8-112
2026-01-13 11:52:53.673 - INFO -    R1: /share/org/YZWL/yzwl_lixg/project/06.longliuxing_BSA/01.data/clean/OV8-112_1.clean.fq.gz
2026-01-13 11:52:53.673 - INFO -    R2: /share/org/YZWL/yzwl_lixg/project/06.longliuxing_BSA/01.data/clean/OV8-112_2.clean.fq.gz
2026-01-13 11:52:53.673 - INFO -  提取样本名: OV8-271
2026-01-13 11:52:53.673 - INFO - 找到双端样本|Found paired-end sample: OV8-271
2026-01-13 11:52:53.673 - INFO -    R1: /share/org/YZWL/yzwl_lixg/project/06.longliuxing_BSA/01.data/clean/OV8-271_1.clean.fq.gz
2026-01-13 11:52:53.673 - INFO -    R2: /share/org/YZWL/yzwl_lixg/project/06.longliuxing_BSA/01.data/clean/OV8-271_2.clean.fq.gz
2026-01-13 11:52:53.673 - INFO -  提取样本名: OV8-99
2026-01-13 11:52:53.673 - INFO - 找到双端样本|Found paired-end sample: OV8-99
2026-01-13 11:52:53.673 - INFO -    R1: /share/org/YZWL/yzwl_lixg/project/06.longliuxing_BSA/01.data/clean/OV8-99_1.clean.fq.gz
2026-01-13 11:52:53.673 - INFO -    R2: /share/org/YZWL/yzwl_lixg/project/06.longliuxing_BSA/01.data/clean/OV8-99_2.clean.fq.gz
2026-01-13 11:52:53.673 - INFO -  提取样本名: OV8-79
2026-01-13 11:52:53.673 - INFO - 找到双端样本|Found paired-end sample: OV8-79
2026-01-13 11:52:53.673 - INFO -    R1: /share/org/YZWL/yzwl_lixg/project/06.longliuxing_BSA/01.data/clean/OV8-79_1.clean.fq.gz
2026-01-13 11:52:53.673 - INFO -    R2: /share/org/YZWL/yzwl_lixg/project/06.longliuxing_BSA/01.data/clean/OV8-79_2.clean.fq.gz
2026-01-13 11:52:53.673 - INFO -  提取样本名: OV8-1
2026-01-13 11:52:53.673 - INFO - 找到双端样本|Found paired-end sample: OV8-1
2026-01-13 11:52:53.674 - INFO -    R1: /share/org/YZWL/yzwl_lixg/project/06.longliuxing_BSA/01.data/clean/OV8-1_1.clean.fq.gz
2026-01-13 11:52:53.674 - INFO -    R2: /share/org/YZWL/yzwl_lixg/project/06.longliuxing_BSA/01.data/clean/OV8-1_2.clean.fq.gz
2026-01-13 11:52:53.674 - INFO -  提取样本名: OV8-180
2026-01-13 11:52:53.674 - INFO - 找到双端样本|Found paired-end sample: OV8-180
2026-01-13 11:52:53.674 - INFO -    R1: /share/org/YZWL/yzwl_lixg/project/06.longliuxing_BSA/01.data/clean/OV8-180_1.clean.fq.gz
2026-01-13 11:52:53.674 - INFO -    R2: /share/org/YZWL/yzwl_lixg/project/06.longliuxing_BSA/01.data/clean/OV8-180_2.clean.fq.gz
2026-01-13 11:52:53.674 - INFO -  提取样本名: OV8-88
2026-01-13 11:52:53.674 - INFO - 找到双端样本|Found paired-end sample: OV8-88
2026-01-13 11:52:53.674 - INFO -    R1: /share/org/YZWL/yzwl_lixg/project/06.longliuxing_BSA/01.data/clean/OV8-88_1.clean.fq.gz
2026-01-13 11:52:53.674 - INFO -    R2: /share/org/YZWL/yzwl_lixg/project/06.longliuxing_BSA/01.data/clean/OV8-88_2.clean.fq.gz
2026-01-13 11:52:53.674 - INFO -  提取样本名: OV8-31
2026-01-13 11:52:53.674 - INFO - 找到双端样本|Found paired-end sample: OV8-31
2026-01-13 11:52:53.674 - INFO -    R1: /share/org/YZWL/yzwl_lixg/project/06.longliuxing_BSA/01.data/clean/OV8-31_1.clean.fq.gz
2026-01-13 11:52:53.674 - INFO -    R2: /share/org/YZWL/yzwl_lixg/project/06.longliuxing_BSA/01.data/clean/OV8-31_2.clean.fq.gz
2026-01-13 11:52:53.674 - INFO -  提取样本名: OV8-265
2026-01-13 11:52:53.674 - INFO - 找到双端样本|Found paired-end sample: OV8-265
2026-01-13 11:52:53.674 - INFO -    R1: /share/org/YZWL/yzwl_lixg/project/06.longliuxing_BSA/01.data/clean/OV8-265_1.clean.fq.gz
2026-01-13 11:52:53.674 - INFO -    R2: /share/org/YZWL/yzwl_lixg/project/06.longliuxing_BSA/01.data/clean/OV8-265_2.clean.fq.gz
2026-01-13 11:52:53.674 - INFO -  提取样本名: OV8-3
2026-01-13 11:52:53.674 - INFO - 找到双端样本|Found paired-end sample: OV8-3
2026-01-13 11:52:53.674 - INFO -    R1: /share/org/YZWL/yzwl_lixg/project/06.longliuxing_BSA/01.data/clean/OV8-3_1.clean.fq.gz
2026-01-13 11:52:53.674 - INFO -    R2: /share/org/YZWL/yzwl_lixg/project/06.longliuxing_BSA/01.data/clean/OV8-3_2.clean.fq.gz
2026-01-13 11:52:53.674 - INFO -  提取样本名: OV8-27
2026-01-13 11:52:53.674 - INFO - 找到双端样本|Found paired-end sample: OV8-27
2026-01-13 11:52:53.674 - INFO -    R1: /share/org/YZWL/yzwl_lixg/project/06.longliuxing_BSA/01.data/clean/OV8-27_1.clean.fq.gz
2026-01-13 11:52:53.674 - INFO -    R2: /share/org/YZWL/yzwl_lixg/project/06.longliuxing_BSA/01.data/clean/OV8-27_2.clean.fq.gz
2026-01-13 11:52:53.674 - INFO -  提取样本名: OV8-67
2026-01-13 11:52:53.674 - INFO - 找到双端样本|Found paired-end sample: OV8-67
2026-01-13 11:52:53.674 - INFO -    R1: /share/org/YZWL/yzwl_lixg/project/06.longliuxing_BSA/01.data/clean/OV8-67_1.clean.fq.gz
2026-01-13 11:52:53.674 - INFO -    R2: /share/org/YZWL/yzwl_lixg/project/06.longliuxing_BSA/01.data/clean/OV8-67_2.clean.fq.gz
2026-01-13 11:52:53.674 - INFO -  提取样本名: OV8-115
2026-01-13 11:52:53.674 - INFO - 找到双端样本|Found paired-end sample: OV8-115
2026-01-13 11:52:53.674 - INFO -    R1: /share/org/YZWL/yzwl_lixg/project/06.longliuxing_BSA/01.data/clean/OV8-115_1.clean.fq.gz
2026-01-13 11:52:53.674 - INFO -    R2: /share/org/YZWL/yzwl_lixg/project/06.longliuxing_BSA/01.data/clean/OV8-115_2.clean.fq.gz
2026-01-13 11:52:53.674 - INFO -  提取样本名: OV8-196
2026-01-13 11:52:53.674 - INFO - 找到双端样本|Found paired-end sample: OV8-196
2026-01-13 11:52:53.674 - INFO -    R1: /share/org/YZWL/yzwl_lixg/project/06.longliuxing_BSA/01.data/clean/OV8-196_1.clean.fq.gz
2026-01-13 11:52:53.674 - INFO -    R2: /share/org/YZWL/yzwl_lixg/project/06.longliuxing_BSA/01.data/clean/OV8-196_2.clean.fq.gz
2026-01-13 11:52:53.674 - INFO -  提取样本名: OV8-17
2026-01-13 11:52:53.674 - INFO - 找到双端样本|Found paired-end sample: OV8-17
2026-01-13 11:52:53.675 - INFO -    R1: /share/org/YZWL/yzwl_lixg/project/06.longliuxing_BSA/01.data/clean/OV8-17_1.clean.fq.gz
2026-01-13 11:52:53.675 - INFO -    R2: /share/org/YZWL/yzwl_lixg/project/06.longliuxing_BSA/01.data/clean/OV8-17_2.clean.fq.gz
2026-01-13 11:52:53.675 - INFO -  提取样本名: OV8-142
2026-01-13 11:52:53.675 - INFO - 找到双端样本|Found paired-end sample: OV8-142
2026-01-13 11:52:53.675 - INFO -    R1: /share/org/YZWL/yzwl_lixg/project/06.longliuxing_BSA/01.data/clean/OV8-142_1.clean.fq.gz
2026-01-13 11:52:53.675 - INFO -    R2: /share/org/YZWL/yzwl_lixg/project/06.longliuxing_BSA/01.data/clean/OV8-142_2.clean.fq.gz
2026-01-13 11:52:53.675 - INFO -  提取样本名: OV8-35
2026-01-13 11:52:53.675 - INFO - 找到双端样本|Found paired-end sample: OV8-35
2026-01-13 11:52:53.675 - INFO -    R1: /share/org/YZWL/yzwl_lixg/project/06.longliuxing_BSA/01.data/clean/OV8-35_1.clean.fq.gz
2026-01-13 11:52:53.675 - INFO -    R2: /share/org/YZWL/yzwl_lixg/project/06.longliuxing_BSA/01.data/clean/OV8-35_2.clean.fq.gz
2026-01-13 11:52:53.675 - INFO -  提取样本名: OV8-117
2026-01-13 11:52:53.675 - INFO - 找到双端样本|Found paired-end sample: OV8-117
2026-01-13 11:52:53.675 - INFO -    R1: /share/org/YZWL/yzwl_lixg/project/06.longliuxing_BSA/01.data/clean/OV8-117_1.clean.fq.gz
2026-01-13 11:52:53.675 - INFO -    R2: /share/org/YZWL/yzwl_lixg/project/06.longliuxing_BSA/01.data/clean/OV8-117_2.clean.fq.gz
2026-01-13 11:52:53.675 - INFO -  提取样本名: OV8-269
2026-01-13 11:52:53.675 - INFO - 找到双端样本|Found paired-end sample: OV8-269
2026-01-13 11:52:53.675 - INFO -    R1: /share/org/YZWL/yzwl_lixg/project/06.longliuxing_BSA/01.data/clean/OV8-269_1.clean.fq.gz
2026-01-13 11:52:53.675 - INFO -    R2: /share/org/YZWL/yzwl_lixg/project/06.longliuxing_BSA/01.data/clean/OV8-269_2.clean.fq.gz
2026-01-13 11:52:53.675 - INFO -  提取样本名: OV8-21
2026-01-13 11:52:53.675 - INFO - 找到双端样本|Found paired-end sample: OV8-21
2026-01-13 11:52:53.675 - INFO -    R1: /share/org/YZWL/yzwl_lixg/project/06.longliuxing_BSA/01.data/clean/OV8-21_1.clean.fq.gz
2026-01-13 11:52:53.675 - INFO -    R2: /share/org/YZWL/yzwl_lixg/project/06.longliuxing_BSA/01.data/clean/OV8-21_2.clean.fq.gz
2026-01-13 11:52:53.675 - INFO -  提取样本名: OV8-107
2026-01-13 11:52:53.675 - INFO - 找到双端样本|Found paired-end sample: OV8-107
2026-01-13 11:52:53.675 - INFO -    R1: /share/org/YZWL/yzwl_lixg/project/06.longliuxing_BSA/01.data/clean/OV8-107_1.clean.fq.gz
2026-01-13 11:52:53.675 - INFO -    R2: /share/org/YZWL/yzwl_lixg/project/06.longliuxing_BSA/01.data/clean/OV8-107_2.clean.fq.gz
2026-01-13 11:52:53.675 - INFO -  提取样本名: OV8-95
2026-01-13 11:52:53.675 - INFO - 找到双端样本|Found paired-end sample: OV8-95
2026-01-13 11:52:53.675 - INFO -    R1: /share/org/YZWL/yzwl_lixg/project/06.longliuxing_BSA/01.data/clean/OV8-95_1.clean.fq.gz
2026-01-13 11:52:53.675 - INFO -    R2: /share/org/YZWL/yzwl_lixg/project/06.longliuxing_BSA/01.data/clean/OV8-95_2.clean.fq.gz
2026-01-13 11:52:53.675 - INFO -  提取样本名: OV8-276
2026-01-13 11:52:53.675 - INFO - 找到双端样本|Found paired-end sample: OV8-276
2026-01-13 11:52:53.675 - INFO -    R1: /share/org/YZWL/yzwl_lixg/project/06.longliuxing_BSA/01.data/clean/OV8-276_1.clean.fq.gz
2026-01-13 11:52:53.675 - INFO -    R2: /share/org/YZWL/yzwl_lixg/project/06.longliuxing_BSA/01.data/clean/OV8-276_2.clean.fq.gz
2026-01-13 11:52:53.675 - INFO -  提取样本名: OV8-9
2026-01-13 11:52:53.675 - INFO - 找到双端样本|Found paired-end sample: OV8-9
2026-01-13 11:52:53.675 - INFO -    R1: /share/org/YZWL/yzwl_lixg/project/06.longliuxing_BSA/01.data/clean/OV8-9_1.clean.fq.gz
2026-01-13 11:52:53.675 - INFO -    R2: /share/org/YZWL/yzwl_lixg/project/06.longliuxing_BSA/01.data/clean/OV8-9_2.clean.fq.gz
2026-01-13 11:52:53.675 - INFO -  提取样本名: OV8-78
2026-01-13 11:52:53.676 - INFO - 找到双端样本|Found paired-end sample: OV8-78
2026-01-13 11:52:53.676 - INFO -    R1: /share/org/YZWL/yzwl_lixg/project/06.longliuxing_BSA/01.data/clean/OV8-78_1.clean.fq.gz
2026-01-13 11:52:53.676 - INFO -    R2: /share/org/YZWL/yzwl_lixg/project/06.longliuxing_BSA/01.data/clean/OV8-78_2.clean.fq.gz
2026-01-13 11:52:53.676 - INFO -  提取样本名: OV8-138
2026-01-13 11:52:53.676 - INFO - 找到双端样本|Found paired-end sample: OV8-138
2026-01-13 11:52:53.676 - INFO -    R1: /share/org/YZWL/yzwl_lixg/project/06.longliuxing_BSA/01.data/clean/OV8-138_1.clean.fq.gz
2026-01-13 11:52:53.676 - INFO -    R2: /share/org/YZWL/yzwl_lixg/project/06.longliuxing_BSA/01.data/clean/OV8-138_2.clean.fq.gz
2026-01-13 11:52:53.676 - INFO -  提取样本名: OV8-108
2026-01-13 11:52:53.676 - INFO - 找到双端样本|Found paired-end sample: OV8-108
2026-01-13 11:52:53.676 - INFO -    R1: /share/org/YZWL/yzwl_lixg/project/06.longliuxing_BSA/01.data/clean/OV8-108_1.clean.fq.gz
2026-01-13 11:52:53.676 - INFO -    R2: /share/org/YZWL/yzwl_lixg/project/06.longliuxing_BSA/01.data/clean/OV8-108_2.clean.fq.gz
2026-01-13 11:52:53.676 - INFO -  提取样本名: OV8-277
2026-01-13 11:52:53.676 - INFO - 找到双端样本|Found paired-end sample: OV8-277
2026-01-13 11:52:53.676 - INFO -    R1: /share/org/YZWL/yzwl_lixg/project/06.longliuxing_BSA/01.data/clean/OV8-277_1.clean.fq.gz
2026-01-13 11:52:53.676 - INFO -    R2: /share/org/YZWL/yzwl_lixg/project/06.longliuxing_BSA/01.data/clean/OV8-277_2.clean.fq.gz
2026-01-13 11:52:53.676 - INFO -  提取样本名: OV8-43
2026-01-13 11:52:53.676 - INFO - 找到双端样本|Found paired-end sample: OV8-43
2026-01-13 11:52:53.676 - INFO -    R1: /share/org/YZWL/yzwl_lixg/project/06.longliuxing_BSA/01.data/clean/OV8-43_1.clean.fq.gz
2026-01-13 11:52:53.676 - INFO -    R2: /share/org/YZWL/yzwl_lixg/project/06.longliuxing_BSA/01.data/clean/OV8-43_2.clean.fq.gz
2026-01-13 11:52:53.676 - INFO -  提取样本名: OV8-72
2026-01-13 11:52:53.676 - INFO - 找到双端样本|Found paired-end sample: OV8-72
2026-01-13 11:52:53.676 - INFO -    R1: /share/org/YZWL/yzwl_lixg/project/06.longliuxing_BSA/01.data/clean/OV8-72_1.clean.fq.gz
2026-01-13 11:52:53.676 - INFO -    R2: /share/org/YZWL/yzwl_lixg/project/06.longliuxing_BSA/01.data/clean/OV8-72_2.clean.fq.gz
2026-01-13 11:52:53.676 - INFO -  提取样本名: OV8-30
2026-01-13 11:52:53.676 - INFO - 找到双端样本|Found paired-end sample: OV8-30
2026-01-13 11:52:53.676 - INFO -    R1: /share/org/YZWL/yzwl_lixg/project/06.longliuxing_BSA/01.data/clean/OV8-30_1.clean.fq.gz
2026-01-13 11:52:53.676 - INFO -    R2: /share/org/YZWL/yzwl_lixg/project/06.longliuxing_BSA/01.data/clean/OV8-30_2.clean.fq.gz
2026-01-13 11:52:53.676 - INFO -  提取样本名: OV8-11
2026-01-13 11:52:53.676 - INFO - 找到双端样本|Found paired-end sample: OV8-11
2026-01-13 11:52:53.676 - INFO -    R1: /share/org/YZWL/yzwl_lixg/project/06.longliuxing_BSA/01.data/clean/OV8-11_1.clean.fq.gz
2026-01-13 11:52:53.676 - INFO -    R2: /share/org/YZWL/yzwl_lixg/project/06.longliuxing_BSA/01.data/clean/OV8-11_2.clean.fq.gz
2026-01-13 11:52:53.676 - INFO -  提取样本名: OV8-263
2026-01-13 11:52:53.676 - INFO - 找到双端样本|Found paired-end sample: OV8-263
2026-01-13 11:52:53.676 - INFO -    R1: /share/org/YZWL/yzwl_lixg/project/06.longliuxing_BSA/01.data/clean/OV8-263_1.clean.fq.gz
2026-01-13 11:52:53.676 - INFO -    R2: /share/org/YZWL/yzwl_lixg/project/06.longliuxing_BSA/01.data/clean/OV8-263_2.clean.fq.gz
2026-01-13 11:52:53.676 - INFO -  提取样本名: OV8-137
2026-01-13 11:52:53.676 - INFO - 找到双端样本|Found paired-end sample: OV8-137
2026-01-13 11:52:53.676 - INFO -    R1: /share/org/YZWL/yzwl_lixg/project/06.longliuxing_BSA/01.data/clean/OV8-137_1.clean.fq.gz
2026-01-13 11:52:53.676 - INFO -    R2: /share/org/YZWL/yzwl_lixg/project/06.longliuxing_BSA/01.data/clean/OV8-137_2.clean.fq.gz
2026-01-13 11:52:53.677 - INFO -  提取样本名: OV8-139
2026-01-13 11:52:53.677 - INFO - 找到双端样本|Found paired-end sample: OV8-139
2026-01-13 11:52:53.677 - INFO -    R1: /share/org/YZWL/yzwl_lixg/project/06.longliuxing_BSA/01.data/clean/OV8-139_1.clean.fq.gz
2026-01-13 11:52:53.677 - INFO -    R2: /share/org/YZWL/yzwl_lixg/project/06.longliuxing_BSA/01.data/clean/OV8-139_2.clean.fq.gz
2026-01-13 11:52:53.677 - INFO -  提取样本名: OV8-33
2026-01-13 11:52:53.677 - INFO - 找到双端样本|Found paired-end sample: OV8-33
2026-01-13 11:52:53.677 - INFO -    R1: /share/org/YZWL/yzwl_lixg/project/06.longliuxing_BSA/01.data/clean/OV8-33_1.clean.fq.gz
2026-01-13 11:52:53.677 - INFO -    R2: /share/org/YZWL/yzwl_lixg/project/06.longliuxing_BSA/01.data/clean/OV8-33_2.clean.fq.gz
2026-01-13 11:52:53.677 - INFO -  提取样本名: OV8-8
2026-01-13 11:52:53.677 - INFO - 找到双端样本|Found paired-end sample: OV8-8
2026-01-13 11:52:53.677 - INFO -    R1: /share/org/YZWL/yzwl_lixg/project/06.longliuxing_BSA/01.data/clean/OV8-8_1.clean.fq.gz
2026-01-13 11:52:53.677 - INFO -    R2: /share/org/YZWL/yzwl_lixg/project/06.longliuxing_BSA/01.data/clean/OV8-8_2.clean.fq.gz
2026-01-13 11:52:53.677 - INFO -  提取样本名: OV8-217
2026-01-13 11:52:53.677 - INFO - 找到双端样本|Found paired-end sample: OV8-217
2026-01-13 11:52:53.677 - INFO -    R1: /share/org/YZWL/yzwl_lixg/project/06.longliuxing_BSA/01.data/clean/OV8-217_1.clean.fq.gz
2026-01-13 11:52:53.677 - INFO -    R2: /share/org/YZWL/yzwl_lixg/project/06.longliuxing_BSA/01.data/clean/OV8-217_2.clean.fq.gz
2026-01-13 11:52:53.677 - INFO -  提取样本名: OV8-260
2026-01-13 11:52:53.677 - INFO - 找到双端样本|Found paired-end sample: OV8-260
2026-01-13 11:52:53.677 - INFO -    R1: /share/org/YZWL/yzwl_lixg/project/06.longliuxing_BSA/01.data/clean/OV8-260_1.clean.fq.gz
2026-01-13 11:52:53.677 - INFO -    R2: /share/org/YZWL/yzwl_lixg/project/06.longliuxing_BSA/01.data/clean/OV8-260_2.clean.fq.gz
2026-01-13 11:52:53.677 - INFO -  提取样本名: OV8-143
2026-01-13 11:52:53.677 - INFO - 找到双端样本|Found paired-end sample: OV8-143
2026-01-13 11:52:53.677 - INFO -    R1: /share/org/YZWL/yzwl_lixg/project/06.longliuxing_BSA/01.data/clean/OV8-143_1.clean.fq.gz
2026-01-13 11:52:53.677 - INFO -    R2: /share/org/YZWL/yzwl_lixg/project/06.longliuxing_BSA/01.data/clean/OV8-143_2.clean.fq.gz
2026-01-13 11:52:53.677 - INFO -  提取样本名: OV8-40
2026-01-13 11:52:53.677 - INFO - 找到双端样本|Found paired-end sample: OV8-40
2026-01-13 11:52:53.677 - INFO -    R1: /share/org/YZWL/yzwl_lixg/project/06.longliuxing_BSA/01.data/clean/OV8-40_1.clean.fq.gz
2026-01-13 11:52:53.677 - INFO -    R2: /share/org/YZWL/yzwl_lixg/project/06.longliuxing_BSA/01.data/clean/OV8-40_2.clean.fq.gz
2026-01-13 11:52:53.677 - INFO -  提取样本名: OV8-29
2026-01-13 11:52:53.677 - INFO - 找到双端样本|Found paired-end sample: OV8-29
2026-01-13 11:52:53.677 - INFO -    R1: /share/org/YZWL/yzwl_lixg/project/06.longliuxing_BSA/01.data/clean/OV8-29_1.clean.fq.gz
2026-01-13 11:52:53.677 - INFO -    R2: /share/org/YZWL/yzwl_lixg/project/06.longliuxing_BSA/01.data/clean/OV8-29_2.clean.fq.gz
2026-01-13 11:52:53.677 - INFO -  提取样本名: OV8-141
2026-01-13 11:52:53.677 - INFO - 找到双端样本|Found paired-end sample: OV8-141
2026-01-13 11:52:53.677 - INFO -    R1: /share/org/YZWL/yzwl_lixg/project/06.longliuxing_BSA/01.data/clean/OV8-141_1.clean.fq.gz
2026-01-13 11:52:53.677 - INFO -    R2: /share/org/YZWL/yzwl_lixg/project/06.longliuxing_BSA/01.data/clean/OV8-141_2.clean.fq.gz
2026-01-13 11:52:53.677 - INFO -  提取样本名: OV8-44
2026-01-13 11:52:53.677 - INFO - 找到双端样本|Found paired-end sample: OV8-44
2026-01-13 11:52:53.677 - INFO -    R1: /share/org/YZWL/yzwl_lixg/project/06.longliuxing_BSA/01.data/clean/OV8-44_1.clean.fq.gz
2026-01-13 11:52:53.677 - INFO -    R2: /share/org/YZWL/yzwl_lixg/project/06.longliuxing_BSA/01.data/clean/OV8-44_2.clean.fq.gz
2026-01-13 11:52:53.678 - INFO -  提取样本名: OV8-172
2026-01-13 11:52:53.678 - INFO - 找到双端样本|Found paired-end sample: OV8-172
2026-01-13 11:52:53.678 - INFO -    R1: /share/org/YZWL/yzwl_lixg/project/06.longliuxing_BSA/01.data/clean/OV8-172_1.clean.fq.gz
2026-01-13 11:52:53.678 - INFO -    R2: /share/org/YZWL/yzwl_lixg/project/06.longliuxing_BSA/01.data/clean/OV8-172_2.clean.fq.gz
2026-01-13 11:52:53.678 - INFO -  提取样本名: OV8-273
2026-01-13 11:52:53.678 - INFO - 找到双端样本|Found paired-end sample: OV8-273
2026-01-13 11:52:53.678 - INFO -    R1: /share/org/YZWL/yzwl_lixg/project/06.longliuxing_BSA/01.data/clean/OV8-273_1.clean.fq.gz
2026-01-13 11:52:53.678 - INFO -    R2: /share/org/YZWL/yzwl_lixg/project/06.longliuxing_BSA/01.data/clean/OV8-273_2.clean.fq.gz
2026-01-13 11:52:53.678 - INFO -  提取样本名: OV8-32
2026-01-13 11:52:53.678 - INFO - 找到双端样本|Found paired-end sample: OV8-32
2026-01-13 11:52:53.678 - INFO -    R1: /share/org/YZWL/yzwl_lixg/project/06.longliuxing_BSA/01.data/clean/OV8-32_1.clean.fq.gz
2026-01-13 11:52:53.678 - INFO -    R2: /share/org/YZWL/yzwl_lixg/project/06.longliuxing_BSA/01.data/clean/OV8-32_2.clean.fq.gz
2026-01-13 11:52:53.678 - INFO -  提取样本名: OV8-274
2026-01-13 11:52:53.678 - INFO - 找到双端样本|Found paired-end sample: OV8-274
2026-01-13 11:52:53.678 - INFO -    R1: /share/org/YZWL/yzwl_lixg/project/06.longliuxing_BSA/01.data/clean/OV8-274_1.clean.fq.gz
2026-01-13 11:52:53.678 - INFO -    R2: /share/org/YZWL/yzwl_lixg/project/06.longliuxing_BSA/01.data/clean/OV8-274_2.clean.fq.gz
2026-01-13 11:52:53.678 - INFO -  提取样本名: OV8-26
2026-01-13 11:52:53.678 - INFO - 找到双端样本|Found paired-end sample: OV8-26
2026-01-13 11:52:53.678 - INFO -    R1: /share/org/YZWL/yzwl_lixg/project/06.longliuxing_BSA/01.data/clean/OV8-26_1.clean.fq.gz
2026-01-13 11:52:53.678 - INFO -    R2: /share/org/YZWL/yzwl_lixg/project/06.longliuxing_BSA/01.data/clean/OV8-26_2.clean.fq.gz
2026-01-13 11:52:53.678 - INFO -  提取样本名: OV8-34
2026-01-13 11:52:53.678 - INFO - 找到双端样本|Found paired-end sample: OV8-34
2026-01-13 11:52:53.678 - INFO -    R1: /share/org/YZWL/yzwl_lixg/project/06.longliuxing_BSA/01.data/clean/OV8-34_1.clean.fq.gz
2026-01-13 11:52:53.678 - INFO -    R2: /share/org/YZWL/yzwl_lixg/project/06.longliuxing_BSA/01.data/clean/OV8-34_2.clean.fq.gz
2026-01-13 11:52:53.678 - INFO -  提取样本名: OV8-20
2026-01-13 11:52:53.678 - INFO - 找到双端样本|Found paired-end sample: OV8-20
2026-01-13 11:52:53.678 - INFO -    R1: /share/org/YZWL/yzwl_lixg/project/06.longliuxing_BSA/01.data/clean/OV8-20_1.clean.fq.gz
2026-01-13 11:52:53.678 - INFO -    R2: /share/org/YZWL/yzwl_lixg/project/06.longliuxing_BSA/01.data/clean/OV8-20_2.clean.fq.gz
2026-01-13 11:52:53.678 - INFO -  提取样本名: OV8-171
2026-01-13 11:52:53.678 - INFO - 找到双端样本|Found paired-end sample: OV8-171
2026-01-13 11:52:53.678 - INFO -    R1: /share/org/YZWL/yzwl_lixg/project/06.longliuxing_BSA/01.data/clean/OV8-171_1.clean.fq.gz
2026-01-13 11:52:53.678 - INFO -    R2: /share/org/YZWL/yzwl_lixg/project/06.longliuxing_BSA/01.data/clean/OV8-171_2.clean.fq.gz
2026-01-13 11:52:53.678 - INFO -  提取样本名: OV8-73
2026-01-13 11:52:53.678 - INFO - 找到双端样本|Found paired-end sample: OV8-73
2026-01-13 11:52:53.678 - INFO -    R1: /share/org/YZWL/yzwl_lixg/project/06.longliuxing_BSA/01.data/clean/OV8-73_1.clean.fq.gz
2026-01-13 11:52:53.678 - INFO -    R2: /share/org/YZWL/yzwl_lixg/project/06.longliuxing_BSA/01.data/clean/OV8-73_2.clean.fq.gz
2026-01-13 11:52:53.678 - INFO -  提取样本名: OV8-42
2026-01-13 11:52:53.678 - INFO - 找到双端样本|Found paired-end sample: OV8-42
2026-01-13 11:52:53.678 - INFO -    R1: /share/org/YZWL/yzwl_lixg/project/06.longliuxing_BSA/01.data/clean/OV8-42_1.clean.fq.gz
2026-01-13 11:52:53.678 - INFO -    R2: /share/org/YZWL/yzwl_lixg/project/06.longliuxing_BSA/01.data/clean/OV8-42_2.clean.fq.gz
2026-01-13 11:52:53.679 - INFO -  提取样本名: OV8-5
2026-01-13 11:52:53.679 - INFO - 找到双端样本|Found paired-end sample: OV8-5
2026-01-13 11:52:53.679 - INFO -    R1: /share/org/YZWL/yzwl_lixg/project/06.longliuxing_BSA/01.data/clean/OV8-5_1.clean.fq.gz
2026-01-13 11:52:53.679 - INFO -    R2: /share/org/YZWL/yzwl_lixg/project/06.longliuxing_BSA/01.data/clean/OV8-5_2.clean.fq.gz
2026-01-13 11:52:53.679 - INFO -  提取样本名: OV8-118
2026-01-13 11:52:53.679 - INFO - 找到双端样本|Found paired-end sample: OV8-118
2026-01-13 11:52:53.679 - INFO -    R1: /share/org/YZWL/yzwl_lixg/project/06.longliuxing_BSA/01.data/clean/OV8-118_1.clean.fq.gz
2026-01-13 11:52:53.679 - INFO -    R2: /share/org/YZWL/yzwl_lixg/project/06.longliuxing_BSA/01.data/clean/OV8-118_2.clean.fq.gz
2026-01-13 11:52:53.679 - INFO -  提取样本名: OV8-144
2026-01-13 11:52:53.679 - INFO - 找到双端样本|Found paired-end sample: OV8-144
2026-01-13 11:52:53.679 - INFO -    R1: /share/org/YZWL/yzwl_lixg/project/06.longliuxing_BSA/01.data/clean/OV8-144_1.clean.fq.gz
2026-01-13 11:52:53.679 - INFO -    R2: /share/org/YZWL/yzwl_lixg/project/06.longliuxing_BSA/01.data/clean/OV8-144_2.clean.fq.gz
2026-01-13 11:52:53.679 - INFO -  提取样本名: OV8-216
2026-01-13 11:52:53.679 - INFO - 找到双端样本|Found paired-end sample: OV8-216
2026-01-13 11:52:53.679 - INFO -    R1: /share/org/YZWL/yzwl_lixg/project/06.longliuxing_BSA/01.data/clean/OV8-216_1.clean.fq.gz
2026-01-13 11:52:53.679 - INFO -    R2: /share/org/YZWL/yzwl_lixg/project/06.longliuxing_BSA/01.data/clean/OV8-216_2.clean.fq.gz
2026-01-13 11:52:53.679 - INFO -  提取样本名: OV8-83
2026-01-13 11:52:53.679 - INFO - 找到双端样本|Found paired-end sample: OV8-83
2026-01-13 11:52:53.679 - INFO -    R1: /share/org/YZWL/yzwl_lixg/project/06.longliuxing_BSA/01.data/clean/OV8-83_1.clean.fq.gz
2026-01-13 11:52:53.679 - INFO -    R2: /share/org/YZWL/yzwl_lixg/project/06.longliuxing_BSA/01.data/clean/OV8-83_2.clean.fq.gz
2026-01-13 11:52:53.679 - INFO -  提取样本名: OV8-87
2026-01-13 11:52:53.679 - INFO - 找到双端样本|Found paired-end sample: OV8-87
2026-01-13 11:52:53.679 - INFO -    R1: /share/org/YZWL/yzwl_lixg/project/06.longliuxing_BSA/01.data/clean/OV8-87_1.clean.fq.gz
2026-01-13 11:52:53.679 - INFO -    R2: /share/org/YZWL/yzwl_lixg/project/06.longliuxing_BSA/01.data/clean/OV8-87_2.clean.fq.gz
2026-01-13 11:52:53.679 - INFO -  提取样本名: OV8-267
2026-01-13 11:52:53.679 - INFO - 找到双端样本|Found paired-end sample: OV8-267
2026-01-13 11:52:53.679 - INFO -    R1: /share/org/YZWL/yzwl_lixg/project/06.longliuxing_BSA/01.data/clean/OV8-267_1.clean.fq.gz
2026-01-13 11:52:53.679 - INFO -    R2: /share/org/YZWL/yzwl_lixg/project/06.longliuxing_BSA/01.data/clean/OV8-267_2.clean.fq.gz
2026-01-13 11:52:53.679 - INFO -  提取样本名: OV8-19
2026-01-13 11:52:53.679 - INFO - 找到双端样本|Found paired-end sample: OV8-19
2026-01-13 11:52:53.679 - INFO -    R1: /share/org/YZWL/yzwl_lixg/project/06.longliuxing_BSA/01.data/clean/OV8-19_1.clean.fq.gz
2026-01-13 11:52:53.679 - INFO -    R2: /share/org/YZWL/yzwl_lixg/project/06.longliuxing_BSA/01.data/clean/OV8-19_2.clean.fq.gz
2026-01-13 11:52:53.679 - INFO -  提取样本名: OV8-94
2026-01-13 11:52:53.679 - INFO - 找到双端样本|Found paired-end sample: OV8-94
2026-01-13 11:52:53.679 - INFO -    R1: /share/org/YZWL/yzwl_lixg/project/06.longliuxing_BSA/01.data/clean/OV8-94_1.clean.fq.gz
2026-01-13 11:52:53.679 - INFO -    R2: /share/org/YZWL/yzwl_lixg/project/06.longliuxing_BSA/01.data/clean/OV8-94_2.clean.fq.gz
2026-01-13 11:52:53.679 - INFO -  提取样本名: OV8-259
2026-01-13 11:52:53.679 - INFO - 找到双端样本|Found paired-end sample: OV8-259
2026-01-13 11:52:53.679 - INFO -    R1: /share/org/YZWL/yzwl_lixg/project/06.longliuxing_BSA/01.data/clean/OV8-259_1.clean.fq.gz
2026-01-13 11:52:53.679 - INFO -    R2: /share/org/YZWL/yzwl_lixg/project/06.longliuxing_BSA/01.data/clean/OV8-259_2.clean.fq.gz
2026-01-13 11:52:53.680 - INFO -  提取样本名: OV8-275
2026-01-13 11:52:53.680 - INFO - 找到双端样本|Found paired-end sample: OV8-275
2026-01-13 11:52:53.680 - INFO -    R1: /share/org/YZWL/yzwl_lixg/project/06.longliuxing_BSA/01.data/clean/OV8-275_1.clean.fq.gz
2026-01-13 11:52:53.680 - INFO -    R2: /share/org/YZWL/yzwl_lixg/project/06.longliuxing_BSA/01.data/clean/OV8-275_2.clean.fq.gz
2026-01-13 11:52:53.680 - INFO -  提取样本名: OV8-272
2026-01-13 11:52:53.680 - INFO - 找到双端样本|Found paired-end sample: OV8-272
2026-01-13 11:52:53.680 - INFO -    R1: /share/org/YZWL/yzwl_lixg/project/06.longliuxing_BSA/01.data/clean/OV8-272_1.clean.fq.gz
2026-01-13 11:52:53.680 - INFO -    R2: /share/org/YZWL/yzwl_lixg/project/06.longliuxing_BSA/01.data/clean/OV8-272_2.clean.fq.gz
2026-01-13 11:52:53.680 - INFO -  提取样本名: OV8-98
2026-01-13 11:52:53.680 - INFO - 找到双端样本|Found paired-end sample: OV8-98
2026-01-13 11:52:53.680 - INFO -    R1: /share/org/YZWL/yzwl_lixg/project/06.longliuxing_BSA/01.data/clean/OV8-98_1.clean.fq.gz
2026-01-13 11:52:53.680 - INFO -    R2: /share/org/YZWL/yzwl_lixg/project/06.longliuxing_BSA/01.data/clean/OV8-98_2.clean.fq.gz
2026-01-13 11:52:53.680 - INFO -  提取样本名: OV8-158
2026-01-13 11:52:53.680 - INFO - 找到双端样本|Found paired-end sample: OV8-158
2026-01-13 11:52:53.680 - INFO -    R1: /share/org/YZWL/yzwl_lixg/project/06.longliuxing_BSA/01.data/clean/OV8-158_1.clean.fq.gz
2026-01-13 11:52:53.680 - INFO -    R2: /share/org/YZWL/yzwl_lixg/project/06.longliuxing_BSA/01.data/clean/OV8-158_2.clean.fq.gz
2026-01-13 11:52:53.680 - INFO -  提取样本名: OV8-6
2026-01-13 11:52:53.680 - INFO - 找到双端样本|Found paired-end sample: OV8-6
2026-01-13 11:52:53.680 - INFO -    R1: /share/org/YZWL/yzwl_lixg/project/06.longliuxing_BSA/01.data/clean/OV8-6_1.clean.fq.gz
2026-01-13 11:52:53.680 - INFO -    R2: /share/org/YZWL/yzwl_lixg/project/06.longliuxing_BSA/01.data/clean/OV8-6_2.clean.fq.gz
2026-01-13 11:52:53.680 - INFO -  提取样本名: OV8-70
2026-01-13 11:52:53.680 - INFO - 找到双端样本|Found paired-end sample: OV8-70
2026-01-13 11:52:53.680 - INFO -    R1: /share/org/YZWL/yzwl_lixg/project/06.longliuxing_BSA/01.data/clean/OV8-70_1.clean.fq.gz
2026-01-13 11:52:53.680 - INFO -    R2: /share/org/YZWL/yzwl_lixg/project/06.longliuxing_BSA/01.data/clean/OV8-70_2.clean.fq.gz
2026-01-13 11:52:53.680 - INFO -  提取样本名: OV8-264
2026-01-13 11:52:53.680 - INFO - 找到双端样本|Found paired-end sample: OV8-264
2026-01-13 11:52:53.680 - INFO -    R1: /share/org/YZWL/yzwl_lixg/project/06.longliuxing_BSA/01.data/clean/OV8-264_1.clean.fq.gz
2026-01-13 11:52:53.680 - INFO -    R2: /share/org/YZWL/yzwl_lixg/project/06.longliuxing_BSA/01.data/clean/OV8-264_2.clean.fq.gz
2026-01-13 11:52:53.680 - INFO -  提取样本名: OV8-15
2026-01-13 11:52:53.680 - INFO - 找到双端样本|Found paired-end sample: OV8-15
2026-01-13 11:52:53.680 - INFO -    R1: /share/org/YZWL/yzwl_lixg/project/06.longliuxing_BSA/01.data/clean/OV8-15_1.clean.fq.gz
2026-01-13 11:52:53.680 - INFO -    R2: /share/org/YZWL/yzwl_lixg/project/06.longliuxing_BSA/01.data/clean/OV8-15_2.clean.fq.gz
2026-01-13 11:52:53.680 - INFO -  提取样本名: OV8-89
2026-01-13 11:52:53.680 - INFO - 找到双端样本|Found paired-end sample: OV8-89
2026-01-13 11:52:53.680 - INFO -    R1: /share/org/YZWL/yzwl_lixg/project/06.longliuxing_BSA/01.data/clean/OV8-89_1.clean.fq.gz
2026-01-13 11:52:53.680 - INFO -    R2: /share/org/YZWL/yzwl_lixg/project/06.longliuxing_BSA/01.data/clean/OV8-89_2.clean.fq.gz
2026-01-13 11:52:53.680 - INFO -  提取样本名: OV8-114
2026-01-13 11:52:53.680 - INFO - 找到双端样本|Found paired-end sample: OV8-114
2026-01-13 11:52:53.680 - INFO -    R1: /share/org/YZWL/yzwl_lixg/project/06.longliuxing_BSA/01.data/clean/OV8-114_1.clean.fq.gz
2026-01-13 11:52:53.680 - INFO -    R2: /share/org/YZWL/yzwl_lixg/project/06.longliuxing_BSA/01.data/clean/OV8-114_2.clean.fq.gz
2026-01-13 11:52:53.681 - INFO -  提取样本名: OV8-45
2026-01-13 11:52:53.681 - INFO - 找到双端样本|Found paired-end sample: OV8-45
2026-01-13 11:52:53.681 - INFO -    R1: /share/org/YZWL/yzwl_lixg/project/06.longliuxing_BSA/01.data/clean/OV8-45_1.clean.fq.gz
2026-01-13 11:52:53.681 - INFO -    R2: /share/org/YZWL/yzwl_lixg/project/06.longliuxing_BSA/01.data/clean/OV8-45_2.clean.fq.gz
2026-01-13 11:52:53.681 - INFO -  提取样本名: OV8-2
2026-01-13 11:52:53.681 - INFO - 找到双端样本|Found paired-end sample: OV8-2
2026-01-13 11:52:53.681 - INFO -    R1: /share/org/YZWL/yzwl_lixg/project/06.longliuxing_BSA/01.data/clean/OV8-2_1.clean.fq.gz
2026-01-13 11:52:53.681 - INFO -    R2: /share/org/YZWL/yzwl_lixg/project/06.longliuxing_BSA/01.data/clean/OV8-2_2.clean.fq.gz
2026-01-13 11:52:53.681 - INFO -  提取样本名: OV8-75
2026-01-13 11:52:53.681 - INFO - 找到双端样本|Found paired-end sample: OV8-75
2026-01-13 11:52:53.681 - INFO -    R1: /share/org/YZWL/yzwl_lixg/project/06.longliuxing_BSA/01.data/clean/OV8-75_1.clean.fq.gz
2026-01-13 11:52:53.681 - INFO -    R2: /share/org/YZWL/yzwl_lixg/project/06.longliuxing_BSA/01.data/clean/OV8-75_2.clean.fq.gz
2026-01-13 11:52:53.681 - INFO -  提取样本名: OV8-116
2026-01-13 11:52:53.681 - INFO - 找到双端样本|Found paired-end sample: OV8-116
2026-01-13 11:52:53.681 - INFO -    R1: /share/org/YZWL/yzwl_lixg/project/06.longliuxing_BSA/01.data/clean/OV8-116_1.clean.fq.gz
2026-01-13 11:52:53.681 - INFO -    R2: /share/org/YZWL/yzwl_lixg/project/06.longliuxing_BSA/01.data/clean/OV8-116_2.clean.fq.gz
2026-01-13 11:52:53.681 - INFO - 步骤4: 准备k-mer库|Step 4: Preparing k-mer library
2026-01-13 11:52:53.681 - INFO - 准备k-mer库文件|Preparing k-mer library file
2026-01-13 11:59:34.752 - INFO - k-mer库已扩展，保存到: /share/org/YZWL/yzwl_lixg/project/06.longliuxing_BSA/68.三代数据组装和注释/41.两个单倍型的交换图/04.hap2的kmer存在缺失/tmp/kmer_count_1768276373_3515/kmers_expanded.fasta
2026-01-13 11:59:34.753 - INFO - 步骤5: 解析注释信息|Step 5: Parsing annotation information
2026-01-13 11:59:34.753 - INFO -  解析k-mer库|Parsing k-mer library
2026-01-13 12:01:24.187 - INFO -  解析完成，共86710476个k-mer对|Parsing completed, 86710476 k-mer pairs total
2026-01-13 12:01:25.090 - INFO -  解析BED文件|Parsing BED file
2026-01-13 12:02:34.931 - INFO -  成功读取BED文件前6列|Successfully read first 6 columns of BED file
2026-01-13 12:02:49.591 - INFO -  扩展BED文件，添加反向互补序列|Expanding BED file with reverse complement sequences
2026-01-13 15:06:41.414 - INFO - 临时目录已清理|Temporary directory cleaned
分析被用户中断|Analysis interrupted by user
