2026-01-30 16:45:53.173 - INFO - 开始KmerPAV流程|Starting KmerPAV pipeline
2026-01-30 16:45:53.173 - INFO - 生成FOF文件|Generating FOF file
2026-01-30 16:45:53.174 - INFO - 检测到双末端数据|Detected paired-end data: 181 samples
2026-01-30 16:45:53.183 - INFO - FOF文件已生成（双末端）|FOF file generated (paired-end): 01.kmer_db/input.fof
2026-01-30 16:45:53.183 - INFO - 运行kmtricks pipeline|Running kmtricks pipeline
2026-01-30 16:45:53.184 - INFO - 使用指定分区数|Using specified partitions: 100
2026-01-30 16:45:53.184 - INFO - 执行kmtricks pipeline|Executing kmtricks pipeline|执行kmtricks pipeline|Executing kmtricks pipeline
2026-01-31 07:15:35.897 - INFO - kmtricks pipeline完成|kmtricks pipeline completed
2026-01-31 07:15:35.898 - INFO - 运行kmtricks aggregate|Running kmtricks aggregate
2026-01-31 07:15:35.898 - INFO - 执行kmtricks aggregate|Executing kmtricks aggregate|执行kmtricks aggregate|Executing kmtricks aggregate
2026-01-31 11:44:47.710 - INFO - kmtricks aggregate完成|kmtricks aggregate completed: 01.kmer_db/kmer_matrix.txt
2026-01-31 11:44:47.710 - INFO - 压缩矩阵文件|Compressing matrix file
2026-01-31 11:44:48.163 - INFO - 压缩矩阵文件|Compressing matrix file|压缩矩阵文件|Compressing matrix file
2026-01-31 13:04:31.807 - INFO - 矩阵文件已压缩|Matrix file compressed: 01.kmer_db/kmer_matrix.txt.gz
2026-01-31 13:04:31.807 - INFO - 提取样本名|Extracting sample names
2026-01-31 13:04:31.814 - INFO - 样本名已提取|Sample names extracted: 01.kmer_db/header.txt
2026-01-31 13:04:31.814 - INFO - 导入矩阵到RocksDB|Importing matrix to RocksDB
2026-01-31 13:04:31.814 - INFO - 开始导入kmer矩阵到RocksDB|Starting kmer matrix import to RocksDB: 01.kmer_db/kmer_rocksdb
Starting import from '01.kmer_db/kmer_matrix.txt.gz' to RocksDB at '01.kmer_db/kmer_rocksdb'...
INFO: Header file: '01.kmer_db/header.txt', DB key: 'kmer_header', Storage delimiter for header fields: '	'
Input delimiter: ' '
Data value join character (for storage): '' (Empty means concatenation)
INFO: Attempting to open DB with ZSTD compression...
SUCCESS: Opened DB with ZSTD compression.
INFO: Added processed header to batch (key='kmer_header'): 'DB102A	DB103A	DB104A	DB106A	DB107A	DB22A	DB27A	DB30A	DB40A	DB41A	DB45A	DB53A	DB57A	DB61A	DB63A	DB65A	DB67A	DB68A	DB72A	DB74A	DB75A	DB76A	DB79A	DB89A	DB8A	DB93A	DB95A	DB97A	GDW004A	GDW007A	GDW008A	GDW011A	GDW012A	GDW018A	GDW020A	GDW022A	GDW023A	GDW030A	GDW032A	GDW040A	GDW048A	GDW049A	GDW052A	GDW055A	GDW057A	GDW061A	GDW067A	GDW069-1A	GDW074A	GDW075A	GDW078A	GDW089A	GDW105A	GDW111A	GDW120A	GDW13A	GDW21A	GDW27A	GDW31A	GDW38A	GDW41A	GDW44-2A	GDW47A	GDW65A	GDW68A	GDW69-2A	GDW87A	GDW91A	GDW95A	GDW98A	SDW003A	SDW007A	SDW008A	SDW016A	SDW017A	SDW018A	SDW019A	SDW020A	SDW022A	SDW023A	SDW030A	SDW031A	SDW032A	SDW034A	SDW038A	SDW043A	SDW048A	SDW053A	SDW054A	SDW055A	SDW056A	SDW057A	SDW062A	SDW064A	SDW072A	SDW073-2A	SDW074A	SDW082A	SDW084A	SDW089A	SDW095A	SDW096A	SDW097-1A	SDW097-2A	SDW099A	SDW107A	SDW109A	SDW110A	SDW111A	SDW114A	SDW115A	SDW116A	SDW120A	SDW121A	SDW125A	SDW126A	SDW128A	SDW129A	SDW130A	SDW139A	SDW141A	SDW142-1A	SDW144A	SDW145A	SDW152A	SDW155A	SDW160A	SDW162-1A	SDW164A	SDW170A	SDW171A	SDW175A	SDW176A	SDW178A	SDW179A	SDW181A	SDW188A	SDW190A	SDW192A	SDW193A	SDW194A	SDW25A	SDW26A	SDW85A	WJ100A	WJ11-1A	WJ110A	WJ19A	WJ23A	WJ28A	WJ31A	WJ32A	WJ33A	WJ36A	WJ44A	WJ45A	WJ46A	WJ49A	WJ51A	WJ52A	WJ56A	WJ58A	WJ5A	WJ65A	WJ66A	WJ78A	WJ84A	WJ88A	WJ92-2A	WJ98A	WJ9A	WK002A	WK003A	WK018A	WK027A	WK057A	WK084-1A	WK084-2A	WK085-1A	WK38A	WK42A'
------------------------------
Import finished successfully!
Total lines read from input file: 4188800587
Total data records imported: 4188800587
Header record was also imported.
2026-01-31 22:04:22.597 - INFO - RocksDB导入成功|RocksDB import successful: 01.kmer_db/kmer_rocksdb
2026-01-31 22:04:22.598 - INFO - KmerPAV流程完成|KmerPAV pipeline completed
2026-01-31 22:04:22.598 - INFO - kmer数据库构建完成|kmer database building completed
