[INFO] Initiating k-mer count...
[INFO] k-mer length: 31
[INFO] Threads: 64
[INFO] Canonical: on
[INFO] Format: binary
[INFO] Handling file: /share/org/YZWL/yzwl_lixg/project/21.野生大豆群体/01.data/clean/lab/GDW012A_1.clean.fq.gz
[INFO] File summary - bases: 17014389441, k-mers: 13603924543

[STATS] Overall bases: 17014389441
[STATS] Overall k-mers: 13603924543
[INFO] Outputting to: output/01_kmer_counts/GDW012A_k31.bin
[INFO] Unique k-mers: 1455546723
[INFO] Memory estimate: 13.56 GB
[INFO] Using memory-based sort
[INFO] Releasing resources...
[INFO] Complete!
[INFO] Initiating k-mer count...
[INFO] k-mer length: 31
[INFO] Threads: 64
[INFO] Canonical: on
[INFO] Format: binary
[INFO] Handling file: /share/org/YZWL/yzwl_lixg/project/21.野生大豆群体/01.data/clean/lab/SDW020A_1.clean.fq.gz
[INFO] File summary - bases: 17108130274, k-mers: 13679906566

[STATS] Overall bases: 17108130274
[STATS] Overall k-mers: 13679906566
[INFO] Outputting to: output/01_kmer_counts/SDW020A_k31.bin
[INFO] Unique k-mers: 1121821061
[INFO] Memory estimate: 10.45 GB
[INFO] Using memory-based sort
[INFO] Releasing resources...
[INFO] Complete!
[INFO] Initiating k-mer count...
[INFO] k-mer length: 31
[INFO] Threads: 64
[INFO] Canonical: on
[INFO] Format: binary
[INFO] Handling file: /share/org/YZWL/yzwl_lixg/project/21.野生大豆群体/01.data/clean/lab/SDW115A_1.clean.fq.gz

Aborted!
Job 68855828 stderr output:

