2026-01-21 08:31:03.213 - INFO - ============================================================
2026-01-21 08:31:03.213 - INFO - FASTQ文件统计工具|FASTQ File Statistics Tool
2026-01-21 08:31:03.213 - INFO - ============================================================
2026-01-21 08:31:03.328 - INFO - seqkit依赖检查通过|seqkit dependency check passed
2026-01-21 08:31:03.328 - INFO - 正在查找样品文件|Searching for sample files in: /share/org/YZWL/yzwl_lixg/project/28.大豆疫霉菌三代基因组/01.data/raw/hifi/fastq
2026-01-21 08:31:04.089 - INFO - 找到111个样品|Found 111 samples
2026-01-21 08:31:04.089 - INFO -   M-11: R1=M-11.hifi_reads.fastq.gz, R2=M-11.hifi_reads.fastq.gz
2026-01-21 08:31:04.089 - INFO -   B4-28: R1=B4-28.hifi_reads.fastq.gz, R2=B4-28.hifi_reads.fastq.gz
2026-01-21 08:31:04.089 - INFO -   N4-1: R1=N4-1.hifi_reads.fastq.gz, R2=N4-1.hifi_reads.fastq.gz
2026-01-21 08:31:04.089 - INFO -   D4-1: R1=D4-1.hifi_reads.fastq.gz, R2=D4-1.hifi_reads.fastq.gz
2026-01-21 08:31:04.089 - INFO -   K2-23: R1=K2-23.hifi_reads.fastq.gz, R2=K2-23.hifi_reads.fastq.gz
2026-01-21 08:31:04.089 - INFO -   D1-1: R1=D1-1.hifi_reads.fastq.gz, R2=D1-1.hifi_reads.fastq.gz
2026-01-21 08:31:04.089 - INFO -   N10-8: R1=N10-8.hifi_reads.fastq.gz, R2=N10-8.hifi_reads.fastq.gz
2026-01-21 08:31:04.089 - INFO -   N3-5: R1=N3-5.hifi_reads.fastq.gz, R2=N3-5.hifi_reads.fastq.gz
2026-01-21 08:31:04.089 - INFO -   N2-8: R1=N2-8.hifi_reads.fastq.gz, R2=N2-8.hifi_reads.fastq.gz
2026-01-21 08:31:04.089 - INFO -   N2-11: R1=N2-11.hifi_reads.fastq.gz, R2=N2-11.hifi_reads.fastq.gz
2026-01-21 08:31:04.089 - INFO -   N8-4: R1=N8-4.hifi_reads.fastq.gz, R2=N8-4.hifi_reads.fastq.gz
2026-01-21 08:31:04.089 - INFO -   N12-5: R1=N12-5.hifi_reads.fastq.gz, R2=N12-5.hifi_reads.fastq.gz
2026-01-21 08:31:04.089 - INFO -   A1-3: R1=A1-3.hifi_reads.fastq.gz, R2=A1-3.hifi_reads.fastq.gz
2026-01-21 08:31:04.089 - INFO -   D2-12: R1=D2-12.hifi_reads.fastq.gz, R2=D2-12.hifi_reads.fastq.gz
2026-01-21 08:31:04.089 - INFO -   N10-4: R1=N10-4.hifi_reads.fastq.gz, R2=N10-4.hifi_reads.fastq.gz
2026-01-21 08:31:04.089 - INFO -   D2-5: R1=D2-5.hifi_reads.fastq.gz, R2=D2-5.hifi_reads.fastq.gz
2026-01-21 08:31:04.089 - INFO -   A2-1: R1=A2-1.hifi_reads.fastq.gz, R2=A2-1.hifi_reads.fastq.gz
2026-01-21 08:31:04.089 - INFO -   A3-48: R1=A3-48.hifi_reads.fastq.gz, R2=A3-48.hifi_reads.fastq.gz
2026-01-21 08:31:04.089 - INFO -   A3-18: R1=A3-18.hifi_reads.fastq.gz, R2=A3-18.hifi_reads.fastq.gz
2026-01-21 08:31:04.089 - INFO -   A3-16: R1=A3-16.hifi_reads.fastq.gz, R2=A3-16.hifi_reads.fastq.gz
2026-01-21 08:31:04.089 - INFO -   N10-14: R1=N10-14.hifi_reads.fastq.gz, R2=N10-14.hifi_reads.fastq.gz
2026-01-21 08:31:04.089 - INFO -   N11-1: R1=N11-1.hifi_reads.fastq.gz, R2=N11-1.hifi_reads.fastq.gz
2026-01-21 08:31:04.089 - INFO -   M-12: R1=M-12.hifi_reads.fastq.gz, R2=M-12.hifi_reads.fastq.gz
2026-01-21 08:31:04.089 - INFO -   N3-11: R1=N3-11.hifi_reads.fastq.gz, R2=N3-11.hifi_reads.fastq.gz
2026-01-21 08:31:04.089 - INFO -   D6-8: R1=D6-8.hifi_reads.fastq.gz, R2=D6-8.hifi_reads.fastq.gz
2026-01-21 08:31:04.089 - INFO -   B4-22: R1=B4-22.hifi_reads.fastq.gz, R2=B4-22.hifi_reads.fastq.gz
2026-01-21 08:31:04.089 - INFO -   D2-11: R1=D2-11.hifi_reads.fastq.gz, R2=D2-11.hifi_reads.fastq.gz
2026-01-21 08:31:04.089 - INFO -   N3-6: R1=N3-6.hifi_reads.fastq.gz, R2=N3-6.hifi_reads.fastq.gz
2026-01-21 08:31:04.089 - INFO -   N10-16: R1=N10-16.hifi_reads.fastq.gz, R2=N10-16.hifi_reads.fastq.gz
2026-01-21 08:31:04.089 - INFO -   A1-18: R1=A1-18.hifi_reads.fastq.gz, R2=A1-18.hifi_reads.fastq.gz
2026-01-21 08:31:04.089 - INFO -   A3-54: R1=A3-54.hifi_reads.fastq.gz, R2=A3-54.hifi_reads.fastq.gz
2026-01-21 08:31:04.089 - INFO -   D6-3: R1=D6-3.hifi_reads.fastq.gz, R2=D6-3.hifi_reads.fastq.gz
2026-01-21 08:31:04.089 - INFO -   A3-2: R1=A3-2.hifi_reads.fastq.gz, R2=A3-2.hifi_reads.fastq.gz
2026-01-21 08:31:04.089 - INFO -   B3-16: R1=B3-16.hifi_reads.fastq.gz, R2=B3-16.hifi_reads.fastq.gz
2026-01-21 08:31:04.091 - INFO -   N3-15: R1=N3-15.hifi_reads.fastq.gz, R2=N3-15.hifi_reads.fastq.gz
2026-01-21 08:31:04.091 - INFO -   K2-9: R1=K2-9.hifi_reads.fastq.gz, R2=K2-9.hifi_reads.fastq.gz
2026-01-21 08:31:04.091 - INFO -   A1-17: R1=A1-17.hifi_reads.fastq.gz, R2=A1-17.hifi_reads.fastq.gz
2026-01-21 08:31:04.091 - INFO -   N8-6: R1=N8-6.hifi_reads.fastq.gz, R2=N8-6.hifi_reads.fastq.gz
2026-01-21 08:31:04.091 - INFO -   A1-2: R1=A1-2.hifi_reads.fastq.gz, R2=A1-2.hifi_reads.fastq.gz
2026-01-21 08:31:04.091 - INFO -   B3-2: R1=B3-2.hifi_reads.fastq.gz, R2=B3-2.hifi_reads.fastq.gz
2026-01-21 08:31:04.091 - INFO -   N3-1: R1=N3-1.hifi_reads.fastq.gz, R2=N3-1.hifi_reads.fastq.gz
2026-01-21 08:31:04.091 - INFO -   SG30: R1=SG30.hifi_reads.fastq.gz, R2=SG30.hifi_reads.fastq.gz
2026-01-21 08:31:04.091 - INFO -   M-9: R1=M-9.hifi_reads.fastq.gz, R2=M-9.hifi_reads.fastq.gz
2026-01-21 08:31:04.091 - INFO -   D1-5: R1=D1-5.hifi_reads.fastq.gz, R2=D1-5.hifi_reads.fastq.gz
2026-01-21 08:31:04.091 - INFO -   N8-7: R1=N8-7.hifi_reads.fastq.gz, R2=N8-7.hifi_reads.fastq.gz
2026-01-21 08:31:04.091 - INFO -   A1-10: R1=A1-10.hifi_reads.fastq.gz, R2=A1-10.hifi_reads.fastq.gz
2026-01-21 08:31:04.091 - INFO -   A3-57: R1=A3-57.hifi_reads.fastq.gz, R2=A3-57.hifi_reads.fastq.gz
2026-01-21 08:31:04.091 - INFO -   N3-9: R1=N3-9.hifi_reads.fastq.gz, R2=N3-9.hifi_reads.fastq.gz
2026-01-21 08:31:04.091 - INFO -   N10-10: R1=N10-10.hifi_reads.fastq.gz, R2=N10-10.hifi_reads.fastq.gz
2026-01-21 08:31:04.091 - INFO -   M-6: R1=M-6.hifi_reads.fastq.gz, R2=M-6.hifi_reads.fastq.gz
2026-01-21 08:31:04.091 - INFO -   A3-55: R1=A3-55.hifi_reads.fastq.gz, R2=A3-55.hifi_reads.fastq.gz
2026-01-21 08:31:04.091 - INFO -   D4-5: R1=D4-5.hifi_reads.fastq.gz, R2=D4-5.hifi_reads.fastq.gz
2026-01-21 08:31:04.091 - INFO -   N3-2: R1=N3-2.hifi_reads.fastq.gz, R2=N3-2.hifi_reads.fastq.gz
2026-01-21 08:31:04.091 - INFO -   A1-8: R1=A1-8.hifi_reads.fastq.gz, R2=A1-8.hifi_reads.fastq.gz
2026-01-21 08:31:04.091 - INFO -   D2-1: R1=D2-1.hifi_reads.fastq.gz, R2=D2-1.hifi_reads.fastq.gz
2026-01-21 08:31:04.091 - INFO -   6497: R1=6497.hifi_reads.fastq.gz, R2=6497.hifi_reads.fastq.gz
2026-01-21 08:31:04.091 - INFO -   N10-9: R1=N10-9.hifi_reads.fastq.gz, R2=N10-9.hifi_reads.fastq.gz
2026-01-21 08:31:04.091 - INFO -   A3-17: R1=A3-17.hifi_reads.fastq.gz, R2=A3-17.hifi_reads.fastq.gz
2026-01-21 08:31:04.091 - INFO -   B2-1: R1=B2-1.hifi_reads.fastq.gz, R2=B2-1.hifi_reads.fastq.gz
2026-01-21 08:31:04.091 - INFO -   N2-6: R1=N2-6.hifi_reads.fastq.gz, R2=N2-6.hifi_reads.fastq.gz
2026-01-21 08:31:04.091 - INFO -   D2-8: R1=D2-8.hifi_reads.fastq.gz, R2=D2-8.hifi_reads.fastq.gz
2026-01-21 08:31:04.091 - INFO -   N2-1: R1=N2-1.hifi_reads.fastq.gz, R2=N2-1.hifi_reads.fastq.gz
2026-01-21 08:31:04.091 - INFO -   N8-8: R1=N8-8.hifi_reads.fastq.gz, R2=N8-8.hifi_reads.fastq.gz
2026-01-21 08:31:04.091 - INFO -   N4-2: R1=N4-2.hifi_reads.fastq.gz, R2=N4-2.hifi_reads.fastq.gz
2026-01-21 08:31:04.091 - INFO -   D3-2: R1=D3-2.hifi_reads.fastq.gz, R2=D3-2.hifi_reads.fastq.gz
2026-01-21 08:31:04.091 - INFO -   N11-6: R1=N11-6.hifi_reads.fastq.gz, R2=N11-6.hifi_reads.fastq.gz
2026-01-21 08:31:04.091 - INFO -   K2-16: R1=K2-16.hifi_reads.fastq.gz, R2=K2-16.hifi_reads.fastq.gz
2026-01-21 08:31:04.091 - INFO -   N8-5: R1=N8-5.hifi_reads.fastq.gz, R2=N8-5.hifi_reads.fastq.gz
2026-01-21 08:31:04.091 - INFO -   B4-50: R1=B4-50.hifi_reads.fastq.gz, R2=B4-50.hifi_reads.fastq.gz
2026-01-21 08:31:04.091 - INFO -   7076: R1=7076.hifi_reads.fastq.gz, R2=7076.hifi_reads.fastq.gz
2026-01-21 08:31:04.091 - INFO -   A3-27: R1=A3-27.hifi_reads.fastq.gz, R2=A3-27.hifi_reads.fastq.gz
2026-01-21 08:31:04.091 - INFO -   D4-2: R1=D4-2.hifi_reads.fastq.gz, R2=D4-2.hifi_reads.fastq.gz
2026-01-21 08:31:04.091 - INFO -   B2-2: R1=B2-2.hifi_reads.fastq.gz, R2=B2-2.hifi_reads.fastq.gz
2026-01-21 08:31:04.091 - INFO -   A3-22: R1=A3-22.hifi_reads.fastq.gz, R2=A3-22.hifi_reads.fastq.gz
2026-01-21 08:31:04.091 - INFO -   N2-9: R1=N2-9.hifi_reads.fastq.gz, R2=N2-9.hifi_reads.fastq.gz
2026-01-21 08:31:04.091 - INFO -   N10-3: R1=N10-3.hifi_reads.fastq.gz, R2=N10-3.hifi_reads.fastq.gz
2026-01-21 08:31:04.091 - INFO -   A2-5: R1=A2-5.hifi_reads.fastq.gz, R2=A2-5.hifi_reads.fastq.gz
2026-01-21 08:31:04.091 - INFO -   N3-16: R1=N3-16.hifi_reads.fastq.gz, R2=N3-16.hifi_reads.fastq.gz
2026-01-21 08:31:04.091 - INFO -   M-8: R1=M-8.hifi_reads.fastq.gz, R2=M-8.hifi_reads.fastq.gz
2026-01-21 08:31:04.091 - INFO -   B4-36: R1=B4-36.hifi_reads.fastq.gz, R2=B4-36.hifi_reads.fastq.gz
2026-01-21 08:31:04.091 - INFO -   D4-9: R1=D4-9.hifi_reads.fastq.gz, R2=D4-9.hifi_reads.fastq.gz
2026-01-21 08:31:04.091 - INFO -   B3-5: R1=B3-5.hifi_reads.fastq.gz, R2=B3-5.hifi_reads.fastq.gz
2026-01-21 08:31:04.091 - INFO -   A3-52: R1=A3-52.hifi_reads.fastq.gz, R2=A3-52.hifi_reads.fastq.gz
2026-01-21 08:31:04.092 - INFO -   K1-2: R1=K1-2.hifi_reads.fastq.gz, R2=K1-2.hifi_reads.fastq.gz
2026-01-21 08:31:04.092 - INFO -   A2-3: R1=A2-3.hifi_reads.fastq.gz, R2=A2-3.hifi_reads.fastq.gz
2026-01-21 08:31:04.092 - INFO -   41: R1=41.hifi_reads.fastq.gz, R2=41.hifi_reads.fastq.gz
2026-01-21 08:31:04.092 - INFO -   N11-7: R1=N11-7.hifi_reads.fastq.gz, R2=N11-7.hifi_reads.fastq.gz
2026-01-21 08:31:04.092 - INFO -   B4-5: R1=B4-5.hifi_reads.fastq.gz, R2=B4-5.hifi_reads.fastq.gz
2026-01-21 08:31:04.092 - INFO -   B3-8: R1=B3-8.hifi_reads.fastq.gz, R2=B3-8.hifi_reads.fastq.gz
2026-01-21 08:31:04.092 - INFO -   B4-10: R1=B4-10.hifi_reads.fastq.gz, R2=B4-10.hifi_reads.fastq.gz
2026-01-21 08:31:04.092 - INFO -   M-7: R1=M-7.hifi_reads.fastq.gz, R2=M-7.hifi_reads.fastq.gz
2026-01-21 08:31:04.092 - INFO -   B4-18: R1=B4-18.hifi_reads.fastq.gz, R2=B4-18.hifi_reads.fastq.gz
2026-01-21 08:31:04.092 - INFO -   A3-14: R1=A3-14.hifi_reads.fastq.gz, R2=A3-14.hifi_reads.fastq.gz
2026-01-21 08:31:04.092 - INFO -   N8-9: R1=N8-9.hifi_reads.fastq.gz, R2=N8-9.hifi_reads.fastq.gz
2026-01-21 08:31:04.092 - INFO -   M-13: R1=M-13.hifi_reads.fastq.gz, R2=M-13.hifi_reads.fastq.gz
2026-01-21 08:31:04.092 - INFO -   B4-1: R1=B4-1.hifi_reads.fastq.gz, R2=B4-1.hifi_reads.fastq.gz
2026-01-21 08:31:04.092 - INFO -   N6-1: R1=N6-1.hifi_reads.fastq.gz, R2=N6-1.hifi_reads.fastq.gz
2026-01-21 08:31:04.092 - INFO -   B3-12: R1=B3-12.hifi_reads.fastq.gz, R2=B3-12.hifi_reads.fastq.gz
2026-01-21 08:31:04.092 - INFO -   B3-15: R1=B3-15.hifi_reads.fastq.gz, R2=B3-15.hifi_reads.fastq.gz
2026-01-21 08:31:04.092 - INFO -   M-16: R1=M-16.hifi_reads.fastq.gz, R2=M-16.hifi_reads.fastq.gz
2026-01-21 08:31:04.092 - INFO -   N12-2: R1=N12-2.hifi_reads.fastq.gz, R2=N12-2.hifi_reads.fastq.gz
2026-01-21 08:31:04.092 - INFO -   D2-16: R1=D2-16.hifi_reads.fastq.gz, R2=D2-16.hifi_reads.fastq.gz
2026-01-21 08:31:04.092 - INFO -   D2-4: R1=D2-4.hifi_reads.fastq.gz, R2=D2-4.hifi_reads.fastq.gz
2026-01-21 08:31:04.092 - INFO -   A3-4: R1=A3-4.hifi_reads.fastq.gz, R2=A3-4.hifi_reads.fastq.gz
2026-01-21 08:31:04.092 - INFO -   M-4: R1=M-4.hifi_reads.fastq.gz, R2=M-4.hifi_reads.fastq.gz
2026-01-21 08:31:04.092 - INFO -   N12-6: R1=N12-6.hifi_reads.fastq.gz, R2=N12-6.hifi_reads.fastq.gz
2026-01-21 08:31:04.092 - INFO -   N3-3: R1=N3-3.hifi_reads.fastq.gz, R2=N3-3.hifi_reads.fastq.gz
2026-01-21 08:31:04.092 - INFO -   D5-2: R1=D5-2.hifi_reads.fastq.gz, R2=D5-2.hifi_reads.fastq.gz
2026-01-21 08:31:04.092 - INFO -   A1-1: R1=A1-1.hifi_reads.fastq.gz, R2=A1-1.hifi_reads.fastq.gz
2026-01-21 08:31:04.092 - INFO -   N8-10: R1=N8-10.hifi_reads.fastq.gz, R2=N8-10.hifi_reads.fastq.gz
2026-01-21 08:31:04.092 - INFO -   D3-3: R1=D3-3.hifi_reads.fastq.gz, R2=D3-3.hifi_reads.fastq.gz
2026-01-21 08:31:04.092 - INFO - 使用64个线程处理|Processing with 64 threads
2026-01-21 08:31:04.092 - INFO - 正在处理111个文件|Processing 111 files
2026-01-21 08:31:04.092 - INFO - 运行seqkit命令|Running seqkit command with 111 files
2026-01-21 08:38:14.339 - INFO - seqkit成功处理111个文件|seqkit successfully processed 111 files
