2026-01-20 21:18:54.372 - WARNING - 命令错误输出|Command stderr:
-- canu master +27 changes (r10515 2a41e933b8de6ed66723d75d36dd071b46d2c347)
--
-- CITATIONS
--
-- For assemblies of PacBio HiFi reads:
--   Nurk S, Walenz BP, Rhiea A, Vollger MR, Logsdon GA, Grothe R, Miga KH, Eichler EE, Phillippy AM, Koren S.
--   HiCanu: accurate assembly of segmental duplications, satellites, and allelic variants from high-fidelity long reads.
--   biorXiv. 2020.
--   https://doi.org/10.1101/2020.03.14.992248
-- 
-- Read and contig alignments during correction and consensus use:
--   Šošic M, Šikic M.
--   Edlib: a C/C ++ library for fast, exact sequence alignment using edit distance.
--   Bioinformatics. 2017 May 1;33(9):1394-1395.
--   http://doi.org/10.1093/bioinformatics/btw753
-- 
-- Overlaps are generated using:
--   Berlin K, et al.
--   Assembling large genomes with single-molecule sequencing and locality-sensitive hashing.
--   Nat Biotechnol. 2015 Jun;33(6):623-30.
--   http://doi.org/10.1038/nbt.3238
-- 
--   Myers EW, et al.
--   A Whole-Genome Assembly of Drosophila.
--   Science. 2000 Mar 24;287(5461):2196-204.
--   http://doi.org/10.1126/science.287.5461.2196
-- 
-- Contig consensus sequences are generated using an algorithm derived from pbdagcon:
--   Chin CS, et al.
--   Nonhybrid, finished microbial genome assemblies from long-read SMRT sequencing data.
--   Nat Methods. 2013 Jun;10(6):563-9
--   http://doi.org/10.1038/nmeth.2474
-- 
-- CONFIGURE CANU
--
-- Detected Java(TM) Runtime Environment '17.0.15-internal' (from '/share/org/YZWL/yzwl_lixg/.local/bin/java') without -d64 support.
--
-- WARNING:
-- WARNING:  Failed to run gnuplot using command 'gnuplot'.
-- WARNING:  Plots will be disabled.
-- WARNING:
--
-- Detected samtools version '1.22' / htslib version 'htscodecs=1.6.3' (from 'samtools').
--
-- Detected 88 CPUs and 503 gigabytes of memory on the local machine.
--
-- Detected Slurm with 'sinfo' binary in /opt/skyformai/bin/sinfo.
--          Slurm disabled by useGrid=false
--
-- Detected  '' with 'pbsnodes' binary in /opt/skyformai/bin/pbsnodes.
--           disabled by useGrid=false
--
-- Detected LSF with 'bsub' binary in /opt/skyformai/bin/bsub.
--          LSF disabled by useGrid=false
--
-- Local machine mode enabled; grid support not detected or not allowed.
--
-- Found trimmed raw PacBio HiFi reads in the input files.
--
--                                (tag)Concurrency
--                         (tag)Threads          |
--                (tag)Memory         |          |
--        (tag)             |         |          |       total usage      algorithm
--        -------  ----------  --------   --------  --------------------  -----------------------------
-- Local: meryl     12.000 GB    4 CPUs x  22 jobs   264.000 GB  88 CPUs  (k-mer counting)
-- Local: cormhap   13.000 GB   11 CPUs x   8 jobs   104.000 GB  88 CPUs  (overlap detection with mhap)
-- Local: obtovl     8.000 GB    8 CPUs x  11 jobs    88.000 GB  88 CPUs  (overlap detection)
-- Local: utgovl     8.000 GB    8 CPUs x  11 jobs    88.000 GB  88 CPUs  (overlap detection)
-- Local: cor        -.--- GB    4 CPUs x   - jobs     -.--- GB   - CPUs  (read correction)
-- Local: ovb        4.000 GB    1 CPU  x  88 jobs   352.000 GB  88 CPUs  (overlap store bucketizer)
-- Local: ovs        8.000 GB    1 CPU  x  62 jobs   496.000 GB  62 CPUs  (overlap store sorting)
-- Local: red       16.000 GB    4 CPUs x  22 jobs   352.000 GB  88 CPUs  (read error detection)
-- Local: oea        8.000 GB    1 CPU  x  62 jobs   496.000 GB  62 CPUs  (overlap error adjustment)
-- Local: bat       32.000 GB    8 CPUs x   1 job     32.000 GB   8 CPUs  (contig construction with bogart)
-- Local: cns        -.--- GB    8 CPUs x   - jobs     -.--- GB   - CPUs  (consensus)
--
-- Generating assembly 'N4-1' in '/share/org/YZWL/yzwl_lixg/project/28.大豆疫霉菌三代基因组/03.hicanu/N4-1/01.raw_output':
--   genomeSize:
--     85000000
--
--   Overlap Generation Limits:
--     corOvlErrorRate 0.0000 (  0.00%)
--     obtOvlErrorRate 0.0250 (  2.50%)
--     utgOvlErrorRate 0.0100 (  1.00%)
--
--   Overlap Processing Limits:
--     corErrorRate    0.0000 (  0.00%)
--     obtErrorRate    0.0250 (  2.50%)
--     utgErrorRate    0.0003 (  0.03%)
--     cnsErrorRate    0.0500 (  5.00%)
--
--   Stages to run:
--     assemble HiFi reads.
--
--
-- BEGIN STORE CREATION
----------------------------------------
-- Starting command on Tue Jan 20 18:56:33 2026 with 4175718.5 GB free disk space

    cd .
    ./N4-1.seqStore.sh \
    > ./N4-1.seqStore.err 2>&1

-- Finished on Tue Jan 20 19:03:42 2026 (430 seconds) with 4174399.109 GB free disk space
----------------------------------------
--
-- In sequence store './N4-1.seqStore':
--   Found 261707 reads.
--   Found 4250003022 bases (50 times coverage).
--    Histogram of corrected reads:
--    
--    G=4250003022                       sum of  ||               length     num
--    NG         length     index       lengths  ||                range    seqs
--    ----- ------------ --------- ------------  ||  ------------------- -------
--    00010        24968     16067    425013373  ||       1234-2571         9095|-----------------
--    00020        23465     33665    850002419  ||       2572-3909        13769|-------------------------
--    00030        22399     52224   1275017584  ||       3910-5247        13534|------------------------
--    00040        21528     71585   1700001327  ||       5248-6585        11688|---------------------
--    00050        20757     91693   2125020580  ||       6586-7923         9876|------------------
--    00060        19983    112554   2550002799  ||       7924-9261         8330|---------------
--    00070        19063    134308   2975018174  ||       9262-10599        7301|-------------
--    00080        17506    157427   3400006092  ||      10600-11937        6118|-----------
--    00090        10900    186643   3825012874  ||      11938-13275        5127|----------
--    00100         1234    261707   4250003022  ||      13276-14613        4311|--------
--    001.000x              261707   4250003022  ||      14614-15951        4823|---------
--                                               ||      15952-17289        8349|---------------
--                                               ||      17290-18627       16858|------------------------------
--                                               ||      18628-19965       29547|-----------------------------------------------------
--                                               ||      19966-21303       35721|---------------------------------------------------------------
--                                               ||      21304-22641       29816|-----------------------------------------------------
--                                               ||      22642-23979       20879|-------------------------------------
--                                               ||      23980-25317       13317|------------------------
--                                               ||      25318-26655        7689|--------------
--                                               ||      26656-27993        3661|-------
--                                               ||      27994-29331        1386|---
--                                               ||      29332-30669         410|-
--                                               ||      30670-32007          71|-
--                                               ||      32008-33345          10|-
--                                               ||      33346-34683           3|-
--                                               ||      34684-36021           1|-
--                                               ||      36022-37359           1|-
--                                               ||      37360-38697           2|-
--                                               ||      38698-40035           1|-
--                                               ||      40036-41373           0|
--                                               ||      41374-42711           3|-
--                                               ||      42712-44049           0|
--                                               ||      44050-45387           1|-
--                                               ||      45388-46725           3|-
--                                               ||      46726-48063           2|-
--                                               ||      48064-49401           2|-
--                                               ||      49402-50739           0|
--                                               ||      50740-52077           0|
--                                               ||      52078-53415           1|-
--                                               ||      53416-54753           1|-
--    
--
-- In sequence store './N4-1.seqStore':
--   Found 261707 reads.
--   Found 4250003022 bases (50 times coverage).
--    Histogram of corrected-trimmed reads:
--    
--    G=4250003022                       sum of  ||               length     num
--    NG         length     index       lengths  ||                range    seqs
--    ----- ------------ --------- ------------  ||  ------------------- -------
--    00010        24968     16067    425013373  ||       1234-2571         9095|-----------------
--    00020        23465     33665    850002419  ||       2572-3909        13769|-------------------------
--    00030        22399     52224   1275017584  ||       3910-5247        13534|------------------------
--    00040        21528     71585   1700001327  ||       5248-6585        11688|---------------------
--    00050        20757     91693   2125020580  ||       6586-7923         9876|------------------
--    00060        19983    112554   2550002799  ||       7924-9261         8330|---------------
--    00070        19063    134308   2975018174  ||       9262-10599        7301|-------------
--    00080        17506    157427   3400006092  ||      10600-11937        6118|-----------
--    00090        10900    186643   3825012874  ||      11938-13275        5127|----------
--    00100         1234    261707   4250003022  ||      13276-14613        4311|--------
--    001.000x              261707   4250003022  ||      14614-15951        4823|---------
--                                               ||      15952-17289        8349|---------------
--                                               ||      17290-18627       16858|------------------------------
--                                               ||      18628-19965       29547|-----------------------------------------------------
--                                               ||      19966-21303       35721|---------------------------------------------------------------
--                                               ||      21304-22641       29816|-----------------------------------------------------
--                                               ||      22642-23979       20879|-------------------------------------
--                                               ||      23980-25317       13317|------------------------
--                                               ||      25318-26655        7689|--------------
--                                               ||      26656-27993        3661|-------
--                                               ||      27994-29331        1386|---
--                                               ||      29332-30669         410|-
--                                               ||      30670-32007          71|-
--                                               ||      32008-33345          10|-
--                                               ||      33346-34683           3|-
--                                               ||      34684-36021           1|-
--                                               ||      36022-37359           1|-
--                                               ||      37360-38697           2|-
--                                               ||      38698-40035           1|-
--                                               ||      40036-41373           0|
--                                               ||      41374-42711           3|-
--                                               ||      42712-44049           0|
--                                               ||      44050-45387           1|-
--                                               ||      45388-46725           3|-
--                                               ||      46726-48063           2|-
--                                               ||      48064-49401           2|-
--                                               ||      49402-50739           0|
--                                               ||      50740-52077           0|
--                                               ||      52078-53415           1|-
--                                               ||      53416-54753           1|-
--    
--
-- Correction skipped; not enabled.
--
-- Trimming skipped; not enabled.
--
-- BEGIN ASSEMBLY
----------------------------------------
-- Starting command on Tue Jan 20 19:03:43 2026 with 4174399.062 GB free disk space

    cd unitigging/0-mercounts
    ./meryl-configure.sh \
    > ./meryl-configure.err 2>&1

-- Finished on Tue Jan 20 19:03:44 2026 (one second) with 4174399.062 GB free disk space
----------------------------------------
--  segments   memory batches
--  -------- -------- -------
--        01 10.81 GB       2
--        02  5.75 GB       2
--        04  2.97 GB       2
--        06  2.14 GB       2
--        08  1.61 GB       2
--        12  1.07 GB       2
--        16  0.81 GB       2
--        20  0.65 GB       2
--        24  0.54 GB       2
--        32  0.41 GB       2
--        40  0.32 GB       2
--        48  -.-- GB       -  (segment size too small)
--        56  -.-- GB       -  (segment size too small)
--        64  -.-- GB       -  (segment size too small)
--        96  -.-- GB       -  (segment size too small)
--
--  For 261707 reads with 4250003022 bases, limit to 42 batches.
--  Will count kmers using 01 jobs, each using 12 GB and 4 threads.
--
-- Finished stage 'merylConfigure', reset canuIteration.
--
-- Running jobs.  First attempt out of 2.
----------------------------------------
-- Starting 'meryl' concurrent execution on Tue Jan 20 19:03:44 2026 with 4174399.031 GB free disk space (1 processes; 22 concurrently)

    cd unitigging/0-mercounts
    ./meryl-count.sh 1 > ./meryl-count.000001.out 2>&1

-- Finished on Tue Jan 20 19:07:09 2026 (205 seconds) with 4173869.656 GB free disk space
----------------------------------------
-- Found 1 Kmer counting (meryl) outputs.
-- Finished stage 'utg-merylCountCheck', reset canuIteration.
--
-- Running jobs.  First attempt out of 2.
----------------------------------------
-- Starting 'meryl' concurrent execution on Tue Jan 20 19:07:09 2026 with 4173869.625 GB free disk space (1 processes; 22 concurrently)

    cd unitigging/0-mercounts
    ./meryl-process.sh 1 > ./meryl-process.000001.out 2>&1

-- Finished on Tue Jan 20 19:07:15 2026 (6 seconds) with 4173803.578 GB free disk space
----------------------------------------
-- Meryl finished successfully.  Kmer frequency histogram:
--
-- WARNING: gnuplot failed.
--
----------------------------------------
--
--  22-mers                                                                                           Fraction
--    Occurrences   NumMers                                                                         Unique Total
--       1-     1         0                                                                        0.0000 0.0000
--       2-     2    115625                                                                        0.0026 0.0001
--       3-     4     29205                                                                        0.0031 0.0001
--       5-     7      6446                                                                        0.0033 0.0001
--       8-    11      3510                                                                        0.0034 0.0001
--      12-    16     18607                                                                        0.0035 0.0002
--      17-    22     72645                                                                        0.0040 0.0002
--      23-    29    517214 **                                                                     0.0061 0.0009
--      30-    37   4219230 ******************                                                     0.0216 0.0069
--      38-    46  15470488 ********************************************************************   0.1366 0.0638
--      47-    56  15751242 ********************************************************************** 0.5036 0.2854
--      57-    67   3648449 ****************                                                       0.8255 0.5171
--      68-    79    590301 **                                                                     0.8910 0.5727
--      80-    92   1026376 ****                                                                   0.9042 0.5864
--      93-   106    904737 ****                                                                   0.9275 0.6147
--     107-   121    308191 *                                                                      0.9466 0.6412
--     122-   137    287096 *                                                                      0.9531 0.6515
--     138-   154    279893 *                                                                      0.9595 0.6633
--     155-   172    164461                                                                        0.9656 0.6757
--     173-   191    158395                                                                        0.9692 0.6839
--     192-   211    145827                                                                        0.9727 0.6929
--     212-   232    112683                                                                        0.9759 0.7019
--     233-   254    103746                                                                        0.9785 0.7097
--     255-   277     87829                                                                        0.9808 0.7175
--     278-   301     80483                                                                        0.9827 0.7247
--     302-   326     70970                                                                        0.9845 0.7319
--     327-   352     55147                                                                        0.9861 0.7389
--     353-   379     44536                                                                        0.9873 0.7446
--     380-   407     41758                                                                        0.9883 0.7496
--     408-   436     33919                                                                        0.9892 0.7547
--     437-   466     32372                                                                        0.9899 0.7591
--     467-   497     28501                                                                        0.9907 0.7637
--     498-   529     26927                                                                        0.9913 0.7679
--     530-   562     20905                                                                        0.9919 0.7722
--     563-   596     19762                                                                        0.9923 0.7757
--     597-   631     18449                                                                        0.9928 0.7793
--     632-   667     15388                                                                        0.9932 0.7828
--     668-   704     14952                                                                        0.9935 0.7859
--     705-   742     15949                                                                        0.9939 0.7891
--     743-   781     12890                                                                        0.9942 0.7927
--     782-   821     11676                                                                        0.9945 0.7957
--
--           0 (max occurrences)
--  3216600696 (total mers, non-unique)
--    44801073 (distinct mers, non-unique)
--           0 (unique mers)
-- Finished stage 'meryl-process', reset canuIteration.
--
-- Removing meryl database 'unitigging/0-mercounts/N4-1.ms22'.
--
-- OVERLAPPER (normal) (assembly) erate=0.01
--
----------------------------------------
-- Starting command on Tue Jan 20 19:07:15 2026 with 4173803.562 GB free disk space

    cd unitigging/1-overlapper
    /share/org/YZWL/yzwl_lixg/miniforge3/envs/canu_v.2.3/bin/overlapInCorePartition \
     -S  ../../N4-1.seqStore \
     -hl 160000000 \
     -rl 5000000000 \
     -ol 500 \
     -o  ./N4-1.partition \
    > ./N4-1.partition.err 2>&1

-- Finished on Tue Jan 20 19:07:15 2026 (in the blink of an eye) with 4173803.546 GB free disk space
----------------------------------------
--
-- Configured 21 overlapInCore jobs.
-- Finished stage 'utg-overlapConfigure', reset canuIteration.
--
-- Running jobs.  First attempt out of 2.
----------------------------------------
-- Starting 'utgovl' concurrent execution on Tue Jan 20 19:07:15 2026 with 4173803.515 GB free disk space (21 processes; 11 concurrently)

    cd unitigging/1-overlapper
    ./overlap.sh 1 > ./overlap.000001.out 2>&1
    ./overlap.sh 2 > ./overlap.000002.out 2>&1
    ./overlap.sh 3 > ./overlap.000003.out 2>&1
    ./overlap.sh 4 > ./overlap.000004.out 2>&1
    ./overlap.sh 5 > ./overlap.000005.out 2>&1
    ./overlap.sh 6 > ./overlap.000006.out 2>&1
    ./overlap.sh 7 > ./overlap.000007.out 2>&1
    ./overlap.sh 8 > ./overlap.000008.out 2>&1
    ./overlap.sh 9 > ./overlap.000009.out 2>&1
    ./overlap.sh 10 > ./overlap.000010.out 2>&1
    ./overlap.sh 11 > ./overlap.000011.out 2>&1
    ./overlap.sh 12 > ./overlap.000012.out 2>&1
    ./overlap.sh 13 > ./overlap.000013.out 2>&1
    ./overlap.sh 14 > ./overlap.000014.out 2>&1
    ./overlap.sh 15 > ./overlap.000015.out 2>&1
    ./overlap.sh 16 > ./overlap.000016.out 2>&1
    ./overlap.sh 17 > ./overlap.000017.out 2>&1
    ./overlap.sh 18 > ./overlap.000018.out 2>&1
    ./overlap.sh 19 > ./overlap.000019.out 2>&1
    ./overlap.sh 20 > ./overlap.000020.out 2>&1
    ./overlap.sh 21 > ./overlap.000021.out 2>&1

-- Finished on Tue Jan 20 19:41:09 2026 (2034 seconds) with 4168747.531 GB free disk space
----------------------------------------
-- Found 21 overlapInCore output files.
--
-- overlapInCore compute 'unitigging/1-overlapper':
--   kmer hits
--     with no overlap       1387285916  34.0952381 +- 41521847.983
--     with an overlap         56370436  6.47619048 +- 1579386.976
--
--   overlaps                  56370436  6.47619048 +- 1579386.976
--     contained               13886131  .333333333 +- 392163.206
--     dovetail                42484305  2.14285714 +- 1200923.329
--
--   overlaps rejected
--     multiple per pair              0           0 +- 0
--     bad short window               0           0 +- 0
--     bad long window                0           0 +- 0
-- Finished stage 'utg-overlapCheck', reset canuIteration.
----------------------------------------
-- Starting command on Tue Jan 20 19:41:09 2026 with 4168747.515 GB free disk space

    cd unitigging
    /share/org/YZWL/yzwl_lixg/miniforge3/envs/canu_v.2.3/bin/ovStoreConfig \
     -S ../N4-1.seqStore \
     -M 4-8 \
     -L ./1-overlapper/ovljob.files \
     -create ./N4-1.ovlStore.config \
     > ./N4-1.ovlStore.config.txt \
    2> ./N4-1.ovlStore.config.err

-- Finished on Tue Jan 20 19:41:09 2026 (like a bat out of hell) with 4168747.5 GB free disk space
----------------------------------------
--
-- Creating overlap store unitigging/N4-1.ovlStore using:
--      1 bucket
--      1 slice
--        using at most 4 GB memory each
--
-- Running jobs.  First attempt out of 2.
----------------------------------------
-- Starting 'ovS' concurrent execution on Tue Jan 20 19:41:09 2026 with 4168747.484 GB free disk space (1 processes; 62 concurrently)

    cd unitigging
    ./N4-1.ovlStore.sh 1 > ./N4-1.ovlStore.000001.out 2>&1

-- Finished on Tue Jan 20 19:41:32 2026 (23 seconds) with 4168700 GB free disk space
----------------------------------------
-- Checking store.
----------------------------------------
-- Starting command on Tue Jan 20 19:41:32 2026 with 4168700 GB free disk space

    cd unitigging
    /share/org/YZWL/yzwl_lixg/miniforge3/envs/canu_v.2.3/bin/ovStoreDump \
     -S ../N4-1.seqStore \
     -O  ./N4-1.ovlStore \
     -counts \
     > ./N4-1.ovlStore/counts.dat 2> ./N4-1.ovlStore/counts.err

-- Finished on Tue Jan 20 19:41:32 2026 (fast as lightning) with 4168699.968 GB free disk space
----------------------------------------
--
-- Overlap store 'unitigging/N4-1.ovlStore' successfully constructed.
-- Found 112740872 overlaps for 259626 reads; 1518276 reads have no overlaps.
--
--
-- Purged 1.063 GB in 63 overlap output files.
----------------------------------------
-- Starting command on Tue Jan 20 19:41:33 2026 with 4168700.968 GB free disk space

    cd unitigging
    /share/org/YZWL/yzwl_lixg/miniforge3/envs/canu_v.2.3/bin/ovStoreStats \
     -C 50 \
     -S ../N4-1.seqStore \
     -O  ./N4-1.ovlStore \
     -o  ./N4-1.ovlStore \
     > ./N4-1.ovlStore.summary.err 2>&1

-- Finished on Tue Jan 20 19:41:49 2026 (16 seconds) with 4168586.562 GB free disk space
----------------------------------------
--
-- Overlap store 'unitigging/N4-1.ovlStore' contains:
--
--   category            reads     %          read length        feature size or coverage  analysis
--   ----------------  -------  -------  ----------------------  ------------------------  --------------------
--   middle-missing        139    0.05    16159.05 +- 7783.06        552.19 +- 475.60     (bad trimming)
--   middle-hump             3    0.00    14590.00 +- 2611.11       2979.67 +- 3393.27    (bad trimming)
--   no-5-prime            412    0.16    12715.39 +- 5498.39        624.02 +- 1178.83    (bad trimming)
--   no-3-prime            588    0.22    10161.86 +- 6564.13        581.47 +- 1428.64    (bad trimming)
--   
--   low-coverage          340    0.13     6079.74 +- 5055.60          5.24 +- 3.71       (easy to assemble, potential for lower quality consensus)
--   unique             212400   81.16    12471.52 +- 5742.69         46.41 +- 8.21       (easy to assemble, perfect, yay)
--   repeat-cont         22564    8.62    10202.06 +- 5080.91       2195.99 +- 1490.25    (potential for consensus errors, no impact on assembly)
--   repeat-dove           311    0.12    19342.51 +- 1491.76        856.27 +- 989.63     (hard to assemble, likely won't assemble correctly or even at all)
--   
--   span-repeat          2513    0.96    14023.22 +- 4864.55       2497.47 +- 3094.93    (read spans a large repeat, usually easy to assemble)
--   uniq-repeat-cont    12843    4.91    12503.07 +- 4842.84                             (should be uniquely placed, low potential for consensus errors, no impact on assembly)
--   uniq-repeat-dove     3469    1.33    18146.13 +- 2080.41                             (will end contigs, potential to misassemble)
--   uniq-anchor          4044    1.55    13670.55 +- 4646.40       8174.28 +- 4980.28    (repeat read, with unique section, probable bad read)
-- Finished stage 'utg-createOverlapStore', reset canuIteration.
--
-- Loading read lengths.
-- Loading number of overlaps per read.
--
-- Configure RED for 16gb memory.
--                   Batches of at most (unlimited) reads.
--                                      500000000 bases.
--                   Expecting evidence of at most 536870912 bases per iteration.
--
--           Total                                               Reads                 Olaps Evidence
--    Job   Memory      Read Range         Reads        Bases   Memory        Olaps   Memory   Memory  (Memory in MB)
--   ---- -------- ------------------- --------- ------------ -------- ------------ -------- --------
--      1 16385.84         1-37145          5410    108851172 13287.67      2287140    26.17  1024.00
--      2 16386.30     37146-75986          5821    108904626 13294.20      1756233    20.10  1024.00
--      3 16385.84     75987-120200         6529    108842130 13286.60      2380160    27.24  1024.00
--      4 16384.32    120201-160977         6005    108747756 13275.06      3255970    37.26  1024.00
--      5 16384.95    160978-207001         6757    108835158 13285.75      2376742    27.20  1024.00
--      6 16385.06    207002-272064         9620    108692400 13268.42      3901257    44.65  1024.00
--      7 16384.47    272065-311204         5789    108745603 13274.79      3292631    37.68  1024.00
--      8 16384.39    311205-353490         6193    108815764 13283.37      2536265    29.03  1024.00
--      9 16385.94    353491-418200         9424    108710285 13270.60      3787541    43.34  1024.00
--     10 16384.46    418201-457111         5713    108869853 13289.96      1966510    22.50  1024.00
--     11 16385.33    457112-498501         6012    108693123 13268.39      3926984    44.94  1024.00
--     12 16384.17    498502-549977         7519    108896457 13293.26      1652383    18.91  1024.00
--     13 16385.23    549978-601868         7642    108752501 13275.69      3279935    37.54  1024.00
--     14 16384.92    601869-642075         5835    108647448 13262.81      4378877    50.11  1024.00
--     15 16385.21    642076-686555         6511    108886881 13292.06      1848095    21.15  1024.00
--     16 16385.21    686556-743205         8334    108676947 13266.49      4082222    46.72  1024.00
--     17 16386.15    743206-782329         5706    108761734 13276.76      3267549    37.39  1024.00
--     18 16386.15    782330-824292         6131    108826173 13284.64      2578514    29.51  1024.00
--     19 16386.26    824293-879992         8240    108708921 13270.39      3833429    43.87  1024.00
--     20 16385.10    879993-916677         5391    108922061 13296.32      1466204    16.78  1024.00
--     21 16385.95    916678-954432         5557    108789253 13280.11      2956804    33.84  1024.00
--     22 16385.98    954433-994461         5976    108983233 13303.81       888894    10.17  1024.00
--     23 16386.47    994462-1039206        6675    108820971 13284.02      2660333    30.45  1024.00
--     24 16385.17   1039207-1079091        5877    108744078 13274.61      3369194    38.56  1024.00
--     25 16385.60   1079092-1122670        6504    108847042 13287.20      2306884    26.40  1024.00
--     26 16385.70   1122671-1183556        8823    108707685 13270.26      3796227    43.44  1024.00
--     27 16385.24   1183557-1221851        5729    108773036 13278.14      3067625    35.11  1024.00
--     28 16384.46   1221852-1262463        6062    108830203 13285.13      2388061    27.33  1024.00
--     29 16384.23   1262464-1320053        8464    108740435 13274.25      3319038    37.98  1024.00
--     30 16385.97   1320054-1362366        6065    108864221 13289.28      2157799    24.69  1024.00
--     31 16385.43   1362367-1402443        5879    108716151 13271.20      3690364    42.23  1024.00
--     32 16385.19   1402444-1449960        6940    108958063 13300.76      1085721    12.43  1024.00
--     33 16384.05   1449961-1501594        7567    108710068 13270.51      3629736    41.54  1024.00
--     34 16385.72   1501595-1540556        5797    108734503 13273.44      3520038    40.28  1024.00
--     35 16384.24   1540557-1583367        6386    108804572 13282.01      2641787    30.23  1024.00
--     36 16384.28   1583368-1640735        8480    108709848 13270.51      3649659    41.77  1024.00
--     37 16385.01   1640736-1678596        5662    108745266 13274.75      3343360    38.26  1024.00
--     38 16384.29   1678597-1719425        5979    108805846 13282.15      2633257    30.14  1024.00
--     39 16386.38   1719426-1773960        8117    108735935 13273.69      3556156    40.70  1024.00
--     40  3952.97   1773961-1777902         586      7195620   878.39       225294     2.58  1024.00
--   ---- -------- ------------------- --------- ------------ -------- ------------ -------- --------
--                                                 4250003022             112740872
-- Finished stage 'readErrorDetectionConfigure', reset canuIteration.
--
-- Running jobs.  First attempt out of 2.
----------------------------------------
-- Starting 'red' concurrent execution on Tue Jan 20 19:41:56 2026 with 4168586.375 GB free disk space (40 processes; 22 concurrently)

    cd unitigging/3-overlapErrorAdjustment
    ./red.sh 1 > ./red.000001.out 2>&1
    ./red.sh 2 > ./red.000002.out 2>&1
    ./red.sh 3 > ./red.000003.out 2>&1
    ./red.sh 4 > ./red.000004.out 2>&1
    ./red.sh 5 > ./red.000005.out 2>&1
    ./red.sh 6 > ./red.000006.out 2>&1
    ./red.sh 7 > ./red.000007.out 2>&1
    ./red.sh 8 > ./red.000008.out 2>&1
    ./red.sh 9 > ./red.000009.out 2>&1
    ./red.sh 10 > ./red.000010.out 2>&1
    ./red.sh 11 > ./red.000011.out 2>&1
    ./red.sh 12 > ./red.000012.out 2>&1
    ./red.sh 13 > ./red.000013.out 2>&1
    ./red.sh 14 > ./red.000014.out 2>&1
    ./red.sh 15 > ./red.000015.out 2>&1
    ./red.sh 16 > ./red.000016.out 2>&1
    ./red.sh 17 > ./red.000017.out 2>&1
    ./red.sh 18 > ./red.000018.out 2>&1
    ./red.sh 19 > ./red.000019.out 2>&1
    ./red.sh 20 > ./red.000020.out 2>&1
    ./red.sh 21 > ./red.000021.out 2>&1
    ./red.sh 22 > ./red.000022.out 2>&1
    ./red.sh 23 > ./red.000023.out 2>&1
    ./red.sh 24 > ./red.000024.out 2>&1
    ./red.sh 25 > ./red.000025.out 2>&1
    ./red.sh 26 > ./red.000026.out 2>&1
    ./red.sh 27 > ./red.000027.out 2>&1
    ./red.sh 28 > ./red.000028.out 2>&1
    ./red.sh 29 > ./red.000029.out 2>&1
    ./red.sh 30 > ./red.000030.out 2>&1
    ./red.sh 31 > ./red.000031.out 2>&1
    ./red.sh 32 > ./red.000032.out 2>&1
    ./red.sh 33 > ./red.000033.out 2>&1
    ./red.sh 34 > ./red.000034.out 2>&1
    ./red.sh 35 > ./red.000035.out 2>&1
    ./red.sh 36 > ./red.000036.out 2>&1
    ./red.sh 37 > ./red.000037.out 2>&1
    ./red.sh 38 > ./red.000038.out 2>&1
    ./red.sh 39 > ./red.000039.out 2>&1
    ./red.sh 40 > ./red.000040.out 2>&1

-- Finished on Tue Jan 20 20:04:19 2026 (1343 seconds) with 4166216.609 GB free disk space
----------------------------------------
-- Found 40 read error detection output files.
-- Finished stage 'readErrorDetectionCheck', reset canuIteration.
--
-- Loading read lengths.
-- Loading number of overlaps per read.
--
-- Configure OEA for 8gb memory.
--                   Batches of at most (unlimited) reads.
--                                      300000000 bases.
--
--           Total                                               Reads                 Olaps  Adjusts
--    Job   Memory      Read Range         Reads        Bases   Memory        Olaps   Memory   Memory  (Memory in MB)
--   ---- -------- ------------------- --------- ------------ -------- ------------ -------- --------
--      1  2898.02         1-110519        16358    300006597   294.61      6249799   190.73   364.68
--      2  2928.06    110520-243922        19614    300007526   294.71      7230997   220.67   364.68
--      3  2967.97    243923-366125        18019    300021399   294.67      8539792   260.61   364.68
--      4  2996.33    366126-499681        19475    300011522   294.71      9467902   288.94   364.68
--      5  2958.63    499682-633275        19552    300003530   294.70      8232976   251.25   364.68
--      6  2969.15    633276-763733        19189    300006238   294.69      8577815   261.77   364.68
--      7  2960.13    763734-890696        18596    300009204   294.68      8282649   252.77   364.68
--      8  2864.67    890697-997061        15711    300007693   294.59      5157667   157.40   364.68
--      9  2956.98    997062-1114217       17380    300015576   294.65      8180767   249.66   364.68
--     10  2957.05   1114218-1244814       19262    300005980   294.70      8181172   249.67   364.68
--     11  2954.78   1244815-1375471       19101    300006666   294.69      8107040   247.41   364.68
--     12  2921.53   1375472-1505067       18952    300011413   294.69      7017517   214.16   364.68
--     13  3002.06   1505068-1634967       19307    300000381   294.69      9656332   294.69   364.68
--     14  2909.04   1634968-1747387       16636    300012493   294.62      6610454   201.74   364.68
--     15  2567.51   1747388-1777902        4555     49876804    55.71      3247993    99.12   364.68
--   ---- -------- ------------------- --------- ------------ -------- ------------ -------- --------
--                                                 4250003022             112740872
-- Finished stage 'overlapErrorAdjustmentConfigure', reset canuIteration.
--
-- Running jobs.  First attempt out of 2.
----------------------------------------
-- Starting 'oea' concurrent execution on Tue Jan 20 20:04:27 2026 with 4166293.468 GB free disk space (15 processes; 62 concurrently)

    cd unitigging/3-overlapErrorAdjustment
    ./oea.sh 1 > ./oea.000001.out 2>&1
    ./oea.sh 2 > ./oea.000002.out 2>&1
    ./oea.sh 3 > ./oea.000003.out 2>&1
    ./oea.sh 4 > ./oea.000004.out 2>&1
    ./oea.sh 5 > ./oea.000005.out 2>&1
    ./oea.sh 6 > ./oea.000006.out 2>&1
    ./oea.sh 7 > ./oea.000007.out 2>&1
    ./oea.sh 8 > ./oea.000008.out 2>&1
    ./oea.sh 9 > ./oea.000009.out 2>&1
    ./oea.sh 10 > ./oea.000010.out 2>&1
    ./oea.sh 11 > ./oea.000011.out 2>&1
    ./oea.sh 12 > ./oea.000012.out 2>&1
    ./oea.sh 13 > ./oea.000013.out 2>&1
    ./oea.sh 14 > ./oea.000014.out 2>&1
    ./oea.sh 15 > ./oea.000015.out 2>&1

-- Finished on Tue Jan 20 21:06:54 2026 (3747 seconds) with 4155517.718 GB free disk space
----------------------------------------
-- Found 15 overlap error adjustment output files.
-- Finished stage 'overlapErrorAdjustmentCheck', reset canuIteration.
----------------------------------------
-- Starting command on Tue Jan 20 21:06:54 2026 with 4155517.703 GB free disk space

    cd unitigging/3-overlapErrorAdjustment
    /share/org/YZWL/yzwl_lixg/miniforge3/envs/canu_v.2.3/bin/loadErates \
      -S ../../N4-1.seqStore \
      -O ../N4-1.ovlStore \
      -L ./oea.files \
    > ./oea.apply.err 2>&1

-- Finished on Tue Jan 20 21:06:55 2026 (one second) with 4155517.484 GB free disk space
----------------------------------------
-- No report available.
-- Finished stage 'updateOverlapStore', reset canuIteration.
-- Finished stage 'unitig', reset canuIteration.
--
-- Running jobs.  First attempt out of 2.
----------------------------------------
-- Starting 'bat' concurrent execution on Tue Jan 20 21:06:55 2026 with 4155517.437 GB free disk space (1 processes; 1 concurrently)

    cd unitigging/4-unitigger
    ./unitigger.sh 1 > ./unitigger.000001.out 2>&1

-- Finished on Tue Jan 20 21:07:23 2026 (28 seconds) with 4155477.265 GB free disk space
----------------------------------------
-- Unitigger finished successfully.
--  
--  ERROR RATES
--  -----------
--                                                   --------threshold------
--  301413                       fraction error      fraction        percent
--  samples                              (1e-5)         error          error
--                   --------------------------      --------       --------
--  command line (-eg)                           ->     30.00        0.0300%
--  command line (-ef)                           ->  -----.--      ---.----%
--  command line (-eM)                           ->     30.00        0.0300%
--  mean + std.dev       0.24 +-  12 *     2.22  ->     26.87        0.0269%
--  median + mad         0.00 +-  12 *     0.00  ->      0.00        0.0000%
--  90th percentile                              ->      1.00        0.0010%  (enabled)
--  
--  BEST EDGE FILTERING
--  -------------------
--  At graph threshold 0.0300%, reads:
--    available to have edges:        47780
--    with at least one edge:         45249
--  
--  At max threshold 0.0300%, reads:  (not computed)
--    available to have edges:            0
--    with at least one edge:             0
--  
--  At tight threshold 0.0010%, reads with:
--    both edges below error threshold:     41904  (80.00% minReadsBest threshold = 36199)
--    one  edge  above error threshold:      2369
--    both edges above error threshold:       976
--    at least one edge:                    45249
--  
--  At loose threshold 0.0269%, reads with:
--    both edges below error threshold:     44612  (80.00% minReadsBest threshold = 36199)
--    one  edge  above error threshold:       595
--    both edges above error threshold:        42
--    at least one edge:                    45249
--  
--  
--  INITIAL EDGES
--  -------- ----------------------------------------
--    210018 reads are contained
--   1526650 reads have no best edges (singleton)
--       211 reads have only one best edge (spur) 
--                 88 are mutual best
--     41023 reads have two best edges 
--                776 have one mutual best edge
--              39811 have two mutual best edges
--  
--  
--  FINAL EDGES
--  -------- ----------------------------------------
--    210018 reads are contained
--   1526980 reads have no best edges (singleton)
--       109 reads have only one best edge (spur) 
--                 94 are mutual best
--     40795 reads have two best edges 
--                634 have one mutual best edge
--              39805 have two mutual best edges
--  
--  
--  EDGE FILTERING
--  -------- ------------------------------------------
--         0 reads are ignored
--      8161 reads have a gap in overlap coverage
--       176 reads have lopsided best edges
-- Found, in version 1, after unitig construction:
--   contigs:      105 sequences, total length 68173025 bp (including 138 repeats of total length 3014998 bp).
--   bubbles:      153 sequences, total length 4335929 bp.
--   unassembled:  11107 sequences, total length 128871739 bp.
--
-- Contig sizes based on genome size 85mbp:
--
--            NG (bp)  LG (contigs)    sum (bp)
--         ----------  ------------  ----------
--     10     6614156             2    14342033
--     20     6227391             3    20569424
--     30     6018986             4    26588410
--     40     4226683             6    35387601
--     50     3407055             8    42852426
--     60     2711434            11    51887013
--     70     1739138            15    59619573
--     80       16073            94    68009014
--
-- Finished stage 'unitigCheck', reset canuIteration.
----------------------------------------
-- Starting command on Tue Jan 20 21:07:23 2026 with 4155477.25 GB free disk space

    cd unitigging
    /share/org/YZWL/yzwl_lixg/miniforge3/envs/canu_v.2.3/bin/utgcns \
      -S ../N4-1.seqStore \
      -T  ./N4-1.ctgStore 1 \
      -partition 0.8 1.5 0.1 \
    > ./N4-1.ctgStore/partitioning.log 2>&1

-- Finished on Tue Jan 20 21:07:32 2026 (9 seconds) with 4155476.046 GB free disk space
----------------------------------------
-- Using slow alignment for consensus (iteration '0').
-- Configured 10 consensus jobs.
-- Finished stage 'consensusConfigure', reset canuIteration.
--
-- Local: cns       11.500 GB    8 CPUs x  11 jobs   126.500 GB  88 CPUs  (consensus)
--
--
-- Running jobs.  First attempt out of 2.
----------------------------------------
-- Starting 'cns' concurrent execution on Tue Jan 20 21:07:33 2026 with 4155476.015 GB free disk space (10 processes; 11 concurrently)

    cd unitigging/5-consensus
    ./consensus.sh 1 > ./consensus.000001.out 2>&1
    ./consensus.sh 2 > ./consensus.000002.out 2>&1
    ./consensus.sh 3 > ./consensus.000003.out 2>&1
    ./consensus.sh 4 > ./consensus.000004.out 2>&1
    ./consensus.sh 5 > ./consensus.000005.out 2>&1
    ./consensus.sh 6 > ./consensus.000006.out 2>&1
    ./consensus.sh 7 > ./consensus.000007.out 2>&1
    ./consensus.sh 8 > ./consensus.000008.out 2>&1
    ./consensus.sh 9 > ./consensus.000009.out 2>&1
    ./consensus.sh 10 > ./consensus.000010.out 2>&1

-- Finished on Tue Jan 20 21:14:42 2026 (429 seconds) with 4154768.328 GB free disk space
----------------------------------------
-- Using slow alignment for consensus (iteration '1').
-- Configured 10 consensus jobs.
-- All 10 consensus jobs finished successfully.
-- Finished stage 'consensusCheck', reset canuIteration.
-- Using slow alignment for consensus (iteration '0').
-- Configured 10 consensus jobs.
----------------------------------------
-- Starting command on Tue Jan 20 21:14:42 2026 with 4154768.281 GB free disk space

    cd unitigging
    /share/org/YZWL/yzwl_lixg/miniforge3/envs/canu_v.2.3/bin/tgStoreLoad \
      -S ../N4-1.seqStore \
      -T  ./N4-1.ctgStore 2 \
      -L ./5-consensus/ctgcns.files \
    > ./5-consensus/ctgcns.files.ctgStoreLoad.err 2>&1

-- Finished on Tue Jan 20 21:14:42 2026 (like a bat out of hell) with 4154767.703 GB free disk space
----------------------------------------
----------------------------------------
-- Starting command on Tue Jan 20 21:14:42 2026 with 4154767.703 GB free disk space

    cd unitigging
    /share/org/YZWL/yzwl_lixg/miniforge3/envs/canu_v.2.3/bin/tgTigDisplay \
      -S ../N4-1.seqStore \
      -b \
      -o ../N4-1.contigs.unsorted.bam \
      -L ./5-consensus/ctgcns.files \
    > ./5-consensus/ctgcns.files.contigs.bam.err 2>&1

-- Finished on Tue Jan 20 21:17:55 2026 (193 seconds) with 4154512.203 GB free disk space
----------------------------------------
----------------------------------------
-- Starting command on Tue Jan 20 21:17:55 2026 with 4154512.203 GB free disk space

    cd .
    samtools sort \
      --write-index \
      --threads 2 \
      -o ./N4-1.contigs.bam ./N4-1.contigs.unsorted.bam \
    > ./ctgcns.bam.err 2>&1

-- Finished on Tue Jan 20 21:18:52 2026 (57 seconds) with 4154409.843 GB free disk space
----------------------------------------
-- Purging consensus output after loading to ctgStore.
-- Purged 10 .cns outputs.
----------------------------------------
-- Starting command on Tue Jan 20 21:18:52 2026 with 4154411.593 GB free disk space

    cd unitigging
    /share/org/YZWL/yzwl_lixg/miniforge3/envs/canu_v.2.3/bin/tgStoreDump \
      -S ../N4-1.seqStore \
      -T ./N4-1.ctgStore 2 \
      -sizes -s 85000000 \
    > ./N4-1.ctgStore/seqDB.v002.sizes.txt
ZERO length suplied to intervalList::add(), ignoring interval.
ZERO length suplied to intervalList::add(), ignoring interval.
ZERO length suplied to intervalList::add(), ignoring interval.
ZERO length suplied to intervalList::add(), ignoring interval.
ZERO length suplied to intervalList::add(), ignoring interval.
ZERO length suplied to intervalList::add(), ignoring interval.
ZERO length suplied to intervalList::add(), ignoring interval.
ZERO length suplied to intervalList::add(), ignoring interval.
ZERO length suplied to intervalList::add(), ignoring interval.
ZERO length suplied to intervalList::add(), ignoring interval.
ZERO length suplied to intervalList::add(), ignoring interval.
ZERO length suplied to intervalList::add(), ignoring interval.
ZERO length suplied to intervalList::add(), ignoring interval.
ZERO length suplied to intervalList::add(), ignoring interval.
ZERO length suplied to intervalList::add(), ignoring interval.
ZERO length suplied to intervalList::add(), ignoring interval.
ZERO length suplied to intervalList::add(), ignoring interval.
ZERO length suplied to intervalList::add(), ignoring interval.
ZERO length suplied to intervalList::add(), ignoring interval.

-- Finished on Tue Jan 20 21:18:52 2026 (furiously fast) with 4154411.593 GB free disk space
----------------------------------------
-- Found, in version 2, after consensus generation:
--   contigs:      105 sequences, total length 88991892 bp (including 138 repeats of total length 4204497 bp).
--   bubbles:      153 sequences, total length 5871007 bp.
--   unassembled:  11107 sequences, total length 177805149 bp.
--
-- Contig sizes based on genome size 85mbp:
--
--            NG (bp)  LG (contigs)    sum (bp)
--         ----------  ------------  ----------
--     10    10078573             1    10078573
--     20     8596423             2    18674996
--     30     8088555             3    26763551
--     40     7818643             4    34582194
--     50     5502267             6    46018692
--     60     5298852             7    51317544
--     70     4416703             9    60181025
--     80     2635579            12    70187808
--     90     2280910            15    77638823
--    100     1079622            20    85361980
--
-- Finished stage 'consensusLoad', reset canuIteration.
----------------------------------------
-- Starting command on Tue Jan 20 21:18:52 2026 with 4154411.578 GB free disk space

    cd .
    /share/org/YZWL/yzwl_lixg/miniforge3/envs/canu_v.2.3/bin/tgStoreDump \
      -S ./N4-1.seqStore \
      -T ./unitigging/N4-1.ctgStore 2 \
      -o ./N4-1.contigs \
      -layout \
    > ./N4-1.contigs.layout.err 2>&1

-- Finished on Tue Jan 20 21:18:52 2026 (fast as lightning) with 4154411.531 GB free disk space
----------------------------------------
----------------------------------------
-- Starting command on Tue Jan 20 21:18:52 2026 with 4154411.531 GB free disk space

    cd .
    /share/org/YZWL/yzwl_lixg/miniforge3/envs/canu_v.2.3/bin/tgStoreDump \
      -S ./N4-1.seqStore \
      -T ./unitigging/N4-1.ctgStore 2 \
      -consensus -fasta \
      -unassembled \
    > ./N4-1.unassembled.fasta
    2> ./N4-1.unassembled.err
ZERO length suplied to intervalList::add(), ignoring interval.
ZERO length suplied to intervalList::add(), ignoring interval.
ZERO length suplied to intervalList::add(), ignoring interval.
ZERO length suplied to intervalList::add(), ignoring interval.
ZERO length suplied to intervalList::add(), ignoring interval.
ZERO length suplied to intervalList::add(), ignoring interval.
ZERO length suplied to intervalList::add(), ignoring interval.
ZERO length suplied to intervalList::add(), ignoring interval.
ZERO length suplied to intervalList::add(), ignoring interval.
ZERO length suplied to intervalList::add(), ignoring interval.
ZERO length suplied to intervalList::add(), ignoring interval.
ZERO length suplied to intervalList::add(), ignoring interval.
ZERO length suplied to intervalList::add(), ignoring interval.
ZERO length suplied to intervalList::add(), ignoring interval.
ZERO length suplied to intervalList::add(), ignoring interval.
ZERO length suplied to intervalList::add(), ignoring interval.
ZERO length suplied to intervalList::add(), ignoring interval.
ZERO length suplied to intervalList::add(), ignoring interval.
ZERO length suplied to intervalList::add(), ignoring interval.

-- Finished on Tue Jan 20 21:18:53 2026 (one second) with 4154411.343 GB free disk space
----------------------------------------
----------------------------------------
-- Starting command on Tue Jan 20 21:18:53 2026 with 4154411.343 GB free disk space

    cd .
    /share/org/YZWL/yzwl_lixg/miniforge3/envs/canu_v.2.3/bin/tgStoreDump \
      -S ./N4-1.seqStore \
      -T ./unitigging/N4-1.ctgStore 2 \
      -consensus -fasta \
      -contigs \
    > ./N4-1.contigs.fasta
    2> ./N4-1.contigs.err
ZERO length suplied to intervalList::add(), ignoring interval.
ZERO length suplied to intervalList::add(), ignoring interval.
ZERO length suplied to intervalList::add(), ignoring interval.
ZERO length suplied to intervalList::add(), ignoring interval.
ZERO length suplied to intervalList::add(), ignoring interval.
ZERO length suplied to intervalList::add(), ignoring interval.
ZERO length suplied to intervalList::add(), ignoring interval.
ZERO length suplied to intervalList::add(), ignoring interval.
ZERO length suplied to intervalList::add(), ignoring interval.
ZERO length suplied to intervalList::add(), ignoring interval.
ZERO length suplied to intervalList::add(), ignoring interval.
ZERO length suplied to intervalList::add(), ignoring interval.
ZERO length suplied to intervalList::add(), ignoring interval.
ZERO length suplied to intervalList::add(), ignoring interval.
ZERO length suplied to intervalList::add(), ignoring interval.
ZERO length suplied to intervalList::add(), ignoring interval.
ZERO length suplied to intervalList::add(), ignoring interval.
ZERO length suplied to intervalList::add(), ignoring interval.
ZERO length suplied to intervalList::add(), ignoring interval.

-- Finished on Tue Jan 20 21:18:54 2026 (one second) with 4154411.234 GB free disk space
----------------------------------------
-- Finished stage 'generateOutputs', reset canuIteration.
--
-- Assembly 'N4-1' finished in '/share/org/YZWL/yzwl_lixg/project/28.大豆疫霉菌三代基因组/03.hicanu/N4-1/01.raw_output'.
--
-- Summary saved in 'N4-1.report'.
--
-- Sequences saved:
--   Contigs       -> 'N4-1.contigs.fasta'
--   Unassembled   -> 'N4-1.unassembled.fasta'
--
-- Read layouts saved:
--   Contigs       -> 'N4-1.contigs.layout'.
--
-- Bye.

Job 68952709 stderr output:

