2026-01-20 20:55:06.343 - WARNING - 命令错误输出|Command stderr:
-- canu master +27 changes (r10515 2a41e933b8de6ed66723d75d36dd071b46d2c347)
--
-- CITATIONS
--
-- For assemblies of PacBio HiFi reads:
--   Nurk S, Walenz BP, Rhiea A, Vollger MR, Logsdon GA, Grothe R, Miga KH, Eichler EE, Phillippy AM, Koren S.
--   HiCanu: accurate assembly of segmental duplications, satellites, and allelic variants from high-fidelity long reads.
--   biorXiv. 2020.
--   https://doi.org/10.1101/2020.03.14.992248
-- 
-- Read and contig alignments during correction and consensus use:
--   Šošic M, Šikic M.
--   Edlib: a C/C ++ library for fast, exact sequence alignment using edit distance.
--   Bioinformatics. 2017 May 1;33(9):1394-1395.
--   http://doi.org/10.1093/bioinformatics/btw753
-- 
-- Overlaps are generated using:
--   Berlin K, et al.
--   Assembling large genomes with single-molecule sequencing and locality-sensitive hashing.
--   Nat Biotechnol. 2015 Jun;33(6):623-30.
--   http://doi.org/10.1038/nbt.3238
-- 
--   Myers EW, et al.
--   A Whole-Genome Assembly of Drosophila.
--   Science. 2000 Mar 24;287(5461):2196-204.
--   http://doi.org/10.1126/science.287.5461.2196
-- 
-- Contig consensus sequences are generated using an algorithm derived from pbdagcon:
--   Chin CS, et al.
--   Nonhybrid, finished microbial genome assemblies from long-read SMRT sequencing data.
--   Nat Methods. 2013 Jun;10(6):563-9
--   http://doi.org/10.1038/nmeth.2474
-- 
-- CONFIGURE CANU
--
-- Detected Java(TM) Runtime Environment '17.0.15-internal' (from '/share/org/YZWL/yzwl_lixg/.local/bin/java') without -d64 support.
--
-- WARNING:
-- WARNING:  Failed to run gnuplot using command 'gnuplot'.
-- WARNING:  Plots will be disabled.
-- WARNING:
--
-- Detected samtools version '1.22' / htslib version 'htscodecs=1.6.3' (from 'samtools').
--
-- Detected 88 CPUs and 503 gigabytes of memory on the local machine.
--
-- Detected Slurm with 'sinfo' binary in /opt/skyformai/bin/sinfo.
--          Slurm disabled by useGrid=false
--
-- Detected  '' with 'pbsnodes' binary in /opt/skyformai/bin/pbsnodes.
--           disabled by useGrid=false
--
-- Detected LSF with 'bsub' binary in /opt/skyformai/bin/bsub.
--          LSF disabled by useGrid=false
--
-- Local machine mode enabled; grid support not detected or not allowed.
--
-- Found trimmed raw PacBio HiFi reads in the input files.
--
--                                (tag)Concurrency
--                         (tag)Threads          |
--                (tag)Memory         |          |
--        (tag)             |         |          |       total usage      algorithm
--        -------  ----------  --------   --------  --------------------  -----------------------------
-- Local: meryl     12.000 GB    4 CPUs x  22 jobs   264.000 GB  88 CPUs  (k-mer counting)
-- Local: cormhap   13.000 GB   11 CPUs x   8 jobs   104.000 GB  88 CPUs  (overlap detection with mhap)
-- Local: obtovl     8.000 GB    8 CPUs x  11 jobs    88.000 GB  88 CPUs  (overlap detection)
-- Local: utgovl     8.000 GB    8 CPUs x  11 jobs    88.000 GB  88 CPUs  (overlap detection)
-- Local: cor        -.--- GB    4 CPUs x   - jobs     -.--- GB   - CPUs  (read correction)
-- Local: ovb        4.000 GB    1 CPU  x  88 jobs   352.000 GB  88 CPUs  (overlap store bucketizer)
-- Local: ovs        8.000 GB    1 CPU  x  62 jobs   496.000 GB  62 CPUs  (overlap store sorting)
-- Local: red       16.000 GB    4 CPUs x  22 jobs   352.000 GB  88 CPUs  (read error detection)
-- Local: oea        8.000 GB    1 CPU  x  62 jobs   496.000 GB  62 CPUs  (overlap error adjustment)
-- Local: bat       32.000 GB    8 CPUs x   1 job     32.000 GB   8 CPUs  (contig construction with bogart)
-- Local: cns        -.--- GB    8 CPUs x   - jobs     -.--- GB   - CPUs  (consensus)
--
-- Generating assembly 'N10-3' in '/share/org/YZWL/yzwl_lixg/project/28.大豆疫霉菌三代基因组/03.hicanu/N10-3/01.raw_output':
--   genomeSize:
--     85000000
--
--   Overlap Generation Limits:
--     corOvlErrorRate 0.0000 (  0.00%)
--     obtOvlErrorRate 0.0250 (  2.50%)
--     utgOvlErrorRate 0.0100 (  1.00%)
--
--   Overlap Processing Limits:
--     corErrorRate    0.0000 (  0.00%)
--     obtErrorRate    0.0250 (  2.50%)
--     utgErrorRate    0.0003 (  0.03%)
--     cnsErrorRate    0.0500 (  5.00%)
--
--   Stages to run:
--     assemble HiFi reads.
--
--
-- BEGIN STORE CREATION
----------------------------------------
-- Starting command on Tue Jan 20 19:03:47 2026 with 4174400.265 GB free disk space

    cd .
    ./N10-3.seqStore.sh \
    > ./N10-3.seqStore.err 2>&1

-- Finished on Tue Jan 20 19:11:44 2026 (477 seconds) with 4173516.093 GB free disk space
----------------------------------------
--
-- In sequence store './N10-3.seqStore':
--   Found 236220 reads.
--   Found 4250000501 bases (50 times coverage).
--    Histogram of corrected reads:
--    
--    G=4250000501                       sum of  ||               length     num
--    NG         length     index       lengths  ||                range    seqs
--    ----- ------------ --------- ------------  ||  ------------------- -------
--    00010        26170     15114    425007759  ||       1264-2573         3873|--------
--    00020        24254     32029    850016783  ||       2574-3883         8049|----------------
--    00030        22912     50078   1275002649  ||       3884-5193         8176|-----------------
--    00040        21856     69084   1700010417  ||       5194-6503         7107|---------------
--    00050        20957     88947   2125003468  ||       6504-7813         6059|------------
--    00060        20104    109653   2550012298  ||       7814-9123         5324|-----------
--    00070        19203    131271   2975014150  ||       9124-10433        4768|----------
--    00080        18071    154040   3400011706  ||      10434-11743        4220|---------
--    00090        15257    178988   3825008006  ||      11744-13053        3583|--------
--    00100         1264    236220   4250000501  ||      13054-14363        3335|-------
--    001.000x              236220   4250000501  ||      14364-15673        4328|---------
--                                               ||      15674-16983        8742|------------------
--                                               ||      16984-18293       18500|-------------------------------------
--                                               ||      18294-19603       28228|--------------------------------------------------------
--                                               ||      19604-20913       31975|---------------------------------------------------------------
--                                               ||      20914-22223       28073|--------------------------------------------------------
--                                               ||      22224-23533       20861|------------------------------------------
--                                               ||      23534-24843       15215|------------------------------
--                                               ||      24844-26153       10593|---------------------
--                                               ||      26154-27463        6832|--------------
--                                               ||      27464-28773        4167|---------
--                                               ||      28774-30083        2288|-----
--                                               ||      30084-31393        1157|---
--                                               ||      31394-32703         504|-
--                                               ||      32704-34013         167|-
--                                               ||      34014-35323          59|-
--                                               ||      35324-36633          19|-
--                                               ||      36634-37943           2|-
--                                               ||      37944-39253           3|-
--                                               ||      39254-40563           1|-
--                                               ||      40564-41873           1|-
--                                               ||      41874-43183           4|-
--                                               ||      43184-44493           2|-
--                                               ||      44494-45803           0|
--                                               ||      45804-47113           3|-
--                                               ||      47114-48423           1|-
--                                               ||      48424-49733           0|
--                                               ||      49734-51043           0|
--                                               ||      51044-52353           0|
--                                               ||      52354-53663           1|-
--    
--
-- In sequence store './N10-3.seqStore':
--   Found 236220 reads.
--   Found 4250000501 bases (50 times coverage).
--    Histogram of corrected-trimmed reads:
--    
--    G=4250000501                       sum of  ||               length     num
--    NG         length     index       lengths  ||                range    seqs
--    ----- ------------ --------- ------------  ||  ------------------- -------
--    00010        26170     15114    425007759  ||       1264-2573         3873|--------
--    00020        24254     32029    850016783  ||       2574-3883         8049|----------------
--    00030        22912     50078   1275002649  ||       3884-5193         8176|-----------------
--    00040        21856     69084   1700010417  ||       5194-6503         7107|---------------
--    00050        20957     88947   2125003468  ||       6504-7813         6059|------------
--    00060        20104    109653   2550012298  ||       7814-9123         5324|-----------
--    00070        19203    131271   2975014150  ||       9124-10433        4768|----------
--    00080        18071    154040   3400011706  ||      10434-11743        4220|---------
--    00090        15257    178988   3825008006  ||      11744-13053        3583|--------
--    00100         1264    236220   4250000501  ||      13054-14363        3335|-------
--    001.000x              236220   4250000501  ||      14364-15673        4328|---------
--                                               ||      15674-16983        8742|------------------
--                                               ||      16984-18293       18500|-------------------------------------
--                                               ||      18294-19603       28228|--------------------------------------------------------
--                                               ||      19604-20913       31975|---------------------------------------------------------------
--                                               ||      20914-22223       28073|--------------------------------------------------------
--                                               ||      22224-23533       20861|------------------------------------------
--                                               ||      23534-24843       15215|------------------------------
--                                               ||      24844-26153       10593|---------------------
--                                               ||      26154-27463        6832|--------------
--                                               ||      27464-28773        4167|---------
--                                               ||      28774-30083        2288|-----
--                                               ||      30084-31393        1157|---
--                                               ||      31394-32703         504|-
--                                               ||      32704-34013         167|-
--                                               ||      34014-35323          59|-
--                                               ||      35324-36633          19|-
--                                               ||      36634-37943           2|-
--                                               ||      37944-39253           3|-
--                                               ||      39254-40563           1|-
--                                               ||      40564-41873           1|-
--                                               ||      41874-43183           4|-
--                                               ||      43184-44493           2|-
--                                               ||      44494-45803           0|
--                                               ||      45804-47113           3|-
--                                               ||      47114-48423           1|-
--                                               ||      48424-49733           0|
--                                               ||      49734-51043           0|
--                                               ||      51044-52353           0|
--                                               ||      52354-53663           1|-
--    
--
-- Correction skipped; not enabled.
--
-- Trimming skipped; not enabled.
--
-- BEGIN ASSEMBLY
----------------------------------------
-- Starting command on Tue Jan 20 19:11:44 2026 with 4173516.046 GB free disk space

    cd unitigging/0-mercounts
    ./meryl-configure.sh \
    > ./meryl-configure.err 2>&1

-- Finished on Tue Jan 20 19:11:45 2026 (one second) with 4173516.046 GB free disk space
----------------------------------------
--  segments   memory batches
--  -------- -------- -------
--        01 10.72 GB       2
--        02  5.46 GB       2
--        04  2.94 GB       2
--        06  2.12 GB       2
--        08  1.59 GB       2
--        12  1.06 GB       2
--        16  0.80 GB       2
--        20  0.64 GB       2
--        24  0.54 GB       2
--        32  0.40 GB       2
--        40  0.32 GB       2
--        48  -.-- GB       -  (segment size too small)
--        56  -.-- GB       -  (segment size too small)
--        64  -.-- GB       -  (segment size too small)
--        96  -.-- GB       -  (segment size too small)
--
--  For 236220 reads with 4250000501 bases, limit to 42 batches.
--  Will count kmers using 01 jobs, each using 12 GB and 4 threads.
--
-- Finished stage 'merylConfigure', reset canuIteration.
--
-- Running jobs.  First attempt out of 2.
----------------------------------------
-- Starting 'meryl' concurrent execution on Tue Jan 20 19:11:45 2026 with 4173516.015 GB free disk space (1 processes; 22 concurrently)

    cd unitigging/0-mercounts
    ./meryl-count.sh 1 > ./meryl-count.000001.out 2>&1

-- Finished on Tue Jan 20 19:16:40 2026 (295 seconds) with 4172151.578 GB free disk space
----------------------------------------
-- Found 1 Kmer counting (meryl) outputs.
-- Finished stage 'utg-merylCountCheck', reset canuIteration.
--
-- Running jobs.  First attempt out of 2.
----------------------------------------
-- Starting 'meryl' concurrent execution on Tue Jan 20 19:16:40 2026 with 4172151.546 GB free disk space (1 processes; 22 concurrently)

    cd unitigging/0-mercounts
    ./meryl-process.sh 1 > ./meryl-process.000001.out 2>&1

-- Finished on Tue Jan 20 19:16:43 2026 (3 seconds) with 4172151.203 GB free disk space
----------------------------------------
-- Meryl finished successfully.  Kmer frequency histogram:
--
-- WARNING: gnuplot failed.
--
----------------------------------------
--
--  22-mers                                                                                           Fraction
--    Occurrences   NumMers                                                                         Unique Total
--       1-     1         0                                                                        0.0000 0.0000
--       2-     2    161465                                                                        0.0036 0.0001
--       3-     4     53091                                                                        0.0044 0.0002
--       5-     7     14149                                                                        0.0050 0.0002
--       8-    11     15379                                                                        0.0052 0.0002
--      12-    16     25926                                                                        0.0055 0.0003
--      17-    22    170248                                                                        0.0063 0.0004
--      23-    29   1267892 *****                                                                  0.0112 0.0019
--      30-    37   7757334 *******************************                                        0.0484 0.0165
--      38-    46  17144552 ********************************************************************** 0.2485 0.1158
--      47-    56  11180105 *********************************************                          0.6332 0.3485
--      57-    67   2326448 *********                                                              0.8536 0.5079
--      68-    79    740101 ***                                                                    0.8966 0.5449
--      80-    92    979827 ****                                                                   0.9132 0.5625
--      93-   106    693680 **                                                                     0.9350 0.5892
--     107-   121    301311 *                                                                      0.9495 0.6093
--     122-   137    283954 *                                                                      0.9560 0.6198
--     138-   154    212472                                                                        0.9623 0.6314
--     155-   172    170632                                                                        0.9669 0.6408
--     173-   191    156991                                                                        0.9707 0.6497
--     192-   211    127675                                                                        0.9742 0.6586
--     212-   232    106731                                                                        0.9770 0.6666
--     233-   254     98189                                                                        0.9793 0.6740
--     255-   277     89955                                                                        0.9815 0.6814
--     278-   301     74539                                                                        0.9835 0.6889
--     302-   326     65125                                                                        0.9852 0.6957
--     327-   352     59597                                                                        0.9866 0.7020
--     353-   379     42823                                                                        0.9879 0.7084
--     380-   407     39290                                                                        0.9889 0.7132
--     408-   436     33981                                                                        0.9897 0.7181
--     437-   466     34190                                                                        0.9905 0.7226
--     467-   497     27052                                                                        0.9912 0.7274
--     498-   529     23050                                                                        0.9918 0.7315
--     530-   562     21853                                                                        0.9924 0.7352
--     563-   596     19797                                                                        0.9928 0.7389
--     597-   631     18622                                                                        0.9933 0.7425
--     632-   667     16048                                                                        0.9937 0.7461
--     668-   704     12973                                                                        0.9941 0.7494
--     705-   742     11734                                                                        0.9943 0.7522
--     743-   781     10754                                                                        0.9946 0.7548
--     782-   821      9449                                                                        0.9948 0.7574
--
--           0 (max occurrences)
--  3185102153 (total mers, non-unique)
--    44820982 (distinct mers, non-unique)
--           0 (unique mers)
-- Finished stage 'meryl-process', reset canuIteration.
--
-- Removing meryl database 'unitigging/0-mercounts/N10-3.ms22'.
--
-- OVERLAPPER (normal) (assembly) erate=0.01
--
----------------------------------------
-- Starting command on Tue Jan 20 19:16:43 2026 with 4172151.187 GB free disk space

    cd unitigging/1-overlapper
    /share/org/YZWL/yzwl_lixg/miniforge3/envs/canu_v.2.3/bin/overlapInCorePartition \
     -S  ../../N10-3.seqStore \
     -hl 160000000 \
     -rl 5000000000 \
     -ol 500 \
     -o  ./N10-3.partition \
    > ./N10-3.partition.err 2>&1

-- Finished on Tue Jan 20 19:16:43 2026 (like a bat out of hell) with 4172151.171 GB free disk space
----------------------------------------
--
-- Configured 20 overlapInCore jobs.
-- Finished stage 'utg-overlapConfigure', reset canuIteration.
--
-- Running jobs.  First attempt out of 2.
----------------------------------------
-- Starting 'utgovl' concurrent execution on Tue Jan 20 19:16:43 2026 with 4172152.14 GB free disk space (20 processes; 11 concurrently)

    cd unitigging/1-overlapper
    ./overlap.sh 1 > ./overlap.000001.out 2>&1
    ./overlap.sh 2 > ./overlap.000002.out 2>&1
    ./overlap.sh 3 > ./overlap.000003.out 2>&1
    ./overlap.sh 4 > ./overlap.000004.out 2>&1
    ./overlap.sh 5 > ./overlap.000005.out 2>&1
    ./overlap.sh 6 > ./overlap.000006.out 2>&1
    ./overlap.sh 7 > ./overlap.000007.out 2>&1
    ./overlap.sh 8 > ./overlap.000008.out 2>&1
    ./overlap.sh 9 > ./overlap.000009.out 2>&1
    ./overlap.sh 10 > ./overlap.000010.out 2>&1
    ./overlap.sh 11 > ./overlap.000011.out 2>&1
    ./overlap.sh 12 > ./overlap.000012.out 2>&1
    ./overlap.sh 13 > ./overlap.000013.out 2>&1
    ./overlap.sh 14 > ./overlap.000014.out 2>&1
    ./overlap.sh 15 > ./overlap.000015.out 2>&1
    ./overlap.sh 16 > ./overlap.000016.out 2>&1
    ./overlap.sh 17 > ./overlap.000017.out 2>&1
    ./overlap.sh 18 > ./overlap.000018.out 2>&1
    ./overlap.sh 19 > ./overlap.000019.out 2>&1
    ./overlap.sh 20 > ./overlap.000020.out 2>&1

-- Finished on Tue Jan 20 20:06:09 2026 (2966 seconds) with 4166091.625 GB free disk space
----------------------------------------
-- Found 20 overlapInCore output files.
--
-- overlapInCore compute 'unitigging/1-overlapper':
--   kmer hits
--     with no overlap       1257074627  2853731.35 +- 36495917.921
--     with an overlap         14807722    740386.1 +- 439371.301
--
--   overlaps                  14807722    740386.1 +- 439371.301
--     contained                3127480      156374 +- 94168.445
--     dovetail                11680242    584012.1 +- 346168.549
--
--   overlaps rejected
--     multiple per pair              0           0 +- 0
--     bad short window               0           0 +- 0
--     bad long window                0           0 +- 0
-- Finished stage 'utg-overlapCheck', reset canuIteration.
----------------------------------------
-- Starting command on Tue Jan 20 20:06:09 2026 with 4166091.609 GB free disk space

    cd unitigging
    /share/org/YZWL/yzwl_lixg/miniforge3/envs/canu_v.2.3/bin/ovStoreConfig \
     -S ../N10-3.seqStore \
     -M 4-8 \
     -L ./1-overlapper/ovljob.files \
     -create ./N10-3.ovlStore.config \
     > ./N10-3.ovlStore.config.txt \
    2> ./N10-3.ovlStore.config.err

-- Finished on Tue Jan 20 20:06:10 2026 (one second) with 4166091.593 GB free disk space
----------------------------------------
--
-- Creating overlap store unitigging/N10-3.ovlStore using:
--      1 bucket
--      1 slice
--        using at most 2 GB memory each
--
-- Running jobs.  First attempt out of 2.
----------------------------------------
-- Starting 'ovS' concurrent execution on Tue Jan 20 20:06:10 2026 with 4166091.578 GB free disk space (1 processes; 62 concurrently)

    cd unitigging
    ./N10-3.ovlStore.sh 1 > ./N10-3.ovlStore.000001.out 2>&1

-- Finished on Tue Jan 20 20:06:16 2026 (6 seconds) with 4166090.812 GB free disk space
----------------------------------------
-- Checking store.
----------------------------------------
-- Starting command on Tue Jan 20 20:06:16 2026 with 4166090.812 GB free disk space

    cd unitigging
    /share/org/YZWL/yzwl_lixg/miniforge3/envs/canu_v.2.3/bin/ovStoreDump \
     -S ../N10-3.seqStore \
     -O  ./N10-3.ovlStore \
     -counts \
     > ./N10-3.ovlStore/counts.dat 2> ./N10-3.ovlStore/counts.err

-- Finished on Tue Jan 20 20:06:16 2026 (lickety-split) with 4166090.781 GB free disk space
----------------------------------------
--
-- Overlap store 'unitigging/N10-3.ovlStore' successfully constructed.
-- Found 29615444 overlaps for 218185 reads; 1524740 reads have no overlaps.
--
--
-- Purged 0.39 GB in 60 overlap output files.
----------------------------------------
-- Starting command on Tue Jan 20 20:06:17 2026 with 4166090.781 GB free disk space

    cd unitigging
    /share/org/YZWL/yzwl_lixg/miniforge3/envs/canu_v.2.3/bin/ovStoreStats \
     -C 50 \
     -S ../N10-3.seqStore \
     -O  ./N10-3.ovlStore \
     -o  ./N10-3.ovlStore \
     > ./N10-3.ovlStore.summary.err 2>&1

-- Finished on Tue Jan 20 20:06:21 2026 (4 seconds) with 4166090.765 GB free disk space
----------------------------------------
--
-- Overlap store 'unitigging/N10-3.ovlStore' contains:
--
--   category            reads     %          read length        feature size or coverage  analysis
--   ----------------  -------  -------  ----------------------  ------------------------  --------------------
--   middle-missing        140    0.06    16442.19 +- 7358.61        991.37 +- 1262.72    (bad trimming)
--   middle-hump            82    0.03    14762.51 +- 2896.79       3837.35 +- 2410.38    (bad trimming)
--   no-5-prime           1125    0.48    13770.95 +- 4015.43       2532.23 +- 2921.04    (bad trimming)
--   no-3-prime           1279    0.54    12940.36 +- 4585.93       2741.26 +- 3148.33    (bad trimming)
--   
--   low-coverage         3109    1.32    11690.56 +- 3999.07          5.40 +- 3.53       (easy to assemble, potential for lower quality consensus)
--   unique             180361   76.35    13792.74 +- 5292.77         43.75 +- 8.46       (easy to assemble, perfect, yay)
--   repeat-cont          9395    3.98    11714.95 +- 5429.33        584.10 +- 459.27     (potential for consensus errors, no impact on assembly)
--   repeat-dove           231    0.10    20400.51 +- 1806.54        336.38 +- 339.37     (hard to assemble, likely won't assemble correctly or even at all)
--   
--   span-repeat          2876    1.22    14937.97 +- 3998.85       3832.12 +- 3876.32    (read spans a large repeat, usually easy to assemble)
--   uniq-repeat-cont    12773    5.41    13394.27 +- 4350.31                             (should be uniquely placed, low potential for consensus errors, no impact on assembly)
--   uniq-repeat-dove     3157    1.34    18685.22 +- 2552.71                             (will end contigs, potential to misassemble)
--   uniq-anchor          3657    1.55    14327.13 +- 4532.43       8984.82 +- 4904.52    (repeat read, with unique section, probable bad read)
-- Finished stage 'utg-createOverlapStore', reset canuIteration.
--
-- Loading read lengths.
-- Loading number of overlaps per read.
--
-- Configure RED for 16gb memory.
--                   Batches of at most (unlimited) reads.
--                                      500000000 bases.
--                   Expecting evidence of at most 536870912 bases per iteration.
--
--           Total                                               Reads                 Olaps Evidence
--    Job   Memory      Read Range         Reads        Bases   Memory        Olaps   Memory   Memory  (Memory in MB)
--   ---- -------- ------------------- --------- ------------ -------- ------------ -------- --------
--      1 16384.96         1-38778          5303    108997713 13305.55       647435     7.41  1024.00
--      2 16385.45     38779-79714          5556    108984615 13303.96       829260     9.49  1024.00
--      3 16384.33     79715-126315         6341    108982443 13303.72       752238     8.61  1024.00
--      4 16385.77    126316-166180         5495    109006093 13306.58       627819     7.18  1024.00
--      5 16384.92    166181-209351         5879    108975851 13302.90       875735    10.02  1024.00
--      6 16384.53    209352-263263         7227    108977294 13303.12       821895     9.41  1024.00
--      7 16385.86    263264-304654         5519    109007430 13306.74       621603     7.11  1024.00
--      8 16386.46    304655-348029         5864    108988755 13304.48       872281     9.98  1024.00
--      9 16384.39    348030-401815         7431    108974698 13302.81       837288     9.58  1024.00
--     10 16384.64    401816-441364         5441    108995235 13305.25       645818     7.39  1024.00
--     11 16386.27    441365-484931         5816    108987215 13304.29       872250     9.98  1024.00
--     12 16384.68    484932-538871         7242    108976732 13303.05       841065     9.63  1024.00
--     13 16384.66    538872-579227         5475    108996677 13305.43       632136     7.23  1024.00
--     14 16384.34    579228-621677         5838    108970892 13302.29       878078    10.05  1024.00
--     15 16385.72    621678-674996         7201    108986639 13304.26       826363     9.46  1024.00
--     16 16384.97    674997-714915         5414    109000128 13305.85       622274     7.12  1024.00
--     17 16386.11    714916-757878         5800    108988483 13304.44       845193     9.67  1024.00
--     18 16384.39    757879-810717         7302    108979047 13303.34       791142     9.05  1024.00
--     19 16386.34    810718-850732         5426    109011147 13307.20       624154     7.14  1024.00
--     20 16386.09    850733-893459         5740    108988428 13304.43       843840     9.66  1024.00
--     21 16385.79    893460-945479         7004    108992226 13304.94       773550     8.85  1024.00
--     22 16385.92    945480-984549         5323    109006416 13306.61       638031     7.30  1024.00
--     23 16384.48    984550-1025378        5490    108980045 13303.40       793650     9.08  1024.00
--     24 16385.83   1025379-1072924        6420    108991201 13304.79       789643     9.04  1024.00
--     25 16386.25   1072925-1112958        5376    109012321 13307.34       603990     6.91  1024.00
--     26 16386.68   1112959-1155173        5705    108996027 13305.36       814667     9.32  1024.00
--     27 16386.56   1155174-1207954        7271    108991094 13304.81       852594     9.76  1024.00
--     28 16386.45   1207955-1247497        5383    109011125 13307.19       634149     7.26  1024.00
--     29 16386.27   1247498-1289371        5709    108996704 13305.44       771222     8.83  1024.00
--     30 16386.38   1289372-1343150        7204    108991071 13304.80       836846     9.58  1024.00
--     31 16384.94   1343151-1383582        5349    108997070 13305.47       652595     7.47  1024.00
--     32 16385.35   1383583-1425953        5667    108989936 13304.61       763688     8.74  1024.00
--     33 16386.81   1425954-1477744        7049    108992886 13305.02       855421     9.79  1024.00
--     34 16385.87   1477745-1517883        5335    109006576 13306.63       631945     7.23  1024.00
--     35 16385.68   1517884-1559503        5646    108989371 13304.54       798063     9.13  1024.00
--     36 16385.62   1559504-1611084        6972    108987753 13304.39       806717     9.23  1024.00
--     37 16385.48   1611085-1650592        5352    109000468 13305.89       663508     7.59  1024.00
--     38 16385.26   1650593-1691846        5609    108983064 13303.77       828732     9.48  1024.00
--     39 16302.75   1691847-1742925        7046    108309632 13221.61       798566     9.14  1024.00
--   ---- -------- ------------------- --------- ------------ -------- ------------ -------- --------
--                                                 4250000501              29615444
-- Finished stage 'readErrorDetectionConfigure', reset canuIteration.
--
-- Running jobs.  First attempt out of 2.
----------------------------------------
-- Starting 'red' concurrent execution on Tue Jan 20 20:06:28 2026 with 4166090.718 GB free disk space (39 processes; 22 concurrently)

    cd unitigging/3-overlapErrorAdjustment
    ./red.sh 1 > ./red.000001.out 2>&1
    ./red.sh 2 > ./red.000002.out 2>&1
    ./red.sh 3 > ./red.000003.out 2>&1
    ./red.sh 4 > ./red.000004.out 2>&1
    ./red.sh 5 > ./red.000005.out 2>&1
    ./red.sh 6 > ./red.000006.out 2>&1
    ./red.sh 7 > ./red.000007.out 2>&1
    ./red.sh 8 > ./red.000008.out 2>&1
    ./red.sh 9 > ./red.000009.out 2>&1
    ./red.sh 10 > ./red.000010.out 2>&1
    ./red.sh 11 > ./red.000011.out 2>&1
    ./red.sh 12 > ./red.000012.out 2>&1
    ./red.sh 13 > ./red.000013.out 2>&1
    ./red.sh 14 > ./red.000014.out 2>&1
    ./red.sh 15 > ./red.000015.out 2>&1
    ./red.sh 16 > ./red.000016.out 2>&1
    ./red.sh 17 > ./red.000017.out 2>&1
    ./red.sh 18 > ./red.000018.out 2>&1
    ./red.sh 19 > ./red.000019.out 2>&1
    ./red.sh 20 > ./red.000020.out 2>&1
    ./red.sh 21 > ./red.000021.out 2>&1
    ./red.sh 22 > ./red.000022.out 2>&1
    ./red.sh 23 > ./red.000023.out 2>&1
    ./red.sh 24 > ./red.000024.out 2>&1
    ./red.sh 25 > ./red.000025.out 2>&1
    ./red.sh 26 > ./red.000026.out 2>&1
    ./red.sh 27 > ./red.000027.out 2>&1
    ./red.sh 28 > ./red.000028.out 2>&1
    ./red.sh 29 > ./red.000029.out 2>&1
    ./red.sh 30 > ./red.000030.out 2>&1
    ./red.sh 31 > ./red.000031.out 2>&1
    ./red.sh 32 > ./red.000032.out 2>&1
    ./red.sh 33 > ./red.000033.out 2>&1
    ./red.sh 34 > ./red.000034.out 2>&1
    ./red.sh 35 > ./red.000035.out 2>&1
    ./red.sh 36 > ./red.000036.out 2>&1
    ./red.sh 37 > ./red.000037.out 2>&1
    ./red.sh 38 > ./red.000038.out 2>&1
    ./red.sh 39 > ./red.000039.out 2>&1

-- Finished on Tue Jan 20 20:16:02 2026 (574 seconds) with 4164507.093 GB free disk space
----------------------------------------
-- Found 39 read error detection output files.
-- Finished stage 'readErrorDetectionCheck', reset canuIteration.
--
-- Loading read lengths.
-- Loading number of overlaps per read.
--
-- Configure OEA for 8gb memory.
--                   Batches of at most (unlimited) reads.
--                                      300000000 bases.
--
--           Total                                               Reads                 Olaps  Adjusts
--    Job   Memory      Read Range         Reads        Bases   Memory        Olaps   Memory   Memory  (Memory in MB)
--   ---- -------- ------------------- --------- ------------ -------- ------------ -------- --------
--      1  2771.52         1-116486        15871    300000107   294.59      2093468    63.89   365.05
--      2  2771.67    116487-239281        16626    300000492   294.61      2097686    64.02   365.05
--      3  2769.92    239282-361134        16478    300022364   294.63      2039645    62.25   365.05
--      4  2774.17    361135-485428        16965    300015006   294.63      2178575    66.48   365.05
--      5  2773.78    485429-610700        17009    300003483   294.62      2166201    66.11   365.05
--      6  2772.95    610701-736471        17008    300015948   294.64      2138799    65.27   365.05
--      7  2769.69    736472-862061        17131    300008131   294.63      2032120    62.02   365.05
--      8  2768.23    862062-985371        16662    300016705   294.63      1984200    60.55   365.05
--      9  2768.56    985372-1103633       15943    300012679   294.60      1995881    60.91   365.05
--     10  2773.47   1103634-1228429       17022    300005078   294.63      2156113    65.80   365.05
--     11  2771.94   1228430-1354552       16965    300000596   294.62      2106215    64.28   365.05
--     12  2772.23   1354553-1479072       16746    300018136   294.63      2115242    64.55   365.05
--     13  2770.44   1479073-1599633       16257    300000267   294.60      2057592    62.79   365.05
--     14  2768.81   1599634-1715621       15805    300017734   294.60      2003999    61.16   365.05
--     15  2482.44   1715622-1742925        3732     49863775    55.67       449708    13.72   365.05
--   ---- -------- ------------------- --------- ------------ -------- ------------ -------- --------
--                                                 4250000501              29615444
-- Finished stage 'overlapErrorAdjustmentConfigure', reset canuIteration.
--
-- Running jobs.  First attempt out of 2.
----------------------------------------
-- Starting 'oea' concurrent execution on Tue Jan 20 20:16:09 2026 with 4164507.015 GB free disk space (15 processes; 62 concurrently)

    cd unitigging/3-overlapErrorAdjustment
    ./oea.sh 1 > ./oea.000001.out 2>&1
    ./oea.sh 2 > ./oea.000002.out 2>&1
    ./oea.sh 3 > ./oea.000003.out 2>&1
    ./oea.sh 4 > ./oea.000004.out 2>&1
    ./oea.sh 5 > ./oea.000005.out 2>&1
    ./oea.sh 6 > ./oea.000006.out 2>&1
    ./oea.sh 7 > ./oea.000007.out 2>&1
    ./oea.sh 8 > ./oea.000008.out 2>&1
    ./oea.sh 9 > ./oea.000009.out 2>&1
    ./oea.sh 10 > ./oea.000010.out 2>&1
    ./oea.sh 11 > ./oea.000011.out 2>&1
    ./oea.sh 12 > ./oea.000012.out 2>&1
    ./oea.sh 13 > ./oea.000013.out 2>&1
    ./oea.sh 14 > ./oea.000014.out 2>&1
    ./oea.sh 15 > ./oea.000015.out 2>&1

-- Finished on Tue Jan 20 20:42:50 2026 (1601 seconds) with 4159263.828 GB free disk space
----------------------------------------
-- Found 15 overlap error adjustment output files.
-- Finished stage 'overlapErrorAdjustmentCheck', reset canuIteration.
----------------------------------------
-- Starting command on Tue Jan 20 20:42:51 2026 with 4159263.812 GB free disk space

    cd unitigging/3-overlapErrorAdjustment
    /share/org/YZWL/yzwl_lixg/miniforge3/envs/canu_v.2.3/bin/loadErates \
      -S ../../N10-3.seqStore \
      -O ../N10-3.ovlStore \
      -L ./oea.files \
    > ./oea.apply.err 2>&1

-- Finished on Tue Jan 20 20:42:51 2026 (lickety-split) with 4159263.734 GB free disk space
----------------------------------------
-- No report available.
-- Finished stage 'updateOverlapStore', reset canuIteration.
-- Finished stage 'unitig', reset canuIteration.
--
-- Running jobs.  First attempt out of 2.
----------------------------------------
-- Starting 'bat' concurrent execution on Tue Jan 20 20:42:51 2026 with 4159263.687 GB free disk space (1 processes; 1 concurrently)

    cd unitigging/4-unitigger
    ./unitigger.sh 1 > ./unitigger.000001.out 2>&1

-- Finished on Tue Jan 20 20:43:00 2026 (9 seconds) with 4159263.531 GB free disk space
----------------------------------------
-- Unitigger finished successfully.
--  
--  ERROR RATES
--  -----------
--                                                   --------threshold------
--  252185                       fraction error      fraction        percent
--  samples                              (1e-5)         error          error
--                   --------------------------      --------       --------
--  command line (-eg)                           ->     30.00        0.0300%
--  command line (-ef)                           ->  -----.--      ---.----%
--  command line (-eM)                           ->     30.00        0.0300%
--  mean + std.dev       0.42 +-  12 *     2.90  ->     35.24        0.0352%
--  median + mad         0.00 +-  12 *     0.00  ->      0.00        0.0000%
--  90th percentile                              ->      1.00        0.0010%  (enabled)
--  
--  BEST EDGE FILTERING
--  -------------------
--  At graph threshold 0.0300%, reads:
--    available to have edges:        59445
--    with at least one edge:         39638
--  
--  At max threshold 0.0300%, reads:
--    available to have edges:        59445
--    with at least one edge:         39638
--  
--  At tight threshold 0.0010%, reads with:
--    both edges below error threshold:     35324  (80.00% minReadsBest threshold = 31710)
--    one  edge  above error threshold:      3161
--    both edges above error threshold:      1153
--    at least one edge:                    39638
--  
--  At loose threshold 0.0300%, reads with:
--    both edges below error threshold:     39638  (80.00% minReadsBest threshold = 31710)
--    one  edge  above error threshold:         0
--    both edges above error threshold:         0
--    at least one edge:                    39638
--  
--  
--  INITIAL EDGES
--  -------- ----------------------------------------
--    172508 reads are contained
--   1535704 reads have no best edges (singleton)
--       675 reads have only one best edge (spur) 
--                438 are mutual best
--     34038 reads have two best edges 
--                814 have one mutual best edge
--              32849 have two mutual best edges
--  
--  
--  FINAL EDGES
--  -------- ----------------------------------------
--    172508 reads are contained
--   1536037 reads have no best edges (singleton)
--       584 reads have only one best edge (spur) 
--                457 are mutual best
--     33796 reads have two best edges 
--                663 have one mutual best edge
--              32836 have two mutual best edges
--  
--  
--  EDGE FILTERING
--  -------- ------------------------------------------
--         0 reads are ignored
--      8444 reads have a gap in overlap coverage
--       148 reads have lopsided best edges
-- Found, in version 1, after unitig construction:
--   contigs:      138 sequences, total length 69668990 bp (including 122 repeats of total length 2782765 bp).
--   bubbles:      159 sequences, total length 4100018 bp.
--   unassembled:  29961 sequences, total length 357953890 bp.
--
-- Contig sizes based on genome size 85mbp:
--
--            NG (bp)  LG (contigs)    sum (bp)
--         ----------  ------------  ----------
--     10     8854607             1     8854607
--     20     6513176             3    22471897
--     30     6212369             4    28684266
--     40     3550661             6    36713025
--     50     3319190             8    43440604
--     60     2811739            11    52649136
--     70     1635223            15    60458365
--     80       29510            59    68009832
--
-- Finished stage 'unitigCheck', reset canuIteration.
----------------------------------------
-- Starting command on Tue Jan 20 20:43:00 2026 with 4159263.515 GB free disk space

    cd unitigging
    /share/org/YZWL/yzwl_lixg/miniforge3/envs/canu_v.2.3/bin/utgcns \
      -S ../N10-3.seqStore \
      -T  ./N10-3.ctgStore 1 \
      -partition 0.8 1.5 0.1 \
    > ./N10-3.ctgStore/partitioning.log 2>&1

-- Finished on Tue Jan 20 20:43:10 2026 (10 seconds) with 4159262.343 GB free disk space
----------------------------------------
-- Using slow alignment for consensus (iteration '0').
-- Configured 10 consensus jobs.
-- Finished stage 'consensusConfigure', reset canuIteration.
--
-- Local: cns       13.125 GB    8 CPUs x  11 jobs   144.375 GB  88 CPUs  (consensus)
--
--
-- Running jobs.  First attempt out of 2.
----------------------------------------
-- Starting 'cns' concurrent execution on Tue Jan 20 20:43:10 2026 with 4159262.312 GB free disk space (10 processes; 11 concurrently)

    cd unitigging/5-consensus
    ./consensus.sh 1 > ./consensus.000001.out 2>&1
    ./consensus.sh 2 > ./consensus.000002.out 2>&1
    ./consensus.sh 3 > ./consensus.000003.out 2>&1
    ./consensus.sh 4 > ./consensus.000004.out 2>&1
    ./consensus.sh 5 > ./consensus.000005.out 2>&1
    ./consensus.sh 6 > ./consensus.000006.out 2>&1
    ./consensus.sh 7 > ./consensus.000007.out 2>&1
    ./consensus.sh 8 > ./consensus.000008.out 2>&1
    ./consensus.sh 9 > ./consensus.000009.out 2>&1
    ./consensus.sh 10 > ./consensus.000010.out 2>&1

-- Finished on Tue Jan 20 20:51:14 2026 (484 seconds) with 4158183.468 GB free disk space
----------------------------------------
-- Using slow alignment for consensus (iteration '1').
-- Configured 10 consensus jobs.
-- All 10 consensus jobs finished successfully.
-- Finished stage 'consensusCheck', reset canuIteration.
-- Using slow alignment for consensus (iteration '0').
-- Configured 10 consensus jobs.
----------------------------------------
-- Starting command on Tue Jan 20 20:51:14 2026 with 4158183.421 GB free disk space

    cd unitigging
    /share/org/YZWL/yzwl_lixg/miniforge3/envs/canu_v.2.3/bin/tgStoreLoad \
      -S ../N10-3.seqStore \
      -T  ./N10-3.ctgStore 2 \
      -L ./5-consensus/ctgcns.files \
    > ./5-consensus/ctgcns.files.ctgStoreLoad.err 2>&1

-- Finished on Tue Jan 20 20:51:15 2026 (one second) with 4158182.156 GB free disk space
----------------------------------------
----------------------------------------
-- Starting command on Tue Jan 20 20:51:15 2026 with 4158182.156 GB free disk space

    cd unitigging
    /share/org/YZWL/yzwl_lixg/miniforge3/envs/canu_v.2.3/bin/tgTigDisplay \
      -S ../N10-3.seqStore \
      -b \
      -o ../N10-3.contigs.unsorted.bam \
      -L ./5-consensus/ctgcns.files \
    > ./5-consensus/ctgcns.files.contigs.bam.err 2>&1

-- Finished on Tue Jan 20 20:54:00 2026 (165 seconds) with 4157688.531 GB free disk space
----------------------------------------
----------------------------------------
-- Starting command on Tue Jan 20 20:54:00 2026 with 4157688.531 GB free disk space

    cd .
    samtools sort \
      --write-index \
      --threads 2 \
      -o ./N10-3.contigs.bam ./N10-3.contigs.unsorted.bam \
    > ./ctgcns.bam.err 2>&1

-- Finished on Tue Jan 20 20:55:01 2026 (61 seconds) with 4157534.39 GB free disk space
----------------------------------------
-- Purging consensus output after loading to ctgStore.
-- Purged 10 .cns outputs.
----------------------------------------
-- Starting command on Tue Jan 20 20:55:01 2026 with 4157537.359 GB free disk space

    cd unitigging
    /share/org/YZWL/yzwl_lixg/miniforge3/envs/canu_v.2.3/bin/tgStoreDump \
      -S ../N10-3.seqStore \
      -T ./N10-3.ctgStore 2 \
      -sizes -s 85000000 \
    > ./N10-3.ctgStore/seqDB.v002.sizes.txt
ZERO length suplied to intervalList::add(), ignoring interval.
ZERO length suplied to intervalList::add(), ignoring interval.
ZERO length suplied to intervalList::add(), ignoring interval.
ZERO length suplied to intervalList::add(), ignoring interval.
ZERO length suplied to intervalList::add(), ignoring interval.
ZERO length suplied to intervalList::add(), ignoring interval.
ZERO length suplied to intervalList::add(), ignoring interval.
ZERO length suplied to intervalList::add(), ignoring interval.
ZERO length suplied to intervalList::add(), ignoring interval.
ZERO length suplied to intervalList::add(), ignoring interval.
ZERO length suplied to intervalList::add(), ignoring interval.
ZERO length suplied to intervalList::add(), ignoring interval.
ZERO length suplied to intervalList::add(), ignoring interval.
ZERO length suplied to intervalList::add(), ignoring interval.
ZERO length suplied to intervalList::add(), ignoring interval.
ZERO length suplied to intervalList::add(), ignoring interval.
ZERO length suplied to intervalList::add(), ignoring interval.
ZERO length suplied to intervalList::add(), ignoring interval.
ZERO length suplied to intervalList::add(), ignoring interval.
ZERO length suplied to intervalList::add(), ignoring interval.
ZERO length suplied to intervalList::add(), ignoring interval.
ZERO length suplied to intervalList::add(), ignoring interval.
ZERO length suplied to intervalList::add(), ignoring interval.
ZERO length suplied to intervalList::add(), ignoring interval.
ZERO length suplied to intervalList::add(), ignoring interval.
ZERO length suplied to intervalList::add(), ignoring interval.
ZERO length suplied to intervalList::add(), ignoring interval.
ZERO length suplied to intervalList::add(), ignoring interval.
ZERO length suplied to intervalList::add(), ignoring interval.
ZERO length suplied to intervalList::add(), ignoring interval.
ZERO length suplied to intervalList::add(), ignoring interval.
ZERO length suplied to intervalList::add(), ignoring interval.
ZERO length suplied to intervalList::add(), ignoring interval.
ZERO length suplied to intervalList::add(), ignoring interval.
ZERO length suplied to intervalList::add(), ignoring interval.
ZERO length suplied to intervalList::add(), ignoring interval.
ZERO length suplied to intervalList::add(), ignoring interval.
ZERO length suplied to intervalList::add(), ignoring interval.
ZERO length suplied to intervalList::add(), ignoring interval.
ZERO length suplied to intervalList::add(), ignoring interval.
ZERO length suplied to intervalList::add(), ignoring interval.
ZERO length suplied to intervalList::add(), ignoring interval.
ZERO length suplied to intervalList::add(), ignoring interval.
ZERO length suplied to intervalList::add(), ignoring interval.

-- Finished on Tue Jan 20 20:55:02 2026 (one second) with 4157537.359 GB free disk space
----------------------------------------
-- Found, in version 2, after consensus generation:
--   contigs:      138 sequences, total length 91325929 bp (including 122 repeats of total length 3806248 bp).
--   bubbles:      159 sequences, total length 5625783 bp.
--   unassembled:  29961 sequences, total length 540331274 bp.
--
-- Contig sizes based on genome size 85mbp:
--
--            NG (bp)  LG (contigs)    sum (bp)
--         ----------  ------------  ----------
--     10    11508918             1    11508918
--     20     9241326             2    20750244
--     30     8461137             3    29211381
--     40     8071493             4    37282874
--     50     5857613             5    43140487
--     60     4442515             7    52209575
--     70     4279372             9    60817071
--     80     3664671            11    68540966
--     90     2280249            14    76590701
--    100     1140168            20    85721812
--
-- Finished stage 'consensusLoad', reset canuIteration.
----------------------------------------
-- Starting command on Tue Jan 20 20:55:02 2026 with 4157537.343 GB free disk space

    cd .
    /share/org/YZWL/yzwl_lixg/miniforge3/envs/canu_v.2.3/bin/tgStoreDump \
      -S ./N10-3.seqStore \
      -T ./unitigging/N10-3.ctgStore 2 \
      -o ./N10-3.contigs \
      -layout \
    > ./N10-3.contigs.layout.err 2>&1

-- Finished on Tue Jan 20 20:55:03 2026 (one second) with 4157537.296 GB free disk space
----------------------------------------
----------------------------------------
-- Starting command on Tue Jan 20 20:55:03 2026 with 4157537.296 GB free disk space

    cd .
    /share/org/YZWL/yzwl_lixg/miniforge3/envs/canu_v.2.3/bin/tgStoreDump \
      -S ./N10-3.seqStore \
      -T ./unitigging/N10-3.ctgStore 2 \
      -consensus -fasta \
      -unassembled \
    > ./N10-3.unassembled.fasta
    2> ./N10-3.unassembled.err
ZERO length suplied to intervalList::add(), ignoring interval.
ZERO length suplied to intervalList::add(), ignoring interval.
ZERO length suplied to intervalList::add(), ignoring interval.
ZERO length suplied to intervalList::add(), ignoring interval.
ZERO length suplied to intervalList::add(), ignoring interval.
ZERO length suplied to intervalList::add(), ignoring interval.
ZERO length suplied to intervalList::add(), ignoring interval.
ZERO length suplied to intervalList::add(), ignoring interval.
ZERO length suplied to intervalList::add(), ignoring interval.
ZERO length suplied to intervalList::add(), ignoring interval.
ZERO length suplied to intervalList::add(), ignoring interval.
ZERO length suplied to intervalList::add(), ignoring interval.
ZERO length suplied to intervalList::add(), ignoring interval.
ZERO length suplied to intervalList::add(), ignoring interval.
ZERO length suplied to intervalList::add(), ignoring interval.
ZERO length suplied to intervalList::add(), ignoring interval.
ZERO length suplied to intervalList::add(), ignoring interval.
ZERO length suplied to intervalList::add(), ignoring interval.
ZERO length suplied to intervalList::add(), ignoring interval.
ZERO length suplied to intervalList::add(), ignoring interval.
ZERO length suplied to intervalList::add(), ignoring interval.
ZERO length suplied to intervalList::add(), ignoring interval.
ZERO length suplied to intervalList::add(), ignoring interval.
ZERO length suplied to intervalList::add(), ignoring interval.
ZERO length suplied to intervalList::add(), ignoring interval.
ZERO length suplied to intervalList::add(), ignoring interval.
ZERO length suplied to intervalList::add(), ignoring interval.
ZERO length suplied to intervalList::add(), ignoring interval.
ZERO length suplied to intervalList::add(), ignoring interval.
ZERO length suplied to intervalList::add(), ignoring interval.
ZERO length suplied to intervalList::add(), ignoring interval.
ZERO length suplied to intervalList::add(), ignoring interval.
ZERO length suplied to intervalList::add(), ignoring interval.
ZERO length suplied to intervalList::add(), ignoring interval.
ZERO length suplied to intervalList::add(), ignoring interval.
ZERO length suplied to intervalList::add(), ignoring interval.
ZERO length suplied to intervalList::add(), ignoring interval.
ZERO length suplied to intervalList::add(), ignoring interval.
ZERO length suplied to intervalList::add(), ignoring interval.
ZERO length suplied to intervalList::add(), ignoring interval.
ZERO length suplied to intervalList::add(), ignoring interval.
ZERO length suplied to intervalList::add(), ignoring interval.
ZERO length suplied to intervalList::add(), ignoring interval.
ZERO length suplied to intervalList::add(), ignoring interval.

-- Finished on Tue Jan 20 20:55:05 2026 (2 seconds) with 4157536.765 GB free disk space
----------------------------------------
----------------------------------------
-- Starting command on Tue Jan 20 20:55:05 2026 with 4157536.765 GB free disk space

    cd .
    /share/org/YZWL/yzwl_lixg/miniforge3/envs/canu_v.2.3/bin/tgStoreDump \
      -S ./N10-3.seqStore \
      -T ./unitigging/N10-3.ctgStore 2 \
      -consensus -fasta \
      -contigs \
    > ./N10-3.contigs.fasta
    2> ./N10-3.contigs.err
ZERO length suplied to intervalList::add(), ignoring interval.
ZERO length suplied to intervalList::add(), ignoring interval.
ZERO length suplied to intervalList::add(), ignoring interval.
ZERO length suplied to intervalList::add(), ignoring interval.
ZERO length suplied to intervalList::add(), ignoring interval.
ZERO length suplied to intervalList::add(), ignoring interval.
ZERO length suplied to intervalList::add(), ignoring interval.
ZERO length suplied to intervalList::add(), ignoring interval.
ZERO length suplied to intervalList::add(), ignoring interval.
ZERO length suplied to intervalList::add(), ignoring interval.
ZERO length suplied to intervalList::add(), ignoring interval.
ZERO length suplied to intervalList::add(), ignoring interval.
ZERO length suplied to intervalList::add(), ignoring interval.
ZERO length suplied to intervalList::add(), ignoring interval.
ZERO length suplied to intervalList::add(), ignoring interval.
ZERO length suplied to intervalList::add(), ignoring interval.
ZERO length suplied to intervalList::add(), ignoring interval.
ZERO length suplied to intervalList::add(), ignoring interval.
ZERO length suplied to intervalList::add(), ignoring interval.
ZERO length suplied to intervalList::add(), ignoring interval.
ZERO length suplied to intervalList::add(), ignoring interval.
ZERO length suplied to intervalList::add(), ignoring interval.
ZERO length suplied to intervalList::add(), ignoring interval.
ZERO length suplied to intervalList::add(), ignoring interval.
ZERO length suplied to intervalList::add(), ignoring interval.
ZERO length suplied to intervalList::add(), ignoring interval.
ZERO length suplied to intervalList::add(), ignoring interval.
ZERO length suplied to intervalList::add(), ignoring interval.
ZERO length suplied to intervalList::add(), ignoring interval.
ZERO length suplied to intervalList::add(), ignoring interval.
ZERO length suplied to intervalList::add(), ignoring interval.
ZERO length suplied to intervalList::add(), ignoring interval.
ZERO length suplied to intervalList::add(), ignoring interval.
ZERO length suplied to intervalList::add(), ignoring interval.
ZERO length suplied to intervalList::add(), ignoring interval.
ZERO length suplied to intervalList::add(), ignoring interval.
ZERO length suplied to intervalList::add(), ignoring interval.
ZERO length suplied to intervalList::add(), ignoring interval.
ZERO length suplied to intervalList::add(), ignoring interval.
ZERO length suplied to intervalList::add(), ignoring interval.
ZERO length suplied to intervalList::add(), ignoring interval.
ZERO length suplied to intervalList::add(), ignoring interval.
ZERO length suplied to intervalList::add(), ignoring interval.
ZERO length suplied to intervalList::add(), ignoring interval.

-- Finished on Tue Jan 20 20:55:06 2026 (one second) with 4157536.656 GB free disk space
----------------------------------------
-- Finished stage 'generateOutputs', reset canuIteration.
--
-- Assembly 'N10-3' finished in '/share/org/YZWL/yzwl_lixg/project/28.大豆疫霉菌三代基因组/03.hicanu/N10-3/01.raw_output'.
--
-- Summary saved in 'N10-3.report'.
--
-- Sequences saved:
--   Contigs       -> 'N10-3.contigs.fasta'
--   Unassembled   -> 'N10-3.unassembled.fasta'
--
-- Read layouts saved:
--   Contigs       -> 'N10-3.contigs.layout'.
--
-- Bye.

Job 68952720 stderr output:

