2026-01-20 19:10:25.182 - WARNING - 命令错误输出|Command stderr:
-- canu master +27 changes (r10515 2a41e933b8de6ed66723d75d36dd071b46d2c347)
--
-- CITATIONS
--
-- For assemblies of PacBio HiFi reads:
--   Nurk S, Walenz BP, Rhiea A, Vollger MR, Logsdon GA, Grothe R, Miga KH, Eichler EE, Phillippy AM, Koren S.
--   HiCanu: accurate assembly of segmental duplications, satellites, and allelic variants from high-fidelity long reads.
--   biorXiv. 2020.
--   https://doi.org/10.1101/2020.03.14.992248
-- 
-- Read and contig alignments during correction and consensus use:
--   Šošic M, Šikic M.
--   Edlib: a C/C ++ library for fast, exact sequence alignment using edit distance.
--   Bioinformatics. 2017 May 1;33(9):1394-1395.
--   http://doi.org/10.1093/bioinformatics/btw753
-- 
-- Overlaps are generated using:
--   Berlin K, et al.
--   Assembling large genomes with single-molecule sequencing and locality-sensitive hashing.
--   Nat Biotechnol. 2015 Jun;33(6):623-30.
--   http://doi.org/10.1038/nbt.3238
-- 
--   Myers EW, et al.
--   A Whole-Genome Assembly of Drosophila.
--   Science. 2000 Mar 24;287(5461):2196-204.
--   http://doi.org/10.1126/science.287.5461.2196
-- 
-- Contig consensus sequences are generated using an algorithm derived from pbdagcon:
--   Chin CS, et al.
--   Nonhybrid, finished microbial genome assemblies from long-read SMRT sequencing data.
--   Nat Methods. 2013 Jun;10(6):563-9
--   http://doi.org/10.1038/nmeth.2474
-- 
-- CONFIGURE CANU
--
-- Detected Java(TM) Runtime Environment '17.0.15-internal' (from '/share/org/YZWL/yzwl_lixg/.local/bin/java') without -d64 support.
--
-- WARNING:
-- WARNING:  Failed to run gnuplot using command 'gnuplot'.
-- WARNING:  Plots will be disabled.
-- WARNING:
--
-- Detected samtools version '1.22' / htslib version 'htscodecs=1.6.3' (from 'samtools').
--
-- Detected 88 CPUs and 503 gigabytes of memory on the local machine.
--
-- Detected Slurm with 'sinfo' binary in /opt/skyformai/bin/sinfo.
--          Slurm disabled by useGrid=false
--
-- Detected  '' with 'pbsnodes' binary in /opt/skyformai/bin/pbsnodes.
--           disabled by useGrid=false
--
-- Detected LSF with 'bsub' binary in /opt/skyformai/bin/bsub.
--          LSF disabled by useGrid=false
--
-- Local machine mode enabled; grid support not detected or not allowed.
--
-- Found trimmed raw PacBio HiFi reads in the input files.
--
--                                (tag)Concurrency
--                         (tag)Threads          |
--                (tag)Memory         |          |
--        (tag)             |         |          |       total usage      algorithm
--        -------  ----------  --------   --------  --------------------  -----------------------------
-- Local: meryl     12.000 GB    4 CPUs x  22 jobs   264.000 GB  88 CPUs  (k-mer counting)
-- Local: cormhap   13.000 GB   11 CPUs x   8 jobs   104.000 GB  88 CPUs  (overlap detection with mhap)
-- Local: obtovl     8.000 GB    8 CPUs x  11 jobs    88.000 GB  88 CPUs  (overlap detection)
-- Local: utgovl     8.000 GB    8 CPUs x  11 jobs    88.000 GB  88 CPUs  (overlap detection)
-- Local: cor        -.--- GB    4 CPUs x   - jobs     -.--- GB   - CPUs  (read correction)
-- Local: ovb        4.000 GB    1 CPU  x  88 jobs   352.000 GB  88 CPUs  (overlap store bucketizer)
-- Local: ovs        8.000 GB    1 CPU  x  62 jobs   496.000 GB  62 CPUs  (overlap store sorting)
-- Local: red       16.000 GB    4 CPUs x  22 jobs   352.000 GB  88 CPUs  (read error detection)
-- Local: oea        8.000 GB    1 CPU  x  62 jobs   496.000 GB  62 CPUs  (overlap error adjustment)
-- Local: bat       32.000 GB    8 CPUs x   1 job     32.000 GB   8 CPUs  (contig construction with bogart)
-- Local: cns        -.--- GB    8 CPUs x   - jobs     -.--- GB   - CPUs  (consensus)
--
-- Generating assembly 'A3-55' in '/share/org/YZWL/yzwl_lixg/project/28.大豆疫霉菌三代基因组/03.hicanu/A3-55/01.raw_output':
--   genomeSize:
--     85000000
--
--   Overlap Generation Limits:
--     corOvlErrorRate 0.0000 (  0.00%)
--     obtOvlErrorRate 0.0250 (  2.50%)
--     utgOvlErrorRate 0.0100 (  1.00%)
--
--   Overlap Processing Limits:
--     corErrorRate    0.0000 (  0.00%)
--     obtErrorRate    0.0250 (  2.50%)
--     utgErrorRate    0.0003 (  0.03%)
--     cnsErrorRate    0.0500 (  5.00%)
--
--   Stages to run:
--     assemble HiFi reads.
--
--
-- BEGIN STORE CREATION
----------------------------------------
-- Starting command on Tue Jan 20 17:39:57 2026 with 4189942.812 GB free disk space

    cd .
    ./A3-55.seqStore.sh \
    > ./A3-55.seqStore.err 2>&1

-- Finished on Tue Jan 20 17:46:15 2026 (378 seconds) with 4188850.906 GB free disk space
----------------------------------------
--
-- In sequence store './A3-55.seqStore':
--   Found 279755 reads.
--   Found 4250011038 bases (50 times coverage).
--    Histogram of corrected reads:
--    
--    G=4250011038                       sum of  ||               length     num
--    NG         length     index       lengths  ||                range    seqs
--    ----- ------------ --------- ------------  ||  ------------------- -------
--    00010        25362     15321    425015587  ||       1224-2264         6443|------------------
--    00020        23026     32977    850002638  ||       2265-3305        11665|---------------------------------
--    00030        21466     52123   1275005098  ||       3306-4346        12110|----------------------------------
--    00040        20241     72531   1700023139  ||       4347-5387        11222|--------------------------------
--    00050        19187     94102   2125020133  ||       5388-6428        10099|-----------------------------
--    00060        18146    116873   2550013072  ||       6429-7469         9090|--------------------------
--    00070        16940    141085   2975022495  ||       7470-8510         8037|-----------------------
--    00080        15092    167477   3400019902  ||       8511-9551         7575|----------------------
--    00090         9921    201020   3825016700  ||       9552-10592        6896|--------------------
--    00100         1224    279755   4250011038  ||      10593-11633        6106|------------------
--    001.000x              279755   4250011038  ||      11634-12674        5746|-----------------
--                                               ||      12675-13715        6139|------------------
--                                               ||      13716-14756        7847|----------------------
--                                               ||      14757-15797       11636|---------------------------------
--                                               ||      15798-16838       16198|----------------------------------------------
--                                               ||      16839-17879       20544|----------------------------------------------------------
--                                               ||      17880-18920       22553|---------------------------------------------------------------
--                                               ||      18921-19961       21819|-------------------------------------------------------------
--                                               ||      19962-21002       18799|-----------------------------------------------------
--                                               ||      21003-22043       15044|-------------------------------------------
--                                               ||      22044-23084       11797|---------------------------------
--                                               ||      23085-24125        9097|--------------------------
--                                               ||      24126-25166        6895|--------------------
--                                               ||      25167-26207        5170|---------------
--                                               ||      26208-27248        3699|-----------
--                                               ||      27249-28289        2763|--------
--                                               ||      28290-29330        1817|------
--                                               ||      29331-30371        1193|----
--                                               ||      30372-31412         739|---
--                                               ||      31413-32453         475|--
--                                               ||      32454-33494         266|-
--                                               ||      33495-34535         148|-
--                                               ||      34536-35576          80|-
--                                               ||      35577-36617          27|-
--                                               ||      36618-37658          13|-
--                                               ||      37659-38699           4|-
--                                               ||      38700-39740           1|-
--                                               ||      39741-40781           0|
--                                               ||      40782-41822           0|
--                                               ||      41823-42863           3|-
--    
--
-- In sequence store './A3-55.seqStore':
--   Found 279755 reads.
--   Found 4250011038 bases (50 times coverage).
--    Histogram of corrected-trimmed reads:
--    
--    G=4250011038                       sum of  ||               length     num
--    NG         length     index       lengths  ||                range    seqs
--    ----- ------------ --------- ------------  ||  ------------------- -------
--    00010        25362     15321    425015587  ||       1224-2264         6443|------------------
--    00020        23026     32977    850002638  ||       2265-3305        11665|---------------------------------
--    00030        21466     52123   1275005098  ||       3306-4346        12110|----------------------------------
--    00040        20241     72531   1700023139  ||       4347-5387        11222|--------------------------------
--    00050        19187     94102   2125020133  ||       5388-6428        10099|-----------------------------
--    00060        18146    116873   2550013072  ||       6429-7469         9090|--------------------------
--    00070        16940    141085   2975022495  ||       7470-8510         8037|-----------------------
--    00080        15092    167477   3400019902  ||       8511-9551         7575|----------------------
--    00090         9921    201020   3825016700  ||       9552-10592        6896|--------------------
--    00100         1224    279755   4250011038  ||      10593-11633        6106|------------------
--    001.000x              279755   4250011038  ||      11634-12674        5746|-----------------
--                                               ||      12675-13715        6139|------------------
--                                               ||      13716-14756        7847|----------------------
--                                               ||      14757-15797       11636|---------------------------------
--                                               ||      15798-16838       16198|----------------------------------------------
--                                               ||      16839-17879       20544|----------------------------------------------------------
--                                               ||      17880-18920       22553|---------------------------------------------------------------
--                                               ||      18921-19961       21819|-------------------------------------------------------------
--                                               ||      19962-21002       18799|-----------------------------------------------------
--                                               ||      21003-22043       15044|-------------------------------------------
--                                               ||      22044-23084       11797|---------------------------------
--                                               ||      23085-24125        9097|--------------------------
--                                               ||      24126-25166        6895|--------------------
--                                               ||      25167-26207        5170|---------------
--                                               ||      26208-27248        3699|-----------
--                                               ||      27249-28289        2763|--------
--                                               ||      28290-29330        1817|------
--                                               ||      29331-30371        1193|----
--                                               ||      30372-31412         739|---
--                                               ||      31413-32453         475|--
--                                               ||      32454-33494         266|-
--                                               ||      33495-34535         148|-
--                                               ||      34536-35576          80|-
--                                               ||      35577-36617          27|-
--                                               ||      36618-37658          13|-
--                                               ||      37659-38699           4|-
--                                               ||      38700-39740           1|-
--                                               ||      39741-40781           0|
--                                               ||      40782-41822           0|
--                                               ||      41823-42863           3|-
--    
--
-- Correction skipped; not enabled.
--
-- Trimming skipped; not enabled.
--
-- BEGIN ASSEMBLY
----------------------------------------
-- Starting command on Tue Jan 20 17:46:15 2026 with 4188850.843 GB free disk space

    cd unitigging/0-mercounts
    ./meryl-configure.sh \
    > ./meryl-configure.err 2>&1

-- Finished on Tue Jan 20 17:46:16 2026 (one second) with 4188850.843 GB free disk space
----------------------------------------
--  segments   memory batches
--  -------- -------- -------
--        01 10.81 GB       2
--        02  5.75 GB       2
--        04  2.97 GB       2
--        06  2.14 GB       2
--        08  1.61 GB       2
--        12  1.07 GB       2
--        16  0.81 GB       2
--        20  0.65 GB       2
--        24  0.54 GB       2
--        32  0.41 GB       2
--        40  0.32 GB       2
--        48  -.-- GB       -  (segment size too small)
--        56  -.-- GB       -  (segment size too small)
--        64  -.-- GB       -  (segment size too small)
--        96  -.-- GB       -  (segment size too small)
--
--  For 279755 reads with 4250011038 bases, limit to 42 batches.
--  Will count kmers using 01 jobs, each using 12 GB and 4 threads.
--
-- Finished stage 'merylConfigure', reset canuIteration.
--
-- Running jobs.  First attempt out of 2.
----------------------------------------
-- Starting 'meryl' concurrent execution on Tue Jan 20 17:46:16 2026 with 4188850.812 GB free disk space (1 processes; 22 concurrently)

    cd unitigging/0-mercounts
    ./meryl-count.sh 1 > ./meryl-count.000001.out 2>&1

-- Finished on Tue Jan 20 17:49:40 2026 (204 seconds) with 4188231.25 GB free disk space
----------------------------------------
-- Found 1 Kmer counting (meryl) outputs.
-- Finished stage 'utg-merylCountCheck', reset canuIteration.
--
-- Running jobs.  First attempt out of 2.
----------------------------------------
-- Starting 'meryl' concurrent execution on Tue Jan 20 17:49:40 2026 with 4188231.218 GB free disk space (1 processes; 22 concurrently)

    cd unitigging/0-mercounts
    ./meryl-process.sh 1 > ./meryl-process.000001.out 2>&1

-- Finished on Tue Jan 20 17:49:46 2026 (6 seconds) with 4188231.75 GB free disk space
----------------------------------------
-- Meryl finished successfully.  Kmer frequency histogram:
--
-- WARNING: gnuplot failed.
--
----------------------------------------
--
--  22-mers                                                                                           Fraction
--    Occurrences   NumMers                                                                         Unique Total
--       1-     1         0                                                                        0.0000 0.0000
--       2-     2    200575                                                                        0.0045 0.0001
--       3-     4     64399                                                                        0.0055 0.0002
--       5-     7     17486                                                                        0.0061 0.0002
--       8-    11      9566                                                                        0.0063 0.0002
--      12-    16      9691                                                                        0.0065 0.0003
--      17-    22     88107                                                                        0.0068 0.0003
--      23-    29    914735 ****                                                                   0.0097 0.0012
--      30-    37   5484922 ************************                                               0.0356 0.0113
--      38-    46  15867386 ********************************************************************** 0.1808 0.0832
--      47-    56  14034954 *************************************************************          0.5467 0.3045
--      57-    67   3432933 ***************                                                        0.8310 0.5098
--      68-    79    665982 **                                                                     0.8933 0.5630
--      80-    92    993751 ****                                                                   0.9080 0.5783
--      93-   106    822858 ***                                                                    0.9305 0.6058
--     107-   121    309054 *                                                                      0.9478 0.6298
--     122-   137    289895 *                                                                      0.9542 0.6401
--     138-   154    272605 *                                                                      0.9608 0.6521
--     155-   172    161485                                                                        0.9666 0.6641
--     173-   191    150106                                                                        0.9702 0.6723
--     192-   211    126959                                                                        0.9735 0.6807
--     212-   232     98170                                                                        0.9763 0.6886
--     233-   254    103331                                                                        0.9785 0.6954
--     255-   277     89185                                                                        0.9807 0.7031
--     278-   301     76864                                                                        0.9827 0.7105
--     302-   326     75270                                                                        0.9844 0.7174
--     327-   352     54801                                                                        0.9861 0.7248
--     353-   379     46975                                                                        0.9873 0.7305
--     380-   407     44875                                                                        0.9883 0.7358
--     408-   436     34995                                                                        0.9893 0.7413
--     437-   466     35374                                                                        0.9901 0.7458
--     467-   497     30907                                                                        0.9908 0.7508
--     498-   529     25119                                                                        0.9915 0.7554
--     530-   562     21965                                                                        0.9921 0.7594
--     563-   596     18464                                                                        0.9926 0.7631
--     597-   631     18489                                                                        0.9930 0.7665
--     632-   667     17096                                                                        0.9934 0.7700
--     668-   704     15075                                                                        0.9938 0.7734
--     705-   742     13754                                                                        0.9941 0.7767
--     743-   781     13014                                                                        0.9944 0.7797
--     782-   821     11107                                                                        0.9947 0.7828
--
--           0 (max occurrences)
--  3214083112 (total mers, non-unique)
--    44990153 (distinct mers, non-unique)
--           0 (unique mers)
-- Finished stage 'meryl-process', reset canuIteration.
--
-- Removing meryl database 'unitigging/0-mercounts/A3-55.ms22'.
--
-- OVERLAPPER (normal) (assembly) erate=0.01
--
----------------------------------------
-- Starting command on Tue Jan 20 17:49:46 2026 with 4188231.734 GB free disk space

    cd unitigging/1-overlapper
    /share/org/YZWL/yzwl_lixg/miniforge3/envs/canu_v.2.3/bin/overlapInCorePartition \
     -S  ../../A3-55.seqStore \
     -hl 160000000 \
     -rl 5000000000 \
     -ol 500 \
     -o  ./A3-55.partition \
    > ./A3-55.partition.err 2>&1

-- Finished on Tue Jan 20 17:49:46 2026 (furiously fast) with 4188231.718 GB free disk space
----------------------------------------
--
-- Configured 21 overlapInCore jobs.
-- Finished stage 'utg-overlapConfigure', reset canuIteration.
--
-- Running jobs.  First attempt out of 2.
----------------------------------------
-- Starting 'utgovl' concurrent execution on Tue Jan 20 17:49:46 2026 with 4188231.687 GB free disk space (21 processes; 11 concurrently)

    cd unitigging/1-overlapper
    ./overlap.sh 1 > ./overlap.000001.out 2>&1
    ./overlap.sh 2 > ./overlap.000002.out 2>&1
    ./overlap.sh 3 > ./overlap.000003.out 2>&1
    ./overlap.sh 4 > ./overlap.000004.out 2>&1
    ./overlap.sh 5 > ./overlap.000005.out 2>&1
    ./overlap.sh 6 > ./overlap.000006.out 2>&1
    ./overlap.sh 7 > ./overlap.000007.out 2>&1
    ./overlap.sh 8 > ./overlap.000008.out 2>&1
    ./overlap.sh 9 > ./overlap.000009.out 2>&1
    ./overlap.sh 10 > ./overlap.000010.out 2>&1
    ./overlap.sh 11 > ./overlap.000011.out 2>&1
    ./overlap.sh 12 > ./overlap.000012.out 2>&1
    ./overlap.sh 13 > ./overlap.000013.out 2>&1
    ./overlap.sh 14 > ./overlap.000014.out 2>&1
    ./overlap.sh 15 > ./overlap.000015.out 2>&1
    ./overlap.sh 16 > ./overlap.000016.out 2>&1
    ./overlap.sh 17 > ./overlap.000017.out 2>&1
    ./overlap.sh 18 > ./overlap.000018.out 2>&1
    ./overlap.sh 19 > ./overlap.000019.out 2>&1
    ./overlap.sh 20 > ./overlap.000020.out 2>&1
    ./overlap.sh 21 > ./overlap.000021.out 2>&1

-- Finished on Tue Jan 20 18:15:03 2026 (1517 seconds) with 4182875.343 GB free disk space
----------------------------------------
-- Found 21 overlapInCore output files.
--
-- overlapInCore compute 'unitigging/1-overlapper':
--   kmer hits
--     with no overlap       1341355575    63874075 +- 39933907.542
--     with an overlap         40311339  7.57142857 +- 1098660.404
--
--   overlaps                  40311339  7.57142857 +- 1098660.404
--     contained                9952265  .380952381 +- 264246.736
--     dovetail                30359074  0.19047619 +- 838066.364
--
--   overlaps rejected
--     multiple per pair              0           0 +- 0
--     bad short window               0           0 +- 0
--     bad long window                0           0 +- 0
-- Finished stage 'utg-overlapCheck', reset canuIteration.
----------------------------------------
-- Starting command on Tue Jan 20 18:15:03 2026 with 4182875.328 GB free disk space

    cd unitigging
    /share/org/YZWL/yzwl_lixg/miniforge3/envs/canu_v.2.3/bin/ovStoreConfig \
     -S ../A3-55.seqStore \
     -M 4-8 \
     -L ./1-overlapper/ovljob.files \
     -create ./A3-55.ovlStore.config \
     > ./A3-55.ovlStore.config.txt \
    2> ./A3-55.ovlStore.config.err

-- Finished on Tue Jan 20 18:15:03 2026 (in the blink of an eye) with 4182875.312 GB free disk space
----------------------------------------
--
-- Creating overlap store unitigging/A3-55.ovlStore using:
--      1 bucket
--      1 slice
--        using at most 3 GB memory each
--
-- Running jobs.  First attempt out of 2.
----------------------------------------
-- Starting 'ovS' concurrent execution on Tue Jan 20 18:15:03 2026 with 4182875.296 GB free disk space (1 processes; 62 concurrently)

    cd unitigging
    ./A3-55.ovlStore.sh 1 > ./A3-55.ovlStore.000001.out 2>&1

-- Finished on Tue Jan 20 18:15:20 2026 (17 seconds) with 4182666.437 GB free disk space
----------------------------------------
-- Checking store.
----------------------------------------
-- Starting command on Tue Jan 20 18:15:20 2026 with 4182666.437 GB free disk space

    cd unitigging
    /share/org/YZWL/yzwl_lixg/miniforge3/envs/canu_v.2.3/bin/ovStoreDump \
     -S ../A3-55.seqStore \
     -O  ./A3-55.ovlStore \
     -counts \
     > ./A3-55.ovlStore/counts.dat 2> ./A3-55.ovlStore/counts.err

-- Finished on Tue Jan 20 18:15:20 2026 (like a bat out of hell) with 4182666.406 GB free disk space
----------------------------------------
--
-- Overlap store 'unitigging/A3-55.ovlStore' successfully constructed.
-- Found 80622678 overlaps for 272413 reads; 1377149 reads have no overlaps.
--
--
-- Purged 0.803 GB in 63 overlap output files.
----------------------------------------
-- Starting command on Tue Jan 20 18:15:21 2026 with 4182666.406 GB free disk space

    cd unitigging
    /share/org/YZWL/yzwl_lixg/miniforge3/envs/canu_v.2.3/bin/ovStoreStats \
     -C 50 \
     -S ../A3-55.seqStore \
     -O  ./A3-55.ovlStore \
     -o  ./A3-55.ovlStore \
     > ./A3-55.ovlStore.summary.err 2>&1

-- Finished on Tue Jan 20 18:15:33 2026 (12 seconds) with 4182666.375 GB free disk space
----------------------------------------
--
-- Overlap store 'unitigging/A3-55.ovlStore' contains:
--
--   category            reads     %          read length        feature size or coverage  analysis
--   ----------------  -------  -------  ----------------------  ------------------------  --------------------
--   middle-missing        158    0.06    14421.34 +- 5945.78        928.54 +- 1373.46    (bad trimming)
--   middle-hump            21    0.01    16751.71 +- 2114.04       5705.95 +- 3838.81    (bad trimming)
--   no-5-prime            584    0.21    12985.96 +- 5171.39       1720.35 +- 2761.37    (bad trimming)
--   no-3-prime            688    0.25    11196.54 +- 6132.43       1508.49 +- 2579.25    (bad trimming)
--   
--   low-coverage         1419    0.51    10323.24 +- 5388.27          5.75 +- 3.64       (easy to assemble, potential for lower quality consensus)
--   unique             224893   80.39    11639.86 +- 5569.88         45.54 +- 8.41       (easy to assemble, perfect, yay)
--   repeat-cont         19949    7.13     9652.70 +- 4852.43       1566.56 +- 1224.83    (potential for consensus errors, no impact on assembly)
--   repeat-dove           220    0.08    20140.06 +- 2151.12        737.90 +- 950.28     (hard to assemble, likely won't assemble correctly or even at all)
--   
--   span-repeat          2764    0.99    13063.69 +- 5034.06       3211.58 +- 3698.93    (read spans a large repeat, usually easy to assemble)
--   uniq-repeat-cont    14497    5.18    11798.91 +- 4616.11                             (should be uniquely placed, low potential for consensus errors, no impact on assembly)
--   uniq-repeat-dove     2673    0.96    18357.03 +- 3109.90                             (will end contigs, potential to misassemble)
--   uniq-anchor          4547    1.63    12825.34 +- 4451.37       7034.86 +- 4758.95    (repeat read, with unique section, probable bad read)
-- Finished stage 'utg-createOverlapStore', reset canuIteration.
--
-- Loading read lengths.
-- Loading number of overlaps per read.
--
-- Configure RED for 16gb memory.
--                   Batches of at most (unlimited) reads.
--                                      500000000 bases.
--                   Expecting evidence of at most 536870912 bases per iteration.
--
--           Total                                               Reads                 Olaps Evidence
--    Job   Memory      Read Range         Reads        Bases   Memory        Olaps   Memory   Memory  (Memory in MB)
--   ---- -------- ------------------- --------- ------------ -------- ------------ -------- --------
--      1 16384.86         1-38110          6348    108951629 13299.96      1127203    12.90  1024.00
--      2 16385.93     38111-75322          6388    108793691 13280.68      2905305    33.25  1024.00
--      3 16384.02     75323-123420         7962    108940025 13298.59      1172922    13.42  1024.00
--      4 16384.70    123421-170368         7937    108770698 13277.92      3038817    34.78  1024.00
--      5 16384.85    170369-207594         6352    108839384 13286.26      2324067    26.60  1024.00
--      6 16386.75    207595-254179         7896    108958874 13300.89      1211128    13.86  1024.00
--      7 16385.28    254180-301399         8010    108843362 13286.80      2314461    26.49  1024.00
--      8 16384.12    301400-339221         6336    108814970 13283.28      2520088    28.84  1024.00
--      9 16384.04    339222-386151         7925    108940616 13298.66      1168821    13.38  1024.00
--     10 16385.64    386152-431665         7829    108813294 13283.12      2666576    30.52  1024.00
--     11 16385.93    431666-468834         6315    108853907 13288.03      2263617    25.91  1024.00
--     12 16384.37    468835-515129         7866    108948048 13299.57      1118907    12.80  1024.00
--     13 16385.04    515130-559206         7547    108790225 13280.29      2861001    32.74  1024.00
--     14 16384.57    559207-596085         6267    108857122 13288.42      2109952    24.15  1024.00
--     15 16385.87    596086-641434         7821    108958661 13300.86      1136606    13.01  1024.00
--     16 16385.33    641435-685746         7595    108749942 13275.38      3316329    37.95  1024.00
--     17 16384.09    685747-723225         6301    108842918 13286.69      2219554    25.40  1024.00
--     18 16384.31    723226-768869         7810    108945481 13299.25      1140837    13.06  1024.00
--     19 16386.32    768870-812487         7497    108798385 13281.29      2886557    33.03  1024.00
--     20 16385.54    812488-849036         6236    108868322 13289.79      2075926    23.76  1024.00
--     21 16385.28    849037-893720         7609    108956453 13300.59      1109500    12.70  1024.00
--     22 16386.57    893721-936384         7247    108805122 13282.10      2836844    32.47  1024.00
--     23 16384.54    936385-973427         6211    108849271 13287.46      2191783    25.08  1024.00
--     24 16384.36    973428-1020523        7946    108941188 13298.73      1190376    13.62  1024.00
--     25 16384.32   1020524-1060422        6768    108800352 13281.51      2692593    30.81  1024.00
--     26 16386.81   1060423-1096765        6244    108865787 13289.48      2213261    25.33  1024.00
--     27 16384.88   1096766-1144535        8075    108944885 13299.19      1196052    13.69  1024.00
--     28 16385.00   1144536-1185363        6826    108816084 13283.43      2584096    29.57  1024.00
--     29 16384.88   1185364-1222934        6263    108848189 13287.33      2232613    25.55  1024.00
--     30 16384.09   1222935-1270163        8200    108926820 13296.99      1319410    15.10  1024.00
--     31 16384.45   1270164-1309701        6600    108823899 13284.38      2453084    28.07  1024.00
--     32 16384.53   1309702-1346120        6245    108854485 13288.10      2135205    24.44  1024.00
--     33 16385.50   1346121-1396245        8349    108867005 13289.69      2080710    23.81  1024.00
--     34 16385.14   1396246-1433494        6336    108888164 13292.21      1829062    20.93  1024.00
--     35 16384.59   1433495-1471774        6359    108856266 13288.32      2121005    24.27  1024.00
--     36 16386.17   1471775-1523167        8741    108815134 13283.37      2691050    30.80  1024.00
--     37 16384.44   1523168-1559966        6175    108925530 13296.77      1369165    15.67  1024.00
--     38 16384.09   1559967-1597481        6327    108850802 13287.65      2135743    24.44  1024.00
--     39 16384.11   1597482-1647789        8669    108807535 13282.44      2592457    29.67  1024.00
--     40  3596.31   1647790-1649562         327      4288513   523.51        69995     0.80  1024.00
--   ---- -------- ------------------- --------- ------------ -------- ------------ -------- --------
--                                                 4250011038              80622678
-- Finished stage 'readErrorDetectionConfigure', reset canuIteration.
--
-- Running jobs.  First attempt out of 2.
----------------------------------------
-- Starting 'red' concurrent execution on Tue Jan 20 18:15:39 2026 with 4182476.359 GB free disk space (40 processes; 22 concurrently)

    cd unitigging/3-overlapErrorAdjustment
    ./red.sh 1 > ./red.000001.out 2>&1
    ./red.sh 2 > ./red.000002.out 2>&1
    ./red.sh 3 > ./red.000003.out 2>&1
    ./red.sh 4 > ./red.000004.out 2>&1
    ./red.sh 5 > ./red.000005.out 2>&1
    ./red.sh 6 > ./red.000006.out 2>&1
    ./red.sh 7 > ./red.000007.out 2>&1
    ./red.sh 8 > ./red.000008.out 2>&1
    ./red.sh 9 > ./red.000009.out 2>&1
    ./red.sh 10 > ./red.000010.out 2>&1
    ./red.sh 11 > ./red.000011.out 2>&1
    ./red.sh 12 > ./red.000012.out 2>&1
    ./red.sh 13 > ./red.000013.out 2>&1
    ./red.sh 14 > ./red.000014.out 2>&1
    ./red.sh 15 > ./red.000015.out 2>&1
    ./red.sh 16 > ./red.000016.out 2>&1
    ./red.sh 17 > ./red.000017.out 2>&1
    ./red.sh 18 > ./red.000018.out 2>&1
    ./red.sh 19 > ./red.000019.out 2>&1
    ./red.sh 20 > ./red.000020.out 2>&1
    ./red.sh 21 > ./red.000021.out 2>&1
    ./red.sh 22 > ./red.000022.out 2>&1
    ./red.sh 23 > ./red.000023.out 2>&1
    ./red.sh 24 > ./red.000024.out 2>&1
    ./red.sh 25 > ./red.000025.out 2>&1
    ./red.sh 26 > ./red.000026.out 2>&1
    ./red.sh 27 > ./red.000027.out 2>&1
    ./red.sh 28 > ./red.000028.out 2>&1
    ./red.sh 29 > ./red.000029.out 2>&1
    ./red.sh 30 > ./red.000030.out 2>&1
    ./red.sh 31 > ./red.000031.out 2>&1
    ./red.sh 32 > ./red.000032.out 2>&1
    ./red.sh 33 > ./red.000033.out 2>&1
    ./red.sh 34 > ./red.000034.out 2>&1
    ./red.sh 35 > ./red.000035.out 2>&1
    ./red.sh 36 > ./red.000036.out 2>&1
    ./red.sh 37 > ./red.000037.out 2>&1
    ./red.sh 38 > ./red.000038.out 2>&1
    ./red.sh 39 > ./red.000039.out 2>&1
    ./red.sh 40 > ./red.000040.out 2>&1

-- Finished on Tue Jan 20 18:28:05 2026 (746 seconds) with 4180680.734 GB free disk space
----------------------------------------
-- Found 40 read error detection output files.
-- Finished stage 'readErrorDetectionCheck', reset canuIteration.
--
-- Loading read lengths.
-- Loading number of overlaps per read.
--
-- Configure OEA for 8gb memory.
--                   Batches of at most (unlimited) reads.
--                                      300000000 bases.
--
--           Total                                               Reads                 Olaps  Adjusts
--    Job   Memory      Read Range         Reads        Bases   Memory        Olaps   Memory   Memory  (Memory in MB)
--   ---- -------- ------------------- --------- ------------ -------- ------------ -------- --------
--      1  2854.39         1-109310        18367    300012004   294.67      4793153   146.28   365.44
--      2  2901.55    109311-229350        20267    300010621   294.73      6336398   193.37   365.44
--      3  2885.92    229351-350148        20402    300007922   294.73      5824252   177.74   365.44
--      4  2884.38    350149-469894        20420    300004088   294.73      5773938   176.21   365.44
--      5  2882.04    469895-587781        20123    300008270   294.72      5697509   173.87   365.44
--      6  2889.30    587782-705519        20120    300006024   294.72      5935379   181.13   365.44
--      7  2893.86    705520-822852        20065    300015963   294.73      6084605   185.69   365.44
--      8  2864.03    822853-938077        19612    300019520   294.72      5107310   155.86   365.44
--      9  2868.44    938078-1053647       19478    300000792   294.70      5252703   160.30   365.44
--     10  2889.63   1053648-1169704       19666    300010511   294.71      5946480   181.47   365.44
--     11  2886.49   1169705-1285051       19594    300008119   294.71      5843738   178.34   365.44
--     12  2884.31   1285052-1400749       19451    300005072   294.70      5772498   176.16   365.44
--     13  2843.19   1400750-1510470       18512    300011148   294.68      4425951   135.07   365.44
--     14  2883.38   1510471-1623041       18986    300014747   294.70      5742327   175.24   365.44
--     15  2532.83   1623042-1649562        4692     49876237    55.71      2086437    63.67   365.44
--   ---- -------- ------------------- --------- ------------ -------- ------------ -------- --------
--                                                 4250011038              80622678
-- Finished stage 'overlapErrorAdjustmentConfigure', reset canuIteration.
--
-- Running jobs.  First attempt out of 2.
----------------------------------------
-- Starting 'oea' concurrent execution on Tue Jan 20 18:28:12 2026 with 4180680.656 GB free disk space (15 processes; 62 concurrently)

    cd unitigging/3-overlapErrorAdjustment
    ./oea.sh 1 > ./oea.000001.out 2>&1
    ./oea.sh 2 > ./oea.000002.out 2>&1
    ./oea.sh 3 > ./oea.000003.out 2>&1
    ./oea.sh 4 > ./oea.000004.out 2>&1
    ./oea.sh 5 > ./oea.000005.out 2>&1
    ./oea.sh 6 > ./oea.000006.out 2>&1
    ./oea.sh 7 > ./oea.000007.out 2>&1
    ./oea.sh 8 > ./oea.000008.out 2>&1
    ./oea.sh 9 > ./oea.000009.out 2>&1
    ./oea.sh 10 > ./oea.000010.out 2>&1
    ./oea.sh 11 > ./oea.000011.out 2>&1
    ./oea.sh 12 > ./oea.000012.out 2>&1
    ./oea.sh 13 > ./oea.000013.out 2>&1
    ./oea.sh 14 > ./oea.000014.out 2>&1
    ./oea.sh 15 > ./oea.000015.out 2>&1

-- Finished on Tue Jan 20 18:58:10 2026 (1799 seconds) with 4175468.39 GB free disk space
----------------------------------------
-- Found 15 overlap error adjustment output files.
-- Finished stage 'overlapErrorAdjustmentCheck', reset canuIteration.
----------------------------------------
-- Starting command on Tue Jan 20 18:58:10 2026 with 4175468.375 GB free disk space

    cd unitigging/3-overlapErrorAdjustment
    /share/org/YZWL/yzwl_lixg/miniforge3/envs/canu_v.2.3/bin/loadErates \
      -S ../../A3-55.seqStore \
      -O ../A3-55.ovlStore \
      -L ./oea.files \
    > ./oea.apply.err 2>&1

-- Finished on Tue Jan 20 18:58:11 2026 (one second) with 4175468.218 GB free disk space
----------------------------------------
-- No report available.
-- Finished stage 'updateOverlapStore', reset canuIteration.
-- Finished stage 'unitig', reset canuIteration.
--
-- Running jobs.  First attempt out of 2.
----------------------------------------
-- Starting 'bat' concurrent execution on Tue Jan 20 18:58:11 2026 with 4175468.171 GB free disk space (1 processes; 1 concurrently)

    cd unitigging/4-unitigger
    ./unitigger.sh 1 > ./unitigger.000001.out 2>&1

-- Finished on Tue Jan 20 18:58:32 2026 (21 seconds) with 4175260.078 GB free disk space
----------------------------------------
-- Unitigger finished successfully.
--  
--  ERROR RATES
--  -----------
--                                                   --------threshold------
--  303053                       fraction error      fraction        percent
--  samples                              (1e-5)         error          error
--                   --------------------------      --------       --------
--  command line (-eg)                           ->     30.00        0.0300%
--  command line (-ef)                           ->  -----.--      ---.----%
--  command line (-eM)                           ->     30.00        0.0300%
--  mean + std.dev       0.30 +-  12 *     2.48  ->     30.07        0.0301%
--  median + mad         0.00 +-  12 *     0.00  ->      0.00        0.0000%
--  90th percentile                              ->      1.00        0.0010%  (enabled)
--  
--  BEST EDGE FILTERING
--  -------------------
--  At graph threshold 0.0300%, reads:
--    available to have edges:        44598
--    with at least one edge:         35711
--  
--  At max threshold 0.0300%, reads:  (not computed)
--    available to have edges:            0
--    with at least one edge:             0
--  
--  At tight threshold 0.0010%, reads with:
--    both edges below error threshold:     31844  (80.00% minReadsBest threshold = 28568)
--    one  edge  above error threshold:      2845
--    both edges above error threshold:      1022
--    at least one edge:                    35711
--  
--  At loose threshold 0.0300%, reads with:
--    both edges below error threshold:     35711  (80.00% minReadsBest threshold = 28568)
--    one  edge  above error threshold:         0
--    both edges above error threshold:         0
--    at least one edge:                    35711
--  
--  
--  INITIAL EDGES
--  -------- ----------------------------------------
--    230317 reads are contained
--   1388516 reads have no best edges (singleton)
--       319 reads have only one best edge (spur) 
--                145 are mutual best
--     30410 reads have two best edges 
--                657 have one mutual best edge
--              29399 have two mutual best edges
--  
--  
--  FINAL EDGES
--  -------- ----------------------------------------
--    230317 reads are contained
--   1388862 reads have no best edges (singleton)
--       189 reads have only one best edge (spur) 
--                149 are mutual best
--     30194 reads have two best edges 
--                535 have one mutual best edge
--              29395 have two mutual best edges
--  
--  
--  EDGE FILTERING
--  -------- ------------------------------------------
--         0 reads are ignored
--      9734 reads have a gap in overlap coverage
--       162 reads have lopsided best edges
-- Found, in version 1, after unitig construction:
--   contigs:      82 sequences, total length 68362333 bp (including 85 repeats of total length 2086276 bp).
--   bubbles:      125 sequences, total length 3167351 bp.
--   unassembled:  19262 sequences, total length 216057050 bp.
--
-- Contig sizes based on genome size 85mbp:
--
--            NG (bp)  LG (contigs)    sum (bp)
--         ----------  ------------  ----------
--     10     8805826             1     8805826
--     20     6202036             3    21520646
--     30     5358942             4    26879588
--     40     4053666             6    35034366
--     50     2979891             9    44660708
--     60     2298062            12    51972612
--     70     1439977            17    60455862
--     80       18306            61    68016596
--
-- Finished stage 'unitigCheck', reset canuIteration.
----------------------------------------
-- Starting command on Tue Jan 20 18:58:32 2026 with 4175260.062 GB free disk space

    cd unitigging
    /share/org/YZWL/yzwl_lixg/miniforge3/envs/canu_v.2.3/bin/utgcns \
      -S ../A3-55.seqStore \
      -T  ./A3-55.ctgStore 1 \
      -partition 0.8 1.5 0.1 \
    > ./A3-55.ctgStore/partitioning.log 2>&1

-- Finished on Tue Jan 20 18:58:41 2026 (9 seconds) with 4175258.89 GB free disk space
----------------------------------------
-- Using slow alignment for consensus (iteration '0').
-- Configured 10 consensus jobs.
-- Finished stage 'consensusConfigure', reset canuIteration.
--
-- Local: cns       13.000 GB    8 CPUs x  11 jobs   143.000 GB  88 CPUs  (consensus)
--
--
-- Running jobs.  First attempt out of 2.
----------------------------------------
-- Starting 'cns' concurrent execution on Tue Jan 20 18:58:41 2026 with 4175258.859 GB free disk space (10 processes; 11 concurrently)

    cd unitigging/5-consensus
    ./consensus.sh 1 > ./consensus.000001.out 2>&1
    ./consensus.sh 2 > ./consensus.000002.out 2>&1
    ./consensus.sh 3 > ./consensus.000003.out 2>&1
    ./consensus.sh 4 > ./consensus.000004.out 2>&1
    ./consensus.sh 5 > ./consensus.000005.out 2>&1
    ./consensus.sh 6 > ./consensus.000006.out 2>&1
    ./consensus.sh 7 > ./consensus.000007.out 2>&1
    ./consensus.sh 8 > ./consensus.000008.out 2>&1
    ./consensus.sh 9 > ./consensus.000009.out 2>&1
    ./consensus.sh 10 > ./consensus.000010.out 2>&1

-- Finished on Tue Jan 20 19:06:34 2026 (473 seconds) with 4174027.765 GB free disk space
----------------------------------------
-- Using slow alignment for consensus (iteration '1').
-- Configured 10 consensus jobs.
-- All 10 consensus jobs finished successfully.
-- Finished stage 'consensusCheck', reset canuIteration.
-- Using slow alignment for consensus (iteration '0').
-- Configured 10 consensus jobs.
----------------------------------------
-- Starting command on Tue Jan 20 19:06:34 2026 with 4174027.718 GB free disk space

    cd unitigging
    /share/org/YZWL/yzwl_lixg/miniforge3/envs/canu_v.2.3/bin/tgStoreLoad \
      -S ../A3-55.seqStore \
      -T  ./A3-55.ctgStore 2 \
      -L ./5-consensus/ctgcns.files \
    > ./5-consensus/ctgcns.files.ctgStoreLoad.err 2>&1

-- Finished on Tue Jan 20 19:06:36 2026 (2 seconds) with 4174008 GB free disk space
----------------------------------------
----------------------------------------
-- Starting command on Tue Jan 20 19:06:36 2026 with 4174008 GB free disk space

    cd unitigging
    /share/org/YZWL/yzwl_lixg/miniforge3/envs/canu_v.2.3/bin/tgTigDisplay \
      -S ../A3-55.seqStore \
      -b \
      -o ../A3-55.contigs.unsorted.bam \
      -L ./5-consensus/ctgcns.files \
    > ./5-consensus/ctgcns.files.contigs.bam.err 2>&1

-- Finished on Tue Jan 20 19:09:21 2026 (165 seconds) with 4173797.421 GB free disk space
----------------------------------------
----------------------------------------
-- Starting command on Tue Jan 20 19:09:21 2026 with 4173797.421 GB free disk space

    cd .
    samtools sort \
      --write-index \
      --threads 2 \
      -o ./A3-55.contigs.bam ./A3-55.contigs.unsorted.bam \
    > ./ctgcns.bam.err 2>&1

-- Finished on Tue Jan 20 19:10:22 2026 (61 seconds) with 4173666.593 GB free disk space
----------------------------------------
-- Purging consensus output after loading to ctgStore.
-- Purged 10 .cns outputs.
----------------------------------------
-- Starting command on Tue Jan 20 19:10:22 2026 with 4173668.468 GB free disk space

    cd unitigging
    /share/org/YZWL/yzwl_lixg/miniforge3/envs/canu_v.2.3/bin/tgStoreDump \
      -S ../A3-55.seqStore \
      -T ./A3-55.ctgStore 2 \
      -sizes -s 85000000 \
    > ./A3-55.ctgStore/seqDB.v002.sizes.txt
ZERO length suplied to intervalList::add(), ignoring interval.
ZERO length suplied to intervalList::add(), ignoring interval.
ZERO length suplied to intervalList::add(), ignoring interval.
ZERO length suplied to intervalList::add(), ignoring interval.
ZERO length suplied to intervalList::add(), ignoring interval.
ZERO length suplied to intervalList::add(), ignoring interval.
ZERO length suplied to intervalList::add(), ignoring interval.
ZERO length suplied to intervalList::add(), ignoring interval.
ZERO length suplied to intervalList::add(), ignoring interval.
ZERO length suplied to intervalList::add(), ignoring interval.
ZERO length suplied to intervalList::add(), ignoring interval.
ZERO length suplied to intervalList::add(), ignoring interval.
ZERO length suplied to intervalList::add(), ignoring interval.
ZERO length suplied to intervalList::add(), ignoring interval.
ZERO length suplied to intervalList::add(), ignoring interval.
ZERO length suplied to intervalList::add(), ignoring interval.
ZERO length suplied to intervalList::add(), ignoring interval.
ZERO length suplied to intervalList::add(), ignoring interval.
ZERO length suplied to intervalList::add(), ignoring interval.
ZERO length suplied to intervalList::add(), ignoring interval.
ZERO length suplied to intervalList::add(), ignoring interval.
ZERO length suplied to intervalList::add(), ignoring interval.
ZERO length suplied to intervalList::add(), ignoring interval.
ZERO length suplied to intervalList::add(), ignoring interval.
ZERO length suplied to intervalList::add(), ignoring interval.
ZERO length suplied to intervalList::add(), ignoring interval.
ZERO length suplied to intervalList::add(), ignoring interval.
ZERO length suplied to intervalList::add(), ignoring interval.
ZERO length suplied to intervalList::add(), ignoring interval.
ZERO length suplied to intervalList::add(), ignoring interval.
ZERO length suplied to intervalList::add(), ignoring interval.
ZERO length suplied to intervalList::add(), ignoring interval.
ZERO length suplied to intervalList::add(), ignoring interval.
ZERO length suplied to intervalList::add(), ignoring interval.
ZERO length suplied to intervalList::add(), ignoring interval.
ZERO length suplied to intervalList::add(), ignoring interval.
ZERO length suplied to intervalList::add(), ignoring interval.
ZERO length suplied to intervalList::add(), ignoring interval.
ZERO length suplied to intervalList::add(), ignoring interval.
ZERO length suplied to intervalList::add(), ignoring interval.
ZERO length suplied to intervalList::add(), ignoring interval.
ZERO length suplied to intervalList::add(), ignoring interval.
ZERO length suplied to intervalList::add(), ignoring interval.
ZERO length suplied to intervalList::add(), ignoring interval.
ZERO length suplied to intervalList::add(), ignoring interval.
ZERO length suplied to intervalList::add(), ignoring interval.
ZERO length suplied to intervalList::add(), ignoring interval.
ZERO length suplied to intervalList::add(), ignoring interval.
ZERO length suplied to intervalList::add(), ignoring interval.
ZERO length suplied to intervalList::add(), ignoring interval.
ZERO length suplied to intervalList::add(), ignoring interval.
ZERO length suplied to intervalList::add(), ignoring interval.
ZERO length suplied to intervalList::add(), ignoring interval.
ZERO length suplied to intervalList::add(), ignoring interval.
ZERO length suplied to intervalList::add(), ignoring interval.
ZERO length suplied to intervalList::add(), ignoring interval.
ZERO length suplied to intervalList::add(), ignoring interval.
ZERO length suplied to intervalList::add(), ignoring interval.
ZERO length suplied to intervalList::add(), ignoring interval.
ZERO length suplied to intervalList::add(), ignoring interval.
ZERO length suplied to intervalList::add(), ignoring interval.
ZERO length suplied to intervalList::add(), ignoring interval.
ZERO length suplied to intervalList::add(), ignoring interval.
ZERO length suplied to intervalList::add(), ignoring interval.
ZERO length suplied to intervalList::add(), ignoring interval.
ZERO length suplied to intervalList::add(), ignoring interval.
ZERO length suplied to intervalList::add(), ignoring interval.
ZERO length suplied to intervalList::add(), ignoring interval.
ZERO length suplied to intervalList::add(), ignoring interval.
ZERO length suplied to intervalList::add(), ignoring interval.
ZERO length suplied to intervalList::add(), ignoring interval.
ZERO length suplied to intervalList::add(), ignoring interval.
ZERO length suplied to intervalList::add(), ignoring interval.
ZERO length suplied to intervalList::add(), ignoring interval.
ZERO length suplied to intervalList::add(), ignoring interval.
ZERO length suplied to intervalList::add(), ignoring interval.
ZERO length suplied to intervalList::add(), ignoring interval.
ZERO length suplied to intervalList::add(), ignoring interval.
ZERO length suplied to intervalList::add(), ignoring interval.
ZERO length suplied to intervalList::add(), ignoring interval.
ZERO length suplied to intervalList::add(), ignoring interval.

-- Finished on Tue Jan 20 19:10:22 2026 (fast as lightning) with 4173668.468 GB free disk space
----------------------------------------
-- Found, in version 2, after consensus generation:
--   contigs:      82 sequences, total length 89161373 bp (including 85 repeats of total length 2865226 bp).
--   bubbles:      125 sequences, total length 4235753 bp.
--   unassembled:  19262 sequences, total length 298879551 bp.
--
-- Contig sizes based on genome size 85mbp:
--
--            NG (bp)  LG (contigs)    sum (bp)
--         ----------  ------------  ----------
--     10    11444190             1    11444190
--     20     8453179             2    19897369
--     30     8083232             3    27980601
--     40     6960284             4    34940885
--     50     5264892             6    45562929
--     60     4265944             8    54232561
--     70     3367030            10    61481778
--     80     2639634            13    70287670
--     90     2003157            16    76839485
--    100      784116            23    85746673
--
-- Finished stage 'consensusLoad', reset canuIteration.
----------------------------------------
-- Starting command on Tue Jan 20 19:10:22 2026 with 4173668.453 GB free disk space

    cd .
    /share/org/YZWL/yzwl_lixg/miniforge3/envs/canu_v.2.3/bin/tgStoreDump \
      -S ./A3-55.seqStore \
      -T ./unitigging/A3-55.ctgStore 2 \
      -o ./A3-55.contigs \
      -layout \
    > ./A3-55.contigs.layout.err 2>&1

-- Finished on Tue Jan 20 19:10:23 2026 (one second) with 4173668.406 GB free disk space
----------------------------------------
----------------------------------------
-- Starting command on Tue Jan 20 19:10:23 2026 with 4173668.406 GB free disk space

    cd .
    /share/org/YZWL/yzwl_lixg/miniforge3/envs/canu_v.2.3/bin/tgStoreDump \
      -S ./A3-55.seqStore \
      -T ./unitigging/A3-55.ctgStore 2 \
      -consensus -fasta \
      -unassembled \
    > ./A3-55.unassembled.fasta
    2> ./A3-55.unassembled.err
ZERO length suplied to intervalList::add(), ignoring interval.
ZERO length suplied to intervalList::add(), ignoring interval.
ZERO length suplied to intervalList::add(), ignoring interval.
ZERO length suplied to intervalList::add(), ignoring interval.
ZERO length suplied to intervalList::add(), ignoring interval.
ZERO length suplied to intervalList::add(), ignoring interval.
ZERO length suplied to intervalList::add(), ignoring interval.
ZERO length suplied to intervalList::add(), ignoring interval.
ZERO length suplied to intervalList::add(), ignoring interval.
ZERO length suplied to intervalList::add(), ignoring interval.
ZERO length suplied to intervalList::add(), ignoring interval.
ZERO length suplied to intervalList::add(), ignoring interval.
ZERO length suplied to intervalList::add(), ignoring interval.
ZERO length suplied to intervalList::add(), ignoring interval.
ZERO length suplied to intervalList::add(), ignoring interval.
ZERO length suplied to intervalList::add(), ignoring interval.
ZERO length suplied to intervalList::add(), ignoring interval.
ZERO length suplied to intervalList::add(), ignoring interval.
ZERO length suplied to intervalList::add(), ignoring interval.
ZERO length suplied to intervalList::add(), ignoring interval.
ZERO length suplied to intervalList::add(), ignoring interval.
ZERO length suplied to intervalList::add(), ignoring interval.
ZERO length suplied to intervalList::add(), ignoring interval.
ZERO length suplied to intervalList::add(), ignoring interval.
ZERO length suplied to intervalList::add(), ignoring interval.
ZERO length suplied to intervalList::add(), ignoring interval.
ZERO length suplied to intervalList::add(), ignoring interval.
ZERO length suplied to intervalList::add(), ignoring interval.
ZERO length suplied to intervalList::add(), ignoring interval.
ZERO length suplied to intervalList::add(), ignoring interval.
ZERO length suplied to intervalList::add(), ignoring interval.
ZERO length suplied to intervalList::add(), ignoring interval.
ZERO length suplied to intervalList::add(), ignoring interval.
ZERO length suplied to intervalList::add(), ignoring interval.
ZERO length suplied to intervalList::add(), ignoring interval.
ZERO length suplied to intervalList::add(), ignoring interval.
ZERO length suplied to intervalList::add(), ignoring interval.
ZERO length suplied to intervalList::add(), ignoring interval.
ZERO length suplied to intervalList::add(), ignoring interval.
ZERO length suplied to intervalList::add(), ignoring interval.
ZERO length suplied to intervalList::add(), ignoring interval.
ZERO length suplied to intervalList::add(), ignoring interval.
ZERO length suplied to intervalList::add(), ignoring interval.
ZERO length suplied to intervalList::add(), ignoring interval.
ZERO length suplied to intervalList::add(), ignoring interval.
ZERO length suplied to intervalList::add(), ignoring interval.
ZERO length suplied to intervalList::add(), ignoring interval.
ZERO length suplied to intervalList::add(), ignoring interval.
ZERO length suplied to intervalList::add(), ignoring interval.
ZERO length suplied to intervalList::add(), ignoring interval.
ZERO length suplied to intervalList::add(), ignoring interval.
ZERO length suplied to intervalList::add(), ignoring interval.
ZERO length suplied to intervalList::add(), ignoring interval.
ZERO length suplied to intervalList::add(), ignoring interval.
ZERO length suplied to intervalList::add(), ignoring interval.
ZERO length suplied to intervalList::add(), ignoring interval.
ZERO length suplied to intervalList::add(), ignoring interval.
ZERO length suplied to intervalList::add(), ignoring interval.
ZERO length suplied to intervalList::add(), ignoring interval.
ZERO length suplied to intervalList::add(), ignoring interval.
ZERO length suplied to intervalList::add(), ignoring interval.
ZERO length suplied to intervalList::add(), ignoring interval.
ZERO length suplied to intervalList::add(), ignoring interval.
ZERO length suplied to intervalList::add(), ignoring interval.
ZERO length suplied to intervalList::add(), ignoring interval.
ZERO length suplied to intervalList::add(), ignoring interval.
ZERO length suplied to intervalList::add(), ignoring interval.
ZERO length suplied to intervalList::add(), ignoring interval.
ZERO length suplied to intervalList::add(), ignoring interval.
ZERO length suplied to intervalList::add(), ignoring interval.
ZERO length suplied to intervalList::add(), ignoring interval.
ZERO length suplied to intervalList::add(), ignoring interval.
ZERO length suplied to intervalList::add(), ignoring interval.
ZERO length suplied to intervalList::add(), ignoring interval.
ZERO length suplied to intervalList::add(), ignoring interval.
ZERO length suplied to intervalList::add(), ignoring interval.
ZERO length suplied to intervalList::add(), ignoring interval.
ZERO length suplied to intervalList::add(), ignoring interval.
ZERO length suplied to intervalList::add(), ignoring interval.
ZERO length suplied to intervalList::add(), ignoring interval.
ZERO length suplied to intervalList::add(), ignoring interval.

-- Finished on Tue Jan 20 19:10:24 2026 (one second) with 4173668.109 GB free disk space
----------------------------------------
----------------------------------------
-- Starting command on Tue Jan 20 19:10:24 2026 with 4173668.109 GB free disk space

    cd .
    /share/org/YZWL/yzwl_lixg/miniforge3/envs/canu_v.2.3/bin/tgStoreDump \
      -S ./A3-55.seqStore \
      -T ./unitigging/A3-55.ctgStore 2 \
      -consensus -fasta \
      -contigs \
    > ./A3-55.contigs.fasta
    2> ./A3-55.contigs.err
ZERO length suplied to intervalList::add(), ignoring interval.
ZERO length suplied to intervalList::add(), ignoring interval.
ZERO length suplied to intervalList::add(), ignoring interval.
ZERO length suplied to intervalList::add(), ignoring interval.
ZERO length suplied to intervalList::add(), ignoring interval.
ZERO length suplied to intervalList::add(), ignoring interval.
ZERO length suplied to intervalList::add(), ignoring interval.
ZERO length suplied to intervalList::add(), ignoring interval.
ZERO length suplied to intervalList::add(), ignoring interval.
ZERO length suplied to intervalList::add(), ignoring interval.
ZERO length suplied to intervalList::add(), ignoring interval.
ZERO length suplied to intervalList::add(), ignoring interval.
ZERO length suplied to intervalList::add(), ignoring interval.
ZERO length suplied to intervalList::add(), ignoring interval.
ZERO length suplied to intervalList::add(), ignoring interval.
ZERO length suplied to intervalList::add(), ignoring interval.
ZERO length suplied to intervalList::add(), ignoring interval.
ZERO length suplied to intervalList::add(), ignoring interval.
ZERO length suplied to intervalList::add(), ignoring interval.
ZERO length suplied to intervalList::add(), ignoring interval.
ZERO length suplied to intervalList::add(), ignoring interval.
ZERO length suplied to intervalList::add(), ignoring interval.
ZERO length suplied to intervalList::add(), ignoring interval.
ZERO length suplied to intervalList::add(), ignoring interval.
ZERO length suplied to intervalList::add(), ignoring interval.
ZERO length suplied to intervalList::add(), ignoring interval.
ZERO length suplied to intervalList::add(), ignoring interval.
ZERO length suplied to intervalList::add(), ignoring interval.
ZERO length suplied to intervalList::add(), ignoring interval.
ZERO length suplied to intervalList::add(), ignoring interval.
ZERO length suplied to intervalList::add(), ignoring interval.
ZERO length suplied to intervalList::add(), ignoring interval.
ZERO length suplied to intervalList::add(), ignoring interval.
ZERO length suplied to intervalList::add(), ignoring interval.
ZERO length suplied to intervalList::add(), ignoring interval.
ZERO length suplied to intervalList::add(), ignoring interval.
ZERO length suplied to intervalList::add(), ignoring interval.
ZERO length suplied to intervalList::add(), ignoring interval.
ZERO length suplied to intervalList::add(), ignoring interval.
ZERO length suplied to intervalList::add(), ignoring interval.
ZERO length suplied to intervalList::add(), ignoring interval.
ZERO length suplied to intervalList::add(), ignoring interval.
ZERO length suplied to intervalList::add(), ignoring interval.
ZERO length suplied to intervalList::add(), ignoring interval.
ZERO length suplied to intervalList::add(), ignoring interval.
ZERO length suplied to intervalList::add(), ignoring interval.
ZERO length suplied to intervalList::add(), ignoring interval.
ZERO length suplied to intervalList::add(), ignoring interval.
ZERO length suplied to intervalList::add(), ignoring interval.
ZERO length suplied to intervalList::add(), ignoring interval.
ZERO length suplied to intervalList::add(), ignoring interval.
ZERO length suplied to intervalList::add(), ignoring interval.
ZERO length suplied to intervalList::add(), ignoring interval.
ZERO length suplied to intervalList::add(), ignoring interval.
ZERO length suplied to intervalList::add(), ignoring interval.
ZERO length suplied to intervalList::add(), ignoring interval.
ZERO length suplied to intervalList::add(), ignoring interval.
ZERO length suplied to intervalList::add(), ignoring interval.
ZERO length suplied to intervalList::add(), ignoring interval.
ZERO length suplied to intervalList::add(), ignoring interval.
ZERO length suplied to intervalList::add(), ignoring interval.
ZERO length suplied to intervalList::add(), ignoring interval.
ZERO length suplied to intervalList::add(), ignoring interval.
ZERO length suplied to intervalList::add(), ignoring interval.
ZERO length suplied to intervalList::add(), ignoring interval.
ZERO length suplied to intervalList::add(), ignoring interval.
ZERO length suplied to intervalList::add(), ignoring interval.
ZERO length suplied to intervalList::add(), ignoring interval.
ZERO length suplied to intervalList::add(), ignoring interval.
ZERO length suplied to intervalList::add(), ignoring interval.
ZERO length suplied to intervalList::add(), ignoring interval.
ZERO length suplied to intervalList::add(), ignoring interval.
ZERO length suplied to intervalList::add(), ignoring interval.
ZERO length suplied to intervalList::add(), ignoring interval.
ZERO length suplied to intervalList::add(), ignoring interval.
ZERO length suplied to intervalList::add(), ignoring interval.
ZERO length suplied to intervalList::add(), ignoring interval.
ZERO length suplied to intervalList::add(), ignoring interval.
ZERO length suplied to intervalList::add(), ignoring interval.
ZERO length suplied to intervalList::add(), ignoring interval.
ZERO length suplied to intervalList::add(), ignoring interval.

-- Finished on Tue Jan 20 19:10:25 2026 (one second) with 4173668.015 GB free disk space
----------------------------------------
-- Finished stage 'generateOutputs', reset canuIteration.
--
-- Assembly 'A3-55' finished in '/share/org/YZWL/yzwl_lixg/project/28.大豆疫霉菌三代基因组/03.hicanu/A3-55/01.raw_output'.
--
-- Summary saved in 'A3-55.report'.
--
-- Sequences saved:
--   Contigs       -> 'A3-55.contigs.fasta'
--   Unassembled   -> 'A3-55.unassembled.fasta'
--
-- Read layouts saved:
--   Contigs       -> 'A3-55.contigs.layout'.
--
-- Bye.

Job 68952640 stderr output:

