2026-01-13 15:15:47.158 - INFO - 工作目录|Working directory: 01.plink
2026-01-13 15:15:47.158 - INFO - ============================================================
2026-01-13 15:15:47.158 - INFO - PLINK GWAS Analysis Pipeline|PLINK GWAS分析流程
2026-01-13 15:15:47.159 - INFO - Version: 1.0.0
2026-01-13 15:15:47.159 - INFO - ============================================================
2026-01-13 15:15:47.159 - INFO - Input VCF|VCF输入文件: chr.snp.182.samples.maf005.vcf.gz
2026-01-13 15:15:47.159 - INFO - Input phenotype|表型输入文件: 114.第一批369个有表型的样品去冗余做GWAS-样品病害登记.txt
2026-01-13 15:15:47.159 - INFO - Output directory|输出目录: 01.plink
2026-01-13 15:15:47.159 - INFO - Trait type|表型类型: quantitative
2026-01-13 15:15:47.159 - INFO - Genetic model|遗传模型: all
2026-01-13 15:15:47.159 - INFO - Threads|线程数: 64
2026-01-13 15:15:47.159 - INFO - Correction method|显著性校正方法: all
2026-01-13 15:15:47.159 - INFO - ============================================================
2026-01-13 15:15:47.159 - INFO - 开始PLINK GWAS分析流程|Starting PLINK GWAS analysis pipeline...
2026-01-13 15:15:47.159 - INFO - ============================================================
2026-01-13 15:15:47.159 - INFO - ============================================================
2026-01-13 15:15:47.159 - INFO - STEP 1: 检查输入文件|Checking input files
2026-01-13 15:15:47.159 - INFO - ============================================================
2026-01-13 15:15:47.159 - INFO -  复制输入文件到工作目录|Copying input files to working directory...
2026-01-13 15:15:47.159 - INFO -  正在复制VCF文件|Copying VCF file (6204.2 MB)...
2026-01-13 15:15:58.008 - INFO -  VCF文件已复制|VCF file copied: /share/org/YZWL/yzwl_lixg/project/21.野生大豆群体/05.所有样品/18.第一批369个有表型的样品去冗余做GWAS-分级作为表型/01.plink/input.vcf.gz
2026-01-13 15:15:58.008 - INFO -  正在复制表型文件|Copying phenotype file (1.7 KB)...
2026-01-13 15:15:58.009 - INFO -  表型文件已复制|Phenotype file copied: /share/org/YZWL/yzwl_lixg/project/21.野生大豆群体/05.所有样品/18.第一批369个有表型的样品去冗余做GWAS-分级作为表型/01.plink/phenotype.txt
2026-01-13 15:15:58.009 - INFO - ============================================================
2026-01-13 15:15:58.009 - INFO - STEP 2: 转换表型文件|Converting phenotype file
2026-01-13 15:15:58.009 - INFO - ============================================================
2026-01-13 15:15:58.009 - INFO - 开始转换表型文件|Starting phenotype file conversion...
2026-01-13 15:15:58.009 - INFO - 表型类型|Trait type: quantitative
2026-01-13 15:15:58.013 - INFO - 成功读取表型文件|Successfully read phenotype file: (181, 2)
2026-01-13 15:15:58.013 - INFO - 表型文件列名|Phenotype file columns: ['sample', 'level']
2026-01-13 15:15:58.013 - INFO - 样本ID列|Sample ID column: sample
2026-01-13 15:15:58.013 - INFO - 表型值列|Phenotype column: level
2026-01-13 15:15:58.015 - INFO - 原始表型分布|Original phenotype distribution: {4: np.int64(69), 5: np.int64(41), 3: np.int64(28), 6: np.int64(15), 1: np.int64(15), 2: np.int64(12), 0: np.int64(1)}
2026-01-13 15:15:58.015 - INFO - 处理数量性状：保持原始数值，只处理缺失值|Processing quantitative trait: keeping original values, only handling missing values
2026-01-13 15:15:58.015 - INFO - 数量性状统计|Quantitative trait statistics:
2026-01-13 15:15:58.015 - INFO -   有效值数量|Valid values: 181
2026-01-13 15:15:58.016 - INFO -   均值|Mean: 3.8343
2026-01-13 15:15:58.016 - INFO -   标准差|Standard deviation: 1.3396
2026-01-13 15:15:58.016 - INFO -   最小值|Min: 0.0000
2026-01-13 15:15:58.016 - INFO -   最大值|Max: 6.0000
2026-01-13 15:15:58.016 - INFO -   缺失值数量|Missing values: 0
2026-01-13 15:15:58.028 - INFO - 表型文件转换完成|Phenotype file conversion completed
2026-01-13 15:15:58.032 - INFO - === 表型转换统计|Phenotype Conversion Statistics ===
2026-01-13 15:15:58.033 - INFO - 原始表型分布|Original phenotype distribution:
2026-01-13 15:15:58.033 - INFO -   0: 1
2026-01-13 15:15:58.033 - INFO -   1: 15
2026-01-13 15:15:58.033 - INFO -   2: 12
2026-01-13 15:15:58.033 - INFO -   3: 28
2026-01-13 15:15:58.033 - INFO -   4: 69
2026-01-13 15:15:58.033 - INFO -   5: 41
2026-01-13 15:15:58.033 - INFO -   6: 15
2026-01-13 15:15:58.033 - INFO - 转换后表型分布|Converted phenotype distribution:
2026-01-13 15:15:58.033 - INFO -   0: 1
2026-01-13 15:15:58.033 - INFO -   1: 15
2026-01-13 15:15:58.033 - INFO -   2: 12
2026-01-13 15:15:58.033 - INFO -   3: 28
2026-01-13 15:15:58.033 - INFO -   4: 69
2026-01-13 15:15:58.033 - INFO -   5: 41
2026-01-13 15:15:58.033 - INFO -   6: 15
2026-01-13 15:15:58.034 - INFO - 总样本数|Total samples: 181
2026-01-13 15:15:58.034 - INFO - 原始有效样本数|Original valid samples: 181
2026-01-13 15:15:58.034 - INFO - 转换后有效样本数|Converted valid samples: 181
2026-01-13 15:15:58.035 - INFO - 转换详情已保存到 phenotype_conversion_debug.txt|Conversion details saved to phenotype_conversion_debug.txt
2026-01-13 15:15:58.035 - INFO - ============================================================
2026-01-13 15:15:58.035 - INFO - STEP 3: 转换VCF文件|Converting VCF file
2026-01-13 15:15:58.035 - INFO - ============================================================
2026-01-13 15:15:58.035 - INFO - 转换VCF文件为PLINK格式|Converting VCF file to PLINK format...
2026-01-13 15:15:58.035 - INFO -  执行步骤|Executing step: VCF转换为PLINK格式|Converting VCF to PLINK format
2026-01-13 15:15:58.035 - INFO -  命令|Command: plink --vcf input.vcf.gz --make-bed --out raw_data --allow-extra-chr --set-missing-var-ids @:# --keep-allele-order --threads 64
2026-01-13 15:15:58.035 - INFO -  工作目录|Working directory: /share/org/YZWL/yzwl_lixg/project/21.野生大豆群体/05.所有样品/18.第一批369个有表型的样品去冗余做GWAS-分级作为表型/01.plink
2026-01-13 15:15:58.035 - INFO - ============================================================
2026-01-13 15:15:58.035 - INFO -  命令参数详解|Command Parameter Explanation
2026-01-13 15:15:58.035 - INFO - ============================================================
2026-01-13 15:15:58.035 - INFO -   plink
2026-01-13 15:15:58.035 - INFO -      PLINK v1.9 - 全基因组关联分析工具|PLINK v1.9 - Genome-wide association analysis tool
2026-01-13 15:15:58.035 - INFO -   --vcf input.vcf.gz
2026-01-13 15:15:58.035 - INFO -      指定VCF格式输入文件|Specify VCF format input file
2026-01-13 15:15:58.035 - INFO -   --make-bed
2026-01-13 15:15:58.035 - INFO -      生成二进制PLINK文件格式(.bed/.bim/.fam)|Generate binary PLINK format files (.bed/.bim/.fam)
2026-01-13 15:15:58.035 - INFO -   --out raw_data
2026-01-13 15:15:58.035 - INFO -      指定输出文件前缀|Specify output file prefix
2026-01-13 15:15:58.035 - INFO -   --allow-extra-chr
2026-01-13 15:15:58.035 - INFO -      允许非标准染色体编号|Allow non-standard chromosome codes
2026-01-13 15:15:58.035 - INFO -   --set-missing-var-ids @:#
2026-01-13 15:15:58.035 - INFO -      为缺失变异ID设置格式(@:#表示chr:pos)|Set format for missing variant IDs (@:# means chr:pos)
2026-01-13 15:15:58.035 - INFO -   --keep-allele-order
2026-01-13 15:15:58.036 - INFO -      保持等位基因顺序不变|Keep allele order unchanged
2026-01-13 15:15:58.036 - INFO -   --threads 64
2026-01-13 15:15:58.036 - INFO -      指定使用的CPU线程数|Specify number of CPU threads to use
2026-01-13 15:15:58.036 - INFO -        使用64个CPU线程并行计算|Use 64 CPU threads for parallel computing
2026-01-13 15:15:58.036 - INFO - ============================================================
2026-01-13 15:18:01.686 - INFO -  完成|Completed: VCF转换为PLINK格式|Converting VCF to PLINK format
2026-01-13 15:18:04.853 - INFO - 染色体分布|Chromosome distribution: {18: np.int64(518786), 15: np.int64(428671), 1: np.int64(390314), 14: np.int64(372899), 6: np.int64(353348), 19: np.int64(343711), 10: np.int64(343034), 3: np.int64(340595), 20: np.int64(340563), 4: np.int64(325886)}
2026-01-13 15:18:04.853 - INFO - 总SNP数|Total SNPs: 6550834
2026-01-13 15:18:04.853 - INFO - VCF转换完成|VCF conversion completed
2026-01-13 15:18:04.933 - INFO - ============================================================
2026-01-13 15:18:04.933 - INFO - STEP 4: 合并表型信息|Merging phenotype information
2026-01-13 15:18:04.933 - INFO - ============================================================
2026-01-13 15:18:04.933 - INFO - 合并表型信息|Merging phenotype information...
2026-01-13 15:18:04.933 - INFO -  执行步骤|Executing step: 合并表型信息|Merging phenotype information
2026-01-13 15:18:04.933 - INFO -  命令|Command: plink --bfile raw_data --pheno phenotype_converted.txt --make-bed --allow-extra-chr --allow-no-sex --out data_with_pheno --threads 64
2026-01-13 15:18:04.933 - INFO -  工作目录|Working directory: /share/org/YZWL/yzwl_lixg/project/21.野生大豆群体/05.所有样品/18.第一批369个有表型的样品去冗余做GWAS-分级作为表型/01.plink
2026-01-13 15:18:04.933 - INFO - ============================================================
2026-01-13 15:18:04.933 - INFO -  命令参数详解|Command Parameter Explanation
2026-01-13 15:18:04.933 - INFO - ============================================================
2026-01-13 15:18:04.933 - INFO -   plink
2026-01-13 15:18:04.933 - INFO -      PLINK v1.9 - 全基因组关联分析工具|PLINK v1.9 - Genome-wide association analysis tool
2026-01-13 15:18:04.933 - INFO -   --bfile raw_data
2026-01-13 15:18:04.933 - INFO -      指定二进制PLINK文件集合的前缀名|Specify binary PLINK fileset prefix
2026-01-13 15:18:04.933 - INFO -   --pheno phenotype_converted.txt
2026-01-13 15:18:04.933 - INFO -      指定表型文件|Specify phenotype file
2026-01-13 15:18:04.933 - INFO -   --make-bed
2026-01-13 15:18:04.933 - INFO -      生成二进制PLINK文件格式(.bed/.bim/.fam)|Generate binary PLINK format files (.bed/.bim/.fam)
2026-01-13 15:18:04.933 - INFO -   --allow-extra-chr
2026-01-13 15:18:04.933 - INFO -      允许非标准染色体编号|Allow non-standard chromosome codes
2026-01-13 15:18:04.933 - INFO -   --allow-no-sex
2026-01-13 15:18:04.933 - INFO -      允许性别信息缺失|Allow missing sex information
2026-01-13 15:18:04.933 - INFO -   --out data_with_pheno
2026-01-13 15:18:04.933 - INFO -      指定输出文件前缀|Specify output file prefix
2026-01-13 15:18:04.933 - INFO -   --threads 64
2026-01-13 15:18:04.933 - INFO -      指定使用的CPU线程数|Specify number of CPU threads to use
2026-01-13 15:18:04.933 - INFO -        使用64个CPU线程并行计算|Use 64 CPU threads for parallel computing
2026-01-13 15:18:04.933 - INFO - ============================================================
2026-01-13 15:18:07.657 - INFO -  完成|Completed: 合并表型信息|Merging phenotype information
2026-01-13 15:18:07.659 - INFO - 合并后样本数|Samples after merge: 181
2026-01-13 15:18:07.659 - INFO - 表型分布|Phenotype distribution: {4: np.int64(69), 5: np.int64(41), 3: np.int64(28), 1: np.int64(15), 6: np.int64(15), 2: np.int64(12), 0: np.int64(1)}
2026-01-13 15:18:07.659 - INFO - 表型合并成功|Phenotype merging successful
2026-01-13 15:18:07.660 - INFO - ============================================================
2026-01-13 15:18:07.660 - INFO - STEP 5: 数据质量控制|Data quality control
2026-01-13 15:18:07.660 - INFO - ============================================================
2026-01-13 15:18:07.660 - INFO - 开始数据质量控制|Starting data quality control...
2026-01-13 15:18:07.660 - INFO - 计算基本统计|Calculating basic statistics...
2026-01-13 15:18:07.660 - INFO -  执行步骤|Executing step: 计算基本统计|Calculating basic statistics
2026-01-13 15:18:07.660 - INFO -  命令|Command: plink --bfile data_with_pheno --freq --missing --hardy --allow-extra-chr --allow-no-sex --out qc_stats --threads 64
2026-01-13 15:18:07.660 - INFO -  工作目录|Working directory: /share/org/YZWL/yzwl_lixg/project/21.野生大豆群体/05.所有样品/18.第一批369个有表型的样品去冗余做GWAS-分级作为表型/01.plink
2026-01-13 15:18:07.660 - INFO - ============================================================
2026-01-13 15:18:07.660 - INFO -  命令参数详解|Command Parameter Explanation
2026-01-13 15:18:07.660 - INFO - ============================================================
2026-01-13 15:18:07.660 - INFO -   plink
2026-01-13 15:18:07.660 - INFO -      PLINK v1.9 - 全基因组关联分析工具|PLINK v1.9 - Genome-wide association analysis tool
2026-01-13 15:18:07.660 - INFO -   --bfile data_with_pheno
2026-01-13 15:18:07.660 - INFO -      指定二进制PLINK文件集合的前缀名|Specify binary PLINK fileset prefix
2026-01-13 15:18:07.660 - INFO -   --freq
2026-01-13 15:18:07.660 - INFO -      计算等位基因频率|Calculate allele frequencies
2026-01-13 15:18:07.660 - INFO -   --missing
2026-01-13 15:18:07.660 - INFO -      计算缺失率统计|Calculate missing rate statistics
2026-01-13 15:18:07.660 - INFO -   --hardy
2026-01-13 15:18:07.660 - INFO -      进行Hardy-Weinberg平衡检验|Perform Hardy-Weinberg equilibrium test
2026-01-13 15:18:07.660 - INFO -   --allow-extra-chr
2026-01-13 15:18:07.660 - INFO -      允许非标准染色体编号|Allow non-standard chromosome codes
2026-01-13 15:18:07.660 - INFO -   --allow-no-sex
2026-01-13 15:18:07.660 - INFO -      允许性别信息缺失|Allow missing sex information
2026-01-13 15:18:07.660 - INFO -   --out qc_stats
2026-01-13 15:18:07.660 - INFO -      指定输出文件前缀|Specify output file prefix
2026-01-13 15:18:07.660 - INFO -   --threads 64
2026-01-13 15:18:07.660 - INFO -      指定使用的CPU线程数|Specify number of CPU threads to use
2026-01-13 15:18:07.660 - INFO -        使用64个CPU线程并行计算|Use 64 CPU threads for parallel computing
2026-01-13 15:18:07.660 - INFO - ============================================================
2026-01-13 15:18:11.881 - INFO -  完成|Completed: 计算基本统计|Calculating basic statistics
2026-01-13 15:18:11.881 - INFO - 应用质量控制过滤|Applying quality control filters...
2026-01-13 15:18:11.881 - INFO - 质控参数|QC parameters: mind=None, geno=0.05, maf=0.05, hwe=None
2026-01-13 15:18:11.881 - INFO -  执行步骤|Executing step: 质量控制过滤|Quality control filtering
2026-01-13 15:18:11.881 - INFO -  命令|Command: plink --bfile data_with_pheno --make-bed --allow-extra-chr --allow-no-sex --out data_qc1 --geno 0.05 --maf 0.05 --threads 64
2026-01-13 15:18:11.881 - INFO -  工作目录|Working directory: /share/org/YZWL/yzwl_lixg/project/21.野生大豆群体/05.所有样品/18.第一批369个有表型的样品去冗余做GWAS-分级作为表型/01.plink
2026-01-13 15:18:11.881 - INFO - ============================================================
2026-01-13 15:18:11.881 - INFO -  命令参数详解|Command Parameter Explanation
2026-01-13 15:18:11.881 - INFO - ============================================================
2026-01-13 15:18:11.881 - INFO -   plink
2026-01-13 15:18:11.881 - INFO -      PLINK v1.9 - 全基因组关联分析工具|PLINK v1.9 - Genome-wide association analysis tool
2026-01-13 15:18:11.881 - INFO -   --bfile data_with_pheno
2026-01-13 15:18:11.881 - INFO -      指定二进制PLINK文件集合的前缀名|Specify binary PLINK fileset prefix
2026-01-13 15:18:11.881 - INFO -   --make-bed
2026-01-13 15:18:11.881 - INFO -      生成二进制PLINK文件格式(.bed/.bim/.fam)|Generate binary PLINK format files (.bed/.bim/.fam)
2026-01-13 15:18:11.881 - INFO -   --allow-extra-chr
2026-01-13 15:18:11.881 - INFO -      允许非标准染色体编号|Allow non-standard chromosome codes
2026-01-13 15:18:11.881 - INFO -   --allow-no-sex
2026-01-13 15:18:11.881 - INFO -      允许性别信息缺失|Allow missing sex information
2026-01-13 15:18:11.881 - INFO -   --out data_qc1
2026-01-13 15:18:11.881 - INFO -      指定输出文件前缀|Specify output file prefix
2026-01-13 15:18:11.881 - INFO -   --geno 0.05
2026-01-13 15:18:11.882 - INFO -      移除SNP缺失率超过阈值的位点|Remove SNPs with missing rate above threshold
2026-01-13 15:18:11.882 - INFO -         移除SNP缺失率>5.0%的位点|Remove SNPs with missing rate > 5.0%
2026-01-13 15:18:11.882 - INFO -   --maf 0.05
2026-01-13 15:18:11.882 - INFO -      移除次要等位基因频率低于阈值的SNP|Remove SNPs with minor allele frequency below threshold
2026-01-13 15:18:11.882 - INFO -         移除次要等位基因频率<5.0%的SNP|Remove SNPs with MAF < 5.0%
2026-01-13 15:18:11.882 - INFO -   --threads 64
2026-01-13 15:18:11.882 - INFO -      指定使用的CPU线程数|Specify number of CPU threads to use
2026-01-13 15:18:11.882 - INFO -        使用64个CPU线程并行计算|Use 64 CPU threads for parallel computing
2026-01-13 15:18:11.882 - INFO - ============================================================
2026-01-13 15:18:14.291 - INFO -  完成|Completed: 质量控制过滤|Quality control filtering
2026-01-13 15:18:19.642 - INFO - 数据质量控制完成|Data quality control completed
2026-01-13 15:18:19.643 - INFO - ============================================================
2026-01-13 15:18:19.643 - INFO - STEP 6: 群体结构分析|Population structure analysis
2026-01-13 15:18:19.643 - INFO - ============================================================
2026-01-13 15:18:19.643 - INFO - 开始群体结构分析|Starting population structure analysis...
2026-01-13 15:18:19.643 - INFO - 进行LD剪枝|Performing LD pruning...
2026-01-13 15:18:19.643 - INFO -  执行步骤|Executing step: LD剪枝|LD pruning
2026-01-13 15:18:19.643 - INFO -  命令|Command: plink --bfile data_qc1 --indep-pairwise 50 5 0.2 --allow-extra-chr --allow-no-sex --out pruned_snps --threads 64
2026-01-13 15:18:19.643 - INFO -  工作目录|Working directory: /share/org/YZWL/yzwl_lixg/project/21.野生大豆群体/05.所有样品/18.第一批369个有表型的样品去冗余做GWAS-分级作为表型/01.plink
2026-01-13 15:18:19.643 - INFO - ============================================================
2026-01-13 15:18:19.643 - INFO -  命令参数详解|Command Parameter Explanation
2026-01-13 15:18:19.643 - INFO - ============================================================
2026-01-13 15:18:19.643 - INFO -   plink
2026-01-13 15:18:19.643 - INFO -      PLINK v1.9 - 全基因组关联分析工具|PLINK v1.9 - Genome-wide association analysis tool
2026-01-13 15:18:19.643 - INFO -   --bfile data_qc1
2026-01-13 15:18:19.643 - INFO -      指定二进制PLINK文件集合的前缀名|Specify binary PLINK fileset prefix
2026-01-13 15:18:19.643 - INFO -   --indep-pairwise 50
2026-01-13 15:18:19.643 - INFO -      基于成对LD进行SNP剪枝|Perform SNP pruning based on pairwise LD
2026-01-13 15:18:19.643 - INFO -         窗口大小|Window size: 50kb
2026-01-13 15:18:19.643 - INFO -         步长|Step size: 5 SNPs
2026-01-13 15:18:19.643 - INFO -         r²阈值|r² threshold: 0.2
2026-01-13 15:18:19.643 - INFO -   --allow-extra-chr
2026-01-13 15:18:19.643 - INFO -      允许非标准染色体编号|Allow non-standard chromosome codes
2026-01-13 15:18:19.643 - INFO -   --allow-no-sex
2026-01-13 15:18:19.643 - INFO -      允许性别信息缺失|Allow missing sex information
2026-01-13 15:18:19.643 - INFO -   --out pruned_snps
2026-01-13 15:18:19.643 - INFO -      指定输出文件前缀|Specify output file prefix
2026-01-13 15:18:19.643 - INFO -   --threads 64
2026-01-13 15:18:19.643 - INFO -      指定使用的CPU线程数|Specify number of CPU threads to use
2026-01-13 15:18:19.643 - INFO -        使用64个CPU线程并行计算|Use 64 CPU threads for parallel computing
2026-01-13 15:18:19.643 - INFO - ============================================================
2026-01-13 15:18:22.641 - INFO -  完成|Completed: LD剪枝|LD pruning
2026-01-13 15:18:22.658 - INFO - LD剪枝后SNP数|SNPs after LD pruning: 425173
2026-01-13 15:18:22.658 - INFO - 进行主成分分析|Performing principal component analysis...
2026-01-13 15:18:22.658 - INFO -  执行步骤|Executing step: 主成分分析|Principal component analysis
2026-01-13 15:18:22.658 - INFO -  命令|Command: plink --bfile data_qc1 --extract pruned_snps.prune.in --pca 10 --allow-extra-chr --allow-no-sex --out pca_results --threads 64
2026-01-13 15:18:22.658 - INFO -  工作目录|Working directory: /share/org/YZWL/yzwl_lixg/project/21.野生大豆群体/05.所有样品/18.第一批369个有表型的样品去冗余做GWAS-分级作为表型/01.plink
2026-01-13 15:18:22.658 - INFO - ============================================================
2026-01-13 15:18:22.658 - INFO -  命令参数详解|Command Parameter Explanation
2026-01-13 15:18:22.658 - INFO - ============================================================
2026-01-13 15:18:22.659 - INFO -   plink
2026-01-13 15:18:22.659 - INFO -      PLINK v1.9 - 全基因组关联分析工具|PLINK v1.9 - Genome-wide association analysis tool
2026-01-13 15:18:22.659 - INFO -   --bfile data_qc1
2026-01-13 15:18:22.659 - INFO -      指定二进制PLINK文件集合的前缀名|Specify binary PLINK fileset prefix
2026-01-13 15:18:22.659 - INFO -   --extract pruned_snps.prune.in
2026-01-13 15:18:22.659 - INFO -      仅保留指定列表中的SNP|Keep only SNPs in specified list
2026-01-13 15:18:22.659 - INFO -   --pca 10
2026-01-13 15:18:22.659 - INFO -      进行主成分分析，指定输出的主成分数量|Perform PCA, specify number of components to output
2026-01-13 15:18:22.659 - INFO -         将计算前10个主成分|Will compute top 10 principal components
2026-01-13 15:18:22.659 - INFO -   --allow-extra-chr
2026-01-13 15:18:22.659 - INFO -      允许非标准染色体编号|Allow non-standard chromosome codes
2026-01-13 15:18:22.659 - INFO -   --allow-no-sex
2026-01-13 15:18:22.659 - INFO -      允许性别信息缺失|Allow missing sex information
2026-01-13 15:18:22.659 - INFO -   --out pca_results
2026-01-13 15:18:22.659 - INFO -      指定输出文件前缀|Specify output file prefix
2026-01-13 15:18:22.659 - INFO -   --threads 64
2026-01-13 15:18:22.659 - INFO -      指定使用的CPU线程数|Specify number of CPU threads to use
2026-01-13 15:18:22.659 - INFO -        使用64个CPU线程并行计算|Use 64 CPU threads for parallel computing
2026-01-13 15:18:22.659 - INFO - ============================================================
2026-01-13 15:18:25.170 - INFO -  完成|Completed: 主成分分析|Principal component analysis
2026-01-13 15:18:25.170 - INFO - 为主成分文件添加header|Adding header to PCA file...
2026-01-13 15:18:25.176 - INFO - 主成分分析完成|Principal component analysis completed
2026-01-13 15:18:25.176 - INFO - 生成主成分数|Generated PCs: 10
2026-01-13 15:18:25.176 - INFO - 样本数|Number of samples: 181
2026-01-13 15:18:25.176 - INFO - ============================================================
2026-01-13 15:18:25.176 - INFO - STEP 7: 关联分析|Association analysis
2026-01-13 15:18:25.176 - INFO - ============================================================
2026-01-13 15:18:25.176 - INFO - 开始关联分析|Starting association analysis...
2026-01-13 15:18:25.176 - INFO - 表型类型|Trait type: quantitative
2026-01-13 15:18:25.176 - INFO - 遗传模型|Genetic model: all
2026-01-13 15:18:25.176 - INFO - 数量性状关联分析（线性回归）|Quantitative trait association analysis (linear regression)
2026-01-13 15:18:25.176 - INFO - 运行所有遗传模型分析|Running all genetic models analysis...
2026-01-13 15:18:25.176 - INFO - 基本关联分析（所有模型，无协变量）|Basic association analysis (all models, no covariates)...
2026-01-13 15:18:25.176 - INFO -   运行additive模型|Running additive model...
2026-01-13 15:18:25.176 - INFO -  执行步骤|Executing step: 基本关联分析（additive模型）|Basic association analysis (additive model)
2026-01-13 15:18:25.176 - INFO -  命令|Command: plink --bfile data_qc1 --linear --ci 0.95 --allow-extra-chr --allow-no-sex --out gwas_basic_additive --threads 64
2026-01-13 15:18:25.176 - INFO -  工作目录|Working directory: /share/org/YZWL/yzwl_lixg/project/21.野生大豆群体/05.所有样品/18.第一批369个有表型的样品去冗余做GWAS-分级作为表型/01.plink
2026-01-13 15:18:25.176 - INFO - ============================================================
2026-01-13 15:18:25.176 - INFO -  命令参数详解|Command Parameter Explanation
2026-01-13 15:18:25.176 - INFO - ============================================================
2026-01-13 15:18:25.176 - INFO -   plink
2026-01-13 15:18:25.176 - INFO -      PLINK v1.9 - 全基因组关联分析工具|PLINK v1.9 - Genome-wide association analysis tool
2026-01-13 15:18:25.176 - INFO -   --bfile data_qc1
2026-01-13 15:18:25.177 - INFO -      指定二进制PLINK文件集合的前缀名|Specify binary PLINK fileset prefix
2026-01-13 15:18:25.177 - INFO -   --linear
2026-01-13 15:18:25.177 - INFO -      进行线性回归关联分析（数量性状）|Perform linear regression association analysis (quantitative traits)
2026-01-13 15:18:25.177 - INFO -   --ci 0.95
2026-01-13 15:18:25.177 - INFO -      计算置信区间（指定置信水平）|Calculate confidence intervals (specify confidence level)
2026-01-13 15:18:25.177 - INFO -         计算95.0%置信区间|Calculate 95.0% confidence intervals
2026-01-13 15:18:25.177 - INFO -   --allow-extra-chr
2026-01-13 15:18:25.177 - INFO -      允许非标准染色体编号|Allow non-standard chromosome codes
2026-01-13 15:18:25.177 - INFO -   --allow-no-sex
2026-01-13 15:18:25.177 - INFO -      允许性别信息缺失|Allow missing sex information
2026-01-13 15:18:25.177 - INFO -   --out gwas_basic_additive
2026-01-13 15:18:25.177 - INFO -      指定输出文件前缀|Specify output file prefix
2026-01-13 15:18:25.177 - INFO -   --threads 64
2026-01-13 15:18:25.177 - INFO -      指定使用的CPU线程数|Specify number of CPU threads to use
2026-01-13 15:18:25.177 - INFO -        使用64个CPU线程并行计算|Use 64 CPU threads for parallel computing
2026-01-13 15:18:25.177 - INFO - ============================================================
2026-01-13 15:18:47.120 - INFO -  完成|Completed: 基本关联分析（additive模型）|Basic association analysis (additive model)
2026-01-13 15:18:47.120 - INFO -   运行dominant模型|Running dominant model...
2026-01-13 15:18:47.120 - INFO -  执行步骤|Executing step: 基本关联分析（dominant模型）|Basic association analysis (dominant model)
2026-01-13 15:18:47.120 - INFO -  命令|Command: plink --bfile data_qc1 --linear --ci 0.95 --allow-extra-chr --allow-no-sex --out gwas_basic_dominant --dominant --threads 64
2026-01-13 15:18:47.120 - INFO -  工作目录|Working directory: /share/org/YZWL/yzwl_lixg/project/21.野生大豆群体/05.所有样品/18.第一批369个有表型的样品去冗余做GWAS-分级作为表型/01.plink
2026-01-13 15:18:47.120 - INFO - ============================================================
2026-01-13 15:18:47.120 - INFO -  命令参数详解|Command Parameter Explanation
2026-01-13 15:18:47.120 - INFO - ============================================================
2026-01-13 15:18:47.121 - INFO -   plink
2026-01-13 15:18:47.121 - INFO -      PLINK v1.9 - 全基因组关联分析工具|PLINK v1.9 - Genome-wide association analysis tool
2026-01-13 15:18:47.121 - INFO -   --bfile data_qc1
2026-01-13 15:18:47.121 - INFO -      指定二进制PLINK文件集合的前缀名|Specify binary PLINK fileset prefix
2026-01-13 15:18:47.121 - INFO -   --linear
2026-01-13 15:18:47.121 - INFO -      进行线性回归关联分析（数量性状）|Perform linear regression association analysis (quantitative traits)
2026-01-13 15:18:47.121 - INFO -   --ci 0.95
2026-01-13 15:18:47.121 - INFO -      计算置信区间（指定置信水平）|Calculate confidence intervals (specify confidence level)
2026-01-13 15:18:47.121 - INFO -         计算95.0%置信区间|Calculate 95.0% confidence intervals
2026-01-13 15:18:47.121 - INFO -   --allow-extra-chr
2026-01-13 15:18:47.121 - INFO -      允许非标准染色体编号|Allow non-standard chromosome codes
2026-01-13 15:18:47.121 - INFO -   --allow-no-sex
2026-01-13 15:18:47.121 - INFO -      允许性别信息缺失|Allow missing sex information
2026-01-13 15:18:47.121 - INFO -   --out gwas_basic_dominant
2026-01-13 15:18:47.121 - INFO -      指定输出文件前缀|Specify output file prefix
2026-01-13 15:18:47.121 - INFO -   --dominant
2026-01-13 15:18:47.121 - INFO -      使用显性遗传模型|Use dominant genetic model
2026-01-13 15:18:47.121 - INFO -   --threads 64
2026-01-13 15:18:47.121 - INFO -      指定使用的CPU线程数|Specify number of CPU threads to use
2026-01-13 15:18:47.121 - INFO -        使用64个CPU线程并行计算|Use 64 CPU threads for parallel computing
2026-01-13 15:18:47.121 - INFO - ============================================================
2026-01-13 15:19:09.416 - INFO -  完成|Completed: 基本关联分析（dominant模型）|Basic association analysis (dominant model)
2026-01-13 15:19:09.416 - INFO -   运行recessive模型|Running recessive model...
2026-01-13 15:19:09.416 - INFO -  执行步骤|Executing step: 基本关联分析（recessive模型）|Basic association analysis (recessive model)
2026-01-13 15:19:09.416 - INFO -  命令|Command: plink --bfile data_qc1 --linear --ci 0.95 --allow-extra-chr --allow-no-sex --out gwas_basic_recessive --recessive --threads 64
2026-01-13 15:19:09.416 - INFO -  工作目录|Working directory: /share/org/YZWL/yzwl_lixg/project/21.野生大豆群体/05.所有样品/18.第一批369个有表型的样品去冗余做GWAS-分级作为表型/01.plink
2026-01-13 15:19:09.416 - INFO - ============================================================
2026-01-13 15:19:09.416 - INFO -  命令参数详解|Command Parameter Explanation
2026-01-13 15:19:09.416 - INFO - ============================================================
2026-01-13 15:19:09.416 - INFO -   plink
2026-01-13 15:19:09.416 - INFO -      PLINK v1.9 - 全基因组关联分析工具|PLINK v1.9 - Genome-wide association analysis tool
2026-01-13 15:19:09.416 - INFO -   --bfile data_qc1
2026-01-13 15:19:09.416 - INFO -      指定二进制PLINK文件集合的前缀名|Specify binary PLINK fileset prefix
2026-01-13 15:19:09.416 - INFO -   --linear
2026-01-13 15:19:09.416 - INFO -      进行线性回归关联分析（数量性状）|Perform linear regression association analysis (quantitative traits)
2026-01-13 15:19:09.416 - INFO -   --ci 0.95
2026-01-13 15:19:09.416 - INFO -      计算置信区间（指定置信水平）|Calculate confidence intervals (specify confidence level)
2026-01-13 15:19:09.416 - INFO -         计算95.0%置信区间|Calculate 95.0% confidence intervals
2026-01-13 15:19:09.417 - INFO -   --allow-extra-chr
2026-01-13 15:19:09.417 - INFO -      允许非标准染色体编号|Allow non-standard chromosome codes
2026-01-13 15:19:09.417 - INFO -   --allow-no-sex
2026-01-13 15:19:09.417 - INFO -      允许性别信息缺失|Allow missing sex information
2026-01-13 15:19:09.417 - INFO -   --out gwas_basic_recessive
2026-01-13 15:19:09.417 - INFO -      指定输出文件前缀|Specify output file prefix
2026-01-13 15:19:09.417 - INFO -   --recessive
2026-01-13 15:19:09.417 - INFO -      使用隐性遗传模型|Use recessive genetic model
2026-01-13 15:19:09.417 - INFO -   --threads 64
2026-01-13 15:19:09.417 - INFO -      指定使用的CPU线程数|Specify number of CPU threads to use
2026-01-13 15:19:09.417 - INFO -        使用64个CPU线程并行计算|Use 64 CPU threads for parallel computing
2026-01-13 15:19:09.417 - INFO - ============================================================
2026-01-13 15:19:30.291 - INFO -  完成|Completed: 基本关联分析（recessive模型）|Basic association analysis (recessive model)
2026-01-13 15:19:30.291 - INFO - 主成分校正关联分析（所有模型）|PCA-adjusted association analysis (all models)...
2026-01-13 15:19:30.291 - INFO -   运行additive模型（PCA校正）|Running additive model (PCA-adjusted)...
2026-01-13 15:19:30.291 - INFO -  执行步骤|Executing step: 主成分校正关联分析（additive模型）|PCA-adjusted association analysis (additive model)
2026-01-13 15:19:30.291 - INFO -  命令|Command: plink --bfile data_qc1 --linear --covar pca_with_header.txt --covar-name PC1,PC2,PC3,PC4,PC5 --ci 0.95 --allow-extra-chr --allow-no-sex --out gwas_adjusted_additive --threads 64
2026-01-13 15:19:30.291 - INFO -  工作目录|Working directory: /share/org/YZWL/yzwl_lixg/project/21.野生大豆群体/05.所有样品/18.第一批369个有表型的样品去冗余做GWAS-分级作为表型/01.plink
2026-01-13 15:19:30.291 - INFO - ============================================================
2026-01-13 15:19:30.291 - INFO -  命令参数详解|Command Parameter Explanation
2026-01-13 15:19:30.291 - INFO - ============================================================
2026-01-13 15:19:30.291 - INFO -   plink
2026-01-13 15:19:30.291 - INFO -      PLINK v1.9 - 全基因组关联分析工具|PLINK v1.9 - Genome-wide association analysis tool
2026-01-13 15:19:30.291 - INFO -   --bfile data_qc1
2026-01-13 15:19:30.291 - INFO -      指定二进制PLINK文件集合的前缀名|Specify binary PLINK fileset prefix
2026-01-13 15:19:30.291 - INFO -   --linear
2026-01-13 15:19:30.291 - INFO -      进行线性回归关联分析（数量性状）|Perform linear regression association analysis (quantitative traits)
2026-01-13 15:19:30.291 - INFO -   --covar pca_with_header.txt
2026-01-13 15:19:30.291 - INFO -      指定协变量文件|Specify covariate file
2026-01-13 15:19:30.292 - INFO -   --covar-name PC1,PC2,PC3,PC4,PC5
2026-01-13 15:19:30.292 - INFO -      指定要使用的协变量名称|Specify covariate names to use
2026-01-13 15:19:30.292 - INFO -   --ci 0.95
2026-01-13 15:19:30.292 - INFO -      计算置信区间（指定置信水平）|Calculate confidence intervals (specify confidence level)
2026-01-13 15:19:30.292 - INFO -         计算95.0%置信区间|Calculate 95.0% confidence intervals
2026-01-13 15:19:30.292 - INFO -   --allow-extra-chr
2026-01-13 15:19:30.292 - INFO -      允许非标准染色体编号|Allow non-standard chromosome codes
2026-01-13 15:19:30.292 - INFO -   --allow-no-sex
2026-01-13 15:19:30.292 - INFO -      允许性别信息缺失|Allow missing sex information
2026-01-13 15:19:30.292 - INFO -   --out gwas_adjusted_additive
2026-01-13 15:19:30.292 - INFO -      指定输出文件前缀|Specify output file prefix
2026-01-13 15:19:30.292 - INFO -   --threads 64
2026-01-13 15:19:30.292 - INFO -      指定使用的CPU线程数|Specify number of CPU threads to use
2026-01-13 15:19:30.292 - INFO -        使用64个CPU线程并行计算|Use 64 CPU threads for parallel computing
2026-01-13 15:19:30.292 - INFO - ============================================================
2026-01-13 15:20:41.479 - INFO -  完成|Completed: 主成分校正关联分析（additive模型）|PCA-adjusted association analysis (additive model)
2026-01-13 15:20:41.479 - INFO -   运行dominant模型（PCA校正）|Running dominant model (PCA-adjusted)...
2026-01-13 15:20:41.479 - INFO -  执行步骤|Executing step: 主成分校正关联分析（dominant模型）|PCA-adjusted association analysis (dominant model)
2026-01-13 15:20:41.479 - INFO -  命令|Command: plink --bfile data_qc1 --linear --covar pca_with_header.txt --covar-name PC1,PC2,PC3,PC4,PC5 --ci 0.95 --allow-extra-chr --allow-no-sex --out gwas_adjusted_dominant --dominant --threads 64
2026-01-13 15:20:41.479 - INFO -  工作目录|Working directory: /share/org/YZWL/yzwl_lixg/project/21.野生大豆群体/05.所有样品/18.第一批369个有表型的样品去冗余做GWAS-分级作为表型/01.plink
2026-01-13 15:20:41.479 - INFO - ============================================================
2026-01-13 15:20:41.479 - INFO -  命令参数详解|Command Parameter Explanation
2026-01-13 15:20:41.479 - INFO - ============================================================
2026-01-13 15:20:41.479 - INFO -   plink
2026-01-13 15:20:41.479 - INFO -      PLINK v1.9 - 全基因组关联分析工具|PLINK v1.9 - Genome-wide association analysis tool
2026-01-13 15:20:41.479 - INFO -   --bfile data_qc1
2026-01-13 15:20:41.479 - INFO -      指定二进制PLINK文件集合的前缀名|Specify binary PLINK fileset prefix
2026-01-13 15:20:41.479 - INFO -   --linear
2026-01-13 15:20:41.479 - INFO -      进行线性回归关联分析（数量性状）|Perform linear regression association analysis (quantitative traits)
2026-01-13 15:20:41.479 - INFO -   --covar pca_with_header.txt
2026-01-13 15:20:41.479 - INFO -      指定协变量文件|Specify covariate file
2026-01-13 15:20:41.479 - INFO -   --covar-name PC1,PC2,PC3,PC4,PC5
2026-01-13 15:20:41.479 - INFO -      指定要使用的协变量名称|Specify covariate names to use
2026-01-13 15:20:41.479 - INFO -   --ci 0.95
2026-01-13 15:20:41.479 - INFO -      计算置信区间（指定置信水平）|Calculate confidence intervals (specify confidence level)
2026-01-13 15:20:41.479 - INFO -         计算95.0%置信区间|Calculate 95.0% confidence intervals
2026-01-13 15:20:41.479 - INFO -   --allow-extra-chr
2026-01-13 15:20:41.479 - INFO -      允许非标准染色体编号|Allow non-standard chromosome codes
2026-01-13 15:20:41.479 - INFO -   --allow-no-sex
2026-01-13 15:20:41.479 - INFO -      允许性别信息缺失|Allow missing sex information
2026-01-13 15:20:41.479 - INFO -   --out gwas_adjusted_dominant
2026-01-13 15:20:41.479 - INFO -      指定输出文件前缀|Specify output file prefix
2026-01-13 15:20:41.479 - INFO -   --dominant
2026-01-13 15:20:41.479 - INFO -      使用显性遗传模型|Use dominant genetic model
2026-01-13 15:20:41.479 - INFO -   --threads 64
2026-01-13 15:20:41.479 - INFO -      指定使用的CPU线程数|Specify number of CPU threads to use
2026-01-13 15:20:41.480 - INFO -        使用64个CPU线程并行计算|Use 64 CPU threads for parallel computing
2026-01-13 15:20:41.480 - INFO - ============================================================
2026-01-13 15:21:53.319 - INFO -  完成|Completed: 主成分校正关联分析（dominant模型）|PCA-adjusted association analysis (dominant model)
2026-01-13 15:21:53.320 - INFO -   运行recessive模型（PCA校正）|Running recessive model (PCA-adjusted)...
2026-01-13 15:21:53.320 - INFO -  执行步骤|Executing step: 主成分校正关联分析（recessive模型）|PCA-adjusted association analysis (recessive model)
2026-01-13 15:21:53.320 - INFO -  命令|Command: plink --bfile data_qc1 --linear --covar pca_with_header.txt --covar-name PC1,PC2,PC3,PC4,PC5 --ci 0.95 --allow-extra-chr --allow-no-sex --out gwas_adjusted_recessive --recessive --threads 64
2026-01-13 15:21:53.320 - INFO -  工作目录|Working directory: /share/org/YZWL/yzwl_lixg/project/21.野生大豆群体/05.所有样品/18.第一批369个有表型的样品去冗余做GWAS-分级作为表型/01.plink
2026-01-13 15:21:53.320 - INFO - ============================================================
2026-01-13 15:21:53.320 - INFO -  命令参数详解|Command Parameter Explanation
2026-01-13 15:21:53.320 - INFO - ============================================================
2026-01-13 15:21:53.320 - INFO -   plink
2026-01-13 15:21:53.320 - INFO -      PLINK v1.9 - 全基因组关联分析工具|PLINK v1.9 - Genome-wide association analysis tool
2026-01-13 15:21:53.320 - INFO -   --bfile data_qc1
2026-01-13 15:21:53.320 - INFO -      指定二进制PLINK文件集合的前缀名|Specify binary PLINK fileset prefix
2026-01-13 15:21:53.320 - INFO -   --linear
2026-01-13 15:21:53.320 - INFO -      进行线性回归关联分析（数量性状）|Perform linear regression association analysis (quantitative traits)
2026-01-13 15:21:53.320 - INFO -   --covar pca_with_header.txt
2026-01-13 15:21:53.320 - INFO -      指定协变量文件|Specify covariate file
2026-01-13 15:21:53.320 - INFO -   --covar-name PC1,PC2,PC3,PC4,PC5
2026-01-13 15:21:53.320 - INFO -      指定要使用的协变量名称|Specify covariate names to use
2026-01-13 15:21:53.320 - INFO -   --ci 0.95
2026-01-13 15:21:53.320 - INFO -      计算置信区间（指定置信水平）|Calculate confidence intervals (specify confidence level)
2026-01-13 15:21:53.320 - INFO -         计算95.0%置信区间|Calculate 95.0% confidence intervals
2026-01-13 15:21:53.320 - INFO -   --allow-extra-chr
2026-01-13 15:21:53.320 - INFO -      允许非标准染色体编号|Allow non-standard chromosome codes
2026-01-13 15:21:53.320 - INFO -   --allow-no-sex
2026-01-13 15:21:53.320 - INFO -      允许性别信息缺失|Allow missing sex information
2026-01-13 15:21:53.320 - INFO -   --out gwas_adjusted_recessive
2026-01-13 15:21:53.320 - INFO -      指定输出文件前缀|Specify output file prefix
2026-01-13 15:21:53.320 - INFO -   --recessive
2026-01-13 15:21:53.320 - INFO -      使用隐性遗传模型|Use recessive genetic model
2026-01-13 15:21:53.320 - INFO -   --threads 64
2026-01-13 15:21:53.320 - INFO -      指定使用的CPU线程数|Specify number of CPU threads to use
2026-01-13 15:21:53.320 - INFO -        使用64个CPU线程并行计算|Use 64 CPU threads for parallel computing
2026-01-13 15:21:53.320 - INFO - ============================================================
2026-01-13 15:23:03.870 - INFO -  完成|Completed: 主成分校正关联分析（recessive模型）|PCA-adjusted association analysis (recessive model)
2026-01-13 15:23:03.870 - INFO - 主成分校正分析（所有模型）完成|PCA-adjusted analysis (all models) completed
2026-01-13 15:23:03.870 - INFO - ============================================================
2026-01-13 15:23:03.871 - INFO - STEP 8: 结果处理|Results processing
2026-01-13 15:23:03.871 - INFO - ============================================================
2026-01-13 15:23:03.871 - INFO -  处理分析结果|Processing analysis results...
2026-01-13 15:23:03.871 - INFO -  主结果文件前缀|Main result file prefix: gwas_adjusted
2026-01-13 15:23:03.871 - INFO -  处理所有遗传模型结果|Processing all genetic models results...
2026-01-13 15:23:03.871 - INFO -  处理数量性状所有遗传模型结果|Processing all genetic models results for quantitative traits...
2026-01-13 15:23:30.776 - INFO -  成功读取additive模型结果文件|Successfully read additive model results: (24944190, 12)
2026-01-13 15:23:33.576 - INFO -  数据清理：移除了6816个无效记录|Data cleaning: removed 6816 invalid records
2026-01-13 15:25:33.997 - INFO -  对additive模型应用显著性校正: all|Applying significance corrections for additive model: all
2026-01-13 15:25:34.019 - INFO -  additive模型Bonferroni校正阈值: 2.01e-09|Bonferroni threshold: 2.01e-09
2026-01-13 15:25:34.020 - INFO -  additive模型Bonferroni显著位点数: 0|Bonferroni significant loci: 0
2026-01-13 15:25:34.042 - INFO -  additive模型提示性关联阈值: 1.00e-05|Suggestive threshold: 1.00e-05
2026-01-13 15:25:34.043 - INFO -  additive模型提示性关联位点数: 148|Suggestive loci: 148
2026-01-13 15:25:38.896 - INFO -  additive模型FDR校正q值阈值: 0.05|FDR q-value threshold: 0.05
2026-01-13 15:25:38.897 - INFO -  additive模型FDR显著位点数: 0|FDR significant loci: 0
2026-01-13 15:28:22.908 - INFO -  Additive模型结果: 24937374 SNPs
2026-01-13 15:28:49.651 - INFO -  成功读取dominant模型结果文件|Successfully read dominant model results: (24944190, 12)
2026-01-13 15:28:52.402 - INFO -  数据清理：移除了6816个无效记录|Data cleaning: removed 6816 invalid records
2026-01-13 15:30:52.373 - INFO -  对dominant模型应用显著性校正: all|Applying significance corrections for dominant model: all
2026-01-13 15:30:52.392 - INFO -  dominant模型Bonferroni校正阈值: 2.01e-09|Bonferroni threshold: 2.01e-09
2026-01-13 15:30:52.393 - INFO -  dominant模型Bonferroni显著位点数: 0|Bonferroni significant loci: 0
2026-01-13 15:30:52.413 - INFO -  dominant模型提示性关联阈值: 1.00e-05|Suggestive threshold: 1.00e-05
2026-01-13 15:30:52.413 - INFO -  dominant模型提示性关联位点数: 117|Suggestive loci: 117
2026-01-13 15:30:57.295 - INFO -  dominant模型FDR校正q值阈值: 0.05|FDR q-value threshold: 0.05
2026-01-13 15:30:57.295 - INFO -  dominant模型FDR显著位点数: 0|FDR significant loci: 0
2026-01-13 15:33:39.914 - INFO -  Dominant模型结果: 24937374 SNPs
2026-01-13 15:34:06.709 - INFO -  成功读取recessive模型结果文件|Successfully read recessive model results: (24944190, 12)
2026-01-13 15:34:09.350 - INFO -  数据清理：移除了1662054个无效记录|Data cleaning: removed 1662054 invalid records
2026-01-13 15:36:03.035 - INFO -  对recessive模型应用显著性校正: all|Applying significance corrections for recessive model: all
2026-01-13 15:36:03.054 - INFO -  recessive模型Bonferroni校正阈值: 2.15e-09|Bonferroni threshold: 2.15e-09
2026-01-13 15:36:03.054 - INFO -  recessive模型Bonferroni显著位点数: 0|Bonferroni significant loci: 0
2026-01-13 15:36:03.074 - INFO -  recessive模型提示性关联阈值: 1.00e-05|Suggestive threshold: 1.00e-05
2026-01-13 15:36:03.074 - INFO -  recessive模型提示性关联位点数: 114|Suggestive loci: 114
2026-01-13 15:36:07.540 - INFO -  recessive模型FDR校正q值阈值: 0.05|FDR q-value threshold: 0.05
2026-01-13 15:36:07.541 - INFO -  recessive模型FDR显著位点数: 0|FDR significant loci: 0
2026-01-13 15:38:43.981 - INFO -  Recessive模型结果: 23282136 SNPs
2026-01-13 15:38:43.981 - INFO -  生成模型比较报告|Generating model comparison report...
2026-01-13 15:38:47.934 - INFO -  模型比较报告已保存|Model comparison report saved: model_comparison_report.txt
2026-01-13 15:38:47.934 - INFO - ============================================================
2026-01-13 15:38:47.934 - INFO - STEP 9: 生成报告|Generating reports
2026-01-13 15:38:47.934 - INFO - ============================================================
2026-01-13 15:38:49.543 - INFO -  生成总结报告|Generating summary report...
2026-01-13 15:38:49.999 - INFO -  GWAS总结报告已保存|GWAS summary report saved: gwas_summary_report.txt
2026-01-13 15:38:49.999 - INFO - ============================================================
2026-01-13 15:38:49.999 - INFO - STEP 10: 生成可视化|Generating visualizations
2026-01-13 15:38:49.999 - INFO - ============================================================
2026-01-13 15:38:49.999 - INFO -  生成可视化图表|Generating visualization plots...
2026-01-13 15:38:49.999 - INFO - --- 正在为 additive 模型生成图表|Generating plots for additive model ---
2026-01-13 15:41:08.841 - INFO -  Manhattan图已保存|Manhattan plot saved: manhattan_plot_additive.png
2026-01-13 15:45:27.036 - INFO -  QQ图已保存|QQ plot saved: qq_plot_additive.png (λ = 1.1989)
2026-01-13 15:45:27.191 - INFO - --- 正在为 dominant 模型生成图表|Generating plots for dominant model ---
2026-01-13 15:47:43.340 - INFO -  Manhattan图已保存|Manhattan plot saved: manhattan_plot_dominant.png
2026-01-13 15:52:01.542 - INFO -  QQ图已保存|QQ plot saved: qq_plot_dominant.png (λ = 1.1935)
2026-01-13 15:52:01.698 - INFO - --- 正在为 recessive 模型生成图表|Generating plots for recessive model ---
2026-01-13 15:54:09.312 - INFO -  Manhattan图已保存|Manhattan plot saved: manhattan_plot_recessive.png
2026-01-13 15:58:12.739 - INFO -  QQ图已保存|QQ plot saved: qq_plot_recessive.png (λ = 1.1919)
2026-01-13 15:58:12.890 - INFO -  生成模型比较图表|Generating model comparison plots...
2026-01-13 15:58:16.642 - INFO -  P值比较图已保存|P-value comparison plot saved: model_comparison_p_values.png
2026-01-13 15:58:42.903 - INFO -  效应大小比较图已保存|Effect size comparison plot saved: model_comparison_effect_sizes.png
2026-01-13 15:58:42.908 - INFO - ============================================================
2026-01-13 15:58:42.908 - INFO - PLINK GWAS分析完成!|PLINK GWAS analysis completed!
2026-01-13 15:58:42.908 - INFO - ============================================================
============================================================
PLINK GWAS 分析结果摘要|Analysis Results Summary
============================================================
遗传模型|Genetic model: all
表型类型|Trait type: quantitative
质控后样本数|Samples after QC: 181
质控后SNP数|SNPs after QC: 4157365
模型结果|Model Results:
  ADDITIVE: 最小P值|Min P-value = 1.00e-07
            Bonferroni显著位点|Bonferroni significant: 0
            提示性关联位点|Suggestive loci: 148
  DOMINANT: 最小P值|Min P-value = 2.51e-07
            Bonferroni显著位点|Bonferroni significant: 0
            提示性关联位点|Suggestive loci: 117
  RECESSIVE: 最小P值|Min P-value = 2.79e-08
            Bonferroni显著位点|Bonferroni significant: 0
            提示性关联位点|Suggestive loci: 114

主要输出文件|Main output files:
  - gwas_summary_report.txt: 总结报告|Summary report
  - model_comparison_report.txt: 模型比较报告|Model comparison report
  - gwas_results_*.txt: 详细关联分析结果|Detailed association results
============================================================
分析成功完成!|Analysis completed successfully!
结果保存在: 01.plink|Results saved in: 01.plink
