2026-01-20 22:57:56.917 - WARNING - 命令错误输出|Command stderr:
-- canu master +27 changes (r10515 2a41e933b8de6ed66723d75d36dd071b46d2c347)
--
-- CITATIONS
--
-- For assemblies of PacBio HiFi reads:
--   Nurk S, Walenz BP, Rhiea A, Vollger MR, Logsdon GA, Grothe R, Miga KH, Eichler EE, Phillippy AM, Koren S.
--   HiCanu: accurate assembly of segmental duplications, satellites, and allelic variants from high-fidelity long reads.
--   biorXiv. 2020.
--   https://doi.org/10.1101/2020.03.14.992248
-- 
-- Read and contig alignments during correction and consensus use:
--   Šošic M, Šikic M.
--   Edlib: a C/C ++ library for fast, exact sequence alignment using edit distance.
--   Bioinformatics. 2017 May 1;33(9):1394-1395.
--   http://doi.org/10.1093/bioinformatics/btw753
-- 
-- Overlaps are generated using:
--   Berlin K, et al.
--   Assembling large genomes with single-molecule sequencing and locality-sensitive hashing.
--   Nat Biotechnol. 2015 Jun;33(6):623-30.
--   http://doi.org/10.1038/nbt.3238
-- 
--   Myers EW, et al.
--   A Whole-Genome Assembly of Drosophila.
--   Science. 2000 Mar 24;287(5461):2196-204.
--   http://doi.org/10.1126/science.287.5461.2196
-- 
-- Contig consensus sequences are generated using an algorithm derived from pbdagcon:
--   Chin CS, et al.
--   Nonhybrid, finished microbial genome assemblies from long-read SMRT sequencing data.
--   Nat Methods. 2013 Jun;10(6):563-9
--   http://doi.org/10.1038/nmeth.2474
-- 
-- CONFIGURE CANU
--
-- Detected Java(TM) Runtime Environment '17.0.15-internal' (from '/share/org/YZWL/yzwl_lixg/.local/bin/java') without -d64 support.
--
-- WARNING:
-- WARNING:  Failed to run gnuplot using command 'gnuplot'.
-- WARNING:  Plots will be disabled.
-- WARNING:
--
-- Detected samtools version '1.22' / htslib version 'htscodecs=1.6.3' (from 'samtools').
--
-- Detected 88 CPUs and 503 gigabytes of memory on the local machine.
--
-- Detected Slurm with 'sinfo' binary in /opt/skyformai/bin/sinfo.
--          Slurm disabled by useGrid=false
--
-- Detected  '' with 'pbsnodes' binary in /opt/skyformai/bin/pbsnodes.
--           disabled by useGrid=false
--
-- Detected LSF with 'bsub' binary in /opt/skyformai/bin/bsub.
--          LSF disabled by useGrid=false
--
-- Local machine mode enabled; grid support not detected or not allowed.
--
-- Found trimmed raw PacBio HiFi reads in the input files.
--
--                                (tag)Concurrency
--                         (tag)Threads          |
--                (tag)Memory         |          |
--        (tag)             |         |          |       total usage      algorithm
--        -------  ----------  --------   --------  --------------------  -----------------------------
-- Local: meryl     12.000 GB    4 CPUs x  22 jobs   264.000 GB  88 CPUs  (k-mer counting)
-- Local: cormhap   13.000 GB   11 CPUs x   8 jobs   104.000 GB  88 CPUs  (overlap detection with mhap)
-- Local: obtovl     8.000 GB    8 CPUs x  11 jobs    88.000 GB  88 CPUs  (overlap detection)
-- Local: utgovl     8.000 GB    8 CPUs x  11 jobs    88.000 GB  88 CPUs  (overlap detection)
-- Local: cor        -.--- GB    4 CPUs x   - jobs     -.--- GB   - CPUs  (read correction)
-- Local: ovb        4.000 GB    1 CPU  x  88 jobs   352.000 GB  88 CPUs  (overlap store bucketizer)
-- Local: ovs        8.000 GB    1 CPU  x  62 jobs   496.000 GB  62 CPUs  (overlap store sorting)
-- Local: red       16.000 GB    4 CPUs x  22 jobs   352.000 GB  88 CPUs  (read error detection)
-- Local: oea        8.000 GB    1 CPU  x  62 jobs   496.000 GB  62 CPUs  (overlap error adjustment)
-- Local: bat       32.000 GB    8 CPUs x   1 job     32.000 GB   8 CPUs  (contig construction with bogart)
-- Local: cns        -.--- GB    8 CPUs x   - jobs     -.--- GB   - CPUs  (consensus)
--
-- Generating assembly 'N3-6' in '/share/org/YZWL/yzwl_lixg/project/28.大豆疫霉菌三代基因组/03.hicanu/N3-6/01.raw_output':
--   genomeSize:
--     85000000
--
--   Overlap Generation Limits:
--     corOvlErrorRate 0.0000 (  0.00%)
--     obtOvlErrorRate 0.0250 (  2.50%)
--     utgOvlErrorRate 0.0100 (  1.00%)
--
--   Overlap Processing Limits:
--     corErrorRate    0.0000 (  0.00%)
--     obtErrorRate    0.0250 (  2.50%)
--     utgErrorRate    0.0003 (  0.03%)
--     cnsErrorRate    0.0500 (  5.00%)
--
--   Stages to run:
--     assemble HiFi reads.
--
--
-- BEGIN STORE CREATION
----------------------------------------
-- Starting command on Tue Jan 20 20:49:00 2026 with 4158454.218 GB free disk space

    cd .
    ./N3-6.seqStore.sh \
    > ./N3-6.seqStore.err 2>&1

-- Finished on Tue Jan 20 20:57:56 2026 (536 seconds) with 4157170.421 GB free disk space
----------------------------------------
--
-- In sequence store './N3-6.seqStore':
--   Found 274839 reads.
--   Found 4250005674 bases (50 times coverage).
--    Histogram of corrected reads:
--    
--    G=4250005674                       sum of  ||               length     num
--    NG         length     index       lengths  ||                range    seqs
--    ----- ------------ --------- ------------  ||  ------------------- -------
--    00010        23860     16503    425006808  ||       1240-2345         2904|------
--    00020        21940     35136    850021513  ||       2346-3451         8186|-----------------
--    00030        20607     55155   1275009985  ||       3452-4557        10631|----------------------
--    00040        19564     76339   1700013019  ||       4558-5663        10758|----------------------
--    00050        18696     98569   2125019110  ||       5664-6769        10114|---------------------
--    00060        17870    121823   2550014310  ||       6770-7875         9414|--------------------
--    00070        16964    146207   2975011658  ||       7876-8981         8725|------------------
--    00080        15502    172251   3400011317  ||       8982-10087        7833|----------------
--    00090        10354    204520   3825010742  ||      10088-11193        6866|---------------
--    00100         1240    274839   4250005674  ||      11194-12299        5967|-------------
--    001.000x              274839   4250005674  ||      12300-13405        5476|------------
--                                               ||      13406-14511        6591|--------------
--                                               ||      14512-15617       10531|----------------------
--                                               ||      15618-16723       19115|----------------------------------------
--                                               ||      16724-17829       28718|-----------------------------------------------------------
--                                               ||      17830-18935       30851|---------------------------------------------------------------
--                                               ||      18936-20041       26210|------------------------------------------------------
--                                               ||      20042-21147       19889|-----------------------------------------
--                                               ||      21148-22253       14717|-------------------------------
--                                               ||      22254-23359       10986|-----------------------
--                                               ||      23360-24465        7670|----------------
--                                               ||      24466-25571        5332|-----------
--                                               ||      25572-26677        3425|-------
--                                               ||      26678-27783        2039|-----
--                                               ||      27784-28889        1070|---
--                                               ||      28890-29995         537|--
--                                               ||      29996-31101         188|-
--                                               ||      31102-32207          56|-
--                                               ||      32208-33313          18|-
--                                               ||      33314-34419           3|-
--                                               ||      34420-35525           3|-
--                                               ||      35526-36631           5|-
--                                               ||      36632-37737           1|-
--                                               ||      37738-38843           4|-
--                                               ||      38844-39949           0|
--                                               ||      39950-41055           1|-
--                                               ||      41056-42161           1|-
--                                               ||      42162-43267           2|-
--                                               ||      43268-44373           1|-
--                                               ||      44374-45479           1|-
--    
--
-- In sequence store './N3-6.seqStore':
--   Found 274839 reads.
--   Found 4250005674 bases (50 times coverage).
--    Histogram of corrected-trimmed reads:
--    
--    G=4250005674                       sum of  ||               length     num
--    NG         length     index       lengths  ||                range    seqs
--    ----- ------------ --------- ------------  ||  ------------------- -------
--    00010        23860     16503    425006808  ||       1240-2345         2904|------
--    00020        21940     35136    850021513  ||       2346-3451         8186|-----------------
--    00030        20607     55155   1275009985  ||       3452-4557        10631|----------------------
--    00040        19564     76339   1700013019  ||       4558-5663        10758|----------------------
--    00050        18696     98569   2125019110  ||       5664-6769        10114|---------------------
--    00060        17870    121823   2550014310  ||       6770-7875         9414|--------------------
--    00070        16964    146207   2975011658  ||       7876-8981         8725|------------------
--    00080        15502    172251   3400011317  ||       8982-10087        7833|----------------
--    00090        10354    204520   3825010742  ||      10088-11193        6866|---------------
--    00100         1240    274839   4250005674  ||      11194-12299        5967|-------------
--    001.000x              274839   4250005674  ||      12300-13405        5476|------------
--                                               ||      13406-14511        6591|--------------
--                                               ||      14512-15617       10531|----------------------
--                                               ||      15618-16723       19115|----------------------------------------
--                                               ||      16724-17829       28718|-----------------------------------------------------------
--                                               ||      17830-18935       30851|---------------------------------------------------------------
--                                               ||      18936-20041       26210|------------------------------------------------------
--                                               ||      20042-21147       19889|-----------------------------------------
--                                               ||      21148-22253       14717|-------------------------------
--                                               ||      22254-23359       10986|-----------------------
--                                               ||      23360-24465        7670|----------------
--                                               ||      24466-25571        5332|-----------
--                                               ||      25572-26677        3425|-------
--                                               ||      26678-27783        2039|-----
--                                               ||      27784-28889        1070|---
--                                               ||      28890-29995         537|--
--                                               ||      29996-31101         188|-
--                                               ||      31102-32207          56|-
--                                               ||      32208-33313          18|-
--                                               ||      33314-34419           3|-
--                                               ||      34420-35525           3|-
--                                               ||      35526-36631           5|-
--                                               ||      36632-37737           1|-
--                                               ||      37738-38843           4|-
--                                               ||      38844-39949           0|
--                                               ||      39950-41055           1|-
--                                               ||      41056-42161           1|-
--                                               ||      42162-43267           2|-
--                                               ||      43268-44373           1|-
--                                               ||      44374-45479           1|-
--    
--
-- Correction skipped; not enabled.
--
-- Trimming skipped; not enabled.
--
-- BEGIN ASSEMBLY
----------------------------------------
-- Starting command on Tue Jan 20 20:57:57 2026 with 4157170.375 GB free disk space

    cd unitigging/0-mercounts
    ./meryl-configure.sh \
    > ./meryl-configure.err 2>&1

-- Finished on Tue Jan 20 20:57:58 2026 (one second) with 4157170.375 GB free disk space
----------------------------------------
--  segments   memory batches
--  -------- -------- -------
--        01 10.72 GB       2
--        02  5.61 GB       2
--        04  2.94 GB       2
--        06  2.12 GB       2
--        08  1.60 GB       2
--        12  1.06 GB       2
--        16  0.80 GB       2
--        20  0.64 GB       2
--        24  0.54 GB       2
--        32  0.40 GB       2
--        40  0.32 GB       2
--        48  -.-- GB       -  (segment size too small)
--        56  -.-- GB       -  (segment size too small)
--        64  -.-- GB       -  (segment size too small)
--        96  -.-- GB       -  (segment size too small)
--
--  For 274839 reads with 4250005674 bases, limit to 42 batches.
--  Will count kmers using 01 jobs, each using 12 GB and 4 threads.
--
-- Finished stage 'merylConfigure', reset canuIteration.
--
-- Running jobs.  First attempt out of 2.
----------------------------------------
-- Starting 'meryl' concurrent execution on Tue Jan 20 20:57:58 2026 with 4157170.343 GB free disk space (1 processes; 22 concurrently)

    cd unitigging/0-mercounts
    ./meryl-count.sh 1 > ./meryl-count.000001.out 2>&1

-- Finished on Tue Jan 20 21:01:21 2026 (203 seconds) with 4156396.343 GB free disk space
----------------------------------------
-- Found 1 Kmer counting (meryl) outputs.
-- Finished stage 'utg-merylCountCheck', reset canuIteration.
--
-- Running jobs.  First attempt out of 2.
----------------------------------------
-- Starting 'meryl' concurrent execution on Tue Jan 20 21:01:21 2026 with 4156396.312 GB free disk space (1 processes; 22 concurrently)

    cd unitigging/0-mercounts
    ./meryl-process.sh 1 > ./meryl-process.000001.out 2>&1

-- Finished on Tue Jan 20 21:01:24 2026 (3 seconds) with 4156395.89 GB free disk space
----------------------------------------
-- Meryl finished successfully.  Kmer frequency histogram:
--
-- WARNING: gnuplot failed.
--
----------------------------------------
--
--  22-mers                                                                                           Fraction
--    Occurrences   NumMers                                                                         Unique Total
--       1-     1         0                                                                        0.0000 0.0000
--       2-     2    212429                                                                        0.0047 0.0001
--       3-     4     71520                                                                        0.0059 0.0002
--       5-     7     17880                                                                        0.0065 0.0002
--       8-    11      5807                                                                        0.0068 0.0003
--      12-    16     12197                                                                        0.0069 0.0003
--      17-    22    105425                                                                        0.0073 0.0003
--      23-    29    997610 ****                                                                   0.0108 0.0014
--      30-    37   6253993 **************************                                             0.0394 0.0127
--      38-    46  16792185 ********************************************************************** 0.2030 0.0940
--      47-    56  13001707 ******************************************************                 0.5873 0.3271
--      57-    67   2656293 ***********                                                            0.8473 0.5155
--      68-    79    676820 **                                                                     0.8953 0.5566
--      80-    92   1032956 ****                                                                   0.9108 0.5730
--      93-   106    723536 ***                                                                    0.9337 0.6009
--     107-   121    293483 *                                                                      0.9488 0.6221
--     122-   137    294373 *                                                                      0.9551 0.6323
--     138-   154    254742 *                                                                      0.9617 0.6444
--     155-   172    154815                                                                        0.9672 0.6557
--     173-   191    157495                                                                        0.9706 0.6635
--     192-   211    123194                                                                        0.9741 0.6725
--     212-   232    112131                                                                        0.9768 0.6802
--     233-   254    102754                                                                        0.9793 0.6880
--     255-   277     81260                                                                        0.9816 0.6957
--     278-   301     74885                                                                        0.9834 0.7025
--     302-   326     61942                                                                        0.9850 0.7093
--     327-   352     53255                                                                        0.9864 0.7152
--     353-   379     46110                                                                        0.9876 0.7209
--     380-   407     38782                                                                        0.9886 0.7262
--     408-   436     37972                                                                        0.9894 0.7310
--     437-   466     33687                                                                        0.9903 0.7360
--     467-   497     28023                                                                        0.9910 0.7407
--     498-   529     25128                                                                        0.9916 0.7449
--     530-   562     22730                                                                        0.9922 0.7489
--     563-   596     18839                                                                        0.9927 0.7528
--     597-   631     15810                                                                        0.9931 0.7562
--     632-   667     15417                                                                        0.9935 0.7592
--     668-   704     16421                                                                        0.9938 0.7624
--     705-   742     12852                                                                        0.9942 0.7659
--     743-   781     12914                                                                        0.9945 0.7688
--     782-   821     17074                                                                        0.9948 0.7719
--
--           0 (max occurrences)
--  3191601090 (total mers, non-unique)
--    44885212 (distinct mers, non-unique)
--           0 (unique mers)
-- Finished stage 'meryl-process', reset canuIteration.
--
-- Removing meryl database 'unitigging/0-mercounts/N3-6.ms22'.
--
-- OVERLAPPER (normal) (assembly) erate=0.01
--
----------------------------------------
-- Starting command on Tue Jan 20 21:01:24 2026 with 4156396.937 GB free disk space

    cd unitigging/1-overlapper
    /share/org/YZWL/yzwl_lixg/miniforge3/envs/canu_v.2.3/bin/overlapInCorePartition \
     -S  ../../N3-6.seqStore \
     -hl 160000000 \
     -rl 5000000000 \
     -ol 500 \
     -o  ./N3-6.partition \
    > ./N3-6.partition.err 2>&1

-- Finished on Tue Jan 20 21:01:25 2026 (one second) with 4156396.921 GB free disk space
----------------------------------------
--
-- Configured 21 overlapInCore jobs.
-- Finished stage 'utg-overlapConfigure', reset canuIteration.
--
-- Running jobs.  First attempt out of 2.
----------------------------------------
-- Starting 'utgovl' concurrent execution on Tue Jan 20 21:01:25 2026 with 4156396.89 GB free disk space (21 processes; 11 concurrently)

    cd unitigging/1-overlapper
    ./overlap.sh 1 > ./overlap.000001.out 2>&1
    ./overlap.sh 2 > ./overlap.000002.out 2>&1
    ./overlap.sh 3 > ./overlap.000003.out 2>&1
    ./overlap.sh 4 > ./overlap.000004.out 2>&1
    ./overlap.sh 5 > ./overlap.000005.out 2>&1
    ./overlap.sh 6 > ./overlap.000006.out 2>&1
    ./overlap.sh 7 > ./overlap.000007.out 2>&1
    ./overlap.sh 8 > ./overlap.000008.out 2>&1
    ./overlap.sh 9 > ./overlap.000009.out 2>&1
    ./overlap.sh 10 > ./overlap.000010.out 2>&1
    ./overlap.sh 11 > ./overlap.000011.out 2>&1
    ./overlap.sh 12 > ./overlap.000012.out 2>&1
    ./overlap.sh 13 > ./overlap.000013.out 2>&1
    ./overlap.sh 14 > ./overlap.000014.out 2>&1
    ./overlap.sh 15 > ./overlap.000015.out 2>&1
    ./overlap.sh 16 > ./overlap.000016.out 2>&1
    ./overlap.sh 17 > ./overlap.000017.out 2>&1
    ./overlap.sh 18 > ./overlap.000018.out 2>&1
    ./overlap.sh 19 > ./overlap.000019.out 2>&1
    ./overlap.sh 20 > ./overlap.000020.out 2>&1
    ./overlap.sh 21 > ./overlap.000021.out 2>&1

-- Finished on Tue Jan 20 21:52:52 2026 (3087 seconds) with 4164131.812 GB free disk space
----------------------------------------
-- Found 21 overlapInCore output files.
--
-- overlapInCore compute 'unitigging/1-overlapper':
--   kmer hits
--     with no overlap       1343631572  55.8095238 +- 40756287.532
--     with an overlap         22462039  20.9047619 +- 712193.651
--
--   overlaps                  22462039  20.9047619 +- 712193.651
--     contained                5402360  .238095238 +- 171025.672
--     dovetail                17059679  .666666667 +- 541837.524
--
--   overlaps rejected
--     multiple per pair              0           0 +- 0
--     bad short window               0           0 +- 0
--     bad long window                0           0 +- 0
-- Finished stage 'utg-overlapCheck', reset canuIteration.
----------------------------------------
-- Starting command on Tue Jan 20 21:52:52 2026 with 4164131.796 GB free disk space

    cd unitigging
    /share/org/YZWL/yzwl_lixg/miniforge3/envs/canu_v.2.3/bin/ovStoreConfig \
     -S ../N3-6.seqStore \
     -M 4-8 \
     -L ./1-overlapper/ovljob.files \
     -create ./N3-6.ovlStore.config \
     > ./N3-6.ovlStore.config.txt \
    2> ./N3-6.ovlStore.config.err

-- Finished on Tue Jan 20 21:52:52 2026 (lickety-split) with 4164131.781 GB free disk space
----------------------------------------
--
-- Creating overlap store unitigging/N3-6.ovlStore using:
--      1 bucket
--      1 slice
--        using at most 2 GB memory each
--
-- Running jobs.  First attempt out of 2.
----------------------------------------
-- Starting 'ovS' concurrent execution on Tue Jan 20 21:52:52 2026 with 4164131.765 GB free disk space (1 processes; 62 concurrently)

    cd unitigging
    ./N3-6.ovlStore.sh 1 > ./N3-6.ovlStore.000001.out 2>&1

-- Finished on Tue Jan 20 21:53:02 2026 (10 seconds) with 4164130.687 GB free disk space
----------------------------------------
-- Checking store.
----------------------------------------
-- Starting command on Tue Jan 20 21:53:02 2026 with 4164130.687 GB free disk space

    cd unitigging
    /share/org/YZWL/yzwl_lixg/miniforge3/envs/canu_v.2.3/bin/ovStoreDump \
     -S ../N3-6.seqStore \
     -O  ./N3-6.ovlStore \
     -counts \
     > ./N3-6.ovlStore/counts.dat 2> ./N3-6.ovlStore/counts.err

-- Finished on Tue Jan 20 21:53:02 2026 (fast as lightning) with 4164130.656 GB free disk space
----------------------------------------
--
-- Overlap store 'unitigging/N3-6.ovlStore' successfully constructed.
-- Found 44924078 overlaps for 260732 reads; 2028645 reads have no overlaps.
--
--
-- Purged 0.568 GB in 63 overlap output files.
----------------------------------------
-- Starting command on Tue Jan 20 21:53:03 2026 with 4164130.656 GB free disk space

    cd unitigging
    /share/org/YZWL/yzwl_lixg/miniforge3/envs/canu_v.2.3/bin/ovStoreStats \
     -C 50 \
     -S ../N3-6.seqStore \
     -O  ./N3-6.ovlStore \
     -o  ./N3-6.ovlStore \
     > ./N3-6.ovlStore.summary.err 2>&1

-- Finished on Tue Jan 20 21:53:09 2026 (6 seconds) with 4164130.625 GB free disk space
----------------------------------------
--
-- Overlap store 'unitigging/N3-6.ovlStore' contains:
--
--   category            reads     %          read length        feature size or coverage  analysis
--   ----------------  -------  -------  ----------------------  ------------------------  --------------------
--   middle-missing        160    0.06    14437.51 +- 6211.18        832.28 +- 1376.17    (bad trimming)
--   middle-hump            49    0.02    13533.18 +- 2847.02       3767.43 +- 2754.26    (bad trimming)
--   no-5-prime            915    0.33    12278.74 +- 3661.57       2563.00 +- 2803.27    (bad trimming)
--   no-3-prime            966    0.35    11886.44 +- 3696.12       2724.12 +- 2848.29    (bad trimming)
--   
--   low-coverage         2701    0.98    10193.66 +- 3613.21          5.74 +- 3.68       (easy to assemble, potential for lower quality consensus)
--   unique             215543   78.43    11798.25 +- 4979.52         44.77 +- 8.25       (easy to assemble, perfect, yay)
--   repeat-cont         12936    4.71    10057.65 +- 4816.58        960.68 +- 959.53     (potential for consensus errors, no impact on assembly)
--   repeat-dove           217    0.08    19038.06 +- 2058.51        451.45 +- 611.19     (hard to assemble, likely won't assemble correctly or even at all)
--   
--   span-repeat          2855    1.04    13010.94 +- 4084.27       3067.60 +- 3404.61    (read spans a large repeat, usually easy to assemble)
--   uniq-repeat-cont    15846    5.77    11660.36 +- 4081.66                             (should be uniquely placed, low potential for consensus errors, no impact on assembly)
--   uniq-repeat-dove     3193    1.16    17141.53 +- 2404.57                             (will end contigs, potential to misassemble)
--   uniq-anchor          5351    1.95    12275.66 +- 4270.58       7453.93 +- 4508.73    (repeat read, with unique section, probable bad read)
-- Finished stage 'utg-createOverlapStore', reset canuIteration.
--
-- Loading read lengths.
-- Loading number of overlaps per read.
--
-- Configure RED for 16gb memory.
--                   Batches of at most (unlimited) reads.
--                                      500000000 bases.
--                   Expecting evidence of at most 536870912 bases per iteration.
--
--           Total                                               Reads                 Olaps Evidence
--    Job   Memory      Read Range         Reads        Bases   Memory        Olaps   Memory   Memory  (Memory in MB)
--   ---- -------- ------------------- --------- ------------ -------- ------------ -------- --------
--      1 16385.09         1-51699          6416    108973058 13302.58       918539    10.51  1024.00
--      2 16386.25     51700-103804         6320    108998140 13305.64       753127     8.62  1024.00
--      3 16385.44    103805-162936         6996    108937649 13298.27      1325476    15.17  1024.00
--      4 16384.32    162937-233574         8571    108917338 13295.84      1440055    16.48  1024.00
--      5 16385.36    233575-285996         6248    108995539 13305.32       703117     8.05  1024.00
--      6 16385.00    285997-342396         6779    108925554 13296.79      1416049    16.21  1024.00
--      7 16386.06    342397-416445         8904    108931847 13297.62      1436188    16.44  1024.00
--      8 16386.03    416446-467317         6182    108995113 13305.26       766040     8.77  1024.00
--      9 16385.03    467318-522737         6576    108931769 13297.54      1353215    15.49  1024.00
--     10 16386.28    522738-597045         8862    108924764 13296.76      1531448    17.53  1024.00
--     11 16384.46    597046-649626         6274    108988573 13304.47       698379     7.99  1024.00
--     12 16385.18    649627-702854         6471    108931429 13297.50      1370015    15.68  1024.00
--     13 16385.49    702855-770818         8092    108932660 13297.70      1379795    15.79  1024.00
--     14 16385.27    770819-831839         7254    108978481 13303.27       874614    10.01  1024.00
--     15 16385.31    831840-885758         6454    108932966 13297.68      1365696    15.63  1024.00
--     16 16384.54    885759-950222         7580    108971718 13302.45       881909    10.09  1024.00
--     17 16384.13    950223-1015697        7991    108924582 13296.71      1347887    15.43  1024.00
--     18 16385.15   1015698-1068871        6296    108988002 13304.40       765110     8.76  1024.00
--     19 16384.59   1068872-1127072        6961    108925620 13296.80      1379462    15.79  1024.00
--     20 16386.42   1127073-1195172        8219    108947599 13299.53      1301316    14.89  1024.00
--     21 16384.77   1195173-1246105        6167    108991242 13304.79       697445     7.98  1024.00
--     22 16385.73   1246106-1299781        6534    108932301 13297.61      1408946    16.12  1024.00
--     23 16384.36   1299782-1368923        8280    108926034 13296.90      1351697    15.47  1024.00
--     24 16385.86   1368924-1419983        6117    108995212 13305.27       750205     8.59  1024.00
--     25 16384.06   1419984-1473267        6488    108926832 13296.94      1321812    15.13  1024.00
--     26 16384.80   1473268-1541261        8162    108925185 13296.79      1399406    16.01  1024.00
--     27 16384.70   1541262-1596018        6381    108986411 13304.21       742546     8.50  1024.00
--     28 16386.35   1596019-1648981        6296    108933895 13297.79      1446575    16.55  1024.00
--     29 16386.02   1648982-1710475        7457    108946497 13299.37      1280427    14.65  1024.00
--     30 16385.63   1710476-1768837        7094    108977255 13303.11       918972    10.52  1024.00
--     31 16385.41   1768838-1819923        6162    108995771 13305.34       705416     8.07  1024.00
--     32 16384.64   1819924-1875994        6845    108916845 13295.73      1477499    16.91  1024.00
--     33 16386.43   1875995-1940408        7792    108939134 13298.48      1394174    15.96  1024.00
--     34 16385.37   1940409-1991440        6159    108991590 13304.83       745942     8.54  1024.00
--     35 16385.54   1991441-2047134        6627    108927837 13297.06      1439778    16.48  1024.00
--     36 16385.04   2047135-2115408        8126    108936256 13298.14      1302257    14.90  1024.00
--     37 16384.66   2115409-2166574        6099    108986126 13304.16       742128     8.49  1024.00
--     38 16385.79   2166575-2220209        6407    108935886 13298.04      1376182    15.75  1024.00
--     39 16384.14   2220210-2288852        8132    108918946 13296.03      1407757    16.11  1024.00
--     40  3177.56   2288853-2289377          68       864018   105.47         7477     0.09  1024.00
--   ---- -------- ------------------- --------- ------------ -------- ------------ -------- --------
--                                                 4250005674              44924078
-- Finished stage 'readErrorDetectionConfigure', reset canuIteration.
--
-- Running jobs.  First attempt out of 2.
----------------------------------------
-- Starting 'red' concurrent execution on Tue Jan 20 21:53:18 2026 with 4164130.578 GB free disk space (40 processes; 22 concurrently)

    cd unitigging/3-overlapErrorAdjustment
    ./red.sh 1 > ./red.000001.out 2>&1
    ./red.sh 2 > ./red.000002.out 2>&1
    ./red.sh 3 > ./red.000003.out 2>&1
    ./red.sh 4 > ./red.000004.out 2>&1
    ./red.sh 5 > ./red.000005.out 2>&1
    ./red.sh 6 > ./red.000006.out 2>&1
    ./red.sh 7 > ./red.000007.out 2>&1
    ./red.sh 8 > ./red.000008.out 2>&1
    ./red.sh 9 > ./red.000009.out 2>&1
    ./red.sh 10 > ./red.000010.out 2>&1
    ./red.sh 11 > ./red.000011.out 2>&1
    ./red.sh 12 > ./red.000012.out 2>&1
    ./red.sh 13 > ./red.000013.out 2>&1
    ./red.sh 14 > ./red.000014.out 2>&1
    ./red.sh 15 > ./red.000015.out 2>&1
    ./red.sh 16 > ./red.000016.out 2>&1
    ./red.sh 17 > ./red.000017.out 2>&1
    ./red.sh 18 > ./red.000018.out 2>&1
    ./red.sh 19 > ./red.000019.out 2>&1
    ./red.sh 20 > ./red.000020.out 2>&1
    ./red.sh 21 > ./red.000021.out 2>&1
    ./red.sh 22 > ./red.000022.out 2>&1
    ./red.sh 23 > ./red.000023.out 2>&1
    ./red.sh 24 > ./red.000024.out 2>&1
    ./red.sh 25 > ./red.000025.out 2>&1
    ./red.sh 26 > ./red.000026.out 2>&1
    ./red.sh 27 > ./red.000027.out 2>&1
    ./red.sh 28 > ./red.000028.out 2>&1
    ./red.sh 29 > ./red.000029.out 2>&1
    ./red.sh 30 > ./red.000030.out 2>&1
    ./red.sh 31 > ./red.000031.out 2>&1
    ./red.sh 32 > ./red.000032.out 2>&1
    ./red.sh 33 > ./red.000033.out 2>&1
    ./red.sh 34 > ./red.000034.out 2>&1
    ./red.sh 35 > ./red.000035.out 2>&1
    ./red.sh 36 > ./red.000036.out 2>&1
    ./red.sh 37 > ./red.000037.out 2>&1
    ./red.sh 38 > ./red.000038.out 2>&1
    ./red.sh 39 > ./red.000039.out 2>&1
    ./red.sh 40 > ./red.000040.out 2>&1

-- Finished on Tue Jan 20 22:07:13 2026 (835 seconds) with 4171128.171 GB free disk space
----------------------------------------
-- Found 40 read error detection output files.
-- Finished stage 'readErrorDetectionCheck', reset canuIteration.
--
-- Loading read lengths.
-- Loading number of overlaps per read.
--
-- Configure OEA for 8gb memory.
--                   Batches of at most (unlimited) reads.
--                                      300000000 bases.
--
--           Total                                               Reads                 Olaps  Adjusts
--    Job   Memory      Read Range         Reads        Bases   Memory        Olaps   Memory   Memory  (Memory in MB)
--   ---- -------- ------------------- --------- ------------ -------- ------------ -------- --------
--      1  2806.27         1-147507        17884    300005439   294.65      2785793    85.02   378.60
--      2  2823.54    147508-313700        19971    300004367   294.72      3349588   102.22   378.60
--      3  2807.85    313701-481366        20223    300002345   294.72      2835303    86.53   378.60
--      4  2825.95    481367-650268        20140    300005344   294.72      3428331   104.62   378.60
--      5  2825.92    650269-819462        20290    300001166   294.72      3427449   104.60   378.60
--      6  2824.81    819463-992033        20529    300022645   294.75      3390229   103.46   378.60
--      7  2809.02    992034-1147667       18628    300005224   294.68      2875019    87.74   378.60
--      8  2814.03   1147668-1301337       18679    300001765   294.67      3039442    92.76   378.60
--      9  2820.52   1301338-1460661       19210    300007294   294.70      3251366    99.22   378.60
--     10  2805.65   1460662-1624150       19345    300014684   294.71      2763613    84.34   378.60
--     11  2823.23   1624151-1782954       19281    300007211   294.70      3339975   101.93   378.60
--     12  2826.74   1782955-1942611       19301    300011227   294.70      3455043   105.44   378.60
--     13  2822.74   1942612-2105122       19418    300012079   294.71      3323725   101.43   378.60
--     14  2804.61   2105123-2254439       17753    300000265   294.64      2731518    83.36   378.60
--     15  2510.63   2254440-2289377        4187     49904619    55.72       927684    28.31   378.60
--   ---- -------- ------------------- --------- ------------ -------- ------------ -------- --------
--                                                 4250005674              44924078
-- Finished stage 'overlapErrorAdjustmentConfigure', reset canuIteration.
--
-- Running jobs.  First attempt out of 2.
----------------------------------------
-- Starting 'oea' concurrent execution on Tue Jan 20 22:07:22 2026 with 4171056.265 GB free disk space (15 processes; 62 concurrently)

    cd unitigging/3-overlapErrorAdjustment
    ./oea.sh 1 > ./oea.000001.out 2>&1
    ./oea.sh 2 > ./oea.000002.out 2>&1
    ./oea.sh 3 > ./oea.000003.out 2>&1
    ./oea.sh 4 > ./oea.000004.out 2>&1
    ./oea.sh 5 > ./oea.000005.out 2>&1
    ./oea.sh 6 > ./oea.000006.out 2>&1
    ./oea.sh 7 > ./oea.000007.out 2>&1
    ./oea.sh 8 > ./oea.000008.out 2>&1
    ./oea.sh 9 > ./oea.000009.out 2>&1
    ./oea.sh 10 > ./oea.000010.out 2>&1
    ./oea.sh 11 > ./oea.000011.out 2>&1
    ./oea.sh 12 > ./oea.000012.out 2>&1
    ./oea.sh 13 > ./oea.000013.out 2>&1
    ./oea.sh 14 > ./oea.000014.out 2>&1
    ./oea.sh 15 > ./oea.000015.out 2>&1

-- Finished on Tue Jan 20 22:45:07 2026 (2265 seconds) with 4166781.843 GB free disk space
----------------------------------------
-- Found 15 overlap error adjustment output files.
-- Finished stage 'overlapErrorAdjustmentCheck', reset canuIteration.
----------------------------------------
-- Starting command on Tue Jan 20 22:45:07 2026 with 4166781.828 GB free disk space

    cd unitigging/3-overlapErrorAdjustment
    /share/org/YZWL/yzwl_lixg/miniforge3/envs/canu_v.2.3/bin/loadErates \
      -S ../../N3-6.seqStore \
      -O ../N3-6.ovlStore \
      -L ./oea.files \
    > ./oea.apply.err 2>&1

-- Finished on Tue Jan 20 22:45:07 2026 (like a bat out of hell) with 4166781.734 GB free disk space
----------------------------------------
-- No report available.
-- Finished stage 'updateOverlapStore', reset canuIteration.
-- Finished stage 'unitig', reset canuIteration.
--
-- Running jobs.  First attempt out of 2.
----------------------------------------
-- Starting 'bat' concurrent execution on Tue Jan 20 22:45:07 2026 with 4166781.687 GB free disk space (1 processes; 1 concurrently)

    cd unitigging/4-unitigger
    ./unitigger.sh 1 > ./unitigger.000001.out 2>&1

-- Finished on Tue Jan 20 22:45:19 2026 (12 seconds) with 4166769.484 GB free disk space
----------------------------------------
-- Unitigger finished successfully.
--  
--  ERROR RATES
--  -----------
--                                                   --------threshold------
--  296343                       fraction error      fraction        percent
--  samples                              (1e-5)         error          error
--                   --------------------------      --------       --------
--  command line (-eg)                           ->     30.00        0.0300%
--  command line (-ef)                           ->  -----.--      ---.----%
--  command line (-eM)                           ->     30.00        0.0300%
--  mean + std.dev       0.37 +-  12 *     2.76  ->     33.49        0.0335%
--  median + mad         0.00 +-  12 *     0.00  ->      0.00        0.0000%
--  90th percentile                              ->      1.00        0.0010%  (enabled)
--  
--  BEST EDGE FILTERING
--  -------------------
--  At graph threshold 0.0300%, reads:
--    available to have edges:        57286
--    with at least one edge:         41410
--  
--  At max threshold 0.0300%, reads:
--    available to have edges:        57286
--    with at least one edge:         41410
--  
--  At tight threshold 0.0010%, reads with:
--    both edges below error threshold:     36952  (80.00% minReadsBest threshold = 33128)
--    one  edge  above error threshold:      3269
--    both edges above error threshold:      1189
--    at least one edge:                    41410
--  
--  At loose threshold 0.0300%, reads with:
--    both edges below error threshold:     41410  (80.00% minReadsBest threshold = 33128)
--    one  edge  above error threshold:         0
--    both edges above error threshold:         0
--    at least one edge:                    41410
--  
--  
--  INITIAL EDGES
--  -------- ----------------------------------------
--    212747 reads are contained
--   2040614 reads have no best edges (singleton)
--       622 reads have only one best edge (spur) 
--                359 are mutual best
--     35394 reads have two best edges 
--                917 have one mutual best edge
--              34124 have two mutual best edges
--  
--  
--  FINAL EDGES
--  -------- ----------------------------------------
--    212747 reads are contained
--   2041008 reads have no best edges (singleton)
--       496 reads have only one best edge (spur) 
--                379 are mutual best
--     35126 reads have two best edges 
--                729 have one mutual best edge
--              34120 have two mutual best edges
--  
--  
--  EDGE FILTERING
--  -------- ------------------------------------------
--         0 reads are ignored
--      9841 reads have a gap in overlap coverage
--       165 reads have lopsided best edges
-- Found, in version 1, after unitig construction:
--   contigs:      149 sequences, total length 69315138 bp (including 164 repeats of total length 3309829 bp).
--   bubbles:      167 sequences, total length 3701941 bp.
--   unassembled:  27515 sequences, total length 295785610 bp.
--
-- Contig sizes based on genome size 85mbp:
--
--            NG (bp)  LG (contigs)    sum (bp)
--         ----------  ------------  ----------
--     10     8790270             1     8790270
--     20     6483476             3    21790332
--     30     6191294             4    27981626
--     40     3400091             6    35915851
--     50     3193624             8    42504477
--     60     1960985            12    52083932
--     70     1344120            17    59676574
--     80       22384            75    68019771
--
-- Finished stage 'unitigCheck', reset canuIteration.
----------------------------------------
-- Starting command on Tue Jan 20 22:45:19 2026 with 4166769.468 GB free disk space

    cd unitigging
    /share/org/YZWL/yzwl_lixg/miniforge3/envs/canu_v.2.3/bin/utgcns \
      -S ../N3-6.seqStore \
      -T  ./N3-6.ctgStore 1 \
      -partition 0.8 1.5 0.1 \
    > ./N3-6.ctgStore/partitioning.log 2>&1

-- Finished on Tue Jan 20 22:45:29 2026 (10 seconds) with 4166768.281 GB free disk space
----------------------------------------
-- Using slow alignment for consensus (iteration '0').
-- Configured 10 consensus jobs.
-- Finished stage 'consensusConfigure', reset canuIteration.
--
-- Local: cns       13.000 GB    8 CPUs x  11 jobs   143.000 GB  88 CPUs  (consensus)
--
--
-- Running jobs.  First attempt out of 2.
----------------------------------------
-- Starting 'cns' concurrent execution on Tue Jan 20 22:45:29 2026 with 4166768.25 GB free disk space (10 processes; 11 concurrently)

    cd unitigging/5-consensus
    ./consensus.sh 1 > ./consensus.000001.out 2>&1
    ./consensus.sh 2 > ./consensus.000002.out 2>&1
    ./consensus.sh 3 > ./consensus.000003.out 2>&1
    ./consensus.sh 4 > ./consensus.000004.out 2>&1
    ./consensus.sh 5 > ./consensus.000005.out 2>&1
    ./consensus.sh 6 > ./consensus.000006.out 2>&1
    ./consensus.sh 7 > ./consensus.000007.out 2>&1
    ./consensus.sh 8 > ./consensus.000008.out 2>&1
    ./consensus.sh 9 > ./consensus.000009.out 2>&1
    ./consensus.sh 10 > ./consensus.000010.out 2>&1

-- Finished on Tue Jan 20 22:53:20 2026 (471 seconds) with 4166118.046 GB free disk space
----------------------------------------
-- Using slow alignment for consensus (iteration '1').
-- Configured 10 consensus jobs.
-- All 10 consensus jobs finished successfully.
-- Finished stage 'consensusCheck', reset canuIteration.
-- Using slow alignment for consensus (iteration '0').
-- Configured 10 consensus jobs.
----------------------------------------
-- Starting command on Tue Jan 20 22:53:20 2026 with 4166118 GB free disk space

    cd unitigging
    /share/org/YZWL/yzwl_lixg/miniforge3/envs/canu_v.2.3/bin/tgStoreLoad \
      -S ../N3-6.seqStore \
      -T  ./N3-6.ctgStore 2 \
      -L ./5-consensus/ctgcns.files \
    > ./5-consensus/ctgcns.files.ctgStoreLoad.err 2>&1

-- Finished on Tue Jan 20 22:53:21 2026 (one second) with 4166116.921 GB free disk space
----------------------------------------
----------------------------------------
-- Starting command on Tue Jan 20 22:53:21 2026 with 4166116.921 GB free disk space

    cd unitigging
    /share/org/YZWL/yzwl_lixg/miniforge3/envs/canu_v.2.3/bin/tgTigDisplay \
      -S ../N3-6.seqStore \
      -b \
      -o ../N3-6.contigs.unsorted.bam \
      -L ./5-consensus/ctgcns.files \
    > ./5-consensus/ctgcns.files.contigs.bam.err 2>&1

-- Finished on Tue Jan 20 22:56:51 2026 (210 seconds) with 4165771.593 GB free disk space
----------------------------------------
----------------------------------------
-- Starting command on Tue Jan 20 22:56:51 2026 with 4165771.593 GB free disk space

    cd .
    samtools sort \
      --write-index \
      --threads 2 \
      -o ./N3-6.contigs.bam ./N3-6.contigs.unsorted.bam \
    > ./ctgcns.bam.err 2>&1

-- Finished on Tue Jan 20 22:57:52 2026 (61 seconds) with 4165704.687 GB free disk space
----------------------------------------
-- Purging consensus output after loading to ctgStore.
-- Purged 10 .cns outputs.
----------------------------------------
-- Starting command on Tue Jan 20 22:57:52 2026 with 4165707.593 GB free disk space

    cd unitigging
    /share/org/YZWL/yzwl_lixg/miniforge3/envs/canu_v.2.3/bin/tgStoreDump \
      -S ../N3-6.seqStore \
      -T ./N3-6.ctgStore 2 \
      -sizes -s 85000000 \
    > ./N3-6.ctgStore/seqDB.v002.sizes.txt
ZERO length suplied to intervalList::add(), ignoring interval.
ZERO length suplied to intervalList::add(), ignoring interval.
ZERO length suplied to intervalList::add(), ignoring interval.
ZERO length suplied to intervalList::add(), ignoring interval.
ZERO length suplied to intervalList::add(), ignoring interval.
ZERO length suplied to intervalList::add(), ignoring interval.
ZERO length suplied to intervalList::add(), ignoring interval.
ZERO length suplied to intervalList::add(), ignoring interval.
ZERO length suplied to intervalList::add(), ignoring interval.
ZERO length suplied to intervalList::add(), ignoring interval.
ZERO length suplied to intervalList::add(), ignoring interval.
ZERO length suplied to intervalList::add(), ignoring interval.
ZERO length suplied to intervalList::add(), ignoring interval.
ZERO length suplied to intervalList::add(), ignoring interval.
ZERO length suplied to intervalList::add(), ignoring interval.
ZERO length suplied to intervalList::add(), ignoring interval.
ZERO length suplied to intervalList::add(), ignoring interval.
ZERO length suplied to intervalList::add(), ignoring interval.
ZERO length suplied to intervalList::add(), ignoring interval.
ZERO length suplied to intervalList::add(), ignoring interval.
ZERO length suplied to intervalList::add(), ignoring interval.
ZERO length suplied to intervalList::add(), ignoring interval.

-- Finished on Tue Jan 20 22:57:53 2026 (one second) with 4165707.593 GB free disk space
----------------------------------------
-- Found, in version 2, after consensus generation:
--   contigs:      149 sequences, total length 90770480 bp (including 164 repeats of total length 4544963 bp).
--   bubbles:      167 sequences, total length 5070764 bp.
--   unassembled:  27515 sequences, total length 445394080 bp.
--
-- Contig sizes based on genome size 85mbp:
--
--            NG (bp)  LG (contigs)    sum (bp)
--         ----------  ------------  ----------
--     10    11423730             1    11423730
--     20     8465904             2    19889634
--     30     8421439             3    28311073
--     40     8038706             4    36349779
--     50     4436680             6    46694281
--     60     4428512             7    51122793
--     70     3209092            10    62429726
--     80     2384099            13    70162113
--     90     1754076            17    77701672
--    100      706150            24    85510744
--
-- Finished stage 'consensusLoad', reset canuIteration.
----------------------------------------
-- Starting command on Tue Jan 20 22:57:53 2026 with 4165707.578 GB free disk space

    cd .
    /share/org/YZWL/yzwl_lixg/miniforge3/envs/canu_v.2.3/bin/tgStoreDump \
      -S ./N3-6.seqStore \
      -T ./unitigging/N3-6.ctgStore 2 \
      -o ./N3-6.contigs \
      -layout \
    > ./N3-6.contigs.layout.err 2>&1

-- Finished on Tue Jan 20 22:57:54 2026 (one second) with 4165707.531 GB free disk space
----------------------------------------
----------------------------------------
-- Starting command on Tue Jan 20 22:57:54 2026 with 4165707.531 GB free disk space

    cd .
    /share/org/YZWL/yzwl_lixg/miniforge3/envs/canu_v.2.3/bin/tgStoreDump \
      -S ./N3-6.seqStore \
      -T ./unitigging/N3-6.ctgStore 2 \
      -consensus -fasta \
      -unassembled \
    > ./N3-6.unassembled.fasta
    2> ./N3-6.unassembled.err
ZERO length suplied to intervalList::add(), ignoring interval.
ZERO length suplied to intervalList::add(), ignoring interval.
ZERO length suplied to intervalList::add(), ignoring interval.
ZERO length suplied to intervalList::add(), ignoring interval.
ZERO length suplied to intervalList::add(), ignoring interval.
ZERO length suplied to intervalList::add(), ignoring interval.
ZERO length suplied to intervalList::add(), ignoring interval.
ZERO length suplied to intervalList::add(), ignoring interval.
ZERO length suplied to intervalList::add(), ignoring interval.
ZERO length suplied to intervalList::add(), ignoring interval.
ZERO length suplied to intervalList::add(), ignoring interval.
ZERO length suplied to intervalList::add(), ignoring interval.
ZERO length suplied to intervalList::add(), ignoring interval.
ZERO length suplied to intervalList::add(), ignoring interval.
ZERO length suplied to intervalList::add(), ignoring interval.
ZERO length suplied to intervalList::add(), ignoring interval.
ZERO length suplied to intervalList::add(), ignoring interval.
ZERO length suplied to intervalList::add(), ignoring interval.
ZERO length suplied to intervalList::add(), ignoring interval.
ZERO length suplied to intervalList::add(), ignoring interval.
ZERO length suplied to intervalList::add(), ignoring interval.
ZERO length suplied to intervalList::add(), ignoring interval.

-- Finished on Tue Jan 20 22:57:56 2026 (2 seconds) with 4165707.109 GB free disk space
----------------------------------------
----------------------------------------
-- Starting command on Tue Jan 20 22:57:56 2026 with 4165707.109 GB free disk space

    cd .
    /share/org/YZWL/yzwl_lixg/miniforge3/envs/canu_v.2.3/bin/tgStoreDump \
      -S ./N3-6.seqStore \
      -T ./unitigging/N3-6.ctgStore 2 \
      -consensus -fasta \
      -contigs \
    > ./N3-6.contigs.fasta
    2> ./N3-6.contigs.err
ZERO length suplied to intervalList::add(), ignoring interval.
ZERO length suplied to intervalList::add(), ignoring interval.
ZERO length suplied to intervalList::add(), ignoring interval.
ZERO length suplied to intervalList::add(), ignoring interval.
ZERO length suplied to intervalList::add(), ignoring interval.
ZERO length suplied to intervalList::add(), ignoring interval.
ZERO length suplied to intervalList::add(), ignoring interval.
ZERO length suplied to intervalList::add(), ignoring interval.
ZERO length suplied to intervalList::add(), ignoring interval.
ZERO length suplied to intervalList::add(), ignoring interval.
ZERO length suplied to intervalList::add(), ignoring interval.
ZERO length suplied to intervalList::add(), ignoring interval.
ZERO length suplied to intervalList::add(), ignoring interval.
ZERO length suplied to intervalList::add(), ignoring interval.
ZERO length suplied to intervalList::add(), ignoring interval.
ZERO length suplied to intervalList::add(), ignoring interval.
ZERO length suplied to intervalList::add(), ignoring interval.
ZERO length suplied to intervalList::add(), ignoring interval.
ZERO length suplied to intervalList::add(), ignoring interval.
ZERO length suplied to intervalList::add(), ignoring interval.
ZERO length suplied to intervalList::add(), ignoring interval.
ZERO length suplied to intervalList::add(), ignoring interval.

-- Finished on Tue Jan 20 22:57:56 2026 (furiously fast) with 4165707 GB free disk space
----------------------------------------
-- Finished stage 'generateOutputs', reset canuIteration.
--
-- Assembly 'N3-6' finished in '/share/org/YZWL/yzwl_lixg/project/28.大豆疫霉菌三代基因组/03.hicanu/N3-6/01.raw_output'.
--
-- Summary saved in 'N3-6.report'.
--
-- Sequences saved:
--   Contigs       -> 'N3-6.contigs.fasta'
--   Unassembled   -> 'N3-6.unassembled.fasta'
--
-- Read layouts saved:
--   Contigs       -> 'N3-6.contigs.layout'.
--
-- Bye.

Job 68952704 stderr output:

