2026-01-20 20:35:16.745 - WARNING - 命令错误输出|Command stderr:
-- canu master +27 changes (r10515 2a41e933b8de6ed66723d75d36dd071b46d2c347)
--
-- CITATIONS
--
-- For assemblies of PacBio HiFi reads:
--   Nurk S, Walenz BP, Rhiea A, Vollger MR, Logsdon GA, Grothe R, Miga KH, Eichler EE, Phillippy AM, Koren S.
--   HiCanu: accurate assembly of segmental duplications, satellites, and allelic variants from high-fidelity long reads.
--   biorXiv. 2020.
--   https://doi.org/10.1101/2020.03.14.992248
-- 
-- Read and contig alignments during correction and consensus use:
--   Šošic M, Šikic M.
--   Edlib: a C/C ++ library for fast, exact sequence alignment using edit distance.
--   Bioinformatics. 2017 May 1;33(9):1394-1395.
--   http://doi.org/10.1093/bioinformatics/btw753
-- 
-- Overlaps are generated using:
--   Berlin K, et al.
--   Assembling large genomes with single-molecule sequencing and locality-sensitive hashing.
--   Nat Biotechnol. 2015 Jun;33(6):623-30.
--   http://doi.org/10.1038/nbt.3238
-- 
--   Myers EW, et al.
--   A Whole-Genome Assembly of Drosophila.
--   Science. 2000 Mar 24;287(5461):2196-204.
--   http://doi.org/10.1126/science.287.5461.2196
-- 
-- Contig consensus sequences are generated using an algorithm derived from pbdagcon:
--   Chin CS, et al.
--   Nonhybrid, finished microbial genome assemblies from long-read SMRT sequencing data.
--   Nat Methods. 2013 Jun;10(6):563-9
--   http://doi.org/10.1038/nmeth.2474
-- 
-- CONFIGURE CANU
--
-- Detected Java(TM) Runtime Environment '17.0.15-internal' (from '/share/org/YZWL/yzwl_lixg/.local/bin/java') without -d64 support.
--
-- WARNING:
-- WARNING:  Failed to run gnuplot using command 'gnuplot'.
-- WARNING:  Plots will be disabled.
-- WARNING:
--
-- Detected samtools version '1.22' / htslib version 'htscodecs=1.6.3' (from 'samtools').
--
-- Detected 88 CPUs and 503 gigabytes of memory on the local machine.
--
-- Detected Slurm with 'sinfo' binary in /opt/skyformai/bin/sinfo.
--          Slurm disabled by useGrid=false
--
-- Detected  '' with 'pbsnodes' binary in /opt/skyformai/bin/pbsnodes.
--           disabled by useGrid=false
--
-- Detected LSF with 'bsub' binary in /opt/skyformai/bin/bsub.
--          LSF disabled by useGrid=false
--
-- Local machine mode enabled; grid support not detected or not allowed.
--
-- Found trimmed raw PacBio HiFi reads in the input files.
--
--                                (tag)Concurrency
--                         (tag)Threads          |
--                (tag)Memory         |          |
--        (tag)             |         |          |       total usage      algorithm
--        -------  ----------  --------   --------  --------------------  -----------------------------
-- Local: meryl     12.000 GB    4 CPUs x  22 jobs   264.000 GB  88 CPUs  (k-mer counting)
-- Local: cormhap   13.000 GB   11 CPUs x   8 jobs   104.000 GB  88 CPUs  (overlap detection with mhap)
-- Local: obtovl     8.000 GB    8 CPUs x  11 jobs    88.000 GB  88 CPUs  (overlap detection)
-- Local: utgovl     8.000 GB    8 CPUs x  11 jobs    88.000 GB  88 CPUs  (overlap detection)
-- Local: cor        -.--- GB    4 CPUs x   - jobs     -.--- GB   - CPUs  (read correction)
-- Local: ovb        4.000 GB    1 CPU  x  88 jobs   352.000 GB  88 CPUs  (overlap store bucketizer)
-- Local: ovs        8.000 GB    1 CPU  x  62 jobs   496.000 GB  62 CPUs  (overlap store sorting)
-- Local: red       16.000 GB    4 CPUs x  22 jobs   352.000 GB  88 CPUs  (read error detection)
-- Local: oea        8.000 GB    1 CPU  x  62 jobs   496.000 GB  62 CPUs  (overlap error adjustment)
-- Local: bat       32.000 GB    8 CPUs x   1 job     32.000 GB   8 CPUs  (contig construction with bogart)
-- Local: cns        -.--- GB    8 CPUs x   - jobs     -.--- GB   - CPUs  (consensus)
--
-- Generating assembly 'B4-10' in '/share/org/YZWL/yzwl_lixg/project/28.大豆疫霉菌三代基因组/03.hicanu/B4-10/01.raw_output':
--   genomeSize:
--     85000000
--
--   Overlap Generation Limits:
--     corOvlErrorRate 0.0000 (  0.00%)
--     obtOvlErrorRate 0.0250 (  2.50%)
--     utgOvlErrorRate 0.0100 (  1.00%)
--
--   Overlap Processing Limits:
--     corErrorRate    0.0000 (  0.00%)
--     obtErrorRate    0.0250 (  2.50%)
--     utgErrorRate    0.0003 (  0.03%)
--     cnsErrorRate    0.0500 (  5.00%)
--
--   Stages to run:
--     assemble HiFi reads.
--
--
-- BEGIN STORE CREATION
----------------------------------------
-- Starting command on Tue Jan 20 18:10:59 2026 with 4183752.953 GB free disk space

    cd .
    ./B4-10.seqStore.sh \
    > ./B4-10.seqStore.err 2>&1

-- Finished on Tue Jan 20 18:17:53 2026 (414 seconds) with 4182113.562 GB free disk space
----------------------------------------
--
-- In sequence store './B4-10.seqStore':
--   Found 268945 reads.
--   Found 4250008826 bases (50 times coverage).
--    Histogram of corrected reads:
--    
--    G=4250008826                       sum of  ||               length     num
--    NG         length     index       lengths  ||                range    seqs
--    ----- ------------ --------- ------------  ||  ------------------- -------
--    00010        24485     15858    425018584  ||       1242-2267         3937|----------
--    00020        22224     34152    850005022  ||       2268-3293         7458|------------------
--    00030        20706     53996   1275013159  ||       3294-4319         8079|-------------------
--    00040        19550     75138   1700013381  ||       4320-5345         7818|-------------------
--    00050        18566     97457   2125020179  ||       5346-6371         7404|------------------
--    00060        17669    120922   2550013262  ||       6372-7397         6978|-----------------
--    00070        16737    145618   2975013794  ||       7398-8423         6647|----------------
--    00080        15472    171940   3400020579  ||       8424-9449         6362|---------------
--    00090        11764    202179   3825016577  ||       9450-10475        5689|--------------
--    00100         1242    268945   4250008826  ||      10476-11501        5200|-------------
--    001.000x              268945   4250008826  ||      11502-12527        4873|------------
--                                               ||      12528-13553        5831|--------------
--                                               ||      13554-14579        8467|--------------------
--                                               ||      14580-15605       14469|----------------------------------
--                                               ||      15606-16631       21580|---------------------------------------------------
--                                               ||      16632-17657       26942|---------------------------------------------------------------
--                                               ||      17658-18683       26611|---------------------------------------------------------------
--                                               ||      18684-19709       22722|------------------------------------------------------
--                                               ||      19710-20735       18367|-------------------------------------------
--                                               ||      20736-21761       14113|----------------------------------
--                                               ||      21762-22787       10955|--------------------------
--                                               ||      22788-23813        8404|--------------------
--                                               ||      23814-24839        6128|---------------
--                                               ||      24840-25865        4549|-----------
--                                               ||      25866-26891        3242|--------
--                                               ||      26892-27917        2300|------
--                                               ||      27918-28943        1529|----
--                                               ||      28944-29969        1016|---
--                                               ||      29970-30995         587|--
--                                               ||      30996-32021         354|-
--                                               ||      32022-33047         192|-
--                                               ||      33048-34073          74|-
--                                               ||      34074-35099          40|-
--                                               ||      35100-36125          15|-
--                                               ||      36126-37151           5|-
--                                               ||      37152-38177           2|-
--                                               ||      38178-39203           2|-
--                                               ||      39204-40229           2|-
--                                               ||      40230-41255           0|
--                                               ||      41256-42281           2|-
--    
--
-- In sequence store './B4-10.seqStore':
--   Found 268945 reads.
--   Found 4250008826 bases (50 times coverage).
--    Histogram of corrected-trimmed reads:
--    
--    G=4250008826                       sum of  ||               length     num
--    NG         length     index       lengths  ||                range    seqs
--    ----- ------------ --------- ------------  ||  ------------------- -------
--    00010        24485     15858    425018584  ||       1242-2267         3937|----------
--    00020        22224     34152    850005022  ||       2268-3293         7458|------------------
--    00030        20706     53996   1275013159  ||       3294-4319         8079|-------------------
--    00040        19550     75138   1700013381  ||       4320-5345         7818|-------------------
--    00050        18566     97457   2125020179  ||       5346-6371         7404|------------------
--    00060        17669    120922   2550013262  ||       6372-7397         6978|-----------------
--    00070        16737    145618   2975013794  ||       7398-8423         6647|----------------
--    00080        15472    171940   3400020579  ||       8424-9449         6362|---------------
--    00090        11764    202179   3825016577  ||       9450-10475        5689|--------------
--    00100         1242    268945   4250008826  ||      10476-11501        5200|-------------
--    001.000x              268945   4250008826  ||      11502-12527        4873|------------
--                                               ||      12528-13553        5831|--------------
--                                               ||      13554-14579        8467|--------------------
--                                               ||      14580-15605       14469|----------------------------------
--                                               ||      15606-16631       21580|---------------------------------------------------
--                                               ||      16632-17657       26942|---------------------------------------------------------------
--                                               ||      17658-18683       26611|---------------------------------------------------------------
--                                               ||      18684-19709       22722|------------------------------------------------------
--                                               ||      19710-20735       18367|-------------------------------------------
--                                               ||      20736-21761       14113|----------------------------------
--                                               ||      21762-22787       10955|--------------------------
--                                               ||      22788-23813        8404|--------------------
--                                               ||      23814-24839        6128|---------------
--                                               ||      24840-25865        4549|-----------
--                                               ||      25866-26891        3242|--------
--                                               ||      26892-27917        2300|------
--                                               ||      27918-28943        1529|----
--                                               ||      28944-29969        1016|---
--                                               ||      29970-30995         587|--
--                                               ||      30996-32021         354|-
--                                               ||      32022-33047         192|-
--                                               ||      33048-34073          74|-
--                                               ||      34074-35099          40|-
--                                               ||      35100-36125          15|-
--                                               ||      36126-37151           5|-
--                                               ||      37152-38177           2|-
--                                               ||      38178-39203           2|-
--                                               ||      39204-40229           2|-
--                                               ||      40230-41255           0|
--                                               ||      41256-42281           2|-
--    
--
-- Correction skipped; not enabled.
--
-- Trimming skipped; not enabled.
--
-- BEGIN ASSEMBLY
----------------------------------------
-- Starting command on Tue Jan 20 18:17:54 2026 with 4182113.515 GB free disk space

    cd unitigging/0-mercounts
    ./meryl-configure.sh \
    > ./meryl-configure.err 2>&1

-- Finished on Tue Jan 20 18:17:56 2026 (2 seconds) with 4182113.515 GB free disk space
----------------------------------------
--  segments   memory batches
--  -------- -------- -------
--        01 10.72 GB       2
--        02  5.61 GB       2
--        04  2.94 GB       2
--        06  2.13 GB       2
--        08  1.60 GB       2
--        12  1.07 GB       2
--        16  0.80 GB       2
--        20  0.65 GB       2
--        24  0.54 GB       2
--        32  0.40 GB       2
--        40  0.32 GB       2
--        48  -.-- GB       -  (segment size too small)
--        56  -.-- GB       -  (segment size too small)
--        64  -.-- GB       -  (segment size too small)
--        96  -.-- GB       -  (segment size too small)
--
--  For 268945 reads with 4250008826 bases, limit to 42 batches.
--  Will count kmers using 01 jobs, each using 12 GB and 4 threads.
--
-- Finished stage 'merylConfigure', reset canuIteration.
--
-- Running jobs.  First attempt out of 2.
----------------------------------------
-- Starting 'meryl' concurrent execution on Tue Jan 20 18:17:56 2026 with 4182113.484 GB free disk space (1 processes; 22 concurrently)

    cd unitigging/0-mercounts
    ./meryl-count.sh 1 > ./meryl-count.000001.out 2>&1

-- Finished on Tue Jan 20 18:21:22 2026 (206 seconds) with 4181538.812 GB free disk space
----------------------------------------
-- Found 1 Kmer counting (meryl) outputs.
-- Finished stage 'utg-merylCountCheck', reset canuIteration.
--
-- Running jobs.  First attempt out of 2.
----------------------------------------
-- Starting 'meryl' concurrent execution on Tue Jan 20 18:21:22 2026 with 4181538.781 GB free disk space (1 processes; 22 concurrently)

    cd unitigging/0-mercounts
    ./meryl-process.sh 1 > ./meryl-process.000001.out 2>&1

-- Finished on Tue Jan 20 18:21:26 2026 (4 seconds) with 4181538.39 GB free disk space
----------------------------------------
-- Meryl finished successfully.  Kmer frequency histogram:
--
-- WARNING: gnuplot failed.
--
----------------------------------------
--
--  22-mers                                                                                           Fraction
--    Occurrences   NumMers                                                                         Unique Total
--       1-     1         0                                                                        0.0000 0.0000
--       2-     2    227389                                                                        0.0051 0.0001
--       3-     4     70185                                                                        0.0062 0.0002
--       5-     7     18166                                                                        0.0068 0.0002
--       8-    11      5060                                                                        0.0071 0.0003
--      12-    16      7218                                                                        0.0072 0.0003
--      17-    22     63912                                                                        0.0074 0.0003
--      23-    29    754137 ***                                                                    0.0095 0.0010
--      30-    37   5231268 **********************                                                 0.0315 0.0096
--      38-    46  16203832 ********************************************************************** 0.1706 0.0786
--      47-    56  14415547 **************************************************************         0.5471 0.3069
--      57-    67   3102435 *************                                                          0.8382 0.5175
--      68-    79    614963 **                                                                     0.8941 0.5652
--      80-    92   1003971 ****                                                                   0.9081 0.5800
--      93-   106    842034 ***                                                                    0.9307 0.6076
--     107-   121    289285 *                                                                      0.9484 0.6324
--     122-   137    291486 *                                                                      0.9545 0.6420
--     138-   154    274684 *                                                                      0.9611 0.6541
--     155-   172    151619                                                                        0.9670 0.6663
--     173-   191    159706                                                                        0.9703 0.6738
--     192-   211    123260                                                                        0.9738 0.6830
--     212-   232    110344                                                                        0.9765 0.6906
--     233-   254    108356                                                                        0.9790 0.6983
--     255-   277     83434                                                                        0.9814 0.7065
--     278-   301     69715                                                                        0.9832 0.7134
--     302-   326     67015                                                                        0.9847 0.7197
--     327-   352     54791                                                                        0.9862 0.7261
--     353-   379     49780                                                                        0.9874 0.7320
--     380-   407     37681                                                                        0.9885 0.7376
--     408-   436     35722                                                                        0.9894 0.7422
--     437-   466     34435                                                                        0.9902 0.7469
--     467-   497     29416                                                                        0.9909 0.7517
--     498-   529     29706                                                                        0.9916 0.7561
--     530-   562     21575                                                                        0.9922 0.7609
--     563-   596     20335                                                                        0.9927 0.7645
--     597-   631     16906                                                                        0.9932 0.7682
--     632-   667     14373                                                                        0.9935 0.7714
--     668-   704     14808                                                                        0.9939 0.7743
--     705-   742     13085                                                                        0.9942 0.7775
--     743-   781     11961                                                                        0.9945 0.7805
--     782-   821     13008                                                                        0.9947 0.7833
--
--           0 (max occurrences)
--  3202996926 (total mers, non-unique)
--    44909961 (distinct mers, non-unique)
--           0 (unique mers)
-- Finished stage 'meryl-process', reset canuIteration.
--
-- Removing meryl database 'unitigging/0-mercounts/B4-10.ms22'.
--
-- OVERLAPPER (normal) (assembly) erate=0.01
--
----------------------------------------
-- Starting command on Tue Jan 20 18:21:26 2026 with 4181539.234 GB free disk space

    cd unitigging/1-overlapper
    /share/org/YZWL/yzwl_lixg/miniforge3/envs/canu_v.2.3/bin/overlapInCorePartition \
     -S  ../../B4-10.seqStore \
     -hl 160000000 \
     -rl 5000000000 \
     -ol 500 \
     -o  ./B4-10.partition \
    > ./B4-10.partition.err 2>&1

-- Finished on Tue Jan 20 18:21:26 2026 (fast as lightning) with 4181539.218 GB free disk space
----------------------------------------
--
-- Configured 21 overlapInCore jobs.
-- Finished stage 'utg-overlapConfigure', reset canuIteration.
--
-- Running jobs.  First attempt out of 2.
----------------------------------------
-- Starting 'utgovl' concurrent execution on Tue Jan 20 18:21:26 2026 with 4181539.187 GB free disk space (21 processes; 11 concurrently)

    cd unitigging/1-overlapper
    ./overlap.sh 1 > ./overlap.000001.out 2>&1
    ./overlap.sh 2 > ./overlap.000002.out 2>&1
    ./overlap.sh 3 > ./overlap.000003.out 2>&1
    ./overlap.sh 4 > ./overlap.000004.out 2>&1
    ./overlap.sh 5 > ./overlap.000005.out 2>&1
    ./overlap.sh 6 > ./overlap.000006.out 2>&1
    ./overlap.sh 7 > ./overlap.000007.out 2>&1
    ./overlap.sh 8 > ./overlap.000008.out 2>&1
    ./overlap.sh 9 > ./overlap.000009.out 2>&1
    ./overlap.sh 10 > ./overlap.000010.out 2>&1
    ./overlap.sh 11 > ./overlap.000011.out 2>&1
    ./overlap.sh 12 > ./overlap.000012.out 2>&1
    ./overlap.sh 13 > ./overlap.000013.out 2>&1
    ./overlap.sh 14 > ./overlap.000014.out 2>&1
    ./overlap.sh 15 > ./overlap.000015.out 2>&1
    ./overlap.sh 16 > ./overlap.000016.out 2>&1
    ./overlap.sh 17 > ./overlap.000017.out 2>&1
    ./overlap.sh 18 > ./overlap.000018.out 2>&1
    ./overlap.sh 19 > ./overlap.000019.out 2>&1
    ./overlap.sh 20 > ./overlap.000020.out 2>&1
    ./overlap.sh 21 > ./overlap.000021.out 2>&1

-- Finished on Tue Jan 20 19:05:36 2026 (2650 seconds) with 4174062.625 GB free disk space
----------------------------------------
-- Found 21 overlapInCore output files.
--
-- overlapInCore compute 'unitigging/1-overlapper':
--   kmer hits
--     with no overlap       1400601678    66695318 +- 42467922.171
--     with an overlap         49607166     2362246 +- 1394138.688
--
--   overlaps                  49607166     2362246 +- 1394138.688
--     contained               11372936  .380952381 +- 313692.964
--     dovetail                38234230  7.61904762 +- 1082265.615
--
--   overlaps rejected
--     multiple per pair              0           0 +- 0
--     bad short window               0           0 +- 0
--     bad long window                0           0 +- 0
-- Finished stage 'utg-overlapCheck', reset canuIteration.
----------------------------------------
-- Starting command on Tue Jan 20 19:05:36 2026 with 4174062.609 GB free disk space

    cd unitigging
    /share/org/YZWL/yzwl_lixg/miniforge3/envs/canu_v.2.3/bin/ovStoreConfig \
     -S ../B4-10.seqStore \
     -M 4-8 \
     -L ./1-overlapper/ovljob.files \
     -create ./B4-10.ovlStore.config \
     > ./B4-10.ovlStore.config.txt \
    2> ./B4-10.ovlStore.config.err

-- Finished on Tue Jan 20 19:05:36 2026 (fast as lightning) with 4174062.593 GB free disk space
----------------------------------------
--
-- Creating overlap store unitigging/B4-10.ovlStore using:
--      1 bucket
--      1 slice
--        using at most 3 GB memory each
--
-- Running jobs.  First attempt out of 2.
----------------------------------------
-- Starting 'ovS' concurrent execution on Tue Jan 20 19:05:36 2026 with 4174062.578 GB free disk space (1 processes; 62 concurrently)

    cd unitigging
    ./B4-10.ovlStore.sh 1 > ./B4-10.ovlStore.000001.out 2>&1

-- Finished on Tue Jan 20 19:05:58 2026 (22 seconds) with 4174056.953 GB free disk space
----------------------------------------
-- Checking store.
----------------------------------------
-- Starting command on Tue Jan 20 19:05:58 2026 with 4174056.953 GB free disk space

    cd unitigging
    /share/org/YZWL/yzwl_lixg/miniforge3/envs/canu_v.2.3/bin/ovStoreDump \
     -S ../B4-10.seqStore \
     -O  ./B4-10.ovlStore \
     -counts \
     > ./B4-10.ovlStore/counts.dat 2> ./B4-10.ovlStore/counts.err

-- Finished on Tue Jan 20 19:05:58 2026 (furiously fast) with 4174056.921 GB free disk space
----------------------------------------
--
-- Overlap store 'unitigging/B4-10.ovlStore' successfully constructed.
-- Found 99214332 overlaps for 262160 reads; 1467735 reads have no overlaps.
--
--
-- Purged 0.969 GB in 63 overlap output files.
----------------------------------------
-- Starting command on Tue Jan 20 19:05:59 2026 with 4174057.921 GB free disk space

    cd unitigging
    /share/org/YZWL/yzwl_lixg/miniforge3/envs/canu_v.2.3/bin/ovStoreStats \
     -C 50 \
     -S ../B4-10.seqStore \
     -O  ./B4-10.ovlStore \
     -o  ./B4-10.ovlStore \
     > ./B4-10.ovlStore.summary.err 2>&1

-- Finished on Tue Jan 20 19:06:13 2026 (14 seconds) with 4174039.906 GB free disk space
----------------------------------------
--
-- Overlap store 'unitigging/B4-10.ovlStore' contains:
--
--   category            reads     %          read length        feature size or coverage  analysis
--   ----------------  -------  -------  ----------------------  ------------------------  --------------------
--   middle-missing        116    0.04    13890.59 +- 6180.30        680.59 +- 877.01     (bad trimming)
--   middle-hump            24    0.01    13741.71 +- 3604.22       4039.29 +- 2212.53    (bad trimming)
--   no-5-prime            515    0.19    12148.33 +- 4443.17       1743.22 +- 2440.51    (bad trimming)
--   no-3-prime            491    0.18    11473.15 +- 4609.34       1974.17 +- 2726.09    (bad trimming)
--   
--   low-coverage         1440    0.54     9259.98 +- 4514.14          5.60 +- 3.66       (easy to assemble, potential for lower quality consensus)
--   unique             214460   79.74    12138.87 +- 4933.11         45.55 +- 8.13       (easy to assemble, perfect, yay)
--   repeat-cont         20222    7.52    10325.81 +- 4312.43       2095.33 +- 1685.54    (potential for consensus errors, no impact on assembly)
--   repeat-dove           180    0.07    19799.68 +- 2238.97        606.91 +- 927.63     (hard to assemble, likely won't assemble correctly or even at all)
--   
--   span-repeat          2373    0.88    13155.79 +- 4403.97       2579.87 +- 3232.91    (read spans a large repeat, usually easy to assemble)
--   uniq-repeat-cont    14355    5.34    11922.05 +- 4077.98                             (should be uniquely placed, low potential for consensus errors, no impact on assembly)
--   uniq-repeat-dove     2794    1.04    17711.00 +- 2679.40                             (will end contigs, potential to misassemble)
--   uniq-anchor          5190    1.93    12700.37 +- 4193.14       7604.77 +- 4527.05    (repeat read, with unique section, probable bad read)
-- Finished stage 'utg-createOverlapStore', reset canuIteration.
--
-- Loading read lengths.
-- Loading number of overlaps per read.
--
-- Configure RED for 16gb memory.
--                   Batches of at most (unlimited) reads.
--                                      500000000 bases.
--                   Expecting evidence of at most 536870912 bases per iteration.
--
--           Total                                               Reads                 Olaps Evidence
--    Job   Memory      Read Range         Reads        Bases   Memory        Olaps   Memory   Memory  (Memory in MB)
--   ---- -------- ------------------- --------- ------------ -------- ------------ -------- --------
--      1 16384.38         1-39646          6007    108869135 13289.88      1966457    22.50  1024.00
--      2 16385.69     39647-81926          6661    108871715 13290.21      2051414    23.48  1024.00
--      3 16384.11     81927-127625         7112    108867742 13289.74      1954103    22.36  1024.00
--      4 16385.12    127626-167666         6273    108725365 13272.34      3563427    40.78  1024.00
--      5 16384.61    167667-214060         7052    108877400 13290.92      1895699    21.69  1024.00
--      6 16384.54    214061-263688         7729    108824672 13284.50      2449363    28.03  1024.00
--      7 16385.29    263689-304609         6272    108729821 13272.88      3530714    40.41  1024.00
--      8 16385.23    304610-351114         7164    108871055 13290.15      2016628    23.08  1024.00
--      9 16384.80    351115-401646         7950    108816508 13283.52      2558885    29.28  1024.00
--     10 16384.09    401647-441860         6250    108721423 13271.85      3515928    40.24  1024.00
--     11 16385.35    441861-487112         6973    108880745 13291.33      1924512    22.02  1024.00
--     12 16385.36    487113-538137         7926    108817350 13283.62      2599311    29.75  1024.00
--     13 16385.64    538138-577270         6167    108804797 13282.03      2762277    31.61  1024.00
--     14 16384.76    577271-621571         6821    108819670 13283.87      2524440    28.89  1024.00
--     15 16386.70    621572-672310         7961    108838582 13286.21      2489088    28.49  1024.00
--     16 16384.01    672311-711390         6137    108813846 13283.13      2522906    28.87  1024.00
--     17 16384.94    711391-755258         6757    108810062 13282.69      2643199    30.25  1024.00
--     18 16385.36    755259-807288         8080    108820406 13284.00      2566030    29.37  1024.00
--     19 16384.28    807289-847960         6198    108811891 13282.90      2567784    29.39  1024.00
--     20 16384.95    847961-891551         6716    108804447 13282.00      2704006    30.94  1024.00
--     21 16384.24    891552-945378         8216    108822211 13284.22      2448499    28.02  1024.00
--     22 16384.58    945379-985919         6147    108822930 13284.24      2476584    28.34  1024.00
--     23 16384.54    985920-1028291        6719    108796528 13281.04      2752726    31.50  1024.00
--     24 16384.04   1028292-1079737        8039    108806027 13282.24      2604253    29.80  1024.00
--     25 16385.13   1079738-1120049        6133    108831115 13285.24      2436950    27.89  1024.00
--     26 16386.59   1120050-1161942        6532    108803735 13281.91      2855574    32.68  1024.00
--     27 16384.76   1161943-1213230        8019    108814240 13283.24      2579206    29.52  1024.00
--     28 16386.79   1213231-1251217        6054    108849975 13287.54      2380899    27.25  1024.00
--     29 16384.28   1251218-1291735        6446    108788587 13280.06      2815412    32.22  1024.00
--     30 16384.19   1291736-1342476        7932    108815867 13283.44      2512693    28.76  1024.00
--     31 16384.56   1342477-1380551        5964    108820191 13283.90      2503904    28.65  1024.00
--     32 16384.71   1380552-1421093        6323    108798554 13281.27      2747190    31.44  1024.00
--     33 16385.87   1421094-1470814        7807    108827108 13284.80      2539927    29.07  1024.00
--     34 16384.07   1470815-1508503        5963    108841861 13286.55      2230058    25.52  1024.00
--     35 16384.32   1508504-1549410        6236    108820767 13283.98      2476429    28.34  1024.00
--     36 16384.49   1549411-1599672        7755    108820511 13284.00      2489609    28.49  1024.00
--     37 16386.08   1599673-1637966        5952    108883299 13291.61      1964261    22.48  1024.00
--     38 16385.46   1637967-1678304        6260    108787400 13279.91      2931704    33.55  1024.00
--     39 16384.43   1678305-1727013        7782    108815744 13283.42      2534811    29.01  1024.00
--     40  3811.45   1727014-1729895         460      6045544   738.00       127472     1.46  1024.00
--   ---- -------- ------------------- --------- ------------ -------- ------------ -------- --------
--                                                 4250008826              99214332
-- Finished stage 'readErrorDetectionConfigure', reset canuIteration.
--
-- Running jobs.  First attempt out of 2.
----------------------------------------
-- Starting 'red' concurrent execution on Tue Jan 20 19:06:20 2026 with 4174039.859 GB free disk space (40 processes; 22 concurrently)

    cd unitigging/3-overlapErrorAdjustment
    ./red.sh 1 > ./red.000001.out 2>&1
    ./red.sh 2 > ./red.000002.out 2>&1
    ./red.sh 3 > ./red.000003.out 2>&1
    ./red.sh 4 > ./red.000004.out 2>&1
    ./red.sh 5 > ./red.000005.out 2>&1
    ./red.sh 6 > ./red.000006.out 2>&1
    ./red.sh 7 > ./red.000007.out 2>&1
    ./red.sh 8 > ./red.000008.out 2>&1
    ./red.sh 9 > ./red.000009.out 2>&1
    ./red.sh 10 > ./red.000010.out 2>&1
    ./red.sh 11 > ./red.000011.out 2>&1
    ./red.sh 12 > ./red.000012.out 2>&1
    ./red.sh 13 > ./red.000013.out 2>&1
    ./red.sh 14 > ./red.000014.out 2>&1
    ./red.sh 15 > ./red.000015.out 2>&1
    ./red.sh 16 > ./red.000016.out 2>&1
    ./red.sh 17 > ./red.000017.out 2>&1
    ./red.sh 18 > ./red.000018.out 2>&1
    ./red.sh 19 > ./red.000019.out 2>&1
    ./red.sh 20 > ./red.000020.out 2>&1
    ./red.sh 21 > ./red.000021.out 2>&1
    ./red.sh 22 > ./red.000022.out 2>&1
    ./red.sh 23 > ./red.000023.out 2>&1
    ./red.sh 24 > ./red.000024.out 2>&1
    ./red.sh 25 > ./red.000025.out 2>&1
    ./red.sh 26 > ./red.000026.out 2>&1
    ./red.sh 27 > ./red.000027.out 2>&1
    ./red.sh 28 > ./red.000028.out 2>&1
    ./red.sh 29 > ./red.000029.out 2>&1
    ./red.sh 30 > ./red.000030.out 2>&1
    ./red.sh 31 > ./red.000031.out 2>&1
    ./red.sh 32 > ./red.000032.out 2>&1
    ./red.sh 33 > ./red.000033.out 2>&1
    ./red.sh 34 > ./red.000034.out 2>&1
    ./red.sh 35 > ./red.000035.out 2>&1
    ./red.sh 36 > ./red.000036.out 2>&1
    ./red.sh 37 > ./red.000037.out 2>&1
    ./red.sh 38 > ./red.000038.out 2>&1
    ./red.sh 39 > ./red.000039.out 2>&1
    ./red.sh 40 > ./red.000040.out 2>&1

-- Finished on Tue Jan 20 19:26:01 2026 (1181 seconds) with 4171231.406 GB free disk space
----------------------------------------
-- Found 40 read error detection output files.
-- Finished stage 'readErrorDetectionCheck', reset canuIteration.
--
-- Loading read lengths.
-- Loading number of overlaps per read.
--
-- Configure OEA for 8gb memory.
--                   Batches of at most (unlimited) reads.
--                                      300000000 bases.
--
--           Total                                               Reads                 Olaps  Adjusts
--    Job   Memory      Read Range         Reads        Bases   Memory        Olaps   Memory   Memory  (Memory in MB)
--   ---- -------- ------------------- --------- ------------ -------- ------------ -------- --------
--      1  2887.71         1-118436        18314    300008395   294.67      5795872   176.88   368.17
--      2  2946.82    118437-245258        19589    300016269   294.72      7731117   235.93   368.17
--      3  2924.41    245259-369189        19201    300010159   294.70      6997314   213.54   368.17
--      4  2922.10    369190-488485        18562    300000932   294.67      6922489   211.26   368.17
--      5  2943.49    488486-611517        19107    300014212   294.70      7622533   232.62   368.17
--      6  2931.58    611518-734479        19236    300006297   294.70      7232417   220.72   368.17
--      7  2946.23    734480-860434        19411    300006298   294.70      7712185   235.36   368.17
--      8  2886.74    860435-988043        19499    300006427   294.70      5762957   175.87   368.17
--      9  2943.73    988044-1112141       19366    300021881   294.71      7629977   232.85   368.17
--     10  2931.82   1112142-1234856       19156    300009550   294.70      7240230   220.95   368.17
--     11  2901.69   1234857-1354874       18943    300015702   294.70      6252880   190.82   368.17
--     12  2943.12   1354875-1473919       18646    300011754   294.68      7610957   232.27   368.17
--     13  2901.12   1473920-1590696       18143    300000354   294.66      6235665   190.30   368.17
--     14  2906.33   1590697-1704286       17691    300018917   294.66      6406316   195.51   368.17
--     15  2534.75   1704287-1729895        4081     49861679    55.68      2061423    62.91   368.17
--   ---- -------- ------------------- --------- ------------ -------- ------------ -------- --------
--                                                 4250008826              99214332
-- Finished stage 'overlapErrorAdjustmentConfigure', reset canuIteration.
--
-- Running jobs.  First attempt out of 2.
----------------------------------------
-- Starting 'oea' concurrent execution on Tue Jan 20 19:26:08 2026 with 4171231.328 GB free disk space (15 processes; 62 concurrently)

    cd unitigging/3-overlapErrorAdjustment
    ./oea.sh 1 > ./oea.000001.out 2>&1
    ./oea.sh 2 > ./oea.000002.out 2>&1
    ./oea.sh 3 > ./oea.000003.out 2>&1
    ./oea.sh 4 > ./oea.000004.out 2>&1
    ./oea.sh 5 > ./oea.000005.out 2>&1
    ./oea.sh 6 > ./oea.000006.out 2>&1
    ./oea.sh 7 > ./oea.000007.out 2>&1
    ./oea.sh 8 > ./oea.000008.out 2>&1
    ./oea.sh 9 > ./oea.000009.out 2>&1
    ./oea.sh 10 > ./oea.000010.out 2>&1
    ./oea.sh 11 > ./oea.000011.out 2>&1
    ./oea.sh 12 > ./oea.000012.out 2>&1
    ./oea.sh 13 > ./oea.000013.out 2>&1
    ./oea.sh 14 > ./oea.000014.out 2>&1
    ./oea.sh 15 > ./oea.000015.out 2>&1

-- Finished on Tue Jan 20 20:23:48 2026 (3460 seconds) with 4161506.921 GB free disk space
----------------------------------------
-- Found 15 overlap error adjustment output files.
-- Finished stage 'overlapErrorAdjustmentCheck', reset canuIteration.
----------------------------------------
-- Starting command on Tue Jan 20 20:23:48 2026 with 4161506.906 GB free disk space

    cd unitigging/3-overlapErrorAdjustment
    /share/org/YZWL/yzwl_lixg/miniforge3/envs/canu_v.2.3/bin/loadErates \
      -S ../../B4-10.seqStore \
      -O ../B4-10.ovlStore \
      -L ./oea.files \
    > ./oea.apply.err 2>&1

-- Finished on Tue Jan 20 20:23:48 2026 (in the blink of an eye) with 4161506.703 GB free disk space
----------------------------------------
-- No report available.
-- Finished stage 'updateOverlapStore', reset canuIteration.
-- Finished stage 'unitig', reset canuIteration.
--
-- Running jobs.  First attempt out of 2.
----------------------------------------
-- Starting 'bat' concurrent execution on Tue Jan 20 20:23:48 2026 with 4161506.656 GB free disk space (1 processes; 1 concurrently)

    cd unitigging/4-unitigger
    ./unitigger.sh 1 > ./unitigger.000001.out 2>&1

-- Finished on Tue Jan 20 20:24:13 2026 (25 seconds) with 4161506.484 GB free disk space
----------------------------------------
-- Unitigger finished successfully.
--  
--  ERROR RATES
--  -----------
--                                                   --------threshold------
--  293450                       fraction error      fraction        percent
--  samples                              (1e-5)         error          error
--                   --------------------------      --------       --------
--  command line (-eg)                           ->     30.00        0.0300%
--  command line (-ef)                           ->  -----.--      ---.----%
--  command line (-eM)                           ->     30.00        0.0300%
--  mean + std.dev       0.33 +-  12 *     2.67  ->     32.40        0.0324%
--  median + mad         0.00 +-  12 *     0.00  ->      0.00        0.0000%
--  90th percentile                              ->      1.00        0.0010%  (enabled)
--  
--  BEST EDGE FILTERING
--  -------------------
--  At graph threshold 0.0300%, reads:
--    available to have edges:        44953
--    with at least one edge:         36578
--  
--  At max threshold 0.0300%, reads:  (not computed)
--    available to have edges:            0
--    with at least one edge:             0
--  
--  At tight threshold 0.0010%, reads with:
--    both edges below error threshold:     32495  (80.00% minReadsBest threshold = 29262)
--    one  edge  above error threshold:      3134
--    both edges above error threshold:       949
--    at least one edge:                    36578
--  
--  At loose threshold 0.0300%, reads with:
--    both edges below error threshold:     36578  (80.00% minReadsBest threshold = 29262)
--    one  edge  above error threshold:         0
--    both edges above error threshold:         0
--    at least one edge:                    36578
--  
--  
--  INITIAL EDGES
--  -------- ----------------------------------------
--    218390 reads are contained
--   1479755 reads have no best edges (singleton)
--       388 reads have only one best edge (spur) 
--                185 are mutual best
--     31362 reads have two best edges 
--                781 have one mutual best edge
--              30210 have two mutual best edges
--  
--  
--  FINAL EDGES
--  -------- ----------------------------------------
--    218390 reads are contained
--   1480146 reads have no best edges (singleton)
--       260 reads have only one best edge (spur) 
--                208 are mutual best
--     31099 reads have two best edges 
--                616 have one mutual best edge
--              30205 have two mutual best edges
--  
--  
--  EDGE FILTERING
--  -------- ------------------------------------------
--         0 reads are ignored
--     10446 reads have a gap in overlap coverage
--       150 reads have lopsided best edges
-- Found, in version 1, after unitig construction:
--   contigs:      63 sequences, total length 67585084 bp (including 95 repeats of total length 2111577 bp).
--   bubbles:      144 sequences, total length 3425039 bp.
--   unassembled:  19166 sequences, total length 208321197 bp.
--
-- Contig sizes based on genome size 85mbp:
--
--            NG (bp)  LG (contigs)    sum (bp)
--         ----------  ------------  ----------
--     10     6453929             2    14400590
--     20     5839649             3    20240239
--     30     4529839             5    29357201
--     40     3867507             7    37463047
--     50     3416363             9    44610149
--     60     2498302            12    52983518
--     70     1581654            16    60576264
--
-- Finished stage 'unitigCheck', reset canuIteration.
----------------------------------------
-- Starting command on Tue Jan 20 20:24:13 2026 with 4161506.468 GB free disk space

    cd unitigging
    /share/org/YZWL/yzwl_lixg/miniforge3/envs/canu_v.2.3/bin/utgcns \
      -S ../B4-10.seqStore \
      -T  ./B4-10.ctgStore 1 \
      -partition 0.8 1.5 0.1 \
    > ./B4-10.ctgStore/partitioning.log 2>&1

-- Finished on Tue Jan 20 20:24:22 2026 (9 seconds) with 4161461.234 GB free disk space
----------------------------------------
-- Using slow alignment for consensus (iteration '0').
-- Configured 10 consensus jobs.
-- Finished stage 'consensusConfigure', reset canuIteration.
--
-- Local: cns       11.750 GB    8 CPUs x  11 jobs   129.250 GB  88 CPUs  (consensus)
--
--
-- Running jobs.  First attempt out of 2.
----------------------------------------
-- Starting 'cns' concurrent execution on Tue Jan 20 20:24:22 2026 with 4161461.203 GB free disk space (10 processes; 11 concurrently)

    cd unitigging/5-consensus
    ./consensus.sh 1 > ./consensus.000001.out 2>&1
    ./consensus.sh 2 > ./consensus.000002.out 2>&1
    ./consensus.sh 3 > ./consensus.000003.out 2>&1
    ./consensus.sh 4 > ./consensus.000004.out 2>&1
    ./consensus.sh 5 > ./consensus.000005.out 2>&1
    ./consensus.sh 6 > ./consensus.000006.out 2>&1
    ./consensus.sh 7 > ./consensus.000007.out 2>&1
    ./consensus.sh 8 > ./consensus.000008.out 2>&1
    ./consensus.sh 9 > ./consensus.000009.out 2>&1
    ./consensus.sh 10 > ./consensus.000010.out 2>&1

-- Finished on Tue Jan 20 20:31:29 2026 (427 seconds) with 4160534.609 GB free disk space
----------------------------------------
-- Using slow alignment for consensus (iteration '1').
-- Configured 10 consensus jobs.
-- All 10 consensus jobs finished successfully.
-- Finished stage 'consensusCheck', reset canuIteration.
-- Using slow alignment for consensus (iteration '0').
-- Configured 10 consensus jobs.
----------------------------------------
-- Starting command on Tue Jan 20 20:31:29 2026 with 4160534.562 GB free disk space

    cd unitigging
    /share/org/YZWL/yzwl_lixg/miniforge3/envs/canu_v.2.3/bin/tgStoreLoad \
      -S ../B4-10.seqStore \
      -T  ./B4-10.ctgStore 2 \
      -L ./5-consensus/ctgcns.files \
    > ./5-consensus/ctgcns.files.ctgStoreLoad.err 2>&1

-- Finished on Tue Jan 20 20:31:30 2026 (one second) with 4160533.75 GB free disk space
----------------------------------------
----------------------------------------
-- Starting command on Tue Jan 20 20:31:30 2026 with 4160533.75 GB free disk space

    cd unitigging
    /share/org/YZWL/yzwl_lixg/miniforge3/envs/canu_v.2.3/bin/tgTigDisplay \
      -S ../B4-10.seqStore \
      -b \
      -o ../B4-10.contigs.unsorted.bam \
      -L ./5-consensus/ctgcns.files \
    > ./5-consensus/ctgcns.files.contigs.bam.err 2>&1

-- Finished on Tue Jan 20 20:34:06 2026 (156 seconds) with 4160198.921 GB free disk space
----------------------------------------
----------------------------------------
-- Starting command on Tue Jan 20 20:34:06 2026 with 4160198.921 GB free disk space

    cd .
    samtools sort \
      --write-index \
      --threads 2 \
      -o ./B4-10.contigs.bam ./B4-10.contigs.unsorted.bam \
    > ./ctgcns.bam.err 2>&1

-- Finished on Tue Jan 20 20:35:13 2026 (67 seconds) with 4160153.75 GB free disk space
----------------------------------------
-- Purging consensus output after loading to ctgStore.
-- Purged 10 .cns outputs.
----------------------------------------
-- Starting command on Tue Jan 20 20:35:13 2026 with 4160154.796 GB free disk space

    cd unitigging
    /share/org/YZWL/yzwl_lixg/miniforge3/envs/canu_v.2.3/bin/tgStoreDump \
      -S ../B4-10.seqStore \
      -T ./B4-10.ctgStore 2 \
      -sizes -s 85000000 \
    > ./B4-10.ctgStore/seqDB.v002.sizes.txt
ZERO length suplied to intervalList::add(), ignoring interval.
ZERO length suplied to intervalList::add(), ignoring interval.
ZERO length suplied to intervalList::add(), ignoring interval.
ZERO length suplied to intervalList::add(), ignoring interval.
ZERO length suplied to intervalList::add(), ignoring interval.
ZERO length suplied to intervalList::add(), ignoring interval.
ZERO length suplied to intervalList::add(), ignoring interval.
ZERO length suplied to intervalList::add(), ignoring interval.
ZERO length suplied to intervalList::add(), ignoring interval.
ZERO length suplied to intervalList::add(), ignoring interval.
ZERO length suplied to intervalList::add(), ignoring interval.
ZERO length suplied to intervalList::add(), ignoring interval.
ZERO length suplied to intervalList::add(), ignoring interval.
ZERO length suplied to intervalList::add(), ignoring interval.
ZERO length suplied to intervalList::add(), ignoring interval.

-- Finished on Tue Jan 20 20:35:14 2026 (one second) with 4160154.796 GB free disk space
----------------------------------------
-- Found, in version 2, after consensus generation:
--   contigs:      63 sequences, total length 88140311 bp (including 95 repeats of total length 2899802 bp).
--   bubbles:      144 sequences, total length 4680362 bp.
--   unassembled:  19166 sequences, total length 300215042 bp.
--
-- Contig sizes based on genome size 85mbp:
--
--            NG (bp)  LG (contigs)    sum (bp)
--         ----------  ------------  ----------
--     10    10366827             1    10366827
--     20     8381222             2    18748049
--     30     7581330             3    26329379
--     40     5923070             5    38205178
--     50     5516506             6    43721684
--     60     4860022             8    53632155
--     70     3892425            10    61982477
--     80     3251075            12    69000191
--     90     2285741            15    76809428
--    100     1422902            20    85588401
--
-- Finished stage 'consensusLoad', reset canuIteration.
----------------------------------------
-- Starting command on Tue Jan 20 20:35:14 2026 with 4160154.781 GB free disk space

    cd .
    /share/org/YZWL/yzwl_lixg/miniforge3/envs/canu_v.2.3/bin/tgStoreDump \
      -S ./B4-10.seqStore \
      -T ./unitigging/B4-10.ctgStore 2 \
      -o ./B4-10.contigs \
      -layout \
    > ./B4-10.contigs.layout.err 2>&1

-- Finished on Tue Jan 20 20:35:14 2026 (in the blink of an eye) with 4160154.734 GB free disk space
----------------------------------------
----------------------------------------
-- Starting command on Tue Jan 20 20:35:14 2026 with 4160154.734 GB free disk space

    cd .
    /share/org/YZWL/yzwl_lixg/miniforge3/envs/canu_v.2.3/bin/tgStoreDump \
      -S ./B4-10.seqStore \
      -T ./unitigging/B4-10.ctgStore 2 \
      -consensus -fasta \
      -unassembled \
    > ./B4-10.unassembled.fasta
    2> ./B4-10.unassembled.err
ZERO length suplied to intervalList::add(), ignoring interval.
ZERO length suplied to intervalList::add(), ignoring interval.
ZERO length suplied to intervalList::add(), ignoring interval.
ZERO length suplied to intervalList::add(), ignoring interval.
ZERO length suplied to intervalList::add(), ignoring interval.
ZERO length suplied to intervalList::add(), ignoring interval.
ZERO length suplied to intervalList::add(), ignoring interval.
ZERO length suplied to intervalList::add(), ignoring interval.
ZERO length suplied to intervalList::add(), ignoring interval.
ZERO length suplied to intervalList::add(), ignoring interval.
ZERO length suplied to intervalList::add(), ignoring interval.
ZERO length suplied to intervalList::add(), ignoring interval.
ZERO length suplied to intervalList::add(), ignoring interval.
ZERO length suplied to intervalList::add(), ignoring interval.
ZERO length suplied to intervalList::add(), ignoring interval.

-- Finished on Tue Jan 20 20:35:16 2026 (2 seconds) with 4160154.437 GB free disk space
----------------------------------------
----------------------------------------
-- Starting command on Tue Jan 20 20:35:16 2026 with 4160154.437 GB free disk space

    cd .
    /share/org/YZWL/yzwl_lixg/miniforge3/envs/canu_v.2.3/bin/tgStoreDump \
      -S ./B4-10.seqStore \
      -T ./unitigging/B4-10.ctgStore 2 \
      -consensus -fasta \
      -contigs \
    > ./B4-10.contigs.fasta
    2> ./B4-10.contigs.err
ZERO length suplied to intervalList::add(), ignoring interval.
ZERO length suplied to intervalList::add(), ignoring interval.
ZERO length suplied to intervalList::add(), ignoring interval.
ZERO length suplied to intervalList::add(), ignoring interval.
ZERO length suplied to intervalList::add(), ignoring interval.
ZERO length suplied to intervalList::add(), ignoring interval.
ZERO length suplied to intervalList::add(), ignoring interval.
ZERO length suplied to intervalList::add(), ignoring interval.
ZERO length suplied to intervalList::add(), ignoring interval.
ZERO length suplied to intervalList::add(), ignoring interval.
ZERO length suplied to intervalList::add(), ignoring interval.
ZERO length suplied to intervalList::add(), ignoring interval.
ZERO length suplied to intervalList::add(), ignoring interval.
ZERO length suplied to intervalList::add(), ignoring interval.
ZERO length suplied to intervalList::add(), ignoring interval.

-- Finished on Tue Jan 20 20:35:16 2026 (furiously fast) with 4159941.375 GB free disk space
----------------------------------------
-- Finished stage 'generateOutputs', reset canuIteration.
--
-- Assembly 'B4-10' finished in '/share/org/YZWL/yzwl_lixg/project/28.大豆疫霉菌三代基因组/03.hicanu/B4-10/01.raw_output'.
--
-- Summary saved in 'B4-10.report'.
--
-- Sequences saved:
--   Contigs       -> 'B4-10.contigs.fasta'
--   Unassembled   -> 'B4-10.unassembled.fasta'
--
-- Read layouts saved:
--   Contigs       -> 'B4-10.contigs.layout'.
--
-- Bye.

Job 68952654 stderr output:

