2026-01-20 18:59:10.492 - WARNING - 命令错误输出|Command stderr:
-- canu master +27 changes (r10515 2a41e933b8de6ed66723d75d36dd071b46d2c347)
--
-- CITATIONS
--
-- For assemblies of PacBio HiFi reads:
--   Nurk S, Walenz BP, Rhiea A, Vollger MR, Logsdon GA, Grothe R, Miga KH, Eichler EE, Phillippy AM, Koren S.
--   HiCanu: accurate assembly of segmental duplications, satellites, and allelic variants from high-fidelity long reads.
--   biorXiv. 2020.
--   https://doi.org/10.1101/2020.03.14.992248
-- 
-- Read and contig alignments during correction and consensus use:
--   Šošic M, Šikic M.
--   Edlib: a C/C ++ library for fast, exact sequence alignment using edit distance.
--   Bioinformatics. 2017 May 1;33(9):1394-1395.
--   http://doi.org/10.1093/bioinformatics/btw753
-- 
-- Overlaps are generated using:
--   Berlin K, et al.
--   Assembling large genomes with single-molecule sequencing and locality-sensitive hashing.
--   Nat Biotechnol. 2015 Jun;33(6):623-30.
--   http://doi.org/10.1038/nbt.3238
-- 
--   Myers EW, et al.
--   A Whole-Genome Assembly of Drosophila.
--   Science. 2000 Mar 24;287(5461):2196-204.
--   http://doi.org/10.1126/science.287.5461.2196
-- 
-- Contig consensus sequences are generated using an algorithm derived from pbdagcon:
--   Chin CS, et al.
--   Nonhybrid, finished microbial genome assemblies from long-read SMRT sequencing data.
--   Nat Methods. 2013 Jun;10(6):563-9
--   http://doi.org/10.1038/nmeth.2474
-- 
-- CONFIGURE CANU
--
-- Detected Java(TM) Runtime Environment '17.0.15-internal' (from '/share/org/YZWL/yzwl_lixg/.local/bin/java') without -d64 support.
--
-- WARNING:
-- WARNING:  Failed to run gnuplot using command 'gnuplot'.
-- WARNING:  Plots will be disabled.
-- WARNING:
--
-- Detected samtools version '1.22' / htslib version 'htscodecs=1.6.3' (from 'samtools').
--
-- Detected 88 CPUs and 503 gigabytes of memory on the local machine.
--
-- Detected Slurm with 'sinfo' binary in /opt/skyformai/bin/sinfo.
--          Slurm disabled by useGrid=false
--
-- Detected  '' with 'pbsnodes' binary in /opt/skyformai/bin/pbsnodes.
--           disabled by useGrid=false
--
-- Detected LSF with 'bsub' binary in /opt/skyformai/bin/bsub.
--          LSF disabled by useGrid=false
--
-- Local machine mode enabled; grid support not detected or not allowed.
--
-- Found trimmed raw PacBio HiFi reads in the input files.
--
--                                (tag)Concurrency
--                         (tag)Threads          |
--                (tag)Memory         |          |
--        (tag)             |         |          |       total usage      algorithm
--        -------  ----------  --------   --------  --------------------  -----------------------------
-- Local: meryl     12.000 GB    4 CPUs x  22 jobs   264.000 GB  88 CPUs  (k-mer counting)
-- Local: cormhap   13.000 GB   11 CPUs x   8 jobs   104.000 GB  88 CPUs  (overlap detection with mhap)
-- Local: obtovl     8.000 GB    8 CPUs x  11 jobs    88.000 GB  88 CPUs  (overlap detection)
-- Local: utgovl     8.000 GB    8 CPUs x  11 jobs    88.000 GB  88 CPUs  (overlap detection)
-- Local: cor        -.--- GB    4 CPUs x   - jobs     -.--- GB   - CPUs  (read correction)
-- Local: ovb        4.000 GB    1 CPU  x  88 jobs   352.000 GB  88 CPUs  (overlap store bucketizer)
-- Local: ovs        8.000 GB    1 CPU  x  62 jobs   496.000 GB  62 CPUs  (overlap store sorting)
-- Local: red       16.000 GB    4 CPUs x  22 jobs   352.000 GB  88 CPUs  (read error detection)
-- Local: oea        8.000 GB    1 CPU  x  62 jobs   496.000 GB  62 CPUs  (overlap error adjustment)
-- Local: bat       32.000 GB    8 CPUs x   1 job     32.000 GB   8 CPUs  (contig construction with bogart)
-- Local: cns        -.--- GB    8 CPUs x   - jobs     -.--- GB   - CPUs  (consensus)
--
-- Generating assembly 'A1-2' in '/share/org/YZWL/yzwl_lixg/project/28.大豆疫霉菌三代基因组/03.hicanu/A1-2/01.raw_output':
--   genomeSize:
--     85000000
--
--   Overlap Generation Limits:
--     corOvlErrorRate 0.0000 (  0.00%)
--     obtOvlErrorRate 0.0250 (  2.50%)
--     utgOvlErrorRate 0.0100 (  1.00%)
--
--   Overlap Processing Limits:
--     corErrorRate    0.0000 (  0.00%)
--     obtErrorRate    0.0250 (  2.50%)
--     utgErrorRate    0.0003 (  0.03%)
--     cnsErrorRate    0.0500 (  5.00%)
--
--   Stages to run:
--     assemble HiFi reads.
--
--
-- BEGIN STORE CREATION
----------------------------------------
-- Starting command on Tue Jan 20 17:30:51 2026 with 4191305.718 GB free disk space

    cd .
    ./A1-2.seqStore.sh \
    > ./A1-2.seqStore.err 2>&1

-- Finished on Tue Jan 20 17:37:22 2026 (391 seconds) with 4190111.828 GB free disk space
----------------------------------------
--
-- In sequence store './A1-2.seqStore':
--   Found 250152 reads.
--   Found 4250008613 bases (50 times coverage).
--    Histogram of corrected reads:
--    
--    G=4250008613                       sum of  ||               length     num
--    NG         length     index       lengths  ||                range    seqs
--    ----- ------------ --------- ------------  ||  ------------------- -------
--    00010        26765     14865    425015963  ||       1215-2555         8923|----------------------
--    00020        24939     31358    850005293  ||       2556-3896        13792|---------------------------------
--    00030        23641     48878   1275024098  ||       3897-5237        11934|-----------------------------
--    00040        22577     67283   1700014331  ||       5238-6578         9898|------------------------
--    00050        21601     86530   2125017244  ||       6579-7919         8621|---------------------
--    00060        20614    106664   2550007930  ||       7920-9260         7026|-----------------
--    00070        19476    127852   2975023264  ||       9261-10601        6253|---------------
--    00080        17857    150542   3400018734  ||      10602-11942        5470|-------------
--    00090        12017    177930   3825010900  ||      11943-13283        4663|------------
--    00100         1215    250152   4250008613  ||      13284-14624        4386|-----------
--    001.000x              250152   4250008613  ||      14625-15965        5146|-------------
--                                               ||      15966-17306        8438|--------------------
--                                               ||      17307-18647       14798|-----------------------------------
--                                               ||      18648-19988       22058|-----------------------------------------------------
--                                               ||      19989-21329       26607|---------------------------------------------------------------
--                                               ||      21330-22670       26655|---------------------------------------------------------------
--                                               ||      22671-24011       22185|-----------------------------------------------------
--                                               ||      24012-25352       16427|---------------------------------------
--                                               ||      25353-26693       11518|----------------------------
--                                               ||      26694-28034        7211|------------------
--                                               ||      28035-29375        4330|-----------
--                                               ||      29376-30716        2343|------
--                                               ||      30717-32057         988|---
--                                               ||      32058-33398         348|-
--                                               ||      33399-34739         105|-
--                                               ||      34740-36080          15|-
--                                               ||      36081-37421           4|-
--                                               ||      37422-38762           0|
--                                               ||      38763-40103           2|-
--                                               ||      40104-41444           1|-
--                                               ||      41445-42785           1|-
--                                               ||      42786-44126           0|
--                                               ||      44127-45467           2|-
--                                               ||      45468-46808           1|-
--                                               ||      46809-48149           2|-
--                                               ||      48150-49490           0|
--                                               ||      49491-50831           0|
--                                               ||      50832-52172           0|
--                                               ||      52173-53513           0|
--                                               ||      53514-54854           1|-
--    
--
-- In sequence store './A1-2.seqStore':
--   Found 250152 reads.
--   Found 4250008613 bases (50 times coverage).
--    Histogram of corrected-trimmed reads:
--    
--    G=4250008613                       sum of  ||               length     num
--    NG         length     index       lengths  ||                range    seqs
--    ----- ------------ --------- ------------  ||  ------------------- -------
--    00010        26765     14865    425015963  ||       1215-2555         8923|----------------------
--    00020        24939     31358    850005293  ||       2556-3896        13792|---------------------------------
--    00030        23641     48878   1275024098  ||       3897-5237        11934|-----------------------------
--    00040        22577     67283   1700014331  ||       5238-6578         9898|------------------------
--    00050        21601     86530   2125017244  ||       6579-7919         8621|---------------------
--    00060        20614    106664   2550007930  ||       7920-9260         7026|-----------------
--    00070        19476    127852   2975023264  ||       9261-10601        6253|---------------
--    00080        17857    150542   3400018734  ||      10602-11942        5470|-------------
--    00090        12017    177930   3825010900  ||      11943-13283        4663|------------
--    00100         1215    250152   4250008613  ||      13284-14624        4386|-----------
--    001.000x              250152   4250008613  ||      14625-15965        5146|-------------
--                                               ||      15966-17306        8438|--------------------
--                                               ||      17307-18647       14798|-----------------------------------
--                                               ||      18648-19988       22058|-----------------------------------------------------
--                                               ||      19989-21329       26607|---------------------------------------------------------------
--                                               ||      21330-22670       26655|---------------------------------------------------------------
--                                               ||      22671-24011       22185|-----------------------------------------------------
--                                               ||      24012-25352       16427|---------------------------------------
--                                               ||      25353-26693       11518|----------------------------
--                                               ||      26694-28034        7211|------------------
--                                               ||      28035-29375        4330|-----------
--                                               ||      29376-30716        2343|------
--                                               ||      30717-32057         988|---
--                                               ||      32058-33398         348|-
--                                               ||      33399-34739         105|-
--                                               ||      34740-36080          15|-
--                                               ||      36081-37421           4|-
--                                               ||      37422-38762           0|
--                                               ||      38763-40103           2|-
--                                               ||      40104-41444           1|-
--                                               ||      41445-42785           1|-
--                                               ||      42786-44126           0|
--                                               ||      44127-45467           2|-
--                                               ||      45468-46808           1|-
--                                               ||      46809-48149           2|-
--                                               ||      48150-49490           0|
--                                               ||      49491-50831           0|
--                                               ||      50832-52172           0|
--                                               ||      52173-53513           0|
--                                               ||      53514-54854           1|-
--    
--
-- Correction skipped; not enabled.
--
-- Trimming skipped; not enabled.
--
-- BEGIN ASSEMBLY
----------------------------------------
-- Starting command on Tue Jan 20 17:37:23 2026 with 4190111.781 GB free disk space

    cd unitigging/0-mercounts
    ./meryl-configure.sh \
    > ./meryl-configure.err 2>&1

-- Finished on Tue Jan 20 17:37:24 2026 (one second) with 4190111.781 GB free disk space
----------------------------------------
--  segments   memory batches
--  -------- -------- -------
--        01 10.81 GB       2
--        02  5.75 GB       2
--        04  2.97 GB       2
--        06  2.14 GB       2
--        08  1.61 GB       2
--        12  1.07 GB       2
--        16  0.81 GB       2
--        20  0.65 GB       2
--        24  0.54 GB       2
--        32  0.41 GB       2
--        40  0.32 GB       2
--        48  -.-- GB       -  (segment size too small)
--        56  -.-- GB       -  (segment size too small)
--        64  -.-- GB       -  (segment size too small)
--        96  -.-- GB       -  (segment size too small)
--
--  For 250152 reads with 4250008613 bases, limit to 42 batches.
--  Will count kmers using 01 jobs, each using 12 GB and 4 threads.
--
-- Finished stage 'merylConfigure', reset canuIteration.
--
-- Running jobs.  First attempt out of 2.
----------------------------------------
-- Starting 'meryl' concurrent execution on Tue Jan 20 17:37:24 2026 with 4190111.75 GB free disk space (1 processes; 22 concurrently)

    cd unitigging/0-mercounts
    ./meryl-count.sh 1 > ./meryl-count.000001.out 2>&1

-- Finished on Tue Jan 20 17:40:50 2026 (206 seconds) with 4189630.515 GB free disk space
----------------------------------------
-- Found 1 Kmer counting (meryl) outputs.
-- Finished stage 'utg-merylCountCheck', reset canuIteration.
--
-- Running jobs.  First attempt out of 2.
----------------------------------------
-- Starting 'meryl' concurrent execution on Tue Jan 20 17:40:50 2026 with 4189630.484 GB free disk space (1 processes; 22 concurrently)

    cd unitigging/0-mercounts
    ./meryl-process.sh 1 > ./meryl-process.000001.out 2>&1

-- Finished on Tue Jan 20 17:40:56 2026 (6 seconds) with 4189631.125 GB free disk space
----------------------------------------
-- Meryl finished successfully.  Kmer frequency histogram:
--
-- WARNING: gnuplot failed.
--
----------------------------------------
--
--  22-mers                                                                                           Fraction
--    Occurrences   NumMers                                                                         Unique Total
--       1-     1         0                                                                        0.0000 0.0000
--       2-     2    554257 **                                                                     0.0122 0.0003
--       3-     4    169347                                                                        0.0147 0.0005
--       5-     7     38280                                                                        0.0163 0.0006
--       8-    11     18302                                                                        0.0169 0.0006
--      12-    16     19600                                                                        0.0172 0.0007
--      17-    22     91659                                                                        0.0178 0.0008
--      23-    29    940556 ****                                                                   0.0207 0.0017
--      30-    37   6362351 ***************************                                            0.0480 0.0125
--      38-    46  16363392 ********************************************************************** 0.2120 0.0944
--      47-    56  13266121 ********************************************************               0.5824 0.3203
--      57-    67   2865041 ************                                                           0.8458 0.5124
--      68-    79    714725 ***                                                                    0.8973 0.5568
--      80-    92   1026168 ****                                                                   0.9131 0.5736
--      93-   106    719976 ***                                                                    0.9356 0.6012
--     107-   121    283536 *                                                                      0.9504 0.6221
--     122-   137    298437 *                                                                      0.9565 0.6319
--     138-   154    236991 *                                                                      0.9631 0.6441
--     155-   172    163226                                                                        0.9681 0.6545
--     173-   191    144481                                                                        0.9717 0.6628
--     192-   211    117769                                                                        0.9749 0.6709
--     212-   232    109167                                                                        0.9774 0.6782
--     233-   254     98658                                                                        0.9798 0.6858
--     255-   277     85383                                                                        0.9819 0.6932
--     278-   301     76035                                                                        0.9838 0.7002
--     302-   326     62621                                                                        0.9855 0.7071
--     327-   352     51806                                                                        0.9868 0.7131
--     353-   379     47698                                                                        0.9880 0.7186
--     380-   407     38061                                                                        0.9890 0.7240
--     408-   436     34787                                                                        0.9898 0.7286
--     437-   466     34861                                                                        0.9906 0.7332
--     467-   497     26957                                                                        0.9914 0.7381
--     498-   529     24772                                                                        0.9920 0.7421
--     530-   562     20473                                                                        0.9925 0.7460
--     563-   596     19635                                                                        0.9930 0.7495
--     597-   631     16442                                                                        0.9934 0.7530
--     632-   667     15513                                                                        0.9937 0.7562
--     668-   704     15160                                                                        0.9941 0.7593
--     705-   742     12292                                                                        0.9944 0.7625
--     743-   781     10972                                                                        0.9947 0.7653
--     782-   821      9674                                                                        0.9949 0.7679
--
--           0 (max occurrences)
--  3211880923 (total mers, non-unique)
--    45426034 (distinct mers, non-unique)
--           0 (unique mers)
-- Finished stage 'meryl-process', reset canuIteration.
--
-- Removing meryl database 'unitigging/0-mercounts/A1-2.ms22'.
--
-- OVERLAPPER (normal) (assembly) erate=0.01
--
----------------------------------------
-- Starting command on Tue Jan 20 17:40:56 2026 with 4189631.109 GB free disk space

    cd unitigging/1-overlapper
    /share/org/YZWL/yzwl_lixg/miniforge3/envs/canu_v.2.3/bin/overlapInCorePartition \
     -S  ../../A1-2.seqStore \
     -hl 160000000 \
     -rl 5000000000 \
     -ol 500 \
     -o  ./A1-2.partition \
    > ./A1-2.partition.err 2>&1

-- Finished on Tue Jan 20 17:40:56 2026 (like a bat out of hell) with 4189631.093 GB free disk space
----------------------------------------
--
-- Configured 21 overlapInCore jobs.
-- Finished stage 'utg-overlapConfigure', reset canuIteration.
--
-- Running jobs.  First attempt out of 2.
----------------------------------------
-- Starting 'utgovl' concurrent execution on Tue Jan 20 17:40:56 2026 with 4189631.062 GB free disk space (21 processes; 11 concurrently)

    cd unitigging/1-overlapper
    ./overlap.sh 1 > ./overlap.000001.out 2>&1
    ./overlap.sh 2 > ./overlap.000002.out 2>&1
    ./overlap.sh 3 > ./overlap.000003.out 2>&1
    ./overlap.sh 4 > ./overlap.000004.out 2>&1
    ./overlap.sh 5 > ./overlap.000005.out 2>&1
    ./overlap.sh 6 > ./overlap.000006.out 2>&1
    ./overlap.sh 7 > ./overlap.000007.out 2>&1
    ./overlap.sh 8 > ./overlap.000008.out 2>&1
    ./overlap.sh 9 > ./overlap.000009.out 2>&1
    ./overlap.sh 10 > ./overlap.000010.out 2>&1
    ./overlap.sh 11 > ./overlap.000011.out 2>&1
    ./overlap.sh 12 > ./overlap.000012.out 2>&1
    ./overlap.sh 13 > ./overlap.000013.out 2>&1
    ./overlap.sh 14 > ./overlap.000014.out 2>&1
    ./overlap.sh 15 > ./overlap.000015.out 2>&1
    ./overlap.sh 16 > ./overlap.000016.out 2>&1
    ./overlap.sh 17 > ./overlap.000017.out 2>&1
    ./overlap.sh 18 > ./overlap.000018.out 2>&1
    ./overlap.sh 19 > ./overlap.000019.out 2>&1
    ./overlap.sh 20 > ./overlap.000020.out 2>&1
    ./overlap.sh 21 > ./overlap.000021.out 2>&1

-- Finished on Tue Jan 20 18:05:01 2026 (1445 seconds) with 4185169.265 GB free disk space
----------------------------------------
-- Found 21 overlapInCore output files.
--
-- overlapInCore compute 'unitigging/1-overlapper':
--   kmer hits
--     with no overlap       1210282265  88.8095238 +- 36120516.326
--     with an overlap         24823194  6.85714286 +- 652826.951
--
--   overlaps                  24823194  6.85714286 +- 652826.951
--     contained                6184810  .761904762 +- 160233.178
--     dovetail                18638384  .095238095 +- 497649.212
--
--   overlaps rejected
--     multiple per pair              0           0 +- 0
--     bad short window               0           0 +- 0
--     bad long window                0           0 +- 0
-- Finished stage 'utg-overlapCheck', reset canuIteration.
----------------------------------------
-- Starting command on Tue Jan 20 18:05:01 2026 with 4185169.25 GB free disk space

    cd unitigging
    /share/org/YZWL/yzwl_lixg/miniforge3/envs/canu_v.2.3/bin/ovStoreConfig \
     -S ../A1-2.seqStore \
     -M 4-8 \
     -L ./1-overlapper/ovljob.files \
     -create ./A1-2.ovlStore.config \
     > ./A1-2.ovlStore.config.txt \
    2> ./A1-2.ovlStore.config.err

-- Finished on Tue Jan 20 18:05:01 2026 (furiously fast) with 4185169.234 GB free disk space
----------------------------------------
--
-- Creating overlap store unitigging/A1-2.ovlStore using:
--      1 bucket
--      1 slice
--        using at most 2 GB memory each
--
-- Running jobs.  First attempt out of 2.
----------------------------------------
-- Starting 'ovS' concurrent execution on Tue Jan 20 18:05:01 2026 with 4185169.218 GB free disk space (1 processes; 62 concurrently)

    cd unitigging
    ./A1-2.ovlStore.sh 1 > ./A1-2.ovlStore.000001.out 2>&1

-- Finished on Tue Jan 20 18:05:13 2026 (12 seconds) with 4185168.093 GB free disk space
----------------------------------------
-- Checking store.
----------------------------------------
-- Starting command on Tue Jan 20 18:05:13 2026 with 4185168.093 GB free disk space

    cd unitigging
    /share/org/YZWL/yzwl_lixg/miniforge3/envs/canu_v.2.3/bin/ovStoreDump \
     -S ../A1-2.seqStore \
     -O  ./A1-2.ovlStore \
     -counts \
     > ./A1-2.ovlStore/counts.dat 2> ./A1-2.ovlStore/counts.err

-- Finished on Tue Jan 20 18:05:13 2026 (fast as lightning) with 4185168.062 GB free disk space
----------------------------------------
--
-- Overlap store 'unitigging/A1-2.ovlStore' successfully constructed.
-- Found 49646388 overlaps for 238531 reads; 1266706 reads have no overlaps.
--
--
-- Purged 0.541 GB in 63 overlap output files.
----------------------------------------
-- Starting command on Tue Jan 20 18:05:14 2026 with 4185168.062 GB free disk space

    cd unitigging
    /share/org/YZWL/yzwl_lixg/miniforge3/envs/canu_v.2.3/bin/ovStoreStats \
     -C 50 \
     -S ../A1-2.seqStore \
     -O  ./A1-2.ovlStore \
     -o  ./A1-2.ovlStore \
     > ./A1-2.ovlStore.summary.err 2>&1

-- Finished on Tue Jan 20 18:05:21 2026 (7 seconds) with 4185168.046 GB free disk space
----------------------------------------
--
-- Overlap store 'unitigging/A1-2.ovlStore' contains:
--
--   category            reads     %          read length        feature size or coverage  analysis
--   ----------------  -------  -------  ----------------------  ------------------------  --------------------
--   middle-missing        123    0.05    15789.30 +- 6883.80       1265.92 +- 2293.21    (bad trimming)
--   middle-hump            24    0.01    17148.33 +- 3813.40       7779.42 +- 4755.79    (bad trimming)
--   no-5-prime            674    0.27    14346.80 +- 5445.60       2131.71 +- 3230.25    (bad trimming)
--   no-3-prime            862    0.34    12847.30 +- 6551.39       1925.70 +- 2999.09    (bad trimming)
--   
--   low-coverage         2193    0.88    11726.05 +- 5830.08          6.01 +- 3.67       (easy to assemble, potential for lower quality consensus)
--   unique             198361   79.30    13058.91 +- 6094.93         44.78 +- 8.42       (easy to assemble, perfect, yay)
--   repeat-cont         14073    5.63    10600.42 +- 5548.78       1159.84 +- 826.87     (potential for consensus errors, no impact on assembly)
--   repeat-dove           174    0.07    20550.38 +- 1971.04        705.39 +- 701.87     (hard to assemble, likely won't assemble correctly or even at all)
--   
--   span-repeat          3066    1.23    14753.60 +- 4871.28       3936.38 +- 4262.97    (read spans a large repeat, usually easy to assemble)
--   uniq-repeat-cont    13173    5.27    13380.28 +- 4906.07                             (should be uniquely placed, low potential for consensus errors, no impact on assembly)
--   uniq-repeat-dove     3023    1.21    19306.10 +- 2360.72                             (will end contigs, potential to misassemble)
--   uniq-anchor          2785    1.11    14053.47 +- 4997.04       8174.03 +- 5254.06    (repeat read, with unique section, probable bad read)
-- Finished stage 'utg-createOverlapStore', reset canuIteration.
--
-- Loading read lengths.
-- Loading number of overlaps per read.
--
-- Configure RED for 16gb memory.
--                   Batches of at most (unlimited) reads.
--                                      500000000 bases.
--                   Expecting evidence of at most 536870912 bases per iteration.
--
--           Total                                               Reads                 Olaps Evidence
--    Job   Memory      Read Range         Reads        Bases   Memory        Olaps   Memory   Memory  (Memory in MB)
--   ---- -------- ------------------- --------- ------------ -------- ------------ -------- --------
--      1 16386.09         1-32883          5468    108950441 13299.79      1250294    14.31  1024.00
--      2 16386.28     32884-74529          6896    108954745 13300.36      1216947    13.93  1024.00
--      3 16384.18     74530-107235         5469    108944252 13299.03      1149171    13.15  1024.00
--      4 16385.00    107236-141612         5725    108920025 13296.08      1478232    16.92  1024.00
--      5 16384.68    141613-184443         7063    108978854 13303.31       818765     9.37  1024.00
--      6 16384.84    184444-227425         7133    108925326 13296.77      1403761    16.06  1024.00
--      7 16384.16    227426-260813         5563    108885402 13291.85      1774413    20.31  1024.00
--      8 16385.58    260814-299335         6321    108985484 13304.09       828985     9.49  1024.00
--      9 16385.47    299336-347819         8180    108928308 13297.17      1424217    16.30  1024.00
--     10 16384.73    347820-380648         5473    108916564 13295.65      1492291    17.08  1024.00
--     11 16385.32    380649-416533         5877    108955938 13300.47      1123019    12.85  1024.00
--     12 16386.63    416534-469176         8670    108920496 13296.23      1607815    18.40  1024.00
--     13 16385.03    469177-501416         5416    108969756 13302.14       951020    10.88  1024.00
--     14 16384.74    501417-535147         5703    108895541 13293.09      1716574    19.64  1024.00
--     15 16385.73    535148-578650         7042    108990993 13304.79       781287     8.94  1024.00
--     16 16386.17    578651-622625         7344    108931874 13297.58      1449462    16.59  1024.00
--     17 16384.38    622626-656323         5581    108896292 13293.18      1677339    19.20  1024.00
--     18 16386.62    656324-693098         6221    108971540 13302.39      1068993    12.23  1024.00
--     19 16384.75    693099-743996         8481    108896524 13293.30      1699259    19.45  1024.00
--     20 16386.04    743997-776897         5489    108933883 13297.77      1422340    16.28  1024.00
--     21 16384.63    776898-811742         5780    108955014 13300.35      1072806    12.28  1024.00
--     22 16384.23    811743-860693         8104    108905336 13294.36      1561212    17.87  1024.00
--     23 16385.72    860694-894479         5598    108970930 13302.29       999011    11.43  1024.00
--     24 16384.32    894480-927454         5572    108905065 13294.25      1578526    18.06  1024.00
--     25 16384.77    927455-967329         6478    108987157 13304.30       739777     8.47  1024.00
--     26 16385.18    967330-1010757        7251    108920308 13296.16      1486648    17.01  1024.00
--     27 16384.39   1010758-1043749        5453    108916605 13295.66      1462057    16.73  1024.00
--     28 16384.04   1043750-1079567        5876    108960382 13301.01       963800    11.03  1024.00
--     29 16387.43   1079568-1127563        7949    108949341 13299.73      1371765    15.70  1024.00
--     30 16385.82   1127564-1160353        5344    108951518 13299.91      1215065    13.91  1024.00
--     31 16385.41   1160354-1194001        5631    108958421 13300.77      1104594    12.64  1024.00
--     32 16384.14   1194002-1236030        7069    108977444 13303.13       787187     9.01  1024.00
--     33 16385.67   1236031-1274344        6401    108949405 13299.69      1221814    13.98  1024.00
--     34 16385.85   1274345-1307107        5456    108919604 13296.02      1558078    17.83  1024.00
--     35 16384.18   1307108-1343973        6111    108975093 13302.82       818481     9.37  1024.00
--     36 16386.21   1343974-1389044        7601    108937470 13298.27      1392421    15.93  1024.00
--     37 16384.66   1389045-1421824        5422    108919977 13296.07      1450418    16.60  1024.00
--     38 16384.44   1421825-1456562        5783    108953773 13300.20      1069614    12.24  1024.00
--     39 16386.08   1456563-1504557        8057    108931407 13297.54      1445286    16.54  1024.00
--     40  3232.33   1504558-1505237         101      1312125   160.17        13644     0.16  1024.00
--   ---- -------- ------------------- --------- ------------ -------- ------------ -------- --------
--                                                 4250008613              49646388
-- Finished stage 'readErrorDetectionConfigure', reset canuIteration.
--
-- Running jobs.  First attempt out of 2.
----------------------------------------
-- Starting 'red' concurrent execution on Tue Jan 20 18:05:26 2026 with 4185168 GB free disk space (40 processes; 22 concurrently)

    cd unitigging/3-overlapErrorAdjustment
    ./red.sh 1 > ./red.000001.out 2>&1
    ./red.sh 2 > ./red.000002.out 2>&1
    ./red.sh 3 > ./red.000003.out 2>&1
    ./red.sh 4 > ./red.000004.out 2>&1
    ./red.sh 5 > ./red.000005.out 2>&1
    ./red.sh 6 > ./red.000006.out 2>&1
    ./red.sh 7 > ./red.000007.out 2>&1
    ./red.sh 8 > ./red.000008.out 2>&1
    ./red.sh 9 > ./red.000009.out 2>&1
    ./red.sh 10 > ./red.000010.out 2>&1
    ./red.sh 11 > ./red.000011.out 2>&1
    ./red.sh 12 > ./red.000012.out 2>&1
    ./red.sh 13 > ./red.000013.out 2>&1
    ./red.sh 14 > ./red.000014.out 2>&1
    ./red.sh 15 > ./red.000015.out 2>&1
    ./red.sh 16 > ./red.000016.out 2>&1
    ./red.sh 17 > ./red.000017.out 2>&1
    ./red.sh 18 > ./red.000018.out 2>&1
    ./red.sh 19 > ./red.000019.out 2>&1
    ./red.sh 20 > ./red.000020.out 2>&1
    ./red.sh 21 > ./red.000021.out 2>&1
    ./red.sh 22 > ./red.000022.out 2>&1
    ./red.sh 23 > ./red.000023.out 2>&1
    ./red.sh 24 > ./red.000024.out 2>&1
    ./red.sh 25 > ./red.000025.out 2>&1
    ./red.sh 26 > ./red.000026.out 2>&1
    ./red.sh 27 > ./red.000027.out 2>&1
    ./red.sh 28 > ./red.000028.out 2>&1
    ./red.sh 29 > ./red.000029.out 2>&1
    ./red.sh 30 > ./red.000030.out 2>&1
    ./red.sh 31 > ./red.000031.out 2>&1
    ./red.sh 32 > ./red.000032.out 2>&1
    ./red.sh 33 > ./red.000033.out 2>&1
    ./red.sh 34 > ./red.000034.out 2>&1
    ./red.sh 35 > ./red.000035.out 2>&1
    ./red.sh 36 > ./red.000036.out 2>&1
    ./red.sh 37 > ./red.000037.out 2>&1
    ./red.sh 38 > ./red.000038.out 2>&1
    ./red.sh 39 > ./red.000039.out 2>&1
    ./red.sh 40 > ./red.000040.out 2>&1

-- Finished on Tue Jan 20 18:16:28 2026 (662 seconds) with 4182477.234 GB free disk space
----------------------------------------
-- Found 40 read error detection output files.
-- Finished stage 'readErrorDetectionCheck', reset canuIteration.
--
-- Loading read lengths.
-- Loading number of overlaps per read.
--
-- Configure OEA for 8gb memory.
--                   Batches of at most (unlimited) reads.
--                                      300000000 bases.
--
--           Total                                               Reads                 Olaps  Adjusts
--    Job   Memory      Read Range         Reads        Bases   Memory        Olaps   Memory   Memory  (Memory in MB)
--   ---- -------- ------------------- --------- ------------ -------- ------------ -------- --------
--      1  2795.60         1-98909         16463    300008653   294.61      2912569    88.88   364.10
--      2  2832.21     98910-211478        18661    300003945   294.68      4110234   125.43   364.10
--      3  2801.57    211479-312847        16859    300011701   294.63      3107850    94.84   364.10
--      4  2824.13    312848-417149        17291    300006344   294.64      3846756   117.39   364.10
--      5  2828.64    417150-527020        18345    300013673   294.68      3993250   121.86   364.10
--      6  2819.93    527021-639888        18597    300010077   294.68      3707786   113.15   364.10
--      7  2810.47    639889-752876        18903    300001903   294.68      3397714   103.69   364.10
--      8  2827.51    752877-862919        18223    300022191   294.68      3956198   120.73   364.10
--      9  2801.18    862920-957673        15711    300023985   294.60      3095757    94.48   364.10
--     10  2820.69    957674-1062391       17388    300009524   294.64      3733827   113.95   364.10
--     11  2803.24   1062392-1169604       17701    300023207   294.66      3161344    96.48   364.10
--     12  2795.26   1169605-1275878       17722    300018833   294.66      2899770    88.49   364.10
--     13  2817.41   1275879-1382854       17889    300020960   294.67      3625621   110.65   364.10
--     14  2799.66   1382855-1478741       16002    300007631   294.60      3046018    92.96   364.10
--     15  2499.85   1478742-1505237        4397     49825986    55.65      1051694    32.10   364.10
--   ---- -------- ------------------- --------- ------------ -------- ------------ -------- --------
--                                                 4250008613              49646388
-- Finished stage 'overlapErrorAdjustmentConfigure', reset canuIteration.
--
-- Running jobs.  First attempt out of 2.
----------------------------------------
-- Starting 'oea' concurrent execution on Tue Jan 20 18:16:34 2026 with 4182477.156 GB free disk space (15 processes; 62 concurrently)

    cd unitigging/3-overlapErrorAdjustment
    ./oea.sh 1 > ./oea.000001.out 2>&1
    ./oea.sh 2 > ./oea.000002.out 2>&1
    ./oea.sh 3 > ./oea.000003.out 2>&1
    ./oea.sh 4 > ./oea.000004.out 2>&1
    ./oea.sh 5 > ./oea.000005.out 2>&1
    ./oea.sh 6 > ./oea.000006.out 2>&1
    ./oea.sh 7 > ./oea.000007.out 2>&1
    ./oea.sh 8 > ./oea.000008.out 2>&1
    ./oea.sh 9 > ./oea.000009.out 2>&1
    ./oea.sh 10 > ./oea.000010.out 2>&1
    ./oea.sh 11 > ./oea.000011.out 2>&1
    ./oea.sh 12 > ./oea.000012.out 2>&1
    ./oea.sh 13 > ./oea.000013.out 2>&1
    ./oea.sh 14 > ./oea.000014.out 2>&1
    ./oea.sh 15 > ./oea.000015.out 2>&1

-- Finished on Tue Jan 20 18:47:08 2026 (1834 seconds) with 4176970.375 GB free disk space
----------------------------------------
-- Found 15 overlap error adjustment output files.
-- Finished stage 'overlapErrorAdjustmentCheck', reset canuIteration.
----------------------------------------
-- Starting command on Tue Jan 20 18:47:08 2026 with 4176970.359 GB free disk space

    cd unitigging/3-overlapErrorAdjustment
    /share/org/YZWL/yzwl_lixg/miniforge3/envs/canu_v.2.3/bin/loadErates \
      -S ../../A1-2.seqStore \
      -O ../A1-2.ovlStore \
      -L ./oea.files \
    > ./oea.apply.err 2>&1

-- Finished on Tue Jan 20 18:47:08 2026 (lickety-split) with 4176970.25 GB free disk space
----------------------------------------
-- No report available.
-- Finished stage 'updateOverlapStore', reset canuIteration.
-- Finished stage 'unitig', reset canuIteration.
--
-- Running jobs.  First attempt out of 2.
----------------------------------------
-- Starting 'bat' concurrent execution on Tue Jan 20 18:47:08 2026 with 4176970.203 GB free disk space (1 processes; 1 concurrently)

    cd unitigging/4-unitigger
    ./unitigger.sh 1 > ./unitigger.000001.out 2>&1

-- Finished on Tue Jan 20 18:47:22 2026 (14 seconds) with 4176909.953 GB free disk space
----------------------------------------
-- Unitigger finished successfully.
--  
--  ERROR RATES
--  -----------
--                                                   --------threshold------
--  271835                       fraction error      fraction        percent
--  samples                              (1e-5)         error          error
--                   --------------------------      --------       --------
--  command line (-eg)                           ->     30.00        0.0300%
--  command line (-ef)                           ->  -----.--      ---.----%
--  command line (-eM)                           ->     30.00        0.0300%
--  mean + std.dev       0.45 +-  12 *     3.08  ->     37.37        0.0374%
--  median + mad         0.00 +-  12 *     0.00  ->      0.00        0.0000%
--  90th percentile                              ->      1.00        0.0010%  (enabled)
--  
--  BEST EDGE FILTERING
--  -------------------
--  At graph threshold 0.0300%, reads:
--    available to have edges:        55107
--    with at least one edge:         40581
--  
--  At max threshold 0.0300%, reads:
--    available to have edges:        55107
--    with at least one edge:         40581
--  
--  At tight threshold 0.0010%, reads with:
--    both edges below error threshold:     35671  (80.00% minReadsBest threshold = 32464)
--    one  edge  above error threshold:      3626
--    both edges above error threshold:      1284
--    at least one edge:                    40581
--  
--  At loose threshold 0.0300%, reads with:
--    both edges below error threshold:     40581  (80.00% minReadsBest threshold = 32464)
--    one  edge  above error threshold:         0
--    both edges above error threshold:         0
--    at least one edge:                    40581
--  
--  
--  INITIAL EDGES
--  -------- ----------------------------------------
--    190162 reads are contained
--   1280823 reads have no best edges (singleton)
--       345 reads have only one best edge (spur) 
--                192 are mutual best
--     33907 reads have two best edges 
--                680 have one mutual best edge
--              32945 have two mutual best edges
--  
--  
--  FINAL EDGES
--  -------- ----------------------------------------
--    190162 reads are contained
--   1281129 reads have no best edges (singleton)
--       239 reads have only one best edge (spur) 
--                200 are mutual best
--     33707 reads have two best edges 
--                556 have one mutual best edge
--              32953 have two mutual best edges
--  
--  
--  EDGE FILTERING
--  -------- ------------------------------------------
--         0 reads are ignored
--     10382 reads have a gap in overlap coverage
--       132 reads have lopsided best edges
-- Found, in version 1, after unitig construction:
--   contigs:      75 sequences, total length 67962096 bp (including 91 repeats of total length 2103887 bp).
--   bubbles:      138 sequences, total length 3485439 bp.
--   unassembled:  26604 sequences, total length 328319829 bp.
--
-- Contig sizes based on genome size 85mbp:
--
--            NG (bp)  LG (contigs)    sum (bp)
--         ----------  ------------  ----------
--     10     8521156             1     8521156
--     20     6123960             3    21646177
--     30     4491791             4    26137968
--     40     3884175             6    34431119
--     50     3001212             9    44283684
--     60     2335169            12    51588988
--     70     1309222            17    60356769
--
-- Finished stage 'unitigCheck', reset canuIteration.
----------------------------------------
-- Starting command on Tue Jan 20 18:47:22 2026 with 4176909.937 GB free disk space

    cd unitigging
    /share/org/YZWL/yzwl_lixg/miniforge3/envs/canu_v.2.3/bin/utgcns \
      -S ../A1-2.seqStore \
      -T  ./A1-2.ctgStore 1 \
      -partition 0.8 1.5 0.1 \
    > ./A1-2.ctgStore/partitioning.log 2>&1

-- Finished on Tue Jan 20 18:47:31 2026 (9 seconds) with 4176908.734 GB free disk space
----------------------------------------
-- Using slow alignment for consensus (iteration '0').
-- Configured 10 consensus jobs.
-- Finished stage 'consensusConfigure', reset canuIteration.
--
-- Local: cns       12.625 GB    8 CPUs x  11 jobs   138.875 GB  88 CPUs  (consensus)
--
--
-- Running jobs.  First attempt out of 2.
----------------------------------------
-- Starting 'cns' concurrent execution on Tue Jan 20 18:47:31 2026 with 4176908.703 GB free disk space (10 processes; 11 concurrently)

    cd unitigging/5-consensus
    ./consensus.sh 1 > ./consensus.000001.out 2>&1
    ./consensus.sh 2 > ./consensus.000002.out 2>&1
    ./consensus.sh 3 > ./consensus.000003.out 2>&1
    ./consensus.sh 4 > ./consensus.000004.out 2>&1
    ./consensus.sh 5 > ./consensus.000005.out 2>&1
    ./consensus.sh 6 > ./consensus.000006.out 2>&1
    ./consensus.sh 7 > ./consensus.000007.out 2>&1
    ./consensus.sh 8 > ./consensus.000008.out 2>&1
    ./consensus.sh 9 > ./consensus.000009.out 2>&1
    ./consensus.sh 10 > ./consensus.000010.out 2>&1

-- Finished on Tue Jan 20 18:55:20 2026 (469 seconds) with 4175897.718 GB free disk space
----------------------------------------
-- Using slow alignment for consensus (iteration '1').
-- Configured 10 consensus jobs.
-- All 10 consensus jobs finished successfully.
-- Finished stage 'consensusCheck', reset canuIteration.
-- Using slow alignment for consensus (iteration '0').
-- Configured 10 consensus jobs.
----------------------------------------
-- Starting command on Tue Jan 20 18:55:21 2026 with 4175897.671 GB free disk space

    cd unitigging
    /share/org/YZWL/yzwl_lixg/miniforge3/envs/canu_v.2.3/bin/tgStoreLoad \
      -S ../A1-2.seqStore \
      -T  ./A1-2.ctgStore 2 \
      -L ./5-consensus/ctgcns.files \
    > ./5-consensus/ctgcns.files.ctgStoreLoad.err 2>&1

-- Finished on Tue Jan 20 18:55:22 2026 (one second) with 4175896.578 GB free disk space
----------------------------------------
----------------------------------------
-- Starting command on Tue Jan 20 18:55:22 2026 with 4175896.578 GB free disk space

    cd unitigging
    /share/org/YZWL/yzwl_lixg/miniforge3/envs/canu_v.2.3/bin/tgTigDisplay \
      -S ../A1-2.seqStore \
      -b \
      -o ../A1-2.contigs.unsorted.bam \
      -L ./5-consensus/ctgcns.files \
    > ./5-consensus/ctgcns.files.contigs.bam.err 2>&1

-- Finished on Tue Jan 20 18:58:01 2026 (159 seconds) with 4175456.593 GB free disk space
----------------------------------------
----------------------------------------
-- Starting command on Tue Jan 20 18:58:01 2026 with 4175456.593 GB free disk space

    cd .
    samtools sort \
      --write-index \
      --threads 2 \
      -o ./A1-2.contigs.bam ./A1-2.contigs.unsorted.bam \
    > ./ctgcns.bam.err 2>&1

-- Finished on Tue Jan 20 18:59:06 2026 (65 seconds) with 4175410.89 GB free disk space
----------------------------------------
-- Purging consensus output after loading to ctgStore.
-- Purged 10 .cns outputs.
----------------------------------------
-- Starting command on Tue Jan 20 18:59:06 2026 with 4175413.953 GB free disk space

    cd unitigging
    /share/org/YZWL/yzwl_lixg/miniforge3/envs/canu_v.2.3/bin/tgStoreDump \
      -S ../A1-2.seqStore \
      -T ./A1-2.ctgStore 2 \
      -sizes -s 85000000 \
    > ./A1-2.ctgStore/seqDB.v002.sizes.txt
ZERO length suplied to intervalList::add(), ignoring interval.
ZERO length suplied to intervalList::add(), ignoring interval.
ZERO length suplied to intervalList::add(), ignoring interval.
ZERO length suplied to intervalList::add(), ignoring interval.
ZERO length suplied to intervalList::add(), ignoring interval.

-- Finished on Tue Jan 20 18:59:07 2026 (one second) with 4175413.953 GB free disk space
----------------------------------------
-- Found, in version 2, after consensus generation:
--   contigs:      75 sequences, total length 88660022 bp (including 91 repeats of total length 2936172 bp).
--   bubbles:      138 sequences, total length 4708893 bp.
--   unassembled:  26604 sequences, total length 451070134 bp.
--
-- Contig sizes based on genome size 85mbp:
--
--            NG (bp)  LG (contigs)    sum (bp)
--         ----------  ------------  ----------
--     10    11074377             1    11074377
--     20     9100867             2    20175244
--     30     7951389             3    28126633
--     40     5758481             5    39741609
--     50     5043866             6    44785475
--     60     4357637             8    53711266
--     70     3242083            10    60870380
--     80     2801648            13    69951307
--     90     2017184            16    76869192
--    100      761019            22    85234290
--
-- Finished stage 'consensusLoad', reset canuIteration.
----------------------------------------
-- Starting command on Tue Jan 20 18:59:07 2026 with 4175413.937 GB free disk space

    cd .
    /share/org/YZWL/yzwl_lixg/miniforge3/envs/canu_v.2.3/bin/tgStoreDump \
      -S ./A1-2.seqStore \
      -T ./unitigging/A1-2.ctgStore 2 \
      -o ./A1-2.contigs \
      -layout \
    > ./A1-2.contigs.layout.err 2>&1

-- Finished on Tue Jan 20 18:59:07 2026 (furiously fast) with 4175413.906 GB free disk space
----------------------------------------
----------------------------------------
-- Starting command on Tue Jan 20 18:59:07 2026 with 4175413.906 GB free disk space

    cd .
    /share/org/YZWL/yzwl_lixg/miniforge3/envs/canu_v.2.3/bin/tgStoreDump \
      -S ./A1-2.seqStore \
      -T ./unitigging/A1-2.ctgStore 2 \
      -consensus -fasta \
      -unassembled \
    > ./A1-2.unassembled.fasta
    2> ./A1-2.unassembled.err
ZERO length suplied to intervalList::add(), ignoring interval.
ZERO length suplied to intervalList::add(), ignoring interval.
ZERO length suplied to intervalList::add(), ignoring interval.
ZERO length suplied to intervalList::add(), ignoring interval.
ZERO length suplied to intervalList::add(), ignoring interval.

-- Finished on Tue Jan 20 18:59:09 2026 (2 seconds) with 4175413.468 GB free disk space
----------------------------------------
----------------------------------------
-- Starting command on Tue Jan 20 18:59:09 2026 with 4175413.468 GB free disk space

    cd .
    /share/org/YZWL/yzwl_lixg/miniforge3/envs/canu_v.2.3/bin/tgStoreDump \
      -S ./A1-2.seqStore \
      -T ./unitigging/A1-2.ctgStore 2 \
      -consensus -fasta \
      -contigs \
    > ./A1-2.contigs.fasta
    2> ./A1-2.contigs.err
ZERO length suplied to intervalList::add(), ignoring interval.
ZERO length suplied to intervalList::add(), ignoring interval.
ZERO length suplied to intervalList::add(), ignoring interval.
ZERO length suplied to intervalList::add(), ignoring interval.
ZERO length suplied to intervalList::add(), ignoring interval.

-- Finished on Tue Jan 20 18:59:10 2026 (one second) with 4175413.359 GB free disk space
----------------------------------------
-- Finished stage 'generateOutputs', reset canuIteration.
--
-- Assembly 'A1-2' finished in '/share/org/YZWL/yzwl_lixg/project/28.大豆疫霉菌三代基因组/03.hicanu/A1-2/01.raw_output'.
--
-- Summary saved in 'A1-2.report'.
--
-- Sequences saved:
--   Contigs       -> 'A1-2.contigs.fasta'
--   Unassembled   -> 'A1-2.unassembled.fasta'
--
-- Read layouts saved:
--   Contigs       -> 'A1-2.contigs.layout'.
--
-- Bye.

Job 68952619 stderr output:

