2026-02-03 15:37:00.619 - INFO - 开始VCF PCA分析流程|Starting VCF PCA analysis pipeline
2026-02-03 15:37:00.619 - INFO - VCF文件|VCF file: /share/org/YZWL/yzwl_lixg/project/21.野生大豆群体/05.所有样品/23.kmerGWAS_实验室流程/02.kmer2vcf_快速模式/kmer.vcf.gz
2026-02-03 15:37:00.619 - INFO - 输出目录|Output directory: /share/org/YZWL/yzwl_lixg/project/21.野生大豆群体/05.所有样品/23.kmerGWAS_实验室流程/03.pca
2026-02-03 15:37:00.619 - INFO - 检查依赖软件|Checking dependencies
2026-02-03 15:37:02.534 - INFO - PLINK 可用|available
2026-02-03 15:37:03.679 - INFO - BCFtools 可用|available
2026-02-03 15:37:03.679 - INFO - ============================================================
2026-02-03 15:37:03.679 - INFO - 步骤1: VCF转PLINK格式|Step 1: VCF to PLINK conversion
2026-02-03 15:37:03.679 - INFO - ============================================================
2026-02-03 15:37:03.679 - INFO - 获取VCF文件统计信息|Getting VCF file statistics
2026-02-03 22:34:55.130 - INFO - VCF统计|VCF statistics: 181 样本|samples, 4188800587 变异|variants
2026-02-03 22:34:55.131 - INFO - 开始处理包含 181 个样本和 4188800587 个变异的VCF文件
2026-02-03 22:34:55.278 - INFO - 输出目录可写|Output directory is writable: .
2026-02-03 22:34:55.278 - INFO - 执行步骤|Executing step: VCF转换为PLINK格式|Convert VCF to PLINK format
2026-02-03 22:34:55.278 - INFO - 命令|Command: plink --vcf /share/org/YZWL/yzwl_lixg/project/21.野生大豆群体/05.所有样品/23.kmerGWAS_实验室流程/02.kmer2vcf_快速模式/kmer.vcf.gz --make-bed --out /share/org/YZWL/yzwl_lixg/project/21.野生大豆群体/05.所有样品/23.kmerGWAS_实验室流程/03.pca/vcf_pca --allow-extra-chr --double-id
2026-02-03 22:34:55.278 - INFO - 工作目录|Working directory: /share/org/YZWL/yzwl_lixg/project/21.野生大豆群体/05.所有样品/23.kmerGWAS_实验室流程/03.pca
2026-02-03 22:34:58.517 - ERROR - 命令执行失败|Command execution failed: VCF转换为PLINK格式|Convert VCF to PLINK format
2026-02-03 22:34:58.518 - ERROR - 错误代码|Error code: 3
2026-02-03 22:34:58.518 - ERROR - 错误信息|Error message: Error: Invalid chromosome code 'chr27' on line 17367639 of .vcf file.
(This is disallowed for humans.  Check if the problem is with your data, or if
you forgot to define a different chromosome set with e.g. --chr-set.)

2026-02-03 22:34:58.518 - ERROR - 标准输出|Stdout: PLINK v1.9.0-b.8 64-bit (22 Oct 2024)              cog-genomics.org/plink/1.9/
(C) 2005-2024 Shaun Purcell, Christopher Chang   GNU General Public License v3
Logging to /share/org/YZWL/yzwl_lixg/project/21.野生大豆群体/05.所有样品/23.kmerGWAS_实验室流程/03.pca/vcf_pca.log.
Options in effect:
  --allow-extra-chr
  --double-id
  --make-bed
  --out /share/org/YZWL/yzwl_lixg/project/21.野生大豆群体/05.所有样品/23.kmerGWAS_实验室流程/03.pca/vcf_pca
  --vcf /share/org/YZWL/yzwl_lixg/project/21.野生大豆群体/05.所有样品/23.kmerGWAS_实验室流程/02.kmer2vcf_快速模式/kmer.vcf.gz

515165 MB RAM detected; reserving 257582 MB for main workspace.

--vcf: 1k variants complete.
--vcf: 2k variants complete.
--vcf: 3k variants complete.
--vcf: 4k variants complete.
--vcf: 5k variants complete.
--vcf: 6k variants complete.
--vcf: 7k variants complete.
--vcf: 8k variants complete.
--vcf: 9k variants complete.
--vcf: 10k variants complete.
--vcf: 11k variants complete.
--vcf: 12k variants complete.
--vcf: 13k variants complete.
--vcf: 14k variants complete.
--vcf: 15k variants complete.
--vcf: 16k variants complete.
--vcf: 17k variants complete.
--vcf: 18k variants complete.
--vcf: 19k variants complete.
--vcf: 20k variants complete.
--vcf: 21k variants complete.
--vcf: 22k variants complete.
--vcf: 23k variants complete.
--vcf: 24k variants complete.
--vcf: 25k variants complete.

2026-02-03 22:34:58.518 - ERROR - 分析流程在执行过程中意外终止|Analysis pipeline terminated unexpectedly: VCF转换失败|VCF conversion failed
